1000, 478, 1, 0
2000, 485, 1, 0
3000, 483, 1, 0
4000, 487, 1, 0
5000, 488, 1, 0
6000, 487, 1, 0
7000, 488, 1, 0
8000, 485, 1, 0
9000, 488, 1, 0
10000, 486, 1, 0
11000, 482, 1, 0
12000, 484, 1, 0
13000, 482, 1, 0
14000, 478, 1, 0
15000, 487, 1, 0
16000, 486, 1, 0
17000, 488, 1, 0
18000, 487, 1, 0
19000, 487, 1, 0
20000, 486, 1, 0
21000, 480, 1, 0
22000, 488, 1, 0
23000, 494, 1, 0
24000, 484, 1, 0
25000, 482, 1, 0
26000, 488, 1, 0
27000, 486, 1, 0
28000, 488, 1, 0
29000, 485, 1, 0
30000, 488, 1, 0
31000, 479, 1, 0
32000, 484, 1, 0
33000, 486, 1, 0
34000, 489, 1, 0
35001, 486, 1, 0
36000, 481, 1, 0
37000, 484, 1, 0
38000, 480, 1, 0
39000, 479, 1, 0
40000, 480, 1, 0
41000, 485, 1, 0
42001, 486, 1, 0
43000, 488, 1, 0
44000, 486, 1, 0
45000, 488, 1, 0
46000, 487, 1, 0
47000, 487, 1, 0
48000, 484, 1, 0
49000, 481, 1, 0
50000, 481, 1, 0
51000, 480, 1, 0
52001, 477, 1, 0
53000, 480, 1, 0
54000, 479, 1, 0
55000, 486, 1, 0
56000, 486, 1, 0
57000, 486, 1, 0
58000, 489, 1, 0
59000, 486, 1, 0
60000, 487, 1, 0
61001, 491, 1, 0
62000, 489, 1, 0
63001, 493, 1, 0
64000, 488, 1, 0
65000, 492, 1, 0
66000, 494, 1, 0
67000, 487, 1, 0
68000, 487, 1, 0
69000, 487, 1, 0
70000, 488, 1, 0
71000, 487, 1, 0
72000, 488, 1, 0
73000, 486, 1, 0
74000, 488, 1, 0
75000, 481, 1, 0
76000, 481, 1, 0
77000, 484, 1, 0
78000, 494, 1, 0
79000, 496, 1, 0
80000, 494, 1, 0
81000, 495, 1, 0
82000, 490, 1, 0
83000, 488, 1, 0
84000, 486, 1, 0
85000, 484, 1, 0
86000, 481, 1, 0
87000, 489, 1, 0
88000, 494, 1, 0
89000, 496, 1, 0
90000, 494, 1, 0
91001, 489, 1, 0
92000, 486, 1, 0
93000, 488, 1, 0
94000, 483, 1, 0
95000, 493, 1, 0
96000, 489, 1, 0
97000, 483, 1, 0
98000, 488, 1, 0
99000, 487, 1, 0
100000, 487, 1, 0
101001, 480, 1, 0
102000, 480, 1, 0
103000, 479, 1, 0
104000, 481, 1, 0
105000, 482, 1, 0
106000, 485, 1, 0
107000, 483, 1, 0
108000, 489, 1, 0
109000, 486, 1, 0
110000, 488, 1, 0
111000, 486, 1, 0
112000, 488, 1, 0
113000, 487, 1, 0
114000, 488, 1, 0
115000, 487, 1, 0
116000, 484, 1, 0
117000, 479, 1, 0
118000, 479, 1, 0
119000, 478, 1, 0
