1002, 4005947, 1, 0
2001, 4024631, 1, 0
3002, 4035025, 1, 0
4000, 4037045, 1, 0
5000, 3982298, 1, 0
6001, 4036760, 1, 0
7003, 4033591, 1, 0
8000, 4035117, 1, 0
9000, 3982837, 1, 0
10001, 4067147, 1, 0
11002, 4067225, 1, 0
12000, 4068575, 1, 0
13001, 4019350, 1, 0
14002, 4069243, 1, 0
15001, 4072628, 1, 0
16002, 4067691, 1, 0
17000, 3992647, 1, 0
18002, 4035234, 1, 0
19000, 4038989, 1, 0
20001, 4063570, 1, 0
21001, 4017179, 1, 0
22003, 4051670, 1, 0
23001, 4071255, 1, 0
24003, 4070842, 1, 0
25003, 4014599, 1, 0
26002, 4042049, 1, 0
27001, 4040801, 1, 0
28003, 4037506, 1, 0
29000, 4035003, 1, 0
30000, 4015091, 1, 0
31002, 4069833, 1, 0
32000, 4069212, 1, 0
33001, 4068461, 1, 0
34002, 4019737, 1, 0
35002, 4061201, 1, 0
36000, 4068335, 1, 0
37003, 4058969, 1, 0
38003, 4002295, 1, 0
39002, 4071100, 1, 0
40000, 4071825, 1, 0
41002, 4070576, 1, 0
42002, 4014392, 1, 0
43000, 4073540, 1, 0
44002, 4067066, 1, 0
45000, 4073815, 1, 0
46001, 4017380, 1, 0
47003, 4071125, 1, 0
48002, 4057941, 1, 0
49001, 4041623, 1, 0
50002, 4018852, 1, 0
51000, 4054740, 1, 0
52002, 4069561, 1, 0
53000, 4072612, 1, 0
54003, 4071900, 1, 0
55003, 4017195, 1, 0
56001, 4055740, 1, 0
57003, 4070426, 1, 0
58002, 4056883, 1, 0
59003, 3991282, 1, 0
60001, 4035836, 1, 0
61003, 4037530, 1, 0
62001, 4037072, 1, 0
63001, 3984655, 1, 0
64002, 4033564, 1, 0
65003, 4036237, 1, 0
66001, 4037794, 1, 0
67001, 3984428, 1, 0
68003, 4036048, 1, 0
69001, 4034453, 1, 0
70001, 4030935, 1, 0
71003, 4009848, 1, 0
72003, 4061572, 1, 0
73000, 4049058, 1, 0
74002, 4071201, 1, 0
75003, 4020897, 1, 0
76003, 4043602, 1, 0
77001, 4008385, 1, 0
78003, 4020641, 1, 0
79001, 4036947, 1, 0
80001, 3984575, 1, 0
81002, 4036152, 1, 0
82001, 4037849, 1, 0
83003, 4038351, 1, 0
84000, 4005047, 1, 0
85002, 4070802, 1, 0
86000, 4070968, 1, 0
87002, 4070286, 1, 0
88002, 4015636, 1, 0
89003, 4067549, 1, 0
90001, 4034382, 1, 0
91002, 4036065, 1, 0
92002, 3984881, 1, 0
93000, 4036660, 1, 0
94002, 4036608, 1, 0
95000, 4037978, 1, 0
96003, 3982751, 1, 0
97001, 4035340, 1, 0
98003, 4037360, 1, 0
99001, 4038680, 1, 0
100001, 4016848, 1, 0
101000, 4074636, 1, 0
102002, 4069915, 1, 0
103001, 4069688, 1, 0
104005, 4016600, 1, 0
105002, 4066336, 1, 0
106000, 4069036, 1, 0
107001, 4067493, 1, 0
108003, 4069834, 1, 0
109000, 4020838, 1, 0
110002, 4069743, 1, 0
111001, 4072830, 1, 0
112000, 4072799, 1, 0
113000, 4019950, 1, 0
114001, 4064844, 1, 0
115000, 4074559, 1, 0
116002, 4070631, 1, 0
117003, 4018853, 1, 0
118001, 4053440, 1, 0
119002, 4067886, 1, 0
120001, 4070484, 1, 0
