1000, 2087319, 1, 0
2000, 2063163, 1, 0
3000, 2061180, 1, 0
4001, 2053681, 1, 0
5000, 2041967, 1, 0
6001, 2053604, 1, 0
7000, 2045026, 1, 0
8000, 2056538, 1, 0
9000, 2043568, 1, 0
10000, 2055038, 1, 0
11000, 2070137, 1, 0
12000, 2067935, 1, 0
13001, 2066766, 1, 0
14001, 2090060, 1, 0
15001, 2047022, 1, 0
16000, 2054693, 1, 0
17001, 2044911, 1, 0
18001, 2052893, 1, 0
19001, 2046223, 1, 0
20001, 2055822, 1, 0
21001, 2081345, 1, 0
22000, 2043408, 1, 0
23000, 2021907, 1, 0
24002, 2064301, 1, 0
25000, 2070558, 1, 0
26001, 2045765, 1, 0
27001, 2056392, 1, 0
28002, 2045253, 1, 0
29000, 2057443, 1, 0
30001, 2045697, 1, 0
31001, 2085476, 1, 0
32001, 2061578, 1, 0
33000, 2053702, 1, 0
34001, 2042096, 1, 0
35000, 2054250, 1, 0
36001, 2069730, 1, 0
37000, 2066262, 1, 0
38001, 2076879, 1, 0
39000, 2087733, 1, 0
40001, 2078394, 1, 0
41002, 2057964, 1, 0
42000, 2052321, 1, 0
43000, 2043816, 1, 0
44000, 2055413, 1, 0
45001, 2041267, 1, 0
46001, 2052795, 1, 0
47001, 2047501, 1, 0
48001, 2063871, 1, 0
49000, 2076697, 1, 0
50000, 2075820, 1, 0
51001, 2077185, 1, 0
52001, 2088507, 1, 0
53001, 2078286, 1, 0
54000, 2087374, 1, 0
55001, 2051913, 1, 0
56000, 2057435, 1, 0
57000, 2052258, 1, 0
58000, 2043522, 1, 0
59001, 2053775, 1, 0
60001, 2048309, 1, 0
61000, 2032625, 1, 0
62001, 2036234, 1, 0
63001, 2024492, 1, 0
64001, 2042825, 1, 0
65001, 2031220, 1, 0
66001, 2018537, 1, 0
67002, 2053374, 1, 0
68000, 2045466, 1, 0
69001, 2053709, 1, 0
70001, 2042930, 1, 0
71001, 2052351, 1, 0
72000, 2044226, 1, 0
73000, 2052473, 1, 0
74001, 2046471, 1, 0
75000, 2074813, 1, 0
76000, 2076571, 1, 0
77001, 2063165, 1, 0
78001, 2022674, 1, 0
79000, 2012711, 1, 0
80001, 2022094, 1, 0
81001, 2015515, 1, 0
82000, 2037263, 1, 0
83001, 2045179, 1, 0
84001, 2055548, 1, 0
85000, 2059774, 1, 0
86001, 2078173, 1, 0
87001, 2039980, 1, 0
88001, 2022391, 1, 0
89001, 2011463, 1, 0
90000, 2021918, 1, 0
91001, 2036777, 1, 0
92000, 2054232, 1, 0
93000, 2044903, 1, 0
94000, 2068303, 1, 0
95000, 2025934, 1, 0
96001, 2042974, 1, 0
97000, 2062946, 1, 0
98000, 2050662, 1, 0
99000, 2044808, 1, 0
100001, 2053456, 1, 0
101001, 2075722, 1, 0
102000, 2076462, 1, 0
103001, 2088132, 1, 0
104001, 2072853, 1, 0
105000, 2074056, 1, 0
106001, 2055159, 1, 0
107000, 2066427, 1, 0
108000, 2044420, 1, 0
109001, 2053966, 1, 0
110001, 2043246, 1, 0
111001, 2054411, 1, 0
112000, 2043026, 1, 0
113001, 2052415, 1, 0
114000, 2043074, 1, 0
115000, 2051835, 1, 0
116001, 2062793, 1, 0
117000, 2086498, 1, 0
118000, 2079400, 1, 0
119001, 2090424, 1, 0
120000, 2083710, 1, 0
