1064, 19008, 1, 0
2188, 18855, 1, 0
3039, 18828, 1, 0
4000, 18822, 1, 0
5142, 19111, 1, 0
6000, 18874, 1, 0
7000, 18810, 1, 0
8160, 19154, 1, 0
9160, 20711, 1, 0
10046, 19377, 1, 0
11009, 19087, 1, 0
12076, 18662, 1, 0
13025, 19147, 1, 0
14000, 18709, 1, 0
15001, 19220, 1, 0
16288, 19161, 1, 0
17128, 19632, 1, 0
18000, 19102, 1, 0
19108, 18955, 1, 0
20000, 19041, 1, 0
21043, 19195, 1, 0
22000, 19500, 1, 0
23006, 19177, 1, 0
24076, 19130, 1, 0
25000, 19088, 1, 0
26000, 19019, 1, 0
27008, 18899, 1, 0
28000, 19160, 1, 0
29000, 18877, 1, 0
30025, 19106, 1, 0
31075, 18929, 1, 0
32072, 18977, 1, 0
33000, 18871, 1, 0
34040, 18749, 1, 0
35003, 18737, 1, 0
36004, 18713, 1, 0
37484, 18737, 1, 0
38019, 18804, 1, 0
39029, 18959, 1, 0
40000, 18962, 1, 0
41000, 19028, 1, 0
42046, 18803, 1, 0
43000, 18815, 1, 0
44000, 18804, 1, 0
45016, 18808, 1, 0
46000, 18912, 1, 0
47020, 19121, 1, 0
48012, 19094, 1, 0
49000, 18914, 1, 0
50000, 18949, 1, 0
51000, 19092, 1, 0
52000, 19267, 1, 0
53000, 19111, 1, 0
54000, 19046, 1, 0
55000, 18933, 1, 0
56000, 18812, 1, 0
57000, 18934, 1, 0
58000, 19218, 1, 0
59000, 19022, 1, 0
60000, 18778, 1, 0
