1079, 31534, 1, 0
2027, 30758, 1, 0
3035, 30903, 1, 0
4299, 31038, 1, 0
5000, 30773, 1, 0
6054, 30976, 1, 0
7000, 31511, 1, 0
8076, 31226, 1, 0
9035, 30918, 1, 0
10187, 31151, 1, 0
11024, 31613, 1, 0
12055, 31717, 1, 0
13085, 30821, 1, 0
14000, 31342, 1, 0
15024, 31031, 1, 0
16000, 32056, 1, 0
17000, 31082, 1, 0
18000, 31127, 1, 0
19150, 30940, 1, 0
20025, 31174, 1, 0
21165, 31111, 1, 0
22411, 31001, 1, 0
23131, 31316, 1, 0
24047, 31271, 1, 0
25036, 30696, 1, 0
26009, 32866, 1, 0
27035, 31458, 1, 0
28000, 30999, 1, 0
29073, 31822, 1, 0
30011, 31232, 1, 0
31009, 31093, 1, 0
32009, 30777, 1, 0
33000, 31186, 1, 0
34001, 31267, 1, 0
35000, 31129, 1, 0
36060, 31227, 1, 0
37000, 31505, 1, 0
38119, 31609, 1, 0
39000, 30754, 1, 0
40000, 30809, 1, 0
41003, 32001, 1, 0
42069, 33133, 1, 0
43000, 31804, 1, 0
44000, 31404, 1, 0
45000, 31606, 1, 0
46000, 32249, 1, 0
47000, 32014, 1, 0
48000, 32318, 1, 0
49000, 31875, 1, 0
50001, 31899, 1, 0
51020, 32129, 1, 0
52000, 32442, 1, 0
53000, 31835, 1, 0
54000, 31923, 1, 0
55000, 31800, 1, 0
56000, 31709, 1, 0
57169, 32163, 1, 0
58008, 31534, 1, 0
59039, 31276, 1, 0
60000, 31201, 1, 0
