1040, 31574, 1, 0
2000, 31550, 1, 0
3000, 31737, 1, 0
4000, 31409, 1, 0
5030, 30984, 1, 0
6009, 31776, 1, 0
7000, 31135, 1, 0
8013, 31218, 1, 0
9065, 31042, 1, 0
10000, 31551, 1, 0
11005, 31548, 1, 0
12000, 31658, 1, 0
13000, 31545, 1, 0
14000, 31706, 1, 0
15030, 31560, 1, 0
16036, 32861, 1, 0
17009, 31399, 1, 0
18081, 32376, 1, 0
19046, 30981, 1, 0
20203, 31353, 1, 0
21187, 31023, 1, 0
22001, 31622, 1, 0
23089, 31804, 1, 0
24000, 31670, 1, 0
25009, 31301, 1, 0
26013, 31968, 1, 0
27087, 31663, 1, 0
28109, 32705, 1, 0
29008, 31825, 1, 0
30000, 31655, 1, 0
31173, 31996, 1, 0
32663, 31311, 1, 0
33306, 31627, 1, 0
34054, 31329, 1, 0
35009, 31527, 1, 0
36017, 33222, 1, 0
37064, 31650, 1, 0
38079, 32010, 1, 0
39013, 31439, 1, 0
40030, 31238, 1, 0
41000, 31515, 1, 0
42000, 31155, 1, 0
43000, 32125, 1, 0
44000, 31646, 1, 0
45032, 31698, 1, 0
46001, 31965, 1, 0
47150, 31142, 1, 0
48000, 31590, 1, 0
49099, 30983, 1, 0
50014, 31295, 1, 0
51012, 32112, 1, 0
52000, 32317, 1, 0
53019, 32595, 1, 0
54009, 32253, 1, 0
55040, 32432, 1, 0
56003, 32466, 1, 0
57000, 32566, 1, 0
58068, 32472, 1, 0
59002, 32440, 1, 0
60000, 32482, 1, 0
