1001, 435788, 1, 0
2000, 610560, 1, 0
3000, 1396992, 1, 0
4000, 896832, 1, 0
5000, 1104000, 1, 0
6000, 1872192, 1, 0
7000, 1801344, 1, 0
8000, 549120, 1, 0
9000, 359040, 1, 0
10000, 287808, 1, 0
11000, 917568, 1, 0
12001, 2026453, 1, 0
13000, 552192, 1, 0
14000, 1658304, 1, 0
15000, 1318080, 1, 0
16000, 1889088, 1, 0
17000, 128448, 1, 0
18000, 1285824, 1, 0
19000, 1737984, 1, 0
20000, 2347776, 1, 0
21000, 3321792, 1, 0
22000, 2179392, 1, 0
23000, 1173120, 1, 0
24000, 544128, 1, 0
25000, 1034496, 1, 0
26000, 2295744, 1, 0
27000, 1829376, 1, 0
28000, 2096448, 1, 0
29000, 2522496, 1, 0
30000, 2123520, 1, 0
31000, 2484864, 1, 0
32000, 1898112, 1, 0
33000, 2059776, 1, 0
34000, 1397760, 1, 0
35000, 1492608, 1, 0
36000, 809472, 1, 0
37000, 1015872, 1, 0
38000, 860160, 1, 0
39000, 1636800, 1, 0
40000, 1498368, 1, 0
41001, 2539924, 1, 0
42000, 2514624, 1, 0
43000, 2626368, 1, 0
44000, 2846592, 1, 0
45000, 2683968, 1, 0
46000, 1492032, 1, 0
47000, 2613696, 1, 0
48001, 2295176, 1, 0
49000, 1926720, 1, 0
50000, 1790016, 1, 0
51000, 5777856, 1, 0
52000, 5813952, 1, 0
53000, 5830464, 1, 0
54000, 5877312, 1, 0
55001, 5877194, 1, 0
56000, 5897280, 1, 0
57000, 5858304, 1, 0
58000, 5906112, 1, 0
59000, 5894208, 1, 0
