1079, 19307, 1, 0
2027, 18657, 1, 0
3035, 18654, 1, 0
4299, 18689, 1, 0
5000, 18625, 1, 0
6054, 18793, 1, 0
7000, 19145, 1, 0
8076, 18817, 1, 0
9035, 18587, 1, 0
10187, 18841, 1, 0
11024, 19364, 1, 0
12055, 19272, 1, 0
13085, 18650, 1, 0
14000, 18958, 1, 0
15024, 18821, 1, 0
16000, 19884, 1, 0
17000, 18885, 1, 0
18000, 18961, 1, 0
19150, 18795, 1, 0
20025, 19027, 1, 0
21165, 18907, 1, 0
22411, 18572, 1, 0
23131, 18788, 1, 0
24047, 18944, 1, 0
25036, 18736, 1, 0
26009, 20477, 1, 0
27035, 18988, 1, 0
28000, 18752, 1, 0
29073, 19292, 1, 0
30011, 18806, 1, 0
31009, 18932, 1, 0
32009, 18836, 1, 0
33000, 18821, 1, 0
34001, 18878, 1, 0
35000, 18961, 1, 0
36060, 19196, 1, 0
37000, 18919, 1, 0
38119, 18914, 1, 0
39000, 18608, 1, 0
40000, 18678, 1, 0
41003, 18742, 1, 0
42069, 19180, 1, 0
43000, 18869, 1, 0
44000, 18495, 1, 0
45000, 18676, 1, 0
46000, 18871, 1, 0
47000, 18964, 1, 0
48000, 19273, 1, 0
49000, 18637, 1, 0
50001, 18621, 1, 0
51020, 18797, 1, 0
52000, 19091, 1, 0
53000, 18669, 1, 0
54000, 18727, 1, 0
55000, 18550, 1, 0
56000, 18661, 1, 0
57169, 18750, 1, 0
58008, 18683, 1, 0
59039, 18490, 1, 0
60000, 18438, 1, 0
