1000, 819689, 1, 0
2000, 817950, 1, 0
3000, 819029, 1, 0
4000, 817901, 1, 0
5000, 822340, 1, 0
6000, 819310, 1, 0
7000, 822355, 1, 0
8000, 826034, 1, 0
9000, 821406, 1, 0
10000, 819436, 1, 0
11000, 823224, 1, 0
12000, 819252, 1, 0
13000, 818548, 1, 0
14000, 817687, 1, 0
15000, 821844, 1, 0
16000, 822298, 1, 0
17000, 820722, 1, 0
18000, 827898, 1, 0
19000, 820648, 1, 0
20000, 822997, 1, 0
21000, 822359, 1, 0
22000, 820358, 1, 0
23000, 818715, 1, 0
24000, 818712, 1, 0
25000, 824155, 1, 0
26000, 821715, 1, 0
27000, 819828, 1, 0
28000, 822110, 1, 0
29000, 819428, 1, 0
30000, 820535, 1, 0
