1000, 9998, 1, 0
2000, 9882, 1, 0
3000, 9997, 1, 0
4000, 9946, 1, 0
5000, 10032, 1, 0
6000, 9987, 1, 0
7000, 10029, 1, 0
8000, 9994, 1, 0
9000, 9982, 1, 0
10001, 9887, 1, 0
11000, 9986, 1, 0
12000, 9926, 1, 0
13000, 9952, 1, 0
14000, 10021, 1, 0
15000, 10005, 1, 0
16000, 9984, 1, 0
17000, 10031, 1, 0
18000, 9980, 1, 0
19000, 9975, 1, 0
20000, 10002, 1, 0
21000, 9990, 1, 0
22000, 9946, 1, 0
23000, 10004, 1, 0
24000, 9973, 1, 0
25000, 9971, 1, 0
26000, 10025, 1, 0
27000, 10027, 1, 0
28000, 9924, 1, 0
29000, 9991, 1, 0
30000, 9941, 1, 0
31000, 9969, 1, 0
32000, 9961, 1, 0
33000, 10017, 1, 0
34000, 9917, 1, 0
35000, 9975, 1, 0
36000, 9975, 1, 0
37000, 10131, 1, 0
38000, 9945, 1, 0
39000, 9994, 1, 0
40000, 10034, 1, 0
41000, 9987, 1, 0
42000, 9868, 1, 0
43000, 10149, 1, 0
44000, 9926, 1, 0
45000, 9994, 1, 0
46000, 10147, 1, 0
47000, 10002, 1, 0
48000, 10005, 1, 0
49000, 10007, 1, 0
50000, 9997, 1, 0
51000, 9935, 1, 0
52000, 9929, 1, 0
53000, 10089, 1, 0
54000, 9966, 1, 0
55000, 10003, 1, 0
56000, 10128, 1, 0
57000, 9986, 1, 0
58000, 9962, 1, 0
59000, 9991, 1, 0
60000, 10110, 1, 0
61000, 9967, 1, 0
62000, 9978, 1, 0
63000, 10090, 1, 0
64000, 10015, 1, 0
65000, 10022, 1, 0
66000, 10045, 1, 0
67000, 9987, 1, 0
68000, 9959, 1, 0
69000, 10079, 1, 0
70000, 9926, 1, 0
71000, 10001, 1, 0
72000, 9985, 1, 0
73000, 10097, 1, 0
74000, 9947, 1, 0
75000, 10000, 1, 0
76001, 10056, 1, 0
77000, 9992, 1, 0
78000, 9985, 1, 0
79000, 10070, 1, 0
80000, 9964, 1, 0
81000, 9952, 1, 0
82000, 10028, 1, 0
83000, 10006, 1, 0
84000, 9998, 1, 0
85000, 10003, 1, 0
86001, 10046, 1, 0
87000, 9998, 1, 0
88000, 9953, 1, 0
89000, 10003, 1, 0
90000, 9907, 1, 0
91000, 10003, 1, 0
92000, 9917, 1, 0
93000, 10015, 1, 0
94000, 9950, 1, 0
95000, 9990, 1, 0
96000, 10055, 1, 0
97000, 10014, 1, 0
98000, 10003, 1, 0
99000, 10005, 1, 0
100000, 9898, 1, 0
101000, 10036, 1, 0
102000, 9996, 1, 0
103000, 9969, 1, 0
104000, 9980, 1, 0
105000, 10024, 1, 0
106000, 9990, 1, 0
107000, 10001, 1, 0
108000, 9932, 1, 0
109000, 10030, 1, 0
110000, 9961, 1, 0
111000, 9981, 1, 0
112000, 10083, 1, 0
113000, 9959, 1, 0
114000, 9929, 1, 0
115000, 10120, 1, 0
116000, 9995, 1, 0
117000, 9975, 1, 0
118000, 9981, 1, 0
119000, 10040, 1, 0
120000, 9924, 1, 0
121000, 9973, 1, 0
122000, 10022, 1, 0
123000, 9987, 1, 0
124000, 9966, 1, 0
125000, 10072, 1, 0
126000, 10001, 1, 0
127000, 10010, 1, 0
128000, 10076, 1, 0
129000, 10000, 1, 0
130000, 9924, 1, 0
131000, 9923, 1, 0
132000, 10014, 1, 0
133000, 9980, 1, 0
134000, 9922, 1, 0
135000, 10066, 1, 0
136000, 10004, 1, 0
137000, 9974, 1, 0
138000, 10057, 1, 0
139000, 9950, 1, 0
140001, 9941, 1, 0
141000, 10030, 1, 0
142000, 9968, 1, 0
143000, 9965, 1, 0
144000, 9955, 1, 0
145000, 10069, 1, 0
146000, 9983, 1, 0
147000, 9966, 1, 0
148000, 10019, 1, 0
149000, 9971, 1, 0
150000, 9965, 1, 0
151000, 10047, 1, 0
152000, 9933, 1, 0
153000, 9990, 1, 0
154000, 9996, 1, 0
155000, 10136, 1, 0
156000, 9976, 1, 0
157000, 10000, 1, 0
158000, 10148, 1, 0
159001, 9953, 1, 0
160000, 9891, 1, 0
161000, 10029, 1, 0
162001, 9944, 1, 0
163000, 9960, 1, 0
164000, 9959, 1, 0
165000, 9971, 1, 0
166000, 9982, 1, 0
167000, 9988, 1, 0
168000, 10006, 1, 0
169000, 10009, 1, 0
170001, 10018, 1, 0
171000, 10081, 1, 0
172000, 9973, 1, 0
173000, 10004, 1, 0
174000, 10052, 1, 0
175000, 10002, 1, 0
176000, 9959, 1, 0
177000, 9995, 1, 0
178000, 10077, 1, 0
179000, 9932, 1, 0
180000, 9918, 1, 0
181001, 10047, 1, 0
182000, 9981, 1, 0
183000, 10032, 1, 0
184000, 10073, 1, 0
185000, 10000, 1, 0
186000, 9995, 1, 0
187000, 10133, 1, 0
188000, 9986, 1, 0
189000, 9978, 1, 0
190000, 9944, 1, 0
191000, 10118, 1, 0
192000, 9944, 1, 0
193000, 9904, 1, 0
194000, 9987, 1, 0
195000, 9983, 1, 0
196000, 9986, 1, 0
197000, 10038, 1, 0
198000, 9997, 1, 0
199000, 9982, 1, 0
200000, 10104, 1, 0
201000, 9981, 1, 0
202000, 9956, 1, 0
203000, 10002, 1, 0
204001, 10084, 1, 0
205000, 9990, 1, 0
206000, 9971, 1, 0
207000, 10069, 1, 0
208000, 9983, 1, 0
209000, 9986, 1, 0
210000, 10035, 1, 0
211000, 9985, 1, 0
212000, 9944, 1, 0
213000, 10037, 1, 0
214000, 10050, 1, 0
215000, 9964, 1, 0
216000, 10042, 1, 0
217000, 10165, 1, 0
218000, 10001, 1, 0
219000, 9983, 1, 0
220001, 10086, 1, 0
221000, 9954, 1, 0
222000, 9964, 1, 0
223000, 10128, 1, 0
224000, 10002, 1, 0
225000, 9984, 1, 0
226000, 10006, 1, 0
227000, 10148, 1, 0
228000, 10006, 1, 0
229000, 9984, 1, 0
230000, 10032, 1, 0
231000, 10019, 1, 0
232000, 9946, 1, 0
233000, 10196, 1, 0
234000, 9948, 1, 0
235000, 10012, 1, 0
236000, 10178, 1, 0
237000, 9997, 1, 0
238000, 9949, 1, 0
239000, 10006, 1, 0
240000, 10098, 1, 0
241000, 10008, 1, 0
242000, 9948, 1, 0
243000, 10101, 1, 0
244000, 9996, 1, 0
245000, 10038, 1, 0
246001, 10271, 1, 0
247000, 10007, 1, 0
248000, 10004, 1, 0
249000, 10139, 1, 0
250000, 10070, 1, 0
251000, 9978, 1, 0
252000, 9928, 1, 0
253000, 10231, 1, 0
254000, 9904, 1, 0
255000, 10016, 1, 0
256000, 10213, 1, 0
257000, 9941, 1, 0
258000, 10012, 1, 0
259000, 10230, 1, 0
260000, 9954, 1, 0
261000, 9975, 1, 0
262000, 9935, 1, 0
263000, 10215, 1, 0
264000, 10001, 1, 0
265000, 9970, 1, 0
266000, 10226, 1, 0
267000, 9981, 1, 0
268000, 10008, 1, 0
269000, 10210, 1, 0
270000, 9916, 1, 0
271000, 9951, 1, 0
272000, 10062, 1, 0
273000, 9971, 1, 0
274000, 9949, 1, 0
275000, 9999, 1, 0
276000, 10114, 1, 0
277000, 9992, 1, 0
278000, 9989, 1, 0
279000, 10110, 1, 0
280000, 9974, 1, 0
281000, 10008, 1, 0
282000, 10188, 1, 0
283000, 10032, 1, 0
284000, 10027, 1, 0
285000, 10282, 1, 0
286000, 9982, 1, 0
287000, 9993, 1, 0
288000, 9994, 1, 0
289000, 10272, 1, 0
290000, 9871, 1, 0
291000, 9992, 1, 0
292000, 10133, 1, 0
293000, 9988, 1, 0
294000, 9957, 1, 0
295001, 10300, 1, 0
296000, 9997, 1, 0
297000, 9985, 1, 0
298000, 10250, 1, 0
299000, 9983, 1, 0
300000, 9928, 1, 0
301000, 9991, 1, 0
302000, 10235, 1, 0
303000, 9994, 1, 0
304000, 9966, 1, 0
305000, 10253, 1, 0
306000, 9979, 1, 0
307000, 9993, 1, 0
308000, 10258, 1, 0
309001, 9993, 1, 0
310000, 9879, 1, 0
311000, 10212, 1, 0
312001, 9957, 1, 0
313000, 9980, 1, 0
314000, 9946, 1, 0
315001, 10169, 1, 0
316000, 9972, 1, 0
317000, 9993, 1, 0
318000, 10189, 1, 0
319000, 9996, 1, 0
320000, 9973, 1, 0
321000, 10163, 1, 0
322000, 9890, 1, 0
323000, 9964, 1, 0
324000, 9950, 1, 0
325000, 10073, 1, 0
326000, 10008, 1, 0
327000, 10018, 1, 0
328000, 10126, 1, 0
329000, 9999, 1, 0
330001, 9971, 1, 0
331000, 10178, 1, 0
332000, 9973, 1, 0
333000, 9972, 1, 0
334000, 10192, 1, 0
335000, 10003, 1, 0
336000, 10027, 1, 0
337000, 10008, 1, 0
338000, 10283, 1, 0
339000, 10001, 1, 0
340000, 9901, 1, 0
341000, 10262, 1, 0
342000, 9911, 1, 0
343000, 9978, 1, 0
344000, 10201, 1, 0
345000, 9979, 1, 0
346000, 9954, 1, 0
347000, 10168, 1, 0
348000, 10006, 1, 0
349001, 9995, 1, 0
350000, 9822, 1, 0
351000, 10130, 1, 0
352000, 9886, 1, 0
353000, 9988, 1, 0
354000, 9983, 1, 0
355000, 10009, 1, 0
356000, 9998, 1, 0
357000, 10044, 1, 0
358000, 9965, 1, 0
359000, 9995, 1, 0
360001, 9930, 1, 0
361000, 9981, 1, 0
362000, 10006, 1, 0
363000, 9996, 1, 0
364000, 10053, 1, 0
365000, 9994, 1, 0
366000, 9963, 1, 0
367000, 10067, 1, 0
368000, 9981, 1, 0
369000, 9980, 1, 0
370000, 9862, 1, 0
371000, 9977, 1, 0
372000, 9921, 1, 0
373000, 9999, 1, 0
374000, 9915, 1, 0
375000, 9967, 1, 0
376000, 9966, 1, 0
377000, 10068, 1, 0
378000, 9998, 1, 0
379000, 9976, 1, 0
380000, 9998, 1, 0
381000, 9980, 1, 0
382000, 9885, 1, 0
383000, 10054, 1, 0
384000, 9972, 1, 0
385000, 9982, 1, 0
386000, 10013, 1, 0
387000, 10002, 1, 0
388000, 9943, 1, 0
389000, 10003, 1, 0
390000, 9895, 1, 0
391000, 9993, 1, 0
392000, 9933, 1, 0
393000, 9988, 1, 0
394000, 9927, 1, 0
395000, 9967, 1, 0
396000, 9979, 1, 0
397000, 10038, 1, 0
398000, 10003, 1, 0
399000, 9994, 1, 0
400000, 9968, 1, 0
401000, 9977, 1, 0
402000, 9959, 1, 0
403000, 10030, 1, 0
404000, 10002, 1, 0
405000, 9921, 1, 0
406000, 10024, 1, 0
407000, 9979, 1, 0
408000, 9986, 1, 0
409000, 9995, 1, 0
410000, 9966, 1, 0
411000, 9926, 1, 0
412000, 9956, 1, 0
413000, 10045, 1, 0
414000, 9957, 1, 0
415000, 9989, 1, 0
416000, 10023, 1, 0
417000, 10027, 1, 0
418000, 10024, 1, 0
419000, 9989, 1, 0
420000, 9957, 1, 0
421000, 10007, 1, 0
422000, 9928, 1, 0
423000, 9977, 1, 0
424000, 9942, 1, 0
425001, 9977, 1, 0
426000, 9969, 1, 0
427000, 10006, 1, 0
428000, 10002, 1, 0
429000, 10067, 1, 0
430000, 9955, 1, 0
431000, 9955, 1, 0
432000, 9956, 1, 0
433000, 10059, 1, 0
434000, 9956, 1, 0
435000, 9991, 1, 0
436000, 10009, 1, 0
437000, 9997, 1, 0
438000, 9997, 1, 0
439000, 10054, 1, 0
440000, 9926, 1, 0
441000, 9913, 1, 0
442000, 9927, 1, 0
443000, 9968, 1, 0
444000, 10012, 1, 0
445000, 10018, 1, 0
446000, 10016, 1, 0
447000, 10000, 1, 0
448000, 10018, 1, 0
449001, 10058, 1, 0
450000, 9976, 1, 0
451000, 10009, 1, 0
452000, 10007, 1, 0
453000, 9965, 1, 0
454000, 9953, 1, 0
455000, 9993, 1, 0
456000, 10070, 1, 0
457000, 10019, 1, 0
458000, 10003, 1, 0
459000, 10129, 1, 0
460000, 9957, 1, 0
461000, 9944, 1, 0
462000, 10264, 1, 0
463000, 10002, 1, 0
464000, 9971, 1, 0
465000, 10277, 1, 0
466000, 10001, 1, 0
467000, 9958, 1, 0
468000, 10012, 1, 0
469000, 10248, 1, 0
470000, 9945, 1, 0
471000, 9983, 1, 0
472000, 10130, 1, 0
473000, 9915, 1, 0
474000, 9975, 1, 0
475000, 10154, 1, 0
476000, 9988, 1, 0
477000, 9975, 1, 0
478000, 10074, 1, 0
479000, 10119, 1, 0
480000, 9931, 1, 0
481000, 9945, 1, 0
482000, 10174, 1, 0
483000, 10001, 1, 0
484001, 9934, 1, 0
485000, 10174, 1, 0
486000, 9985, 1, 0
487000, 9988, 1, 0
488000, 9937, 1, 0
489000, 9975, 1, 0
490000, 9922, 1, 0
491000, 9981, 1, 0
492000, 10031, 1, 0
493000, 9972, 1, 0
494000, 9942, 1, 0
495000, 10009, 1, 0
496000, 9958, 1, 0
497000, 10002, 1, 0
498000, 10009, 1, 0
499000, 9991, 1, 0
500000, 9878, 1, 0
501000, 10004, 1, 0
502001, 9947, 1, 0
503000, 9949, 1, 0
504000, 9960, 1, 0
505000, 9964, 1, 0
506000, 9952, 1, 0
507000, 9989, 1, 0
508000, 10035, 1, 0
509000, 9995, 1, 0
510001, 9901, 1, 0
511000, 9992, 1, 0
512000, 9977, 1, 0
513000, 9974, 1, 0
514000, 9983, 1, 0
515000, 10013, 1, 0
516000, 10001, 1, 0
517000, 10010, 1, 0
518000, 10022, 1, 0
519000, 10017, 1, 0
520000, 9982, 1, 0
521000, 10060, 1, 0
522000, 9970, 1, 0
523000, 9978, 1, 0
524000, 10139, 1, 0
525000, 9980, 1, 0
526001, 9979, 1, 0
527000, 9971, 1, 0
528000, 10090, 1, 0
529000, 10017, 1, 0
530000, 9917, 1, 0
531000, 10022, 1, 0
532000, 9938, 1, 0
533000, 9971, 1, 0
534000, 10062, 1, 0
535001, 10019, 1, 0
536000, 9969, 1, 0
537000, 9962, 1, 0
538000, 10069, 1, 0
539000, 10013, 1, 0
540000, 9934, 1, 0
541000, 10093, 1, 0
542000, 9926, 1, 0
543000, 9948, 1, 0
544000, 10037, 1, 0
545000, 9988, 1, 0
546000, 9985, 1, 0
547000, 10063, 1, 0
548000, 10005, 1, 0
549000, 9996, 1, 0
550000, 9965, 1, 0
551000, 10081, 1, 0
552000, 9993, 1, 0
553000, 10006, 1, 0
554000, 10116, 1, 0
555000, 9959, 1, 0
556000, 9967, 1, 0
557000, 10088, 1, 0
558000, 9998, 1, 0
559000, 9969, 1, 0
560000, 9979, 1, 0
561000, 10002, 1, 0
562000, 9894, 1, 0
563000, 10021, 1, 0
564000, 10034, 1, 0
565000, 9976, 1, 0
566000, 9994, 1, 0
567000, 10034, 1, 0
568000, 9994, 1, 0
569000, 9993, 1, 0
570000, 9984, 1, 0
571000, 9946, 1, 0
572000, 9937, 1, 0
573000, 9995, 1, 0
574000, 10038, 1, 0
575000, 9990, 1, 0
576000, 9998, 1, 0
577000, 10115, 1, 0
578000, 10009, 1, 0
579000, 10001, 1, 0
580000, 10042, 1, 0
581000, 9956, 1, 0
582000, 9971, 1, 0
583001, 10075, 1, 0
584000, 9964, 1, 0
585000, 9974, 1, 0
586000, 9928, 1, 0
587000, 10110, 1, 0
588000, 9977, 1, 0
589000, 9995, 1, 0
590000, 10123, 1, 0
591000, 9964, 1, 0
592000, 9927, 1, 0
593000, 10155, 1, 0
594000, 9950, 1, 0
595000, 9993, 1, 0
596000, 10128, 1, 0
597000, 9990, 1, 0
598000, 10019, 1, 0
599000, 9993, 1, 0
