1000, 39852, 1, 0
2000, 39636, 1, 0
3000, 39932, 1, 0
4000, 39852, 1, 0
5000, 39880, 1, 0
6000, 39884, 1, 0
7000, 40104, 1, 0
8000, 40180, 1, 0
9000, 39844, 1, 0
10000, 39932, 1, 0
11000, 39856, 1, 0
12000, 39648, 1, 0
13000, 39900, 1, 0
14000, 39940, 1, 0
15000, 39924, 1, 0
16000, 39860, 1, 0
17000, 40072, 1, 0
18000, 39824, 1, 0
19000, 39788, 1, 0
20000, 40132, 1, 0
21000, 39968, 1, 0
22000, 40144, 1, 0
23000, 40404, 1, 0
24000, 39892, 1, 0
25000, 40020, 1, 0
26000, 39952, 1, 0
27000, 40528, 1, 0
28000, 39808, 1, 0
29000, 39656, 1, 0
30000, 40424, 1, 0
31000, 39948, 1, 0
32000, 39652, 1, 0
33000, 40612, 1, 0
34000, 40004, 1, 0
35000, 39720, 1, 0
36000, 39760, 1, 0
37000, 40412, 1, 0
38000, 40060, 1, 0
39000, 39856, 1, 0
40000, 40552, 1, 0
41000, 39892, 1, 0
42000, 39644, 1, 0
43000, 40492, 1, 0
44000, 39920, 1, 0
45000, 39992, 1, 0
46000, 40268, 1, 0
47000, 39900, 1, 0
48000, 39648, 1, 0
49000, 39768, 1, 0
50000, 40416, 1, 0
51000, 39952, 1, 0
52000, 39592, 1, 0
53000, 40312, 1, 0
54000, 39908, 1, 0
55000, 40060, 1, 0
56001, 40267, 1, 0
57000, 40000, 1, 0
58000, 40128, 1, 0
59000, 40020, 1, 0
60000, 40208, 1, 0
61000, 39984, 1, 0
62000, 39864, 1, 0
63000, 40660, 1, 0
64000, 39952, 1, 0
65000, 39936, 1, 0
66000, 40596, 1, 0
67000, 39900, 1, 0
68000, 39540, 1, 0
69000, 40356, 1, 0
70000, 39960, 1, 0
71000, 39928, 1, 0
72000, 39880, 1, 0
73000, 40420, 1, 0
74000, 39860, 1, 0
75000, 40008, 1, 0
76000, 40220, 1, 0
77000, 39972, 1, 0
78000, 39888, 1, 0
79000, 40304, 1, 0
80000, 39868, 1, 0
81000, 39960, 1, 0
82000, 39820, 1, 0
83000, 39956, 1, 0
84000, 39956, 1, 0
85000, 39916, 1, 0
86000, 39820, 1, 0
87000, 39920, 1, 0
88000, 39720, 1, 0
89000, 39828, 1, 0
90000, 39956, 1, 0
91000, 39876, 1, 0
92000, 39820, 1, 0
93000, 40048, 1, 0
94000, 40036, 1, 0
95000, 39848, 1, 0
96000, 40480, 1, 0
97000, 39828, 1, 0
98000, 39720, 1, 0
99000, 40516, 1, 0
100000, 39924, 1, 0
101000, 39904, 1, 0
102000, 40196, 1, 0
103000, 39952, 1, 0
104000, 40164, 1, 0
105000, 40724, 1, 0
106000, 39792, 1, 0
107000, 39976, 1, 0
108000, 39644, 1, 0
109000, 40724, 1, 0
110000, 39780, 1, 0
111000, 40000, 1, 0
112001, 40367, 1, 0
113000, 39972, 1, 0
114000, 40016, 1, 0
115000, 40456, 1, 0
116000, 39844, 1, 0
117000, 39864, 1, 0
118000, 40608, 1, 0
119000, 39996, 1, 0
120000, 39948, 1, 0
121000, 39852, 1, 0
122000, 40588, 1, 0
123000, 39944, 1, 0
124000, 39880, 1, 0
125000, 40668, 1, 0
126000, 39700, 1, 0
127000, 40008, 1, 0
128000, 40320, 1, 0
129000, 39976, 1, 0
130000, 39992, 1, 0
131000, 39960, 1, 0
132000, 40684, 1, 0
133000, 39936, 1, 0
134000, 40012, 1, 0
135000, 40644, 1, 0
136000, 39776, 1, 0
137000, 39972, 1, 0
138000, 40572, 1, 0
139000, 39988, 1, 0
140000, 39828, 1, 0
141000, 40732, 1, 0
142000, 39588, 1, 0
143000, 40028, 1, 0
144000, 39896, 1, 0
145000, 40728, 1, 0
146000, 39776, 1, 0
147000, 39956, 1, 0
148000, 40260, 1, 0
149000, 39864, 1, 0
150000, 39840, 1, 0
151000, 40708, 1, 0
152000, 39552, 1, 0
153000, 39892, 1, 0
154000, 40400, 1, 0
155001, 39852, 1, 0
156000, 39868, 1, 0
157000, 40028, 1, 0
158000, 40376, 1, 0
159000, 39956, 1, 0
160000, 39976, 1, 0
161000, 40724, 1, 0
162000, 39868, 1, 0
163000, 40012, 1, 0
164000, 40544, 1, 0
165000, 39980, 1, 0
166000, 39916, 1, 0
167000, 40988, 1, 0
168000, 39860, 1, 0
169000, 39996, 1, 0
170000, 39680, 1, 0
171000, 40536, 1, 0
172000, 39864, 1, 0
173000, 39960, 1, 0
174000, 40720, 1, 0
175000, 39896, 1, 0
176000, 39796, 1, 0
177000, 40624, 1, 0
178001, 39756, 1, 0
179000, 39772, 1, 0
180000, 40196, 1, 0
181000, 40696, 1, 0
182000, 39832, 1, 0
183000, 39988, 1, 0
184000, 40728, 1, 0
185000, 39936, 1, 0
186000, 39764, 1, 0
187000, 40576, 1, 0
188000, 39704, 1, 0
189000, 39988, 1, 0
190000, 40668, 1, 0
191000, 39984, 1, 0
192000, 39696, 1, 0
193000, 40004, 1, 0
194000, 40680, 1, 0
195000, 39960, 1, 0
196000, 39852, 1, 0
197000, 40892, 1, 0
198000, 39804, 1, 0
199000, 39932, 1, 0
200000, 40812, 1, 0
201001, 39964, 1, 0
202000, 39880, 1, 0
203000, 40912, 1, 0
204000, 39988, 1, 0
205000, 40012, 1, 0
206000, 39788, 1, 0
207000, 40952, 1, 0
208000, 40040, 1, 0
209000, 39920, 1, 0
210000, 40860, 1, 0
211000, 39928, 1, 0
212000, 39636, 1, 0
213000, 40972, 1, 0
214000, 39992, 1, 0
215000, 39952, 1, 0
216000, 40900, 1, 0
217000, 40008, 1, 0
218000, 39772, 1, 0
219000, 39952, 1, 0
220000, 40640, 1, 0
221000, 39972, 1, 0
222000, 39708, 1, 0
223000, 40904, 1, 0
224000, 39884, 1, 0
225000, 39752, 1, 0
226000, 40520, 1, 0
227000, 39964, 1, 0
228000, 39812, 1, 0
229000, 40712, 1, 0
230000, 39884, 1, 0
231001, 39952, 1, 0
232000, 39644, 1, 0
233000, 40740, 1, 0
234000, 39964, 1, 0
235000, 39884, 1, 0
236000, 40520, 1, 0
237000, 39976, 1, 0
238000, 39780, 1, 0
239000, 40652, 1, 0
240000, 39980, 1, 0
241000, 39896, 1, 0
242000, 39648, 1, 0
243000, 40584, 1, 0
244000, 39936, 1, 0
245000, 39860, 1, 0
246000, 40456, 1, 0
247000, 40008, 1, 0
248000, 39600, 1, 0
249000, 40580, 1, 0
250000, 39904, 1, 0
251000, 39824, 1, 0
252000, 40148, 1, 0
253000, 39956, 1, 0
254000, 39848, 1, 0
255000, 39848, 1, 0
256000, 40196, 1, 0
257000, 39892, 1, 0
258000, 39728, 1, 0
259000, 39952, 1, 0
260000, 39788, 1, 0
261000, 39960, 1, 0
262000, 40132, 1, 0
263000, 40068, 1, 0
264000, 40124, 1, 0
265000, 40648, 1, 0
266000, 39920, 1, 0
267001, 40063, 1, 0
268000, 39992, 1, 0
269000, 40700, 1, 0
270000, 39788, 1, 0
271000, 39932, 1, 0
272000, 40296, 1, 0
273000, 40044, 1, 0
274000, 40044, 1, 0
275000, 40604, 1, 0
276000, 39796, 1, 0
277000, 39872, 1, 0
278000, 39976, 1, 0
279000, 40708, 1, 0
280000, 39964, 1, 0
281000, 39792, 1, 0
282000, 40392, 1, 0
283000, 39912, 1, 0
284000, 40064, 1, 0
285000, 40628, 1, 0
286000, 39720, 1, 0
287000, 39864, 1, 0
288000, 39956, 1, 0
289000, 39948, 1, 0
290000, 39888, 1, 0
291000, 39912, 1, 0
292000, 40020, 1, 0
293000, 39936, 1, 0
294000, 39996, 1, 0
295000, 40220, 1, 0
296000, 39820, 1, 0
297000, 40000, 1, 0
298000, 39928, 1, 0
299000, 39900, 1, 0
300000, 40064, 1, 0
301000, 40124, 1, 0
302000, 39740, 1, 0
303000, 39892, 1, 0
304000, 39960, 1, 0
305000, 39932, 1, 0
306000, 39988, 1, 0
307000, 39920, 1, 0
308000, 39816, 1, 0
309000, 39872, 1, 0
310000, 39996, 1, 0
311000, 40056, 1, 0
312000, 39348, 1, 0
313000, 39912, 1, 0
314000, 39296, 1, 0
315000, 40688, 1, 0
316000, 39656, 1, 0
317000, 39968, 1, 0
318000, 40452, 1, 0
319000, 39856, 1, 0
320000, 39892, 1, 0
321000, 40952, 1, 0
322001, 40091, 1, 0
323000, 39964, 1, 0
324000, 40816, 1, 0
325000, 40100, 1, 0
326000, 39948, 1, 0
327000, 40072, 1, 0
328000, 40524, 1, 0
329000, 39912, 1, 0
330000, 40124, 1, 0
331000, 40216, 1, 0
332000, 40100, 1, 0
333000, 40064, 1, 0
334000, 39972, 1, 0
335000, 39736, 1, 0
336000, 40072, 1, 0
337000, 40052, 1, 0
338000, 40144, 1, 0
339000, 40032, 1, 0
340000, 39968, 1, 0
341000, 40332, 1, 0
342000, 39892, 1, 0
343000, 39916, 1, 0
344000, 40400, 1, 0
345000, 39816, 1, 0
346000, 39660, 1, 0
347000, 40100, 1, 0
348000, 39872, 1, 0
349000, 40044, 1, 0
350000, 40004, 1, 0
351000, 40032, 1, 0
352000, 39808, 1, 0
353000, 39972, 1, 0
354000, 40132, 1, 0
355000, 40000, 1, 0
356000, 39740, 1, 0
357000, 40108, 1, 0
358000, 39896, 1, 0
359000, 40060, 1, 0
360000, 40292, 1, 0
361000, 39940, 1, 0
362000, 39704, 1, 0
363000, 40044, 1, 0
364000, 40192, 1, 0
365000, 39988, 1, 0
366000, 39548, 1, 0
367000, 40268, 1, 0
368000, 39736, 1, 0
369000, 40108, 1, 0
370000, 40604, 1, 0
371000, 39892, 1, 0
372000, 40132, 1, 0
373000, 40112, 1, 0
374000, 40876, 1, 0
375000, 39904, 1, 0
376000, 39880, 1, 0
377000, 40872, 1, 0
378000, 39952, 1, 0
379000, 39952, 1, 0
380000, 40784, 1, 0
381000, 39916, 1, 0
382000, 39952, 1, 0
383000, 40976, 1, 0
384000, 39952, 1, 0
385000, 40020, 1, 0
386000, 39736, 1, 0
387000, 40864, 1, 0
388000, 39636, 1, 0
389000, 40204, 1, 0
390000, 41180, 1, 0
391000, 39828, 1, 0
392000, 39784, 1, 0
393000, 41200, 1, 0
394000, 39832, 1, 0
395000, 39928, 1, 0
396000, 41048, 1, 0
397000, 40060, 1, 0
398000, 40104, 1, 0
399000, 40064, 1, 0
400000, 41716, 1, 0
401000, 40044, 1, 0
402000, 39716, 1, 0
403000, 41744, 1, 0
404000, 39852, 1, 0
405001, 39748, 1, 0
406000, 41456, 1, 0
407000, 40048, 1, 0
408000, 39864, 1, 0
409000, 41716, 1, 0
410000, 39980, 1, 0
411000, 39920, 1, 0
412000, 39580, 1, 0
413000, 41868, 1, 0
414000, 40028, 1, 0
415000, 40004, 1, 0
416000, 41784, 1, 0
417000, 40000, 1, 0
418000, 39500, 1, 0
419000, 41852, 1, 0
420000, 40036, 1, 0
421000, 39916, 1, 0
422000, 42268, 1, 0
423000, 40008, 1, 0
424000, 39976, 1, 0
425000, 41468, 1, 0
426000, 40860, 1, 0
427000, 39820, 1, 0
428000, 39620, 1, 0
429000, 41876, 1, 0
430000, 39984, 1, 0
431000, 40088, 1, 0
432000, 41920, 1, 0
433000, 40100, 1, 0
434000, 39588, 1, 0
435001, 42293, 1, 0
436000, 39676, 1, 0
437000, 39856, 1, 0
438000, 42008, 1, 0
439000, 40004, 1, 0
440000, 40048, 1, 0
441000, 40012, 1, 0
442000, 42048, 1, 0
443000, 40036, 1, 0
444000, 39972, 1, 0
445000, 42156, 1, 0
446000, 39872, 1, 0
447000, 39924, 1, 0
448000, 41876, 1, 0
449000, 39812, 1, 0
450000, 39768, 1, 0
451000, 42040, 1, 0
452000, 39660, 1, 0
453000, 39988, 1, 0
454000, 39960, 1, 0
455000, 41968, 1, 0
456000, 39660, 1, 0
457000, 39936, 1, 0
458000, 41760, 1, 0
459000, 39976, 1, 0
460000, 39856, 1, 0
461000, 41776, 1, 0
462000, 39736, 1, 0
463000, 40000, 1, 0
464000, 41924, 1, 0
465000, 39952, 1, 0
466000, 39996, 1, 0
467000, 40432, 1, 0
468000, 40988, 1, 0
469000, 40008, 1, 0
470000, 39984, 1, 0
471000, 41860, 1, 0
472000, 39796, 1, 0
473000, 39984, 1, 0
474000, 41776, 1, 0
475000, 39964, 1, 0
476000, 39844, 1, 0
477001, 41654, 1, 0
478000, 39664, 1, 0
479000, 40004, 1, 0
480000, 42048, 1, 0
481000, 40024, 1, 0
482000, 39888, 1, 0
483000, 39840, 1, 0
484000, 41736, 1, 0
485000, 39932, 1, 0
486000, 39876, 1, 0
487000, 41620, 1, 0
488000, 39708, 1, 0
489000, 40056, 1, 0
490000, 41712, 1, 0
491000, 39992, 1, 0
492000, 39320, 1, 0
493000, 41688, 1, 0
494000, 39972, 1, 0
495000, 40008, 1, 0
496000, 39652, 1, 0
497000, 41612, 1, 0
498000, 39528, 1, 0
499001, 39956, 1, 0
500000, 41356, 1, 0
501000, 39904, 1, 0
502000, 39776, 1, 0
503000, 41212, 1, 0
504000, 39740, 1, 0
505000, 39924, 1, 0
506000, 40964, 1, 0
507000, 40000, 1, 0
508000, 39908, 1, 0
509000, 39708, 1, 0
510000, 41328, 1, 0
511000, 39956, 1, 0
512000, 40076, 1, 0
513000, 41788, 1, 0
514000, 39920, 1, 0
515000, 40004, 1, 0
516000, 41668, 1, 0
517001, 39872, 1, 0
518000, 39672, 1, 0
519000, 41476, 1, 0
520000, 39888, 1, 0
521000, 40016, 1, 0
522000, 39736, 1, 0
523000, 41524, 1, 0
524000, 40136, 1, 0
525000, 40016, 1, 0
526000, 41636, 1, 0
527000, 39452, 1, 0
528000, 39820, 1, 0
529000, 41160, 1, 0
530000, 39836, 1, 0
531000, 39956, 1, 0
532001, 40891, 1, 0
533000, 39900, 1, 0
534000, 40016, 1, 0
535000, 39940, 1, 0
536000, 40824, 1, 0
537000, 39928, 1, 0
538000, 39684, 1, 0
539000, 41040, 1, 0
540000, 39976, 1, 0
541000, 40024, 1, 0
542000, 41088, 1, 0
543000, 39892, 1, 0
544000, 40108, 1, 0
545000, 41416, 1, 0
546000, 39840, 1, 0
547000, 39920, 1, 0
548000, 39712, 1, 0
549000, 41480, 1, 0
550000, 39956, 1, 0
551000, 39980, 1, 0
552000, 41124, 1, 0
553000, 39920, 1, 0
554001, 39908, 1, 0
555000, 41392, 1, 0
556000, 39736, 1, 0
557000, 40000, 1, 0
558000, 41324, 1, 0
559000, 39824, 1, 0
560000, 39948, 1, 0
561000, 39936, 1, 0
562000, 40892, 1, 0
563000, 40000, 1, 0
564000, 39972, 1, 0
565000, 41196, 1, 0
566000, 39680, 1, 0
567000, 40020, 1, 0
568000, 40872, 1, 0
569000, 39836, 1, 0
570000, 40024, 1, 0
571000, 40844, 1, 0
572000, 39920, 1, 0
573000, 39968, 1, 0
574000, 39912, 1, 0
575000, 41012, 1, 0
576000, 39776, 1, 0
577000, 39752, 1, 0
578000, 40776, 1, 0
579000, 39932, 1, 0
580000, 39972, 1, 0
581000, 40948, 1, 0
582000, 39732, 1, 0
583000, 40008, 1, 0
584000, 40764, 1, 0
585000, 40032, 1, 0
586000, 40016, 1, 0
587000, 39872, 1, 0
588000, 40844, 1, 0
589000, 39976, 1, 0
590000, 39768, 1, 0
591000, 40860, 1, 0
592000, 39704, 1, 0
593000, 39996, 1, 0
594000, 40540, 1, 0
595000, 39980, 1, 0
596000, 40016, 1, 0
597000, 40040, 1, 0
598000, 40552, 1, 0
599000, 40004, 1, 0
