1000, 49672, 1, 0
2000, 49156, 1, 0
3000, 49776, 1, 0
4000, 45735, 1, 0
5000, 49292, 1, 0
6000, 45692, 1, 0
7000, 46399, 1, 0
8000, 49466, 1, 0
9000, 45538, 1, 0
10000, 47351, 1, 0
11000, 48260, 1, 0
12000, 45671, 1, 0
13000, 49558, 1, 0
14000, 45840, 1, 0
15000, 45874, 1, 0
16000, 49293, 1, 0
17000, 46165, 1, 0
18000, 45689, 1, 0
19000, 49512, 1, 0
20000, 45594, 1, 0
21000, 46316, 1, 0
22000, 48600, 1, 0
23000, 45681, 1, 0
24000, 49139, 1, 0
25000, 45680, 1, 0
26000, 45572, 1, 0
27000, 49530, 1, 0
28000, 45385, 1, 0
29000, 45477, 1, 0
30000, 49814, 1, 0
31000, 45607, 1, 0
32000, 45779, 1, 0
33000, 49643, 1, 0
34000, 45686, 1, 0
35000, 47480, 1, 0
36000, 47488, 1, 0
37000, 45885, 1, 0
38000, 49793, 1, 0
39000, 46038, 1, 0
40000, 46150, 1, 0
41000, 49512, 1, 0
42000, 45930, 1, 0
43000, 46274, 1, 0
44000, 49323, 1, 0
45000, 46024, 1, 0
46000, 47372, 1, 0
47000, 47998, 1, 0
48000, 46196, 1, 0
49000, 49435, 1, 0
50000, 46175, 1, 0
51000, 46111, 1, 0
52000, 49463, 1, 0
53000, 45776, 1, 0
54000, 46057, 1, 0
55000, 49416, 1, 0
56000, 45926, 1, 0
57000, 48166, 1, 0
58000, 47862, 1, 0
59000, 46245, 1, 0
60000, 49742, 1, 0
