1011, 17227, 1, 0
2005, 17386, 1, 0
3016, 17275, 1, 0
4011, 17593, 1, 0
5005, 17014, 1, 0
6000, 17169, 1, 0
7011, 16463, 1, 0
8006, 17276, 1, 0
9000, 19296, 1, 0
10012, 17344, 1, 0
11006, 17840, 1, 0
12000, 17919, 1, 0
13013, 17502, 1, 0
14007, 18069, 1, 0
15002, 18869, 1, 0
16013, 19704, 1, 0
17008, 17008, 1, 0
18003, 17461, 1, 0
19014, 18837, 1, 0
20009, 16806, 1, 0
21004, 17382, 1, 0
22015, 17435, 1, 0
23010, 19095, 1, 0
24004, 18503, 1, 0
25015, 18097, 1, 0
26010, 17746, 1, 0
27004, 17597, 1, 0
28016, 17360, 1, 0
29010, 18365, 1, 0
30005, 18237, 1, 0
