1000, 39952, 1, 0
2000, 39796, 1, 0
3000, 39980, 1, 0
4000, 39868, 1, 0
5000, 39924, 1, 0
6000, 39908, 1, 0
7000, 40156, 1, 0
8000, 39292, 1, 0
9000, 39900, 1, 0
10000, 40028, 1, 0
11000, 39864, 1, 0
12000, 39656, 1, 0
13000, 39920, 1, 0
14000, 39976, 1, 0
15000, 39960, 1, 0
16000, 39792, 1, 0
17000, 40116, 1, 0
18000, 39740, 1, 0
19000, 39844, 1, 0
20000, 39956, 1, 0
21000, 39936, 1, 0
22000, 39608, 1, 0
23000, 40368, 1, 0
24000, 40008, 1, 0
25000, 39996, 1, 0
26000, 39592, 1, 0
27000, 40552, 1, 0
28000, 39680, 1, 0
29000, 39776, 1, 0
30000, 40376, 1, 0
31000, 39968, 1, 0
32000, 39612, 1, 0
33000, 40504, 1, 0
34000, 39860, 1, 0
35000, 40132, 1, 0
36000, 39896, 1, 0
37000, 40380, 1, 0
38000, 39652, 1, 0
39000, 39904, 1, 0
40000, 40572, 1, 0
41000, 39920, 1, 0
42000, 39752, 1, 0
43001, 40503, 1, 0
44000, 39920, 1, 0
45000, 40012, 1, 0
46000, 40348, 1, 0
47000, 39884, 1, 0
48000, 39716, 1, 0
49000, 39824, 1, 0
50000, 40432, 1, 0
51000, 39968, 1, 0
52000, 39936, 1, 0
53000, 40252, 1, 0
54000, 39884, 1, 0
55000, 39940, 1, 0
56000, 40288, 1, 0
57000, 39932, 1, 0
58000, 39700, 1, 0
59000, 40124, 1, 0
60000, 40520, 1, 0
61000, 39872, 1, 0
62000, 39516, 1, 0
63000, 40580, 1, 0
64000, 39980, 1, 0
65000, 39872, 1, 0
66000, 40560, 1, 0
67000, 40084, 1, 0
68001, 39932, 1, 0
69000, 40296, 1, 0
70000, 39912, 1, 0
71000, 39912, 1, 0
72000, 39816, 1, 0
73000, 40548, 1, 0
74000, 39952, 1, 0
75000, 40016, 1, 0
76000, 40220, 1, 0
77000, 39988, 1, 0
78000, 39716, 1, 0
79000, 40432, 1, 0
80000, 40052, 1, 0
81000, 40028, 1, 0
82000, 40132, 1, 0
83000, 39972, 1, 0
84000, 39976, 1, 0
85000, 40028, 1, 0
86000, 39916, 1, 0
87000, 40012, 1, 0
88000, 39620, 1, 0
89000, 39820, 1, 0
90000, 39940, 1, 0
91000, 39952, 1, 0
92001, 39752, 1, 0
93000, 39892, 1, 0
94000, 39776, 1, 0
95000, 40088, 1, 0
96000, 39224, 1, 0
97000, 40132, 1, 0
98000, 39696, 1, 0
99000, 40424, 1, 0
100001, 39920, 1, 0
101000, 39860, 1, 0
102000, 40300, 1, 0
103000, 39984, 1, 0
104000, 39616, 1, 0
105000, 40704, 1, 0
106000, 39820, 1, 0
107000, 39984, 1, 0
108001, 39696, 1, 0
109000, 40696, 1, 0
110000, 39856, 1, 0
111000, 39968, 1, 0
112000, 40448, 1, 0
113000, 39976, 1, 0
114000, 40016, 1, 0
115000, 40504, 1, 0
116000, 39868, 1, 0
117001, 40000, 1, 0
118000, 40252, 1, 0
119000, 39940, 1, 0
120000, 39768, 1, 0
121000, 40004, 1, 0
122000, 40424, 1, 0
123000, 40016, 1, 0
124000, 39976, 1, 0
125000, 40672, 1, 0
126000, 39708, 1, 0
127000, 39996, 1, 0
128000, 40364, 1, 0
129000, 39908, 1, 0
130000, 39920, 1, 0
131000, 39968, 1, 0
132000, 40720, 1, 0
133001, 39944, 1, 0
134000, 39968, 1, 0
135000, 40708, 1, 0
136000, 39688, 1, 0
137000, 39980, 1, 0
138000, 40592, 1, 0
139000, 39988, 1, 0
140001, 39884, 1, 0
141000, 40684, 1, 0
142000, 39700, 1, 0
143000, 39896, 1, 0
144000, 40092, 1, 0
145000, 40500, 1, 0
146000, 40020, 1, 0
147000, 39980, 1, 0
148000, 40412, 1, 0
149000, 39640, 1, 0
150001, 40019, 1, 0
151000, 40540, 1, 0
152000, 39884, 1, 0
153000, 39940, 1, 0
154000, 40268, 1, 0
155000, 39948, 1, 0
156000, 39812, 1, 0
157000, 39968, 1, 0
158000, 40360, 1, 0
159000, 39924, 1, 0
160000, 39776, 1, 0
161000, 40688, 1, 0
162000, 39632, 1, 0
163000, 39996, 1, 0
164000, 40848, 1, 0
165000, 39884, 1, 0
166000, 39848, 1, 0
167000, 40724, 1, 0
168000, 39932, 1, 0
169000, 39992, 1, 0
170000, 40080, 1, 0
171000, 40696, 1, 0
172000, 39804, 1, 0
173000, 39932, 1, 0
174000, 40656, 1, 0
175000, 40008, 1, 0
176000, 39968, 1, 0
177000, 40584, 1, 0
178000, 39956, 1, 0
179000, 39964, 1, 0
180000, 39668, 1, 0
181001, 40499, 1, 0
182000, 39664, 1, 0
183000, 39976, 1, 0
184000, 40736, 1, 0
185000, 39960, 1, 0
186001, 39792, 1, 0
187000, 40676, 1, 0
188000, 39956, 1, 0
189000, 39912, 1, 0
190000, 40588, 1, 0
191000, 39960, 1, 0
192000, 39608, 1, 0
193000, 39972, 1, 0
194001, 40147, 1, 0
195000, 39920, 1, 0
196000, 39836, 1, 0
197001, 40891, 1, 0
198000, 39860, 1, 0
199000, 40036, 1, 0
200000, 40900, 1, 0
201000, 39984, 1, 0
202000, 39732, 1, 0
203000, 40904, 1, 0
204000, 39864, 1, 0
205000, 39924, 1, 0
206000, 39972, 1, 0
207000, 40940, 1, 0
208000, 39740, 1, 0
209000, 39960, 1, 0
210000, 40864, 1, 0
211001, 39944, 1, 0
212000, 39600, 1, 0
213000, 41032, 1, 0
214000, 39964, 1, 0
215000, 39968, 1, 0
216000, 40924, 1, 0
217000, 40012, 1, 0
218001, 39972, 1, 0
219000, 40000, 1, 0
220000, 40676, 1, 0
221000, 39924, 1, 0
222000, 39556, 1, 0
223000, 40968, 1, 0
224000, 40072, 1, 0
225000, 40076, 1, 0
226000, 40536, 1, 0
227001, 39976, 1, 0
228000, 39552, 1, 0
229000, 40744, 1, 0
230000, 39864, 1, 0
231000, 39996, 1, 0
232000, 39700, 1, 0
233000, 40764, 1, 0
234000, 39976, 1, 0
235000, 39920, 1, 0
236001, 40551, 1, 0
237000, 39952, 1, 0
238000, 39820, 1, 0
239000, 40644, 1, 0
240000, 39852, 1, 0
241000, 40064, 1, 0
242000, 39740, 1, 0
243000, 40604, 1, 0
244000, 39992, 1, 0
245000, 39784, 1, 0
246000, 40500, 1, 0
247000, 40000, 1, 0
248000, 39592, 1, 0
249000, 40628, 1, 0
250000, 39984, 1, 0
251001, 40055, 1, 0
252000, 40276, 1, 0
253000, 40040, 1, 0
254000, 39996, 1, 0
255000, 39980, 1, 0
256000, 40036, 1, 0
257000, 40052, 1, 0
258000, 40140, 1, 0
259000, 40036, 1, 0
260000, 40040, 1, 0
261000, 40012, 1, 0
262000, 39672, 1, 0
263000, 39816, 1, 0
264000, 39828, 1, 0
265001, 40211, 1, 0
266000, 39852, 1, 0
267000, 39860, 1, 0
268000, 39808, 1, 0
269000, 40640, 1, 0
270000, 39928, 1, 0
271000, 39908, 1, 0
272000, 40420, 1, 0
273000, 39948, 1, 0
274000, 39796, 1, 0
275000, 40664, 1, 0
276000, 39716, 1, 0
277000, 40032, 1, 0
278000, 39812, 1, 0
279001, 40723, 1, 0
280000, 39960, 1, 0
281000, 39884, 1, 0
282000, 40372, 1, 0
283000, 40068, 1, 0
284000, 39828, 1, 0
285000, 40716, 1, 0
286000, 40060, 1, 0
287001, 39912, 1, 0
288000, 40196, 1, 0
289000, 40028, 1, 0
290000, 39976, 1, 0
291000, 39988, 1, 0
292000, 40224, 1, 0
293000, 39936, 1, 0
294000, 39956, 1, 0
295000, 40176, 1, 0
296000, 39816, 1, 0
297000, 39952, 1, 0
298000, 40312, 1, 0
299000, 40040, 1, 0
300000, 39896, 1, 0
301001, 40091, 1, 0
302000, 39908, 1, 0
303000, 40068, 1, 0
304001, 39852, 1, 0
305000, 40044, 1, 0
306000, 39768, 1, 0
307000, 39996, 1, 0
308000, 40124, 1, 0
309001, 40051, 1, 0
310000, 39900, 1, 0
311000, 40160, 1, 0
312000, 40092, 1, 0
313000, 40088, 1, 0
314000, 39684, 1, 0
315000, 40712, 1, 0
316000, 39744, 1, 0
317001, 39968, 1, 0
318000, 40616, 1, 0
319000, 40128, 1, 0
320000, 40024, 1, 0
321000, 40892, 1, 0
322000, 39660, 1, 0
323000, 39976, 1, 0
324000, 40608, 1, 0
325001, 39760, 1, 0
326000, 39892, 1, 0
327000, 39916, 1, 0
328000, 40272, 1, 0
329000, 39988, 1, 0
330000, 39764, 1, 0
331001, 40000, 1, 0
332000, 39524, 1, 0
333000, 39904, 1, 0
334001, 40111, 1, 0
335000, 40164, 1, 0
336000, 39604, 1, 0
337001, 39976, 1, 0
338000, 39552, 1, 0
339000, 39980, 1, 0
340000, 39968, 1, 0
341000, 40324, 1, 0
342000, 39836, 1, 0
343000, 39984, 1, 0
344000, 40312, 1, 0
345000, 40036, 1, 0
346000, 39808, 1, 0
347000, 40216, 1, 0
348000, 39904, 1, 0
349000, 39856, 1, 0
350000, 39992, 1, 0
351000, 40340, 1, 0
352001, 39648, 1, 0
353000, 39984, 1, 0
354000, 40104, 1, 0
355000, 39944, 1, 0
356000, 39936, 1, 0
357000, 40084, 1, 0
358000, 39836, 1, 0
359000, 39920, 1, 0
360000, 40096, 1, 0
361000, 39936, 1, 0
362000, 39804, 1, 0
363000, 39840, 1, 0
364001, 40195, 1, 0
365000, 39940, 1, 0
366000, 39528, 1, 0
367000, 40300, 1, 0
368000, 39780, 1, 0
369000, 39856, 1, 0
370000, 40304, 1, 0
371000, 39880, 1, 0
372000, 39488, 1, 0
373000, 39868, 1, 0
374000, 40892, 1, 0
375000, 40068, 1, 0
376000, 39876, 1, 0
377001, 40771, 1, 0
378000, 39616, 1, 0
379000, 39992, 1, 0
380000, 41128, 1, 0
381000, 39868, 1, 0
382000, 39724, 1, 0
383000, 40980, 1, 0
384000, 39948, 1, 0
385000, 39956, 1, 0
386000, 39780, 1, 0
387000, 40868, 1, 0
388000, 39564, 1, 0
389000, 39624, 1, 0
390000, 41336, 1, 0
391000, 39924, 1, 0
392000, 39688, 1, 0
393000, 41236, 1, 0
394001, 40083, 1, 0
395000, 39728, 1, 0
396000, 40952, 1, 0
397000, 39872, 1, 0
398000, 39188, 1, 0
399000, 39892, 1, 0
400001, 41694, 1, 0
401000, 39792, 1, 0
402000, 39760, 1, 0
403000, 41696, 1, 0
404000, 40068, 1, 0
405000, 39912, 1, 0
406000, 41432, 1, 0
407000, 39944, 1, 0
408000, 39780, 1, 0
409000, 41728, 1, 0
410000, 40036, 1, 0
411001, 39840, 1, 0
412000, 39816, 1, 0
413000, 41408, 1, 0
414000, 39940, 1, 0
415000, 40020, 1, 0
416000, 41572, 1, 0
417000, 40016, 1, 0
418000, 39824, 1, 0
419000, 41796, 1, 0
420000, 39800, 1, 0
421000, 39900, 1, 0
422000, 41656, 1, 0
423000, 40004, 1, 0
424000, 39972, 1, 0
425000, 41308, 1, 0
426001, 40647, 1, 0
427000, 40072, 1, 0
428000, 39996, 1, 0
429000, 41920, 1, 0
430000, 39928, 1, 0
431000, 39852, 1, 0
432000, 42056, 1, 0
433000, 39848, 1, 0
434000, 39708, 1, 0
435000, 42184, 1, 0
436000, 39612, 1, 0
437000, 39896, 1, 0
438000, 42148, 1, 0
439000, 39912, 1, 0
440000, 39916, 1, 0
441000, 39868, 1, 0
442000, 42268, 1, 0
443000, 39948, 1, 0
444001, 39932, 1, 0
445000, 42340, 1, 0
446000, 39832, 1, 0
447000, 39936, 1, 0
448000, 42096, 1, 0
449000, 40020, 1, 0
450000, 39736, 1, 0
451000, 42036, 1, 0
452000, 39708, 1, 0
453001, 39892, 1, 0
454000, 39892, 1, 0
455000, 42132, 1, 0
456000, 39984, 1, 0
457000, 39980, 1, 0
458000, 41820, 1, 0
459000, 39968, 1, 0
460000, 39856, 1, 0
461000, 41812, 1, 0
462000, 39512, 1, 0
463000, 40008, 1, 0
464000, 41972, 1, 0
465000, 39980, 1, 0
466000, 39784, 1, 0
467000, 40444, 1, 0
468000, 41412, 1, 0
469000, 40012, 1, 0
470001, 39956, 1, 0
471000, 41792, 1, 0
472000, 39748, 1, 0
473000, 39996, 1, 0
474000, 41932, 1, 0
475000, 39984, 1, 0
476000, 39920, 1, 0
477000, 41732, 1, 0
478000, 39688, 1, 0
479000, 39924, 1, 0
480000, 41636, 1, 0
481000, 39908, 1, 0
482000, 39700, 1, 0
483001, 39952, 1, 0
484000, 41920, 1, 0
485000, 39948, 1, 0
486000, 39728, 1, 0
487000, 42036, 1, 0
488000, 39884, 1, 0
489000, 39808, 1, 0
490000, 41752, 1, 0
491000, 39972, 1, 0
492001, 39532, 1, 0
493000, 41652, 1, 0
494000, 39956, 1, 0
495000, 40004, 1, 0
496000, 39640, 1, 0
497000, 41756, 1, 0
498000, 39892, 1, 0
499000, 40016, 1, 0
500000, 41612, 1, 0
501000, 40028, 1, 0
502000, 39476, 1, 0
503000, 41448, 1, 0
504000, 40160, 1, 0
505000, 40076, 1, 0
506000, 40932, 1, 0
507000, 39876, 1, 0
508000, 39692, 1, 0
509000, 39684, 1, 0
510000, 41204, 1, 0
511001, 39908, 1, 0
512000, 39128, 1, 0
513000, 41732, 1, 0
514000, 39948, 1, 0
515000, 39892, 1, 0
516000, 41772, 1, 0
517000, 40016, 1, 0
518000, 39720, 1, 0
519000, 41724, 1, 0
520000, 40040, 1, 0
521000, 39924, 1, 0
522000, 39804, 1, 0
523000, 41584, 1, 0
524000, 39800, 1, 0
525000, 39972, 1, 0
526000, 41524, 1, 0
527000, 40316, 1, 0
528001, 39940, 1, 0
529000, 41348, 1, 0
530000, 40056, 1, 0
531000, 40056, 1, 0
532000, 40828, 1, 0
533000, 39996, 1, 0
534000, 39980, 1, 0
535001, 39948, 1, 0
536000, 40888, 1, 0
537000, 39868, 1, 0
538000, 39856, 1, 0
539000, 41024, 1, 0
540000, 39992, 1, 0
541000, 39828, 1, 0
542000, 40748, 1, 0
543000, 39912, 1, 0
544000, 39872, 1, 0
545000, 41204, 1, 0
546000, 39728, 1, 0
547000, 39816, 1, 0
548001, 39736, 1, 0
549000, 41428, 1, 0
550001, 39968, 1, 0
551000, 39940, 1, 0
552001, 41182, 1, 0
553000, 40036, 1, 0
554000, 39996, 1, 0
555000, 41384, 1, 0
556000, 39896, 1, 0
557000, 39880, 1, 0
558000, 41236, 1, 0
559001, 40087, 1, 0
560000, 40012, 1, 0
561001, 39948, 1, 0
562000, 40988, 1, 0
563000, 40012, 1, 0
564000, 39960, 1, 0
565000, 41236, 1, 0
566000, 39948, 1, 0
567000, 39912, 1, 0
568001, 40807, 1, 0
569000, 40004, 1, 0
570001, 39880, 1, 0
571000, 40996, 1, 0
572000, 39724, 1, 0
573000, 39972, 1, 0
574000, 40040, 1, 0
575000, 41020, 1, 0
576000, 39808, 1, 0
577000, 39804, 1, 0
578000, 40804, 1, 0
579001, 39948, 1, 0
580000, 39948, 1, 0
581000, 41000, 1, 0
582000, 39704, 1, 0
583000, 40024, 1, 0
584000, 40912, 1, 0
585000, 39976, 1, 0
586000, 39712, 1, 0
587000, 39904, 1, 0
588000, 40884, 1, 0
589000, 40028, 1, 0
590001, 40103, 1, 0
591000, 40836, 1, 0
592000, 39716, 1, 0
593000, 39948, 1, 0
594000, 40868, 1, 0
595000, 39964, 1, 0
596000, 39760, 1, 0
597000, 39924, 1, 0
598000, 40584, 1, 0
599000, 40012, 1, 0
600000, 39948, 1, 0
