1000, 36408, 1, 0
2000, 36768, 1, 0
3000, 36772, 1, 0
4000, 36812, 1, 0
5000, 36656, 1, 0
6000, 36476, 1, 0
7000, 36928, 1, 0
8000, 37004, 1, 0
9000, 36768, 1, 0
10000, 36672, 1, 0
11000, 36960, 1, 0
12000, 36840, 1, 0
13000, 36960, 1, 0
14000, 36952, 1, 0
15000, 36924, 1, 0
16001, 36651, 1, 0
17000, 36948, 1, 0
18000, 36928, 1, 0
19000, 36768, 1, 0
20000, 36576, 1, 0
21000, 36904, 1, 0
22000, 36856, 1, 0
23000, 36840, 1, 0
24000, 36980, 1, 0
25000, 36716, 1, 0
26000, 36696, 1, 0
27000, 37024, 1, 0
28000, 36984, 1, 0
29000, 36840, 1, 0
30000, 36616, 1, 0
31001, 36723, 1, 0
32000, 36520, 1, 0
33000, 37044, 1, 0
34000, 36740, 1, 0
35000, 36940, 1, 0
36000, 36204, 1, 0
37000, 36256, 1, 0
38000, 37000, 1, 0
39000, 36772, 1, 0
40000, 36492, 1, 0
41000, 37020, 1, 0
42000, 36992, 1, 0
43000, 37056, 1, 0
44000, 36852, 1, 0
45000, 36888, 1, 0
46000, 36668, 1, 0
47000, 36868, 1, 0
48000, 36956, 1, 0
49000, 36908, 1, 0
50000, 36832, 1, 0
51000, 37144, 1, 0
52000, 37068, 1, 0
53000, 37064, 1, 0
54000, 36928, 1, 0
55000, 36948, 1, 0
56000, 36776, 1, 0
57000, 37132, 1, 0
58000, 37484, 1, 0
59000, 37228, 1, 0
60000, 36904, 1, 0
61000, 37524, 1, 0
62000, 37168, 1, 0
63001, 37310, 1, 0
64000, 36784, 1, 0
65000, 37296, 1, 0
66000, 37124, 1, 0
67000, 37400, 1, 0
68000, 37356, 1, 0
69000, 37192, 1, 0
70000, 37140, 1, 0
71000, 37556, 1, 0
72001, 37470, 1, 0
73000, 37412, 1, 0
74000, 37304, 1, 0
75000, 37088, 1, 0
76000, 36796, 1, 0
77000, 37312, 1, 0
78000, 37240, 1, 0
79000, 36920, 1, 0
80000, 36976, 1, 0
81000, 37340, 1, 0
82000, 37284, 1, 0
83000, 37372, 1, 0
84000, 37368, 1, 0
85000, 37316, 1, 0
86000, 36804, 1, 0
87000, 37340, 1, 0
88000, 37244, 1, 0
89000, 36556, 1, 0
90000, 36976, 1, 0
91000, 37460, 1, 0
92000, 37268, 1, 0
93000, 37096, 1, 0
94000, 37252, 1, 0
95000, 36884, 1, 0
96000, 36808, 1, 0
97000, 37292, 1, 0
98000, 37364, 1, 0
99000, 37116, 1, 0
100001, 36891, 1, 0
101000, 37328, 1, 0
102000, 37444, 1, 0
103000, 37388, 1, 0
104001, 37274, 1, 0
105000, 37160, 1, 0
106000, 36788, 1, 0
107000, 37408, 1, 0
108000, 37476, 1, 0
109000, 37108, 1, 0
110000, 36976, 1, 0
111000, 37328, 1, 0
112000, 37352, 1, 0
113000, 36768, 1, 0
114000, 37200, 1, 0
115000, 37256, 1, 0
116000, 36976, 1, 0
117000, 37296, 1, 0
118000, 37216, 1, 0
119000, 36968, 1, 0
120000, 37024, 1, 0
121000, 37348, 1, 0
122000, 37144, 1, 0
123000, 37452, 1, 0
124000, 37348, 1, 0
125000, 37396, 1, 0
126000, 36816, 1, 0
127000, 37108, 1, 0
128000, 37136, 1, 0
129000, 37036, 1, 0
130000, 36712, 1, 0
131000, 37116, 1, 0
132000, 37464, 1, 0
133001, 37226, 1, 0
134000, 37144, 1, 0
135000, 37212, 1, 0
136000, 36772, 1, 0
137000, 37148, 1, 0
138000, 37336, 1, 0
139000, 37124, 1, 0
140000, 37264, 1, 0
141000, 37060, 1, 0
142000, 37360, 1, 0
143000, 37344, 1, 0
144000, 37380, 1, 0
145000, 37424, 1, 0
146000, 37044, 1, 0
147000, 37364, 1, 0
148000, 37416, 1, 0
149000, 37276, 1, 0
150000, 37200, 1, 0
151000, 37192, 1, 0
152000, 37356, 1, 0
153000, 37348, 1, 0
154000, 37408, 1, 0
155000, 37392, 1, 0
156000, 36860, 1, 0
157000, 37428, 1, 0
158000, 37180, 1, 0
159000, 37256, 1, 0
160000, 37216, 1, 0
161000, 37232, 1, 0
162000, 37380, 1, 0
163000, 37348, 1, 0
164000, 37340, 1, 0
165000, 37376, 1, 0
166000, 36928, 1, 0
167000, 37284, 1, 0
168000, 37380, 1, 0
169000, 37036, 1, 0
170000, 37032, 1, 0
171001, 37098, 1, 0
172000, 37192, 1, 0
173000, 37108, 1, 0
174000, 37196, 1, 0
175000, 37248, 1, 0
176000, 36716, 1, 0
177000, 37196, 1, 0
178000, 37148, 1, 0
179000, 37196, 1, 0
180000, 37236, 1, 0
181000, 37316, 1, 0
182000, 37204, 1, 0
183000, 37316, 1, 0
184000, 37268, 1, 0
185000, 37384, 1, 0
186000, 36984, 1, 0
187000, 37324, 1, 0
188000, 37212, 1, 0
189000, 36960, 1, 0
190000, 37100, 1, 0
191000, 37044, 1, 0
192000, 37200, 1, 0
193000, 37256, 1, 0
194000, 37332, 1, 0
195000, 37328, 1, 0
196000, 36856, 1, 0
197000, 37312, 1, 0
198000, 37400, 1, 0
199000, 37052, 1, 0
200000, 37184, 1, 0
201001, 37182, 1, 0
202000, 37392, 1, 0
203000, 37432, 1, 0
204000, 37432, 1, 0
205000, 37452, 1, 0
206000, 36944, 1, 0
207000, 37280, 1, 0
208000, 37372, 1, 0
209000, 36964, 1, 0
210000, 37084, 1, 0
211000, 37236, 1, 0
212000, 37420, 1, 0
213001, 37234, 1, 0
214000, 37276, 1, 0
215000, 37248, 1, 0
216000, 36988, 1, 0
217000, 37204, 1, 0
218000, 37252, 1, 0
219000, 37316, 1, 0
220000, 37244, 1, 0
221000, 37228, 1, 0
222000, 37380, 1, 0
223000, 37300, 1, 0
224000, 37464, 1, 0
225000, 37472, 1, 0
226000, 37060, 1, 0
227000, 37368, 1, 0
228000, 37520, 1, 0
229000, 37128, 1, 0
230000, 37176, 1, 0
231000, 37016, 1, 0
232000, 37440, 1, 0
233000, 37404, 1, 0
234000, 37244, 1, 0
235000, 37436, 1, 0
236000, 36840, 1, 0
237000, 37252, 1, 0
238000, 37356, 1, 0
239000, 36848, 1, 0
240000, 37056, 1, 0
241000, 37220, 1, 0
242000, 37372, 1, 0
243001, 37350, 1, 0
244000, 37384, 1, 0
245000, 37368, 1, 0
246000, 37032, 1, 0
247000, 37208, 1, 0
248000, 37056, 1, 0
249000, 37152, 1, 0
250000, 37000, 1, 0
251000, 37268, 1, 0
252000, 37404, 1, 0
253000, 37324, 1, 0
254000, 37196, 1, 0
255001, 37294, 1, 0
256000, 36908, 1, 0
257000, 37292, 1, 0
258000, 37412, 1, 0
259000, 36856, 1, 0
260000, 37096, 1, 0
261000, 37296, 1, 0
262000, 37304, 1, 0
263000, 36068, 1, 0
264000, 34864, 1, 0
265000, 34568, 1, 0
266000, 34144, 1, 0
267000, 35184, 1, 0
268000, 35616, 1, 0
269000, 35900, 1, 0
270000, 36100, 1, 0
271000, 36320, 1, 0
272000, 36492, 1, 0
273000, 36796, 1, 0
274000, 36856, 1, 0
275000, 37344, 1, 0
276000, 36984, 1, 0
277000, 37380, 1, 0
278000, 37256, 1, 0
279000, 37236, 1, 0
280000, 37144, 1, 0
281000, 37160, 1, 0
282000, 37476, 1, 0
283000, 37496, 1, 0
284000, 37280, 1, 0
285000, 37448, 1, 0
286000, 37084, 1, 0
287000, 37420, 1, 0
288000, 37496, 1, 0
289000, 37244, 1, 0
290000, 37088, 1, 0
291000, 37192, 1, 0
292000, 37284, 1, 0
293000, 37300, 1, 0
294000, 37216, 1, 0
295000, 37316, 1, 0
296000, 36960, 1, 0
297000, 37056, 1, 0
298000, 37456, 1, 0
299000, 37132, 1, 0
300000, 37184, 1, 0
301000, 37456, 1, 0
302001, 37022, 1, 0
303000, 37276, 1, 0
304000, 37308, 1, 0
305000, 37296, 1, 0
306000, 36940, 1, 0
307000, 37332, 1, 0
308000, 37040, 1, 0
309000, 37012, 1, 0
310000, 37056, 1, 0
311000, 37236, 1, 0
312000, 37060, 1, 0
313000, 37160, 1, 0
314000, 37076, 1, 0
315000, 37396, 1, 0
316000, 36708, 1, 0
317000, 37228, 1, 0
318000, 37180, 1, 0
319000, 37112, 1, 0
320000, 36980, 1, 0
321000, 37304, 1, 0
322001, 37182, 1, 0
323000, 37416, 1, 0
324000, 37352, 1, 0
325000, 37484, 1, 0
326000, 37076, 1, 0
327000, 37092, 1, 0
328000, 37336, 1, 0
329000, 37208, 1, 0
330000, 36912, 1, 0
331000, 36932, 1, 0
332000, 37000, 1, 0
333000, 37176, 1, 0
334000, 37216, 1, 0
335000, 37248, 1, 0
336000, 36888, 1, 0
337000, 37108, 1, 0
338000, 37308, 1, 0
339000, 37152, 1, 0
340000, 37004, 1, 0
341000, 37336, 1, 0
342001, 37054, 1, 0
343000, 37172, 1, 0
344000, 37132, 1, 0
345000, 37396, 1, 0
346000, 36932, 1, 0
347000, 37100, 1, 0
348000, 37296, 1, 0
349000, 36976, 1, 0
350000, 37112, 1, 0
351000, 37316, 1, 0
352000, 37196, 1, 0
353000, 37428, 1, 0
354000, 37408, 1, 0
355000, 37372, 1, 0
356000, 37240, 1, 0
357000, 37180, 1, 0
358000, 37344, 1, 0
359000, 37092, 1, 0
360000, 37188, 1, 0
361000, 37360, 1, 0
362000, 37056, 1, 0
363000, 37384, 1, 0
364000, 37280, 1, 0
365000, 37336, 1, 0
366000, 36844, 1, 0
367001, 37262, 1, 0
368000, 37192, 1, 0
369000, 37132, 1, 0
370000, 37132, 1, 0
371000, 37328, 1, 0
372000, 37268, 1, 0
373000, 37400, 1, 0
374000, 37132, 1, 0
375000, 37260, 1, 0
376000, 36488, 1, 0
377000, 37280, 1, 0
378000, 37188, 1, 0
379000, 37208, 1, 0
380000, 37144, 1, 0
381001, 37430, 1, 0
382000, 37336, 1, 0
383000, 37492, 1, 0
384000, 37452, 1, 0
385000, 37376, 1, 0
386000, 37052, 1, 0
387000, 37296, 1, 0
388001, 37246, 1, 0
389000, 37128, 1, 0
390000, 37104, 1, 0
391000, 37360, 1, 0
392000, 37160, 1, 0
393000, 37292, 1, 0
394000, 37156, 1, 0
395000, 37308, 1, 0
396000, 36868, 1, 0
397000, 37224, 1, 0
398000, 37236, 1, 0
399000, 37312, 1, 0
400000, 36984, 1, 0
401000, 37048, 1, 0
402000, 37184, 1, 0
403000, 37372, 1, 0
404000, 37256, 1, 0
405000, 37316, 1, 0
406000, 37100, 1, 0
407000, 37388, 1, 0
408000, 37424, 1, 0
409000, 37280, 1, 0
410000, 37104, 1, 0
411000, 37360, 1, 0
412000, 37120, 1, 0
413000, 37472, 1, 0
414000, 37312, 1, 0
415000, 37480, 1, 0
416000, 37000, 1, 0
417000, 37316, 1, 0
418001, 37302, 1, 0
419000, 37224, 1, 0
420000, 37056, 1, 0
421000, 37308, 1, 0
422000, 37192, 1, 0
423000, 36828, 1, 0
424000, 37112, 1, 0
425000, 37436, 1, 0
426000, 37000, 1, 0
427001, 37294, 1, 0
428000, 37340, 1, 0
429000, 37148, 1, 0
430000, 37092, 1, 0
431000, 37352, 1, 0
432000, 37288, 1, 0
433000, 37344, 1, 0
434000, 37336, 1, 0
435000, 37432, 1, 0
436000, 36864, 1, 0
437000, 37188, 1, 0
438000, 37300, 1, 0
439000, 37124, 1, 0
440000, 37048, 1, 0
441000, 37324, 1, 0
442000, 37188, 1, 0
443000, 37424, 1, 0
444000, 37256, 1, 0
445000, 37332, 1, 0
446000, 37108, 1, 0
447000, 37276, 1, 0
448000, 37512, 1, 0
449000, 37348, 1, 0
450000, 37344, 1, 0
451000, 36908, 1, 0
452000, 37308, 1, 0
453000, 37380, 1, 0
454000, 37288, 1, 0
455000, 37404, 1, 0
456000, 36772, 1, 0
457000, 37284, 1, 0
458000, 37244, 1, 0
459000, 37288, 1, 0
460000, 37208, 1, 0
461000, 37432, 1, 0
462000, 37316, 1, 0
463000, 37492, 1, 0
464000, 37268, 1, 0
465000, 37428, 1, 0
466000, 36916, 1, 0
467000, 37092, 1, 0
468000, 37136, 1, 0
469000, 37084, 1, 0
470000, 37056, 1, 0
471000, 37268, 1, 0
472001, 37298, 1, 0
473000, 36904, 1, 0
474000, 37316, 1, 0
475000, 37160, 1, 0
476000, 37060, 1, 0
477001, 37190, 1, 0
478000, 37388, 1, 0
479000, 37244, 1, 0
480000, 37148, 1, 0
481000, 37360, 1, 0
482000, 37456, 1, 0
483000, 37228, 1, 0
484000, 37316, 1, 0
485000, 37344, 1, 0
486000, 37088, 1, 0
487000, 37440, 1, 0
488000, 37360, 1, 0
489000, 37260, 1, 0
490000, 37244, 1, 0
491000, 37324, 1, 0
492000, 37280, 1, 0
493000, 37272, 1, 0
494000, 37296, 1, 0
495000, 37160, 1, 0
496000, 36916, 1, 0
497000, 37148, 1, 0
498000, 37176, 1, 0
499000, 37124, 1, 0
500000, 37068, 1, 0
501000, 37264, 1, 0
502000, 37360, 1, 0
503000, 37192, 1, 0
504000, 37276, 1, 0
505000, 37268, 1, 0
506000, 37216, 1, 0
507000, 37352, 1, 0
508000, 37368, 1, 0
509000, 37192, 1, 0
510000, 37212, 1, 0
511000, 37244, 1, 0
512000, 37296, 1, 0
513000, 37156, 1, 0
514000, 37368, 1, 0
515000, 37364, 1, 0
516000, 37192, 1, 0
517000, 37220, 1, 0
518000, 37296, 1, 0
519000, 37148, 1, 0
520000, 37260, 1, 0
521000, 37420, 1, 0
522000, 37424, 1, 0
523000, 37348, 1, 0
524000, 37260, 1, 0
525000, 37312, 1, 0
526000, 37188, 1, 0
527000, 37264, 1, 0
528000, 37188, 1, 0
529000, 37180, 1, 0
530000, 37124, 1, 0
531000, 37308, 1, 0
532000, 37320, 1, 0
533000, 37260, 1, 0
534000, 37300, 1, 0
535001, 37294, 1, 0
536000, 37012, 1, 0
537000, 37232, 1, 0
538000, 37152, 1, 0
539000, 37104, 1, 0
540000, 37188, 1, 0
541000, 37416, 1, 0
542000, 37456, 1, 0
543000, 37288, 1, 0
544000, 37344, 1, 0
545000, 37388, 1, 0
546000, 37180, 1, 0
547000, 37248, 1, 0
548000, 37148, 1, 0
549000, 37060, 1, 0
550000, 37036, 1, 0
551000, 37348, 1, 0
552000, 37432, 1, 0
553000, 37344, 1, 0
554000, 37428, 1, 0
555000, 37468, 1, 0
556000, 36984, 1, 0
557000, 37324, 1, 0
558000, 37300, 1, 0
559000, 37228, 1, 0
560000, 36964, 1, 0
561000, 37436, 1, 0
562000, 37364, 1, 0
563000, 37368, 1, 0
564000, 37332, 1, 0
565000, 37360, 1, 0
566001, 37094, 1, 0
567000, 37300, 1, 0
568000, 37384, 1, 0
569000, 37088, 1, 0
570000, 37156, 1, 0
571000, 36672, 1, 0
572000, 37172, 1, 0
573000, 37216, 1, 0
574000, 37352, 1, 0
575000, 37416, 1, 0
576000, 36924, 1, 0
577000, 37352, 1, 0
578000, 37208, 1, 0
579000, 36960, 1, 0
580000, 37120, 1, 0
581000, 37324, 1, 0
582000, 37428, 1, 0
583000, 37260, 1, 0
584000, 37476, 1, 0
585000, 37440, 1, 0
586000, 37136, 1, 0
587000, 37388, 1, 0
588000, 37332, 1, 0
589000, 37220, 1, 0
590000, 37360, 1, 0
591000, 37288, 1, 0
592000, 37268, 1, 0
593000, 37084, 1, 0
594000, 37292, 1, 0
595000, 37448, 1, 0
596000, 37168, 1, 0
597000, 37292, 1, 0
598000, 37352, 1, 0
599000, 37196, 1, 0
