1000, 3978220, 1, 0
2000, 3991975, 1, 0
3001, 4143624, 1, 0
4001, 5366291, 1, 0
5001, 5609041, 1, 0
6043, 5622433, 1, 0
7000, 6047314, 1, 0
8001, 5915461, 1, 0
9001, 6360365, 1, 0
10002, 6892414, 1, 0
11045, 8140047, 1, 0
12000, 7756759, 1, 0
13001, 8189489, 1, 0
14029, 9172613, 1, 0
15002, 8444892, 1, 0
16066, 9663315, 1, 0
17018, 9705139, 1, 0
18000, 9344102, 1, 0
19062, 10503681, 1, 0
20023, 11572825, 1, 0
21003, 11652417, 1, 0
22078, 13595296, 1, 0
23035, 13468220, 1, 0
24003, 13817807, 1, 0
25096, 14370026, 1, 0
26057, 14337261, 1, 0
27024, 15092638, 1, 0
28002, 15044028, 1, 0
29094, 19143610, 1, 0
30062, 18973496, 1, 0
31026, 19668617, 1, 0
32000, 19454109, 1, 0
33098, 20315612, 1, 0
34065, 20565987, 1, 0
35040, 23222201, 1, 0
36009, 25484328, 1, 0
37116, 25735824, 1, 0
38089, 25580109, 1, 0
39057, 26865910, 1, 0
40030, 27024105, 1, 0
41003, 30397135, 1, 0
42114, 33650376, 1, 0
43087, 33540564, 1, 0
44073, 28158383, 1, 0
45051, 31545255, 1, 0
46020, 35873233, 1, 0
47000, 25777595, 1, 0
48001, 28563094, 1, 0
49073, 33481884, 1, 0
50003, 12914604, 1, 0
51072, 15933764, 1, 0
52067, 18414027, 1, 0
53032, 21426966, 1, 0
54111, 17675963, 1, 0
55004, 23466633, 1, 0
56023, 11980456, 1, 0
57019, 16862944, 1, 0
58005, 28997410, 1, 0
59057, 11670189, 1, 0
60020, 17172769, 1, 0
61027, 19742592, 1, 0
62036, 12594685, 1, 0
63021, 14691236, 1, 0
64036, 21128146, 1, 0
65003, 15587371, 1, 0
66104, 26837533, 1, 0
67002, 18681714, 1, 0
68146, 11783130, 1, 0
69003, 25178994, 1, 0
70012, 13622714, 1, 0
71043, 11970507, 1, 0
72078, 21555000, 1, 0
73045, 12883485, 1, 0
74049, 14121037, 1, 0
75044, 26161656, 1, 0
76018, 40561415, 1, 0
77001, 39336562, 1, 0
78108, 46094449, 1, 0
79083, 46413245, 1, 0
80059, 48779046, 1, 0
81036, 51398329, 1, 0
82010, 54110367, 1, 0
83128, 55881051, 1, 0
84105, 57452341, 1, 0
85082, 61024352, 1, 0
86059, 65105767, 1, 0
87038, 65259013, 1, 0
88014, 69745290, 1, 0
89133, 69916019, 1, 0
90111, 75222272, 1, 0
91087, 81270623, 1, 0
92068, 75429836, 1, 0
93043, 88612688, 1, 0
94023, 81703469, 1, 0
95002, 88959794, 1, 0
96119, 93034834, 1, 0
97100, 89157988, 1, 0
98078, 97843592, 1, 0
99054, 108363348, 1, 0
100034, 98034567, 1, 0
101011, 108561587, 1, 0
102130, 111844990, 1, 0
103112, 109102329, 1, 0
104091, 122354896, 1, 0
105071, 122494965, 1, 0
106048, 139497617, 1, 0
107030, 122762347, 1, 0
108009, 139844650, 1, 0
109129, 139987902, 1, 0
110106, 162832295, 1, 0
111225, 159727477, 1, 0
112065, 140105265, 1, 0
113045, 163298476, 1, 0
114027, 163540867, 1, 0
115007, 163393427, 1, 0
116126, 186484097, 1, 0
117246, 186668385, 1, 0
118226, 195935552, 1, 0
119066, 210014511, 1, 0
120047, 196127979, 1, 0
121028, 196213013, 1, 0
122008, 195905271, 1, 0
123127, 223890295, 1, 0
124248, 224156250, 1, 0
125228, 244935831, 1, 0
126209, 245235595, 1, 0
127188, 244840314, 1, 0
128030, 210419022, 1, 0
129010, 244925703, 1, 0
130131, 280283866, 1, 0
131111, 326538637, 1, 0
132373, 315462198, 1, 0
133214, 280333234, 1, 0
134194, 326742704, 1, 0
135174, 326699836, 1, 0
136295, 373454505, 1, 0
137276, 327219329, 1, 0
138397, 373615221, 1, 0
139097, 349950294, 1, 0
140079, 327235328, 1, 0
141339, 419901129, 1, 0
142180, 420908650, 1, 0
143022, 420630545, 1, 0
144002, 490198741, 1, 0
145404, 467141541, 1, 0
146385, 490531578, 1, 0
147506, 560681372, 1, 0
148067, 561028936, 1, 0
149188, 560367553, 1, 0
150310, 560850258, 1, 0
151010, 700426014, 1, 0
152131, 560554875, 1, 0
153534, 701203697, 1, 0
154235, 700803161, 1, 0
155636, 700684163, 1, 0
156337, 701374771, 1, 0
157318, 980895710, 1, 0
158020, 701437403, 1, 0
159001, 980972330, 1, 0
161104, 1051689837, 1, 0
162226, 1121596024, 1, 0
163347, 1121544468, 1, 0
164469, 1121544251, 1, 0
165730, 1261448680, 1, 0
166572, 841759503, 1, 0
167694, 1121556084, 1, 0
168956, 1262009758, 1, 0
170218, 1261863069, 1, 0
171480, 1261914653, 1, 0
172882, 1402293252, 1, 0
174285, 1402566878, 1, 0
175967, 1682150689, 1, 0
177509, 1542266994, 1, 0
179192, 1682654772, 1, 0
181435, 2243385586, 1, 0
185081, 3646099719, 1, 0
187325, 2244010627, 1, 0
189710, 2384403895, 1, 0
192655, 2945363732, 1, 0
196161, 3506344359, 1, 0
199247, 3085578920, 1, 0
202613, 3366086816, 1, 0
206821, 4207474800, 1, 0
210607, 3786684544, 1, 0
215235, 4628098749, 1, 0
220144, 4908651152, 1, 0
224772, 4628063029, 1, 0
229681, 4908615738, 1, 0
235150, 5469432505, 1, 0
241742, 6591289506, 1, 0
248473, 6731829929, 1, 0
254224, 5750146813, 1, 0
259553, 5329142579, 1, 0
264461, 4908444328, 1, 0
269370, 4908707304, 1, 0
276102, 6731525461, 1, 0
283394, 7292829564, 1, 0
290126, 6731661295, 1, 0
295876, 5750014488, 1, 0
301065, 5189155974, 1, 0
306675, 5609886352, 1, 0
313828, 7152345139, 1, 0
321541, 7713553047, 1, 0
329114, 7573371202, 1, 0
336407, 7292667331, 1, 0
343560, 7152369684, 1, 0
351413, 7853603461, 1, 0
358005, 6591516871, 1, 0
364316, 6311130974, 1, 0
371889, 7573365786, 1, 0
381145, 9256053493, 1, 0
389700, 8554783286, 1, 0
397975, 8274468306, 1, 0
405408, 7433011247, 1, 0
413261, 7853666080, 1, 0
421535, 8274106799, 1, 0
431914, 10378057596, 1, 0
442011, 10097667683, 1, 0
452810, 10798623060, 1, 0
463468, 10658442408, 1, 0
473706, 10237664325, 1, 0
483804, 10097466282, 1, 0
492919, 9115657775, 1, 0
503999, 11079437390, 1, 0
516059, 12060815613, 1, 0
526157, 10097449690, 1, 0
536675, 10518226455, 1, 0
546352, 9676831529, 1, 0
557011, 10658445272, 1, 0
567108, 10097592048, 1, 0
575523, 8414709599, 1, 0
581974, 6451344510, 1, 0
587584, 5609690829, 1, 0
592773, 5189235728, 1, 0
598523, 5750253320, 1, 0
605115, 6591418304, 1, 0
