1000, 46725, 0, 0
2001, 48128, 0, 0
3000, 47167, 0, 0
4000, 45999, 0, 0
5000, 46203, 0, 0
6000, 46649, 0, 0
7000, 47188, 0, 0
8000, 46809, 0, 0
9000, 46524, 0, 0
10000, 46321, 0, 0
11000, 46202, 0, 0
12000, 47700, 0, 0
13000, 46485, 0, 0
14000, 46198, 0, 0
15000, 46027, 0, 0
16000, 46147, 0, 0
17000, 46244, 0, 0
18000, 47634, 0, 0
19000, 46898, 0, 0
20000, 47101, 0, 0
21000, 46867, 0, 0
22000, 47785, 0, 0
23000, 48047, 0, 0
24000, 47916, 0, 0
25000, 48093, 0, 0
26000, 47657, 0, 0
27000, 47394, 0, 0
28000, 47068, 0, 0
29000, 47122, 0, 0
30000, 46979, 0, 0
31000, 46314, 0, 0
32000, 47299, 0, 0
33000, 47075, 0, 0
34000, 46365, 0, 0
35000, 46121, 0, 0
36000, 46126, 0, 0
37000, 45985, 0, 0
38000, 47319, 0, 0
39000, 46638, 0, 0
40000, 46418, 0, 0
41000, 46252, 0, 0
42002, 47386, 0, 0
43000, 47908, 0, 0
44000, 48102, 0, 0
45000, 47859, 0, 0
46000, 47787, 0, 0
47000, 47853, 0, 0
48000, 48047, 0, 0
49000, 47055, 0, 0
50000, 46885, 0, 0
51000, 46887, 0, 0
52001, 47610, 0, 0
53000, 47429, 0, 0
54000, 47254, 0, 0
55000, 47025, 0, 0
56000, 46993, 0, 0
57000, 47579, 0, 0
58000, 46788, 0, 0
59000, 46268, 0, 0
60000, 46980, 0, 0
1000, 46780, 0, 0
2000, 47689, 0, 0
3000, 46621, 0, 0
4000, 46664, 0, 0
5000, 46466, 0, 0
6000, 46603, 0, 0
7000, 46511, 0, 0
8000, 46699, 0, 0
9000, 46435, 0, 0
10000, 47068, 0, 0
11000, 46615, 0, 0
12000, 47289, 0, 0
13000, 46553, 0, 0
14000, 46479, 0, 0
15000, 46652, 0, 0
16000, 46511, 0, 0
17000, 46791, 0, 0
18000, 47576, 0, 0
19000, 46691, 0, 0
20000, 46976, 0, 0
21000, 46538, 0, 0
22000, 47546, 0, 0
23000, 48107, 0, 0
24000, 47972, 0, 0
25000, 47683, 0, 0
26000, 46225, 0, 0
27000, 46226, 0, 0
28000, 46798, 0, 0
29000, 46203, 0, 0
30000, 46050, 0, 0
31000, 46252, 0, 0
32004, 47644, 0, 0
33000, 46515, 0, 0
34000, 47049, 0, 0
35000, 47051, 0, 0
36000, 46669, 0, 0
37000, 46571, 0, 0
38000, 47085, 0, 0
39000, 46350, 0, 0
40000, 46371, 0, 0
41000, 46433, 0, 0
42004, 47191, 0, 0
43000, 46889, 0, 0
44000, 46981, 0, 0
45000, 46799, 0, 0
46000, 46757, 0, 0
47000, 46158, 0, 0
48000, 46337, 0, 0
49000, 45902, 0, 0
50000, 45782, 0, 0
51000, 45783, 0, 0
52002, 47380, 0, 0
53000, 46298, 0, 0
54000, 46195, 0, 0
55000, 46553, 0, 0
56000, 46385, 0, 0
57000, 46299, 0, 0
58000, 46539, 0, 0
59000, 46072, 0, 0
60000, 46287, 0, 0
1000, 46310, 0, 0
2003, 47950, 0, 0
3000, 46323, 0, 0
4000, 46012, 0, 0
5000, 46075, 0, 0
6000, 45940, 0, 0
7000, 46345, 0, 0
8000, 46265, 0, 0
9000, 45947, 0, 0
10000, 46197, 0, 0
11000, 45962, 0, 0
12000, 47373, 0, 0
13000, 46322, 0, 0
14000, 46024, 0, 0
15000, 46051, 0, 0
16000, 45967, 0, 0
17000, 46056, 0, 0
18000, 46270, 0, 0
19000, 46063, 0, 0
20000, 46387, 0, 0
21000, 46011, 0, 0
22000, 47525, 0, 0
23000, 46678, 0, 0
24000, 46229, 0, 0
25000, 46458, 0, 0
26000, 46315, 0, 0
27000, 46363, 0, 0
28000, 47245, 0, 0
29000, 47118, 0, 0
30000, 46988, 0, 0
31000, 46677, 0, 0
32001, 47437, 0, 0
33000, 46853, 0, 0
34000, 46683, 0, 0
35000, 46844, 0, 0
36000, 46768, 0, 0
37000, 46944, 0, 0
38000, 47368, 0, 0
39000, 47471, 0, 0
40000, 47226, 0, 0
41000, 47212, 0, 0
42000, 47884, 0, 0
43000, 47818, 0, 0
44000, 48029, 0, 0
45000, 47859, 0, 0
46000, 47743, 0, 0
47000, 47956, 0, 0
48000, 48159, 0, 0
49000, 46487, 0, 0
50000, 47003, 0, 0
51000, 46483, 0, 0
52001, 48337, 0, 0
53000, 47407, 0, 0
54000, 47156, 0, 0
55000, 47048, 0, 0
56000, 47105, 0, 0
57000, 47582, 0, 0
58000, 46947, 0, 0
59000, 46326, 0, 0
60000, 46307, 0, 0
1000, 46546, 0, 0
2001, 48236, 0, 0
3000, 47322, 0, 0
4000, 47019, 0, 0
5000, 46633, 0, 0
6000, 46633, 0, 0
7000, 46845, 0, 0
8000, 46876, 0, 0
9000, 46754, 0, 0
10000, 46799, 0, 0
11000, 46716, 0, 0
12000, 48060, 0, 0
13000, 46779, 0, 0
14000, 46829, 0, 0
15000, 46817, 0, 0
16000, 46693, 0, 0
17000, 46682, 0, 0
18000, 46695, 0, 0
19000, 46935, 0, 0
20000, 47148, 0, 0
21000, 46672, 0, 0
22000, 47625, 0, 0
23000, 48175, 0, 0
24000, 47995, 0, 0
25000, 48181, 0, 0
26000, 47783, 0, 0
27000, 47543, 0, 0
28000, 47141, 0, 0
29000, 47073, 0, 0
30000, 46975, 0, 0
31000, 46667, 0, 0
32001, 47384, 0, 0
33000, 46879, 0, 0
34000, 46698, 0, 0
35000, 46958, 0, 0
36000, 46802, 0, 0
37000, 47028, 0, 0
38000, 47518, 0, 0
39000, 47490, 0, 0
40000, 47201, 0, 0
41000, 47218, 0, 0
42000, 47974, 0, 0
43000, 47885, 0, 0
44000, 48070, 0, 0
45000, 47881, 0, 0
46000, 47853, 0, 0
47000, 48000, 0, 0
48000, 47970, 0, 0
49000, 46490, 0, 0
50000, 46523, 0, 0
51000, 46529, 0, 0
52001, 47536, 0, 0
53000, 46703, 0, 0
54000, 46157, 0, 0
55000, 46592, 0, 0
56000, 46791, 0, 0
57000, 47273, 0, 0
58000, 46919, 0, 0
59000, 46527, 0, 0
60000, 46646, 0, 0
1000, 36587, 0, 0
2000, 36713, 0, 0
3000, 36373, 0, 0
4000, 36874, 0, 0
5000, 37336, 0, 0
6000, 36738, 0, 0
7000, 36423, 0, 0
8000, 36289, 0, 0
9000, 38159, 0, 0
10000, 37944, 0, 0
11000, 38229, 0, 0
12000, 38420, 0, 0
13000, 38692, 0, 0
14000, 38859, 0, 0
15000, 38383, 0, 0
16000, 38707, 0, 0
17000, 38905, 0, 0
18000, 38742, 0, 0
19000, 39481, 0, 0
20000, 37189, 0, 0
21000, 37103, 0, 0
22000, 36783, 0, 0
23000, 37307, 0, 0
24000, 37260, 0, 0
25000, 37074, 0, 0
26000, 36923, 0, 0
27000, 37169, 0, 0
28000, 37388, 0, 0
29000, 37569, 0, 0
30000, 36907, 0, 0
31000, 37137, 0, 0
32000, 36883, 0, 0
33000, 36903, 0, 0
34000, 37319, 0, 0
35000, 37234, 0, 0
36000, 37165, 0, 0
37000, 36958, 0, 0
38000, 37166, 0, 0
39000, 38338, 0, 0
40000, 38059, 0, 0
41000, 38022, 0, 0
42000, 37828, 0, 0
43000, 38162, 0, 0
44000, 38167, 0, 0
45000, 38095, 0, 0
46000, 37984, 0, 0
47000, 37893, 0, 0
48000, 37864, 0, 0
49000, 38920, 0, 0
50000, 39099, 0, 0
51000, 39036, 0, 0
52000, 38971, 0, 0
53000, 39114, 0, 0
54000, 38722, 0, 0
55000, 36993, 0, 0
56000, 36175, 0, 0
57000, 36805, 0, 0
58000, 35964, 0, 0
59000, 37543, 0, 0
60000, 36516, 0, 0
1000, 35951, 0, 0
2000, 36197, 0, 0
3000, 36203, 0, 0
4000, 36281, 0, 0
5000, 37510, 0, 0
6000, 36742, 0, 0
7000, 36688, 0, 0
8000, 36588, 0, 0
9000, 37748, 0, 0
10000, 36422, 0, 0
11000, 36452, 0, 0
12000, 36605, 0, 0
13000, 36402, 0, 0
14000, 36707, 0, 0
15000, 36723, 0, 0
16000, 36386, 0, 0
17000, 36517, 0, 0
18000, 36311, 0, 0
19000, 37349, 0, 0
20000, 36585, 0, 0
21000, 36853, 0, 0
22000, 36738, 0, 0
23000, 36605, 0, 0
24000, 36834, 0, 0
25000, 36896, 0, 0
26000, 36926, 0, 0
27000, 37095, 0, 0
28000, 37247, 0, 0
29000, 38111, 0, 0
30000, 37511, 0, 0
31000, 38042, 0, 0
32000, 38457, 0, 0
33000, 38053, 0, 0
34000, 38267, 0, 0
35000, 37098, 0, 0
36000, 36474, 0, 0
37000, 36247, 0, 0
38000, 36473, 0, 0
39000, 38183, 0, 0
40000, 38065, 0, 0
41000, 37863, 0, 0
42000, 37943, 0, 0
43000, 38231, 0, 0
44000, 38208, 0, 0
45000, 38023, 0, 0
46000, 37862, 0, 0
47000, 38143, 0, 0
48000, 37937, 0, 0
49000, 38878, 0, 0
50000, 39429, 0, 0
51000, 39113, 0, 0
52000, 39055, 0, 0
53000, 39154, 0, 0
54000, 38679, 0, 0
55000, 38115, 0, 0
56000, 37949, 0, 0
57000, 37784, 0, 0
58000, 37671, 0, 0
59000, 38522, 0, 0
60000, 38148, 0, 0
1000, 36836, 0, 0
2000, 36964, 0, 0
3000, 36477, 0, 0
4000, 37057, 0, 0
5000, 36403, 0, 0
6000, 36493, 0, 0
7000, 36557, 0, 0
8000, 36109, 0, 0
9000, 37911, 0, 0
10000, 38151, 0, 0
11000, 38297, 0, 0
12000, 38300, 0, 0
13000, 38838, 0, 0
14000, 38814, 0, 0
15000, 38550, 0, 0
16000, 38731, 0, 0
17000, 38857, 0, 0
18000, 38970, 0, 0
19000, 39350, 0, 0
20000, 36243, 0, 0
21000, 36353, 0, 0
22000, 36281, 0, 0
23000, 36119, 0, 0
24000, 36610, 0, 0
25000, 36477, 0, 0
26000, 36182, 0, 0
27000, 36874, 0, 0
28000, 36608, 0, 0
29000, 37668, 0, 0
30000, 37290, 0, 0
31000, 37905, 0, 0
32000, 38410, 0, 0
33000, 38004, 0, 0
34000, 38377, 0, 0
35000, 37044, 0, 0
36000, 36725, 0, 0
37000, 36907, 0, 0
38000, 36748, 0, 0
39000, 37366, 0, 0
40000, 36923, 0, 0
41000, 36960, 0, 0
42000, 37021, 0, 0
43000, 36753, 0, 0
44000, 36718, 0, 0
45000, 36770, 0, 0
46000, 36608, 0, 0
47000, 36134, 0, 0
48000, 36355, 0, 0
49000, 37122, 0, 0
50000, 36576, 0, 0
51000, 36519, 0, 0
52000, 36597, 0, 0
53000, 36463, 0, 0
54000, 36766, 0, 0
55000, 37017, 0, 0
56000, 36688, 0, 0
57000, 37167, 0, 0
58000, 36414, 0, 0
59000, 37717, 0, 0
60000, 36540, 0, 0
1000, 36134, 0, 0
2000, 36316, 0, 0
3000, 36196, 0, 0
4000, 36722, 0, 0
5000, 37217, 0, 0
6000, 36278, 0, 0
7000, 36147, 0, 0
8000, 35897, 0, 0
9000, 37581, 0, 0
10000, 38105, 0, 0
11000, 38147, 0, 0
12000, 38321, 0, 0
13000, 38551, 0, 0
14000, 38755, 0, 0
15000, 38508, 0, 0
16000, 38740, 0, 0
17000, 38914, 0, 0
18000, 38774, 0, 0
19000, 39540, 0, 0
20000, 36613, 0, 0
21000, 36356, 0, 0
22000, 36892, 0, 0
23000, 36588, 0, 0
24000, 36615, 0, 0
25000, 37283, 0, 0
26000, 36123, 0, 0
27000, 37007, 0, 0
28000, 36152, 0, 0
29000, 37373, 0, 0
30000, 36042, 0, 0
31000, 36759, 0, 0
32000, 36789, 0, 0
33000, 36785, 0, 0
34000, 36992, 0, 0
35000, 36932, 0, 0
36000, 36957, 0, 0
37000, 36916, 0, 0
38000, 36657, 0, 0
39000, 37733, 0, 0
40000, 36342, 0, 0
41000, 36010, 0, 0
42000, 36281, 0, 0
43000, 36205, 0, 0
44000, 36346, 0, 0
45000, 36452, 0, 0
46000, 36379, 0, 0
47000, 36023, 0, 0
48000, 36118, 0, 0
49000, 37965, 0, 0
50000, 39155, 0, 0
51000, 39215, 0, 0
52000, 38868, 0, 0
53000, 38960, 0, 0
54000, 38672, 0, 0
55000, 38167, 0, 0
56000, 37746, 0, 0
57000, 37724, 0, 0
58000, 37551, 0, 0
59000, 38296, 0, 0
60000, 38077, 0, 0
1000, 43582, 0, 0
2000, 44714, 0, 0
3000, 43460, 0, 0
4000, 43459, 0, 0
5000, 43524, 0, 0
6000, 43613, 0, 0
7000, 43527, 0, 0
8000, 43693, 0, 0
9000, 43476, 0, 0
10000, 43311, 0, 0
11000, 43554, 0, 0
12000, 45902, 0, 0
13000, 44730, 0, 0
14000, 44858, 0, 0
15000, 44995, 0, 0
16000, 44766, 0, 0
17000, 45006, 0, 0
18000, 44814, 0, 0
19000, 44924, 0, 0
20000, 44837, 0, 0
21000, 44299, 0, 0
22000, 45269, 0, 0
23000, 45340, 0, 0
24000, 45102, 0, 0
25000, 45240, 0, 0
26000, 45329, 0, 0
27000, 45010, 0, 0
28000, 43043, 0, 0
29000, 43123, 0, 0
30000, 43123, 0, 0
31000, 43232, 0, 0
32000, 44995, 0, 0
33000, 43750, 0, 0
34000, 43929, 0, 0
35000, 43616, 0, 0
36000, 43636, 0, 0
37000, 43747, 0, 0
38000, 43413, 0, 0
39000, 43853, 0, 0
40000, 43641, 0, 0
41000, 43358, 0, 0
42000, 44474, 0, 0
43000, 43577, 0, 0
44000, 43263, 0, 0
45000, 43312, 0, 0
46000, 43089, 0, 0
47000, 43650, 0, 0
48000, 44117, 0, 0
49000, 44175, 0, 0
50000, 44165, 0, 0
51000, 44240, 0, 0
52000, 45049, 0, 0
53000, 43571, 0, 0
54000, 43766, 0, 0
55000, 43463, 0, 0
56000, 43587, 0, 0
57000, 43665, 0, 0
58000, 43683, 0, 0
59000, 43395, 0, 0
60000, 43664, 0, 0
1000, 43066, 0, 0
2000, 45349, 0, 0
3000, 43954, 0, 0
4000, 43945, 0, 0
5000, 43840, 0, 0
6000, 44100, 0, 0
7000, 44108, 0, 0
8000, 44077, 0, 0
9000, 44015, 0, 0
10000, 43892, 0, 0
11000, 43932, 0, 0
12000, 46205, 0, 0
13000, 45006, 0, 0
14000, 44895, 0, 0
15000, 44957, 0, 0
16000, 44815, 0, 0
17000, 44927, 0, 0
18000, 44871, 0, 0
19000, 44922, 0, 0
20000, 44969, 0, 0
21000, 44136, 0, 0
22000, 45088, 0, 0
23000, 43603, 0, 0
24000, 45210, 0, 0
25000, 44121, 0, 0
26000, 43488, 0, 0
27000, 43458, 0, 0
28000, 43709, 0, 0
29000, 43416, 0, 0
30000, 43315, 0, 0
31000, 43608, 0, 0
32000, 45310, 0, 0
33000, 43642, 0, 0
34000, 43282, 0, 0
35000, 43601, 0, 0
36000, 43124, 0, 0
37000, 43869, 0, 0
38000, 43286, 0, 0
39000, 43588, 0, 0
40000, 43277, 0, 0
41000, 43340, 0, 0
42000, 45168, 0, 0
43000, 43372, 0, 0
44000, 43257, 0, 0
45000, 43311, 0, 0
46000, 43196, 0, 0
47000, 43579, 0, 0
48000, 44192, 0, 0
49000, 43975, 0, 0
50000, 44175, 0, 0
51000, 44337, 0, 0
52000, 44984, 0, 0
53000, 43403, 0, 0
54000, 43257, 0, 0
55000, 43237, 0, 0
56000, 43362, 0, 0
57000, 43628, 0, 0
58000, 43190, 0, 0
59000, 43085, 0, 0
60000, 43046, 0, 0
1000, 43108, 0, 0
2000, 45336, 0, 0
3000, 43778, 0, 0
4000, 43646, 0, 0
5000, 43688, 0, 0
6000, 43891, 0, 0
7000, 43980, 0, 0
8000, 43673, 0, 0
9000, 43585, 0, 0
10000, 43763, 0, 0
11000, 43929, 0, 0
12000, 45950, 0, 0
13000, 44722, 0, 0
14000, 44843, 0, 0
15000, 44896, 0, 0
16000, 44697, 0, 0
17000, 44938, 0, 0
18000, 44680, 0, 0
19000, 44773, 0, 0
20000, 44972, 0, 0
21000, 43131, 0, 0
22000, 44080, 0, 0
23000, 45375, 0, 0
24000, 45140, 0, 0
25000, 45288, 0, 0
26000, 45205, 0, 0
27000, 45389, 0, 0
28000, 43643, 0, 0
29000, 43510, 0, 0
30000, 43679, 0, 0
31000, 43583, 0, 0
32000, 45808, 0, 0
33000, 43414, 0, 0
34000, 43339, 0, 0
35000, 43899, 0, 0
36000, 43294, 0, 0
37000, 43906, 0, 0
38000, 43660, 0, 0
39000, 43769, 0, 0
40000, 43751, 0, 0
41000, 44085, 0, 0
42000, 45125, 0, 0
43000, 43995, 0, 0
44000, 44223, 0, 0
45000, 44643, 0, 0
46000, 44350, 0, 0
47000, 44637, 0, 0
48000, 44133, 0, 0
49000, 44645, 0, 0
50000, 44569, 0, 0
51000, 44636, 0, 0
52000, 45463, 0, 0
53000, 44283, 0, 0
54000, 43301, 0, 0
55000, 43264, 0, 0
56000, 42917, 0, 0
57000, 43491, 0, 0
58000, 43235, 0, 0
59000, 43199, 0, 0
60000, 43768, 0, 0
1000, 43389, 0, 0
2000, 45574, 0, 0
3000, 43917, 0, 0
4000, 43972, 0, 0
5000, 44035, 0, 0
6000, 44069, 0, 0
7000, 44008, 0, 0
8000, 44144, 0, 0
9000, 44051, 0, 0
10000, 43917, 0, 0
11000, 43961, 0, 0
12000, 45515, 0, 0
13000, 43214, 0, 0
14000, 43218, 0, 0
15000, 43209, 0, 0
16000, 43371, 0, 0
17000, 43499, 0, 0
18000, 43512, 0, 0
19000, 43025, 0, 0
20000, 43418, 0, 0
21000, 43088, 0, 0
22000, 45545, 0, 0
23000, 45282, 0, 0
24000, 45092, 0, 0
25000, 45229, 0, 0
26000, 45320, 0, 0
27000, 45353, 0, 0
28000, 43767, 0, 0
29000, 43689, 0, 0
30000, 43605, 0, 0
31000, 43568, 0, 0
32000, 46250, 0, 0
33000, 43531, 0, 0
34000, 43598, 0, 0
35000, 43441, 0, 0
36000, 43542, 0, 0
37000, 43838, 0, 0
38000, 43229, 0, 0
39000, 43258, 0, 0
40000, 43297, 0, 0
41000, 43257, 0, 0
42000, 44498, 0, 0
43000, 43933, 0, 0
44000, 44265, 0, 0
45000, 44570, 0, 0
46000, 44344, 0, 0
47000, 44666, 0, 0
48000, 44294, 0, 0
49000, 44368, 0, 0
50000, 44500, 0, 0
51000, 44874, 0, 0
52000, 44522, 0, 0
53000, 44157, 0, 0
54000, 43761, 0, 0
55000, 44131, 0, 0
56000, 43413, 0, 0
57000, 44099, 0, 0
58000, 43928, 0, 0
59000, 43854, 0, 0
60000, 43550, 0, 0
1000, 47430, 0, 0
2000, 47499, 0, 0
3000, 47327, 0, 0
4000, 47391, 0, 0
5000, 47275, 0, 0
6000, 48887, 0, 0
7000, 47560, 0, 0
8000, 47423, 0, 0
9000, 47004, 0, 0
10000, 47429, 0, 0
11000, 47331, 0, 0
12000, 47293, 0, 0
13000, 46963, 0, 0
14000, 47142, 0, 0
15000, 46955, 0, 0
16000, 48517, 0, 0
17006, 47094, 0, 0
18000, 47176, 0, 0
19000, 46772, 0, 0
20000, 46699, 0, 0
21000, 46897, 0, 0
22000, 46799, 0, 0
23000, 46805, 0, 0
24000, 46863, 0, 0
25000, 46712, 0, 0
26000, 49493, 0, 0
27000, 47296, 0, 0
28000, 46676, 0, 0
29000, 46736, 0, 0
30000, 46868, 0, 0
31000, 47254, 0, 0
32000, 47439, 0, 0
33000, 47311, 0, 0
34000, 47177, 0, 0
35000, 47213, 0, 0
36000, 49424, 0, 0
37000, 48136, 0, 0
38000, 47492, 0, 0
39000, 47553, 0, 0
40000, 47760, 0, 0
41000, 47125, 0, 0
42000, 46865, 0, 0
43000, 46700, 0, 0
44000, 47073, 0, 0
45000, 47155, 0, 0
46000, 48474, 0, 0
47000, 47887, 0, 0
48000, 47231, 0, 0
49000, 46705, 0, 0
50000, 47888, 0, 0
51000, 47163, 0, 0
52000, 47053, 0, 0
53000, 46880, 0, 0
54000, 47072, 0, 0
55000, 46838, 0, 0
56000, 47959, 0, 0
57000, 46828, 0, 0
58000, 46927, 0, 0
59000, 46918, 0, 0
60000, 47167, 0, 0
61000, 47028, 0, 0
62000, 47009, 0, 0
63000, 46917, 0, 0
64000, 46997, 0, 0
65000, 46721, 0, 0
66000, 48242, 0, 0
67000, 48311, 0, 0
68000, 47428, 0, 0
69000, 47322, 0, 0
70000, 47523, 0, 0
71000, 46911, 0, 0
72000, 47218, 0, 0
73000, 46866, 0, 0
74000, 47249, 0, 0
75000, 46714, 0, 0
76000, 49244, 0, 0
77000, 47601, 0, 0
78000, 47697, 0, 0
79000, 47698, 0, 0
80000, 47651, 0, 0
81000, 47595, 0, 0
82000, 47540, 0, 0
83000, 47777, 0, 0
84000, 47944, 0, 0
85000, 48040, 0, 0
86000, 49075, 0, 0
87000, 47423, 0, 0
88000, 46849, 0, 0
89000, 46881, 0, 0
90000, 47732, 0, 0
91000, 47291, 0, 0
92000, 47042, 0, 0
93000, 46530, 0, 0
94000, 46473, 0, 0
95000, 46706, 0, 0
96000, 48139, 0, 0
97001, 48038, 0, 0
98000, 47080, 0, 0
99000, 46653, 0, 0
100000, 47131, 0, 0
101000, 47189, 0, 0
102000, 46630, 0, 0
103000, 46524, 0, 0
104000, 46679, 0, 0
105000, 46514, 0, 0
106000, 48220, 0, 0
107000, 47011, 0, 0
108000, 47104, 0, 0
109000, 46911, 0, 0
110000, 47088, 0, 0
111000, 47355, 0, 0
112000, 48207, 0, 0
113000, 46830, 0, 0
114000, 47198, 0, 0
115000, 47361, 0, 0
116000, 48495, 0, 0
117000, 47515, 0, 0
118000, 46861, 0, 0
119000, 46707, 0, 0
120000, 46919, 0, 0
121000, 46784, 0, 0
122000, 47689, 0, 0
123000, 46708, 0, 0
124000, 46875, 0, 0
125000, 46665, 0, 0
126000, 47815, 0, 0
127000, 46639, 0, 0
128000, 47878, 0, 0
129000, 46877, 0, 0
130000, 47301, 0, 0
131000, 46718, 0, 0
132000, 47615, 0, 0
133000, 47205, 0, 0
134000, 47320, 0, 0
135000, 47318, 0, 0
136000, 48118, 0, 0
137000, 46849, 0, 0
138000, 46874, 0, 0
139000, 46875, 0, 0
140000, 46953, 0, 0
141000, 46892, 0, 0
142000, 46893, 0, 0
143000, 47023, 0, 0
144000, 46744, 0, 0
145000, 46703, 0, 0
146000, 47959, 0, 0
147000, 46785, 0, 0
148000, 46721, 0, 0
149000, 46671, 0, 0
150000, 46731, 0, 0
151000, 46632, 0, 0
152000, 47113, 0, 0
153000, 47097, 0, 0
154000, 47058, 0, 0
155000, 46909, 0, 0
156000, 49332, 0, 0
157000, 47609, 0, 0
158000, 47685, 0, 0
159000, 47263, 0, 0
160000, 46762, 0, 0
161000, 47542, 0, 0
162000, 47504, 0, 0
163000, 47140, 0, 0
164000, 47278, 0, 0
165000, 47099, 0, 0
166000, 47940, 0, 0
167000, 46817, 0, 0
168000, 46541, 0, 0
169000, 46471, 0, 0
170000, 47390, 0, 0
171000, 46617, 0, 0
172000, 46798, 0, 0
173000, 46522, 0, 0
174000, 46711, 0, 0
175000, 46582, 0, 0
176000, 48575, 0, 0
177000, 48219, 0, 0
178000, 47723, 0, 0
179000, 47995, 0, 0
180000, 47781, 0, 0
181000, 47578, 0, 0
182000, 47380, 0, 0
183000, 46767, 0, 0
184000, 46940, 0, 0
185000, 46914, 0, 0
186000, 48027, 0, 0
187000, 48672, 0, 0
188000, 47171, 0, 0
189000, 46833, 0, 0
190000, 46791, 0, 0
191000, 46751, 0, 0
192000, 46927, 0, 0
193000, 46546, 0, 0
194000, 46723, 0, 0
195000, 46775, 0, 0
196000, 48640, 0, 0
197000, 47064, 0, 0
198000, 46932, 0, 0
199000, 46996, 0, 0
200000, 46788, 0, 0
201000, 46948, 0, 0
202000, 47401, 0, 0
203000, 47057, 0, 0
204000, 47072, 0, 0
205000, 46964, 0, 0
206000, 48681, 0, 0
207000, 47311, 0, 0
208000, 46779, 0, 0
209000, 47288, 0, 0
210000, 47270, 0, 0
211000, 47596, 0, 0
212000, 47237, 0, 0
213000, 47206, 0, 0
214000, 47339, 0, 0
215000, 47561, 0, 0
216000, 49003, 0, 0
217000, 48116, 0, 0
218000, 47478, 0, 0
219000, 47223, 0, 0
220000, 46991, 0, 0
221000, 46928, 0, 0
222000, 46949, 0, 0
223000, 46737, 0, 0
224000, 46900, 0, 0
225000, 46946, 0, 0
226000, 48560, 0, 0
227000, 47616, 0, 0
228000, 47274, 0, 0
229000, 47013, 0, 0
230000, 46849, 0, 0
231000, 47000, 0, 0
232000, 47420, 0, 0
233000, 47555, 0, 0
234000, 47581, 0, 0
235000, 48068, 0, 0
236000, 47894, 0, 0
237000, 47388, 0, 0
238000, 46664, 0, 0
239000, 46880, 0, 0
240000, 46696, 0, 0
241000, 46895, 0, 0
242000, 46876, 0, 0
243000, 47159, 0, 0
244000, 46986, 0, 0
245000, 46879, 0, 0
246000, 48232, 0, 0
247000, 47257, 0, 0
248000, 47483, 0, 0
249000, 47120, 0, 0
250000, 47515, 0, 0
251000, 46859, 0, 0
252000, 46854, 0, 0
253000, 46717, 0, 0
254000, 46768, 0, 0
255000, 46807, 0, 0
256000, 48530, 0, 0
257000, 47398, 0, 0
258000, 48090, 0, 0
259000, 47964, 0, 0
260000, 47815, 0, 0
261000, 47539, 0, 0
262000, 47862, 0, 0
263000, 47809, 0, 0
264000, 47863, 0, 0
265000, 47616, 0, 0
266000, 47924, 0, 0
267000, 48026, 0, 0
268000, 47404, 0, 0
269000, 47257, 0, 0
270000, 47239, 0, 0
271000, 47115, 0, 0
272000, 47126, 0, 0
273000, 47338, 0, 0
274000, 46667, 0, 0
275000, 46838, 0, 0
276000, 48914, 0, 0
277000, 48459, 0, 0
278000, 48885, 0, 0
279000, 48461, 0, 0
280000, 47636, 0, 0
281000, 47223, 0, 0
282000, 46688, 0, 0
283000, 47073, 0, 0
284000, 46779, 0, 0
285000, 46807, 0, 0
286000, 48920, 0, 0
287000, 47782, 0, 0
288000, 46957, 0, 0
289000, 46904, 0, 0
290000, 46746, 0, 0
291000, 46852, 0, 0
292000, 47040, 0, 0
293000, 47010, 0, 0
294000, 46679, 0, 0
295000, 47418, 0, 0
296000, 48437, 0, 0
297000, 47461, 0, 0
298000, 47044, 0, 0
299000, 46791, 0, 0
300000, 46627, 0, 0
1000, 46969, 0, 0
2000, 47027, 0, 0
3000, 46651, 0, 0
4000, 47028, 0, 0
5000, 46595, 0, 0
6000, 48175, 0, 0
7000, 46595, 0, 0
8000, 46489, 0, 0
9000, 46609, 0, 0
10000, 47071, 0, 0
11000, 47139, 0, 0
12000, 46690, 0, 0
13000, 46726, 0, 0
14000, 46514, 0, 0
15000, 46770, 0, 0
16000, 47996, 0, 0
17000, 47509, 0, 0
18000, 46704, 0, 0
19000, 46609, 0, 0
20000, 46859, 0, 0
21000, 47091, 0, 0
22000, 46761, 0, 0
23000, 46434, 0, 0
24000, 46813, 0, 0
25000, 46718, 0, 0
26000, 49006, 0, 0
27000, 47754, 0, 0
28000, 47433, 0, 0
29000, 47373, 0, 0
30000, 47282, 0, 0
31000, 47772, 0, 0
32000, 47815, 0, 0
33000, 48332, 0, 0
34000, 47816, 0, 0
35000, 48185, 0, 0
36000, 49358, 0, 0
37000, 48034, 0, 0
38000, 47467, 0, 0
39000, 47547, 0, 0
40000, 47635, 0, 0
41000, 47256, 0, 0
42000, 47176, 0, 0
43000, 46765, 0, 0
44000, 47050, 0, 0
45000, 46694, 0, 0
46000, 48081, 0, 0
47000, 47055, 0, 0
48000, 46757, 0, 0
49000, 46695, 0, 0
50000, 46745, 0, 0
51000, 47035, 0, 0
52000, 46847, 0, 0
53000, 46919, 0, 0
54000, 46842, 0, 0
55000, 46875, 0, 0
56000, 49238, 0, 0
57000, 48520, 0, 0
58000, 48081, 0, 0
59000, 46603, 0, 0
60000, 46598, 0, 0
61000, 46742, 0, 0
62000, 46833, 0, 0
63000, 46645, 0, 0
64000, 46863, 0, 0
65000, 46580, 0, 0
66000, 48780, 0, 0
67000, 48299, 0, 0
68000, 47518, 0, 0
69000, 47405, 0, 0
70000, 47572, 0, 0
71000, 47074, 0, 0
72000, 46806, 0, 0
73000, 46931, 0, 0
74000, 46718, 0, 0
75000, 46678, 0, 0
76000, 48627, 0, 0
77000, 47705, 0, 0
78000, 47755, 0, 0
79000, 47735, 0, 0
80000, 47715, 0, 0
81000, 47643, 0, 0
82000, 47573, 0, 0
83000, 47897, 0, 0
84000, 47977, 0, 0
85000, 48003, 0, 0
86000, 49012, 0, 0
87000, 47065, 0, 0
88000, 47071, 0, 0
89000, 46950, 0, 0
90000, 47218, 0, 0
91000, 47505, 0, 0
92000, 47290, 0, 0
93000, 46929, 0, 0
94000, 47196, 0, 0
95000, 46530, 0, 0
96000, 48945, 0, 0
97000, 47548, 0, 0
98000, 47752, 0, 0
99000, 47512, 0, 0
100000, 47958, 0, 0
101000, 47800, 0, 0
102000, 47641, 0, 0
103000, 47340, 0, 0
104000, 47743, 0, 0
105000, 47096, 0, 0
106000, 48529, 0, 0
107000, 47528, 0, 0
108000, 47292, 0, 0
109000, 47139, 0, 0
110000, 47301, 0, 0
111000, 47390, 0, 0
112000, 47602, 0, 0
113000, 47251, 0, 0
114000, 47367, 0, 0
115000, 47396, 0, 0
116000, 48390, 0, 0
117000, 47345, 0, 0
118000, 47385, 0, 0
119000, 46968, 0, 0
120000, 47944, 0, 0
121000, 47028, 0, 0
122000, 47443, 0, 0
123000, 46710, 0, 0
124000, 48096, 0, 0
125000, 46957, 0, 0
126000, 48439, 0, 0
127000, 46995, 0, 0
128000, 47099, 0, 0
129000, 46706, 0, 0
130000, 46721, 0, 0
131000, 46773, 0, 0
132000, 47396, 0, 0
133000, 47192, 0, 0
134000, 47214, 0, 0
135000, 47136, 0, 0
136000, 48694, 0, 0
137000, 47399, 0, 0
138000, 46894, 0, 0
139000, 46645, 0, 0
140000, 47482, 0, 0
141000, 46697, 0, 0
142000, 47285, 0, 0
143000, 46561, 0, 0
144000, 46678, 0, 0
145000, 46948, 0, 0
146000, 48037, 0, 0
147000, 47031, 0, 0
148000, 46758, 0, 0
149000, 46734, 0, 0
150000, 46774, 0, 0
151000, 46829, 0, 0
152000, 46899, 0, 0
153000, 46732, 0, 0
154000, 47209, 0, 0
155000, 46696, 0, 0
156000, 48360, 0, 0
157000, 46999, 0, 0
158000, 47001, 0, 0
159000, 46633, 0, 0
160000, 47118, 0, 0
161000, 46615, 0, 0
162000, 47163, 0, 0
163000, 46601, 0, 0
164000, 47106, 0, 0
165000, 46648, 0, 0
166000, 48685, 0, 0
167000, 47843, 0, 0
168000, 47261, 0, 0
169000, 46802, 0, 0
170000, 47951, 0, 0
171000, 47102, 0, 0
172000, 47529, 0, 0
173000, 46998, 0, 0
174000, 47933, 0, 0
175000, 47206, 0, 0
176000, 47807, 0, 0
177000, 47146, 0, 0
178000, 46472, 0, 0
179000, 46607, 0, 0
180000, 46872, 0, 0
181000, 46628, 0, 0
182000, 47074, 0, 0
183000, 46769, 0, 0
184000, 46881, 0, 0
185000, 46830, 0, 0
186000, 48064, 0, 0
187000, 47749, 0, 0
188000, 47996, 0, 0
189000, 47404, 0, 0
190000, 47201, 0, 0
191000, 47113, 0, 0
192000, 46946, 0, 0
193000, 46964, 0, 0
194000, 46769, 0, 0
195000, 46678, 0, 0
196000, 47640, 0, 0
197000, 47096, 0, 0
198000, 46496, 0, 0
199000, 46598, 0, 0
200000, 46695, 0, 0
201000, 46634, 0, 0
202000, 46935, 0, 0
203000, 47232, 0, 0
204000, 47195, 0, 0
205000, 47187, 0, 0
206000, 48149, 0, 0
207000, 47539, 0, 0
208000, 47368, 0, 0
209000, 47363, 0, 0
210000, 47270, 0, 0
211000, 47016, 0, 0
212000, 47523, 0, 0
213000, 47579, 0, 0
214000, 47311, 0, 0
215000, 47245, 0, 0
216000, 48311, 0, 0
217000, 47517, 0, 0
218000, 47952, 0, 0
219000, 46816, 0, 0
220000, 46956, 0, 0
221000, 47008, 0, 0
222000, 47187, 0, 0
223000, 46863, 0, 0
224000, 46847, 0, 0
225000, 47050, 0, 0
226000, 48242, 0, 0
227000, 47343, 0, 0
228000, 46650, 0, 0
229000, 46893, 0, 0
230000, 46917, 0, 0
231000, 46924, 0, 0
232000, 47173, 0, 0
233000, 47521, 0, 0
234000, 46847, 0, 0
235000, 47091, 0, 0
236000, 48316, 0, 0
237000, 46977, 0, 0
238000, 47526, 0, 0
239000, 46681, 0, 0
240000, 46691, 0, 0
241000, 46666, 0, 0
242000, 47022, 0, 0
243000, 46841, 0, 0
244000, 46912, 0, 0
245000, 46964, 0, 0
246000, 48421, 0, 0
247000, 46911, 0, 0
248000, 47336, 0, 0
249000, 46773, 0, 0
250000, 47198, 0, 0
251000, 47103, 0, 0
252000, 47054, 0, 0
253000, 47649, 0, 0
254000, 48200, 0, 0
255000, 47871, 0, 0
256000, 48486, 0, 0
257000, 47121, 0, 0
258000, 48213, 0, 0
259000, 47907, 0, 0
260000, 47866, 0, 0
261000, 47656, 0, 0
262000, 47893, 0, 0
263000, 47930, 0, 0
264000, 47855, 0, 0
265000, 47680, 0, 0
266000, 48739, 0, 0
267000, 47642, 0, 0
268000, 48482, 0, 0
269000, 47735, 0, 0
270000, 48336, 0, 0
271000, 47816, 0, 0
272000, 47619, 0, 0
273000, 47760, 0, 0
274000, 47022, 0, 0
275000, 46586, 0, 0
276000, 48054, 0, 0
277000, 46845, 0, 0
278000, 47801, 0, 0
279000, 47744, 0, 0
280000, 46675, 0, 0
281000, 46741, 0, 0
282000, 46557, 0, 0
283000, 46884, 0, 0
284000, 47055, 0, 0
285000, 47234, 0, 0
286000, 48916, 0, 0
287000, 47701, 0, 0
288000, 47128, 0, 0
289000, 46785, 0, 0
290000, 46734, 0, 0
291000, 46871, 0, 0
292000, 46633, 0, 0
293000, 46914, 0, 0
294000, 46890, 0, 0
295000, 46705, 0, 0
296000, 48201, 0, 0
297000, 46774, 0, 0
298000, 47331, 0, 0
299000, 46997, 0, 0
300000, 46818, 0, 0
1000, 47519, 0, 0
2000, 47612, 0, 0
3000, 47561, 0, 0
4000, 47701, 0, 0
5000, 47715, 0, 0
6000, 48434, 0, 0
7000, 47771, 0, 0
8000, 46709, 0, 0
9000, 46646, 0, 0
10000, 47225, 0, 0
11000, 47589, 0, 0
12000, 47271, 0, 0
13000, 47464, 0, 0
14000, 47455, 0, 0
15000, 47114, 0, 0
16000, 48933, 0, 0
17000, 47419, 0, 0
18000, 47308, 0, 0
19000, 47448, 0, 0
20000, 47491, 0, 0
21000, 47275, 0, 0
22000, 47340, 0, 0
23000, 47528, 0, 0
24000, 47445, 0, 0
25000, 47537, 0, 0
26000, 48597, 0, 0
27000, 47635, 0, 0
28000, 47783, 0, 0
29000, 47951, 0, 0
30000, 47977, 0, 0
31000, 47358, 0, 0
32000, 46713, 0, 0
33000, 46881, 0, 0
34000, 46697, 0, 0
35000, 46680, 0, 0
36000, 47977, 0, 0
37000, 47492, 0, 0
38000, 46873, 0, 0
39000, 46888, 0, 0
40000, 46841, 0, 0
41000, 47226, 0, 0
42000, 46821, 0, 0
43000, 46737, 0, 0
44000, 46730, 0, 0
45000, 46658, 0, 0
46000, 47993, 0, 0
47000, 47198, 0, 0
48000, 47103, 0, 0
49000, 47209, 0, 0
50000, 47700, 0, 0
51000, 47394, 0, 0
52000, 47393, 0, 0
53000, 47252, 0, 0
54000, 47208, 0, 0
55000, 47771, 0, 0
56000, 49603, 0, 0
57000, 48513, 0, 0
58000, 47153, 0, 0
59000, 46994, 0, 0
60000, 47440, 0, 0
61000, 47359, 0, 0
62000, 48194, 0, 0
63000, 47753, 0, 0
64000, 48157, 0, 0
65000, 48069, 0, 0
66000, 48437, 0, 0
67000, 46894, 0, 0
68000, 47002, 0, 0
69000, 46998, 0, 0
70000, 47097, 0, 0
71000, 46925, 0, 0
72000, 46983, 0, 0
73000, 46622, 0, 0
74000, 46814, 0, 0
75000, 46718, 0, 0
76000, 47941, 0, 0
77000, 46741, 0, 0
78000, 46960, 0, 0
79000, 47001, 0, 0
80000, 46850, 0, 0
81000, 47150, 0, 0
82000, 46861, 0, 0
83000, 47000, 0, 0
84000, 47245, 0, 0
85000, 47479, 0, 0
86000, 48509, 0, 0
87000, 47440, 0, 0
88000, 47179, 0, 0
89000, 47324, 0, 0
90000, 47210, 0, 0
91000, 47544, 0, 0
92000, 47456, 0, 0
93000, 47398, 0, 0
94000, 47368, 0, 0
95000, 47236, 0, 0
96000, 49042, 0, 0
97000, 47703, 0, 0
98000, 47709, 0, 0
99000, 46701, 0, 0
100000, 46984, 0, 0
101000, 46866, 0, 0
102000, 47064, 0, 0
103000, 46972, 0, 0
104000, 47184, 0, 0
105000, 47056, 0, 0
106000, 47858, 0, 0
107000, 46947, 0, 0
108000, 46789, 0, 0
109000, 46701, 0, 0
110000, 46714, 0, 0
111000, 46800, 0, 0
112000, 47710, 0, 0
113000, 46856, 0, 0
114000, 46725, 0, 0
115000, 46868, 0, 0
116000, 47336, 0, 0
117000, 47221, 0, 0
118000, 46794, 0, 0
119000, 46699, 0, 0
120000, 46665, 0, 0
121000, 46635, 0, 0
122000, 46882, 0, 0
123000, 46755, 0, 0
124000, 46861, 0, 0
125000, 46676, 0, 0
126000, 48940, 0, 0
127000, 48264, 0, 0
128000, 49137, 0, 0
129000, 47895, 0, 0
130000, 49291, 0, 0
131000, 47523, 0, 0
132000, 47424, 0, 0
133000, 47080, 0, 0
134000, 47114, 0, 0
135000, 47056, 0, 0
136000, 48444, 0, 0
137000, 47459, 0, 0
138000, 47502, 0, 0
139000, 46930, 0, 0
140000, 47306, 0, 0
141000, 47485, 0, 0
142000, 48218, 0, 0
143000, 47538, 0, 0
144000, 47487, 0, 0
145000, 47223, 0, 0
146000, 49140, 0, 0
147000, 47505, 0, 0
148000, 47481, 0, 0
149000, 47059, 0, 0
150000, 47624, 0, 0
151000, 47569, 0, 0
152000, 47427, 0, 0
153000, 47322, 0, 0
154000, 47640, 0, 0
155000, 47408, 0, 0
156000, 48661, 0, 0
157000, 47569, 0, 0
158000, 47567, 0, 0
159000, 47229, 0, 0
160000, 47797, 0, 0
161000, 47220, 0, 0
162000, 47695, 0, 0
163000, 47080, 0, 0
164000, 47188, 0, 0
165000, 47081, 0, 0
166000, 48274, 0, 0
167000, 47495, 0, 0
168000, 47004, 0, 0
169000, 46853, 0, 0
170000, 47728, 0, 0
171000, 46971, 0, 0
172000, 47671, 0, 0
173000, 46824, 0, 0
174000, 47411, 0, 0
175000, 46662, 0, 0
176000, 48889, 0, 0
177000, 47756, 0, 0
178000, 46914, 0, 0
179000, 46838, 0, 0
180000, 46931, 0, 0
181000, 46880, 0, 0
182000, 47289, 0, 0
183000, 47380, 0, 0
184000, 47427, 0, 0
185000, 47248, 0, 0
186000, 48648, 0, 0
187000, 46995, 0, 0
188000, 47174, 0, 0
189000, 46636, 0, 0
190000, 46758, 0, 0
191000, 46719, 0, 0
192000, 46978, 0, 0
193000, 46786, 0, 0
194000, 46778, 0, 0
195000, 46751, 0, 0
196000, 48078, 0, 0
197000, 48271, 0, 0
198000, 46878, 0, 0
199000, 47024, 0, 0
200000, 46981, 0, 0
201000, 46968, 0, 0
202000, 47312, 0, 0
203000, 47074, 0, 0
204000, 46799, 0, 0
205000, 46849, 0, 0
206000, 48734, 0, 0
207000, 48103, 0, 0
208000, 46677, 0, 0
209000, 46871, 0, 0
210000, 47358, 0, 0
211000, 47161, 0, 0
212000, 46995, 0, 0
213000, 46816, 0, 0
214000, 46815, 0, 0
215000, 47090, 0, 0
216000, 48923, 0, 0
217000, 48054, 0, 0
218000, 47724, 0, 0
219000, 47279, 0, 0
220000, 47550, 0, 0
221000, 47642, 0, 0
222000, 47773, 0, 0
223000, 47567, 0, 0
224000, 47425, 0, 0
225000, 47396, 0, 0
226000, 48607, 0, 0
227000, 47562, 0, 0
228000, 47025, 0, 0
229000, 46748, 0, 0
230000, 46479, 0, 0
231000, 46570, 0, 0
232000, 46778, 0, 0
233000, 46636, 0, 0
234000, 46467, 0, 0
235000, 47034, 0, 0
236000, 48559, 0, 0
237000, 47693, 0, 0
238000, 47348, 0, 0
239000, 47095, 0, 0
240000, 47139, 0, 0
241000, 47386, 0, 0
242000, 47622, 0, 0
243000, 47513, 0, 0
244000, 47268, 0, 0
245000, 47750, 0, 0
246000, 48469, 0, 0
247000, 47643, 0, 0
248000, 47579, 0, 0
249000, 46864, 0, 0
250000, 46990, 0, 0
251000, 47059, 0, 0
252000, 47082, 0, 0
253000, 47147, 0, 0
254000, 46982, 0, 0
255000, 46986, 0, 0
256000, 47695, 0, 0
257000, 46997, 0, 0
258000, 46832, 0, 0
259000, 46780, 0, 0
260000, 46752, 0, 0
261000, 46829, 0, 0
262000, 47335, 0, 0
263000, 47742, 0, 0
264000, 47315, 0, 0
265000, 47042, 0, 0
266000, 48411, 0, 0
267000, 47636, 0, 0
268000, 48393, 0, 0
269000, 47085, 0, 0
270000, 47134, 0, 0
271000, 47448, 0, 0
272000, 47517, 0, 0
273000, 47967, 0, 0
274000, 47291, 0, 0
275000, 47400, 0, 0
276000, 47622, 0, 0
277000, 47863, 0, 0
278000, 48138, 0, 0
279000, 48238, 0, 0
280000, 47506, 0, 0
281000, 47431, 0, 0
282000, 47330, 0, 0
283000, 47196, 0, 0
284000, 47301, 0, 0
285000, 47202, 0, 0
286000, 49075, 0, 0
287000, 47739, 0, 0
288000, 48333, 0, 0
289000, 47454, 0, 0
290000, 47396, 0, 0
291000, 47242, 0, 0
292000, 47303, 0, 0
293000, 47680, 0, 0
294000, 47377, 0, 0
295000, 47766, 0, 0
296000, 48972, 0, 0
297000, 47055, 0, 0
298000, 47242, 0, 0
299000, 47308, 0, 0
300000, 47440, 0, 0
1000, 47267, 0, 0
2000, 47088, 0, 0
3000, 46917, 0, 0
4000, 46970, 0, 0
5000, 46928, 0, 0
6000, 48239, 0, 0
7000, 48153, 0, 0
8000, 46895, 0, 0
9000, 47027, 0, 0
10000, 46870, 0, 0
11000, 47268, 0, 0
12000, 46918, 0, 0
13000, 46777, 0, 0
14000, 46858, 0, 0
15000, 47073, 0, 0
16000, 47910, 0, 0
17000, 46891, 0, 0
18000, 46952, 0, 0
19000, 46659, 0, 0
20000, 47076, 0, 0
21000, 47237, 0, 0
22000, 47069, 0, 0
23000, 47306, 0, 0
24000, 47000, 0, 0
25000, 46685, 0, 0
26000, 49130, 0, 0
27000, 47642, 0, 0
28000, 47420, 0, 0
29000, 47347, 0, 0
30000, 47116, 0, 0
31000, 47754, 0, 0
32000, 47886, 0, 0
33000, 48341, 0, 0
34000, 47755, 0, 0
35000, 48146, 0, 0
36000, 49437, 0, 0
37000, 47815, 0, 0
38000, 46881, 0, 0
39000, 46843, 0, 0
40000, 47063, 0, 0
41000, 46688, 0, 0
42000, 46676, 0, 0
43000, 46954, 0, 0
44000, 46857, 0, 0
45000, 46620, 0, 0
46000, 48652, 0, 0
47000, 47911, 0, 0
48000, 47094, 0, 0
49000, 47188, 0, 0
50000, 47388, 0, 0
51000, 47121, 0, 0
52000, 47504, 0, 0
53000, 47371, 0, 0
54000, 47299, 0, 0
55000, 47773, 0, 0
56000, 49546, 0, 0
57000, 48394, 0, 0
58000, 48108, 0, 0
59000, 47154, 0, 0
60000, 46869, 0, 0
61000, 47278, 0, 0
62000, 48267, 0, 0
63000, 47818, 0, 0
64000, 48187, 0, 0
65000, 48035, 0, 0
66000, 48336, 0, 0
67000, 47059, 0, 0
68000, 47180, 0, 0
69000, 47493, 0, 0
70000, 47217, 0, 0
71000, 47435, 0, 0
72000, 47191, 0, 0
73000, 47238, 0, 0
74000, 47342, 0, 0
75000, 47169, 0, 0
76000, 48844, 0, 0
77000, 47010, 0, 0
78000, 47034, 0, 0
79000, 46685, 0, 0
80000, 47220, 0, 0
81000, 47062, 0, 0
82000, 47140, 0, 0
83000, 46834, 0, 0
84000, 47121, 0, 0
85000, 46689, 0, 0
86000, 48158, 0, 0
87000, 47138, 0, 0
88000, 47280, 0, 0
89000, 47194, 0, 0
90000, 47812, 0, 0
91000, 47589, 0, 0
92000, 47549, 0, 0
93000, 47135, 0, 0
94000, 47298, 0, 0
95000, 47213, 0, 0
96000, 49544, 0, 0
97000, 46623, 0, 0
98000, 47018, 0, 0
99000, 46666, 0, 0
100000, 47154, 0, 0
101000, 46791, 0, 0
102000, 46947, 0, 0
103000, 46589, 0, 0
104000, 46732, 0, 0
105000, 46609, 0, 0
106000, 48457, 0, 0
107000, 47548, 0, 0
108000, 47289, 0, 0
109000, 47208, 0, 0
110000, 47275, 0, 0
111000, 47266, 0, 0
112000, 47713, 0, 0
113000, 47337, 0, 0
114000, 47379, 0, 0
115000, 47372, 0, 0
116000, 48497, 0, 0
117000, 47465, 0, 0
118000, 47287, 0, 0
119000, 46736, 0, 0
120000, 46693, 0, 0
121000, 46735, 0, 0
122000, 47212, 0, 0
123000, 46792, 0, 0
124000, 46726, 0, 0
125000, 46729, 0, 0
126000, 48760, 0, 0
127000, 48287, 0, 0
128000, 49169, 0, 0
129000, 47945, 0, 0
130000, 49208, 0, 0
131000, 47468, 0, 0
132000, 47376, 0, 0
133000, 46628, 0, 0
134000, 47119, 0, 0
135000, 46641, 0, 0
136000, 48278, 0, 0
137000, 48284, 0, 0
138000, 46867, 0, 0
139000, 46762, 0, 0
140000, 46802, 0, 0
141000, 46768, 0, 0
142000, 47958, 0, 0
143000, 47582, 0, 0
144000, 47564, 0, 0
145000, 47147, 0, 0
146000, 48916, 0, 0
147000, 47422, 0, 0
148000, 46817, 0, 0
149000, 46686, 0, 0
150000, 47644, 0, 0
151000, 47104, 0, 0
152000, 47463, 0, 0
153000, 46695, 0, 0
154000, 46974, 0, 0
155000, 46602, 0, 0
156000, 48886, 0, 0
157000, 47658, 0, 0
158000, 47297, 0, 0
159000, 46841, 0, 0
160000, 47051, 0, 0
161000, 47026, 0, 0
162000, 46982, 0, 0
163000, 46796, 0, 0
164000, 46824, 0, 0
165000, 46676, 0, 0
166000, 48451, 0, 0
167000, 46794, 0, 0
168000, 46719, 0, 0
169000, 46639, 0, 0
170000, 47453, 0, 0
171000, 47012, 0, 0
172000, 46927, 0, 0
173000, 46800, 0, 0
174000, 47647, 0, 0
175000, 46727, 0, 0
176000, 48833, 0, 0
177000, 48238, 0, 0
178000, 47598, 0, 0
179000, 47949, 0, 0
180000, 47774, 0, 0
181000, 47703, 0, 0
182000, 47809, 0, 0
183000, 47474, 0, 0
184000, 47476, 0, 0
185000, 47348, 0, 0
186000, 48612, 0, 0
187000, 47123, 0, 0
188000, 47688, 0, 0
189000, 46926, 0, 0
190000, 47898, 0, 0
191000, 47498, 0, 0
192000, 47197, 0, 0
193000, 47421, 0, 0
194000, 47161, 0, 0
195000, 47291, 0, 0
196000, 47729, 0, 0
197000, 47003, 0, 0
198000, 46687, 0, 0
199000, 46541, 0, 0
200000, 46782, 0, 0
201000, 46996, 0, 0
202000, 47077, 0, 0
203000, 46701, 0, 0
204000, 46823, 0, 0
205000, 46739, 0, 0
206000, 48394, 0, 0
207000, 47378, 0, 0
208000, 46795, 0, 0
209000, 46903, 0, 0
210000, 47085, 0, 0
211000, 47028, 0, 0
212000, 47109, 0, 0
213000, 46989, 0, 0
214000, 47152, 0, 0
215000, 46785, 0, 0
216000, 48915, 0, 0
217000, 48089, 0, 0
218000, 47797, 0, 0
219000, 46511, 0, 0
220000, 46674, 0, 0
221000, 46683, 0, 0
222000, 47155, 0, 0
223000, 46609, 0, 0
224000, 46555, 0, 0
225000, 46570, 0, 0
226000, 48438, 0, 0
227000, 47584, 0, 0
228000, 47218, 0, 0
229000, 47502, 0, 0
230000, 47082, 0, 0
231000, 47313, 0, 0
232000, 47621, 0, 0
233000, 47254, 0, 0
234000, 47334, 0, 0
235000, 47056, 0, 0
236000, 47929, 0, 0
237000, 47351, 0, 0
238000, 47404, 0, 0
239000, 47171, 0, 0
240000, 47553, 0, 0
241000, 47238, 0, 0
242000, 47328, 0, 0
243000, 47217, 0, 0
244000, 47404, 0, 0
245000, 47432, 0, 0
246000, 48489, 0, 0
247000, 47551, 0, 0
248000, 48251, 0, 0
249000, 46869, 0, 0
250000, 46779, 0, 0
251000, 47015, 0, 0
252000, 47433, 0, 0
253000, 47571, 0, 0
254000, 48181, 0, 0
255000, 47827, 0, 0
256000, 49077, 0, 0
257000, 47219, 0, 0
258000, 46994, 0, 0
259000, 46904, 0, 0
260000, 46874, 0, 0
261000, 46670, 0, 0
262000, 46644, 0, 0
263000, 46869, 0, 0
264000, 46633, 0, 0
265000, 46616, 0, 0
266000, 47443, 0, 0
267000, 46890, 0, 0
268000, 48539, 0, 0
269000, 47775, 0, 0
270000, 48289, 0, 0
271000, 47851, 0, 0
272000, 47756, 0, 0
273000, 47647, 0, 0
274000, 47661, 0, 0
275000, 47440, 0, 0
276000, 49025, 0, 0
277000, 48397, 0, 0
278000, 48954, 0, 0
279000, 48572, 0, 0
280000, 47402, 0, 0
281000, 47070, 0, 0
282000, 47131, 0, 0
283000, 47784, 0, 0
284000, 46616, 0, 0
285000, 46852, 0, 0
286000, 47763, 0, 0
287000, 46991, 0, 0
288000, 47182, 0, 0
289000, 46902, 0, 0
290000, 47034, 0, 0
291000, 46764, 0, 0
292000, 47094, 0, 0
293000, 47109, 0, 0
294000, 47116, 0, 0
295000, 46989, 0, 0
296000, 48325, 0, 0
297000, 47496, 0, 0
298000, 47040, 0, 0
299000, 46701, 0, 0
300000, 46433, 0, 0
