114, 9263, 1, 0
124, 807, 1, 0
134, 815, 1, 0
144, 815, 1, 0
154, 815, 1, 0
165, 808, 1, 0
175, 808, 1, 0
185, 800, 1, 0
195, 808, 1, 0
205, 817, 1, 0
215, 808, 1, 0
225, 808, 1, 0
235, 800, 1, 0
245, 808, 1, 0
255, 808, 1, 0
265, 808, 1, 0
275, 800, 1, 0
285, 808, 1, 0
295, 817, 1, 0
305, 800, 1, 0
315, 773, 1, 0
326, 775, 1, 0
336, 810, 1, 0
346, 801, 1, 0
356, 801, 1, 0
366, 801, 1, 0
376, 801, 1, 0
386, 801, 1, 0
396, 801, 1, 0
406, 801, 1, 0
416, 801, 1, 0
426, 801, 1, 0
436, 801, 1, 0
446, 793, 1, 0
456, 793, 1, 0
466, 793, 1, 0
476, 793, 1, 0
487, 769, 1, 0
497, 794, 1, 0
507, 794, 1, 0
517, 786, 1, 0
527, 794, 1, 0
537, 794, 1, 0
547, 794, 1, 0
557, 794, 1, 0
567, 794, 1, 0
577, 803, 1, 0
587, 794, 1, 0
597, 794, 1, 0
608, 796, 1, 0
618, 779, 1, 0
628, 788, 1, 0
638, 788, 1, 0
648, 788, 1, 0
658, 779, 1, 0
668, 788, 1, 0
678, 788, 1, 0
688, 788, 1, 0
698, 796, 1, 0
708, 788, 1, 0
719, 789, 1, 0
729, 781, 1, 0
739, 781, 1, 0
749, 781, 1, 0
759, 789, 1, 0
769, 773, 1, 0
779, 781, 1, 0
789, 781, 1, 0
799, 789, 1, 0
809, 781, 1, 0
819, 781, 1, 0
830, 775, 1, 0
840, 783, 1, 0
850, 775, 1, 0
860, 775, 1, 0
870, 766, 1, 0
880, 775, 1, 0
890, 775, 1, 0
900, 775, 1, 0
910, 766, 1, 0
920, 775, 1, 0
930, 766, 1, 0
940, 783, 1, 0
951, 768, 1, 0
961, 768, 1, 0
971, 768, 1, 0
981, 768, 1, 0
991, 768, 1, 0
1001, 760, 1, 0
1011, 776, 1, 0
1021, 760, 1, 0
1031, 768, 1, 0
1041, 768, 1, 0
1051, 768, 1, 0
1061, 760, 1, 0
1072, 762, 1, 0
1082, 754, 1, 0
1092, 778, 1, 0
1102, 762, 1, 0
1112, 770, 1, 0
1122, 762, 1, 0
1132, 770, 1, 0
1142, 770, 1, 0
1152, 762, 1, 0
1162, 762, 1, 0
1172, 762, 1, 0
1182, 762, 1, 0
1193, 764, 1, 0
1203, 756, 1, 0
1213, 756, 1, 0
1223, 756, 1, 0
1233, 756, 1, 0
1243, 756, 1, 0
1253, 756, 1, 0
1263, 756, 1, 0
1273, 756, 1, 0
1283, 747, 1, 0
1293, 756, 1, 0
1304, 750, 1, 0
1314, 750, 1, 0
1324, 758, 1, 0
1334, 750, 1, 0
1344, 750, 1, 0
1354, 750, 1, 0
1364, 758, 1, 0
1374, 741, 1, 0
1384, 750, 1, 0
1394, 750, 1, 0
1404, 750, 1, 0
1414, 750, 1, 0
1425, 752, 1, 0
1435, 744, 1, 0
1445, 744, 1, 0
1455, 744, 1, 0
1465, 752, 1, 0
1475, 728, 1, 0
1485, 736, 1, 0
1495, 744, 1, 0
1505, 744, 1, 0
1515, 744, 1, 0
1525, 752, 1, 0
1536, 738, 1, 0
1546, 738, 1, 0
1556, 738, 1, 0
1566, 730, 1, 0
1576, 738, 1, 0
1586, 738, 1, 0
1596, 738, 1, 0
1606, 738, 1, 0
1616, 730, 1, 0
1626, 738, 1, 0
1636, 738, 1, 0
1646, 738, 1, 0
1656, 738, 1, 0
1667, 732, 1, 0
1677, 732, 1, 0
1687, 732, 1, 0
1697, 732, 1, 0
1707, 740, 1, 0
1717, 732, 1, 0
1727, 732, 1, 0
1737, 740, 1, 0
1747, 732, 1, 0
1757, 732, 1, 0
1767, 732, 1, 0
1778, 734, 1, 0
1788, 726, 1, 0
1798, 726, 1, 0
1808, 726, 1, 0
1818, 726, 1, 0
1828, 726, 1, 0
1838, 726, 1, 0
1848, 734, 1, 0
1858, 734, 1, 0
1868, 718, 1, 0
1878, 726, 1, 0
1888, 710, 1, 0
1898, 640, 1, 0
1908, 679, 1, 0
1918, 710, 1, 0
1929, 728, 1, 0
1939, 658, 1, 0
1949, 689, 1, 0
1959, 720, 1, 0
1969, 720, 1, 0
1979, 720, 1, 0
1989, 728, 1, 0
1999, 720, 1, 0
2009, 728, 1, 0
2019, 720, 1, 0
2029, 728, 1, 0
2039, 713, 1, 0
2049, 720, 1, 0
2060, 715, 1, 0
2070, 715, 1, 0
2080, 715, 1, 0
2090, 715, 1, 0
2100, 723, 1, 0
2110, 723, 1, 0
2120, 715, 1, 0
2130, 715, 1, 0
2140, 715, 1, 0
2150, 715, 1, 0
2160, 707, 1, 0
2170, 707, 1, 0
2181, 709, 1, 0
2191, 717, 1, 0
2201, 709, 1, 0
2211, 717, 1, 0
2221, 709, 1, 0
2231, 709, 1, 0
2241, 709, 1, 0
2251, 717, 1, 0
2261, 709, 1, 0
2271, 717, 1, 0
2281, 709, 1, 0
2292, 704, 1, 0
2302, 704, 1, 0
2312, 712, 1, 0
2322, 704, 1, 0
2332, 704, 1, 0
2342, 704, 1, 0
2352, 704, 1, 0
2362, 704, 1, 0
2372, 704, 1, 0
2382, 712, 1, 0
2392, 704, 1, 0
2402, 704, 1, 0
2412, 704, 1, 0
2422, 704, 1, 0
2433, 699, 1, 0
2443, 684, 1, 0
2453, 706, 1, 0
2463, 706, 1, 0
2473, 691, 1, 0
2483, 699, 1, 0
2493, 706, 1, 0
2503, 699, 1, 0
2513, 699, 1, 0
2523, 706, 1, 0
2533, 699, 1, 0
2544, 694, 1, 0
2554, 701, 1, 0
2564, 694, 1, 0
2574, 694, 1, 0
2584, 694, 1, 0
2594, 694, 1, 0
2604, 701, 1, 0
2614, 694, 1, 0
2624, 694, 1, 0
2634, 694, 1, 0
2644, 701, 1, 0
2655, 688, 1, 0
2665, 696, 1, 0
2675, 688, 1, 0
2685, 688, 1, 0
2695, 696, 1, 0
2705, 688, 1, 0
2715, 696, 1, 0
2725, 688, 1, 0
2735, 688, 1, 0
2745, 696, 1, 0
2755, 688, 1, 0
2765, 688, 1, 0
2776, 683, 1, 0
2786, 683, 1, 0
2796, 683, 1, 0
2806, 683, 1, 0
2816, 691, 1, 0
2826, 676, 1, 0
2836, 683, 1, 0
2846, 683, 1, 0
2856, 683, 1, 0
2866, 683, 1, 0
2876, 683, 1, 0
2886, 691, 1, 0
2897, 678, 1, 0
2907, 678, 1, 0
2917, 678, 1, 0
2927, 678, 1, 0
2937, 678, 1, 0
2947, 678, 1, 0
2957, 678, 1, 0
2967, 671, 1, 0
2977, 678, 1, 0
2987, 678, 1, 0
2997, 686, 1, 0
3007, 678, 1, 0
3017, 686, 1, 0
3027, 678, 1, 0
3038, 673, 1, 0
3048, 673, 1, 0
3058, 673, 1, 0
3068, 673, 1, 0
3078, 666, 1, 0
3088, 681, 1, 0
3098, 673, 1, 0
3108, 681, 1, 0
3118, 673, 1, 0
3128, 673, 1, 0
3138, 681, 1, 0
3148, 673, 1, 0
3159, 669, 1, 0
3169, 676, 1, 0
3179, 669, 1, 0
3189, 676, 1, 0
3199, 669, 1, 0
3209, 676, 1, 0
3219, 669, 1, 0
3229, 669, 1, 0
3239, 669, 1, 0
3249, 669, 1, 0
3259, 669, 1, 0
3269, 661, 1, 0
3280, 671, 1, 0
3290, 664, 1, 0
3300, 664, 1, 0
3310, 664, 1, 0
3320, 664, 1, 0
3330, 657, 1, 0
3340, 664, 1, 0
3350, 671, 1, 0
3360, 671, 1, 0
3370, 664, 1, 0
3380, 664, 1, 0
3390, 664, 1, 0
3401, 666, 1, 0
3411, 659, 1, 0
3421, 659, 1, 0
3431, 666, 1, 0
3441, 659, 1, 0
3451, 659, 1, 0
3461, 666, 1, 0
3471, 631, 1, 0
3481, 666, 1, 0
3491, 659, 1, 0
3501, 659, 1, 0
3511, 666, 1, 0
3522, 654, 1, 0
3532, 654, 1, 0
3542, 647, 1, 0
3552, 654, 1, 0
3562, 640, 1, 0
3572, 654, 1, 0
3582, 654, 1, 0
3592, 654, 1, 0
3602, 654, 1, 0
3612, 647, 1, 0
3622, 654, 1, 0
3632, 661, 1, 0
3643, 643, 1, 0
3653, 650, 1, 0
3663, 657, 1, 0
3673, 650, 1, 0
3683, 650, 1, 0
3693, 650, 1, 0
3703, 650, 1, 0
3713, 657, 1, 0
3723, 650, 1, 0
3733, 650, 1, 0
3743, 650, 1, 0
3753, 650, 1, 0
3763, 650, 1, 0
3774, 645, 1, 0
3784, 638, 1, 0
3794, 631, 1, 0
3804, 645, 1, 0
3814, 458, 1, 0
3824, 618, 1, 0
3834, 597, 1, 0
3844, 631, 1, 0
3855, 655, 1, 0
3865, 606, 1, 0
3875, 627, 1, 0
3885, 634, 1, 0
3895, 627, 1, 0
3905, 627, 1, 0
3915, 551, 1, 0
3925, 634, 1, 0
3935, 641, 1, 0
3945, 627, 1, 0
3955, 641, 1, 0
3965, 641, 1, 0
3975, 641, 1, 0
3985, 641, 1, 0
3995, 641, 1, 0
4006, 636, 1, 0
4016, 636, 1, 0
4026, 636, 1, 0
4036, 643, 1, 0
4046, 636, 1, 0
4056, 636, 1, 0
4066, 636, 1, 0
4076, 636, 1, 0
4086, 630, 1, 0
4096, 636, 1, 0
4106, 636, 1, 0
4116, 636, 1, 0
4126, 643, 1, 0
4136, 636, 1, 0
4146, 636, 1, 0
4156, 636, 1, 0
4166, 636, 1, 0
4176, 643, 1, 0
4186, 636, 1, 0
4197, 632, 1, 0
4207, 632, 1, 0
4217, 632, 1, 0
4227, 639, 1, 0
4237, 625, 1, 0
4247, 639, 1, 0
4257, 632, 1, 0
4267, 632, 1, 0
4277, 632, 1, 0
4287, 619, 1, 0
4297, 639, 1, 0
4307, 632, 1, 0
4317, 632, 1, 0
4327, 632, 1, 0
4337, 632, 1, 0
4347, 625, 1, 0
4357, 632, 1, 0
4367, 632, 1, 0
4377, 632, 1, 0
4388, 628, 1, 0
4398, 635, 1, 0
4408, 628, 1, 0
4418, 628, 1, 0
4428, 628, 1, 0
4438, 628, 1, 0
4448, 621, 1, 0
4458, 628, 1, 0
4468, 628, 1, 0
4478, 628, 1, 0
4488, 621, 1, 0
4498, 635, 1, 0
4508, 621, 1, 0
4518, 628, 1, 0
4528, 635, 1, 0
4538, 628, 1, 0
4548, 628, 1, 0
4558, 628, 1, 0
4569, 624, 1, 0
4579, 624, 1, 0
4589, 624, 1, 0
4599, 624, 1, 0
4609, 624, 1, 0
4619, 630, 1, 0
4629, 624, 1, 0
4639, 624, 1, 0
4649, 630, 1, 0
4659, 624, 1, 0
4669, 624, 1, 0
4679, 624, 1, 0
4689, 597, 1, 0
4699, 624, 1, 0
4709, 624, 1, 0
4719, 624, 1, 0
4729, 624, 1, 0
4739, 610, 1, 0
4750, 600, 1, 0
4760, 620, 1, 0
4770, 620, 1, 0
4780, 620, 1, 0
4790, 613, 1, 0
4800, 620, 1, 0
4810, 620, 1, 0
4820, 546, 1, 0
4830, 600, 1, 0
4840, 600, 1, 0
4850, 606, 1, 0
4860, 606, 1, 0
4870, 606, 1, 0
4880, 600, 1, 0
4890, 606, 1, 0
4901, 609, 1, 0
4911, 615, 1, 0
4921, 622, 1, 0
4931, 615, 1, 0
4941, 622, 1, 0
4951, 615, 1, 0
4961, 615, 1, 0
4971, 622, 1, 0
4981, 615, 1, 0
4991, 615, 1, 0
5001, 615, 1, 0
5011, 615, 1, 0
5022, 611, 1, 0
5032, 611, 1, 0
5042, 611, 1, 0
5052, 611, 1, 0
5062, 618, 1, 0
5072, 611, 1, 0
5082, 611, 1, 0
5092, 611, 1, 0
5102, 611, 1, 0
5112, 618, 1, 0
5122, 618, 1, 0
5132, 611, 1, 0
5142, 611, 1, 0
5153, 607, 1, 0
5163, 607, 1, 0
5173, 601, 1, 0
5183, 614, 1, 0
5193, 607, 1, 0
5203, 614, 1, 0
5213, 607, 1, 0
5223, 620, 1, 0
5234, 506, 1, 0
5244, 603, 1, 0
5254, 603, 1, 0
5264, 603, 1, 0
5274, 603, 1, 0
5284, 603, 1, 0
5294, 603, 1, 0
5304, 610, 1, 0
5314, 597, 1, 0
5324, 603, 1, 0
5334, 610, 1, 0
5344, 597, 1, 0
5355, 600, 1, 0
5365, 600, 1, 0
5375, 600, 1, 0
5385, 600, 1, 0
5395, 600, 1, 0
5405, 600, 1, 0
5415, 600, 1, 0
5425, 600, 1, 0
5435, 600, 1, 0
5445, 600, 1, 0
5455, 600, 1, 0
5466, 596, 1, 0
5476, 596, 1, 0
5486, 589, 1, 0
5496, 596, 1, 0
5506, 596, 1, 0
5516, 596, 1, 0
5526, 596, 1, 0
5536, 596, 1, 0
5546, 596, 1, 0
5556, 596, 1, 0
5566, 596, 1, 0
5577, 585, 1, 0
5587, 592, 1, 0
5597, 592, 1, 0
5607, 585, 1, 0
5617, 592, 1, 0
5627, 585, 1, 0
5637, 592, 1, 0
5647, 585, 1, 0
5657, 592, 1, 0
5667, 592, 1, 0
5677, 592, 1, 0
5687, 585, 1, 0
5697, 585, 1, 0
5707, 592, 1, 0
5717, 585, 1, 0
5727, 592, 1, 0
5737, 598, 1, 0
5748, 582, 1, 0
5758, 588, 1, 0
5768, 588, 1, 0
5778, 582, 1, 0
5788, 588, 1, 0
5798, 582, 1, 0
5808, 588, 1, 0
5818, 588, 1, 0
5828, 588, 1, 0
5838, 588, 1, 0
5848, 588, 1, 0
5858, 594, 1, 0
5868, 582, 1, 0
5879, 591, 1, 0
5889, 584, 1, 0
5899, 591, 1, 0
5909, 584, 1, 0
5919, 584, 1, 0
5929, 572, 1, 0
5939, 578, 1, 0
5949, 584, 1, 0
5959, 559, 1, 0
5969, 584, 1, 0
5979, 584, 1, 0
5989, 578, 1, 0
5999, 584, 1, 0
6010, 581, 1, 0
6020, 581, 1, 0
6030, 581, 1, 0
6040, 581, 1, 0
6050, 581, 1, 0
6060, 581, 1, 0
6070, 581, 1, 0
6080, 581, 1, 0
6090, 581, 1, 0
6100, 587, 1, 0
6110, 581, 1, 0
6120, 587, 1, 0
6131, 571, 1, 0
6141, 577, 1, 0
6151, 571, 1, 0
6161, 577, 1, 0
6171, 577, 1, 0
6181, 571, 1, 0
6191, 577, 1, 0
6201, 571, 1, 0
6211, 577, 1, 0
6221, 571, 1, 0
6231, 577, 1, 0
6241, 571, 1, 0
6251, 577, 1, 0
6261, 571, 1, 0
6272, 574, 1, 0
6282, 567, 1, 0
6292, 567, 1, 0
6302, 574, 1, 0
6312, 574, 1, 0
6322, 567, 1, 0
6332, 574, 1, 0
6342, 574, 1, 0
6352, 567, 1, 0
6362, 574, 1, 0
6372, 574, 1, 0
6382, 567, 1, 0
6392, 574, 1, 0
6403, 570, 1, 0
6413, 570, 1, 0
6423, 570, 1, 0
6433, 570, 1, 0
6443, 564, 1, 0
6453, 570, 1, 0
6463, 570, 1, 0
6473, 564, 1, 0
6483, 564, 1, 0
6493, 564, 1, 0
6503, 570, 1, 0
6513, 570, 1, 0
6524, 567, 1, 0
6534, 567, 1, 0
6544, 567, 1, 0
6554, 567, 1, 0
6564, 567, 1, 0
6574, 560, 1, 0
6584, 573, 1, 0
6594, 567, 1, 0
6604, 567, 1, 0
6614, 567, 1, 0
6624, 560, 1, 0
6634, 567, 1, 0
6645, 563, 1, 0
6655, 557, 1, 0
6665, 563, 1, 0
6675, 563, 1, 0
6685, 563, 1, 0
6695, 557, 1, 0
6705, 569, 1, 0
6715, 557, 1, 0
6725, 563, 1, 0
6735, 563, 1, 0
6745, 563, 1, 0
6756, 554, 1, 0
6766, 560, 1, 0
6776, 554, 1, 0
6786, 560, 1, 0
6796, 560, 1, 0
6806, 560, 1, 0
6816, 560, 1, 0
6826, 554, 1, 0
6836, 560, 1, 0
6846, 560, 1, 0
6856, 560, 1, 0
6866, 560, 1, 0
6876, 560, 1, 0
6886, 560, 1, 0
6897, 556, 1, 0
6907, 556, 1, 0
6917, 556, 1, 0
6927, 508, 1, 0
6937, 550, 1, 0
6947, 550, 1, 0
6957, 556, 1, 0
6967, 556, 1, 0
6977, 562, 1, 0
6987, 562, 1, 0
6997, 556, 1, 0
7007, 556, 1, 0
7017, 562, 1, 0
7027, 562, 1, 0
7038, 553, 1, 0
7048, 559, 1, 0
7058, 553, 1, 0
7068, 553, 1, 0
7078, 553, 1, 0
7088, 559, 1, 0
7098, 553, 1, 0
7108, 559, 1, 0
7118, 553, 1, 0
7128, 553, 1, 0
7138, 541, 1, 0
7148, 559, 1, 0
7159, 550, 1, 0
7169, 550, 1, 0
7179, 550, 1, 0
7189, 556, 1, 0
7199, 550, 1, 0
7209, 556, 1, 0
7219, 550, 1, 0
7229, 508, 1, 0
7239, 550, 1, 0
7249, 550, 1, 0
7259, 550, 1, 0
7269, 550, 1, 0
7279, 550, 1, 0
7289, 550, 1, 0
7300, 547, 1, 0
7310, 541, 1, 0
7320, 547, 1, 0
7330, 547, 1, 0
7340, 547, 1, 0
7350, 552, 1, 0
7360, 547, 1, 0
7370, 541, 1, 0
7380, 547, 1, 0
7390, 547, 1, 0
7400, 547, 1, 0
7410, 552, 1, 0
7420, 547, 1, 0
7430, 547, 1, 0
7440, 547, 1, 0
7451, 543, 1, 0
7461, 549, 1, 0
7471, 543, 1, 0
7481, 543, 1, 0
7491, 543, 1, 0
7501, 543, 1, 0
7511, 543, 1, 0
7521, 543, 1, 0
7531, 543, 1, 0
7541, 549, 1, 0
7551, 543, 1, 0
7561, 543, 1, 0
7572, 540, 1, 0
7582, 540, 1, 0
7592, 534, 1, 0
7602, 540, 1, 0
7612, 500, 1, 0
7622, 534, 1, 0
7632, 534, 1, 0
7642, 534, 1, 0
7652, 546, 1, 0
7662, 540, 1, 0
7672, 540, 1, 0
7682, 540, 1, 0
7692, 540, 1, 0
7702, 540, 1, 0
7713, 543, 1, 0
7723, 537, 1, 0
7733, 537, 1, 0
7743, 543, 1, 0
7753, 537, 1, 0
7763, 537, 1, 0
7773, 537, 1, 0
7783, 537, 1, 0
7793, 537, 1, 0
7803, 543, 1, 0
7813, 537, 1, 0
7823, 537, 1, 0
7834, 540, 1, 0
7844, 534, 1, 0
7854, 540, 1, 0
7864, 534, 1, 0
7874, 528, 1, 0
7884, 534, 1, 0
7894, 540, 1, 0
7904, 540, 1, 0
7914, 534, 1, 0
7924, 540, 1, 0
7934, 534, 1, 0
7944, 528, 1, 0
7955, 531, 1, 0
7965, 520, 1, 0
7975, 531, 1, 0
7985, 537, 1, 0
7995, 525, 1, 0
8005, 537, 1, 0
8015, 520, 1, 0
8025, 531, 1, 0
8035, 531, 1, 0
8045, 537, 1, 0
8055, 525, 1, 0
8065, 274, 1, 0
8075, 491, 1, 0
8086, 528, 1, 0
8096, 528, 1, 0
8106, 500, 1, 0
8116, 477, 1, 0
8126, 500, 1, 0
8136, 534, 1, 0
8146, 528, 1, 0
8156, 528, 1, 0
8166, 528, 1, 0
8176, 534, 1, 0
8186, 528, 1, 0
8196, 534, 1, 0
8206, 528, 1, 0
8216, 534, 1, 0
8227, 531, 1, 0
8237, 525, 1, 0
8247, 525, 1, 0
8257, 531, 1, 0
8267, 525, 1, 0
8277, 525, 1, 0
8287, 525, 1, 0
8297, 525, 1, 0
8307, 525, 1, 0
8317, 531, 1, 0
8327, 525, 1, 0
8337, 525, 1, 0
8347, 531, 1, 0
8358, 528, 1, 0
8368, 516, 1, 0
8378, 522, 1, 0
8388, 528, 1, 0
8398, 522, 1, 0
8408, 522, 1, 0
8418, 522, 1, 0
8428, 522, 1, 0
8438, 528, 1, 0
8448, 505, 1, 0
8458, 522, 1, 0
8468, 528, 1, 0
8478, 522, 1, 0
8488, 522, 1, 0
8499, 519, 1, 0
8509, 519, 1, 0
8519, 491, 1, 0
8529, 519, 1, 0
8539, 519, 1, 0
8549, 525, 1, 0
8559, 519, 1, 0
8569, 519, 1, 0
8579, 513, 1, 0
8589, 513, 1, 0
8599, 519, 1, 0
8610, 522, 1, 0
8620, 516, 1, 0
8630, 516, 1, 0
8640, 516, 1, 0
8650, 516, 1, 0
8660, 522, 1, 0
8670, 516, 1, 0
8680, 516, 1, 0
8690, 511, 1, 0
8700, 522, 1, 0
8710, 516, 1, 0
8720, 522, 1, 0
8730, 516, 1, 0
8740, 488, 1, 0
8751, 513, 1, 0
8761, 480, 1, 0
8771, 403, 1, 0
8781, 519, 1, 0
8791, 502, 1, 0
8801, 497, 1, 0
8812, 510, 1, 0
8822, 516, 1, 0
8832, 516, 1, 0
8842, 516, 1, 0
8852, 510, 1, 0
8862, 510, 1, 0
8872, 406, 1, 0
8882, 510, 1, 0
8892, 510, 1, 0
8902, 510, 1, 0
8912, 516, 1, 0
8922, 510, 1, 0
8932, 510, 1, 0
8942, 510, 1, 0
8952, 516, 1, 0
8962, 510, 1, 0
8972, 510, 1, 0
8983, 508, 1, 0
8993, 508, 1, 0
9003, 508, 1, 0
9013, 508, 1, 0
9023, 508, 1, 0
9033, 513, 1, 0
9043, 508, 1, 0
9053, 513, 1, 0
9063, 508, 1, 0
9073, 508, 1, 0
9083, 508, 1, 0
9093, 513, 1, 0
9103, 508, 1, 0
9113, 513, 1, 0
9123, 508, 1, 0
9133, 513, 1, 0
9143, 508, 1, 0
9153, 508, 1, 0
9164, 505, 1, 0
9174, 505, 1, 0
9184, 505, 1, 0
9194, 505, 1, 0
9204, 505, 1, 0
9214, 505, 1, 0
9224, 505, 1, 0
9234, 505, 1, 0
9244, 510, 1, 0
9254, 505, 1, 0
9264, 510, 1, 0
9274, 505, 1, 0
9284, 505, 1, 0
9294, 505, 1, 0
9304, 510, 1, 0
9314, 505, 1, 0
9324, 505, 1, 0
9334, 505, 1, 0
9344, 510, 1, 0
9355, 502, 1, 0
9365, 508, 1, 0
9375, 502, 1, 0
9385, 502, 1, 0
9395, 508, 1, 0
9405, 502, 1, 0
9415, 502, 1, 0
9425, 502, 1, 0
9435, 502, 1, 0
9445, 502, 1, 0
9455, 502, 1, 0
9465, 502, 1, 0
9475, 491, 1, 0
9485, 475, 1, 0
9495, 486, 1, 0
9505, 508, 1, 0
9515, 502, 1, 0
9525, 502, 1, 0
9536, 500, 1, 0
9546, 500, 1, 0
9556, 500, 1, 0
9566, 500, 1, 0
9576, 500, 1, 0
9586, 505, 1, 0
9596, 500, 1, 0
9606, 500, 1, 0
9616, 505, 1, 0
9626, 505, 1, 0
9636, 500, 1, 0
9646, 500, 1, 0
9656, 505, 1, 0
9666, 500, 1, 0
9676, 494, 1, 0
9686, 500, 1, 0
9696, 505, 1, 0
9706, 500, 1, 0
9717, 502, 1, 0
9727, 497, 1, 0
9737, 502, 1, 0
9747, 497, 1, 0
9757, 497, 1, 0
9767, 497, 1, 0
9777, 502, 1, 0
9787, 497, 1, 0
9797, 497, 1, 0
9807, 497, 1, 0
9817, 497, 1, 0
9827, 502, 1, 0
9837, 497, 1, 0
9847, 502, 1, 0
9857, 497, 1, 0
9867, 502, 1, 0
9877, 502, 1, 0
9887, 497, 1, 0
9897, 497, 1, 0
9908, 494, 1, 0
9918, 500, 1, 0
9928, 494, 1, 0
9938, 494, 1, 0
9948, 436, 1, 0
9958, 484, 1, 0
9969, 486, 1, 0
9979, 481, 1, 0
9989, 486, 1, 0
9999, 486, 1, 0
10009, 486, 1, 0
10019, 412, 1, 0
10029, 492, 1, 0
10039, 497, 1, 0
10049, 492, 1, 0
10059, 497, 1, 0
10069, 492, 1, 0
10079, 492, 1, 0
10089, 486, 1, 0
10099, 497, 1, 0
10109, 492, 1, 0
10119, 497, 1, 0
10129, 492, 1, 0
10139, 497, 1, 0
10150, 489, 1, 0
10160, 489, 1, 0
10170, 489, 1, 0
10180, 494, 1, 0
10190, 484, 1, 0
10200, 489, 1, 0
10210, 494, 1, 0
10220, 489, 1, 0
10230, 494, 1, 0
10240, 489, 1, 0
10250, 489, 1, 0
10260, 494, 1, 0
10270, 489, 1, 0
10280, 489, 1, 0
10290, 494, 1, 0
10300, 489, 1, 0
10310, 489, 1, 0
10320, 494, 1, 0
10331, 486, 1, 0
10341, 492, 1, 0
10351, 486, 1, 0
10361, 486, 1, 0
10371, 486, 1, 0
10381, 465, 1, 0
10391, 486, 1, 0
10401, 492, 1, 0
10411, 486, 1, 0
10421, 492, 1, 0
10431, 460, 1, 0
10441, 424, 1, 0
10451, 486, 1, 0
10461, 492, 1, 0
10471, 486, 1, 0
10481, 481, 1, 0
10492, 479, 1, 0
10502, 484, 1, 0
10512, 484, 1, 0
10522, 484, 1, 0
10532, 484, 1, 0
10542, 484, 1, 0
10552, 489, 1, 0
10562, 484, 1, 0
10572, 489, 1, 0
10582, 484, 1, 0
10592, 489, 1, 0
10602, 489, 1, 0
10613, 487, 1, 0
10623, 487, 1, 0
10633, 481, 1, 0
10643, 481, 1, 0
10653, 481, 1, 0
10663, 487, 1, 0
10673, 481, 1, 0
10683, 481, 1, 0
10693, 476, 1, 0
10703, 487, 1, 0
10713, 481, 1, 0
10723, 481, 1, 0
10733, 481, 1, 0
10743, 481, 1, 0
10754, 479, 1, 0
10764, 479, 1, 0
10774, 479, 1, 0
10784, 474, 1, 0
10794, 479, 1, 0
10804, 484, 1, 0
10814, 479, 1, 0
10824, 479, 1, 0
10834, 474, 1, 0
10844, 484, 1, 0
10854, 479, 1, 0
10864, 484, 1, 0
10874, 479, 1, 0
10885, 482, 1, 0
10895, 476, 1, 0
10905, 487, 1, 0
10915, 476, 1, 0
10925, 482, 1, 0
10935, 441, 1, 0
10945, 482, 1, 0
10955, 476, 1, 0
10965, 482, 1, 0
10975, 476, 1, 0
10985, 476, 1, 0
10995, 482, 1, 0
11006, 474, 1, 0
11016, 479, 1, 0
11026, 474, 1, 0
11036, 474, 1, 0
11046, 474, 1, 0
11056, 479, 1, 0
11066, 474, 1, 0
11076, 479, 1, 0
11086, 474, 1, 0
11096, 474, 1, 0
11106, 474, 1, 0
11116, 479, 1, 0
11127, 472, 1, 0
11137, 477, 1, 0
11147, 472, 1, 0
11157, 477, 1, 0
11167, 472, 1, 0
11177, 472, 1, 0
11187, 472, 1, 0
11197, 477, 1, 0
11207, 472, 1, 0
11217, 472, 1, 0
11227, 477, 1, 0
11237, 472, 1, 0
11248, 474, 1, 0
11258, 469, 1, 0
11268, 469, 1, 0
11278, 474, 1, 0
11288, 469, 1, 0
11298, 469, 1, 0
11308, 469, 1, 0
11318, 474, 1, 0
11328, 469, 1, 0
11338, 469, 1, 0
11348, 474, 1, 0
11358, 474, 1, 0
11368, 469, 1, 0
11379, 472, 1, 0
11389, 437, 1, 0
11399, 437, 1, 0
11409, 467, 1, 0
11419, 467, 1, 0
11429, 467, 1, 0
11439, 467, 1, 0
11449, 462, 1, 0
11459, 467, 1, 0
11469, 467, 1, 0
11479, 462, 1, 0
11489, 457, 1, 0
11499, 472, 1, 0
11509, 467, 1, 0
11520, 465, 1, 0
11530, 465, 1, 0
11540, 465, 1, 0
11550, 460, 1, 0
11560, 465, 1, 0
11570, 465, 1, 0
11580, 470, 1, 0
11590, 465, 1, 0
11600, 470, 1, 0
11610, 465, 1, 0
11620, 465, 1, 0
11630, 470, 1, 0
11640, 465, 1, 0
11651, 467, 1, 0
11661, 462, 1, 0
11671, 467, 1, 0
11681, 462, 1, 0
11691, 462, 1, 0
11701, 462, 1, 0
11711, 467, 1, 0
11721, 467, 1, 0
11731, 462, 1, 0
11741, 462, 1, 0
11751, 467, 1, 0
11761, 462, 1, 0
11772, 465, 1, 0
11782, 455, 1, 0
11792, 460, 1, 0
11802, 460, 1, 0
11812, 460, 1, 0
11822, 460, 1, 0
11832, 465, 1, 0
11842, 460, 1, 0
11852, 460, 1, 0
11862, 460, 1, 0
11872, 465, 1, 0
11882, 465, 1, 0
11892, 460, 1, 0
11903, 463, 1, 0
11913, 458, 1, 0
11923, 458, 1, 0
11933, 463, 1, 0
11943, 458, 1, 0
11953, 448, 1, 0
11963, 369, 1, 0
11973, 374, 1, 0
11983, 458, 1, 0
11993, 463, 1, 0
12003, 458, 1, 0
12013, 458, 1, 0
12023, 453, 1, 0
12033, 458, 1, 0
12043, 458, 1, 0
12054, 460, 1, 0
12064, 455, 1, 0
12074, 455, 1, 0
12084, 460, 1, 0
12094, 455, 1, 0
12104, 460, 1, 0
12114, 455, 1, 0
12124, 455, 1, 0
12134, 460, 1, 0
12144, 455, 1, 0
12154, 455, 1, 0
12164, 455, 1, 0
12174, 460, 1, 0
12185, 453, 1, 0
12195, 453, 1, 0
12205, 458, 1, 0
12215, 458, 1, 0
12225, 453, 1, 0
12235, 458, 1, 0
12245, 453, 1, 0
12255, 458, 1, 0
12265, 453, 1, 0
12275, 453, 1, 0
12285, 453, 1, 0
12295, 453, 1, 0
12306, 456, 1, 0
12316, 451, 1, 0
12326, 451, 1, 0
12336, 456, 1, 0
12346, 422, 1, 0
12356, 427, 1, 0
12366, 451, 1, 0
12376, 451, 1, 0
12386, 451, 1, 0
12396, 451, 1, 0
12406, 446, 1, 0
12416, 432, 1, 0
12426, 451, 1, 0
12436, 451, 1, 0
12447, 444, 1, 0
12457, 449, 1, 0
12467, 444, 1, 0
12477, 449, 1, 0
12487, 444, 1, 0
12497, 449, 1, 0
12507, 449, 1, 0
12517, 449, 1, 0
12527, 449, 1, 0
12537, 454, 1, 0
12547, 449, 1, 0
12557, 454, 1, 0
12567, 449, 1, 0
12577, 454, 1, 0
12588, 447, 1, 0
12598, 447, 1, 0
12608, 451, 1, 0
12618, 447, 1, 0
12628, 447, 1, 0
12638, 447, 1, 0
12648, 451, 1, 0
12658, 447, 1, 0
12668, 447, 1, 0
12678, 451, 1, 0
12688, 447, 1, 0
12698, 451, 1, 0
12708, 442, 1, 0
12719, 444, 1, 0
12729, 449, 1, 0
12739, 444, 1, 0
12749, 449, 1, 0
12759, 444, 1, 0
12769, 449, 1, 0
12779, 444, 1, 0
12789, 449, 1, 0
12799, 444, 1, 0
12809, 449, 1, 0
12819, 449, 1, 0
12829, 444, 1, 0
12840, 447, 1, 0
12850, 442, 1, 0
12860, 447, 1, 0
12870, 438, 1, 0
12880, 447, 1, 0
12890, 442, 1, 0
12900, 442, 1, 0
12910, 442, 1, 0
12920, 447, 1, 0
12930, 447, 1, 0
12940, 447, 1, 0
12950, 442, 1, 0
12960, 447, 1, 0
12971, 440, 1, 0
12981, 445, 1, 0
12991, 445, 1, 0
13001, 440, 1, 0
13011, 445, 1, 0
13021, 445, 1, 0
13031, 440, 1, 0
13041, 445, 1, 0
13051, 445, 1, 0
13061, 440, 1, 0
13071, 445, 1, 0
13082, 443, 1, 0
13092, 438, 1, 0
13102, 443, 1, 0
13112, 438, 1, 0
13122, 438, 1, 0
13132, 438, 1, 0
13142, 443, 1, 0
13152, 443, 1, 0
13162, 438, 1, 0
13172, 443, 1, 0
13182, 438, 1, 0
13192, 438, 1, 0
13202, 443, 1, 0
13213, 436, 1, 0
13223, 441, 1, 0
13233, 441, 1, 0
13243, 441, 1, 0
13253, 436, 1, 0
13263, 441, 1, 0
13273, 441, 1, 0
13283, 436, 1, 0
13293, 441, 1, 0
13303, 436, 1, 0
13313, 436, 1, 0
13323, 436, 1, 0
13334, 439, 1, 0
13344, 434, 1, 0
13354, 434, 1, 0
13364, 439, 1, 0
13374, 425, 1, 0
13384, 439, 1, 0
13394, 434, 1, 0
13404, 439, 1, 0
13414, 434, 1, 0
13424, 439, 1, 0
13434, 439, 1, 0
13444, 434, 1, 0
13454, 439, 1, 0
13465, 432, 1, 0
13475, 432, 1, 0
13485, 437, 1, 0
13495, 432, 1, 0
13505, 437, 1, 0
13515, 432, 1, 0
13525, 437, 1, 0
13535, 437, 1, 0
13545, 437, 1, 0
13555, 432, 1, 0
13565, 432, 1, 0
13575, 437, 1, 0
13586, 435, 1, 0
13596, 430, 1, 0
13606, 435, 1, 0
13616, 435, 1, 0
13626, 430, 1, 0
13636, 430, 1, 0
13646, 435, 1, 0
13656, 430, 1, 0
13666, 430, 1, 0
13676, 435, 1, 0
13686, 430, 1, 0
13696, 425, 1, 0
13706, 435, 1, 0
13716, 435, 1, 0
13727, 428, 1, 0
13737, 433, 1, 0
13747, 428, 1, 0
13757, 428, 1, 0
13767, 433, 1, 0
13777, 428, 1, 0
13787, 433, 1, 0
13797, 428, 1, 0
13807, 423, 1, 0
13817, 317, 1, 0
13827, 433, 1, 0
13837, 423, 1, 0
13847, 423, 1, 0
13857, 396, 1, 0
13867, 423, 1, 0
13877, 433, 1, 0
13887, 428, 1, 0
13897, 428, 1, 0
13908, 426, 1, 0
13918, 431, 1, 0
13928, 426, 1, 0
13938, 426, 1, 0
13948, 431, 1, 0
13958, 426, 1, 0
13968, 431, 1, 0
13978, 417, 1, 0
13988, 417, 1, 0
13998, 431, 1, 0
14008, 426, 1, 0
14018, 431, 1, 0
14028, 426, 1, 0
14039, 424, 1, 0
14049, 420, 1, 0
14059, 429, 1, 0
14069, 424, 1, 0
14079, 429, 1, 0
14089, 424, 1, 0
14099, 424, 1, 0
14109, 433, 1, 0
14119, 424, 1, 0
14129, 424, 1, 0
14139, 429, 1, 0
14149, 429, 1, 0
14159, 429, 1, 0
14169, 424, 1, 0
14180, 427, 1, 0
14190, 422, 1, 0
14200, 427, 1, 0
14210, 427, 1, 0
14220, 422, 1, 0
14230, 422, 1, 0
14240, 422, 1, 0
14250, 427, 1, 0
14260, 422, 1, 0
14270, 422, 1, 0
14280, 427, 1, 0
14290, 422, 1, 0
14300, 427, 1, 0
14310, 418, 1, 0
14321, 420, 1, 0
14331, 420, 1, 0
14341, 420, 1, 0
14351, 420, 1, 0
14361, 425, 1, 0
14371, 425, 1, 0
14381, 420, 1, 0
14391, 425, 1, 0
14401, 425, 1, 0
14411, 425, 1, 0
14421, 420, 1, 0
14431, 425, 1, 0
14442, 423, 1, 0
14452, 418, 1, 0
14462, 423, 1, 0
14472, 418, 1, 0
14482, 418, 1, 0
14492, 418, 1, 0
14502, 418, 1, 0
14512, 418, 1, 0
14522, 418, 1, 0
14532, 423, 1, 0
14542, 418, 1, 0
14552, 423, 1, 0
14562, 423, 1, 0
14573, 421, 1, 0
14583, 417, 1, 0
14593, 421, 1, 0
14603, 421, 1, 0
14613, 417, 1, 0
14623, 421, 1, 0
14633, 417, 1, 0
14643, 421, 1, 0
14653, 417, 1, 0
14663, 421, 1, 0
14673, 417, 1, 0
14683, 421, 1, 0
14693, 417, 1, 0
14704, 415, 1, 0
14714, 419, 1, 0
14724, 415, 1, 0
14734, 415, 1, 0
14744, 419, 1, 0
14754, 415, 1, 0
14764, 415, 1, 0
14774, 415, 1, 0
14784, 415, 1, 0
14794, 419, 1, 0
14804, 415, 1, 0
14814, 419, 1, 0
14824, 415, 1, 0
14835, 417, 1, 0
14845, 408, 1, 0
14855, 417, 1, 0
14865, 413, 1, 0
14875, 417, 1, 0
14885, 417, 1, 0
14895, 408, 1, 0
14905, 417, 1, 0
14915, 413, 1, 0
14925, 417, 1, 0
14935, 413, 1, 0
14945, 417, 1, 0
14956, 415, 1, 0
14966, 411, 1, 0
14976, 411, 1, 0
14986, 415, 1, 0
14996, 415, 1, 0
15006, 411, 1, 0
15016, 415, 1, 0
15026, 411, 1, 0
15036, 415, 1, 0
15046, 411, 1, 0
15056, 415, 1, 0
15066, 411, 1, 0
15076, 411, 1, 0
15087, 409, 1, 0
15097, 409, 1, 0
15107, 414, 1, 0
15117, 405, 1, 0
15127, 409, 1, 0
15137, 414, 1, 0
15147, 414, 1, 0
15157, 405, 1, 0
15167, 414, 1, 0
15177, 409, 1, 0
15187, 414, 1, 0
15197, 409, 1, 0
15207, 409, 1, 0
15217, 400, 1, 0
15228, 405, 1, 0
15238, 399, 1, 0
15248, 407, 1, 0
15258, 407, 1, 0
15268, 412, 1, 0
15278, 407, 1, 0
15288, 407, 1, 0
15298, 407, 1, 0
15308, 407, 1, 0
15318, 412, 1, 0
15328, 407, 1, 0
15338, 412, 1, 0
15348, 412, 1, 0
15358, 407, 1, 0
15369, 406, 1, 0
15379, 410, 1, 0
15389, 410, 1, 0
15399, 406, 1, 0
15409, 410, 1, 0
15419, 406, 1, 0
15429, 410, 1, 0
15439, 406, 1, 0
15449, 406, 1, 0
15459, 410, 1, 0
15469, 410, 1, 0
15479, 410, 1, 0
15490, 395, 1, 0
15500, 408, 1, 0
15510, 404, 1, 0
15520, 404, 1, 0
15530, 404, 1, 0
15540, 404, 1, 0
15550, 408, 1, 0
15560, 404, 1, 0
15570, 404, 1, 0
15580, 404, 1, 0
15590, 408, 1, 0
15600, 404, 1, 0
15610, 408, 1, 0
15620, 404, 1, 0
15631, 402, 1, 0
15641, 406, 1, 0
15651, 406, 1, 0
15661, 402, 1, 0
15671, 406, 1, 0
15681, 406, 1, 0
15691, 402, 1, 0
15701, 406, 1, 0
15711, 402, 1, 0
15721, 406, 1, 0
15731, 402, 1, 0
15742, 400, 1, 0
15752, 405, 1, 0
15762, 405, 1, 0
15772, 400, 1, 0
15782, 400, 1, 0
15792, 405, 1, 0
15802, 400, 1, 0
15812, 405, 1, 0
15822, 400, 1, 0
15832, 405, 1, 0
15842, 405, 1, 0
15852, 405, 1, 0
15863, 403, 1, 0
15873, 399, 1, 0
15883, 399, 1, 0
15893, 403, 1, 0
15903, 403, 1, 0
15913, 399, 1, 0
15923, 403, 1, 0
15933, 399, 1, 0
15943, 369, 1, 0
15953, 399, 1, 0
15963, 399, 1, 0
15973, 394, 1, 0
15983, 403, 1, 0
15993, 394, 1, 0
16004, 397, 1, 0
16014, 397, 1, 0
16024, 397, 1, 0
16034, 397, 1, 0
16044, 333, 1, 0
16054, 393, 1, 0
16064, 393, 1, 0
16074, 397, 1, 0
16084, 397, 1, 0
16094, 397, 1, 0
16104, 401, 1, 0
16114, 393, 1, 0
16124, 401, 1, 0
16134, 397, 1, 0
16144, 401, 1, 0
16154, 397, 1, 0
16164, 397, 1, 0
16174, 384, 1, 0
16185, 395, 1, 0
16195, 395, 1, 0
16205, 395, 1, 0
16215, 391, 1, 0
16225, 395, 1, 0
16235, 391, 1, 0
16245, 391, 1, 0
16255, 395, 1, 0
16265, 395, 1, 0
16275, 395, 1, 0
16285, 391, 1, 0
16295, 395, 1, 0
16305, 400, 1, 0
16315, 395, 1, 0
16325, 395, 1, 0
16335, 395, 1, 0
16345, 395, 1, 0
16355, 395, 1, 0
16365, 400, 1, 0
16376, 394, 1, 0
16386, 394, 1, 0
16396, 398, 1, 0
16406, 394, 1, 0
16416, 394, 1, 0
16426, 389, 1, 0
16436, 398, 1, 0
16446, 368, 1, 0
16456, 394, 1, 0
16466, 394, 1, 0
16476, 394, 1, 0
16486, 389, 1, 0
16496, 394, 1, 0
16506, 394, 1, 0
16516, 394, 1, 0
16526, 394, 1, 0
16536, 394, 1, 0
16546, 394, 1, 0
16556, 394, 1, 0
16567, 388, 1, 0
16577, 392, 1, 0
16587, 392, 1, 0
16597, 392, 1, 0
16607, 396, 1, 0
16617, 392, 1, 0
16627, 392, 1, 0
16637, 392, 1, 0
16647, 392, 1, 0
16657, 392, 1, 0
16667, 392, 1, 0
16677, 392, 1, 0
16687, 392, 1, 0
16697, 383, 1, 0
16707, 392, 1, 0
16717, 392, 1, 0
16727, 392, 1, 0
16737, 392, 1, 0
16747, 392, 1, 0
16758, 390, 1, 0
16768, 390, 1, 0
16778, 390, 1, 0
16788, 390, 1, 0
16798, 390, 1, 0
16808, 390, 1, 0
16818, 390, 1, 0
16828, 390, 1, 0
16838, 390, 1, 0
16848, 390, 1, 0
16858, 390, 1, 0
16868, 390, 1, 0
16878, 394, 1, 0
16888, 390, 1, 0
16898, 390, 1, 0
16908, 390, 1, 0
16918, 390, 1, 0
16928, 390, 1, 0
16939, 389, 1, 0
16949, 389, 1, 0
16959, 389, 1, 0
16969, 389, 1, 0
16979, 384, 1, 0
16989, 267, 1, 0
16999, 368, 1, 0
17009, 384, 1, 0
17019, 389, 1, 0
17029, 389, 1, 0
17039, 389, 1, 0
17049, 389, 1, 0
17059, 389, 1, 0
17069, 389, 1, 0
17079, 393, 1, 0
17089, 389, 1, 0
17099, 389, 1, 0
17109, 384, 1, 0
17119, 389, 1, 0
17130, 375, 1, 0
17140, 387, 1, 0
17150, 383, 1, 0
17160, 387, 1, 0
17170, 387, 1, 0
17180, 383, 1, 0
17190, 383, 1, 0
17200, 387, 1, 0
17210, 387, 1, 0
17220, 387, 1, 0
17230, 370, 1, 0
17240, 383, 1, 0
17250, 387, 1, 0
17260, 391, 1, 0
17270, 387, 1, 0
17280, 391, 1, 0
17290, 387, 1, 0
17301, 385, 1, 0
17311, 385, 1, 0
17321, 385, 1, 0
17331, 385, 1, 0
17341, 385, 1, 0
17351, 390, 1, 0
17361, 385, 1, 0
17371, 390, 1, 0
17381, 390, 1, 0
17391, 385, 1, 0
17401, 390, 1, 0
17411, 385, 1, 0
17421, 385, 1, 0
17431, 390, 1, 0
17441, 385, 1, 0
17451, 385, 1, 0
17461, 385, 1, 0
17471, 385, 1, 0
17482, 384, 1, 0
17492, 371, 1, 0
17502, 388, 1, 0
17512, 384, 1, 0
17522, 384, 1, 0
17532, 388, 1, 0
17542, 388, 1, 0
17552, 388, 1, 0
17562, 384, 1, 0
17572, 388, 1, 0
17582, 388, 1, 0
17592, 384, 1, 0
17603, 386, 1, 0
17613, 386, 1, 0
17623, 386, 1, 0
17633, 382, 1, 0
17643, 386, 1, 0
17653, 386, 1, 0
17663, 382, 1, 0
17673, 386, 1, 0
17683, 382, 1, 0
17693, 386, 1, 0
17703, 386, 1, 0
17714, 381, 1, 0
17724, 385, 1, 0
17734, 381, 1, 0
17744, 385, 1, 0
17754, 385, 1, 0
17764, 381, 1, 0
17774, 385, 1, 0
17784, 381, 1, 0
17794, 381, 1, 0
17804, 385, 1, 0
17814, 381, 1, 0
17825, 383, 1, 0
17835, 383, 1, 0
17845, 379, 1, 0
17855, 383, 1, 0
17865, 383, 1, 0
17875, 383, 1, 0
17885, 379, 1, 0
17895, 383, 1, 0
17905, 379, 1, 0
17915, 383, 1, 0
17925, 383, 1, 0
17936, 378, 1, 0
17946, 378, 1, 0
17956, 382, 1, 0
17966, 382, 1, 0
17976, 378, 1, 0
17986, 382, 1, 0
17996, 317, 1, 0
18006, 365, 1, 0
18016, 378, 1, 0
18026, 382, 1, 0
18036, 378, 1, 0
18046, 369, 1, 0
18056, 378, 1, 0
18066, 300, 1, 0
18077, 380, 1, 0
18090, 372, 1, 0
18100, 356, 1, 0
18110, 364, 1, 0
18120, 368, 1, 0
18131, 370, 1, 0
18141, 366, 1, 0
18151, 366, 1, 0
18161, 370, 1, 0
18171, 366, 1, 0
18181, 370, 1, 0
18191, 362, 1, 0
18201, 366, 1, 0
18211, 370, 1, 0
18221, 362, 1, 0
18231, 366, 1, 0
18242, 369, 1, 0
18252, 365, 1, 0
18262, 361, 1, 0
18272, 369, 1, 0
18282, 365, 1, 0
18292, 365, 1, 0
18302, 365, 1, 0
18312, 329, 1, 0
18322, 373, 1, 0
18332, 373, 1, 0
18343, 367, 1, 0
18353, 371, 1, 0
18363, 367, 1, 0
18373, 371, 1, 0
18383, 371, 1, 0
18393, 367, 1, 0
18403, 371, 1, 0
18413, 367, 1, 0
18423, 371, 1, 0
18433, 371, 1, 0
18443, 363, 1, 0
18453, 371, 1, 0
18464, 366, 1, 0
18474, 366, 1, 0
18484, 366, 1, 0
18494, 370, 1, 0
18504, 366, 1, 0
18514, 370, 1, 0
18524, 366, 1, 0
18534, 370, 1, 0
18544, 370, 1, 0
18554, 366, 1, 0
18564, 370, 1, 0
18574, 366, 1, 0
18585, 368, 1, 0
18595, 364, 1, 0
18605, 360, 1, 0
18615, 364, 1, 0
18625, 364, 1, 0
18635, 368, 1, 0
18645, 368, 1, 0
18655, 364, 1, 0
18665, 368, 1, 0
18675, 364, 1, 0
18685, 368, 1, 0
18696, 363, 1, 0
18706, 367, 1, 0
18716, 363, 1, 0
18726, 367, 1, 0
18736, 363, 1, 0
18746, 367, 1, 0
18756, 308, 1, 0
18766, 230, 1, 0
18776, 363, 1, 0
18786, 351, 1, 0
18796, 351, 1, 0
18806, 363, 1, 0
18816, 363, 1, 0
18827, 361, 1, 0
18837, 361, 1, 0
18847, 365, 1, 0
18857, 361, 1, 0
18867, 361, 1, 0
18877, 361, 1, 0
18887, 346, 1, 0
18897, 365, 1, 0
18907, 361, 1, 0
18917, 361, 1, 0
18927, 365, 1, 0
18937, 361, 1, 0
18948, 364, 1, 0
18958, 360, 1, 0
18968, 360, 1, 0
18978, 360, 1, 0
18988, 360, 1, 0
18998, 356, 1, 0
19008, 360, 1, 0
19018, 360, 1, 0
19028, 356, 1, 0
19038, 348, 1, 0
19048, 360, 1, 0
19058, 356, 1, 0
19068, 360, 1, 0
19078, 360, 1, 0
19089, 362, 1, 0
19099, 351, 1, 0
19109, 359, 1, 0
19119, 355, 1, 0
19129, 359, 1, 0
19139, 362, 1, 0
19149, 359, 1, 0
19159, 359, 1, 0
19169, 359, 1, 0
19179, 359, 1, 0
19189, 362, 1, 0
19199, 359, 1, 0
19210, 357, 1, 0
19220, 357, 1, 0
19230, 357, 1, 0
19240, 357, 1, 0
19250, 357, 1, 0
19260, 357, 1, 0
19270, 357, 1, 0
19280, 357, 1, 0
19290, 357, 1, 0
19300, 357, 1, 0
19310, 357, 1, 0
19320, 361, 1, 0
19330, 357, 1, 0
19340, 357, 1, 0
19351, 360, 1, 0
19361, 356, 1, 0
19371, 356, 1, 0
19381, 356, 1, 0
19391, 360, 1, 0
19401, 356, 1, 0
19411, 356, 1, 0
19421, 360, 1, 0
19431, 356, 1, 0
19441, 356, 1, 0
19451, 356, 1, 0
19461, 356, 1, 0
19471, 360, 1, 0
19482, 351, 1, 0
19492, 358, 1, 0
19502, 354, 1, 0
19512, 354, 1, 0
19522, 358, 1, 0
19532, 351, 1, 0
19542, 354, 1, 0
19552, 354, 1, 0
19562, 354, 1, 0
19572, 358, 1, 0
19582, 354, 1, 0
19592, 354, 1, 0
19602, 354, 1, 0
19613, 353, 1, 0
19623, 357, 1, 0
19633, 353, 1, 0
19643, 353, 1, 0
19653, 353, 1, 0
19663, 353, 1, 0
19673, 353, 1, 0
19683, 353, 1, 0
19693, 353, 1, 0
19703, 353, 1, 0
19713, 353, 1, 0
19723, 357, 1, 0
19734, 352, 1, 0
19744, 356, 1, 0
19754, 352, 1, 0
19764, 356, 1, 0
19774, 352, 1, 0
19784, 352, 1, 0
19794, 352, 1, 0
19804, 352, 1, 0
19814, 352, 1, 0
19824, 356, 1, 0
19834, 352, 1, 0
19844, 352, 1, 0
19855, 354, 1, 0
19865, 354, 1, 0
19875, 350, 1, 0
19885, 350, 1, 0
19895, 347, 1, 0
19905, 350, 1, 0
19915, 354, 1, 0
19925, 350, 1, 0
19935, 350, 1, 0
19945, 354, 1, 0
19955, 350, 1, 0
19966, 349, 1, 0
19976, 353, 1, 0
19986, 349, 1, 0
19996, 334, 1, 0
20006, 349, 1, 0
20016, 342, 1, 0
20026, 349, 1, 0
20036, 349, 1, 0
20046, 345, 1, 0
20056, 342, 1, 0
20066, 349, 1, 0
20076, 345, 1, 0
20086, 349, 1, 0
20096, 349, 1, 0
20106, 353, 1, 0
20117, 348, 1, 0
20127, 348, 1, 0
20137, 348, 1, 0
20147, 344, 1, 0
20157, 344, 1, 0
20167, 348, 1, 0
20177, 348, 1, 0
20187, 348, 1, 0
20197, 348, 1, 0
20207, 348, 1, 0
20217, 348, 1, 0
20227, 292, 1, 0
20237, 348, 1, 0
20247, 352, 1, 0
20257, 348, 1, 0
20267, 352, 1, 0
20277, 348, 1, 0
20287, 348, 1, 0
20298, 350, 1, 0
20308, 347, 1, 0
20318, 347, 1, 0
20328, 347, 1, 0
20338, 350, 1, 0
20348, 347, 1, 0
20358, 347, 1, 0
20368, 347, 1, 0
20378, 347, 1, 0
20388, 347, 1, 0
20398, 347, 1, 0
20408, 347, 1, 0
20418, 350, 1, 0
20428, 347, 1, 0
20438, 347, 1, 0
20448, 339, 1, 0
20458, 347, 1, 0
20469, 345, 1, 0
20479, 349, 1, 0
20489, 338, 1, 0
20499, 345, 1, 0
20509, 345, 1, 0
20519, 349, 1, 0
20529, 345, 1, 0
20539, 345, 1, 0
20549, 349, 1, 0
20559, 345, 1, 0
20569, 345, 1, 0
20579, 349, 1, 0
20589, 345, 1, 0
20599, 345, 1, 0
20609, 349, 1, 0
20619, 345, 1, 0
20629, 345, 1, 0
20639, 345, 1, 0
20650, 344, 1, 0
20660, 344, 1, 0
20670, 344, 1, 0
20680, 348, 1, 0
20690, 344, 1, 0
20700, 344, 1, 0
20710, 344, 1, 0
20720, 344, 1, 0
20730, 348, 1, 0
20740, 344, 1, 0
20750, 344, 1, 0
20760, 344, 1, 0
20770, 348, 1, 0
20780, 344, 1, 0
20790, 344, 1, 0
20800, 344, 1, 0
20810, 344, 1, 0
20821, 343, 1, 0
20831, 343, 1, 0
20841, 346, 1, 0
20851, 343, 1, 0
20861, 346, 1, 0
20871, 343, 1, 0
20881, 343, 1, 0
20891, 346, 1, 0
20901, 343, 1, 0
20911, 346, 1, 0
20921, 343, 1, 0
20931, 343, 1, 0
20942, 341, 1, 0
20952, 334, 1, 0
20962, 341, 1, 0
20972, 341, 1, 0
20982, 345, 1, 0
20992, 341, 1, 0
21002, 341, 1, 0
21012, 341, 1, 0
21022, 341, 1, 0
21032, 341, 1, 0
21042, 341, 1, 0
21052, 345, 1, 0
21062, 341, 1, 0
21073, 344, 1, 0
21083, 340, 1, 0
21093, 344, 1, 0
21103, 340, 1, 0
21113, 344, 1, 0
21123, 336, 1, 0
21133, 344, 1, 0
21143, 340, 1, 0
21153, 344, 1, 0
21163, 340, 1, 0
21173, 344, 1, 0
21183, 340, 1, 0
21194, 343, 1, 0
21204, 339, 1, 0
21214, 339, 1, 0
21224, 343, 1, 0
21234, 339, 1, 0
21244, 343, 1, 0
21254, 335, 1, 0
21264, 343, 1, 0
21274, 339, 1, 0
21284, 339, 1, 0
21294, 339, 1, 0
21304, 339, 1, 0
21314, 343, 1, 0
21325, 338, 1, 0
21335, 338, 1, 0
21345, 338, 1, 0
21355, 338, 1, 0
21365, 341, 1, 0
21375, 338, 1, 0
21385, 338, 1, 0
21395, 341, 1, 0
21405, 338, 1, 0
21415, 338, 1, 0
21425, 338, 1, 0
21436, 340, 1, 0
21446, 336, 1, 0
21456, 340, 1, 0
21466, 336, 1, 0
21476, 336, 1, 0
21486, 333, 1, 0
21496, 336, 1, 0
21506, 336, 1, 0
21516, 340, 1, 0
21526, 336, 1, 0
21536, 340, 1, 0
21546, 336, 1, 0
21556, 340, 1, 0
21567, 335, 1, 0
21577, 339, 1, 0
21587, 335, 1, 0
21597, 339, 1, 0
21607, 339, 1, 0
21617, 335, 1, 0
21627, 335, 1, 0
21637, 339, 1, 0
21647, 339, 1, 0
21657, 335, 1, 0
21667, 339, 1, 0
21678, 338, 1, 0
21688, 334, 1, 0
21698, 338, 1, 0
21708, 334, 1, 0
21718, 338, 1, 0
21728, 334, 1, 0
21738, 334, 1, 0
21748, 338, 1, 0
21758, 334, 1, 0
21768, 334, 1, 0
21778, 338, 1, 0
21788, 334, 1, 0
21798, 334, 1, 0
21808, 334, 1, 0
21818, 334, 1, 0
21829, 333, 1, 0
21839, 333, 1, 0
21849, 333, 1, 0
21859, 329, 1, 0
21869, 333, 1, 0
21879, 336, 1, 0
21889, 333, 1, 0
21899, 297, 1, 0
21909, 326, 1, 0
21919, 322, 1, 0
21929, 326, 1, 0
21939, 326, 1, 0
21949, 322, 1, 0
21960, 321, 1, 0
21970, 321, 1, 0
21980, 325, 1, 0
21990, 328, 1, 0
22000, 332, 1, 0
22010, 328, 1, 0
22020, 296, 1, 0
22030, 317, 1, 0
22040, 332, 1, 0
22050, 332, 1, 0
22060, 335, 1, 0
22070, 335, 1, 0
22080, 335, 1, 0
22090, 335, 1, 0
22101, 334, 1, 0
22111, 330, 1, 0
22121, 334, 1, 0
22131, 334, 1, 0
22141, 334, 1, 0
22151, 334, 1, 0
22161, 334, 1, 0
22171, 330, 1, 0
22181, 334, 1, 0
22191, 330, 1, 0
22201, 334, 1, 0
22212, 329, 1, 0
22222, 333, 1, 0
22232, 333, 1, 0
22242, 329, 1, 0
22252, 333, 1, 0
22262, 329, 1, 0
22272, 329, 1, 0
22282, 329, 1, 0
22292, 333, 1, 0
22302, 333, 1, 0
22312, 329, 1, 0
22323, 332, 1, 0
22333, 332, 1, 0
22343, 332, 1, 0
22353, 332, 1, 0
22363, 328, 1, 0
22373, 328, 1, 0
22383, 332, 1, 0
22393, 332, 1, 0
22403, 332, 1, 0
22413, 332, 1, 0
22423, 328, 1, 0
22434, 330, 1, 0
22444, 327, 1, 0
22454, 327, 1, 0
22464, 327, 1, 0
22474, 327, 1, 0
22484, 327, 1, 0
22494, 323, 1, 0
22504, 327, 1, 0
22514, 327, 1, 0
22524, 327, 1, 0
22534, 327, 1, 0
22544, 327, 1, 0
22554, 330, 1, 0
22564, 327, 1, 0
22574, 327, 1, 0
22584, 330, 1, 0
22595, 326, 1, 0
22605, 329, 1, 0
22615, 326, 1, 0
22625, 326, 1, 0
22635, 329, 1, 0
22645, 326, 1, 0
22655, 329, 1, 0
22665, 326, 1, 0
22675, 326, 1, 0
22685, 329, 1, 0
22695, 326, 1, 0
22705, 326, 1, 0
22715, 326, 1, 0
22725, 329, 1, 0
22735, 326, 1, 0
22745, 326, 1, 0
22755, 326, 1, 0
22766, 325, 1, 0
22776, 328, 1, 0
22786, 325, 1, 0
22796, 325, 1, 0
22806, 325, 1, 0
22816, 325, 1, 0
22826, 328, 1, 0
22836, 325, 1, 0
22846, 325, 1, 0
22856, 328, 1, 0
22866, 318, 1, 0
22876, 325, 1, 0
22886, 325, 1, 0
22896, 325, 1, 0
22906, 321, 1, 0
22916, 321, 1, 0
22926, 321, 1, 0
22937, 320, 1, 0
22947, 324, 1, 0
22957, 324, 1, 0
22967, 324, 1, 0
22977, 327, 1, 0
22987, 324, 1, 0
22997, 324, 1, 0
23007, 324, 1, 0
23017, 327, 1, 0
23027, 324, 1, 0
23037, 327, 1, 0
23047, 324, 1, 0
23057, 327, 1, 0
23067, 324, 1, 0
23077, 327, 1, 0
23088, 322, 1, 0
23098, 322, 1, 0
23108, 326, 1, 0
23118, 322, 1, 0
23128, 322, 1, 0
23138, 322, 1, 0
23148, 322, 1, 0
23158, 326, 1, 0
23168, 322, 1, 0
23178, 322, 1, 0
23188, 326, 1, 0
23198, 322, 1, 0
23209, 321, 1, 0
23219, 325, 1, 0
23229, 321, 1, 0
23239, 321, 1, 0
23249, 325, 1, 0
23259, 325, 1, 0
23269, 325, 1, 0
23279, 321, 1, 0
23289, 325, 1, 0
23299, 321, 1, 0
23309, 321, 1, 0
23320, 324, 1, 0
23330, 320, 1, 0
23340, 320, 1, 0
23350, 324, 1, 0
23360, 324, 1, 0
23370, 317, 1, 0
23380, 324, 1, 0
23390, 320, 1, 0
23400, 324, 1, 0
23410, 320, 1, 0
23420, 324, 1, 0
23430, 320, 1, 0
23441, 324, 1, 0
23451, 319, 1, 0
23461, 319, 1, 0
23471, 323, 1, 0
23481, 323, 1, 0
23491, 316, 1, 0
23501, 323, 1, 0
23511, 319, 1, 0
23521, 323, 1, 0
23531, 319, 1, 0
23541, 323, 1, 0
23551, 323, 1, 0
23562, 318, 1, 0
23572, 321, 1, 0
23582, 318, 1, 0
23592, 321, 1, 0
23602, 318, 1, 0
23612, 321, 1, 0
23622, 318, 1, 0
23632, 318, 1, 0
23642, 321, 1, 0
23652, 318, 1, 0
23662, 321, 1, 0
23672, 321, 1, 0
23683, 317, 1, 0
23693, 320, 1, 0
23703, 317, 1, 0
23713, 320, 1, 0
23723, 317, 1, 0
23733, 317, 1, 0
23743, 320, 1, 0
23753, 317, 1, 0
23763, 317, 1, 0
23773, 320, 1, 0
23783, 320, 1, 0
23794, 316, 1, 0
23804, 316, 1, 0
23814, 272, 1, 0
23824, 302, 1, 0
23834, 238, 1, 0
23844, 292, 1, 0
23854, 275, 1, 0
23864, 306, 1, 0
23874, 316, 1, 0
23884, 312, 1, 0
23894, 316, 1, 0
23904, 316, 1, 0
23914, 316, 1, 0
23925, 318, 1, 0
23935, 332, 1, 0
23945, 315, 1, 0
23955, 318, 1, 0
23965, 315, 1, 0
23975, 315, 1, 0
23985, 318, 1, 0
23995, 315, 1, 0
24006, 317, 1, 0
24016, 314, 1, 0
24026, 317, 1, 0
24036, 331, 1, 0
24046, 314, 1, 0
24056, 317, 1, 0
24066, 300, 1, 0
24076, 314, 1, 0
24087, 313, 1, 0
24097, 316, 1, 0
24107, 316, 1, 0
24117, 313, 1, 0
24127, 313, 1, 0
24137, 313, 1, 0
24147, 313, 1, 0
24157, 313, 1, 0
24167, 276, 1, 0
24177, 252, 1, 0
24187, 313, 1, 0
24197, 316, 1, 0
24207, 313, 1, 0
24217, 316, 1, 0
24228, 281, 1, 0
24238, 312, 1, 0
24248, 315, 1, 0
24258, 315, 1, 0
24268, 315, 1, 0
24278, 291, 1, 0
24288, 312, 1, 0
24298, 315, 1, 0
24308, 312, 1, 0
24318, 315, 1, 0
24328, 315, 1, 0
24338, 312, 1, 0
24349, 314, 1, 0
24359, 314, 1, 0
24369, 311, 1, 0
24379, 314, 1, 0
24389, 311, 1, 0
24399, 314, 1, 0
24409, 314, 1, 0
24419, 314, 1, 0
24429, 314, 1, 0
24439, 311, 1, 0
24450, 313, 1, 0
24460, 310, 1, 0
24470, 310, 1, 0
24480, 313, 1, 0
24490, 310, 1, 0
24500, 310, 1, 0
24510, 310, 1, 0
24520, 313, 1, 0
24530, 310, 1, 0
24540, 313, 1, 0
24550, 313, 1, 0
24560, 310, 1, 0
24571, 312, 1, 0
24581, 312, 1, 0
24591, 308, 1, 0
24601, 312, 1, 0
24611, 312, 1, 0
24621, 308, 1, 0
24631, 308, 1, 0
24641, 312, 1, 0
24651, 308, 1, 0
24661, 308, 1, 0
24672, 311, 1, 0
24682, 307, 1, 0
24692, 307, 1, 0
24702, 311, 1, 0
24712, 311, 1, 0
24722, 307, 1, 0
24732, 307, 1, 0
24742, 311, 1, 0
24752, 307, 1, 0
24762, 311, 1, 0
24772, 311, 1, 0
24783, 306, 1, 0
24793, 306, 1, 0
24803, 310, 1, 0
24813, 310, 1, 0
24823, 306, 1, 0
24833, 306, 1, 0
24843, 303, 1, 0
24853, 306, 1, 0
24863, 310, 1, 0
24873, 306, 1, 0
24883, 310, 1, 0
24894, 309, 1, 0
24904, 305, 1, 0
24914, 305, 1, 0
24924, 309, 1, 0
24934, 305, 1, 0
24944, 309, 1, 0
24954, 309, 1, 0
24964, 305, 1, 0
24974, 305, 1, 0
24984, 305, 1, 0
24994, 305, 1, 0
25004, 309, 1, 0
25015, 304, 1, 0
25025, 308, 1, 0
25035, 304, 1, 0
25045, 304, 1, 0
25055, 304, 1, 0
25065, 304, 1, 0
25075, 308, 1, 0
25085, 304, 1, 0
25095, 304, 1, 0
25105, 308, 1, 0
25115, 304, 1, 0
25126, 303, 1, 0
25136, 303, 1, 0
25146, 307, 1, 0
25156, 303, 1, 0
25166, 303, 1, 0
25176, 307, 1, 0
25186, 303, 1, 0
25196, 307, 1, 0
25206, 303, 1, 0
25216, 307, 1, 0
25226, 300, 1, 0
25236, 281, 1, 0
25246, 307, 1, 0
25257, 302, 1, 0
25267, 302, 1, 0
25277, 302, 1, 0
25287, 302, 1, 0
25297, 306, 1, 0
25307, 302, 1, 0
25317, 302, 1, 0
25327, 302, 1, 0
25337, 302, 1, 0
25347, 302, 1, 0
25357, 306, 1, 0
25367, 302, 1, 0
25377, 306, 1, 0
25387, 302, 1, 0
25398, 305, 1, 0
25408, 301, 1, 0
25418, 301, 1, 0
25428, 305, 1, 0
25438, 301, 1, 0
25448, 305, 1, 0
25458, 301, 1, 0
25468, 301, 1, 0
25478, 301, 1, 0
25488, 305, 1, 0
25498, 298, 1, 0
25508, 301, 1, 0
25518, 301, 1, 0
25529, 304, 1, 0
25539, 300, 1, 0
25549, 304, 1, 0
25559, 304, 1, 0
25569, 300, 1, 0
25579, 300, 1, 0
25589, 300, 1, 0
25599, 304, 1, 0
25609, 304, 1, 0
25619, 300, 1, 0
25630, 303, 1, 0
25640, 300, 1, 0
25650, 303, 1, 0
25660, 303, 1, 0
25670, 300, 1, 0
25680, 303, 1, 0
25690, 300, 1, 0
25700, 300, 1, 0
25710, 300, 1, 0
25720, 303, 1, 0
25730, 303, 1, 0
25740, 296, 1, 0
25750, 303, 1, 0
25761, 299, 1, 0
25771, 302, 1, 0
25781, 302, 1, 0
25791, 295, 1, 0
25801, 295, 1, 0
25811, 302, 1, 0
25821, 299, 1, 0
25831, 299, 1, 0
25841, 302, 1, 0
25851, 299, 1, 0
25861, 302, 1, 0
25871, 299, 1, 0
25882, 301, 1, 0
25892, 301, 1, 0
25902, 298, 1, 0
25912, 301, 1, 0
25922, 301, 1, 0
25932, 298, 1, 0
25942, 301, 1, 0
25952, 298, 1, 0
25962, 301, 1, 0
25972, 301, 1, 0
25982, 298, 1, 0
25992, 301, 1, 0
26002, 298, 1, 0
26013, 300, 1, 0
26023, 300, 1, 0
26033, 300, 1, 0
26043, 277, 1, 0
26053, 293, 1, 0
26063, 297, 1, 0
26073, 293, 1, 0
26083, 297, 1, 0
26093, 300, 1, 0
26103, 297, 1, 0
26113, 300, 1, 0
26123, 297, 1, 0
26133, 297, 1, 0
26144, 299, 1, 0
26154, 296, 1, 0
26164, 296, 1, 0
26174, 296, 1, 0
26184, 299, 1, 0
26194, 296, 1, 0
26204, 296, 1, 0
26214, 296, 1, 0
26224, 296, 1, 0
26234, 296, 1, 0
26244, 299, 1, 0
26254, 296, 1, 0
26265, 295, 1, 0
26275, 298, 1, 0
26285, 292, 1, 0
26295, 295, 1, 0
26305, 295, 1, 0
26315, 295, 1, 0
26325, 298, 1, 0
26335, 295, 1, 0
26345, 295, 1, 0
26355, 298, 1, 0
26365, 295, 1, 0
26375, 295, 1, 0
26386, 297, 1, 0
26396, 294, 1, 0
26406, 297, 1, 0
26416, 294, 1, 0
26426, 294, 1, 0
26436, 297, 1, 0
26446, 256, 1, 0
26456, 294, 1, 0
26466, 294, 1, 0
26476, 297, 1, 0
26486, 294, 1, 0
26496, 294, 1, 0
26506, 294, 1, 0
26516, 294, 1, 0
26526, 297, 1, 0
26537, 293, 1, 0
26547, 296, 1, 0
26557, 293, 1, 0
26567, 293, 1, 0
26577, 296, 1, 0
26587, 293, 1, 0
26597, 293, 1, 0
26607, 293, 1, 0
26617, 296, 1, 0
26627, 290, 1, 0
26637, 293, 1, 0
26647, 293, 1, 0
26657, 296, 1, 0
26667, 293, 1, 0
26677, 293, 1, 0
26687, 293, 1, 0
26697, 280, 1, 0
26707, 293, 1, 0
26718, 292, 1, 0
26728, 295, 1, 0
26738, 292, 1, 0
26748, 292, 1, 0
26758, 292, 1, 0
26768, 292, 1, 0
26778, 295, 1, 0
26788, 292, 1, 0
26798, 292, 1, 0
26808, 295, 1, 0
26818, 292, 1, 0
26828, 292, 1, 0
26838, 295, 1, 0
26848, 292, 1, 0
26858, 295, 1, 0
26868, 295, 1, 0
26878, 295, 1, 0
26888, 292, 1, 0
26899, 291, 1, 0
26909, 294, 1, 0
26919, 291, 1, 0
26929, 291, 1, 0
26939, 294, 1, 0
26949, 291, 1, 0
26959, 291, 1, 0
26969, 294, 1, 0
26979, 291, 1, 0
26989, 291, 1, 0
26999, 291, 1, 0
27009, 294, 1, 0
27019, 291, 1, 0
27029, 294, 1, 0
27039, 291, 1, 0
27049, 247, 1, 0
27059, 285, 1, 0
27070, 290, 1, 0
27080, 290, 1, 0
27090, 290, 1, 0
27100, 293, 1, 0
27110, 290, 1, 0
27120, 290, 1, 0
27130, 290, 1, 0
27140, 290, 1, 0
27150, 290, 1, 0
27160, 293, 1, 0
27170, 287, 1, 0
27180, 293, 1, 0
27190, 293, 1, 0
27201, 289, 1, 0
27211, 292, 1, 0
27221, 286, 1, 0
27231, 264, 1, 0
27241, 289, 1, 0
27251, 289, 1, 0
27261, 289, 1, 0
27271, 286, 1, 0
27281, 289, 1, 0
27291, 289, 1, 0
27301, 286, 1, 0
27311, 289, 1, 0
27321, 289, 1, 0
27331, 289, 1, 0
27341, 289, 1, 0
27351, 289, 1, 0
27362, 291, 1, 0
27372, 285, 1, 0
27382, 288, 1, 0
27392, 291, 1, 0
27402, 288, 1, 0
27412, 288, 1, 0
27422, 291, 1, 0
27432, 288, 1, 0
27442, 288, 1, 0
27452, 288, 1, 0
27462, 291, 1, 0
27472, 288, 1, 0
27482, 288, 1, 0
27492, 288, 1, 0
27502, 285, 1, 0
27512, 288, 1, 0
27522, 288, 1, 0
27532, 291, 1, 0
27542, 288, 1, 0
27553, 287, 1, 0
27563, 287, 1, 0
27573, 287, 1, 0
27583, 291, 1, 0
27593, 287, 1, 0
27603, 287, 1, 0
27613, 291, 1, 0
27623, 287, 1, 0
27633, 291, 1, 0
27643, 287, 1, 0
27653, 281, 1, 0
27663, 287, 1, 0
27673, 291, 1, 0
27683, 287, 1, 0
27693, 287, 1, 0
27703, 284, 1, 0
27713, 284, 1, 0
27723, 278, 1, 0
27734, 280, 1, 0
27744, 287, 1, 0
27754, 287, 1, 0
27764, 287, 1, 0
27774, 287, 1, 0
27784, 290, 1, 0
27794, 287, 1, 0
27804, 290, 1, 0
27814, 287, 1, 0
27824, 290, 1, 0
27834, 287, 1, 0
27844, 287, 1, 0
27854, 287, 1, 0
27864, 290, 1, 0
27874, 287, 1, 0
27884, 290, 1, 0
27894, 287, 1, 0
27904, 287, 1, 0
27915, 289, 1, 0
27925, 286, 1, 0
27935, 283, 1, 0
27945, 267, 1, 0
27955, 289, 1, 0
27965, 289, 1, 0
27975, 286, 1, 0
27985, 286, 1, 0
27995, 289, 1, 0
28005, 286, 1, 0
28015, 286, 1, 0
28025, 289, 1, 0
28035, 286, 1, 0
28045, 280, 1, 0
28055, 267, 1, 0
28067, 146, 1, 0
28077, 244, 1, 0
28088, 286, 1, 0
28098, 277, 1, 0
28108, 250, 1, 0
28118, 243, 1, 0
28128, 274, 1, 0
28138, 283, 1, 0
28148, 280, 1, 0
28158, 283, 1, 0
28168, 283, 1, 0
28178, 283, 1, 0
28188, 283, 1, 0
28198, 283, 1, 0
28208, 283, 1, 0
28218, 283, 1, 0
28228, 283, 1, 0
28238, 283, 1, 0
28248, 283, 1, 0
28259, 282, 1, 0
28269, 282, 1, 0
28279, 279, 1, 0
28289, 282, 1, 0
28299, 285, 1, 0
28309, 282, 1, 0
28319, 282, 1, 0
28329, 282, 1, 0
28339, 282, 1, 0
28349, 282, 1, 0
28359, 282, 1, 0
28369, 282, 1, 0
28379, 282, 1, 0
28389, 279, 1, 0
28399, 282, 1, 0
28409, 282, 1, 0
28419, 282, 1, 0
28429, 282, 1, 0
28440, 281, 1, 0
28450, 278, 1, 0
28460, 278, 1, 0
28470, 281, 1, 0
28480, 281, 1, 0
28490, 281, 1, 0
28500, 278, 1, 0
28510, 281, 1, 0
28520, 281, 1, 0
28530, 281, 1, 0
28540, 281, 1, 0
28550, 281, 1, 0
28560, 281, 1, 0
28570, 281, 1, 0
28580, 281, 1, 0
28590, 281, 1, 0
28600, 284, 1, 0
28611, 277, 1, 0
28621, 280, 1, 0
28631, 274, 1, 0
28641, 283, 1, 0
28651, 277, 1, 0
28661, 280, 1, 0
28671, 277, 1, 0
28681, 277, 1, 0
28691, 280, 1, 0
28701, 280, 1, 0
28711, 277, 1, 0
28721, 283, 1, 0
28731, 280, 1, 0
28741, 283, 1, 0
28751, 280, 1, 0
28763, 207, 1, 0
28773, 231, 1, 0
28783, 261, 1, 0
28793, 276, 1, 0
28803, 279, 1, 0
28813, 282, 1, 0
28823, 279, 1, 0
28833, 279, 1, 0
28843, 282, 1, 0
28853, 279, 1, 0
28864, 281, 1, 0
28874, 278, 1, 0
28884, 278, 1, 0
28894, 275, 1, 0
28904, 278, 1, 0
28914, 278, 1, 0
28924, 278, 1, 0
28934, 278, 1, 0
28944, 278, 1, 0
28954, 278, 1, 0
28964, 281, 1, 0
28974, 278, 1, 0
28984, 281, 1, 0
28994, 278, 1, 0
29004, 278, 1, 0
29014, 278, 1, 0
29024, 278, 1, 0
29034, 278, 1, 0
29044, 212, 1, 0
29055, 277, 1, 0
29065, 277, 1, 0
29075, 277, 1, 0
29085, 277, 1, 0
29095, 277, 1, 0
29105, 277, 1, 0
29115, 277, 1, 0
29125, 280, 1, 0
29135, 277, 1, 0
29145, 277, 1, 0
29155, 277, 1, 0
29165, 277, 1, 0
29175, 277, 1, 0
29185, 277, 1, 0
29195, 277, 1, 0
29205, 280, 1, 0
29215, 277, 1, 0
29225, 277, 1, 0
29236, 276, 1, 0
29246, 276, 1, 0
29256, 276, 1, 0
29266, 276, 1, 0
29276, 276, 1, 0
29286, 276, 1, 0
29296, 273, 1, 0
29306, 273, 1, 0
29316, 276, 1, 0
29326, 276, 1, 0
29336, 276, 1, 0
29346, 276, 1, 0
29356, 276, 1, 0
29366, 279, 1, 0
29376, 276, 1, 0
29386, 276, 1, 0
29396, 279, 1, 0
29406, 276, 1, 0
29417, 275, 1, 0
29427, 275, 1, 0
29437, 275, 1, 0
29447, 275, 1, 0
29457, 275, 1, 0
29467, 272, 1, 0
29477, 275, 1, 0
29487, 275, 1, 0
29497, 275, 1, 0
29507, 270, 1, 0
29517, 275, 1, 0
29527, 275, 1, 0
29537, 275, 1, 0
29547, 272, 1, 0
29557, 275, 1, 0
29567, 275, 1, 0
29577, 275, 1, 0
29587, 275, 1, 0
29597, 272, 1, 0
29608, 275, 1, 0
29618, 275, 1, 0
29628, 272, 1, 0
29638, 272, 1, 0
29648, 272, 1, 0
29658, 275, 1, 0
29668, 275, 1, 0
29678, 275, 1, 0
29688, 275, 1, 0
29698, 272, 1, 0
29708, 275, 1, 0
29718, 272, 1, 0
29728, 275, 1, 0
29738, 275, 1, 0
29748, 275, 1, 0
29758, 275, 1, 0
29768, 275, 1, 0
29778, 278, 1, 0
29789, 274, 1, 0
29799, 274, 1, 0
29809, 274, 1, 0
29819, 274, 1, 0
29829, 274, 1, 0
29839, 274, 1, 0
29849, 274, 1, 0
29859, 274, 1, 0
29869, 277, 1, 0
29879, 274, 1, 0
29889, 274, 1, 0
29899, 274, 1, 0
29909, 274, 1, 0
29919, 271, 1, 0
29929, 274, 1, 0
29939, 274, 1, 0
29949, 277, 1, 0
29959, 274, 1, 0
29969, 271, 1, 0
29980, 273, 1, 0
29990, 273, 1, 0
30000, 273, 1, 0
30010, 273, 1, 0
30020, 273, 1, 0
30030, 273, 1, 0
30040, 273, 1, 0
30050, 273, 1, 0
30060, 273, 1, 0
30070, 273, 1, 0
30080, 264, 1, 0
30090, 267, 1, 0
30100, 273, 1, 0
30110, 273, 1, 0
30120, 276, 1, 0
30130, 273, 1, 0
30140, 273, 1, 0
30150, 273, 1, 0
30161, 272, 1, 0
30171, 275, 1, 0
30181, 269, 1, 0
30191, 272, 1, 0
30201, 275, 1, 0
30211, 269, 1, 0
30221, 272, 1, 0
30231, 275, 1, 0
30241, 272, 1, 0
30251, 269, 1, 0
30261, 275, 1, 0
30271, 272, 1, 0
30281, 272, 1, 0
30291, 272, 1, 0
30301, 269, 1, 0
30311, 272, 1, 0
30321, 272, 1, 0
30331, 275, 1, 0
30342, 271, 1, 0
30352, 271, 1, 0
30362, 271, 1, 0
30372, 271, 1, 0
30382, 274, 1, 0
30392, 269, 1, 0
30402, 271, 1, 0
30412, 271, 1, 0
30422, 271, 1, 0
30432, 271, 1, 0
30442, 266, 1, 0
30452, 271, 1, 0
30462, 271, 1, 0
30472, 271, 1, 0
30482, 271, 1, 0
30492, 271, 1, 0
30502, 269, 1, 0
30512, 269, 1, 0
30522, 271, 1, 0
30533, 268, 1, 0
30543, 271, 1, 0
30553, 268, 1, 0
30563, 271, 1, 0
30573, 271, 1, 0
30583, 271, 1, 0
30593, 271, 1, 0
30603, 271, 1, 0
30613, 274, 1, 0
30623, 271, 1, 0
30633, 271, 1, 0
30643, 271, 1, 0
30653, 271, 1, 0
30663, 271, 1, 0
30673, 271, 1, 0
30683, 271, 1, 0
30693, 274, 1, 0
30703, 268, 1, 0
30714, 270, 1, 0
30724, 270, 1, 0
30734, 267, 1, 0
30744, 270, 1, 0
30754, 270, 1, 0
30764, 270, 1, 0
30774, 270, 1, 0
30784, 267, 1, 0
30794, 270, 1, 0
30804, 270, 1, 0
30814, 267, 1, 0
30824, 270, 1, 0
30834, 267, 1, 0
30844, 270, 1, 0
30854, 270, 1, 0
30864, 270, 1, 0
30874, 273, 1, 0
30884, 270, 1, 0
30895, 269, 1, 0
30905, 269, 1, 0
30915, 269, 1, 0
30925, 269, 1, 0
30935, 269, 1, 0
30945, 269, 1, 0
30955, 266, 1, 0
30965, 269, 1, 0
30975, 269, 1, 0
30985, 272, 1, 0
30995, 269, 1, 0
31005, 269, 1, 0
31015, 269, 1, 0
31025, 269, 1, 0
31035, 269, 1, 0
31045, 269, 1, 0
31055, 266, 1, 0
31065, 272, 1, 0
31076, 268, 1, 0
31086, 265, 1, 0
31096, 268, 1, 0
31106, 268, 1, 0
31116, 268, 1, 0
31126, 268, 1, 0
31136, 268, 1, 0
31146, 268, 1, 0
31156, 268, 1, 0
31166, 268, 1, 0
31176, 268, 1, 0
31186, 268, 1, 0
31196, 268, 1, 0
31206, 268, 1, 0
31216, 268, 1, 0
31226, 268, 1, 0
31236, 268, 1, 0
31246, 268, 1, 0
31256, 268, 1, 0
31267, 268, 1, 0
31277, 270, 1, 0
31287, 268, 1, 0
31297, 268, 1, 0
31307, 268, 1, 0
31317, 268, 1, 0
31327, 268, 1, 0
31337, 268, 1, 0
31347, 268, 1, 0
31357, 265, 1, 0
31367, 268, 1, 0
31377, 270, 1, 0
31387, 268, 1, 0
31397, 268, 1, 0
31407, 265, 1, 0
31417, 268, 1, 0
31427, 268, 1, 0
31437, 268, 1, 0
31448, 267, 1, 0
31458, 267, 1, 0
31468, 267, 1, 0
31478, 264, 1, 0
31488, 267, 1, 0
31498, 267, 1, 0
31508, 261, 1, 0
31518, 267, 1, 0
31528, 264, 1, 0
31538, 264, 1, 0
31548, 270, 1, 0
31558, 264, 1, 0
31568, 267, 1, 0
31578, 267, 1, 0
31588, 267, 1, 0
31598, 267, 1, 0
31608, 264, 1, 0
31618, 270, 1, 0
31629, 266, 1, 0
31639, 266, 1, 0
31649, 266, 1, 0
31659, 266, 1, 0
31669, 266, 1, 0
31679, 266, 1, 0
31689, 263, 1, 0
31699, 266, 1, 0
31709, 266, 1, 0
31719, 266, 1, 0
31729, 269, 1, 0
31739, 263, 1, 0
31749, 269, 1, 0
31759, 263, 1, 0
31769, 266, 1, 0
31779, 263, 1, 0
31789, 269, 1, 0
31799, 263, 1, 0
31810, 265, 1, 0
31820, 265, 1, 0
31830, 268, 1, 0
31840, 265, 1, 0
31850, 265, 1, 0
31860, 265, 1, 0
31870, 268, 1, 0
31880, 265, 1, 0
31890, 265, 1, 0
31900, 265, 1, 0
31910, 265, 1, 0
31920, 265, 1, 0
31930, 265, 1, 0
31940, 268, 1, 0
31950, 262, 1, 0
31960, 265, 1, 0
31970, 225, 1, 0
31981, 267, 1, 0
31991, 264, 1, 0
32001, 264, 1, 0
32011, 264, 1, 0
32021, 262, 1, 0
32031, 264, 1, 0
32041, 264, 1, 0
32051, 264, 1, 0
32061, 264, 1, 0
32071, 267, 1, 0
32081, 256, 1, 0
32091, 236, 1, 0
32101, 259, 1, 0
32111, 264, 1, 0
32122, 264, 1, 0
32132, 267, 1, 0
32142, 264, 1, 0
32152, 264, 1, 0
32162, 267, 1, 0
32172, 264, 1, 0
32182, 264, 1, 0
32192, 264, 1, 0
32202, 264, 1, 0
32212, 264, 1, 0
32222, 264, 1, 0
32232, 267, 1, 0
32242, 264, 1, 0
32253, 266, 1, 0
32263, 263, 1, 0
32273, 266, 1, 0
32283, 263, 1, 0
32293, 263, 1, 0
32303, 263, 1, 0
32313, 263, 1, 0
32323, 266, 1, 0
32333, 263, 1, 0
32343, 263, 1, 0
32353, 263, 1, 0
32364, 265, 1, 0
32374, 259, 1, 0
32384, 262, 1, 0
32394, 262, 1, 0
32404, 265, 1, 0
32414, 262, 1, 0
32424, 265, 1, 0
32434, 257, 1, 0
32444, 228, 1, 0
32454, 262, 1, 0
32464, 262, 1, 0
32474, 262, 1, 0
32485, 261, 1, 0
32495, 259, 1, 0
32505, 245, 1, 0
32515, 259, 1, 0
32525, 264, 1, 0
32535, 259, 1, 0
32545, 264, 1, 0
32555, 261, 1, 0
32565, 261, 1, 0
32575, 264, 1, 0
32585, 261, 1, 0
32596, 261, 1, 0
32606, 261, 1, 0
32616, 241, 1, 0
32626, 261, 1, 0
32636, 261, 1, 0
32646, 261, 1, 0
32656, 261, 1, 0
32666, 264, 1, 0
32676, 261, 1, 0
32686, 264, 1, 0
32697, 260, 1, 0
32707, 263, 1, 0
32717, 260, 1, 0
32727, 260, 1, 0
32737, 260, 1, 0
32747, 260, 1, 0
32757, 260, 1, 0
32767, 260, 1, 0
32777, 260, 1, 0
32787, 263, 1, 0
32797, 260, 1, 0
32807, 260, 1, 0
32818, 262, 1, 0
32828, 259, 1, 0
32838, 259, 1, 0
32848, 259, 1, 0
32858, 262, 1, 0
32868, 259, 1, 0
32878, 259, 1, 0
32888, 259, 1, 0
32898, 262, 1, 0
32908, 259, 1, 0
32918, 259, 1, 0
32928, 262, 1, 0
32939, 259, 1, 0
32949, 259, 1, 0
32959, 259, 1, 0
32969, 259, 1, 0
32979, 261, 1, 0
32989, 261, 1, 0
32999, 259, 1, 0
33009, 259, 1, 0
33019, 261, 1, 0
33029, 259, 1, 0
33039, 259, 1, 0
33050, 261, 1, 0
33060, 258, 1, 0
33070, 258, 1, 0
33080, 261, 1, 0
33090, 258, 1, 0
33100, 258, 1, 0
33110, 258, 1, 0
33120, 258, 1, 0
33130, 261, 1, 0
33140, 258, 1, 0
33150, 258, 1, 0
33160, 258, 1, 0
33171, 257, 1, 0
33181, 260, 1, 0
33191, 257, 1, 0
33201, 257, 1, 0
33211, 257, 1, 0
33221, 260, 1, 0
33231, 257, 1, 0
33241, 260, 1, 0
33251, 257, 1, 0
33261, 257, 1, 0
33271, 257, 1, 0
33282, 259, 1, 0
33292, 256, 1, 0
33302, 259, 1, 0
33312, 259, 1, 0
33322, 256, 1, 0
33332, 256, 1, 0
33342, 256, 1, 0
33352, 259, 1, 0
33362, 256, 1, 0
33372, 259, 1, 0
33382, 254, 1, 0
33393, 256, 1, 0
33403, 258, 1, 0
33413, 256, 1, 0
33423, 256, 1, 0
33433, 258, 1, 0
33443, 256, 1, 0
33453, 256, 1, 0
33463, 253, 1, 0
33473, 256, 1, 0
33483, 258, 1, 0
33493, 256, 1, 0
33504, 255, 1, 0
33514, 252, 1, 0
33524, 255, 1, 0
33534, 255, 1, 0
33544, 258, 1, 0
33554, 255, 1, 0
33564, 255, 1, 0
33574, 258, 1, 0
33584, 255, 1, 0
33594, 258, 1, 0
33604, 255, 1, 0
33615, 254, 1, 0
33625, 254, 1, 0
33635, 257, 1, 0
33645, 254, 1, 0
33655, 254, 1, 0
33665, 257, 1, 0
33675, 254, 1, 0
33685, 254, 1, 0
33695, 257, 1, 0
33705, 252, 1, 0
33715, 254, 1, 0
33726, 256, 1, 0
33736, 254, 1, 0
33746, 256, 1, 0
33756, 254, 1, 0
33766, 254, 1, 0
33776, 254, 1, 0
33786, 254, 1, 0
33796, 256, 1, 0
33806, 245, 1, 0
33816, 174, 1, 0
33826, 221, 1, 0
33836, 254, 1, 0
33846, 232, 1, 0
33857, 242, 1, 0
33867, 242, 1, 0
33877, 256, 1, 0
33887, 256, 1, 0
33897, 253, 1, 0
33907, 253, 1, 0
33917, 253, 1, 0
33927, 253, 1, 0
33937, 253, 1, 0
33947, 253, 1, 0
33957, 253, 1, 0
33967, 253, 1, 0
33977, 253, 1, 0
33987, 256, 1, 0
33997, 253, 1, 0
34007, 253, 1, 0
34018, 250, 1, 0
34028, 252, 1, 0
34038, 252, 1, 0
34048, 252, 1, 0
34058, 250, 1, 0
34068, 252, 1, 0
34078, 255, 1, 0
34088, 252, 1, 0
34098, 252, 1, 0
34108, 247, 1, 0
34118, 241, 1, 0
34128, 255, 1, 0
34138, 252, 1, 0
34149, 254, 1, 0
34159, 254, 1, 0
34169, 252, 1, 0
34179, 252, 1, 0
34189, 252, 1, 0
34199, 252, 1, 0
34209, 252, 1, 0
34219, 252, 1, 0
34229, 252, 1, 0
34239, 254, 1, 0
34249, 252, 1, 0
34260, 254, 1, 0
34270, 251, 1, 0
34280, 251, 1, 0
34290, 251, 1, 0
34300, 254, 1, 0
34310, 248, 1, 0
34320, 254, 1, 0
34330, 251, 1, 0
34340, 254, 1, 0
34350, 245, 1, 0
34360, 254, 1, 0
34370, 248, 1, 0
34381, 250, 1, 0
34391, 250, 1, 0
34401, 247, 1, 0
34411, 247, 1, 0
34421, 250, 1, 0
34431, 250, 1, 0
34441, 250, 1, 0
34451, 247, 1, 0
34461, 253, 1, 0
34471, 250, 1, 0
34481, 253, 1, 0
34491, 253, 1, 0
34502, 252, 1, 0
34512, 247, 1, 0
34522, 250, 1, 0
34532, 250, 1, 0
34542, 250, 1, 0
34552, 250, 1, 0
34562, 250, 1, 0
34572, 252, 1, 0
34582, 250, 1, 0
34592, 250, 1, 0
34602, 247, 1, 0
34612, 250, 1, 0
34623, 249, 1, 0
34633, 249, 1, 0
34643, 249, 1, 0
34653, 249, 1, 0
34663, 249, 1, 0
34673, 249, 1, 0
34683, 246, 1, 0
34693, 249, 1, 0
34703, 249, 1, 0
34713, 249, 1, 0
34723, 246, 1, 0
34734, 251, 1, 0
34744, 248, 1, 0
34754, 251, 1, 0
34764, 248, 1, 0
34774, 248, 1, 0
34784, 248, 1, 0
34794, 251, 1, 0
34804, 248, 1, 0
34814, 248, 1, 0
34824, 251, 1, 0
34834, 248, 1, 0
34844, 251, 1, 0
34855, 250, 1, 0
34865, 250, 1, 0
34875, 248, 1, 0
34885, 248, 1, 0
34895, 250, 1, 0
34905, 248, 1, 0
34915, 250, 1, 0
34925, 248, 1, 0
34935, 250, 1, 0
34945, 248, 1, 0
34955, 250, 1, 0
34966, 247, 1, 0
34976, 247, 1, 0
34986, 250, 1, 0
34996, 250, 1, 0
35006, 247, 1, 0
35016, 247, 1, 0
35026, 247, 1, 0
35036, 247, 1, 0
35046, 247, 1, 0
35056, 250, 1, 0
35066, 247, 1, 0
35076, 247, 1, 0
35086, 250, 1, 0
35097, 246, 1, 0
35107, 249, 1, 0
35117, 246, 1, 0
35127, 246, 1, 0
35137, 246, 1, 0
35147, 246, 1, 0
35157, 246, 1, 0
35167, 246, 1, 0
35177, 246, 1, 0
35187, 246, 1, 0
35197, 246, 1, 0
35207, 246, 1, 0
35217, 246, 1, 0
35227, 246, 1, 0
35237, 236, 1, 0
35247, 244, 1, 0
35257, 246, 1, 0
35267, 246, 1, 0
35278, 246, 1, 0
35288, 248, 1, 0
35298, 248, 1, 0
35308, 240, 1, 0
35318, 248, 1, 0
35328, 246, 1, 0
35338, 243, 1, 0
35348, 248, 1, 0
35358, 246, 1, 0
35368, 243, 1, 0
35378, 243, 1, 0
35388, 246, 1, 0
35398, 246, 1, 0
35408, 246, 1, 0
35419, 245, 1, 0
35429, 248, 1, 0
35439, 245, 1, 0
35449, 245, 1, 0
35459, 245, 1, 0
35469, 248, 1, 0
35479, 245, 1, 0
35489, 248, 1, 0
35499, 245, 1, 0
35509, 242, 1, 0
35519, 242, 1, 0
35529, 248, 1, 0
35540, 244, 1, 0
35550, 244, 1, 0
35560, 244, 1, 0
35570, 247, 1, 0
35580, 242, 1, 0
35590, 244, 1, 0
35600, 244, 1, 0
35610, 247, 1, 0
35620, 244, 1, 0
35630, 244, 1, 0
35640, 244, 1, 0
35650, 244, 1, 0
35660, 244, 1, 0
35671, 244, 1, 0
35681, 244, 1, 0
35691, 244, 1, 0
35701, 246, 1, 0
35711, 241, 1, 0
35721, 244, 1, 0
35731, 244, 1, 0
35741, 244, 1, 0
35751, 244, 1, 0
35761, 246, 1, 0
35771, 244, 1, 0
35782, 243, 1, 0
35792, 243, 1, 0
35802, 243, 1, 0
35812, 243, 1, 0
35822, 246, 1, 0
35832, 243, 1, 0
35842, 243, 1, 0
35852, 246, 1, 0
35862, 243, 1, 0
35872, 243, 1, 0
35882, 246, 1, 0
35893, 242, 1, 0
35903, 245, 1, 0
35913, 242, 1, 0
35923, 245, 1, 0
35933, 242, 1, 0
35943, 245, 1, 0
35953, 240, 1, 0
35963, 245, 1, 0
35973, 242, 1, 0
35983, 245, 1, 0
35993, 242, 1, 0
36004, 242, 1, 0
36014, 244, 1, 0
36024, 242, 1, 0
36034, 242, 1, 0
36044, 244, 1, 0
36054, 234, 1, 0
36064, 244, 1, 0
36074, 244, 1, 0
36084, 244, 1, 0
36094, 242, 1, 0
36104, 242, 1, 0
36114, 244, 1, 0
36124, 229, 1, 0
36135, 238, 1, 0
36145, 241, 1, 0
36155, 241, 1, 0
36165, 244, 1, 0
36175, 241, 1, 0
36185, 241, 1, 0
36195, 244, 1, 0
36205, 244, 1, 0
36215, 244, 1, 0
36225, 241, 1, 0
36235, 244, 1, 0
36245, 241, 1, 0
36256, 243, 1, 0
36266, 235, 1, 0
36276, 240, 1, 0
36286, 243, 1, 0
36296, 240, 1, 0
36306, 240, 1, 0
36316, 238, 1, 0
36326, 240, 1, 0
36336, 240, 1, 0
36346, 240, 1, 0
36356, 240, 1, 0
36366, 240, 1, 0
36376, 243, 1, 0
36386, 240, 1, 0
36397, 240, 1, 0
36407, 242, 1, 0
36417, 242, 1, 0
36427, 237, 1, 0
36437, 242, 1, 0
36447, 237, 1, 0
36457, 240, 1, 0
36467, 242, 1, 0
36477, 240, 1, 0
36487, 237, 1, 0
36497, 242, 1, 0
36507, 237, 1, 0
36517, 240, 1, 0
36527, 242, 1, 0
36537, 240, 1, 0
36547, 240, 1, 0
36558, 239, 1, 0
36568, 239, 1, 0
36578, 239, 1, 0
36588, 239, 1, 0
36598, 242, 1, 0
36608, 239, 1, 0
36618, 239, 1, 0
36628, 239, 1, 0
36638, 239, 1, 0
36648, 239, 1, 0
36658, 239, 1, 0
36668, 239, 1, 0
36679, 239, 1, 0
36689, 239, 1, 0
36699, 239, 1, 0
36709, 239, 1, 0
36719, 239, 1, 0
36729, 239, 1, 0
36739, 241, 1, 0
36749, 239, 1, 0
36759, 239, 1, 0
36769, 241, 1, 0
36779, 239, 1, 0
36790, 241, 1, 0
36800, 238, 1, 0
36810, 241, 1, 0
36820, 238, 1, 0
36830, 238, 1, 0
36840, 241, 1, 0
36850, 228, 1, 0
36860, 241, 1, 0
36870, 235, 1, 0
36880, 238, 1, 0
36890, 238, 1, 0
36900, 238, 1, 0
36910, 182, 1, 0
36920, 235, 1, 0
36930, 238, 1, 0
36941, 237, 1, 0
36951, 237, 1, 0
36961, 237, 1, 0
36971, 235, 1, 0
36981, 237, 1, 0
36991, 237, 1, 0
37001, 237, 1, 0
37011, 237, 1, 0
37021, 237, 1, 0
37031, 237, 1, 0
37041, 237, 1, 0
37051, 237, 1, 0
37061, 237, 1, 0
37071, 237, 1, 0
37081, 240, 1, 0
37091, 237, 1, 0
37101, 237, 1, 0
37112, 191, 1, 0
37122, 198, 1, 0
37132, 229, 1, 0
37142, 234, 1, 0
37152, 237, 1, 0
37162, 237, 1, 0
37172, 237, 1, 0
37182, 237, 1, 0
37192, 237, 1, 0
37202, 234, 1, 0
37212, 239, 1, 0
37222, 229, 1, 0
37232, 211, 1, 0
37242, 237, 1, 0
37252, 237, 1, 0
37262, 237, 1, 0
37272, 234, 1, 0
37282, 237, 1, 0
37293, 236, 1, 0
37303, 236, 1, 0
37313, 236, 1, 0
37323, 231, 1, 0
37333, 236, 1, 0
37343, 236, 1, 0
37353, 236, 1, 0
37363, 236, 1, 0
37373, 236, 1, 0
37383, 236, 1, 0
37393, 236, 1, 0
37403, 236, 1, 0
37413, 236, 1, 0
37423, 239, 1, 0
37433, 236, 1, 0
37443, 236, 1, 0
37453, 236, 1, 0
37463, 236, 1, 0
37474, 236, 1, 0
37484, 238, 1, 0
37494, 236, 1, 0
37504, 236, 1, 0
37514, 233, 1, 0
37524, 236, 1, 0
37534, 238, 1, 0
37544, 236, 1, 0
37554, 236, 1, 0
37564, 236, 1, 0
37574, 236, 1, 0
37584, 236, 1, 0
37594, 236, 1, 0
37604, 233, 1, 0
37614, 236, 1, 0
37624, 236, 1, 0
37634, 238, 1, 0
37644, 236, 1, 0
37654, 236, 1, 0
37665, 235, 1, 0
37675, 235, 1, 0
37685, 235, 1, 0
37695, 235, 1, 0
37705, 235, 1, 0
37715, 235, 1, 0
37725, 235, 1, 0
37735, 235, 1, 0
37745, 235, 1, 0
37755, 235, 1, 0
37765, 235, 1, 0
37775, 232, 1, 0
37785, 235, 1, 0
37795, 235, 1, 0
37805, 235, 1, 0
37815, 232, 1, 0
37825, 235, 1, 0
37835, 235, 1, 0
37846, 234, 1, 0
37856, 234, 1, 0
37866, 234, 1, 0
37876, 234, 1, 0
37886, 234, 1, 0
37896, 234, 1, 0
37906, 234, 1, 0
37916, 232, 1, 0
37926, 234, 1, 0
37936, 234, 1, 0
37946, 234, 1, 0
37956, 234, 1, 0
37966, 232, 1, 0
37976, 237, 1, 0
37986, 232, 1, 0
37996, 237, 1, 0
38006, 232, 1, 0
38016, 234, 1, 0
38026, 234, 1, 0
38037, 234, 1, 0
38047, 234, 1, 0
38057, 231, 1, 0
38067, 130, 1, 0
38077, 231, 1, 0
38087, 234, 1, 0
38097, 204, 1, 0
38107, 221, 1, 0
38117, 221, 1, 0
38127, 224, 1, 0
38138, 170, 1, 0
38148, 221, 1, 0
38158, 233, 1, 0
38168, 233, 1, 0
38178, 221, 1, 0
38188, 233, 1, 0
38198, 231, 1, 0
38208, 233, 1, 0
38218, 233, 1, 0
38228, 233, 1, 0
38238, 231, 1, 0
38248, 231, 1, 0
38258, 233, 1, 0
38268, 233, 1, 0
38278, 233, 1, 0
38288, 233, 1, 0
38298, 233, 1, 0
38308, 233, 1, 0
38319, 233, 1, 0
38329, 233, 1, 0
38339, 235, 1, 0
38349, 233, 1, 0
38359, 235, 1, 0
38369, 230, 1, 0
38379, 235, 1, 0
38389, 233, 1, 0
38399, 233, 1, 0
38409, 235, 1, 0
38419, 233, 1, 0
38429, 233, 1, 0
38439, 230, 1, 0
38449, 200, 1, 0
38459, 230, 1, 0
38469, 230, 1, 0
38479, 230, 1, 0
38489, 225, 1, 0
38500, 235, 1, 0
38510, 230, 1, 0
38520, 232, 1, 0
38530, 235, 1, 0
38540, 232, 1, 0
38550, 232, 1, 0
38560, 235, 1, 0
38570, 232, 1, 0
38580, 232, 1, 0
38590, 235, 1, 0
38600, 232, 1, 0
38610, 232, 1, 0
38620, 232, 1, 0
38630, 235, 1, 0
38640, 232, 1, 0
38650, 235, 1, 0
38660, 232, 1, 0
38670, 232, 1, 0
38681, 234, 1, 0
38691, 231, 1, 0
38701, 234, 1, 0
38711, 231, 1, 0
38721, 231, 1, 0
38731, 234, 1, 0
38741, 234, 1, 0
38751, 231, 1, 0
38762, 159, 1, 0
38772, 199, 1, 0
38782, 184, 1, 0
38792, 231, 1, 0
38802, 231, 1, 0
38812, 233, 1, 0
38822, 231, 1, 0
38832, 231, 1, 0
38842, 233, 1, 0
38852, 231, 1, 0
38862, 231, 1, 0
38872, 233, 1, 0
38882, 233, 1, 0
38892, 233, 1, 0
38902, 231, 1, 0
38912, 221, 1, 0
38922, 233, 1, 0
38932, 231, 1, 0
38943, 230, 1, 0
38953, 230, 1, 0
38963, 233, 1, 0
38973, 230, 1, 0
38983, 230, 1, 0
38993, 233, 1, 0
39003, 230, 1, 0
39013, 230, 1, 0
39023, 230, 1, 0
39033, 233, 1, 0
39043, 230, 1, 0
39053, 230, 1, 0
39063, 230, 1, 0
39073, 230, 1, 0
39083, 210, 1, 0
39093, 225, 1, 0
39104, 227, 1, 0
39114, 232, 1, 0
39124, 227, 1, 0
39134, 207, 1, 0
39144, 217, 1, 0
39154, 227, 1, 0
39164, 230, 1, 0
39174, 230, 1, 0
39184, 230, 1, 0
39194, 227, 1, 0
39204, 230, 1, 0
39214, 227, 1, 0
39225, 232, 1, 0
39235, 229, 1, 0
39245, 229, 1, 0
39255, 232, 1, 0
39265, 224, 1, 0
39275, 229, 1, 0
39285, 229, 1, 0
39295, 229, 1, 0
39305, 232, 1, 0
39315, 229, 1, 0
39325, 232, 1, 0
39335, 229, 1, 0
39346, 229, 1, 0
39356, 231, 1, 0
39366, 226, 1, 0
39376, 231, 1, 0
39386, 229, 1, 0
39396, 231, 1, 0
39406, 229, 1, 0
39416, 229, 1, 0
39426, 229, 1, 0
39436, 231, 1, 0
39446, 226, 1, 0
39456, 229, 1, 0
39466, 229, 1, 0
39477, 228, 1, 0
39487, 228, 1, 0
39497, 228, 1, 0
39507, 228, 1, 0
39517, 223, 1, 0
39527, 228, 1, 0
39537, 226, 1, 0
39547, 228, 1, 0
39557, 228, 1, 0
39567, 221, 1, 0
39577, 230, 1, 0
39587, 228, 1, 0
39597, 228, 1, 0
39607, 228, 1, 0
39617, 228, 1, 0
39627, 228, 1, 0
39637, 228, 1, 0
39648, 230, 1, 0
39658, 227, 1, 0
39668, 227, 1, 0
39678, 227, 1, 0
39688, 225, 1, 0
39698, 227, 1, 0
39708, 227, 1, 0
39718, 227, 1, 0
39728, 227, 1, 0
39738, 227, 1, 0
39748, 230, 1, 0
39758, 227, 1, 0
39768, 225, 1, 0
39778, 227, 1, 0
39789, 227, 1, 0
39799, 229, 1, 0
39809, 229, 1, 0
39819, 227, 1, 0
39829, 227, 1, 0
39839, 229, 1, 0
39849, 227, 1, 0
39859, 229, 1, 0
39869, 227, 1, 0
39879, 227, 1, 0
39889, 227, 1, 0
39900, 229, 1, 0
39910, 226, 1, 0
39920, 226, 1, 0
39930, 226, 1, 0
39940, 226, 1, 0
39950, 226, 1, 0
39960, 226, 1, 0
39970, 229, 1, 0
39980, 226, 1, 0
39990, 226, 1, 0
40000, 226, 1, 0
40010, 226, 1, 0
40020, 229, 1, 0
40031, 226, 1, 0
40041, 226, 1, 0
40051, 226, 1, 0
40061, 226, 1, 0
40071, 228, 1, 0
40081, 226, 1, 0
40091, 206, 1, 0
40101, 211, 1, 0
40111, 226, 1, 0
40121, 223, 1, 0
40131, 228, 1, 0
40141, 223, 1, 0
40151, 194, 1, 0
40162, 225, 1, 0
40172, 228, 1, 0
40182, 228, 1, 0
40192, 225, 1, 0
40202, 228, 1, 0
40212, 228, 1, 0
40222, 225, 1, 0
40232, 228, 1, 0
40242, 225, 1, 0
40252, 225, 1, 0
40262, 223, 1, 0
40272, 228, 1, 0
40283, 225, 1, 0
40293, 227, 1, 0
40303, 222, 1, 0
40313, 225, 1, 0
40323, 225, 1, 0
40333, 225, 1, 0
40343, 225, 1, 0
40353, 225, 1, 0
40363, 227, 1, 0
40373, 225, 1, 0
40383, 227, 1, 0
40393, 227, 1, 0
40404, 222, 1, 0
40414, 224, 1, 0
40424, 224, 1, 0
40434, 224, 1, 0
40444, 219, 1, 0
40454, 222, 1, 0
40464, 222, 1, 0
40474, 224, 1, 0
40484, 224, 1, 0
40494, 224, 1, 0
40504, 222, 1, 0
40514, 222, 1, 0
40524, 227, 1, 0
40534, 222, 1, 0
40545, 224, 1, 0
40555, 226, 1, 0
40565, 224, 1, 0
40575, 226, 1, 0
40585, 224, 1, 0
40595, 226, 1, 0
40605, 226, 1, 0
40615, 226, 1, 0
40625, 224, 1, 0
40635, 224, 1, 0
40645, 226, 1, 0
40656, 225, 1, 0
40666, 223, 1, 0
40676, 225, 1, 0
40686, 225, 1, 0
40696, 223, 1, 0
40706, 223, 1, 0
40716, 223, 1, 0
40726, 223, 1, 0
40736, 225, 1, 0
40746, 223, 1, 0
40756, 221, 1, 0
40766, 223, 1, 0
40776, 223, 1, 0
40787, 223, 1, 0
40797, 223, 1, 0
40807, 220, 1, 0
40817, 223, 1, 0
40827, 220, 1, 0
40837, 223, 1, 0
40847, 223, 1, 0
40857, 223, 1, 0
40867, 223, 1, 0
40877, 223, 1, 0
40887, 220, 1, 0
40897, 223, 1, 0
40907, 223, 1, 0
40917, 220, 1, 0
40927, 225, 1, 0
40937, 223, 1, 0
40948, 224, 1, 0
40958, 205, 1, 0
40968, 224, 1, 0
40978, 222, 1, 0
40988, 222, 1, 0
40998, 222, 1, 0
41008, 222, 1, 0
41018, 224, 1, 0
41028, 222, 1, 0
41038, 224, 1, 0
41048, 215, 1, 0
41058, 215, 1, 0
41068, 220, 1, 0
41079, 219, 1, 0
41089, 221, 1, 0
41099, 221, 1, 0
41109, 221, 1, 0
41119, 219, 1, 0
41129, 224, 1, 0
41139, 221, 1, 0
41149, 221, 1, 0
41159, 221, 1, 0
41169, 224, 1, 0
41179, 219, 1, 0
41189, 224, 1, 0
41200, 221, 1, 0
41210, 223, 1, 0
41220, 223, 1, 0
41230, 221, 1, 0
41240, 223, 1, 0
41250, 216, 1, 0
41260, 219, 1, 0
41270, 221, 1, 0
41280, 223, 1, 0
41290, 221, 1, 0
41300, 223, 1, 0
41310, 221, 1, 0
41321, 220, 1, 0
41331, 220, 1, 0
41341, 223, 1, 0
41351, 223, 1, 0
41361, 223, 1, 0
41371, 223, 1, 0
41381, 220, 1, 0
41391, 220, 1, 0
41401, 223, 1, 0
41411, 223, 1, 0
41422, 222, 1, 0
41432, 220, 1, 0
41442, 222, 1, 0
41452, 222, 1, 0
41462, 222, 1, 0
41472, 222, 1, 0
41482, 220, 1, 0
41492, 222, 1, 0
41502, 220, 1, 0
41512, 222, 1, 0
41522, 218, 1, 0
41533, 222, 1, 0
41543, 219, 1, 0
41553, 222, 1, 0
41563, 222, 1, 0
41573, 219, 1, 0
41583, 219, 1, 0
41593, 222, 1, 0
41603, 222, 1, 0
41613, 219, 1, 0
41623, 222, 1, 0
41633, 219, 1, 0
41644, 219, 1, 0
41654, 221, 1, 0
41664, 221, 1, 0
41674, 219, 1, 0
41684, 221, 1, 0
41694, 221, 1, 0
41704, 219, 1, 0
41714, 221, 1, 0
41724, 214, 1, 0
41734, 219, 1, 0
41744, 221, 1, 0
41754, 221, 1, 0
41765, 218, 1, 0
41775, 221, 1, 0
41785, 221, 1, 0
41795, 221, 1, 0
41805, 221, 1, 0
41815, 218, 1, 0
41825, 221, 1, 0
41835, 221, 1, 0
41845, 221, 1, 0
41855, 221, 1, 0
41865, 218, 1, 0
41876, 220, 1, 0
41886, 220, 1, 0
41896, 220, 1, 0
41906, 218, 1, 0
41916, 218, 1, 0
41926, 218, 1, 0
41936, 220, 1, 0
41946, 220, 1, 0
41956, 220, 1, 0
41966, 218, 1, 0
41976, 220, 1, 0
41986, 220, 1, 0
41997, 217, 1, 0
42007, 217, 1, 0
42017, 220, 1, 0
42027, 217, 1, 0
42037, 220, 1, 0
42047, 217, 1, 0
42057, 217, 1, 0
42067, 217, 1, 0
42077, 213, 1, 0
42087, 220, 1, 0
42097, 217, 1, 0
42107, 220, 1, 0
42117, 217, 1, 0
42128, 219, 1, 0
42138, 214, 1, 0
42148, 203, 1, 0
42158, 170, 1, 0
42168, 203, 1, 0
42178, 217, 1, 0
42188, 221, 1, 0
42198, 219, 1, 0
42208, 217, 1, 0
42218, 219, 1, 0
42228, 219, 1, 0
42238, 217, 1, 0
42248, 219, 1, 0
42259, 216, 1, 0
42269, 219, 1, 0
42279, 219, 1, 0
42289, 219, 1, 0
42299, 216, 1, 0
42309, 219, 1, 0
42319, 219, 1, 0
42329, 216, 1, 0
42339, 219, 1, 0
42349, 219, 1, 0
42359, 216, 1, 0
42370, 216, 1, 0
42380, 218, 1, 0
42390, 218, 1, 0
42400, 218, 1, 0
42410, 216, 1, 0
42420, 216, 1, 0
42430, 218, 1, 0
42440, 218, 1, 0
42450, 211, 1, 0
42460, 216, 1, 0
42470, 216, 1, 0
42480, 218, 1, 0
42490, 216, 1, 0
42501, 215, 1, 0
42511, 215, 1, 0
42521, 215, 1, 0
42531, 215, 1, 0
42541, 215, 1, 0
42551, 218, 1, 0
42561, 215, 1, 0
42571, 215, 1, 0
42581, 218, 1, 0
42591, 215, 1, 0
42601, 218, 1, 0
42611, 215, 1, 0
42621, 215, 1, 0
42631, 218, 1, 0
42641, 215, 1, 0
42652, 217, 1, 0
42662, 215, 1, 0
42672, 215, 1, 0
42682, 217, 1, 0
42692, 217, 1, 0
42702, 212, 1, 0
42712, 215, 1, 0
42722, 212, 1, 0
42732, 215, 1, 0
42742, 217, 1, 0
42752, 215, 1, 0
42762, 212, 1, 0
42773, 214, 1, 0
42783, 217, 1, 0
42793, 214, 1, 0
42803, 212, 1, 0
42813, 214, 1, 0
42823, 214, 1, 0
42833, 214, 1, 0
42843, 214, 1, 0
42853, 214, 1, 0
42863, 217, 1, 0
42873, 212, 1, 0
42883, 217, 1, 0
42894, 214, 1, 0
42904, 214, 1, 0
42914, 211, 1, 0
42924, 216, 1, 0
42934, 214, 1, 0
42944, 211, 1, 0
42954, 214, 1, 0
42964, 211, 1, 0
42974, 214, 1, 0
42984, 214, 1, 0
42994, 214, 1, 0
43004, 214, 1, 0
43014, 211, 1, 0
43025, 213, 1, 0
43035, 218, 1, 0
43045, 204, 1, 0
43055, 211, 1, 0
43065, 216, 1, 0
43075, 213, 1, 0
43085, 213, 1, 0
43095, 213, 1, 0
43105, 213, 1, 0
43115, 216, 1, 0
43125, 213, 1, 0
43136, 213, 1, 0
43146, 213, 1, 0
43156, 213, 1, 0
43166, 213, 1, 0
43176, 213, 1, 0
43186, 213, 1, 0
43196, 211, 1, 0
43206, 213, 1, 0
43216, 213, 1, 0
43226, 211, 1, 0
43236, 213, 1, 0
43246, 213, 1, 0
43257, 212, 1, 0
43267, 210, 1, 0
43277, 212, 1, 0
43287, 215, 1, 0
43297, 212, 1, 0
43307, 210, 1, 0
43317, 210, 1, 0
43327, 212, 1, 0
43337, 212, 1, 0
43347, 210, 1, 0
43357, 212, 1, 0
43367, 210, 1, 0
43377, 212, 1, 0
43387, 212, 1, 0
43397, 210, 1, 0
43407, 212, 1, 0
43418, 214, 1, 0
43428, 210, 1, 0
43438, 212, 1, 0
43448, 210, 1, 0
43458, 212, 1, 0
43468, 212, 1, 0
43478, 212, 1, 0
43488, 210, 1, 0
43498, 212, 1, 0
43508, 212, 1, 0
43518, 210, 1, 0
43528, 214, 1, 0
43538, 212, 1, 0
43549, 211, 1, 0
43559, 211, 1, 0
43569, 211, 1, 0
43579, 211, 1, 0
43589, 214, 1, 0
43599, 211, 1, 0
43609, 211, 1, 0
43619, 211, 1, 0
43629, 211, 1, 0
43639, 211, 1, 0
43649, 211, 1, 0
43659, 211, 1, 0
43670, 213, 1, 0
43680, 211, 1, 0
43690, 211, 1, 0
43700, 213, 1, 0
43710, 209, 1, 0
43720, 211, 1, 0
43730, 211, 1, 0
43740, 213, 1, 0
43750, 211, 1, 0
43760, 209, 1, 0
43770, 211, 1, 0
43780, 211, 1, 0
43791, 210, 1, 0
43801, 210, 1, 0
43811, 204, 1, 0
43821, 151, 1, 0
43831, 210, 1, 0
43841, 210, 1, 0
43851, 208, 1, 0
43861, 167, 1, 0
43871, 210, 1, 0
43881, 213, 1, 0
43891, 210, 1, 0
43901, 210, 1, 0
43911, 210, 1, 0
43921, 204, 1, 0
43931, 210, 1, 0
43941, 206, 1, 0
43951, 213, 1, 0
43962, 210, 1, 0
43972, 212, 1, 0
43982, 212, 1, 0
43992, 212, 1, 0
44002, 210, 1, 0
44012, 210, 1, 0
44022, 212, 1, 0
44032, 210, 1, 0
44042, 210, 1, 0
44052, 212, 1, 0
44062, 210, 1, 0
44072, 210, 1, 0
44082, 212, 1, 0
44092, 210, 1, 0
44102, 212, 1, 0
44112, 210, 1, 0
44122, 212, 1, 0
44132, 210, 1, 0
44142, 212, 1, 0
44153, 209, 1, 0
44163, 209, 1, 0
44173, 196, 1, 0
44183, 182, 1, 0
44193, 209, 1, 0
44203, 212, 1, 0
44213, 209, 1, 0
44223, 212, 1, 0
44234, 211, 1, 0
44244, 209, 1, 0
44254, 211, 1, 0
44264, 209, 1, 0
44274, 209, 1, 0
44284, 211, 1, 0
44294, 209, 1, 0
44304, 211, 1, 0
44314, 209, 1, 0
44324, 211, 1, 0
44334, 211, 1, 0
44345, 208, 1, 0
44355, 211, 1, 0
44365, 211, 1, 0
44375, 208, 1, 0
44385, 211, 1, 0
44395, 208, 1, 0
44405, 211, 1, 0
44415, 211, 1, 0
44425, 208, 1, 0
44435, 208, 1, 0
44445, 184, 1, 0
44455, 211, 1, 0
44466, 213, 1, 0
44476, 208, 1, 0
44486, 210, 1, 0
44496, 210, 1, 0
44506, 208, 1, 0
44516, 208, 1, 0
44526, 210, 1, 0
44536, 208, 1, 0
44546, 208, 1, 0
44556, 210, 1, 0
44566, 210, 1, 0
44577, 208, 1, 0
44587, 208, 1, 0
44597, 210, 1, 0
44607, 210, 1, 0
44617, 208, 1, 0
44627, 208, 1, 0
44637, 210, 1, 0
44647, 208, 1, 0
44657, 210, 1, 0
44667, 208, 1, 0
44677, 208, 1, 0
44687, 208, 1, 0
44697, 210, 1, 0
44707, 210, 1, 0
44717, 210, 1, 0
44728, 207, 1, 0
44738, 209, 1, 0
44748, 207, 1, 0
44758, 209, 1, 0
44768, 207, 1, 0
44778, 209, 1, 0
44788, 209, 1, 0
44798, 207, 1, 0
44808, 209, 1, 0
44818, 207, 1, 0
44828, 207, 1, 0
44839, 209, 1, 0
44849, 209, 1, 0
44859, 207, 1, 0
44869, 207, 1, 0
44879, 207, 1, 0
44889, 207, 1, 0
44899, 209, 1, 0
44909, 209, 1, 0
44919, 207, 1, 0
44929, 207, 1, 0
44939, 204, 1, 0
44949, 207, 1, 0
44960, 206, 1, 0
44970, 208, 1, 0
44980, 208, 1, 0
44990, 206, 1, 0
45000, 208, 1, 0
45010, 208, 1, 0
45020, 208, 1, 0
45030, 206, 1, 0
45040, 208, 1, 0
45050, 208, 1, 0
45060, 206, 1, 0
45070, 206, 1, 0
45081, 208, 1, 0
45091, 208, 1, 0
45101, 206, 1, 0
45111, 208, 1, 0
45121, 206, 1, 0
45131, 208, 1, 0
45141, 206, 1, 0
45151, 208, 1, 0
45161, 206, 1, 0
45171, 208, 1, 0
45181, 206, 1, 0
45192, 207, 1, 0
45202, 141, 1, 0
45212, 196, 1, 0
45222, 203, 1, 0
45232, 179, 1, 0
45242, 181, 1, 0
45252, 207, 1, 0
45262, 205, 1, 0
45272, 205, 1, 0
45282, 205, 1, 0
45292, 207, 1, 0
45302, 205, 1, 0
45312, 205, 1, 0
45322, 203, 1, 0
45332, 207, 1, 0
45342, 205, 1, 0
45352, 205, 1, 0
45363, 205, 1, 0
45373, 207, 1, 0
45383, 205, 1, 0
45393, 205, 1, 0
45403, 207, 1, 0
45413, 205, 1, 0
45423, 205, 1, 0
45433, 205, 1, 0
45443, 205, 1, 0
45453, 205, 1, 0
45463, 207, 1, 0
45473, 205, 1, 0
45483, 203, 1, 0
45493, 205, 1, 0
45503, 205, 1, 0
45513, 205, 1, 0
45523, 200, 1, 0
45533, 203, 1, 0
45543, 205, 1, 0
45554, 207, 1, 0
45564, 204, 1, 0
45574, 204, 1, 0
45584, 207, 1, 0
45594, 204, 1, 0
45604, 204, 1, 0
45614, 204, 1, 0
45624, 204, 1, 0
45634, 207, 1, 0
45644, 204, 1, 0
45654, 204, 1, 0
45664, 204, 1, 0
45674, 204, 1, 0
45684, 204, 1, 0
45694, 204, 1, 0
45704, 207, 1, 0
45714, 202, 1, 0
45724, 204, 1, 0
45735, 204, 1, 0
45745, 206, 1, 0
45755, 204, 1, 0
45765, 204, 1, 0
45775, 204, 1, 0
45785, 204, 1, 0
45795, 204, 1, 0
45805, 204, 1, 0
45815, 206, 1, 0
45825, 204, 1, 0
45835, 195, 1, 0
45845, 204, 1, 0
45855, 202, 1, 0
45865, 204, 1, 0
45875, 206, 1, 0
45885, 186, 1, 0
45895, 197, 1, 0
45905, 204, 1, 0
45916, 203, 1, 0
45926, 203, 1, 0
45936, 203, 1, 0
45946, 203, 1, 0
45956, 203, 1, 0
45966, 203, 1, 0
45976, 203, 1, 0
45986, 203, 1, 0
45996, 203, 1, 0
46006, 203, 1, 0
46016, 206, 1, 0
46026, 203, 1, 0
46036, 203, 1, 0
46046, 203, 1, 0
46056, 171, 1, 0
46066, 203, 1, 0
46076, 206, 1, 0
46086, 203, 1, 0
46097, 201, 1, 0
46107, 203, 1, 0
46117, 203, 1, 0
46127, 203, 1, 0
46137, 203, 1, 0
46147, 205, 1, 0
46157, 203, 1, 0
46167, 203, 1, 0
46177, 203, 1, 0
46190, 204, 1, 0
46200, 200, 1, 0
46210, 202, 1, 0
46220, 202, 1, 0
46230, 202, 1, 0
46240, 202, 1, 0
46250, 204, 1, 0
46260, 202, 1, 0
46270, 202, 1, 0
46280, 202, 1, 0
46290, 202, 1, 0
46300, 204, 1, 0
46310, 202, 1, 0
46320, 204, 1, 0
46330, 202, 1, 0
46340, 195, 1, 0
46350, 204, 1, 0
46361, 201, 1, 0
46371, 203, 1, 0
46381, 203, 1, 0
46391, 201, 1, 0
46401, 201, 1, 0
46411, 203, 1, 0
46421, 203, 1, 0
46431, 201, 1, 0
46441, 201, 1, 0
46451, 201, 1, 0
46461, 201, 1, 0
46471, 201, 1, 0
46481, 201, 1, 0
46491, 201, 1, 0
46501, 203, 1, 0
46511, 201, 1, 0
46521, 203, 1, 0
46531, 201, 1, 0
46541, 203, 1, 0
46552, 201, 1, 0
46562, 201, 1, 0
46572, 203, 1, 0
46582, 201, 1, 0
46592, 201, 1, 0
46602, 203, 1, 0
46612, 201, 1, 0
46622, 203, 1, 0
46632, 201, 1, 0
46642, 203, 1, 0
46652, 201, 1, 0
46662, 201, 1, 0
46672, 203, 1, 0
46682, 201, 1, 0
46692, 201, 1, 0
46702, 203, 1, 0
46712, 201, 1, 0
46722, 203, 1, 0
46733, 200, 1, 0
46743, 200, 1, 0
46753, 203, 1, 0
46763, 200, 1, 0
46773, 203, 1, 0
46783, 200, 1, 0
46793, 196, 1, 0
46803, 200, 1, 0
46813, 203, 1, 0
46823, 200, 1, 0
46833, 200, 1, 0
46843, 200, 1, 0
46853, 200, 1, 0
46863, 200, 1, 0
46873, 203, 1, 0
46883, 203, 1, 0
46893, 200, 1, 0
46903, 203, 1, 0
46914, 200, 1, 0
46924, 200, 1, 0
46934, 200, 1, 0
46944, 202, 1, 0
46954, 200, 1, 0
46964, 202, 1, 0
46974, 200, 1, 0
46984, 202, 1, 0
46994, 196, 1, 0
47004, 191, 1, 0
47014, 200, 1, 0
47024, 202, 1, 0
47034, 200, 1, 0
47044, 200, 1, 0
47054, 202, 1, 0
47064, 200, 1, 0
47074, 200, 1, 0
47084, 200, 1, 0
47094, 200, 1, 0
47105, 202, 1, 0
47115, 200, 1, 0
47125, 202, 1, 0
47135, 202, 1, 0
47145, 200, 1, 0
47155, 200, 1, 0
47165, 200, 1, 0
47175, 195, 1, 0
47185, 178, 1, 0
47195, 165, 1, 0
47205, 202, 1, 0
47215, 200, 1, 0
47225, 200, 1, 0
47235, 197, 1, 0
47245, 200, 1, 0
47255, 202, 1, 0
47265, 180, 1, 0
47276, 201, 1, 0
47286, 199, 1, 0
47296, 201, 1, 0
47306, 201, 1, 0
47316, 199, 1, 0
47326, 199, 1, 0
47336, 199, 1, 0
47346, 199, 1, 0
47356, 199, 1, 0
47366, 201, 1, 0
47376, 199, 1, 0
47386, 199, 1, 0
47396, 201, 1, 0
47407, 199, 1, 0
47417, 201, 1, 0
47427, 199, 1, 0
47437, 199, 1, 0
47447, 201, 1, 0
47457, 199, 1, 0
47467, 199, 1, 0
47477, 199, 1, 0
47487, 197, 1, 0
47497, 201, 1, 0
47507, 199, 1, 0
47517, 199, 1, 0
47527, 194, 1, 0
47537, 201, 1, 0
47547, 199, 1, 0
47557, 201, 1, 0
47568, 198, 1, 0
47578, 200, 1, 0
47588, 196, 1, 0
47598, 200, 1, 0
47608, 198, 1, 0
47618, 200, 1, 0
47628, 198, 1, 0
47638, 198, 1, 0
47648, 200, 1, 0
47658, 198, 1, 0
47668, 198, 1, 0
47678, 198, 1, 0
47689, 198, 1, 0
47699, 200, 1, 0
47709, 198, 1, 0
47719, 198, 1, 0
47729, 198, 1, 0
47739, 198, 1, 0
47749, 181, 1, 0
47759, 185, 1, 0
47769, 187, 1, 0
47779, 191, 1, 0
47789, 198, 1, 0
47799, 194, 1, 0
47809, 200, 1, 0
47820, 197, 1, 0
47830, 197, 1, 0
47840, 197, 1, 0
47850, 197, 1, 0
47860, 200, 1, 0
47870, 197, 1, 0
47880, 195, 1, 0
47890, 197, 1, 0
47900, 197, 1, 0
47910, 200, 1, 0
47920, 197, 1, 0
47930, 200, 1, 0
47940, 197, 1, 0
47951, 197, 1, 0
47961, 199, 1, 0
47971, 197, 1, 0
47981, 199, 1, 0
47991, 197, 1, 0
48001, 197, 1, 0
48011, 199, 1, 0
48021, 197, 1, 0
48031, 197, 1, 0
48041, 197, 1, 0
48051, 197, 1, 0
48062, 171, 1, 0
48072, 144, 1, 0
48082, 199, 1, 0
48092, 165, 1, 0
48102, 184, 1, 0
48112, 175, 1, 0
48122, 177, 1, 0
48132, 186, 1, 0
48142, 188, 1, 0
48152, 188, 1, 0
48162, 188, 1, 0
48172, 197, 1, 0
48182, 197, 1, 0
48192, 199, 1, 0
48205, 172, 1, 0
48215, 162, 1, 0
48225, 197, 1, 0
48235, 189, 1, 0
48245, 193, 1, 0
48255, 195, 1, 0
48265, 197, 1, 0
48276, 195, 1, 0
48286, 197, 1, 0
48296, 197, 1, 0
48306, 195, 1, 0
48316, 195, 1, 0
48326, 197, 1, 0
48336, 193, 1, 0
48346, 195, 1, 0
48356, 197, 1, 0
48366, 195, 1, 0
48376, 195, 1, 0
48386, 197, 1, 0
48397, 194, 1, 0
48407, 197, 1, 0
48417, 194, 1, 0
48427, 194, 1, 0
48437, 194, 1, 0
48447, 171, 1, 0
48457, 194, 1, 0
48467, 197, 1, 0
48477, 194, 1, 0
48487, 194, 1, 0
48497, 197, 1, 0
48507, 194, 1, 0
48517, 194, 1, 0
48527, 194, 1, 0
48537, 194, 1, 0
48547, 197, 1, 0
48558, 194, 1, 0
48568, 196, 1, 0
48578, 194, 1, 0
48588, 196, 1, 0
48598, 194, 1, 0
48608, 196, 1, 0
48618, 194, 1, 0
48628, 196, 1, 0
48638, 194, 1, 0
48648, 196, 1, 0
48658, 194, 1, 0
48668, 196, 1, 0
48679, 194, 1, 0
48689, 194, 1, 0
48699, 194, 1, 0
48709, 177, 1, 0
48719, 183, 1, 0
48729, 194, 1, 0
48739, 196, 1, 0
48749, 194, 1, 0
48759, 173, 1, 0
48769, 160, 1, 0
48780, 193, 1, 0
48790, 191, 1, 0
48800, 193, 1, 0
48810, 193, 1, 0
48820, 195, 1, 0
48830, 193, 1, 0
48840, 195, 1, 0
48850, 193, 1, 0
48861, 195, 1, 0
48871, 193, 1, 0
48881, 195, 1, 0
48891, 193, 1, 0
48901, 195, 1, 0
48911, 193, 1, 0
48921, 187, 1, 0
48931, 193, 1, 0
48941, 193, 1, 0
48951, 193, 1, 0
48961, 195, 1, 0
48971, 191, 1, 0
48981, 195, 1, 0
48992, 192, 1, 0
49002, 192, 1, 0
49012, 192, 1, 0
49022, 192, 1, 0
49032, 192, 1, 0
49042, 192, 1, 0
49052, 192, 1, 0
49062, 192, 1, 0
49072, 195, 1, 0
49082, 190, 1, 0
49092, 192, 1, 0
49102, 192, 1, 0
49113, 192, 1, 0
49123, 192, 1, 0
49133, 194, 1, 0
49143, 192, 1, 0
49153, 192, 1, 0
49163, 192, 1, 0
49173, 194, 1, 0
49183, 190, 1, 0
49193, 194, 1, 0
49203, 192, 1, 0
49213, 194, 1, 0
49223, 190, 1, 0
49233, 194, 1, 0
49244, 192, 1, 0
49254, 194, 1, 0
49264, 192, 1, 0
49274, 194, 1, 0
49284, 192, 1, 0
49294, 177, 1, 0
49304, 192, 1, 0
49314, 192, 1, 0
49324, 194, 1, 0
49334, 192, 1, 0
49344, 192, 1, 0
49355, 193, 1, 0
49365, 191, 1, 0
49375, 191, 1, 0
49385, 193, 1, 0
49395, 189, 1, 0
49405, 193, 1, 0
49415, 191, 1, 0
49425, 191, 1, 0
49435, 193, 1, 0
49445, 189, 1, 0
49455, 191, 1, 0
49465, 193, 1, 0
49475, 191, 1, 0
49486, 193, 1, 0
49496, 191, 1, 0
49506, 191, 1, 0
49516, 193, 1, 0
49526, 191, 1, 0
49536, 193, 1, 0
49546, 189, 1, 0
49556, 189, 1, 0
49566, 191, 1, 0
49576, 191, 1, 0
49586, 191, 1, 0
49596, 193, 1, 0
49606, 191, 1, 0
49617, 190, 1, 0
49627, 190, 1, 0
49637, 193, 1, 0
49647, 190, 1, 0
49657, 193, 1, 0
49667, 174, 1, 0
49677, 178, 1, 0
49687, 193, 1, 0
49697, 190, 1, 0
49707, 190, 1, 0
49717, 186, 1, 0
49727, 190, 1, 0
49737, 190, 1, 0
49747, 190, 1, 0
49757, 190, 1, 0
49768, 190, 1, 0
49778, 190, 1, 0
49788, 192, 1, 0
49798, 192, 1, 0
49808, 188, 1, 0
49818, 192, 1, 0
49828, 190, 1, 0
49838, 188, 1, 0
49848, 192, 1, 0
49858, 190, 1, 0
49868, 190, 1, 0
49878, 192, 1, 0
49888, 190, 1, 0
49898, 190, 1, 0
49909, 192, 1, 0
49919, 190, 1, 0
49929, 190, 1, 0
49939, 190, 1, 0
49949, 192, 1, 0
49959, 190, 1, 0
49969, 190, 1, 0
49979, 190, 1, 0
49989, 192, 1, 0
49999, 190, 1, 0
50009, 190, 1, 0
50020, 187, 1, 0
50030, 191, 1, 0
50040, 187, 1, 0
50050, 191, 1, 0
50060, 189, 1, 0
50070, 191, 1, 0
50080, 189, 1, 0
50090, 189, 1, 0
50100, 191, 1, 0
50110, 189, 1, 0
50120, 189, 1, 0
50130, 189, 1, 0
50141, 191, 1, 0
50151, 189, 1, 0
50161, 189, 1, 0
50171, 189, 1, 0
50181, 191, 1, 0
50191, 189, 1, 0
50201, 191, 1, 0
50211, 189, 1, 0
50221, 189, 1, 0
50231, 187, 1, 0
50241, 189, 1, 0
50251, 183, 1, 0
50261, 189, 1, 0
50271, 191, 1, 0
50282, 189, 1, 0
50292, 189, 1, 0
50302, 191, 1, 0
50312, 189, 1, 0
50322, 191, 1, 0
50332, 189, 1, 0
50342, 189, 1, 0
50352, 189, 1, 0
50362, 191, 1, 0
50372, 189, 1, 0
50382, 191, 1, 0
50392, 189, 1, 0
50403, 188, 1, 0
50413, 190, 1, 0
50423, 188, 1, 0
50433, 190, 1, 0
50443, 188, 1, 0
50453, 190, 1, 0
50463, 190, 1, 0
50473, 190, 1, 0
50483, 188, 1, 0
50493, 190, 1, 0
50503, 188, 1, 0
50513, 188, 1, 0
50524, 188, 1, 0
50534, 188, 1, 0
50544, 188, 1, 0
50554, 188, 1, 0
50564, 190, 1, 0
50574, 188, 1, 0
50584, 190, 1, 0
50594, 188, 1, 0
50604, 190, 1, 0
50614, 190, 1, 0
50624, 172, 1, 0
50634, 178, 1, 0
50645, 189, 1, 0
50655, 187, 1, 0
50665, 189, 1, 0
50675, 187, 1, 0
50685, 185, 1, 0
50695, 187, 1, 0
50705, 189, 1, 0
50715, 187, 1, 0
50725, 189, 1, 0
50735, 187, 1, 0
50745, 187, 1, 0
50756, 187, 1, 0
50766, 187, 1, 0
50776, 189, 1, 0
50786, 189, 1, 0
50796, 187, 1, 0
50806, 189, 1, 0
50816, 189, 1, 0
50826, 187, 1, 0
50836, 189, 1, 0
50846, 187, 1, 0
50856, 189, 1, 0
50866, 189, 1, 0
50876, 187, 1, 0
50887, 187, 1, 0
50897, 189, 1, 0
50907, 189, 1, 0
50917, 187, 1, 0
50927, 185, 1, 0
50937, 187, 1, 0
50947, 189, 1, 0
50957, 187, 1, 0
50967, 187, 1, 0
50977, 187, 1, 0
50987, 189, 1, 0
50997, 187, 1, 0
51007, 187, 1, 0
51017, 187, 1, 0
51027, 187, 1, 0
51037, 187, 1, 0
51048, 188, 1, 0
51058, 186, 1, 0
51068, 188, 1, 0
51078, 186, 1, 0
51088, 186, 1, 0
51098, 188, 1, 0
51108, 188, 1, 0
51118, 186, 1, 0
51128, 188, 1, 0
51138, 186, 1, 0
51148, 186, 1, 0
51158, 186, 1, 0
51169, 186, 1, 0
51179, 186, 1, 0
51189, 188, 1, 0
51199, 186, 1, 0
51209, 188, 1, 0
51219, 186, 1, 0
51229, 188, 1, 0
51239, 186, 1, 0
51249, 188, 1, 0
51259, 188, 1, 0
51269, 186, 1, 0
51279, 188, 1, 0
51289, 186, 1, 0
51300, 186, 1, 0
51310, 188, 1, 0
51320, 186, 1, 0
51330, 186, 1, 0
51340, 188, 1, 0
51350, 186, 1, 0
51360, 188, 1, 0
51370, 186, 1, 0
51380, 188, 1, 0
51390, 186, 1, 0
51400, 186, 1, 0
51410, 188, 1, 0
51420, 186, 1, 0
51430, 186, 1, 0
51441, 187, 1, 0
51451, 185, 1, 0
51461, 187, 1, 0
51471, 185, 1, 0
51481, 187, 1, 0
51491, 185, 1, 0
51501, 187, 1, 0
51511, 185, 1, 0
51521, 185, 1, 0
51531, 185, 1, 0
51541, 187, 1, 0
51551, 185, 1, 0
51561, 185, 1, 0
51572, 187, 1, 0
51582, 171, 1, 0
51592, 175, 1, 0
51602, 185, 1, 0
51612, 187, 1, 0
51622, 185, 1, 0
51632, 185, 1, 0
51642, 183, 1, 0
51652, 185, 1, 0
51662, 187, 1, 0
51672, 187, 1, 0
51682, 185, 1, 0
51693, 184, 1, 0
51703, 184, 1, 0
51713, 184, 1, 0
51723, 186, 1, 0
51733, 186, 1, 0
51743, 184, 1, 0
51753, 184, 1, 0
51763, 184, 1, 0
51773, 184, 1, 0
51783, 186, 1, 0
51793, 184, 1, 0
51804, 184, 1, 0
51814, 186, 1, 0
51824, 186, 1, 0
51834, 184, 1, 0
51844, 184, 1, 0
51854, 186, 1, 0
51864, 186, 1, 0
51874, 184, 1, 0
51884, 186, 1, 0
51894, 186, 1, 0
51904, 184, 1, 0
51914, 184, 1, 0
51924, 184, 1, 0
51935, 184, 1, 0
51945, 182, 1, 0
51955, 176, 1, 0
51965, 186, 1, 0
51975, 184, 1, 0
51985, 186, 1, 0
51995, 184, 1, 0
52005, 186, 1, 0
52015, 184, 1, 0
52025, 186, 1, 0
52035, 184, 1, 0
52045, 186, 1, 0
52055, 184, 1, 0
52066, 185, 1, 0
52076, 183, 1, 0
52086, 185, 1, 0
52096, 183, 1, 0
52106, 185, 1, 0
52116, 183, 1, 0
52126, 185, 1, 0
52136, 183, 1, 0
52146, 185, 1, 0
52156, 185, 1, 0
52166, 183, 1, 0
52176, 183, 1, 0
52186, 183, 1, 0
52197, 181, 1, 0
52207, 179, 1, 0
52217, 159, 1, 0
52227, 173, 1, 0
52237, 183, 1, 0
52247, 183, 1, 0
52257, 181, 1, 0
52267, 183, 1, 0
52277, 183, 1, 0
52287, 183, 1, 0
52297, 183, 1, 0
52307, 183, 1, 0
52317, 183, 1, 0
52327, 183, 1, 0
52337, 185, 1, 0
52347, 183, 1, 0
52358, 185, 1, 0
52368, 183, 1, 0
52378, 185, 1, 0
52388, 183, 1, 0
52398, 185, 1, 0
52408, 183, 1, 0
52418, 183, 1, 0
52428, 185, 1, 0
52438, 183, 1, 0
52448, 183, 1, 0
52458, 183, 1, 0
52468, 183, 1, 0
52478, 185, 1, 0
52489, 182, 1, 0
52499, 182, 1, 0
52509, 182, 1, 0
52519, 182, 1, 0
52529, 180, 1, 0
52539, 178, 1, 0
52549, 184, 1, 0
52559, 182, 1, 0
52569, 182, 1, 0
52579, 182, 1, 0
52589, 182, 1, 0
52599, 182, 1, 0
52610, 182, 1, 0
52620, 182, 1, 0
52630, 182, 1, 0
52640, 184, 1, 0
52650, 182, 1, 0
52660, 184, 1, 0
52670, 184, 1, 0
52680, 182, 1, 0
52690, 184, 1, 0
52700, 184, 1, 0
52710, 182, 1, 0
52720, 182, 1, 0
52731, 181, 1, 0
52741, 183, 1, 0
52751, 181, 1, 0
52761, 181, 1, 0
52771, 181, 1, 0
52781, 183, 1, 0
52791, 181, 1, 0
52801, 181, 1, 0
52811, 183, 1, 0
52821, 181, 1, 0
52831, 181, 1, 0
52841, 183, 1, 0
52852, 181, 1, 0
52862, 183, 1, 0
52872, 181, 1, 0
52882, 181, 1, 0
52892, 183, 1, 0
52902, 181, 1, 0
52912, 183, 1, 0
52922, 179, 1, 0
52932, 181, 1, 0
52942, 181, 1, 0
52952, 183, 1, 0
52962, 181, 1, 0
52972, 181, 1, 0
52983, 183, 1, 0
52993, 181, 1, 0
53003, 183, 1, 0
53013, 181, 1, 0
53023, 183, 1, 0
53033, 183, 1, 0
53043, 181, 1, 0
53053, 183, 1, 0
53063, 181, 1, 0
53073, 183, 1, 0
53083, 181, 1, 0
53094, 180, 1, 0
53104, 182, 1, 0
53114, 180, 1, 0
53124, 182, 1, 0
53134, 180, 1, 0
53144, 180, 1, 0
53154, 182, 1, 0
53164, 180, 1, 0
53174, 180, 1, 0
53184, 182, 1, 0
53194, 180, 1, 0
53204, 180, 1, 0
53215, 182, 1, 0
53225, 180, 1, 0
53235, 180, 1, 0
53245, 182, 1, 0
53255, 180, 1, 0
53265, 182, 1, 0
53275, 180, 1, 0
53285, 182, 1, 0
53295, 180, 1, 0
53305, 182, 1, 0
53315, 180, 1, 0
53325, 180, 1, 0
53336, 182, 1, 0
53346, 180, 1, 0
53356, 182, 1, 0
53366, 180, 1, 0
53376, 180, 1, 0
53386, 180, 1, 0
53396, 180, 1, 0
53406, 180, 1, 0
53416, 182, 1, 0
53426, 180, 1, 0
53436, 182, 1, 0
53446, 180, 1, 0
53457, 179, 1, 0
53467, 179, 1, 0
53477, 179, 1, 0
53487, 179, 1, 0
53497, 172, 1, 0
53507, 179, 1, 0
53517, 177, 1, 0
53527, 179, 1, 0
53537, 181, 1, 0
53547, 176, 1, 0
53557, 172, 1, 0
53567, 179, 1, 0
53577, 181, 1, 0
53587, 179, 1, 0
53597, 179, 1, 0
53607, 181, 1, 0
53617, 179, 1, 0
53627, 179, 1, 0
53638, 179, 1, 0
53648, 181, 1, 0
53658, 179, 1, 0
53668, 181, 1, 0
53678, 181, 1, 0
53688, 179, 1, 0
53698, 179, 1, 0
53708, 181, 1, 0
53718, 181, 1, 0
53728, 179, 1, 0
53738, 179, 1, 0
53748, 181, 1, 0
53759, 179, 1, 0
53769, 181, 1, 0
53779, 179, 1, 0
53789, 181, 1, 0
53799, 179, 1, 0
53809, 177, 1, 0
53819, 90, 1, 0
53829, 181, 1, 0
53839, 179, 1, 0
53849, 177, 1, 0
53859, 177, 1, 0
53869, 177, 1, 0
53879, 154, 1, 0
53889, 181, 1, 0
53899, 181, 1, 0
53910, 180, 1, 0
53920, 178, 1, 0
53930, 180, 1, 0
53940, 178, 1, 0
53950, 178, 1, 0
53960, 178, 1, 0
53970, 178, 1, 0
53980, 180, 1, 0
53990, 178, 1, 0
54000, 178, 1, 0
54010, 180, 1, 0
54020, 178, 1, 0
54030, 178, 1, 0
54041, 180, 1, 0
54051, 178, 1, 0
54061, 178, 1, 0
54071, 178, 1, 0
54081, 178, 1, 0
54091, 180, 1, 0
54101, 178, 1, 0
54111, 182, 1, 0
54121, 178, 1, 0
54131, 176, 1, 0
54141, 165, 1, 0
54151, 178, 1, 0
54161, 180, 1, 0
54171, 178, 1, 0
54182, 178, 1, 0
54192, 174, 1, 0
54202, 170, 1, 0
54212, 176, 1, 0
54222, 178, 1, 0
54232, 178, 1, 0
54242, 178, 1, 0
54252, 178, 1, 0
54262, 174, 1, 0
54272, 178, 1, 0
54282, 178, 1, 0
54292, 176, 1, 0
54302, 176, 1, 0
54312, 178, 1, 0
54322, 178, 1, 0
54332, 178, 1, 0
54342, 178, 1, 0
54352, 178, 1, 0
54363, 177, 1, 0
54373, 179, 1, 0
54383, 179, 1, 0
54393, 177, 1, 0
54403, 179, 1, 0
54413, 177, 1, 0
54423, 177, 1, 0
54433, 179, 1, 0
54443, 173, 1, 0
54453, 179, 1, 0
54463, 177, 1, 0
54473, 177, 1, 0
54483, 175, 1, 0
54493, 177, 1, 0
54503, 177, 1, 0
54513, 175, 1, 0
54523, 177, 1, 0
54533, 170, 1, 0
54543, 177, 1, 0
54554, 177, 1, 0
54564, 177, 1, 0
54574, 177, 1, 0
54584, 179, 1, 0
54594, 177, 1, 0
54604, 177, 1, 0
54614, 177, 1, 0
54624, 177, 1, 0
54634, 177, 1, 0
54644, 179, 1, 0
54654, 177, 1, 0
54664, 177, 1, 0
54674, 179, 1, 0
54684, 177, 1, 0
54694, 177, 1, 0
54704, 179, 1, 0
54714, 175, 1, 0
54724, 179, 1, 0
54735, 177, 1, 0
54745, 177, 1, 0
54755, 177, 1, 0
54765, 177, 1, 0
54775, 175, 1, 0
54785, 179, 1, 0
54795, 171, 1, 0
54805, 179, 1, 0
54815, 177, 1, 0
54825, 177, 1, 0
54835, 177, 1, 0
54845, 177, 1, 0
54855, 177, 1, 0
54865, 175, 1, 0
54875, 177, 1, 0
54885, 179, 1, 0
54895, 177, 1, 0
54905, 177, 1, 0
54915, 177, 1, 0
54926, 176, 1, 0
54936, 176, 1, 0
54946, 176, 1, 0
54956, 176, 1, 0
54966, 176, 1, 0
54976, 176, 1, 0
54986, 176, 1, 0
54996, 178, 1, 0
55006, 176, 1, 0
55016, 176, 1, 0
55026, 176, 1, 0
55036, 176, 1, 0
55046, 176, 1, 0
55056, 178, 1, 0
55066, 176, 1, 0
55076, 176, 1, 0
55086, 176, 1, 0
55096, 176, 1, 0
55107, 176, 1, 0
55117, 178, 1, 0
55127, 176, 1, 0
55137, 176, 1, 0
55147, 176, 1, 0
55157, 176, 1, 0
55167, 176, 1, 0
55177, 176, 1, 0
55187, 176, 1, 0
55197, 176, 1, 0
55207, 176, 1, 0
55217, 178, 1, 0
55227, 165, 1, 0
55237, 127, 1, 0
55247, 174, 1, 0
55257, 176, 1, 0
55267, 174, 1, 0
55278, 178, 1, 0
55288, 176, 1, 0
55298, 176, 1, 0
55308, 178, 1, 0
55318, 174, 1, 0
55328, 176, 1, 0
55338, 176, 1, 0
55348, 178, 1, 0
55358, 174, 1, 0
55368, 176, 1, 0
55378, 176, 1, 0
55388, 176, 1, 0
55398, 176, 1, 0
55408, 176, 1, 0
55419, 175, 1, 0
55429, 175, 1, 0
55439, 175, 1, 0
55449, 177, 1, 0
55459, 173, 1, 0
55469, 172, 1, 0
55479, 175, 1, 0
55489, 173, 1, 0
55499, 175, 1, 0
55509, 149, 1, 0
55519, 137, 1, 0
55529, 175, 1, 0
55539, 173, 1, 0
55549, 173, 1, 0
55559, 175, 1, 0
55569, 175, 1, 0
55580, 175, 1, 0
55590, 175, 1, 0
55600, 173, 1, 0
55610, 175, 1, 0
55620, 175, 1, 0
55630, 173, 1, 0
55640, 175, 1, 0
55650, 175, 1, 0
55660, 173, 1, 0
55670, 175, 1, 0
55680, 175, 1, 0
55690, 175, 1, 0
55701, 175, 1, 0
55711, 175, 1, 0
55721, 175, 1, 0
55731, 175, 1, 0
55741, 175, 1, 0
55751, 173, 1, 0
55761, 175, 1, 0
55771, 175, 1, 0
55781, 173, 1, 0
55791, 175, 1, 0
55801, 173, 1, 0
55811, 175, 1, 0
55822, 172, 1, 0
55832, 176, 1, 0
55842, 174, 1, 0
55852, 174, 1, 0
55862, 174, 1, 0
55872, 172, 1, 0
55882, 174, 1, 0
55892, 176, 1, 0
55902, 174, 1, 0
55912, 176, 1, 0
55922, 174, 1, 0
55932, 174, 1, 0
55943, 174, 1, 0
55953, 176, 1, 0
55963, 174, 1, 0
55973, 174, 1, 0
55983, 174, 1, 0
55993, 172, 1, 0
56003, 174, 1, 0
56013, 172, 1, 0
56023, 176, 1, 0
56033, 174, 1, 0
56043, 174, 1, 0
56053, 174, 1, 0
56063, 165, 1, 0
56074, 176, 1, 0
56084, 176, 1, 0
56094, 174, 1, 0
56104, 176, 1, 0
56114, 174, 1, 0
56124, 172, 1, 0
56134, 174, 1, 0
56144, 174, 1, 0
56154, 174, 1, 0
56164, 174, 1, 0
56174, 174, 1, 0
56184, 174, 1, 0
56195, 173, 1, 0
56205, 173, 1, 0
56215, 173, 1, 0
56225, 164, 1, 0
56235, 171, 1, 0
56245, 175, 1, 0
56255, 175, 1, 0
56265, 168, 1, 0
56275, 171, 1, 0
56285, 173, 1, 0
56295, 173, 1, 0
56306, 173, 1, 0
56316, 175, 1, 0
56326, 173, 1, 0
56336, 173, 1, 0
56346, 175, 1, 0
56356, 175, 1, 0
56366, 173, 1, 0
56376, 173, 1, 0
56386, 173, 1, 0
56396, 175, 1, 0
56406, 173, 1, 0
56416, 173, 1, 0
56427, 171, 1, 0
56437, 173, 1, 0
56447, 173, 1, 0
56457, 175, 1, 0
56467, 173, 1, 0
56477, 173, 1, 0
56487, 173, 1, 0
56497, 173, 1, 0
56507, 173, 1, 0
56517, 173, 1, 0
56527, 173, 1, 0
56537, 173, 1, 0
56547, 175, 1, 0
56557, 173, 1, 0
56567, 175, 1, 0
56577, 173, 1, 0
56588, 174, 1, 0
56598, 174, 1, 0
56608, 174, 1, 0
56618, 171, 1, 0
56628, 174, 1, 0
56638, 172, 1, 0
56648, 172, 1, 0
56658, 174, 1, 0
56668, 172, 1, 0
56678, 174, 1, 0
56688, 172, 1, 0
56698, 172, 1, 0
56708, 174, 1, 0
56719, 170, 1, 0
56729, 174, 1, 0
56739, 172, 1, 0
56749, 174, 1, 0
56759, 170, 1, 0
56769, 174, 1, 0
56779, 172, 1, 0
56789, 174, 1, 0
56799, 170, 1, 0
56809, 174, 1, 0
56819, 170, 1, 0
56829, 174, 1, 0
56840, 172, 1, 0
56850, 174, 1, 0
56860, 174, 1, 0
56870, 172, 1, 0
56880, 172, 1, 0
56890, 172, 1, 0
56900, 174, 1, 0
56910, 172, 1, 0
56920, 174, 1, 0
56930, 172, 1, 0
56940, 170, 1, 0
56950, 172, 1, 0
56961, 173, 1, 0
56971, 171, 1, 0
56981, 170, 1, 0
56991, 173, 1, 0
57001, 171, 1, 0
57011, 171, 1, 0
57021, 171, 1, 0
57031, 173, 1, 0
57041, 171, 1, 0
57051, 171, 1, 0
57061, 171, 1, 0
57071, 168, 1, 0
57081, 171, 1, 0
57092, 173, 1, 0
57102, 171, 1, 0
57112, 171, 1, 0
57122, 171, 1, 0
57132, 171, 1, 0
57142, 173, 1, 0
57152, 171, 1, 0
57162, 173, 1, 0
57172, 173, 1, 0
57182, 171, 1, 0
57192, 171, 1, 0
57202, 173, 1, 0
57212, 166, 1, 0
57223, 171, 1, 0
57233, 151, 1, 0
57243, 125, 1, 0
57253, 163, 1, 0
57263, 152, 1, 0
57273, 171, 1, 0
57283, 171, 1, 0
57293, 173, 1, 0
57303, 171, 1, 0
57313, 169, 1, 0
57323, 171, 1, 0
57333, 171, 1, 0
57343, 171, 1, 0
57353, 173, 1, 0
57363, 171, 1, 0
57373, 169, 1, 0
57383, 171, 1, 0
57393, 171, 1, 0
57404, 170, 1, 0
57414, 170, 1, 0
57424, 172, 1, 0
57434, 169, 1, 0
57444, 172, 1, 0
57454, 170, 1, 0
57464, 170, 1, 0
57474, 170, 1, 0
57484, 170, 1, 0
57494, 172, 1, 0
57504, 170, 1, 0
57514, 172, 1, 0
57524, 170, 1, 0
57534, 170, 1, 0
57544, 172, 1, 0
57554, 170, 1, 0
57564, 170, 1, 0
57574, 172, 1, 0
57584, 170, 1, 0
57595, 172, 1, 0
57605, 168, 1, 0
57615, 172, 1, 0
57625, 157, 1, 0
57635, 172, 1, 0
57645, 170, 1, 0
57655, 172, 1, 0
57665, 170, 1, 0
57675, 172, 1, 0
57685, 170, 1, 0
57695, 172, 1, 0
57705, 170, 1, 0
57715, 172, 1, 0
57725, 172, 1, 0
57735, 170, 1, 0
57745, 170, 1, 0
57755, 172, 1, 0
57765, 170, 1, 0
57776, 170, 1, 0
57786, 170, 1, 0
57796, 172, 1, 0
57806, 170, 1, 0
57816, 172, 1, 0
57826, 170, 1, 0
57836, 170, 1, 0
57846, 172, 1, 0
57856, 172, 1, 0
57866, 170, 1, 0
57876, 170, 1, 0
57886, 172, 1, 0
57896, 170, 1, 0
57906, 172, 1, 0
57916, 172, 1, 0
57926, 170, 1, 0
57936, 172, 1, 0
57946, 170, 1, 0
57957, 171, 1, 0
57967, 170, 1, 0
57977, 171, 1, 0
57987, 171, 1, 0
57997, 170, 1, 0
58007, 171, 1, 0
58017, 171, 1, 0
58027, 170, 1, 0
58037, 170, 1, 0
58047, 166, 1, 0
58057, 159, 1, 0
58067, 76, 1, 0
58077, 171, 1, 0
58087, 168, 1, 0
58097, 164, 1, 0
58107, 164, 1, 0
58117, 162, 1, 0
58127, 170, 1, 0
58137, 171, 1, 0
58147, 170, 1, 0
58158, 171, 1, 0
58168, 171, 1, 0
58178, 171, 1, 0
58188, 169, 1, 0
58198, 171, 1, 0
58208, 171, 1, 0
58218, 169, 1, 0
58228, 171, 1, 0
58238, 171, 1, 0
58248, 169, 1, 0
58258, 171, 1, 0
58268, 169, 1, 0
58279, 169, 1, 0
58289, 169, 1, 0
58299, 169, 1, 0
58309, 171, 1, 0
58319, 169, 1, 0
58329, 169, 1, 0
58339, 169, 1, 0
58349, 171, 1, 0
58359, 171, 1, 0
58369, 169, 1, 0
58379, 171, 1, 0
58389, 171, 1, 0
58400, 169, 1, 0
58410, 170, 1, 0
58420, 170, 1, 0
58430, 169, 1, 0
58440, 170, 1, 0
58450, 167, 1, 0
58460, 169, 1, 0
58470, 169, 1, 0
58480, 170, 1, 0
58490, 169, 1, 0
58500, 170, 1, 0
58510, 170, 1, 0
58520, 169, 1, 0
58530, 169, 1, 0
58540, 169, 1, 0
58550, 169, 1, 0
58561, 170, 1, 0
58571, 168, 1, 0
58581, 168, 1, 0
58591, 170, 1, 0
58601, 168, 1, 0
58611, 168, 1, 0
58621, 168, 1, 0
58631, 168, 1, 0
58641, 170, 1, 0
58651, 170, 1, 0
58661, 168, 1, 0
58671, 168, 1, 0
58681, 170, 1, 0
58691, 168, 1, 0
58701, 168, 1, 0
58711, 170, 1, 0
58721, 168, 1, 0
58731, 170, 1, 0
58742, 168, 1, 0
58752, 170, 1, 0
58762, 117, 1, 0
58772, 157, 1, 0
58782, 166, 1, 0
58792, 164, 1, 0
58802, 170, 1, 0
58812, 168, 1, 0
58822, 170, 1, 0
58832, 168, 1, 0
58842, 168, 1, 0
58852, 168, 1, 0
58862, 170, 1, 0
58872, 168, 1, 0
58882, 170, 1, 0
58892, 168, 1, 0
58902, 168, 1, 0
58912, 170, 1, 0
58923, 166, 1, 0
58933, 168, 1, 0
58943, 168, 1, 0
58953, 169, 1, 0
58963, 169, 1, 0
58973, 168, 1, 0
58983, 168, 1, 0
58993, 168, 1, 0
59003, 169, 1, 0
59013, 168, 1, 0
59023, 168, 1, 0
59033, 168, 1, 0
59043, 168, 1, 0
59053, 168, 1, 0
59063, 169, 1, 0
59073, 169, 1, 0
59083, 168, 1, 0
59093, 168, 1, 0
59104, 169, 1, 0
59114, 167, 1, 0
59124, 167, 1, 0
59134, 169, 1, 0
59144, 166, 1, 0
59154, 167, 1, 0
59164, 169, 1, 0
59177, 217, 1, 0
59187, 168, 1, 0
59197, 166, 1, 0
59207, 168, 1, 0
59217, 168, 1, 0
59227, 166, 1, 0
59237, 166, 1, 0
59247, 166, 1, 0
59257, 166, 1, 0
59268, 168, 1, 0
59278, 166, 1, 0
59288, 164, 1, 0
59298, 168, 1, 0
59308, 164, 1, 0
59318, 166, 1, 0
59328, 168, 1, 0
59338, 166, 1, 0
59348, 168, 1, 0
59358, 168, 1, 0
59368, 166, 1, 0
59378, 168, 1, 0
59388, 168, 1, 0
59399, 168, 1, 0
59409, 166, 1, 0
59419, 168, 1, 0
59429, 168, 1, 0
59439, 166, 1, 0
59449, 168, 1, 0
59459, 168, 1, 0
59469, 166, 1, 0
59479, 168, 1, 0
59489, 168, 1, 0
59499, 168, 1, 0
59509, 166, 1, 0
59520, 167, 1, 0
59530, 167, 1, 0
59540, 167, 1, 0
59550, 166, 1, 0
59560, 167, 1, 0
59570, 167, 1, 0
59580, 166, 1, 0
59590, 167, 1, 0
59600, 166, 1, 0
59610, 167, 1, 0
59620, 166, 1, 0
59630, 166, 1, 0
59640, 166, 1, 0
59651, 165, 1, 0
59661, 167, 1, 0
59671, 163, 1, 0
59681, 165, 1, 0
59691, 167, 1, 0
59701, 165, 1, 0
59711, 167, 1, 0
59721, 165, 1, 0
59731, 167, 1, 0
59741, 165, 1, 0
59751, 167, 1, 0
59761, 165, 1, 0
59771, 165, 1, 0
59781, 167, 1, 0
59791, 167, 1, 0
59802, 165, 1, 0
59812, 165, 1, 0
59822, 167, 1, 0
59832, 167, 1, 0
59842, 165, 1, 0
59852, 167, 1, 0
59862, 165, 1, 0
59872, 165, 1, 0
59882, 167, 1, 0
59892, 165, 1, 0
59902, 167, 1, 0
59912, 167, 1, 0
59922, 165, 1, 0
59932, 167, 1, 0
59942, 165, 1, 0
59952, 165, 1, 0
59963, 165, 1, 0
59973, 166, 1, 0
59983, 165, 1, 0
59993, 166, 1, 0
