1000, 107742, 1, 0
2000, 107738, 1, 0
3000, 107620, 1, 0
4000, 108109, 1, 0
5000, 107139, 1, 0
6000, 108749, 1, 0
7000, 107419, 1, 0
8000, 107461, 1, 0
9000, 107787, 1, 0
10000, 107893, 1, 0
11000, 107987, 1, 0
12000, 107555, 1, 0
13000, 107384, 1, 0
14000, 108660, 1, 0
15000, 107283, 1, 0
16000, 108709, 1, 0
17000, 107580, 1, 0
18000, 107618, 1, 0
19000, 107823, 1, 0
20000, 108390, 1, 0
21000, 107480, 1, 0
22000, 107322, 1, 0
23000, 108209, 1, 0
24000, 108858, 1, 0
25000, 107634, 1, 0
26000, 109660, 1, 0
27000, 107531, 1, 0
28000, 107836, 1, 0
29000, 108165, 1, 0
30000, 108226, 1, 0
31000, 107540, 1, 0
32000, 107954, 1, 0
33000, 108103, 1, 0
34000, 109057, 1, 0
35000, 107484, 1, 0
36000, 108360, 1, 0
37000, 107556, 1, 0
38000, 107415, 1, 0
39000, 107463, 1, 0
40000, 109009, 1, 0
41000, 107643, 1, 0
42000, 107422, 1, 0
43000, 107402, 1, 0
44000, 108068, 1, 0
45000, 107427, 1, 0
46000, 107905, 1, 0
47000, 107481, 1, 0
48000, 107479, 1, 0
49000, 107295, 1, 0
50000, 108453, 1, 0
51000, 107356, 1, 0
52000, 107309, 1, 0
53000, 107254, 1, 0
54000, 107753, 1, 0
55000, 106415, 1, 0
56000, 107135, 1, 0
57000, 106495, 1, 0
58000, 106449, 1, 0
59000, 106365, 1, 0
60000, 106704, 1, 0
