1001, 36103, 1, 0
2000, 36168, 1, 0
3000, 36032, 1, 0
4000, 36448, 1, 0
5000, 36640, 1, 0
6000, 36044, 1, 0
7000, 36212, 1, 0
8000, 36396, 1, 0
9000, 36372, 1, 0
10000, 36536, 1, 0
11000, 36540, 1, 0
12000, 36380, 1, 0
13000, 36016, 1, 0
14000, 36220, 1, 0
15000, 36312, 1, 0
16000, 36188, 1, 0
17000, 35920, 1, 0
18000, 36452, 1, 0
19000, 36544, 1, 0
20000, 36228, 1, 0
21000, 36052, 1, 0
22000, 36124, 1, 0
23000, 36096, 1, 0
24000, 36324, 1, 0
25000, 36384, 1, 0
26000, 36056, 1, 0
27000, 35784, 1, 0
28000, 36536, 1, 0
29000, 36320, 1, 0
30000, 36084, 1, 0
31000, 36092, 1, 0
32000, 35612, 1, 0
33000, 35508, 1, 0
34000, 35936, 1, 0
35000, 35916, 1, 0
36000, 35992, 1, 0
37000, 35704, 1, 0
38000, 36348, 1, 0
39001, 36151, 1, 0
40000, 35928, 1, 0
41000, 36184, 1, 0
42000, 20248, 1, 0
43000, 19700, 1, 0
44000, 20760, 1, 0
45000, 24300, 1, 0
46000, 22028, 1, 0
47000, 19744, 1, 0
48000, 22404, 1, 0
49001, 15892, 1, 0
50000, 21736, 1, 0
51000, 25144, 1, 0
52000, 21248, 1, 0
53000, 20836, 1, 0
54000, 18800, 1, 0
55000, 16508, 1, 0
56000, 15820, 1, 0
57000, 15400, 1, 0
58000, 16980, 1, 0
59000, 17236, 1, 0
60000, 17324, 1, 0
