1000, 109754, 1, 0
2000, 109332, 1, 0
3000, 109403, 1, 0
4000, 110278, 1, 0
5000, 109934, 1, 0
6000, 110463, 1, 0
7000, 109540, 1, 0
8000, 109176, 1, 0
9000, 108285, 1, 0
10000, 109661, 1, 0
11000, 109466, 1, 0
12000, 109599, 1, 0
13000, 109993, 1, 0
14000, 109478, 1, 0
15000, 109309, 1, 0
16000, 109637, 1, 0
17000, 109887, 1, 0
18000, 108724, 1, 0
19000, 108242, 1, 0
20000, 109498, 1, 0
21000, 109928, 1, 0
22000, 109674, 1, 0
23000, 109950, 1, 0
24000, 109205, 1, 0
25000, 108960, 1, 0
26000, 109423, 1, 0
27000, 109891, 1, 0
28000, 108823, 1, 0
29000, 108984, 1, 0
30000, 109226, 1, 0
31000, 109609, 1, 0
32000, 110585, 1, 0
33000, 111340, 1, 0
34000, 110224, 1, 0
35000, 110375, 1, 0
36000, 111087, 1, 0
37000, 110917, 1, 0
38000, 109360, 1, 0
39000, 109408, 1, 0
40000, 110820, 1, 0
41000, 109775, 1, 0
42000, 176596, 1, 0
43000, 225769, 1, 0
44006, 194537, 1, 0
45000, 160481, 1, 0
46001, 191259, 1, 0
47000, 192867, 1, 0
48000, 173758, 1, 0
49010, 227284, 1, 0
50000, 188601, 1, 0
51015, 157187, 1, 0
52000, 190294, 1, 0
53000, 189892, 1, 0
54000, 200443, 1, 0
55000, 245726, 1, 0
56000, 263074, 1, 0
57012, 269394, 1, 0
58012, 226655, 1, 0
59004, 213930, 1, 0
60000, 228091, 1, 0
