1000, 5598, 1, 0
2000, 5780, 1, 0
3000, 5627, 1, 0
4000, 5600, 1, 0
5000, 5586, 1, 0
6000, 5593, 1, 0
7000, 5632, 1, 0
8000, 5574, 1, 0
9000, 5582, 1, 0
10000, 5574, 1, 0
11000, 5625, 1, 0
12000, 5630, 1, 0
13000, 5552, 1, 0
14000, 5547, 1, 0
15000, 5631, 1, 0
16000, 5537, 1, 0
17000, 5630, 1, 0
18000, 5600, 1, 0
19000, 5621, 1, 0
20000, 5571, 1, 0
21000, 5572, 1, 0
22000, 5631, 1, 0
23000, 5571, 1, 0
24000, 5578, 1, 0
25000, 5623, 1, 0
26000, 5612, 1, 0
27000, 5673, 1, 0
28000, 5571, 1, 0
29000, 5559, 1, 0
30000, 5565, 1, 0
31000, 5563, 1, 0
32000, 5674, 1, 0
33000, 5610, 1, 0
34000, 5569, 1, 0
35000, 5684, 1, 0
36000, 5541, 1, 0
37000, 5641, 1, 0
38000, 5586, 1, 0
39000, 5588, 1, 0
40000, 5577, 1, 0
41000, 5735, 1, 0
42000, 5545, 1, 0
43000, 5509, 1, 0
44000, 5546, 1, 0
45000, 5573, 1, 0
46000, 5521, 1, 0
47000, 5564, 1, 0
48000, 5543, 1, 0
49000, 5505, 1, 0
50000, 5595, 1, 0
51000, 5573, 1, 0
52000, 5603, 1, 0
53000, 5659, 1, 0
54000, 5593, 1, 0
55000, 5614, 1, 0
56000, 5550, 1, 0
57000, 5560, 1, 0
58000, 5560, 1, 0
59000, 5509, 1, 0
60000, 5559, 1, 0
