1000, 5539, 1, 0
2000, 5721, 1, 0
3000, 5569, 1, 0
4000, 5540, 1, 0
5000, 5527, 1, 0
6000, 5534, 1, 0
7000, 5573, 1, 0
8000, 5514, 1, 0
9000, 5523, 1, 0
10000, 5515, 1, 0
11000, 5566, 1, 0
12000, 5559, 1, 0
13000, 5494, 1, 0
14000, 5489, 1, 0
15000, 5572, 1, 0
16000, 5479, 1, 0
17000, 5571, 1, 0
18000, 5542, 1, 0
19000, 5563, 1, 0
20000, 5514, 1, 0
21000, 5514, 1, 0
22000, 5572, 1, 0
23000, 5513, 1, 0
24000, 5519, 1, 0
25000, 5564, 1, 0
26000, 5553, 1, 0
27000, 5615, 1, 0
28000, 5513, 1, 0
29000, 5500, 1, 0
30000, 5507, 1, 0
31000, 5504, 1, 0
32000, 5614, 1, 0
33000, 5551, 1, 0
34000, 5511, 1, 0
35000, 5625, 1, 0
36000, 5483, 1, 0
37000, 5582, 1, 0
38000, 5528, 1, 0
39000, 5530, 1, 0
40000, 5519, 1, 0
41000, 5676, 1, 0
42000, 5485, 1, 0
43000, 5449, 1, 0
44000, 5487, 1, 0
45000, 5513, 1, 0
46000, 5461, 1, 0
47000, 5505, 1, 0
48000, 5483, 1, 0
49000, 5445, 1, 0
50000, 5535, 1, 0
51000, 5513, 1, 0
52000, 5542, 1, 0
53000, 5598, 1, 0
54000, 5534, 1, 0
55000, 5555, 1, 0
56000, 5490, 1, 0
57000, 5500, 1, 0
58000, 5500, 1, 0
59000, 5449, 1, 0
60000, 5500, 1, 0
