1115, 67978, 1, 0
2115, 61316, 1, 0
3116, 61544, 1, 0
4115, 60376, 1, 0
5115, 61625, 1, 0
6116, 61394, 1, 0
7115, 61384, 1, 0
8115, 61646, 1, 0
9116, 60824, 1, 0
10115, 61635, 1, 0
11115, 62048, 1, 0
12116, 61387, 1, 0
13116, 61813, 1, 0
14115, 60534, 1, 0
15116, 61921, 1, 0
16115, 61668, 1, 0
17115, 61381, 1, 0
18115, 61707, 1, 0
19116, 61845, 1, 0
20115, 61890, 1, 0
21116, 62082, 1, 0
22116, 61602, 1, 0
23115, 61653, 1, 0
24115, 61144, 1, 0
25116, 61763, 1, 0
26116, 61713, 1, 0
27115, 61585, 1, 0
28116, 61777, 1, 0
29116, 61774, 1, 0
30115, 62023, 1, 0
31000, 43592, 1, 0
32000, 39808, 1, 0
33000, 40040, 1, 0
34000, 50876, 1, 0
35000, 40052, 1, 0
36000, 39936, 1, 0
37000, 50356, 1, 0
38000, 39828, 1, 0
39000, 39900, 1, 0
40000, 50152, 1, 0
41000, 40008, 1, 0
42000, 39948, 1, 0
43000, 50520, 1, 0
44000, 39396, 1, 0
45000, 39948, 1, 0
46000, 50528, 1, 0
47000, 39864, 1, 0
48000, 39880, 1, 0
49000, 50428, 1, 0
50000, 39876, 1, 0
51000, 39928, 1, 0
52000, 51104, 1, 0
53001, 39956, 1, 0
54000, 39720, 1, 0
55000, 51228, 1, 0
56000, 39840, 1, 0
57000, 39832, 1, 0
58000, 51252, 1, 0
59000, 39588, 1, 0
