1000, 605, 1, 0
2000, 604, 1, 0
3001, 604, 1, 0
4000, 604, 1, 0
5000, 606, 1, 0
6000, 604, 1, 0
7000, 605, 1, 0
8000, 605, 1, 0
9000, 604, 1, 0
10000, 607, 1, 0
11000, 605, 1, 0
12000, 611, 1, 0
13000, 606, 1, 0
14000, 604, 1, 0
15001, 604, 1, 0
16000, 599, 1, 0
17000, 604, 1, 0
18000, 603, 1, 0
19000, 603, 1, 0
20000, 602, 1, 0
21000, 604, 1, 0
22000, 606, 1, 0
23000, 615, 1, 0
24000, 611, 1, 0
25000, 604, 1, 0
26000, 604, 1, 0
27000, 605, 1, 0
28000, 603, 1, 0
29000, 604, 1, 0
30000, 606, 1, 0
