1, 572460, 1, 0
2, 584088, 1, 0
3, 589322, 1, 0
4, 590157, 1, 0
5, 585898, 1, 0
6, 586653, 1, 0
7, 598501, 1, 0
8, 584960, 1, 0
9, 554352, 1, 0
10, 584169, 1, 0
11, 595349, 1, 0
12, 531496, 1, 0
13, 584348, 1, 0
14, 591909, 1, 0
15, 530910, 1, 0
16, 550002, 1, 0
17, 586086, 1, 0
18, 570734, 1, 0
19, 533185, 1, 0
20, 546641, 1, 0
21, 583355, 1, 0
22, 588485, 1, 0
23, 596546, 1, 0
24, 586625, 1, 0
25, 591632, 1, 0
26, 572434, 1, 0
27, 537051, 1, 0
28, 570174, 1, 0
29, 558650, 1, 0
30, 570999, 1, 0
31, 578768, 1, 0
32, 557895, 1, 0
33, 555384, 1, 0
34, 555148, 1, 0
35, 562572, 1, 0
36, 557901, 1, 0
37, 558145, 1, 0
38, 555875, 1, 0
39, 554605, 1, 0
40, 567110, 1, 0
41, 595707, 1, 0
42, 589653, 1, 0
43, 590828, 1, 0
44, 586739, 1, 0
45, 588347, 1, 0
46, 553903, 1, 0
47, 577879, 1, 0
48, 590519, 1, 0
49, 587409, 1, 0
50, 589834, 1, 0
51, 589967, 1, 0
52, 571042, 1, 0
53, 554178, 1, 0
54, 585951, 1, 0
55, 589059, 1, 0
56, 592809, 1, 0
57, 592630, 1, 0
58, 589473, 1, 0
59, 589870, 1, 0
60, 590473, 1, 0
61, 588319, 1, 0
62, 588728, 1, 0
63, 586605, 1, 0
64, 586687, 1, 0
65, 589897, 1, 0
66, 588819, 1, 0
67, 596210, 1, 0
68, 587544, 1, 0
69, 588193, 1, 0
70, 583905, 1, 0
71, 557906, 1, 0
72, 554364, 1, 0
73, 583876, 1, 0
74, 584304, 1, 0
75, 587479, 1, 0
76, 588689, 1, 0
77, 584177, 1, 0
78, 589578, 1, 0
79, 588010, 1, 0
80, 586006, 1, 0
81, 585686, 1, 0
82, 587345, 1, 0
83, 586202, 1, 0
84, 587716, 1, 0
85, 586997, 1, 0
86, 584384, 1, 0
87, 568888, 1, 0
88, 551462, 1, 0
89, 569029, 1, 0
90, 586502, 1, 0
91, 587513, 1, 0
92, 592827, 1, 0
93, 589565, 1, 0
94, 567960, 1, 0
95, 548728, 1, 0
96, 584862, 1, 0
97, 587227, 1, 0
98, 586521, 1, 0
99, 556384, 1, 0
100, 587280, 1, 0
101, 587487, 1, 0
102, 551660, 1, 0
103, 566416, 1, 0
104, 555888, 1, 0
105, 591026, 1, 0
106, 588283, 1, 0
107, 595106, 1, 0
108, 588342, 1, 0
109, 588475, 1, 0
110, 590925, 1, 0
111, 586102, 1, 0
112, 588172, 1, 0
113, 590385, 1, 0
114, 585640, 1, 0
115, 586889, 1, 0
116, 576832, 1, 0
117, 595519, 1, 0
118, 576495, 1, 0
119, 554021, 1, 0
120, 588565, 1, 0
121, 587276, 1, 0
122, 590338, 1, 0
123, 597241, 1, 0
124, 585613, 1, 0
125, 589751, 1, 0
126, 585316, 1, 0
127, 617556, 1, 0
128, 588732, 1, 0
129, 571349, 1, 0
130, 554083, 1, 0
131, 560326, 1, 0
132, 589897, 1, 0
133, 556376, 1, 0
134, 588020, 1, 0
135, 573257, 1, 0
136, 587207, 1, 0
137, 584975, 1, 0
138, 591057, 1, 0
139, 585453, 1, 0
140, 586549, 1, 0
141, 589846, 1, 0
142, 555773, 1, 0
143, 575185, 1, 0
144, 581673, 1, 0
145, 586903, 1, 0
146, 564535, 1, 0
147, 572211, 1, 0
148, 559784, 1, 0
149, 551791, 1, 0
150, 581744, 1, 0
151, 589795, 1, 0
152, 588775, 1, 0
153, 585960, 1, 0
154, 568504, 1, 0
155, 548258, 1, 0
156, 568293, 1, 0
157, 557019, 1, 0
158, 586632, 1, 0
159, 548827, 1, 0
160, 558338, 1, 0
161, 594159, 1, 0
162, 587401, 1, 0
163, 591473, 1, 0
164, 551775, 1, 0
165, 553455, 1, 0
166, 594136, 1, 0
167, 585054, 1, 0
168, 550302, 1, 0
169, 583563, 1, 0
170, 585072, 1, 0
171, 581435, 1, 0
172, 571602, 1, 0
173, 585996, 1, 0
174, 587750, 1, 0
175, 601833, 1, 0
176, 589839, 1, 0
177, 587088, 1, 0
178, 585409, 1, 0
179, 587344, 1, 0
180, 588729, 1, 0
181, 585975, 1, 0
182, 593315, 1, 0
183, 576219, 1, 0
184, 585343, 1, 0
185, 589023, 1, 0
186, 535100, 1, 0
187, 583098, 1, 0
188, 570956, 1, 0
189, 583351, 1, 0
190, 516745, 1, 0
191, 584025, 1, 0
192, 598255, 1, 0
193, 584975, 1, 0
194, 515753, 1, 0
195, 584715, 1, 0
196, 566729, 1, 0
197, 581958, 1, 0
198, 535155, 1, 0
199, 584326, 1, 0
200, 585468, 1, 0
201, 588529, 1, 0
202, 541001, 1, 0
203, 587439, 1, 0
204, 586737, 1, 0
205, 585376, 1, 0
206, 555531, 1, 0
207, 571271, 1, 0
208, 588176, 1, 0
209, 585379, 1, 0
210, 552461, 1, 0
211, 565504, 1, 0
212, 546939, 1, 0
213, 529517, 1, 0
214, 548351, 1, 0
215, 585015, 1, 0
216, 590015, 1, 0
217, 570546, 1, 0
218, 552117, 1, 0
219, 550101, 1, 0
220, 533553, 1, 0
221, 515156, 1, 0
222, 514729, 1, 0
223, 546440, 1, 0
224, 546565, 1, 0
225, 548096, 1, 0
226, 557913, 1, 0
227, 568595, 1, 0
228, 570306, 1, 0
229, 554297, 1, 0
230, 555638, 1, 0
231, 585070, 1, 0
232, 584841, 1, 0
233, 591553, 1, 0
234, 554345, 1, 0
235, 569998, 1, 0
236, 547796, 1, 0
237, 533230, 1, 0
238, 554033, 1, 0
239, 585339, 1, 0
240, 587926, 1, 0
241, 586456, 1, 0
242, 555058, 1, 0
243, 585188, 1, 0
244, 549334, 1, 0
245, 531149, 1, 0
246, 548881, 1, 0
247, 541682, 1, 0
248, 550815, 1, 0
249, 551188, 1, 0
250, 567224, 1, 0
251, 627090, 1, 0
252, 585655, 1, 0
253, 595496, 1, 0
254, 587704, 1, 0
255, 586518, 1, 0
256, 585987, 1, 0
257, 585676, 1, 0
258, 589104, 1, 0
259, 553693, 1, 0
260, 600440, 1, 0
261, 622305, 1, 0
262, 567495, 1, 0
263, 547664, 1, 0
264, 551288, 1, 0
265, 545349, 1, 0
266, 545763, 1, 0
267, 554560, 1, 0
268, 567187, 1, 0
269, 565228, 1, 0
270, 585336, 1, 0
271, 586304, 1, 0
272, 569420, 1, 0
273, 548930, 1, 0
274, 583306, 1, 0
275, 550520, 1, 0
276, 550856, 1, 0
277, 549831, 1, 0
278, 569150, 1, 0
279, 596832, 1, 0
280, 600958, 1, 0
281, 588348, 1, 0
282, 585061, 1, 0
283, 591238, 1, 0
284, 585926, 1, 0
285, 584490, 1, 0
286, 585571, 1, 0
287, 571216, 1, 0
288, 553341, 1, 0
289, 592960, 1, 0
290, 585612, 1, 0
291, 589466, 1, 0
292, 585299, 1, 0
293, 588729, 1, 0
294, 585726, 1, 0
295, 553536, 1, 0
296, 586820, 1, 0
297, 574936, 1, 0
298, 591560, 1, 0
299, 605027, 1, 0
300, 592244, 1, 0
301, 589448, 1, 0
302, 586889, 1, 0
303, 589820, 1, 0
304, 588684, 1, 0
305, 586689, 1, 0
306, 585009, 1, 0
307, 569605, 1, 0
308, 571201, 1, 0
309, 571898, 1, 0
310, 586072, 1, 0
311, 586605, 1, 0
312, 600421, 1, 0
313, 592787, 1, 0
314, 589449, 1, 0
315, 587342, 1, 0
316, 550599, 1, 0
317, 563933, 1, 0
318, 596558, 1, 0
319, 536564, 1, 0
320, 552654, 1, 0
321, 549372, 1, 0
322, 548319, 1, 0
323, 588948, 1, 0
324, 559990, 1, 0
325, 605859, 1, 0
326, 570514, 1, 0
327, 590882, 1, 0
328, 587249, 1, 0
329, 535944, 1, 0
330, 588614, 1, 0
331, 587400, 1, 0
332, 549798, 1, 0
333, 515995, 1, 0
334, 589705, 1, 0
335, 573302, 1, 0
336, 587393, 1, 0
337, 556061, 1, 0
338, 544117, 1, 0
339, 587529, 1, 0
340, 576799, 1, 0
341, 593457, 1, 0
342, 534901, 1, 0
343, 586442, 1, 0
344, 586287, 1, 0
345, 589396, 1, 0
346, 551615, 1, 0
347, 554715, 1, 0
348, 580076, 1, 0
349, 588452, 1, 0
350, 550023, 1, 0
351, 571374, 1, 0
352, 589831, 1, 0
353, 587741, 1, 0
354, 586960, 1, 0
355, 600898, 1, 0
356, 566709, 1, 0
357, 589638, 1, 0
358, 587233, 1, 0
359, 558852, 1, 0
360, 589335, 1, 0
361, 592925, 1, 0
362, 586768, 1, 0
363, 570317, 1, 0
364, 589235, 1, 0
365, 587432, 1, 0
366, 595880, 1, 0
367, 587685, 1, 0
368, 586384, 1, 0
369, 590951, 1, 0
370, 593964, 1, 0
371, 586036, 1, 0
372, 586776, 1, 0
373, 589673, 1, 0
374, 589122, 1, 0
375, 625283, 1, 0
376, 591993, 1, 0
377, 587253, 1, 0
378, 588320, 1, 0
379, 593497, 1, 0
380, 587105, 1, 0
381, 591298, 1, 0
382, 588424, 1, 0
383, 591348, 1, 0
384, 589067, 1, 0
385, 596142, 1, 0
386, 587268, 1, 0
387, 560374, 1, 0
388, 544114, 1, 0
389, 563798, 1, 0
390, 586907, 1, 0
391, 575359, 1, 0
392, 589388, 1, 0
393, 588481, 1, 0
394, 587148, 1, 0
395, 564605, 1, 0
396, 548935, 1, 0
397, 516044, 1, 0
398, 553542, 1, 0
399, 588294, 1, 0
400, 587997, 1, 0
401, 593448, 1, 0
402, 588197, 1, 0
403, 554331, 1, 0
404, 564471, 1, 0
405, 590452, 1, 0
406, 594263, 1, 0
407, 576407, 1, 0
408, 552646, 1, 0
409, 569255, 1, 0
410, 587965, 1, 0
411, 588832, 1, 0
412, 562123, 1, 0
413, 586348, 1, 0
414, 587463, 1, 0
415, 565379, 1, 0
416, 571108, 1, 0
417, 571379, 1, 0
418, 584850, 1, 0
419, 595477, 1, 0
420, 589695, 1, 0
421, 590156, 1, 0
422, 586713, 1, 0
423, 573473, 1, 0
424, 589677, 1, 0
425, 587872, 1, 0
426, 588737, 1, 0
427, 586558, 1, 0
428, 591781, 1, 0
429, 588541, 1, 0
430, 587169, 1, 0
431, 579661, 1, 0
432, 587753, 1, 0
433, 590921, 1, 0
434, 588697, 1, 0
435, 623630, 1, 0
436, 588193, 1, 0
437, 590223, 1, 0
438, 577033, 1, 0
439, 597387, 1, 0
440, 589356, 1, 0
441, 586095, 1, 0
442, 587865, 1, 0
443, 557040, 1, 0
444, 588923, 1, 0
445, 588756, 1, 0
446, 587148, 1, 0
447, 572279, 1, 0
448, 586481, 1, 0
449, 590648, 1, 0
450, 590354, 1, 0
451, 586427, 1, 0
452, 558834, 1, 0
453, 586717, 1, 0
454, 589855, 1, 0
455, 626552, 1, 0
456, 590144, 1, 0
457, 586424, 1, 0
458, 589301, 1, 0
459, 593114, 1, 0
460, 587061, 1, 0
461, 587237, 1, 0
462, 586408, 1, 0
463, 586374, 1, 0
464, 592498, 1, 0
465, 588487, 1, 0
466, 587278, 1, 0
467, 572835, 1, 0
468, 574995, 1, 0
469, 587176, 1, 0
470, 588453, 1, 0
471, 592388, 1, 0
472, 595288, 1, 0
473, 588160, 1, 0
474, 585882, 1, 0
475, 566381, 1, 0
476, 556636, 1, 0
477, 592371, 1, 0
478, 559418, 1, 0
479, 581153, 1, 0
480, 549197, 1, 0
481, 551978, 1, 0
482, 566860, 1, 0
483, 588675, 1, 0
484, 585869, 1, 0
485, 588199, 1, 0
486, 593197, 1, 0
487, 624924, 1, 0
488, 586453, 1, 0
489, 588860, 1, 0
490, 556375, 1, 0
491, 587220, 1, 0
492, 593824, 1, 0
493, 576955, 1, 0
494, 545191, 1, 0
495, 567014, 1, 0
496, 587336, 1, 0
497, 589337, 1, 0
498, 559618, 1, 0
499, 556984, 1, 0
500, 568574, 1, 0
501, 536707, 1, 0
502, 552707, 1, 0
503, 576744, 1, 0
504, 591111, 1, 0
505, 571908, 1, 0
506, 556184, 1, 0
507, 587251, 1, 0
508, 586859, 1, 0
509, 591952, 1, 0
510, 554970, 1, 0
511, 586924, 1, 0
512, 589051, 1, 0
513, 596901, 1, 0
514, 554651, 1, 0
515, 588754, 1, 0
516, 591965, 1, 0
517, 589390, 1, 0
518, 551369, 1, 0
519, 572335, 1, 0
520, 555572, 1, 0
521, 549513, 1, 0
522, 515947, 1, 0
523, 547966, 1, 0
524, 548319, 1, 0
525, 548896, 1, 0
526, 515526, 1, 0
527, 566920, 1, 0
528, 589623, 1, 0
529, 551849, 1, 0
530, 550699, 1, 0
531, 554133, 1, 0
532, 515417, 1, 0
533, 548795, 1, 0
534, 550851, 1, 0
535, 570101, 1, 0
536, 606450, 1, 0
537, 558340, 1, 0
538, 558471, 1, 0
539, 520889, 1, 0
540, 514346, 1, 0
541, 531185, 1, 0
542, 560570, 1, 0
543, 557288, 1, 0
544, 550502, 1, 0
545, 551256, 1, 0
546, 555763, 1, 0
547, 553510, 1, 0
548, 550948, 1, 0
549, 533186, 1, 0
550, 509830, 1, 0
551, 510016, 1, 0
552, 509916, 1, 0
553, 548223, 1, 0
554, 554666, 1, 0
555, 534340, 1, 0
556, 551420, 1, 0
557, 533627, 1, 0
558, 551079, 1, 0
559, 535025, 1, 0
560, 532876, 1, 0
561, 550670, 1, 0
562, 550464, 1, 0
563, 550808, 1, 0
564, 550499, 1, 0
565, 552923, 1, 0
566, 550407, 1, 0
567, 576957, 1, 0
568, 551002, 1, 0
569, 550875, 1, 0
570, 552735, 1, 0
571, 550704, 1, 0
572, 550675, 1, 0
573, 550924, 1, 0
574, 552617, 1, 0
575, 556828, 1, 0
576, 554083, 1, 0
577, 549821, 1, 0
578, 548831, 1, 0
579, 530856, 1, 0
580, 510067, 1, 0
581, 549465, 1, 0
582, 556753, 1, 0
583, 563865, 1, 0
584, 549970, 1, 0
585, 550883, 1, 0
586, 550159, 1, 0
587, 550413, 1, 0
588, 550078, 1, 0
589, 550136, 1, 0
590, 551745, 1, 0
591, 513928, 1, 0
592, 510648, 1, 0
593, 550550, 1, 0
594, 550216, 1, 0
595, 513705, 1, 0
596, 510720, 1, 0
597, 547307, 1, 0
598, 550369, 1, 0
599, 551768, 1, 0
600, 552377, 1, 0
601, 550451, 1, 0
602, 550494, 1, 0
603, 550942, 1, 0
604, 550647, 1, 0
605, 550427, 1, 0
606, 550269, 1, 0
607, 572415, 1, 0
608, 551074, 1, 0
609, 550673, 1, 0
610, 550575, 1, 0
611, 552783, 1, 0
612, 550940, 1, 0
613, 550731, 1, 0
614, 550468, 1, 0
615, 550570, 1, 0
616, 553293, 1, 0
617, 553257, 1, 0
618, 550876, 1, 0
619, 550257, 1, 0
620, 551516, 1, 0
621, 553090, 1, 0
622, 552129, 1, 0
623, 550956, 1, 0
624, 551908, 1, 0
625, 550987, 1, 0
626, 512141, 1, 0
627, 529963, 1, 0
628, 538112, 1, 0
629, 546902, 1, 0
630, 552599, 1, 0
631, 553925, 1, 0
632, 551514, 1, 0
633, 553358, 1, 0
634, 551072, 1, 0
635, 553407, 1, 0
636, 551916, 1, 0
637, 532605, 1, 0
638, 553021, 1, 0
639, 550813, 1, 0
640, 550977, 1, 0
641, 551668, 1, 0
642, 551437, 1, 0
643, 550741, 1, 0
644, 550888, 1, 0
645, 550585, 1, 0
646, 514819, 1, 0
647, 512433, 1, 0
648, 515949, 1, 0
649, 534381, 1, 0
650, 549633, 1, 0
651, 516005, 1, 0
652, 510098, 1, 0
653, 547566, 1, 0
654, 547201, 1, 0
655, 521904, 1, 0
656, 512089, 1, 0
657, 550385, 1, 0
658, 554384, 1, 0
659, 512252, 1, 0
660, 509760, 1, 0
661, 550220, 1, 0
662, 548931, 1, 0
663, 530008, 1, 0
664, 510139, 1, 0
665, 548166, 1, 0
666, 550922, 1, 0
667, 551163, 1, 0
668, 554458, 1, 0
669, 550480, 1, 0
670, 550810, 1, 0
671, 554858, 1, 0
672, 551183, 1, 0
673, 550786, 1, 0
674, 550329, 1, 0
675, 550638, 1, 0
676, 550936, 1, 0
677, 552034, 1, 0
678, 550288, 1, 0
679, 531260, 1, 0
680, 550800, 1, 0
681, 550977, 1, 0
682, 532683, 1, 0
683, 549290, 1, 0
684, 551025, 1, 0
685, 551027, 1, 0
686, 552810, 1, 0
687, 531512, 1, 0
688, 552326, 1, 0
689, 551127, 1, 0
690, 549894, 1, 0
691, 535889, 1, 0
692, 550677, 1, 0
693, 551726, 1, 0
694, 551187, 1, 0
695, 553708, 1, 0
696, 552563, 1, 0
697, 541617, 1, 0
698, 531317, 1, 0
699, 550281, 1, 0
700, 550353, 1, 0
701, 550617, 1, 0
702, 550771, 1, 0
703, 535262, 1, 0
704, 550740, 1, 0
705, 555235, 1, 0
706, 550033, 1, 0
707, 568266, 1, 0
708, 550768, 1, 0
709, 550539, 1, 0
710, 550800, 1, 0
711, 554259, 1, 0
712, 550452, 1, 0
713, 556988, 1, 0
714, 552143, 1, 0
715, 513302, 1, 0
716, 529751, 1, 0
717, 550840, 1, 0
718, 550513, 1, 0
719, 550626, 1, 0
720, 550284, 1, 0
721, 552798, 1, 0
722, 550221, 1, 0
723, 578089, 1, 0
724, 553869, 1, 0
725, 551597, 1, 0
726, 550475, 1, 0
727, 550228, 1, 0
728, 552726, 1, 0
729, 551497, 1, 0
730, 550134, 1, 0
731, 552981, 1, 0
732, 551751, 1, 0
733, 551970, 1, 0
734, 549952, 1, 0
735, 550431, 1, 0
736, 557357, 1, 0
737, 550286, 1, 0
738, 554020, 1, 0
739, 554744, 1, 0
740, 552593, 1, 0
741, 554361, 1, 0
742, 549917, 1, 0
743, 565058, 1, 0
744, 554549, 1, 0
745, 552777, 1, 0
746, 550066, 1, 0
747, 550190, 1, 0
748, 551470, 1, 0
749, 550081, 1, 0
750, 551176, 1, 0
751, 550062, 1, 0
752, 549842, 1, 0
753, 550149, 1, 0
754, 550363, 1, 0
755, 550216, 1, 0
756, 561184, 1, 0
757, 534288, 1, 0
758, 512491, 1, 0
759, 510961, 1, 0
760, 549205, 1, 0
761, 522603, 1, 0
762, 552270, 1, 0
763, 551651, 1, 0
764, 551584, 1, 0
765, 552738, 1, 0
766, 552313, 1, 0
767, 558503, 1, 0
768, 553187, 1, 0
769, 550207, 1, 0
770, 552207, 1, 0
771, 584702, 1, 0
772, 551121, 1, 0
773, 550348, 1, 0
774, 550424, 1, 0
775, 553122, 1, 0
776, 549708, 1, 0
777, 539139, 1, 0
778, 555180, 1, 0
779, 552470, 1, 0
780, 549965, 1, 0
781, 553877, 1, 0
782, 550226, 1, 0
783, 532649, 1, 0
784, 531071, 1, 0
785, 510528, 1, 0
786, 528203, 1, 0
787, 513422, 1, 0
788, 549022, 1, 0
789, 549948, 1, 0
790, 550321, 1, 0
791, 550161, 1, 0
792, 550068, 1, 0
793, 550672, 1, 0
794, 550992, 1, 0
795, 537008, 1, 0
796, 550090, 1, 0
797, 552240, 1, 0
798, 550123, 1, 0
799, 550131, 1, 0
800, 549929, 1, 0
801, 551906, 1, 0
802, 551081, 1, 0
803, 551312, 1, 0
804, 551065, 1, 0
805, 550176, 1, 0
806, 552544, 1, 0
807, 550008, 1, 0
808, 552953, 1, 0
809, 550172, 1, 0
810, 553529, 1, 0
811, 550536, 1, 0
812, 552947, 1, 0
813, 550319, 1, 0
814, 512715, 1, 0
815, 548998, 1, 0
816, 550447, 1, 0
817, 554398, 1, 0
818, 557128, 1, 0
819, 551634, 1, 0
820, 550584, 1, 0
821, 550960, 1, 0
822, 550271, 1, 0
823, 550995, 1, 0
824, 551580, 1, 0
825, 552958, 1, 0
826, 550297, 1, 0
827, 566245, 1, 0
828, 552720, 1, 0
829, 550723, 1, 0
830, 550533, 1, 0
831, 587214, 1, 0
832, 533876, 1, 0
833, 549739, 1, 0
834, 552544, 1, 0
835, 550759, 1, 0
836, 552903, 1, 0
837, 553474, 1, 0
838, 561544, 1, 0
839, 550599, 1, 0
840, 552076, 1, 0
841, 551647, 1, 0
842, 549996, 1, 0
843, 552577, 1, 0
844, 550449, 1, 0
845, 552325, 1, 0
846, 550059, 1, 0
847, 525450, 1, 0
848, 559263, 1, 0
849, 550336, 1, 0
850, 553528, 1, 0
851, 547598, 1, 0
852, 520147, 1, 0
853, 518800, 1, 0
854, 517752, 1, 0
855, 518329, 1, 0
856, 513496, 1, 0
857, 513604, 1, 0
858, 516067, 1, 0
859, 514755, 1, 0
860, 513788, 1, 0
861, 512481, 1, 0
862, 511078, 1, 0
863, 510881, 1, 0
864, 511033, 1, 0
865, 510369, 1, 0
866, 510829, 1, 0
867, 510922, 1, 0
868, 513768, 1, 0
869, 511360, 1, 0
870, 510872, 1, 0
871, 511404, 1, 0
872, 510829, 1, 0
873, 510249, 1, 0
874, 511033, 1, 0
875, 510886, 1, 0
876, 511014, 1, 0
877, 510434, 1, 0
878, 515797, 1, 0
879, 511535, 1, 0
880, 511088, 1, 0
881, 510907, 1, 0
882, 510585, 1, 0
883, 510971, 1, 0
884, 512693, 1, 0
885, 512135, 1, 0
886, 513292, 1, 0
887, 510974, 1, 0
888, 510845, 1, 0
889, 510543, 1, 0
890, 510502, 1, 0
891, 523342, 1, 0
892, 520231, 1, 0
893, 516168, 1, 0
894, 513091, 1, 0
895, 511407, 1, 0
896, 510828, 1, 0
897, 511152, 1, 0
898, 510720, 1, 0
899, 510914, 1, 0
900, 510614, 1, 0
901, 513542, 1, 0
902, 515878, 1, 0
903, 532469, 1, 0
904, 510664, 1, 0
905, 530299, 1, 0
906, 550036, 1, 0
907, 535196, 1, 0
908, 550262, 1, 0
909, 549964, 1, 0
910, 552602, 1, 0
911, 566298, 1, 0
912, 553009, 1, 0
913, 554921, 1, 0
914, 550395, 1, 0
915, 532877, 1, 0
916, 510830, 1, 0
917, 512873, 1, 0
918, 550772, 1, 0
919, 550543, 1, 0
920, 555609, 1, 0
921, 554823, 1, 0
922, 550346, 1, 0
923, 551008, 1, 0
924, 550979, 1, 0
925, 535370, 1, 0
926, 538070, 1, 0
927, 531218, 1, 0
928, 523957, 1, 0
929, 515037, 1, 0
930, 512992, 1, 0
931, 512459, 1, 0
932, 512786, 1, 0
933, 533068, 1, 0
934, 551636, 1, 0
935, 530952, 1, 0
936, 557114, 1, 0
937, 520182, 1, 0
938, 521755, 1, 0
939, 541627, 1, 0
940, 520854, 1, 0
941, 513586, 1, 0
942, 547979, 1, 0
943, 513217, 1, 0
944, 511655, 1, 0
945, 514089, 1, 0
946, 513477, 1, 0
947, 512983, 1, 0
948, 515561, 1, 0
949, 517136, 1, 0
950, 533751, 1, 0
951, 535639, 1, 0
952, 512122, 1, 0
953, 511133, 1, 0
954, 547500, 1, 0
955, 531412, 1, 0
956, 512528, 1, 0
957, 551627, 1, 0
958, 548129, 1, 0
959, 587133, 1, 0
960, 555154, 1, 0
961, 565578, 1, 0
962, 549942, 1, 0
963, 533777, 1, 0
964, 511447, 1, 0
965, 529541, 1, 0
966, 548701, 1, 0
967, 512268, 1, 0
968, 510984, 1, 0
969, 512271, 1, 0
970, 510602, 1, 0
971, 509798, 1, 0
972, 509663, 1, 0
973, 527245, 1, 0
974, 550415, 1, 0
975, 534034, 1, 0
976, 509656, 1, 0
977, 550113, 1, 0
978, 550700, 1, 0
979, 548512, 1, 0
980, 511488, 1, 0
981, 552694, 1, 0
982, 550606, 1, 0
983, 541343, 1, 0
984, 511636, 1, 0
985, 554914, 1, 0
986, 548305, 1, 0
987, 531194, 1, 0
988, 510002, 1, 0
989, 548614, 1, 0
990, 557567, 1, 0
991, 551732, 1, 0
992, 550971, 1, 0
993, 553824, 1, 0
994, 531399, 1, 0
995, 553550, 1, 0
996, 557924, 1, 0
997, 553859, 1, 0
998, 550700, 1, 0
999, 550990, 1, 0
1000, 552509, 1, 0
1001, 551903, 1, 0
1002, 552526, 1, 0
1003, 551848, 1, 0
1004, 551445, 1, 0
1005, 554236, 1, 0
1006, 551267, 1, 0
1007, 553620, 1, 0
1008, 551691, 1, 0
1009, 548243, 1, 0
1010, 551093, 1, 0
1011, 526565, 1, 0
1012, 552391, 1, 0
1013, 547307, 1, 0
1014, 552866, 1, 0
1015, 551538, 1, 0
1016, 553370, 1, 0
1017, 554662, 1, 0
1018, 552858, 1, 0
1019, 552550, 1, 0
1020, 551553, 1, 0
1021, 549220, 1, 0
1022, 550547, 1, 0
1023, 550663, 1, 0
1024, 554405, 1, 0
1025, 550961, 1, 0
1026, 553823, 1, 0
1027, 529805, 1, 0
1028, 550771, 1, 0
1029, 551154, 1, 0
1030, 550470, 1, 0
1031, 553089, 1, 0
1032, 550418, 1, 0
1033, 553795, 1, 0
1034, 551032, 1, 0
1035, 551685, 1, 0
1036, 548772, 1, 0
1037, 552373, 1, 0
1038, 513553, 1, 0
1039, 549051, 1, 0
1040, 559217, 1, 0
1041, 550674, 1, 0
1042, 549254, 1, 0
1043, 552484, 1, 0
1044, 552658, 1, 0
1045, 552106, 1, 0
1046, 560687, 1, 0
1047, 551668, 1, 0
1048, 550298, 1, 0
1049, 552162, 1, 0
1050, 550293, 1, 0
1051, 552985, 1, 0
1052, 550696, 1, 0
1053, 551623, 1, 0
1054, 549326, 1, 0
1055, 554029, 1, 0
1056, 551161, 1, 0
1057, 549395, 1, 0
1058, 550912, 1, 0
1059, 539827, 1, 0
1060, 537313, 1, 0
1061, 536871, 1, 0
1062, 541758, 1, 0
1063, 536266, 1, 0
1064, 554362, 1, 0
1065, 551428, 1, 0
1066, 550646, 1, 0
1067, 536946, 1, 0
1068, 552236, 1, 0
1069, 539290, 1, 0
1070, 554824, 1, 0
1071, 552400, 1, 0
1072, 551498, 1, 0
1073, 536500, 1, 0
1074, 552627, 1, 0
1075, 552499, 1, 0
1076, 552957, 1, 0
1077, 536899, 1, 0
1078, 549362, 1, 0
1079, 531726, 1, 0
1080, 511575, 1, 0
1081, 548543, 1, 0
1082, 550694, 1, 0
1083, 550396, 1, 0
1084, 552302, 1, 0
1085, 543781, 1, 0
1086, 552309, 1, 0
1087, 556430, 1, 0
1088, 551415, 1, 0
1089, 541898, 1, 0
1090, 541163, 1, 0
1091, 535851, 1, 0
1092, 550795, 1, 0
1093, 543045, 1, 0
1094, 550486, 1, 0
1095, 551643, 1, 0
1096, 549973, 1, 0
1097, 551383, 1, 0
1098, 551021, 1, 0
1099, 549865, 1, 0
1100, 552305, 1, 0
1101, 549565, 1, 0
1102, 513044, 1, 0
1103, 547861, 1, 0
1104, 512804, 1, 0
1105, 532904, 1, 0
1106, 550117, 1, 0
1107, 534991, 1, 0
1108, 550681, 1, 0
1109, 555090, 1, 0
1110, 555743, 1, 0
1111, 518748, 1, 0
1112, 547676, 1, 0
1113, 550722, 1, 0
1114, 535110, 1, 0
1115, 512771, 1, 0
1116, 512195, 1, 0
1117, 513555, 1, 0
1118, 533930, 1, 0
1119, 550848, 1, 0
1120, 523061, 1, 0
1121, 522498, 1, 0
1122, 535198, 1, 0
1123, 536686, 1, 0
1124, 535866, 1, 0
1125, 536447, 1, 0
1126, 536025, 1, 0
1127, 547409, 1, 0
1128, 536712, 1, 0
1129, 555329, 1, 0
1130, 537062, 1, 0
1131, 537420, 1, 0
1132, 538043, 1, 0
1133, 537158, 1, 0
1134, 522479, 1, 0
1135, 535401, 1, 0
1136, 535934, 1, 0
1137, 535935, 1, 0
1138, 537534, 1, 0
1139, 519496, 1, 0
1140, 536368, 1, 0
1141, 520076, 1, 0
1142, 556717, 1, 0
1143, 539023, 1, 0
1144, 537083, 1, 0
1145, 541158, 1, 0
1146, 542452, 1, 0
1147, 541929, 1, 0
1148, 530808, 1, 0
1149, 535099, 1, 0
1150, 518159, 1, 0
1151, 533304, 1, 0
1152, 512986, 1, 0
1153, 536122, 1, 0
1154, 537235, 1, 0
1155, 535444, 1, 0
1156, 550510, 1, 0
1157, 529700, 1, 0
1158, 529118, 1, 0
1159, 512447, 1, 0
1160, 513082, 1, 0
1161, 550431, 1, 0
1162, 555184, 1, 0
1163, 540524, 1, 0
1164, 516012, 1, 0
1165, 511936, 1, 0
1166, 512184, 1, 0
1167, 534363, 1, 0
1168, 550951, 1, 0
1169, 542292, 1, 0
1170, 542362, 1, 0
1171, 575660, 1, 0
1172, 520280, 1, 0
1173, 512113, 1, 0
1174, 549945, 1, 0
1175, 551214, 1, 0
1176, 543691, 1, 0
1177, 549031, 1, 0
1178, 522806, 1, 0
1179, 551169, 1, 0
1180, 551374, 1, 0
1181, 556358, 1, 0
1182, 551154, 1, 0
1183, 556660, 1, 0
1184, 557786, 1, 0
1185, 550814, 1, 0
1186, 551799, 1, 0
1187, 534022, 1, 0
1188, 551150, 1, 0
1189, 556549, 1, 0
1190, 550300, 1, 0
1191, 550576, 1, 0
1192, 550471, 1, 0
1193, 535269, 1, 0
1194, 533334, 1, 0
1195, 524321, 1, 0
1196, 551249, 1, 0
1197, 550656, 1, 0
1198, 550119, 1, 0
1199, 554480, 1, 0
1200, 550795, 1, 0
1201, 544863, 1, 0
1202, 543778, 1, 0
1203, 546912, 1, 0
1204, 544668, 1, 0
1205, 542263, 1, 0
1206, 537070, 1, 0
1207, 537539, 1, 0
1208, 536261, 1, 0
1209, 544186, 1, 0
1210, 537281, 1, 0
1211, 543934, 1, 0
1212, 549568, 1, 0
1213, 536802, 1, 0
1214, 544922, 1, 0
1215, 535261, 1, 0
1216, 538408, 1, 0
1217, 543721, 1, 0
1218, 546754, 1, 0
1219, 524484, 1, 0
1220, 555793, 1, 0
1221, 550525, 1, 0
1222, 549987, 1, 0
1223, 552707, 1, 0
1224, 550317, 1, 0
1225, 532581, 1, 0
1226, 535922, 1, 0
1227, 544185, 1, 0
1228, 551148, 1, 0
1229, 551213, 1, 0
1230, 552522, 1, 0
1231, 552466, 1, 0
1232, 538922, 1, 0
1233, 540138, 1, 0
1234, 549072, 1, 0
1235, 552861, 1, 0
1236, 550553, 1, 0
1237, 550872, 1, 0
1238, 550484, 1, 0
1239, 536829, 1, 0
1240, 550097, 1, 0
1241, 550302, 1, 0
1242, 550868, 1, 0
1243, 551472, 1, 0
1244, 550777, 1, 0
1245, 556054, 1, 0
1246, 550406, 1, 0
1247, 518797, 1, 0
1248, 549894, 1, 0
1249, 550786, 1, 0
1250, 550343, 1, 0
1251, 543625, 1, 0
1252, 553118, 1, 0
1253, 546715, 1, 0
1254, 540053, 1, 0
1255, 543479, 1, 0
1256, 532462, 1, 0
1257, 541796, 1, 0
1258, 538697, 1, 0
1259, 538443, 1, 0
1260, 536173, 1, 0
1261, 543958, 1, 0
1262, 512728, 1, 0
1263, 533300, 1, 0
1264, 549235, 1, 0
1265, 551425, 1, 0
1266, 543896, 1, 0
1267, 532957, 1, 0
1268, 544050, 1, 0
1269, 540510, 1, 0
1270, 544065, 1, 0
1271, 574890, 1, 0
1272, 544259, 1, 0
1273, 545907, 1, 0
1274, 544358, 1, 0
1275, 536427, 1, 0
1276, 537305, 1, 0
1277, 551565, 1, 0
1278, 553566, 1, 0
1279, 532262, 1, 0
1280, 552187, 1, 0
1281, 550887, 1, 0
1282, 550259, 1, 0
1283, 550858, 1, 0
1284, 550514, 1, 0
1285, 512966, 1, 0
1286, 535876, 1, 0
1287, 550074, 1, 0
1288, 550135, 1, 0
1289, 550106, 1, 0
1290, 551617, 1, 0
1291, 536342, 1, 0
1292, 551280, 1, 0
1293, 550645, 1, 0
1294, 533799, 1, 0
1295, 514813, 1, 0
1296, 530175, 1, 0
1297, 517553, 1, 0
1298, 550366, 1, 0
1299, 550893, 1, 0
1300, 550391, 1, 0
1301, 532413, 1, 0
1302, 547809, 1, 0
1303, 533067, 1, 0
1304, 531371, 1, 0
1305, 511114, 1, 0
1306, 528868, 1, 0
1307, 515893, 1, 0
1308, 549545, 1, 0
1309, 552458, 1, 0
1310, 551926, 1, 0
1311, 537988, 1, 0
1312, 538989, 1, 0
1313, 552680, 1, 0
1314, 532279, 1, 0
1315, 511122, 1, 0
1316, 532231, 1, 0
1317, 553087, 1, 0
1318, 552387, 1, 0
1319, 550501, 1, 0
1320, 550103, 1, 0
1321, 550721, 1, 0
1322, 554640, 1, 0
1323, 550347, 1, 0
1324, 536488, 1, 0
1325, 519146, 1, 0
1326, 513204, 1, 0
1327, 528158, 1, 0
1328, 557151, 1, 0
1329, 529619, 1, 0
1330, 539446, 1, 0
1331, 555920, 1, 0
1332, 596121, 1, 0
1333, 601508, 1, 0
1334, 586044, 1, 0
1335, 606208, 1, 0
1336, 569741, 1, 0
1337, 519888, 1, 0
1338, 570183, 1, 0
1339, 581197, 1, 0
1340, 589215, 1, 0
1341, 522621, 1, 0
1342, 554463, 1, 0
1343, 570619, 1, 0
1344, 588186, 1, 0
1345, 586282, 1, 0
1346, 551242, 1, 0
1347, 595153, 1, 0
1348, 579944, 1, 0
1349, 586316, 1, 0
1350, 585135, 1, 0
1351, 570691, 1, 0
1352, 586177, 1, 0
1353, 588028, 1, 0
1354, 585408, 1, 0
1355, 560060, 1, 0
1356, 518283, 1, 0
1357, 531353, 1, 0
1358, 586957, 1, 0
1359, 572454, 1, 0
1360, 554531, 1, 0
1361, 517646, 1, 0
1362, 549318, 1, 0
1363, 559651, 1, 0
1364, 571624, 1, 0
1365, 552606, 1, 0
1366, 585931, 1, 0
1367, 556560, 1, 0
1368, 592987, 1, 0
1369, 587942, 1, 0
1370, 587819, 1, 0
1371, 569881, 1, 0
1372, 571155, 1, 0
1373, 590863, 1, 0
1374, 586236, 1, 0
1375, 553529, 1, 0
1376, 552609, 1, 0
1377, 583071, 1, 0
1378, 601110, 1, 0
1379, 572150, 1, 0
1380, 585857, 1, 0
1381, 553550, 1, 0
1382, 569061, 1, 0
1383, 587549, 1, 0
1384, 594863, 1, 0
1385, 554544, 1, 0
1386, 560120, 1, 0
1387, 571242, 1, 0
1388, 585290, 1, 0
1389, 588448, 1, 0
1390, 570667, 1, 0
1391, 568637, 1, 0
1392, 551074, 1, 0
1393, 588988, 1, 0
1394, 587555, 1, 0
1395, 535541, 1, 0
1396, 554164, 1, 0
1397, 572747, 1, 0
1398, 575246, 1, 0
1399, 586181, 1, 0
1400, 587217, 1, 0
1401, 537023, 1, 0
1402, 585110, 1, 0
1403, 586892, 1, 0
1404, 551500, 1, 0
1405, 573438, 1, 0
1406, 569777, 1, 0
1407, 575134, 1, 0
1408, 585876, 1, 0
1409, 590600, 1, 0
1410, 570178, 1, 0
1411, 553501, 1, 0
1412, 580190, 1, 0
1413, 596174, 1, 0
1414, 586589, 1, 0
1415, 559512, 1, 0
1416, 554534, 1, 0
1417, 572560, 1, 0
1418, 591842, 1, 0
1419, 589607, 1, 0
1420, 586017, 1, 0
1421, 554868, 1, 0
1422, 586781, 1, 0
1423, 593226, 1, 0
1424, 589471, 1, 0
1425, 593196, 1, 0
1426, 571417, 1, 0
1427, 587986, 1, 0
1428, 587582, 1, 0
1429, 586538, 1, 0
1430, 588702, 1, 0
1431, 516813, 1, 0
1432, 569036, 1, 0
1433, 585777, 1, 0
1434, 589242, 1, 0
1435, 536421, 1, 0
1436, 532843, 1, 0
1437, 588863, 1, 0
1438, 588560, 1, 0
1439, 585955, 1, 0
1440, 572067, 1, 0
1441, 534491, 1, 0
1442, 587967, 1, 0
1443, 590210, 1, 0
1444, 572350, 1, 0
1445, 560616, 1, 0
1446, 553145, 1, 0
1447, 537919, 1, 0
1448, 565730, 1, 0
1449, 585936, 1, 0
1450, 550169, 1, 0
1451, 569287, 1, 0
1452, 552674, 1, 0
1453, 574234, 1, 0
1454, 588582, 1, 0
1455, 571955, 1, 0
1456, 571274, 1, 0
1457, 577092, 1, 0
1458, 557123, 1, 0
1459, 573542, 1, 0
1460, 584930, 1, 0
1461, 574196, 1, 0
1462, 587224, 1, 0
1463, 597228, 1, 0
1464, 567060, 1, 0
1465, 604851, 1, 0
1466, 558521, 1, 0
1467, 572280, 1, 0
1468, 569270, 1, 0
1469, 588154, 1, 0
1470, 588868, 1, 0
1471, 571843, 1, 0
1472, 582073, 1, 0
1473, 550866, 1, 0
1474, 584405, 1, 0
1475, 572377, 1, 0
1476, 553571, 1, 0
1477, 573462, 1, 0
1478, 567142, 1, 0
1479, 584423, 1, 0
1480, 585853, 1, 0
1481, 574930, 1, 0
1482, 552498, 1, 0
1483, 570796, 1, 0
1484, 587625, 1, 0
1485, 587644, 1, 0
1486, 571794, 1, 0
1487, 533399, 1, 0
1488, 583768, 1, 0
1489, 572712, 1, 0
1490, 586981, 1, 0
1491, 588051, 1, 0
1492, 518392, 1, 0
1493, 565130, 1, 0
1494, 587442, 1, 0
1495, 583500, 1, 0
1496, 588538, 1, 0
1497, 571292, 1, 0
1498, 586653, 1, 0
1499, 603716, 1, 0
1500, 578899, 1, 0
1501, 591318, 1, 0
1502, 570925, 1, 0
1503, 587545, 1, 0
1504, 590721, 1, 0
1505, 575098, 1, 0
1506, 585651, 1, 0
1507, 557488, 1, 0
1508, 588760, 1, 0
1509, 592145, 1, 0
1510, 589787, 1, 0
1511, 570491, 1, 0
1512, 569497, 1, 0
1513, 586551, 1, 0
1514, 592337, 1, 0
1515, 574726, 1, 0
1516, 555256, 1, 0
1517, 554622, 1, 0
1518, 588051, 1, 0
1519, 587536, 1, 0
1520, 585540, 1, 0
1521, 587746, 1, 0
1522, 571087, 1, 0
1523, 598007, 1, 0
1524, 585884, 1, 0
1525, 585633, 1, 0
1526, 573564, 1, 0
1527, 574241, 1, 0
1528, 588742, 1, 0
1529, 587141, 1, 0
1530, 584855, 1, 0
1531, 563968, 1, 0
1532, 554244, 1, 0
1533, 585648, 1, 0
1534, 593675, 1, 0
1535, 558748, 1, 0
1536, 554942, 1, 0
1537, 573760, 1, 0
1538, 589963, 1, 0
1539, 587078, 1, 0
1540, 585693, 1, 0
1541, 587952, 1, 0
1542, 550983, 1, 0
1543, 566893, 1, 0
1544, 546427, 1, 0
1545, 548001, 1, 0
1546, 573460, 1, 0
1547, 593796, 1, 0
1548, 588413, 1, 0
1549, 589019, 1, 0
1550, 585492, 1, 0
1551, 572357, 1, 0
1552, 553513, 1, 0
1553, 589509, 1, 0
1554, 585396, 1, 0
1555, 573985, 1, 0
1556, 571567, 1, 0
1557, 593317, 1, 0
1558, 587529, 1, 0
1559, 590184, 1, 0
1560, 567144, 1, 0
1561, 586631, 1, 0
1562, 573338, 1, 0
1563, 592213, 1, 0
1564, 591124, 1, 0
1565, 550642, 1, 0
1566, 571616, 1, 0
1567, 585571, 1, 0
1568, 588791, 1, 0
1569, 570782, 1, 0
1570, 591178, 1, 0
1571, 606691, 1, 0
1572, 538132, 1, 0
1573, 581054, 1, 0
1574, 573993, 1, 0
1575, 556217, 1, 0
1576, 551236, 1, 0
1577, 568917, 1, 0
1578, 589497, 1, 0
1579, 611085, 1, 0
1580, 585886, 1, 0
1581, 599222, 1, 0
1582, 564350, 1, 0
1583, 527771, 1, 0
1584, 559168, 1, 0
1585, 537299, 1, 0
1586, 518671, 1, 0
1587, 516484, 1, 0
1588, 586250, 1, 0
1589, 593578, 1, 0
1590, 567875, 1, 0
1591, 585208, 1, 0
1592, 554926, 1, 0
1593, 587810, 1, 0
1594, 572280, 1, 0
1595, 568659, 1, 0
1596, 555000, 1, 0
1597, 585054, 1, 0
1598, 587068, 1, 0
1599, 549373, 1, 0
1600, 585652, 1, 0
1601, 585534, 1, 0
1602, 571156, 1, 0
1603, 538238, 1, 0
1604, 564669, 1, 0
1605, 588133, 1, 0
1606, 572871, 1, 0
1607, 557822, 1, 0
1608, 586783, 1, 0
1609, 593405, 1, 0
1610, 587495, 1, 0
1611, 551477, 1, 0
1612, 548602, 1, 0
1613, 574560, 1, 0
1614, 518768, 1, 0
1615, 514797, 1, 0
1616, 514788, 1, 0
1617, 516895, 1, 0
1618, 514913, 1, 0
1619, 533498, 1, 0
1620, 538048, 1, 0
1621, 516869, 1, 0
1622, 516714, 1, 0
1623, 531612, 1, 0
1624, 540432, 1, 0
1625, 516962, 1, 0
1626, 515618, 1, 0
1627, 518362, 1, 0
1628, 516972, 1, 0
1629, 516082, 1, 0
1630, 515588, 1, 0
1631, 516766, 1, 0
1632, 515950, 1, 0
1633, 517168, 1, 0
1634, 517861, 1, 0
1635, 538490, 1, 0
1636, 516033, 1, 0
1637, 519163, 1, 0
1638, 515494, 1, 0
1639, 514931, 1, 0
1640, 515388, 1, 0
1641, 515870, 1, 0
1642, 514266, 1, 0
1643, 514965, 1, 0
1644, 525523, 1, 0
1645, 515231, 1, 0
1646, 514344, 1, 0
1647, 515888, 1, 0
1648, 515093, 1, 0
1649, 523257, 1, 0
1650, 516041, 1, 0
1651, 515559, 1, 0
1652, 514779, 1, 0
1653, 514542, 1, 0
1654, 518171, 1, 0
1655, 519592, 1, 0
1656, 519151, 1, 0
1657, 518918, 1, 0
1658, 518837, 1, 0
1659, 554771, 1, 0
1660, 557560, 1, 0
1661, 554449, 1, 0
1662, 554139, 1, 0
1663, 554054, 1, 0
1664, 554708, 1, 0
1665, 553964, 1, 0
1666, 555396, 1, 0
1667, 554938, 1, 0
1668, 553330, 1, 0
1669, 552606, 1, 0
1670, 553565, 1, 0
1671, 569691, 1, 0
1672, 571817, 1, 0
1673, 576807, 1, 0
1674, 589947, 1, 0
1675, 564656, 1, 0
1676, 574189, 1, 0
1677, 570943, 1, 0
1678, 588239, 1, 0
1679, 550019, 1, 0
1680, 587786, 1, 0
1681, 577303, 1, 0
1682, 593857, 1, 0
1683, 588977, 1, 0
1684, 567877, 1, 0
1685, 591252, 1, 0
1686, 552368, 1, 0
1687, 575308, 1, 0
1688, 585704, 1, 0
1689, 587087, 1, 0
1690, 590670, 1, 0
1691, 571232, 1, 0
1692, 556105, 1, 0
1693, 552794, 1, 0
1694, 586168, 1, 0
1695, 532800, 1, 0
1696, 548707, 1, 0
1697, 571134, 1, 0
1698, 585767, 1, 0
1699, 586601, 1, 0
1700, 567897, 1, 0
1701, 587771, 1, 0
1702, 584604, 1, 0
1703, 556861, 1, 0
1704, 587440, 1, 0
1705, 518413, 1, 0
1706, 553958, 1, 0
1707, 574453, 1, 0
1708, 571882, 1, 0
1709, 585264, 1, 0
1710, 586568, 1, 0
1711, 588796, 1, 0
1712, 550757, 1, 0
1713, 553345, 1, 0
1714, 570499, 1, 0
1715, 571588, 1, 0
1716, 570113, 1, 0
1717, 551174, 1, 0
1718, 588292, 1, 0
1719, 585305, 1, 0
1720, 590008, 1, 0
1721, 552998, 1, 0
1722, 586287, 1, 0
1723, 587126, 1, 0
1724, 589115, 1, 0
1725, 553858, 1, 0
1726, 572297, 1, 0
1727, 587050, 1, 0
1728, 585848, 1, 0
1729, 589427, 1, 0
1730, 567459, 1, 0
1731, 631783, 1, 0
1732, 586124, 1, 0
1733, 590461, 1, 0
1734, 553903, 1, 0
1735, 554913, 1, 0
1736, 573064, 1, 0
1737, 574799, 1, 0
1738, 586243, 1, 0
1739, 587507, 1, 0
1740, 586821, 1, 0
1741, 560911, 1, 0
1742, 603542, 1, 0
1743, 586523, 1, 0
1744, 569995, 1, 0
1745, 553669, 1, 0
1746, 585571, 1, 0
1747, 556217, 1, 0
1748, 588973, 1, 0
1749, 568511, 1, 0
1750, 592919, 1, 0
1751, 586986, 1, 0
1752, 586144, 1, 0
1753, 588569, 1, 0
1754, 584940, 1, 0
1755, 572370, 1, 0
1756, 553980, 1, 0
1757, 556972, 1, 0
1758, 586572, 1, 0
1759, 534416, 1, 0
1760, 570734, 1, 0
1761, 585491, 1, 0
1762, 587582, 1, 0
1763, 586936, 1, 0
1764, 580009, 1, 0
1765, 554047, 1, 0
1766, 571300, 1, 0
1767, 551082, 1, 0
1768, 545061, 1, 0
1769, 579374, 1, 0
1770, 587844, 1, 0
1771, 585653, 1, 0
1772, 590669, 1, 0
1773, 593596, 1, 0
1774, 587670, 1, 0
1775, 555769, 1, 0
1776, 555607, 1, 0
1777, 574180, 1, 0
1778, 592799, 1, 0
1779, 598769, 1, 0
1780, 586707, 1, 0
1781, 593969, 1, 0
1782, 585152, 1, 0
1783, 591119, 1, 0
1784, 587078, 1, 0
1785, 585660, 1, 0
1786, 553695, 1, 0
1787, 572800, 1, 0
1788, 591807, 1, 0
1789, 589048, 1, 0
1790, 562130, 1, 0
1791, 559385, 1, 0
1792, 587840, 1, 0
1793, 586230, 1, 0
1794, 587778, 1, 0
1795, 554892, 1, 0
1796, 553965, 1, 0
1797, 553846, 1, 0
1798, 582582, 1, 0
1799, 566491, 1, 0
1800, 545477, 1, 0
1801, 584316, 1, 0
1802, 588353, 1, 0
1803, 608302, 1, 0
1804, 571739, 1, 0
1805, 554951, 1, 0
1806, 555755, 1, 0
1807, 556066, 1, 0
1808, 546815, 1, 0
1809, 526576, 1, 0
1810, 525039, 1, 0
1811, 521710, 1, 0
1812, 519440, 1, 0
1813, 519262, 1, 0
1814, 523738, 1, 0
1815, 523047, 1, 0
1816, 521026, 1, 0
1817, 519902, 1, 0
1818, 514340, 1, 0
1819, 514516, 1, 0
1820, 513507, 1, 0
1821, 512925, 1, 0
1822, 513326, 1, 0
1823, 514195, 1, 0
1824, 513499, 1, 0
1825, 513554, 1, 0
1826, 513432, 1, 0
1827, 514584, 1, 0
1828, 514623, 1, 0
1829, 513446, 1, 0
1830, 513682, 1, 0
1831, 513480, 1, 0
1832, 513438, 1, 0
1833, 514840, 1, 0
1834, 514600, 1, 0
1835, 514883, 1, 0
1836, 514455, 1, 0
1837, 514832, 1, 0
1838, 514338, 1, 0
1839, 514550, 1, 0
1840, 515102, 1, 0
1841, 515140, 1, 0
1842, 514173, 1, 0
1843, 516083, 1, 0
1844, 523205, 1, 0
1845, 514591, 1, 0
1846, 514158, 1, 0
1847, 522588, 1, 0
1848, 514907, 1, 0
1849, 514839, 1, 0
1850, 514204, 1, 0
1851, 514614, 1, 0
1852, 514572, 1, 0
1853, 538832, 1, 0
1854, 575359, 1, 0
1855, 527539, 1, 0
1856, 516634, 1, 0
1857, 515636, 1, 0
1858, 515150, 1, 0
1859, 552753, 1, 0
1860, 554418, 1, 0
1861, 562392, 1, 0
1862, 555247, 1, 0
1863, 517858, 1, 0
1864, 541369, 1, 0
1865, 555042, 1, 0
1866, 556154, 1, 0
1867, 582905, 1, 0
1868, 563155, 1, 0
1869, 534681, 1, 0
1870, 554169, 1, 0
1871, 558440, 1, 0
1872, 553483, 1, 0
1873, 539654, 1, 0
1874, 552779, 1, 0
1875, 557423, 1, 0
1876, 556366, 1, 0
1877, 556504, 1, 0
1878, 532945, 1, 0
1879, 551419, 1, 0
1880, 563018, 1, 0
1881, 562265, 1, 0
1882, 570351, 1, 0
1883, 553121, 1, 0
1884, 552811, 1, 0
1885, 553617, 1, 0
1886, 515983, 1, 0
1887, 551903, 1, 0
1888, 552631, 1, 0
1889, 540892, 1, 0
1890, 553765, 1, 0
1891, 556921, 1, 0
1892, 552836, 1, 0
1893, 553001, 1, 0
1894, 553055, 1, 0
1895, 553364, 1, 0
1896, 554593, 1, 0
1897, 556599, 1, 0
1898, 552813, 1, 0
1899, 554620, 1, 0
1900, 556987, 1, 0
1901, 538245, 1, 0
1902, 515261, 1, 0
1903, 514748, 1, 0
1904, 513605, 1, 0
1905, 514052, 1, 0
1906, 516119, 1, 0
1907, 519803, 1, 0
1908, 519096, 1, 0
1909, 518130, 1, 0
1910, 534429, 1, 0
1911, 590411, 1, 0
1912, 592771, 1, 0
1913, 585804, 1, 0
1914, 585322, 1, 0
1915, 555040, 1, 0
1916, 553774, 1, 0
1917, 590443, 1, 0
1918, 536391, 1, 0
1919, 569415, 1, 0
1920, 533249, 1, 0
1921, 553842, 1, 0
1922, 520199, 1, 0
1923, 554570, 1, 0
1924, 554639, 1, 0
1925, 572785, 1, 0
1926, 552920, 1, 0
1927, 555689, 1, 0
1928, 592890, 1, 0
1929, 571276, 1, 0
1930, 565414, 1, 0
1931, 585760, 1, 0
1932, 586734, 1, 0
1933, 568040, 1, 0
1934, 547228, 1, 0
1935, 584139, 1, 0
1936, 586690, 1, 0
1937, 552953, 1, 0
1938, 548121, 1, 0
1939, 586419, 1, 0
1940, 589419, 1, 0
1941, 587451, 1, 0
1942, 585717, 1, 0
1943, 587801, 1, 0
1944, 587609, 1, 0
1945, 588816, 1, 0
1946, 573011, 1, 0
1947, 551584, 1, 0
1948, 565752, 1, 0
1949, 586547, 1, 0
1950, 587640, 1, 0
1951, 586175, 1, 0
1952, 587351, 1, 0
1953, 568563, 1, 0
1954, 591461, 1, 0
1955, 575658, 1, 0
1956, 517535, 1, 0
1957, 588635, 1, 0
1958, 585971, 1, 0
1959, 587073, 1, 0
1960, 591664, 1, 0
1961, 569633, 1, 0
1962, 548097, 1, 0
1963, 586141, 1, 0
1964, 554143, 1, 0
1965, 553801, 1, 0
1966, 571008, 1, 0
1967, 589226, 1, 0
1968, 586180, 1, 0
1969, 587412, 1, 0
1970, 571868, 1, 0
1971, 563344, 1, 0
1972, 586148, 1, 0
1973, 588478, 1, 0
1974, 585747, 1, 0
1975, 568736, 1, 0
1976, 570770, 1, 0
1977, 573692, 1, 0
1978, 586413, 1, 0
1979, 586498, 1, 0
1980, 588426, 1, 0
1981, 591646, 1, 0
1982, 586674, 1, 0
1983, 586766, 1, 0
1984, 552080, 1, 0
1985, 553395, 1, 0
1986, 569131, 1, 0
1987, 555854, 1, 0
1988, 571060, 1, 0
1989, 556616, 1, 0
1990, 588363, 1, 0
1991, 571739, 1, 0
1992, 574580, 1, 0
1993, 561660, 1, 0
1994, 561152, 1, 0
1995, 558224, 1, 0
1996, 542227, 1, 0
1997, 523222, 1, 0
1998, 557744, 1, 0
1999, 541855, 1, 0
2000, 558759, 1, 0
2001, 558758, 1, 0
2002, 541022, 1, 0
2003, 558546, 1, 0
2004, 556338, 1, 0
2005, 542705, 1, 0
2006, 543765, 1, 0
2007, 521698, 1, 0
2008, 538390, 1, 0
2009, 560654, 1, 0
2010, 558540, 1, 0
2011, 560650, 1, 0
2012, 561936, 1, 0
2013, 559069, 1, 0
2014, 559963, 1, 0
2015, 526177, 1, 0
2016, 522961, 1, 0
2017, 542930, 1, 0
2018, 559689, 1, 0
2019, 555212, 1, 0
2020, 559917, 1, 0
2021, 559510, 1, 0
2022, 558892, 1, 0
2023, 522872, 1, 0
2024, 522932, 1, 0
2025, 559691, 1, 0
2026, 540845, 1, 0
2027, 559964, 1, 0
2028, 560698, 1, 0
2029, 562483, 1, 0
2030, 544656, 1, 0
2031, 581335, 1, 0
2032, 563353, 1, 0
2033, 556273, 1, 0
2034, 558048, 1, 0
2035, 544365, 1, 0
2036, 522908, 1, 0
2037, 551763, 1, 0
2038, 558884, 1, 0
2039, 560976, 1, 0
2040, 558459, 1, 0
2041, 557946, 1, 0
2042, 559880, 1, 0
2043, 558763, 1, 0
2044, 524008, 1, 0
2045, 522279, 1, 0
2046, 540614, 1, 0
2047, 542209, 1, 0
2048, 558749, 1, 0
2049, 560095, 1, 0
2050, 543133, 1, 0
2051, 533355, 1, 0
2052, 539928, 1, 0
2053, 518885, 1, 0
2054, 517698, 1, 0
2055, 518012, 1, 0
2056, 544700, 1, 0
2057, 553038, 1, 0
2058, 587637, 1, 0
2059, 560362, 1, 0
2060, 578579, 1, 0
2061, 548466, 1, 0
2062, 564885, 1, 0
2063, 559867, 1, 0
2064, 605219, 1, 0
2065, 558946, 1, 0
2066, 532890, 1, 0
2067, 554824, 1, 0
2068, 599502, 1, 0
2069, 569786, 1, 0
2070, 530300, 1, 0
2071, 590579, 1, 0
2072, 586968, 1, 0
2073, 586958, 1, 0
2074, 515971, 1, 0
2075, 584314, 1, 0
2076, 552690, 1, 0
2077, 540718, 1, 0
2078, 533551, 1, 0
2079, 587784, 1, 0
2080, 588269, 1, 0
2081, 590289, 1, 0
2082, 569238, 1, 0
2083, 587988, 1, 0
2084, 589216, 1, 0
2085, 585247, 1, 0
2086, 569638, 1, 0
2087, 570329, 1, 0
2088, 554137, 1, 0
2089, 570967, 1, 0
2090, 573082, 1, 0
2091, 588145, 1, 0
2092, 584741, 1, 0
2093, 585613, 1, 0
2094, 533009, 1, 0
2095, 588426, 1, 0
2096, 518509, 1, 0
2097, 569412, 1, 0
2098, 589071, 1, 0
2099, 608894, 1, 0
2100, 588675, 1, 0
2101, 586189, 1, 0
2102, 588455, 1, 0
2103, 585009, 1, 0
2104, 587758, 1, 0
2105, 595233, 1, 0
2106, 557722, 1, 0
2107, 590269, 1, 0
2108, 554032, 1, 0
2109, 553619, 1, 0
2110, 550412, 1, 0
2111, 537938, 1, 0
2112, 589687, 1, 0
2113, 591103, 1, 0
2114, 553219, 1, 0
2115, 570365, 1, 0
2116, 533805, 1, 0
2117, 539522, 1, 0
2118, 587265, 1, 0
2119, 586659, 1, 0
2120, 586799, 1, 0
2121, 586359, 1, 0
2122, 588221, 1, 0
2123, 571651, 1, 0
2124, 555025, 1, 0
2125, 554586, 1, 0
2126, 585663, 1, 0
2127, 559267, 1, 0
2128, 589352, 1, 0
2129, 588250, 1, 0
2130, 592235, 1, 0
2131, 577542, 1, 0
2132, 556597, 1, 0
2133, 571954, 1, 0
2134, 588536, 1, 0
2135, 572115, 1, 0
2136, 571361, 1, 0
2137, 557372, 1, 0
2138, 589098, 1, 0
2139, 587032, 1, 0
2140, 588552, 1, 0
2141, 585117, 1, 0
2142, 595832, 1, 0
2143, 586177, 1, 0
2144, 585663, 1, 0
2145, 571783, 1, 0
2146, 568468, 1, 0
2147, 568868, 1, 0
2148, 584686, 1, 0
2149, 589551, 1, 0
2150, 589718, 1, 0
2151, 594758, 1, 0
2152, 585485, 1, 0
2153, 587236, 1, 0
2154, 571376, 1, 0
2155, 551502, 1, 0
2156, 553015, 1, 0
2157, 565986, 1, 0
2158, 589130, 1, 0
2159, 581732, 1, 0
2160, 590737, 1, 0
2161, 585867, 1, 0
2162, 592300, 1, 0
2163, 553266, 1, 0
2164, 586918, 1, 0
2165, 590574, 1, 0
2166, 554199, 1, 0
2167, 586513, 1, 0
2168, 586379, 1, 0
2169, 590044, 1, 0
2170, 548630, 1, 0
2171, 585463, 1, 0
2172, 591374, 1, 0
2173, 586314, 1, 0
2174, 586630, 1, 0
2175, 572558, 1, 0
2176, 553970, 1, 0
2177, 554394, 1, 0
2178, 586665, 1, 0
2179, 549806, 1, 0
2180, 565141, 1, 0
2181, 586181, 1, 0
2182, 593599, 1, 0
2183, 585705, 1, 0
2184, 586031, 1, 0
2185, 535153, 1, 0
2186, 554112, 1, 0
2187, 586351, 1, 0
2188, 586419, 1, 0
2189, 550681, 1, 0
2190, 584547, 1, 0
2191, 588884, 1, 0
2192, 585777, 1, 0
2193, 587448, 1, 0
2194, 566421, 1, 0
2195, 534155, 1, 0
2196, 586838, 1, 0
2197, 566868, 1, 0
2198, 568195, 1, 0
2199, 586401, 1, 0
2200, 587912, 1, 0
2201, 586201, 1, 0
2202, 585889, 1, 0
2203, 549664, 1, 0
2204, 545303, 1, 0
2205, 552920, 1, 0
2206, 569433, 1, 0
2207, 556917, 1, 0
2208, 592515, 1, 0
2209, 570371, 1, 0
2210, 586271, 1, 0
2211, 606924, 1, 0
2212, 551856, 1, 0
2213, 587563, 1, 0
2214, 585453, 1, 0
2215, 599758, 1, 0
2216, 586178, 1, 0
2217, 571544, 1, 0
2218, 592559, 1, 0
2219, 587501, 1, 0
2220, 585625, 1, 0
2221, 576890, 1, 0
2222, 553562, 1, 0
2223, 587547, 1, 0
2224, 588725, 1, 0
2225, 589205, 1, 0
2226, 553146, 1, 0
2227, 575023, 1, 0
2228, 583957, 1, 0
2229, 587029, 1, 0
2230, 569785, 1, 0
2231, 587294, 1, 0
2232, 586727, 1, 0
2233, 588142, 1, 0
2234, 569129, 1, 0
2235, 586330, 1, 0
2236, 556088, 1, 0
2237, 572245, 1, 0
2238, 586311, 1, 0
2239, 570949, 1, 0
2240, 592763, 1, 0
2241, 588142, 1, 0
2242, 553319, 1, 0
2243, 589880, 1, 0
2244, 585390, 1, 0
2245, 588107, 1, 0
2246, 556095, 1, 0
2247, 574389, 1, 0
2248, 555584, 1, 0
2249, 599918, 1, 0
2250, 591573, 1, 0
2251, 586316, 1, 0
2252, 585013, 1, 0
2253, 589477, 1, 0
2254, 596056, 1, 0
2255, 570708, 1, 0
2256, 571007, 1, 0
2257, 570845, 1, 0
2258, 552393, 1, 0
2259, 568706, 1, 0
2260, 570680, 1, 0
2261, 571651, 1, 0
2262, 552845, 1, 0
2263, 548614, 1, 0
2264, 589898, 1, 0
2265, 554007, 1, 0
2266, 586955, 1, 0
2267, 553664, 1, 0
2268, 558246, 1, 0
2269, 591557, 1, 0
2270, 585981, 1, 0
2271, 587780, 1, 0
2272, 586583, 1, 0
2273, 588903, 1, 0
2274, 588100, 1, 0
2275, 571033, 1, 0
2276, 569589, 1, 0
2277, 552624, 1, 0
2278, 583737, 1, 0
2279, 590424, 1, 0
2280, 589239, 1, 0
2281, 585827, 1, 0
2282, 570854, 1, 0
2283, 583555, 1, 0
2284, 570322, 1, 0
2285, 555519, 1, 0
2286, 571627, 1, 0
2287, 533510, 1, 0
2288, 566659, 1, 0
2289, 585723, 1, 0
2290, 588711, 1, 0
2291, 585464, 1, 0
2292, 584248, 1, 0
2293, 594521, 1, 0
2294, 587754, 1, 0
2295, 569897, 1, 0
2296, 552256, 1, 0
2297, 571189, 1, 0
2298, 568697, 1, 0
2299, 565750, 1, 0
2300, 578168, 1, 0
2301, 565115, 1, 0
2302, 531849, 1, 0
2303, 526775, 1, 0
2304, 528273, 1, 0
2305, 527009, 1, 0
2306, 578353, 1, 0
2307, 539820, 1, 0
2308, 522694, 1, 0
2309, 518634, 1, 0
2310, 514189, 1, 0
2311, 517836, 1, 0
2312, 519540, 1, 0
2313, 518395, 1, 0
2314, 516317, 1, 0
2315, 516927, 1, 0
2316, 517291, 1, 0
2317, 515115, 1, 0
2318, 515378, 1, 0
2319, 518770, 1, 0
2320, 523512, 1, 0
2321, 516629, 1, 0
2322, 516137, 1, 0
2323, 515882, 1, 0
2324, 513930, 1, 0
2325, 514954, 1, 0
2326, 514220, 1, 0
2327, 513865, 1, 0
2328, 513919, 1, 0
2329, 528054, 1, 0
2330, 515758, 1, 0
2331, 514260, 1, 0
2332, 514135, 1, 0
2333, 514769, 1, 0
2334, 513700, 1, 0
2335, 514043, 1, 0
2336, 514492, 1, 0
2337, 515077, 1, 0
2338, 521147, 1, 0
2339, 514091, 1, 0
2340, 516603, 1, 0
2341, 514152, 1, 0
2342, 513760, 1, 0
2343, 514876, 1, 0
2344, 515569, 1, 0
2345, 514876, 1, 0
2346, 513725, 1, 0
2347, 513810, 1, 0
2348, 514320, 1, 0
2349, 514027, 1, 0
2350, 515877, 1, 0
2351, 562401, 1, 0
2352, 557527, 1, 0
2353, 556470, 1, 0
2354, 553987, 1, 0
2355, 566647, 1, 0
2356, 554508, 1, 0
2357, 556334, 1, 0
2358, 558627, 1, 0
2359, 548630, 1, 0
2360, 570316, 1, 0
2361, 553956, 1, 0
2362, 556822, 1, 0
2363, 557375, 1, 0
2364, 555323, 1, 0
2365, 558964, 1, 0
2366, 553927, 1, 0
2367, 554765, 1, 0
2368, 518140, 1, 0
2369, 535212, 1, 0
2370, 555698, 1, 0
2371, 560645, 1, 0
2372, 554554, 1, 0
2373, 555034, 1, 0
2374, 555117, 1, 0
2375, 558534, 1, 0
2376, 553160, 1, 0
2377, 555248, 1, 0
2378, 539749, 1, 0
2379, 534034, 1, 0
2380, 554292, 1, 0
2381, 554296, 1, 0
2382, 556488, 1, 0
2383, 554868, 1, 0
2384, 555994, 1, 0
2385, 554406, 1, 0
2386, 553738, 1, 0
2387, 536362, 1, 0
2388, 539685, 1, 0
2389, 535537, 1, 0
2390, 519171, 1, 0
2391, 554478, 1, 0
2392, 554856, 1, 0
2393, 554738, 1, 0
2394, 517858, 1, 0
2395, 553918, 1, 0
2396, 555390, 1, 0
2397, 559009, 1, 0
2398, 518260, 1, 0
2399, 556518, 1, 0
2400, 553624, 1, 0
2401, 553451, 1, 0
2402, 517942, 1, 0
2403, 533808, 1, 0
2404, 553613, 1, 0
2405, 558024, 1, 0
2406, 554467, 1, 0
2407, 555759, 1, 0
2408, 517650, 1, 0
2409, 534339, 1, 0
2410, 556422, 1, 0
2411, 554821, 1, 0
2412, 554419, 1, 0
2413, 537516, 1, 0
2414, 521276, 1, 0
2415, 513720, 1, 0
2416, 517737, 1, 0
2417, 516552, 1, 0
2418, 515703, 1, 0
2419, 515912, 1, 0
2420, 553828, 1, 0
2421, 555170, 1, 0
2422, 554323, 1, 0
2423, 558752, 1, 0
2424, 554679, 1, 0
2425, 552840, 1, 0
2426, 533356, 1, 0
2427, 516006, 1, 0
2428, 515923, 1, 0
2429, 515316, 1, 0
2430, 553729, 1, 0
2431, 556949, 1, 0
2432, 554750, 1, 0
2433, 559590, 1, 0
2434, 539090, 1, 0
2435, 555162, 1, 0
2436, 553682, 1, 0
2437, 555650, 1, 0
2438, 557644, 1, 0
2439, 519980, 1, 0
2440, 553684, 1, 0
2441, 555181, 1, 0
2442, 554171, 1, 0
2443, 557784, 1, 0
2444, 554543, 1, 0
2445, 554245, 1, 0
2446, 554005, 1, 0
2447, 556212, 1, 0
2448, 518800, 1, 0
2449, 515901, 1, 0
2450, 554994, 1, 0
2451, 557885, 1, 0
2452, 553618, 1, 0
2453, 560416, 1, 0
2454, 556225, 1, 0
2455, 559995, 1, 0
2456, 557337, 1, 0
2457, 554866, 1, 0
2458, 557721, 1, 0
2459, 518783, 1, 0
2460, 520236, 1, 0
2461, 554840, 1, 0
2462, 538664, 1, 0
2463, 559207, 1, 0
2464, 555677, 1, 0
2465, 557221, 1, 0
2466, 556221, 1, 0
2467, 542378, 1, 0
2468, 555188, 1, 0
2469, 555482, 1, 0
2470, 558823, 1, 0
2471, 556228, 1, 0
2472, 555878, 1, 0
2473, 525173, 1, 0
2474, 524035, 1, 0
2475, 519746, 1, 0
2476, 536019, 1, 0
2477, 561252, 1, 0
2478, 556943, 1, 0
2479, 561719, 1, 0
2480, 557642, 1, 0
2481, 557360, 1, 0
2482, 539638, 1, 0
2483, 553805, 1, 0
2484, 556616, 1, 0
2485, 558033, 1, 0
2486, 558239, 1, 0
2487, 573172, 1, 0
2488, 587984, 1, 0
2489, 556603, 1, 0
2490, 590589, 1, 0
2491, 549352, 1, 0
2492, 566174, 1, 0
2493, 592551, 1, 0
2494, 593040, 1, 0
2495, 585433, 1, 0
2496, 586899, 1, 0
2497, 569071, 1, 0
2498, 570637, 1, 0
2499, 557325, 1, 0
2500, 588926, 1, 0
2501, 571741, 1, 0
2502, 588335, 1, 0
2503, 574955, 1, 0
2504, 518697, 1, 0
2505, 585860, 1, 0
2506, 587055, 1, 0
2507, 593344, 1, 0
2508, 588898, 1, 0
2509, 586486, 1, 0
2510, 584958, 1, 0
2511, 590174, 1, 0
2512, 571528, 1, 0
2513, 572235, 1, 0
2514, 591382, 1, 0
2515, 588995, 1, 0
2516, 585812, 1, 0
2517, 586624, 1, 0
2518, 588002, 1, 0
2519, 575412, 1, 0
2520, 572958, 1, 0
2521, 588843, 1, 0
2522, 592193, 1, 0
2523, 586963, 1, 0
2524, 567331, 1, 0
2525, 589051, 1, 0
2526, 588777, 1, 0
2527, 587022, 1, 0
2528, 579823, 1, 0
2529, 535948, 1, 0
2530, 556210, 1, 0
2531, 588632, 1, 0
2532, 589840, 1, 0
2533, 570134, 1, 0
2534, 585475, 1, 0
2535, 584743, 1, 0
2536, 587672, 1, 0
2537, 575077, 1, 0
2538, 570993, 1, 0
2539, 554285, 1, 0
2540, 554296, 1, 0
2541, 586792, 1, 0
2542, 591148, 1, 0
2543, 562575, 1, 0
2544, 570215, 1, 0
2545, 569114, 1, 0
2546, 586042, 1, 0
2547, 569381, 1, 0
2548, 589162, 1, 0
2549, 586481, 1, 0
2550, 554571, 1, 0
2551, 628461, 1, 0
2552, 590204, 1, 0
2553, 586992, 1, 0
2554, 565954, 1, 0
2555, 589546, 1, 0
2556, 590237, 1, 0
2557, 588889, 1, 0
2558, 590038, 1, 0
2559, 586400, 1, 0
2560, 588767, 1, 0
2561, 596882, 1, 0
2562, 583473, 1, 0
2563, 562787, 1, 0
2564, 563532, 1, 0
2565, 589174, 1, 0
2566, 586590, 1, 0
2567, 595023, 1, 0
2568, 586965, 1, 0
2569, 587194, 1, 0
2570, 591571, 1, 0
2571, 593225, 1, 0
2572, 572047, 1, 0
2573, 555542, 1, 0
2574, 592983, 1, 0
2575, 588034, 1, 0
2576, 569357, 1, 0
2577, 531449, 1, 0
2578, 557769, 1, 0
2579, 589336, 1, 0
2580, 577577, 1, 0
2581, 576467, 1, 0
2582, 547942, 1, 0
2583, 565287, 1, 0
2584, 590483, 1, 0
2585, 591644, 1, 0
2586, 588199, 1, 0
2587, 590543, 1, 0
2588, 589614, 1, 0
2589, 592201, 1, 0
2590, 591349, 1, 0
2591, 588676, 1, 0
2592, 572822, 1, 0
2593, 586831, 1, 0
2594, 590896, 1, 0
2595, 592957, 1, 0
2596, 600072, 1, 0
2597, 567768, 1, 0
2598, 586801, 1, 0
2599, 597535, 1, 0
2600, 568224, 1, 0
2601, 588547, 1, 0
2602, 568170, 1, 0
2603, 602504, 1, 0
2604, 590891, 1, 0
2605, 586806, 1, 0
2606, 588935, 1, 0
2607, 588689, 1, 0
2608, 590379, 1, 0
2609, 587804, 1, 0
2610, 586985, 1, 0
2611, 591680, 1, 0
2612, 571147, 1, 0
2613, 592170, 1, 0
2614, 588548, 1, 0
2615, 586643, 1, 0
2616, 590012, 1, 0
2617, 552479, 1, 0
2618, 561076, 1, 0
2619, 558961, 1, 0
2620, 586817, 1, 0
2621, 553511, 1, 0
2622, 583750, 1, 0
2623, 586788, 1, 0
2624, 587163, 1, 0
2625, 590723, 1, 0
2626, 570640, 1, 0
2627, 589088, 1, 0
2628, 551311, 1, 0
2629, 586105, 1, 0
2630, 572189, 1, 0
2631, 622081, 1, 0
2632, 574270, 1, 0
2633, 555473, 1, 0
2634, 557546, 1, 0
2635, 559943, 1, 0
2636, 555161, 1, 0
2637, 560170, 1, 0
2638, 554058, 1, 0
2639, 554978, 1, 0
2640, 558403, 1, 0
2641, 558908, 1, 0
2642, 536979, 1, 0
2643, 563662, 1, 0
2644, 556486, 1, 0
2645, 554769, 1, 0
2646, 556237, 1, 0
2647, 548438, 1, 0
2648, 568255, 1, 0
2649, 556808, 1, 0
2650, 555794, 1, 0
2651, 562497, 1, 0
2652, 567633, 1, 0
2653, 556026, 1, 0
2654, 553913, 1, 0
2655, 555701, 1, 0
2656, 554610, 1, 0
2657, 558140, 1, 0
2658, 536183, 1, 0
2659, 555637, 1, 0
2660, 553715, 1, 0
2661, 519396, 1, 0
2662, 564180, 1, 0
2663, 555090, 1, 0
2664, 589803, 1, 0
2665, 559048, 1, 0
2666, 553065, 1, 0
2667, 546728, 1, 0
2668, 547876, 1, 0
2669, 554628, 1, 0
2670, 555504, 1, 0
2671, 554978, 1, 0
2672, 555364, 1, 0
2673, 554369, 1, 0
2674, 540408, 1, 0
2675, 556880, 1, 0
2676, 556179, 1, 0
2677, 558600, 1, 0
2678, 554640, 1, 0
2679, 576559, 1, 0
2680, 517013, 1, 0
2681, 515236, 1, 0
2682, 535506, 1, 0
2683, 585855, 1, 0
2684, 586480, 1, 0
2685, 610398, 1, 0
2686, 590223, 1, 0
2687, 578372, 1, 0
2688, 588776, 1, 0
2689, 588678, 1, 0
2690, 586620, 1, 0
2691, 583127, 1, 0
2692, 570770, 1, 0
2693, 586750, 1, 0
2694, 588883, 1, 0
2695, 560018, 1, 0
2696, 550537, 1, 0
2697, 566808, 1, 0
2698, 591168, 1, 0
2699, 588724, 1, 0
2700, 593219, 1, 0
2701, 590778, 1, 0
2702, 592405, 1, 0
2703, 558664, 1, 0
2704, 565909, 1, 0
2705, 590363, 1, 0
2706, 587289, 1, 0
2707, 541065, 1, 0
2708, 558575, 1, 0
2709, 583896, 1, 0
2710, 651655, 1, 0
2711, 587172, 1, 0
2712, 587377, 1, 0
2713, 550876, 1, 0
2714, 587005, 1, 0
2715, 567540, 1, 0
2716, 591617, 1, 0
2717, 566844, 1, 0
2718, 562018, 1, 0
2719, 569818, 1, 0
2720, 585936, 1, 0
2721, 588218, 1, 0
2722, 570233, 1, 0
2723, 571990, 1, 0
2724, 549936, 1, 0
2725, 588658, 1, 0
2726, 587074, 1, 0
2727, 554148, 1, 0
2728, 587211, 1, 0
2729, 569881, 1, 0
2730, 589262, 1, 0
2731, 557499, 1, 0
2732, 551182, 1, 0
2733, 584852, 1, 0
2734, 586589, 1, 0
2735, 609979, 1, 0
2736, 587581, 1, 0
2737, 575887, 1, 0
2738, 588852, 1, 0
2739, 590753, 1, 0
2740, 589001, 1, 0
2741, 592750, 1, 0
2742, 587129, 1, 0
2743, 587967, 1, 0
2744, 573197, 1, 0
2745, 588376, 1, 0
2746, 589265, 1, 0
2747, 587708, 1, 0
2748, 567339, 1, 0
2749, 590139, 1, 0
2750, 557474, 1, 0
2751, 572874, 1, 0
2752, 568080, 1, 0
2753, 588009, 1, 0
2754, 586875, 1, 0
2755, 539590, 1, 0
2756, 533801, 1, 0
2757, 541928, 1, 0
2758, 557809, 1, 0
2759, 556619, 1, 0
2760, 559243, 1, 0
2761, 559831, 1, 0
2762, 556850, 1, 0
2763, 556251, 1, 0
2764, 557096, 1, 0
2765, 557957, 1, 0
2766, 556449, 1, 0
2767, 529400, 1, 0
2768, 551503, 1, 0
2769, 551343, 1, 0
2770, 551240, 1, 0
2771, 557329, 1, 0
2772, 558062, 1, 0
2773, 555336, 1, 0
2774, 558520, 1, 0
2775, 550644, 1, 0
2776, 535291, 1, 0
2777, 516165, 1, 0
2778, 515825, 1, 0
2779, 516951, 1, 0
2780, 514909, 1, 0
2781, 514746, 1, 0
2782, 514218, 1, 0
2783, 514535, 1, 0
2784, 519536, 1, 0
2785, 519326, 1, 0
2786, 517220, 1, 0
2787, 533131, 1, 0
2788, 551505, 1, 0
2789, 535140, 1, 0
2790, 516104, 1, 0
2791, 515122, 1, 0
2792, 553915, 1, 0
2793, 556846, 1, 0
2794, 555401, 1, 0
2795, 558171, 1, 0
2796, 551858, 1, 0
2797, 554739, 1, 0
2798, 556705, 1, 0
2799, 539044, 1, 0
2800, 515373, 1, 0
2801, 514993, 1, 0
2802, 514210, 1, 0
2803, 515276, 1, 0
2804, 515135, 1, 0
2805, 539589, 1, 0
2806, 556141, 1, 0
2807, 572200, 1, 0
2808, 588700, 1, 0
2809, 595365, 1, 0
2810, 587771, 1, 0
2811, 590044, 1, 0
2812, 589986, 1, 0
2813, 605332, 1, 0
2814, 590784, 1, 0
2815, 564436, 1, 0
2816, 590541, 1, 0
2817, 587912, 1, 0
2818, 593249, 1, 0
2819, 590156, 1, 0
2820, 591250, 1, 0
2821, 588397, 1, 0
2822, 589779, 1, 0
2823, 590195, 1, 0
2824, 540187, 1, 0
2825, 558963, 1, 0
2826, 559084, 1, 0
2827, 549277, 1, 0
2828, 530218, 1, 0
2829, 542048, 1, 0
2830, 556644, 1, 0
2831, 521801, 1, 0
2832, 535477, 1, 0
2833, 550187, 1, 0
2834, 550029, 1, 0
2835, 533677, 1, 0
2836, 548734, 1, 0
2837, 548977, 1, 0
2838, 551582, 1, 0
2839, 568320, 1, 0
2840, 589398, 1, 0
2841, 585477, 1, 0
2842, 552312, 1, 0
2843, 550027, 1, 0
2844, 546810, 1, 0
2845, 548163, 1, 0
2846, 559355, 1, 0
2847, 550926, 1, 0
2848, 584092, 1, 0
2849, 586158, 1, 0
2850, 550634, 1, 0
2851, 585135, 1, 0
2852, 589532, 1, 0
2853, 588365, 1, 0
2854, 588552, 1, 0
2855, 559778, 1, 0
2856, 586349, 1, 0
2857, 556911, 1, 0
2858, 549471, 1, 0
2859, 584710, 1, 0
2860, 560309, 1, 0
2861, 548281, 1, 0
2862, 516838, 1, 0
2863, 567496, 1, 0
2864, 586983, 1, 0
2865, 569413, 1, 0
2866, 548474, 1, 0
2867, 534370, 1, 0
2868, 549731, 1, 0
2869, 549931, 1, 0
2870, 590790, 1, 0
2871, 566764, 1, 0
2872, 587584, 1, 0
2873, 587991, 1, 0
2874, 569689, 1, 0
2875, 596806, 1, 0
2876, 563191, 1, 0
2877, 540326, 1, 0
2878, 587431, 1, 0
2879, 586263, 1, 0
2880, 587073, 1, 0
2881, 562255, 1, 0
2882, 553482, 1, 0
2883, 556086, 1, 0
2884, 516070, 1, 0
2885, 515801, 1, 0
2886, 518664, 1, 0
2887, 515830, 1, 0
2888, 513952, 1, 0
2889, 513623, 1, 0
2890, 513360, 1, 0
2891, 532610, 1, 0
2892, 533839, 1, 0
2893, 514099, 1, 0
2894, 568366, 1, 0
2895, 586841, 1, 0
2896, 592853, 1, 0
2897, 604885, 1, 0
2898, 549692, 1, 0
2899, 588270, 1, 0
2900, 569523, 1, 0
2901, 578562, 1, 0
2902, 589647, 1, 0
2903, 585705, 1, 0
2904, 593216, 1, 0
2905, 557688, 1, 0
2906, 589040, 1, 0
2907, 590910, 1, 0
2908, 585837, 1, 0
2909, 585354, 1, 0
2910, 590049, 1, 0
2911, 576584, 1, 0
2912, 587293, 1, 0
2913, 586888, 1, 0
2914, 585423, 1, 0
2915, 587434, 1, 0
2916, 585953, 1, 0
2917, 585093, 1, 0
2918, 589703, 1, 0
2919, 571084, 1, 0
2920, 548654, 1, 0
2921, 586873, 1, 0
2922, 589378, 1, 0
2923, 587546, 1, 0
2924, 599768, 1, 0
2925, 583583, 1, 0
2926, 585849, 1, 0
2927, 590191, 1, 0
2928, 588520, 1, 0
2929, 584085, 1, 0
2930, 589394, 1, 0
2931, 571916, 1, 0
2932, 555189, 1, 0
2933, 585504, 1, 0
2934, 590259, 1, 0
2935, 577401, 1, 0
2936, 590846, 1, 0
2937, 588992, 1, 0
2938, 585219, 1, 0
2939, 586483, 1, 0
2940, 554287, 1, 0
2941, 574305, 1, 0
2942, 586632, 1, 0
2943, 585604, 1, 0
2944, 586565, 1, 0
2945, 585189, 1, 0
2946, 586588, 1, 0
2947, 585878, 1, 0
2948, 583920, 1, 0
2949, 586151, 1, 0
2950, 585258, 1, 0
2951, 591677, 1, 0
2952, 588148, 1, 0
2953, 590009, 1, 0
2954, 586139, 1, 0
2955, 590674, 1, 0
2956, 588067, 1, 0
2957, 588779, 1, 0
2958, 581577, 1, 0
2959, 591701, 1, 0
2960, 585850, 1, 0
2961, 587892, 1, 0
2962, 593285, 1, 0
2963, 585467, 1, 0
2964, 594136, 1, 0
2965, 584543, 1, 0
2966, 586745, 1, 0
2967, 585094, 1, 0
2968, 586649, 1, 0
2969, 585825, 1, 0
2970, 535908, 1, 0
2971, 584070, 1, 0
2972, 587818, 1, 0
2973, 588739, 1, 0
2974, 585399, 1, 0
2975, 591033, 1, 0
2976, 552735, 1, 0
2977, 547292, 1, 0
2978, 586629, 1, 0
2979, 582214, 1, 0
2980, 585396, 1, 0
2981, 587632, 1, 0
2982, 585046, 1, 0
2983, 565630, 1, 0
2984, 584968, 1, 0
2985, 583958, 1, 0
2986, 570246, 1, 0
2987, 560147, 1, 0
2988, 585822, 1, 0
2989, 586138, 1, 0
2990, 586745, 1, 0
2991, 585623, 1, 0
2992, 587827, 1, 0
2993, 587273, 1, 0
2994, 586034, 1, 0
2995, 587133, 1, 0
2996, 570681, 1, 0
2997, 593669, 1, 0
2998, 585245, 1, 0
2999, 590008, 1, 0
3000, 588741, 1, 0
3001, 566281, 1, 0
3002, 587315, 1, 0
3003, 587035, 1, 0
3004, 572859, 1, 0
3005, 581875, 1, 0
3006, 584145, 1, 0
3007, 586519, 1, 0
3008, 568214, 1, 0
3009, 570790, 1, 0
3010, 587378, 1, 0
3011, 571937, 1, 0
3012, 589341, 1, 0
3013, 591645, 1, 0
3014, 589196, 1, 0
3015, 576915, 1, 0
3016, 560145, 1, 0
3017, 592724, 1, 0
3018, 602766, 1, 0
3019, 592592, 1, 0
3020, 587479, 1, 0
3021, 551449, 1, 0
3022, 548092, 1, 0
3023, 573337, 1, 0
3024, 580810, 1, 0
3025, 586569, 1, 0
3026, 586354, 1, 0
3027, 574774, 1, 0
3028, 569428, 1, 0
3029, 551106, 1, 0
3030, 582402, 1, 0
3031, 538336, 1, 0
3032, 515376, 1, 0
3033, 516311, 1, 0
3034, 515080, 1, 0
3035, 516343, 1, 0
3036, 514982, 1, 0
3037, 516174, 1, 0
3038, 514412, 1, 0
3039, 519705, 1, 0
3040, 515495, 1, 0
3041, 515416, 1, 0
3042, 572519, 1, 0
3043, 570801, 1, 0
3044, 551595, 1, 0
3045, 516113, 1, 0
3046, 567698, 1, 0
3047, 571381, 1, 0
3048, 583912, 1, 0
3049, 584898, 1, 0
3050, 586859, 1, 0
3051, 565212, 1, 0
3052, 550755, 1, 0
3053, 544913, 1, 0
3054, 531590, 1, 0
3055, 515139, 1, 0
3056, 514483, 1, 0
3057, 523475, 1, 0
3058, 516003, 1, 0
3059, 515393, 1, 0
3060, 514863, 1, 0
3061, 513998, 1, 0
3062, 513589, 1, 0
3063, 515269, 1, 0
3064, 514517, 1, 0
3065, 516239, 1, 0
3066, 514723, 1, 0
3067, 524401, 1, 0
3068, 515034, 1, 0
3069, 524428, 1, 0
3070, 514210, 1, 0
3071, 515427, 1, 0
3072, 515180, 1, 0
3073, 513750, 1, 0
3074, 516141, 1, 0
3075, 514351, 1, 0
3076, 513806, 1, 0
3077, 514634, 1, 0
3078, 513690, 1, 0
3079, 516689, 1, 0
3080, 516904, 1, 0
3081, 516011, 1, 0
3082, 519187, 1, 0
3083, 530598, 1, 0
3084, 552708, 1, 0
3085, 550552, 1, 0
3086, 569494, 1, 0
3087, 519336, 1, 0
3088, 549370, 1, 0
3089, 533675, 1, 0
3090, 559478, 1, 0
3091, 516383, 1, 0
3092, 541137, 1, 0
3093, 541748, 1, 0
3094, 543089, 1, 0
3095, 587002, 1, 0
3096, 565492, 1, 0
3097, 568487, 1, 0
3098, 567839, 1, 0
3099, 584619, 1, 0
3100, 566757, 1, 0
3101, 567654, 1, 0
3102, 563826, 1, 0
3103, 550357, 1, 0
3104, 567597, 1, 0
3105, 538429, 1, 0
3106, 536371, 1, 0
3107, 535541, 1, 0
3108, 562733, 1, 0
3109, 538241, 1, 0
3110, 518884, 1, 0
3111, 516003, 1, 0
3112, 513766, 1, 0
3113, 517562, 1, 0
3114, 515194, 1, 0
3115, 533608, 1, 0
3116, 540313, 1, 0
3117, 518041, 1, 0
3118, 546650, 1, 0
3119, 583921, 1, 0
3120, 553205, 1, 0
3121, 567511, 1, 0
3122, 538732, 1, 0
3123, 518102, 1, 0
3124, 558687, 1, 0
3125, 535120, 1, 0
3126, 554812, 1, 0
3127, 535999, 1, 0
3128, 515147, 1, 0
3129, 513998, 1, 0
3130, 514474, 1, 0
3131, 515746, 1, 0
3132, 513032, 1, 0
3133, 513888, 1, 0
3134, 515781, 1, 0
3135, 554071, 1, 0
3136, 554651, 1, 0
3137, 569915, 1, 0
3138, 553650, 1, 0
3139, 570254, 1, 0
3140, 569252, 1, 0
3141, 585853, 1, 0
3142, 549306, 1, 0
3143, 549398, 1, 0
3144, 533986, 1, 0
3145, 550443, 1, 0
3146, 570339, 1, 0
3147, 568971, 1, 0
3148, 567792, 1, 0
3149, 570802, 1, 0
3150, 565054, 1, 0
3151, 587898, 1, 0
3152, 546742, 1, 0
3153, 563671, 1, 0
3154, 566017, 1, 0
3155, 534329, 1, 0
3156, 556107, 1, 0
3157, 571057, 1, 0
3158, 566017, 1, 0
3159, 566068, 1, 0
3160, 596962, 1, 0
3161, 550302, 1, 0
3162, 578531, 1, 0
3163, 565778, 1, 0
3164, 585212, 1, 0
3165, 567055, 1, 0
3166, 568475, 1, 0
3167, 532753, 1, 0
3168, 573116, 1, 0
3169, 551664, 1, 0
3170, 573670, 1, 0
3171, 552927, 1, 0
3172, 569187, 1, 0
3173, 554186, 1, 0
3174, 568669, 1, 0
3175, 585573, 1, 0
3176, 556854, 1, 0
3177, 552099, 1, 0
3178, 566337, 1, 0
3179, 566445, 1, 0
3180, 567551, 1, 0
3181, 583671, 1, 0
3182, 573137, 1, 0
3183, 547099, 1, 0
3184, 566793, 1, 0
3185, 553264, 1, 0
3186, 581049, 1, 0
3187, 566758, 1, 0
3188, 568356, 1, 0
3189, 569573, 1, 0
3190, 549365, 1, 0
3191, 570102, 1, 0
3192, 548174, 1, 0
3193, 548245, 1, 0
3194, 564089, 1, 0
3195, 550768, 1, 0
3196, 549552, 1, 0
3197, 567013, 1, 0
3198, 565466, 1, 0
3199, 563430, 1, 0
3200, 567902, 1, 0
3201, 577147, 1, 0
3202, 547400, 1, 0
3203, 549689, 1, 0
3204, 582570, 1, 0
3205, 567088, 1, 0
3206, 572542, 1, 0
3207, 566009, 1, 0
3208, 552506, 1, 0
3209, 575415, 1, 0
3210, 605151, 1, 0
3211, 579238, 1, 0
3212, 574053, 1, 0
3213, 565936, 1, 0
3214, 565566, 1, 0
3215, 556722, 1, 0
3216, 575934, 1, 0
3217, 536670, 1, 0
3218, 566657, 1, 0
3219, 569156, 1, 0
3220, 583025, 1, 0
3221, 567343, 1, 0
3222, 567417, 1, 0
3223, 565323, 1, 0
3224, 549347, 1, 0
3225, 548088, 1, 0
3226, 563385, 1, 0
3227, 564899, 1, 0
3228, 567559, 1, 0
3229, 549708, 1, 0
3230, 568260, 1, 0
3231, 566596, 1, 0
3232, 577593, 1, 0
3233, 549430, 1, 0
3234, 566320, 1, 0
3235, 565326, 1, 0
3236, 565443, 1, 0
3237, 574770, 1, 0
3238, 566512, 1, 0
3239, 516192, 1, 0
3240, 552238, 1, 0
3241, 550673, 1, 0
3242, 552538, 1, 0
3243, 553339, 1, 0
3244, 570533, 1, 0
3245, 571408, 1, 0
3246, 569259, 1, 0
3247, 575014, 1, 0
3248, 566209, 1, 0
3249, 567032, 1, 0
3250, 545557, 1, 0
3251, 546050, 1, 0
3252, 566045, 1, 0
3253, 569451, 1, 0
3254, 549620, 1, 0
3255, 553946, 1, 0
3256, 567006, 1, 0
3257, 551986, 1, 0
3258, 551339, 1, 0
3259, 531993, 1, 0
3260, 583987, 1, 0
3261, 569473, 1, 0
3262, 570345, 1, 0
3263, 570150, 1, 0
3264, 565594, 1, 0
3265, 584883, 1, 0
3266, 567490, 1, 0
3267, 536051, 1, 0
3268, 516608, 1, 0
3269, 543083, 1, 0
3270, 514819, 1, 0
3271, 518948, 1, 0
3272, 524262, 1, 0
3273, 541095, 1, 0
3274, 555226, 1, 0
3275, 551382, 1, 0
3276, 582723, 1, 0
3277, 552700, 1, 0
3278, 567086, 1, 0
3279, 587951, 1, 0
3280, 565800, 1, 0
3281, 553980, 1, 0
3282, 564570, 1, 0
3283, 535439, 1, 0
3284, 549416, 1, 0
3285, 570105, 1, 0
3286, 551632, 1, 0
3287, 586522, 1, 0
3288, 567214, 1, 0
3289, 600009, 1, 0
3290, 548962, 1, 0
3291, 565533, 1, 0
3292, 568653, 1, 0
3293, 583370, 1, 0
3294, 566901, 1, 0
3295, 550051, 1, 0
3296, 549176, 1, 0
3297, 550452, 1, 0
3298, 564723, 1, 0
3299, 586524, 1, 0
3300, 567207, 1, 0
3301, 566890, 1, 0
3302, 567029, 1, 0
3303, 587065, 1, 0
3304, 568599, 1, 0
3305, 574354, 1, 0
3306, 551121, 1, 0
3307, 549741, 1, 0
3308, 568276, 1, 0
3309, 566789, 1, 0
3310, 566778, 1, 0
3311, 531937, 1, 0
3312, 566546, 1, 0
3313, 569745, 1, 0
3314, 558194, 1, 0
3315, 580943, 1, 0
3316, 557923, 1, 0
3317, 554264, 1, 0
3318, 573476, 1, 0
3319, 567781, 1, 0
3320, 549188, 1, 0
3321, 566587, 1, 0
3322, 579030, 1, 0
3323, 559085, 1, 0
3324, 549504, 1, 0
3325, 565969, 1, 0
3326, 568496, 1, 0
3327, 568084, 1, 0
3328, 582817, 1, 0
3329, 553463, 1, 0
3330, 550378, 1, 0
3331, 550009, 1, 0
3332, 588953, 1, 0
3333, 565725, 1, 0
3334, 567568, 1, 0
3335, 568586, 1, 0
3336, 566471, 1, 0
3337, 526225, 1, 0
3338, 566982, 1, 0
3339, 533529, 1, 0
3340, 548762, 1, 0
3341, 550136, 1, 0
3342, 599226, 1, 0
3343, 555968, 1, 0
3344, 540392, 1, 0
3345, 528005, 1, 0
3346, 549783, 1, 0
3347, 545858, 1, 0
3348, 555711, 1, 0
3349, 545242, 1, 0
3350, 576754, 1, 0
3351, 553155, 1, 0
3352, 555242, 1, 0
3353, 538577, 1, 0
3354, 556969, 1, 0
3355, 545053, 1, 0
3356, 524360, 1, 0
3357, 523261, 1, 0
3358, 555641, 1, 0
3359, 567265, 1, 0
3360, 555094, 1, 0
3361, 556688, 1, 0
3362, 554437, 1, 0
3363, 577452, 1, 0
3364, 551521, 1, 0
3365, 556951, 1, 0
3366, 555471, 1, 0
3367, 521937, 1, 0
3368, 554164, 1, 0
3369, 560126, 1, 0
3370, 555352, 1, 0
3371, 552563, 1, 0
3372, 553107, 1, 0
3373, 552290, 1, 0
3374, 552280, 1, 0
3375, 555899, 1, 0
3376, 554122, 1, 0
3377, 537429, 1, 0
3378, 520487, 1, 0
3379, 561365, 1, 0
3380, 555019, 1, 0
3381, 552939, 1, 0
3382, 554181, 1, 0
3383, 524013, 1, 0
3384, 540800, 1, 0
3385, 564877, 1, 0
3386, 525242, 1, 0
3387, 523039, 1, 0
3388, 558345, 1, 0
3389, 555210, 1, 0
3390, 552626, 1, 0
3391, 565029, 1, 0
3392, 552044, 1, 0
3393, 552351, 1, 0
3394, 536472, 1, 0
3395, 552296, 1, 0
3396, 552583, 1, 0
3397, 521315, 1, 0
3398, 552293, 1, 0
3399, 552758, 1, 0
3400, 550061, 1, 0
3401, 546634, 1, 0
3402, 554487, 1, 0
3403, 556454, 1, 0
3404, 558476, 1, 0
3405, 552064, 1, 0
3406, 552882, 1, 0
3407, 526416, 1, 0
3408, 553613, 1, 0
3409, 554362, 1, 0
3410, 553556, 1, 0
3411, 552486, 1, 0
3412, 554111, 1, 0
3413, 555664, 1, 0
3414, 553016, 1, 0
3415, 520212, 1, 0
3416, 534362, 1, 0
3417, 556676, 1, 0
3418, 549082, 1, 0
3419, 552822, 1, 0
3420, 553749, 1, 0
3421, 554000, 1, 0
3422, 552706, 1, 0
3423, 556806, 1, 0
3424, 536977, 1, 0
3425, 554925, 1, 0
3426, 558759, 1, 0
3427, 551064, 1, 0
3428, 556323, 1, 0
3429, 551988, 1, 0
3430, 552446, 1, 0
3431, 555978, 1, 0
3432, 557523, 1, 0
3433, 553986, 1, 0
3434, 551692, 1, 0
3435, 555223, 1, 0
3436, 553558, 1, 0
3437, 537778, 1, 0
3438, 553595, 1, 0
3439, 562010, 1, 0
3440, 554196, 1, 0
3441, 553949, 1, 0
3442, 556273, 1, 0
3443, 552885, 1, 0
3444, 560974, 1, 0
3445, 555991, 1, 0
3446, 553210, 1, 0
3447, 539433, 1, 0
3448, 555185, 1, 0
3449, 556882, 1, 0
3450, 553966, 1, 0
3451, 564392, 1, 0
3452, 552125, 1, 0
3453, 537358, 1, 0
3454, 551841, 1, 0
3455, 536469, 1, 0
3456, 525198, 1, 0
3457, 523643, 1, 0
3458, 553117, 1, 0
3459, 541372, 1, 0
3460, 556961, 1, 0
3461, 556818, 1, 0
3462, 552326, 1, 0
3463, 551223, 1, 0
3464, 554466, 1, 0
3465, 563130, 1, 0
3466, 552343, 1, 0
3467, 556070, 1, 0
3468, 546618, 1, 0
3469, 554086, 1, 0
3470, 557152, 1, 0
3471, 561182, 1, 0
3472, 552432, 1, 0
3473, 557352, 1, 0
3474, 553567, 1, 0
3475, 560831, 1, 0
3476, 534755, 1, 0
3477, 549306, 1, 0
3478, 551004, 1, 0
3479, 554559, 1, 0
3480, 562089, 1, 0
3481, 552959, 1, 0
3482, 539906, 1, 0
3483, 545799, 1, 0
3484, 543804, 1, 0
3485, 536976, 1, 0
3486, 552223, 1, 0
3487, 524545, 1, 0
3488, 523299, 1, 0
3489, 521442, 1, 0
3490, 518312, 1, 0
3491, 521928, 1, 0
3492, 520404, 1, 0
3493, 521200, 1, 0
3494, 519035, 1, 0
3495, 525173, 1, 0
3496, 519634, 1, 0
3497, 517921, 1, 0
3498, 519417, 1, 0
3499, 519480, 1, 0
3500, 518498, 1, 0
3501, 522386, 1, 0
3502, 535991, 1, 0
3503, 519282, 1, 0
3504, 518798, 1, 0
3505, 526151, 1, 0
3506, 524297, 1, 0
3507, 521209, 1, 0
3508, 520031, 1, 0
3509, 525600, 1, 0
3510, 526134, 1, 0
3511, 524536, 1, 0
3512, 523973, 1, 0
3513, 523320, 1, 0
3514, 522975, 1, 0
3515, 521312, 1, 0
3516, 521273, 1, 0
3517, 520062, 1, 0
3518, 522057, 1, 0
3519, 522527, 1, 0
3520, 517085, 1, 0
3521, 521637, 1, 0
3522, 520836, 1, 0
3523, 518928, 1, 0
3524, 516643, 1, 0
3525, 521038, 1, 0
3526, 520979, 1, 0
3527, 519942, 1, 0
3528, 516708, 1, 0
3529, 522875, 1, 0
3530, 523833, 1, 0
3531, 524724, 1, 0
3532, 523472, 1, 0
3533, 544615, 1, 0
3534, 540391, 1, 0
3535, 520643, 1, 0
3536, 541472, 1, 0
3537, 540375, 1, 0
3538, 555419, 1, 0
3539, 551784, 1, 0
3540, 553498, 1, 0
3541, 542034, 1, 0
3542, 523764, 1, 0
3543, 556995, 1, 0
3544, 551564, 1, 0
3545, 556424, 1, 0
3546, 556144, 1, 0
3547, 557364, 1, 0
3548, 539186, 1, 0
3549, 564561, 1, 0
3550, 555965, 1, 0
3551, 554960, 1, 0
3552, 537072, 1, 0
3553, 554882, 1, 0
3554, 550349, 1, 0
3555, 542775, 1, 0
3556, 523970, 1, 0
3557, 555944, 1, 0
3558, 555588, 1, 0
3559, 554553, 1, 0
3560, 554991, 1, 0
3561, 555851, 1, 0
3562, 555771, 1, 0
3563, 555577, 1, 0
3564, 521434, 1, 0
3565, 523977, 1, 0
3566, 555701, 1, 0
3567, 527065, 1, 0
3568, 554533, 1, 0
3569, 558294, 1, 0
3570, 555187, 1, 0
3571, 564628, 1, 0
3572, 556406, 1, 0
3573, 557494, 1, 0
3574, 554405, 1, 0
3575, 521602, 1, 0
3576, 540169, 1, 0
3577, 553252, 1, 0
3578, 555689, 1, 0
3579, 556970, 1, 0
3580, 552789, 1, 0
3581, 557419, 1, 0
3582, 555691, 1, 0
3583, 539963, 1, 0
3584, 523760, 1, 0
3585, 524067, 1, 0
3586, 539633, 1, 0
3587, 525098, 1, 0
3588, 553909, 1, 0
3589, 555175, 1, 0
3590, 556146, 1, 0
3591, 551396, 1, 0
3592, 552847, 1, 0
3593, 555493, 1, 0
3594, 556393, 1, 0
3595, 540388, 1, 0
3596, 539973, 1, 0
3597, 540055, 1, 0
3598, 556540, 1, 0
3599, 559624, 1, 0
3600, 556271, 1, 0
3601, 555757, 1, 0
3602, 539914, 1, 0
3603, 540375, 1, 0
3604, 519381, 1, 0
3605, 518711, 1, 0
3606, 527728, 1, 0
3607, 524703, 1, 0
3608, 525800, 1, 0
3609, 524375, 1, 0
3610, 524102, 1, 0
3611, 525307, 1, 0
3612, 520596, 1, 0
3613, 524174, 1, 0
3614, 520971, 1, 0
3615, 523987, 1, 0
3616, 523536, 1, 0
3617, 524155, 1, 0
3618, 523745, 1, 0
3619, 523730, 1, 0
3620, 523353, 1, 0
3621, 524135, 1, 0
3622, 523255, 1, 0
3623, 525965, 1, 0
3624, 526464, 1, 0
3625, 524971, 1, 0
3626, 523400, 1, 0
3627, 520504, 1, 0
3628, 523593, 1, 0
3629, 523505, 1, 0
3630, 523263, 1, 0
3631, 524051, 1, 0
3632, 523423, 1, 0
3633, 523106, 1, 0
3634, 523145, 1, 0
3635, 524243, 1, 0
3636, 523656, 1, 0
3637, 523757, 1, 0
3638, 523453, 1, 0
3639, 519945, 1, 0
3640, 523858, 1, 0
3641, 524102, 1, 0
3642, 523113, 1, 0
3643, 523357, 1, 0
3644, 523495, 1, 0
3645, 523783, 1, 0
3646, 521599, 1, 0
3647, 519413, 1, 0
3648, 523008, 1, 0
3649, 522979, 1, 0
3650, 522916, 1, 0
3651, 524532, 1, 0
3652, 524437, 1, 0
3653, 524408, 1, 0
3654, 524126, 1, 0
3655, 524057, 1, 0
3656, 524588, 1, 0
3657, 525741, 1, 0
3658, 524378, 1, 0
3659, 524792, 1, 0
3660, 524584, 1, 0
3661, 525042, 1, 0
3662, 540491, 1, 0
3663, 555827, 1, 0
3664, 524073, 1, 0
3665, 524357, 1, 0
3666, 555985, 1, 0
3667, 526772, 1, 0
3668, 556228, 1, 0
3669, 559206, 1, 0
3670, 556942, 1, 0
3671, 561074, 1, 0
3672, 551127, 1, 0
3673, 555451, 1, 0
3674, 555271, 1, 0
3675, 524015, 1, 0
3676, 539505, 1, 0
3677, 540827, 1, 0
3678, 555181, 1, 0
3679, 555532, 1, 0
3680, 555645, 1, 0
3681, 555716, 1, 0
3682, 555668, 1, 0
3683, 556174, 1, 0
3684, 558952, 1, 0
3685, 556282, 1, 0
3686, 540771, 1, 0
3687, 540181, 1, 0
3688, 520870, 1, 0
3689, 518478, 1, 0
3690, 560111, 1, 0
3691, 556289, 1, 0
3692, 559197, 1, 0
3693, 556131, 1, 0
3694, 551512, 1, 0
3695, 537409, 1, 0
3696, 523829, 1, 0
3697, 544454, 1, 0
3698, 563145, 1, 0
3699, 559722, 1, 0
3700, 555877, 1, 0
3701, 555535, 1, 0
3702, 555762, 1, 0
3703, 558941, 1, 0
3704, 557410, 1, 0
3705, 556606, 1, 0
3706, 540152, 1, 0
3707, 539897, 1, 0
3708, 525490, 1, 0
3709, 556769, 1, 0
3710, 555507, 1, 0
3711, 555408, 1, 0
3712, 538936, 1, 0
3713, 519813, 1, 0
3714, 519229, 1, 0
3715, 522205, 1, 0
3716, 525043, 1, 0
3717, 520175, 1, 0
3718, 520697, 1, 0
3719, 524272, 1, 0
3720, 523533, 1, 0
3721, 521082, 1, 0
3722, 518421, 1, 0
3723, 523250, 1, 0
3724, 523356, 1, 0
3725, 521047, 1, 0
3726, 518290, 1, 0
3727, 537995, 1, 0
3728, 557457, 1, 0
3729, 559683, 1, 0
3730, 556535, 1, 0
3731, 560815, 1, 0
3732, 557148, 1, 0
3733, 556433, 1, 0
3734, 561133, 1, 0
3735, 555735, 1, 0
3736, 557238, 1, 0
3737, 557058, 1, 0
3738, 554820, 1, 0
3739, 556745, 1, 0
3740, 556461, 1, 0
3741, 555798, 1, 0
3742, 556086, 1, 0
3743, 560239, 1, 0
3744, 555289, 1, 0
3745, 555995, 1, 0
3746, 554345, 1, 0
3747, 578276, 1, 0
3748, 537008, 1, 0
3749, 553773, 1, 0
3750, 560470, 1, 0
3751, 557567, 1, 0
3752, 554798, 1, 0
3753, 554855, 1, 0
3754, 557123, 1, 0
3755, 557630, 1, 0
3756, 554591, 1, 0
3757, 557220, 1, 0
3758, 558062, 1, 0
3759, 559843, 1, 0
3760, 557272, 1, 0
3761, 554343, 1, 0
3762, 554165, 1, 0
3763, 555943, 1, 0
3764, 555467, 1, 0
3765, 544075, 1, 0
3766, 556844, 1, 0
3767, 608874, 1, 0
3768, 559099, 1, 0
3769, 560582, 1, 0
3770, 554929, 1, 0
3771, 534861, 1, 0
3772, 554615, 1, 0
3773, 554937, 1, 0
3774, 559598, 1, 0
3775, 555270, 1, 0
3776, 559420, 1, 0
3777, 557161, 1, 0
3778, 556688, 1, 0
3779, 557446, 1, 0
3780, 574203, 1, 0
3781, 559716, 1, 0
3782, 590288, 1, 0
3783, 578144, 1, 0
3784, 549855, 1, 0
3785, 513886, 1, 0
3786, 569813, 1, 0
3787, 517564, 1, 0
3788, 570053, 1, 0
3789, 591563, 1, 0
3790, 589924, 1, 0
3791, 587813, 1, 0
3792, 587946, 1, 0
3793, 566260, 1, 0
3794, 587836, 1, 0
3795, 556011, 1, 0
3796, 518668, 1, 0
3797, 581635, 1, 0
3798, 570481, 1, 0
3799, 538931, 1, 0
3800, 539129, 1, 0
3801, 536301, 1, 0
3802, 540121, 1, 0
3803, 557135, 1, 0
3804, 555836, 1, 0
3805, 553502, 1, 0
3806, 564509, 1, 0
3807, 573004, 1, 0
3808, 560504, 1, 0
3809, 573924, 1, 0
3810, 572857, 1, 0
3811, 576854, 1, 0
3812, 558931, 1, 0
3813, 573762, 1, 0
3814, 571772, 1, 0
3815, 533594, 1, 0
3816, 594879, 1, 0
3817, 559151, 1, 0
3818, 588520, 1, 0
3819, 558042, 1, 0
3820, 586274, 1, 0
3821, 572487, 1, 0
3822, 586251, 1, 0
3823, 561553, 1, 0
3824, 574941, 1, 0
3825, 556124, 1, 0
3826, 573171, 1, 0
3827, 558121, 1, 0
3828, 559499, 1, 0
3829, 590488, 1, 0
3830, 585011, 1, 0
3831, 607557, 1, 0
3832, 589634, 1, 0
3833, 587047, 1, 0
3834, 587731, 1, 0
3835, 555338, 1, 0
3836, 555354, 1, 0
3837, 559991, 1, 0
3838, 573740, 1, 0
3839, 586811, 1, 0
3840, 586800, 1, 0
3841, 588641, 1, 0
3842, 585218, 1, 0
3843, 594321, 1, 0
3844, 590618, 1, 0
3845, 591614, 1, 0
3846, 555742, 1, 0
3847, 560345, 1, 0
3848, 576965, 1, 0
3849, 588781, 1, 0
3850, 593856, 1, 0
3851, 591198, 1, 0
3852, 586742, 1, 0
3853, 589227, 1, 0
3854, 594045, 1, 0
3855, 517973, 1, 0
3856, 573786, 1, 0
3857, 560438, 1, 0
3858, 574882, 1, 0
3859, 575658, 1, 0
3860, 587160, 1, 0
3861, 544982, 1, 0
3862, 549396, 1, 0
3863, 571904, 1, 0
3864, 556569, 1, 0
3865, 556806, 1, 0
3866, 555450, 1, 0
3867, 591799, 1, 0
3868, 585441, 1, 0
3869, 601192, 1, 0
3870, 592270, 1, 0
3871, 577320, 1, 0
3872, 596996, 1, 0
3873, 589130, 1, 0
3874, 587317, 1, 0
3875, 519731, 1, 0
3876, 546661, 1, 0
3877, 593459, 1, 0
3878, 589919, 1, 0
3879, 588699, 1, 0
3880, 589381, 1, 0
3881, 587621, 1, 0
3882, 538496, 1, 0
3883, 536381, 1, 0
3884, 558931, 1, 0
3885, 564981, 1, 0
3886, 574605, 1, 0
3887, 572790, 1, 0
3888, 559380, 1, 0
3889, 581756, 1, 0
3890, 554580, 1, 0
3891, 586100, 1, 0
3892, 586522, 1, 0
3893, 589936, 1, 0
3894, 555288, 1, 0
3895, 535252, 1, 0
3896, 551108, 1, 0
3897, 592735, 1, 0
3898, 593631, 1, 0
3899, 594650, 1, 0
3900, 586830, 1, 0
3901, 557410, 1, 0
3902, 546732, 1, 0
3903, 560099, 1, 0
3904, 555449, 1, 0
3905, 554079, 1, 0
3906, 569502, 1, 0
3907, 572408, 1, 0
3908, 586312, 1, 0
3909, 571799, 1, 0
3910, 571804, 1, 0
3911, 581540, 1, 0
3912, 586819, 1, 0
3913, 585823, 1, 0
3914, 591056, 1, 0
3915, 558673, 1, 0
3916, 554213, 1, 0
3917, 572175, 1, 0
3918, 567612, 1, 0
3919, 631846, 1, 0
3920, 586548, 1, 0
3921, 567964, 1, 0
3922, 592511, 1, 0
3923, 555657, 1, 0
3924, 569607, 1, 0
3925, 599949, 1, 0
3926, 554829, 1, 0
3927, 572224, 1, 0
3928, 587977, 1, 0
3929, 587686, 1, 0
3930, 587802, 1, 0
3931, 591191, 1, 0
3932, 571925, 1, 0
3933, 586839, 1, 0
3934, 587626, 1, 0
3935, 555227, 1, 0
3936, 569436, 1, 0
3937, 549599, 1, 0
3938, 547642, 1, 0
3939, 549540, 1, 0
3940, 578011, 1, 0
3941, 585476, 1, 0
3942, 593771, 1, 0
3943, 535324, 1, 0
3944, 535328, 1, 0
3945, 555245, 1, 0
3946, 595306, 1, 0
3947, 554224, 1, 0
3948, 571254, 1, 0
3949, 552154, 1, 0
3950, 555161, 1, 0
3951, 533980, 1, 0
3952, 555232, 1, 0
3953, 569305, 1, 0
3954, 569940, 1, 0
3955, 577753, 1, 0
3956, 552456, 1, 0
3957, 571979, 1, 0
3958, 572695, 1, 0
3959, 585761, 1, 0
3960, 548308, 1, 0
3961, 535559, 1, 0
3962, 570305, 1, 0
3963, 575667, 1, 0
3964, 588085, 1, 0
3965, 522725, 1, 0
3966, 549405, 1, 0
3967, 571354, 1, 0
3968, 574570, 1, 0
3969, 550787, 1, 0
3970, 557873, 1, 0
3971, 516576, 1, 0
3972, 534094, 1, 0
3973, 553869, 1, 0
3974, 555266, 1, 0
3975, 554818, 1, 0
3976, 557876, 1, 0
3977, 554858, 1, 0
3978, 554228, 1, 0
3979, 578606, 1, 0
3980, 536238, 1, 0
3981, 552850, 1, 0
3982, 589522, 1, 0
3983, 572284, 1, 0
3984, 588539, 1, 0
3985, 555279, 1, 0
3986, 560093, 1, 0
3987, 571803, 1, 0
3988, 586720, 1, 0
3989, 554642, 1, 0
3990, 573536, 1, 0
3991, 549647, 1, 0
3992, 590368, 1, 0
3993, 589348, 1, 0
3994, 585379, 1, 0
3995, 541468, 1, 0
3996, 514729, 1, 0
3997, 574357, 1, 0
3998, 584728, 1, 0
3999, 610605, 1, 0
4000, 587370, 1, 0
4001, 584673, 1, 0
4002, 588319, 1, 0
4003, 584799, 1, 0
4004, 587899, 1, 0
4005, 588078, 1, 0
4006, 534226, 1, 0
4007, 580625, 1, 0
4008, 584599, 1, 0
4009, 585805, 1, 0
4010, 549808, 1, 0
4011, 594366, 1, 0
4012, 571765, 1, 0
4013, 586198, 1, 0
4014, 552956, 1, 0
4015, 553347, 1, 0
4016, 568993, 1, 0
4017, 567565, 1, 0
4018, 545851, 1, 0
4019, 570687, 1, 0
4020, 586526, 1, 0
4021, 567372, 1, 0
4022, 546992, 1, 0
4023, 584769, 1, 0
4024, 553476, 1, 0
4025, 536440, 1, 0
4026, 530568, 1, 0
4027, 549910, 1, 0
4028, 557182, 1, 0
4029, 570734, 1, 0
4030, 550031, 1, 0
4031, 582075, 1, 0
4032, 585578, 1, 0
4033, 557437, 1, 0
4034, 516960, 1, 0
4035, 552027, 1, 0
4036, 555970, 1, 0
4037, 553056, 1, 0
4038, 515865, 1, 0
4039, 569042, 1, 0
4040, 585641, 1, 0
4041, 567189, 1, 0
4042, 546630, 1, 0
4043, 583570, 1, 0
4044, 554441, 1, 0
4045, 536494, 1, 0
4046, 531794, 1, 0
4047, 604980, 1, 0
4048, 589649, 1, 0
4049, 589307, 1, 0
4050, 550579, 1, 0
4051, 570556, 1, 0
4052, 586445, 1, 0
4053, 566654, 1, 0
4054, 545637, 1, 0
4055, 566640, 1, 0
4056, 531980, 1, 0
4057, 567945, 1, 0
4058, 571569, 1, 0
4059, 587170, 1, 0
4060, 585639, 1, 0
4061, 589392, 1, 0
4062, 586545, 1, 0
4063, 587934, 1, 0
4064, 571326, 1, 0
4065, 552126, 1, 0
4066, 555082, 1, 0
4067, 576987, 1, 0
4068, 589114, 1, 0
4069, 586269, 1, 0
4070, 586205, 1, 0
4071, 558728, 1, 0
4072, 581489, 1, 0
4073, 588777, 1, 0
4074, 586675, 1, 0
4075, 520188, 1, 0
4076, 514147, 1, 0
4077, 554223, 1, 0
4078, 577641, 1, 0
4079, 589572, 1, 0
4080, 587263, 1, 0
4081, 588805, 1, 0
4082, 586394, 1, 0
4083, 588600, 1, 0
4084, 583479, 1, 0
4085, 586251, 1, 0
4086, 575230, 1, 0
4087, 589016, 1, 0
4088, 590448, 1, 0
4089, 586157, 1, 0
4090, 586367, 1, 0
4091, 589632, 1, 0
4092, 629039, 1, 0
4093, 586775, 1, 0
4094, 574122, 1, 0
4095, 567603, 1, 0
4096, 569632, 1, 0
4097, 570134, 1, 0
4098, 587499, 1, 0
4099, 602409, 1, 0
4100, 585693, 1, 0
4101, 586737, 1, 0
4102, 591010, 1, 0
4103, 576221, 1, 0
4104, 553576, 1, 0
4105, 572002, 1, 0
4106, 585624, 1, 0
4107, 559863, 1, 0
4108, 588263, 1, 0
4109, 585792, 1, 0
4110, 553407, 1, 0
4111, 588628, 1, 0
4112, 605498, 1, 0
4113, 585507, 1, 0
4114, 590334, 1, 0
4115, 571460, 1, 0
4116, 555610, 1, 0
4117, 570882, 1, 0
4118, 586433, 1, 0
4119, 547341, 1, 0
4120, 588630, 1, 0
4121, 586512, 1, 0
4122, 591878, 1, 0
4123, 586589, 1, 0
4124, 594023, 1, 0
4125, 555132, 1, 0
4126, 568377, 1, 0
4127, 571485, 1, 0
4128, 590584, 1, 0
4129, 587902, 1, 0
4130, 587381, 1, 0
4131, 580445, 1, 0
4132, 554388, 1, 0
4133, 561048, 1, 0
4134, 586657, 1, 0
4135, 628697, 1, 0
4136, 572067, 1, 0
4137, 588218, 1, 0
4138, 585625, 1, 0
4139, 570651, 1, 0
4140, 573218, 1, 0
4141, 589443, 1, 0
4142, 588446, 1, 0
4143, 601781, 1, 0
4144, 590329, 1, 0
4145, 588009, 1, 0
4146, 570663, 1, 0
4147, 590252, 1, 0
4148, 570485, 1, 0
4149, 569828, 1, 0
4150, 589247, 1, 0
4151, 589073, 1, 0
4152, 594585, 1, 0
4153, 587703, 1, 0
4154, 585865, 1, 0
4155, 567966, 1, 0
4156, 562036, 1, 0
4157, 571718, 1, 0
4158, 589742, 1, 0
4159, 579641, 1, 0
4160, 547553, 1, 0
4161, 564609, 1, 0
4162, 603478, 1, 0
4163, 639071, 1, 0
4164, 585943, 1, 0
4165, 556568, 1, 0
4166, 533518, 1, 0
4167, 587598, 1, 0
4168, 586356, 1, 0
4169, 591522, 1, 0
4170, 587400, 1, 0
4171, 586976, 1, 0
4172, 571113, 1, 0
4173, 550000, 1, 0
4174, 585463, 1, 0
4175, 570619, 1, 0
4176, 574673, 1, 0
4177, 536408, 1, 0
4178, 546894, 1, 0
4179, 597598, 1, 0
4180, 586006, 1, 0
4181, 555589, 1, 0
4182, 588833, 1, 0
4183, 587723, 1, 0
4184, 589939, 1, 0
4185, 554015, 1, 0
4186, 554109, 1, 0
4187, 566056, 1, 0
4188, 594155, 1, 0
4189, 591453, 1, 0
4190, 588822, 1, 0
4191, 587388, 1, 0
4192, 589303, 1, 0
4193, 586184, 1, 0
4194, 590479, 1, 0
4195, 574547, 1, 0
4196, 551755, 1, 0
4197, 555590, 1, 0
4198, 575740, 1, 0
4199, 574277, 1, 0
4200, 587996, 1, 0
4201, 590062, 1, 0
4202, 586867, 1, 0
4203, 587837, 1, 0
4204, 587404, 1, 0
4205, 589447, 1, 0
4206, 577296, 1, 0
4207, 558150, 1, 0
4208, 551199, 1, 0
4209, 546481, 1, 0
4210, 586798, 1, 0
4211, 628663, 1, 0
4212, 595073, 1, 0
4213, 589031, 1, 0
4214, 586827, 1, 0
4215, 559804, 1, 0
4216, 556609, 1, 0
4217, 572563, 1, 0
4218, 595654, 1, 0
4219, 587292, 1, 0
4220, 590809, 1, 0
4221, 589472, 1, 0
4222, 586872, 1, 0
4223, 592011, 1, 0
4224, 587135, 1, 0
4225, 589655, 1, 0
4226, 560237, 1, 0
4227, 572182, 1, 0
4228, 590844, 1, 0
4229, 587735, 1, 0
4230, 592450, 1, 0
4231, 587840, 1, 0
4232, 588078, 1, 0
4233, 597218, 1, 0
4234, 577521, 1, 0
4235, 572611, 1, 0
4236, 553097, 1, 0
4237, 562659, 1, 0
4238, 569009, 1, 0
4239, 565317, 1, 0
4240, 591347, 1, 0
4241, 586695, 1, 0
4242, 589858, 1, 0
4243, 529695, 1, 0
4244, 594293, 1, 0
4245, 575778, 1, 0
4246, 572337, 1, 0
4247, 549498, 1, 0
4248, 599093, 1, 0
4249, 588054, 1, 0
4250, 586943, 1, 0
4251, 592756, 1, 0
4252, 589102, 1, 0
4253, 587893, 1, 0
4254, 587300, 1, 0
4255, 573810, 1, 0
4256, 558816, 1, 0
4257, 555910, 1, 0
4258, 588675, 1, 0
4259, 586991, 1, 0
4260, 570661, 1, 0
4261, 593420, 1, 0
4262, 591263, 1, 0
4263, 575005, 1, 0
4264, 590149, 1, 0
4265, 536379, 1, 0
4266, 582630, 1, 0
4267, 575783, 1, 0
4268, 586552, 1, 0
4269, 558262, 1, 0
4270, 554809, 1, 0
4271, 588643, 1, 0
4272, 585951, 1, 0
4273, 587721, 1, 0
4274, 589204, 1, 0
4275, 624365, 1, 0
4276, 550860, 1, 0
4277, 574367, 1, 0
4278, 576779, 1, 0
4279, 604209, 1, 0
4280, 577213, 1, 0
4281, 584532, 1, 0
4282, 590005, 1, 0
4283, 590781, 1, 0
4284, 556351, 1, 0
4285, 594327, 1, 0
4286, 554786, 1, 0
4287, 593788, 1, 0
4288, 585821, 1, 0
4289, 589189, 1, 0
4290, 588457, 1, 0
4291, 587736, 1, 0
4292, 566137, 1, 0
4293, 586944, 1, 0
4294, 590054, 1, 0
4295, 574139, 1, 0
4296, 541231, 1, 0
4297, 572412, 1, 0
4298, 586175, 1, 0
4299, 586568, 1, 0
4300, 587682, 1, 0
4301, 568521, 1, 0
4302, 585635, 1, 0
4303, 588607, 1, 0
4304, 554500, 1, 0
4305, 554541, 1, 0
4306, 550782, 1, 0
4307, 585369, 1, 0
4308, 587006, 1, 0
4309, 591022, 1, 0
4310, 560917, 1, 0
4311, 586104, 1, 0
4312, 550965, 1, 0
4313, 585272, 1, 0
4314, 579021, 1, 0
4315, 556038, 1, 0
4316, 585529, 1, 0
4317, 569745, 1, 0
4318, 588199, 1, 0
4319, 592519, 1, 0
4320, 561312, 1, 0
4321, 554948, 1, 0
4322, 587590, 1, 0
4323, 617012, 1, 0
4324, 587941, 1, 0
4325, 556302, 1, 0
4326, 558924, 1, 0
4327, 571150, 1, 0
4328, 569358, 1, 0
4329, 546254, 1, 0
4330, 590150, 1, 0
4331, 610495, 1, 0
4332, 585992, 1, 0
4333, 591508, 1, 0
4334, 585874, 1, 0
4335, 570215, 1, 0
4336, 572672, 1, 0
4337, 570842, 1, 0
4338, 556429, 1, 0
4339, 588608, 1, 0
4340, 589700, 1, 0
4341, 585153, 1, 0
4342, 590005, 1, 0
4343, 589364, 1, 0
4344, 566416, 1, 0
4345, 554579, 1, 0
4346, 553655, 1, 0
4347, 566712, 1, 0
4348, 568923, 1, 0
4349, 582769, 1, 0
4350, 586130, 1, 0
4351, 586729, 1, 0
4352, 594605, 1, 0
4353, 569165, 1, 0
4354, 588371, 1, 0
4355, 571144, 1, 0
4356, 553375, 1, 0
4357, 583219, 1, 0
4358, 587222, 1, 0
4359, 590676, 1, 0
4360, 585672, 1, 0
4361, 581160, 1, 0
4362, 589072, 1, 0
4363, 582193, 1, 0
4364, 579425, 1, 0
4365, 591551, 1, 0
4366, 574410, 1, 0
4367, 560308, 1, 0
4368, 594668, 1, 0
4369, 588735, 1, 0
4370, 585585, 1, 0
4371, 589982, 1, 0
4372, 586556, 1, 0
4373, 586703, 1, 0
4374, 587258, 1, 0
4375, 571341, 1, 0
4376, 552238, 1, 0
4377, 612680, 1, 0
4378, 587497, 1, 0
4379, 585294, 1, 0
4380, 585803, 1, 0
4381, 582144, 1, 0
4382, 595736, 1, 0
4383, 615697, 1, 0
4384, 587288, 1, 0
4385, 557113, 1, 0
4386, 552998, 1, 0
4387, 629026, 1, 0
4388, 586661, 1, 0
4389, 556517, 1, 0
4390, 585227, 1, 0
4391, 570776, 1, 0
4392, 580777, 1, 0
4393, 572783, 1, 0
4394, 585739, 1, 0
4395, 570641, 1, 0
4396, 571547, 1, 0
4397, 572008, 1, 0
4398, 584969, 1, 0
4399, 586469, 1, 0
4400, 585220, 1, 0
4401, 589664, 1, 0
4402, 596843, 1, 0
4403, 588429, 1, 0
4404, 570513, 1, 0
4405, 553199, 1, 0
4406, 569960, 1, 0
4407, 541476, 1, 0
4408, 582135, 1, 0
4409, 589543, 1, 0
4410, 588893, 1, 0
4411, 572009, 1, 0
4412, 585171, 1, 0
4413, 600457, 1, 0
4414, 573747, 1, 0
4415, 553536, 1, 0
4416, 570795, 1, 0
4417, 576544, 1, 0
4418, 554481, 1, 0
4419, 550259, 1, 0
4420, 592691, 1, 0
4421, 587494, 1, 0
4422, 586529, 1, 0
4423, 587442, 1, 0
4424, 586615, 1, 0
4425, 575983, 1, 0
4426, 569370, 1, 0
4427, 572143, 1, 0
4428, 591276, 1, 0
4429, 559479, 1, 0
4430, 587962, 1, 0
4431, 548572, 1, 0
4432, 546640, 1, 0
4433, 586637, 1, 0
4434, 586432, 1, 0
4435, 609160, 1, 0
4436, 554712, 1, 0
4437, 563494, 1, 0
4438, 570231, 1, 0
4439, 621342, 1, 0
4440, 590340, 1, 0
4441, 570476, 1, 0
4442, 537046, 1, 0
4443, 573235, 1, 0
4444, 555814, 1, 0
4445, 569478, 1, 0
4446, 574855, 1, 0
4447, 611365, 1, 0
4448, 574918, 1, 0
4449, 551247, 1, 0
4450, 586865, 1, 0
4451, 604958, 1, 0
4452, 586835, 1, 0
4453, 590382, 1, 0
4454, 586784, 1, 0
4455, 554429, 1, 0
4456, 572187, 1, 0
4457, 557430, 1, 0
4458, 575771, 1, 0
4459, 589822, 1, 0
4460, 586922, 1, 0
4461, 589808, 1, 0
4462, 589391, 1, 0
4463, 573215, 1, 0
4464, 572265, 1, 0
4465, 556530, 1, 0
4466, 619250, 1, 0
4467, 556199, 1, 0
4468, 591876, 1, 0
4469, 591512, 1, 0
4470, 573756, 1, 0
4471, 585587, 1, 0
4472, 575541, 1, 0
4473, 586284, 1, 0
4474, 586943, 1, 0
4475, 576051, 1, 0
4476, 558914, 1, 0
4477, 571602, 1, 0
4478, 587093, 1, 0
4479, 589421, 1, 0
4480, 585778, 1, 0
4481, 567849, 1, 0
4482, 586876, 1, 0
4483, 588053, 1, 0
4484, 569706, 1, 0
4485, 550092, 1, 0
4486, 571013, 1, 0
4487, 584115, 1, 0
4488, 584724, 1, 0
4489, 586951, 1, 0
4490, 589485, 1, 0
4491, 579607, 1, 0
4492, 589873, 1, 0
4493, 588044, 1, 0
4494, 587668, 1, 0
4495, 570054, 1, 0
4496, 553449, 1, 0
4497, 554574, 1, 0
4498, 587388, 1, 0
4499, 573031, 1, 0
4500, 589467, 1, 0
4501, 588225, 1, 0
4502, 585911, 1, 0
4503, 585410, 1, 0
4504, 587665, 1, 0
4505, 592544, 1, 0
4506, 569406, 1, 0
4507, 570350, 1, 0
4508, 587822, 1, 0
4509, 586423, 1, 0
4510, 587324, 1, 0
4511, 573281, 1, 0
4512, 585066, 1, 0
4513, 590162, 1, 0
4514, 587699, 1, 0
4515, 553804, 1, 0
4516, 556975, 1, 0
4517, 572594, 1, 0
4518, 554785, 1, 0
4519, 519263, 1, 0
4520, 518231, 1, 0
4521, 560474, 1, 0
4522, 558478, 1, 0
4523, 560538, 1, 0
4524, 558361, 1, 0
4525, 542007, 1, 0
4526, 519681, 1, 0
4527, 572387, 1, 0
4528, 567006, 1, 0
4529, 558786, 1, 0
4530, 558858, 1, 0
4531, 561598, 1, 0
4532, 558621, 1, 0
4533, 563391, 1, 0
4534, 541149, 1, 0
4535, 522405, 1, 0
4536, 543704, 1, 0
4537, 565201, 1, 0
4538, 557514, 1, 0
4539, 558279, 1, 0
4540, 557973, 1, 0
4541, 560832, 1, 0
4542, 559129, 1, 0
4543, 558289, 1, 0
4544, 541795, 1, 0
4545, 521018, 1, 0
4546, 557088, 1, 0
4547, 537283, 1, 0
4548, 626959, 1, 0
4549, 555746, 1, 0
4550, 554434, 1, 0
4551, 572369, 1, 0
4552, 586357, 1, 0
4553, 587901, 1, 0
4554, 587210, 1, 0
4555, 552405, 1, 0
4556, 556095, 1, 0
4557, 563354, 1, 0
4558, 603641, 1, 0
4559, 582919, 1, 0
4560, 585896, 1, 0
4561, 587186, 1, 0
4562, 566478, 1, 0
4563, 564305, 1, 0
4564, 557409, 1, 0
4565, 523143, 1, 0
4566, 557050, 1, 0
4567, 523211, 1, 0
4568, 519241, 1, 0
4569, 554113, 1, 0
4570, 584748, 1, 0
4571, 589187, 1, 0
4572, 587798, 1, 0
4573, 588753, 1, 0
4574, 587525, 1, 0
4575, 626378, 1, 0
4576, 561846, 1, 0
4577, 571657, 1, 0
4578, 554720, 1, 0
4579, 575791, 1, 0
4580, 546901, 1, 0
4581, 551968, 1, 0
4582, 551163, 1, 0
4583, 567035, 1, 0
4584, 553646, 1, 0
4585, 555066, 1, 0
4586, 528853, 1, 0
4587, 552898, 1, 0
4588, 587916, 1, 0
4589, 552783, 1, 0
4590, 532123, 1, 0
4591, 566971, 1, 0
4592, 570088, 1, 0
4593, 564129, 1, 0
4594, 585220, 1, 0
4595, 572446, 1, 0
4596, 553157, 1, 0
4597, 572950, 1, 0
4598, 591757, 1, 0
4599, 586403, 1, 0
4600, 547933, 1, 0
