1, 13662, 1, 0
2, 14316, 1, 0
3, 14223, 1, 0
4, 14089, 1, 0
5, 14278, 1, 0
6, 14320, 1, 0
7, 14369, 1, 0
8, 14169, 1, 0
9, 14266, 1, 0
10, 14380, 1, 0
11, 14217, 1, 0
12, 7757, 1, 0
13, 15480, 1, 0
14, 14235, 1, 0
15, 14215, 1, 0
16, 7727, 1, 0
17, 14269, 1, 0
18, 14176, 1, 0
19, 14267, 1, 0
20, 7652, 1, 0
21, 14419, 1, 0
22, 14127, 1, 0
23, 14270, 1, 0
24, 14159, 1, 0
25, 14254, 1, 0
26, 11366, 1, 0
27, 8394, 1, 0
28, 14203, 1, 0
29, 14227, 1, 0
30, 14269, 1, 0
31, 14207, 1, 0
32, 14221, 1, 0
33, 14272, 1, 0
34, 14203, 1, 0
35, 14234, 1, 0
36, 14107, 1, 0
37, 14327, 1, 0
38, 14204, 1, 0
39, 14291, 1, 0
40, 8081, 1, 0
41, 14271, 1, 0
42, 14065, 1, 0
43, 14198, 1, 0
44, 14333, 1, 0
45, 14286, 1, 0
46, 14155, 1, 0
47, 14668, 1, 0
48, 14190, 1, 0
49, 14335, 1, 0
50, 15428, 1, 0
51, 14072, 1, 0
52, 14350, 1, 0
53, 14183, 1, 0
54, 14067, 1, 0
55, 14088, 1, 0
56, 14249, 1, 0
57, 15369, 1, 0
58, 14167, 1, 0
59, 14203, 1, 0
60, 14248, 1, 0
61, 14303, 1, 0
62, 14107, 1, 0
63, 14140, 1, 0
64, 14116, 1, 0
65, 14417, 1, 0
66, 14114, 1, 0
67, 14240, 1, 0
68, 14058, 1, 0
69, 14139, 1, 0
70, 14364, 1, 0
71, 14340, 1, 0
72, 8337, 1, 0
73, 14287, 1, 0
74, 14201, 1, 0
75, 14276, 1, 0
76, 14216, 1, 0
77, 14232, 1, 0
78, 14039, 1, 0
79, 14239, 1, 0
80, 14095, 1, 0
81, 14257, 1, 0
82, 14191, 1, 0
83, 14222, 1, 0
84, 14096, 1, 0
85, 14357, 1, 0
86, 14220, 1, 0
87, 13062, 1, 0
88, 9011, 1, 0
89, 11249, 1, 0
90, 13878, 1, 0
91, 15906, 1, 0
92, 13882, 1, 0
93, 14030, 1, 0
94, 11125, 1, 0
95, 9163, 1, 0
96, 10922, 1, 0
97, 14102, 1, 0
98, 13946, 1, 0
99, 13996, 1, 0
100, 13909, 1, 0
101, 14074, 1, 0
102, 8587, 1, 0
103, 14026, 1, 0
104, 13940, 1, 0
105, 14049, 1, 0
106, 13920, 1, 0
107, 13896, 1, 0
108, 13962, 1, 0
109, 14043, 1, 0
110, 13877, 1, 0
111, 14041, 1, 0
112, 13964, 1, 0
113, 23802, 1, 0
114, 14051, 1, 0
115, 14053, 1, 0
116, 13959, 1, 0
117, 14232, 1, 0
118, 23385, 1, 0
119, 14062, 1, 0
120, 14002, 1, 0
121, 13971, 1, 0
122, 13959, 1, 0
123, 28620, 1, 0
124, 14039, 1, 0
125, 15338, 1, 0
126, 13973, 1, 0
127, 13853, 1, 0
128, 13949, 1, 0
129, 14090, 1, 0
130, 13866, 1, 0
131, 14322, 1, 0
132, 14199, 1, 0
133, 14040, 1, 0
134, 14061, 1, 0
135, 14243, 1, 0
136, 13899, 1, 0
137, 14277, 1, 0
138, 14000, 1, 0
139, 14224, 1, 0
140, 14061, 1, 0
141, 14333, 1, 0
142, 14296, 1, 0
143, 14101, 1, 0
144, 14342, 1, 0
145, 14207, 1, 0
146, 14188, 1, 0
147, 13882, 1, 0
148, 8634, 1, 0
149, 8464, 1, 0
150, 10904, 1, 0
151, 14040, 1, 0
152, 13897, 1, 0
153, 14176, 1, 0
154, 11173, 1, 0
155, 10705, 1, 0
156, 13980, 1, 0
157, 14221, 1, 0
158, 13958, 1, 0
159, 8001, 1, 0
160, 13934, 1, 0
161, 14243, 1, 0
162, 15280, 1, 0
163, 13937, 1, 0
164, 9592, 1, 0
165, 14053, 1, 0
166, 14142, 1, 0
167, 15913, 1, 0
168, 7960, 1, 0
169, 14173, 1, 0
170, 14032, 1, 0
171, 14376, 1, 0
172, 13966, 1, 0
173, 14307, 1, 0
174, 13977, 1, 0
175, 14069, 1, 0
176, 14084, 1, 0
177, 14060, 1, 0
178, 14156, 1, 0
179, 14021, 1, 0
180, 14099, 1, 0
181, 13902, 1, 0
182, 13968, 1, 0
183, 14474, 1, 0
184, 14012, 1, 0
185, 14401, 1, 0
186, 10977, 1, 0
187, 13954, 1, 0
188, 12658, 1, 0
189, 14216, 1, 0
190, 8360, 1, 0
191, 13905, 1, 0
192, 13978, 1, 0
193, 14253, 1, 0
194, 7797, 1, 0
195, 13885, 1, 0
196, 11103, 1, 0
197, 13983, 1, 0
198, 11066, 1, 0
199, 15325, 1, 0
200, 13978, 1, 0
201, 14061, 1, 0
202, 11757, 1, 0
203, 13955, 1, 0
204, 14012, 1, 0
205, 33019, 1, 0
206, 15959, 1, 0
207, 12893, 1, 0
208, 13953, 1, 0
209, 14252, 1, 0
210, 13913, 1, 0
211, 11367, 1, 0
212, 7713, 1, 0
213, 8533, 1, 0
214, 14179, 1, 0
215, 13931, 1, 0
216, 14021, 1, 0
217, 14105, 1, 0
218, 13943, 1, 0
219, 10511, 1, 0
220, 9154, 1, 0
221, 8942, 1, 0
222, 15841, 1, 0
223, 8266, 1, 0
224, 8397, 1, 0
225, 13716, 1, 0
226, 22144, 1, 0
227, 12222, 1, 0
228, 14236, 1, 0
229, 13985, 1, 0
230, 14242, 1, 0
231, 14124, 1, 0
232, 14119, 1, 0
233, 14392, 1, 0
234, 14075, 1, 0
235, 12755, 1, 0
236, 9295, 1, 0
237, 10510, 1, 0
238, 14514, 1, 0
239, 14072, 1, 0
240, 14061, 1, 0
241, 14099, 1, 0
242, 14193, 1, 0
243, 13997, 1, 0
244, 7840, 1, 0
245, 8508, 1, 0
246, 10748, 1, 0
247, 15295, 1, 0
248, 10032, 1, 0
249, 10268, 1, 0
250, 11744, 1, 0
251, 13987, 1, 0
252, 14018, 1, 0
253, 14145, 1, 0
254, 13983, 1, 0
255, 14100, 1, 0
256, 13969, 1, 0
257, 14177, 1, 0
258, 14051, 1, 0
259, 14538, 1, 0
260, 14255, 1, 0
261, 14416, 1, 0
262, 11194, 1, 0
263, 9414, 1, 0
264, 7598, 1, 0
265, 7218, 1, 0
266, 8313, 1, 0
267, 10770, 1, 0
268, 11010, 1, 0
269, 11090, 1, 0
270, 14056, 1, 0
271, 15377, 1, 0
272, 11195, 1, 0
273, 8843, 1, 0
274, 14555, 1, 0
275, 9982, 1, 0
276, 9279, 1, 0
277, 9538, 1, 0
278, 12058, 1, 0
279, 31589, 1, 0
280, 13961, 1, 0
281, 14137, 1, 0
282, 14123, 1, 0
283, 14054, 1, 0
284, 14046, 1, 0
285, 14101, 1, 0
286, 14131, 1, 0
287, 14227, 1, 0
288, 14170, 1, 0
289, 20510, 1, 0
290, 14191, 1, 0
291, 14434, 1, 0
292, 13928, 1, 0
293, 14155, 1, 0
294, 14288, 1, 0
295, 14090, 1, 0
296, 14497, 1, 0
297, 14761, 1, 0
298, 14242, 1, 0
299, 28379, 1, 0
300, 14058, 1, 0
301, 14430, 1, 0
302, 14064, 1, 0
303, 14563, 1, 0
304, 14089, 1, 0
305, 14361, 1, 0
306, 14076, 1, 0
307, 11999, 1, 0
308, 12931, 1, 0
309, 12720, 1, 0
310, 14098, 1, 0
311, 14917, 1, 0
312, 14489, 1, 0
313, 16534, 1, 0
314, 14556, 1, 0
315, 14529, 1, 0
316, 8863, 1, 0
317, 21544, 1, 0
318, 14452, 1, 0
319, 12074, 1, 0
320, 9683, 1, 0
321, 10241, 1, 0
322, 8787, 1, 0
323, 15803, 1, 0
324, 14517, 1, 0
325, 14914, 1, 0
326, 14543, 1, 0
327, 14697, 1, 0
328, 14610, 1, 0
329, 10017, 1, 0
330, 15520, 1, 0
331, 14686, 1, 0
332, 8185, 1, 0
333, 11350, 1, 0
334, 14682, 1, 0
335, 14517, 1, 0
336, 14431, 1, 0
337, 21313, 1, 0
338, 9050, 1, 0
339, 14545, 1, 0
340, 15800, 1, 0
341, 14817, 1, 0
342, 9039, 1, 0
343, 14497, 1, 0
344, 14418, 1, 0
345, 15822, 1, 0
346, 9228, 1, 0
347, 13442, 1, 0
348, 15834, 1, 0
349, 15237, 1, 0
350, 9008, 1, 0
351, 14712, 1, 0
352, 14523, 1, 0
353, 14694, 1, 0
354, 14766, 1, 0
355, 27845, 1, 0
356, 16758, 1, 0
357, 14592, 1, 0
358, 14730, 1, 0
359, 14644, 1, 0
360, 14560, 1, 0
361, 14763, 1, 0
362, 14732, 1, 0
363, 13323, 1, 0
364, 14504, 1, 0
365, 14741, 1, 0
366, 14570, 1, 0
367, 14606, 1, 0
368, 14596, 1, 0
369, 25374, 1, 0
370, 14630, 1, 0
371, 14589, 1, 0
372, 14603, 1, 0
373, 14630, 1, 0
374, 14579, 1, 0
375, 14704, 1, 0
376, 14534, 1, 0
377, 14672, 1, 0
378, 14594, 1, 0
379, 14472, 1, 0
380, 14591, 1, 0
381, 15940, 1, 0
382, 14578, 1, 0
383, 14626, 1, 0
384, 14527, 1, 0
385, 14954, 1, 0
386, 14759, 1, 0
387, 13575, 1, 0
388, 16131, 1, 0
389, 14619, 1, 0
390, 14687, 1, 0
391, 14608, 1, 0
392, 14543, 1, 0
393, 15009, 1, 0
394, 14573, 1, 0
395, 13398, 1, 0
396, 9770, 1, 0
397, 9106, 1, 0
398, 12751, 1, 0
399, 14594, 1, 0
400, 14766, 1, 0
401, 15064, 1, 0
402, 14728, 1, 0
403, 12785, 1, 0
404, 14620, 1, 0
405, 15334, 1, 0
406, 14534, 1, 0
407, 14643, 1, 0
408, 10213, 1, 0
409, 13103, 1, 0
410, 14501, 1, 0
411, 15855, 1, 0
412, 14520, 1, 0
413, 14699, 1, 0
414, 14616, 1, 0
415, 14633, 1, 0
416, 14590, 1, 0
417, 14693, 1, 0
418, 15720, 1, 0
419, 14568, 1, 0
420, 14671, 1, 0
421, 14701, 1, 0
422, 14660, 1, 0
423, 14525, 1, 0
424, 14575, 1, 0
425, 15684, 1, 0
426, 14482, 1, 0
427, 14558, 1, 0
428, 14615, 1, 0
429, 14894, 1, 0
430, 14576, 1, 0
431, 15498, 1, 0
432, 14513, 1, 0
433, 14721, 1, 0
434, 14769, 1, 0
435, 14640, 1, 0
436, 14641, 1, 0
437, 14719, 1, 0
438, 14548, 1, 0
439, 14480, 1, 0
440, 14535, 1, 0
441, 14811, 1, 0
442, 14620, 1, 0
443, 12882, 1, 0
444, 15744, 1, 0
445, 14625, 1, 0
446, 14738, 1, 0
447, 14455, 1, 0
448, 14498, 1, 0
449, 14700, 1, 0
450, 14574, 1, 0
451, 15175, 1, 0
452, 14493, 1, 0
453, 14707, 1, 0
454, 14513, 1, 0
455, 14682, 1, 0
456, 14629, 1, 0
457, 15645, 1, 0
458, 14572, 1, 0
459, 14389, 1, 0
460, 14572, 1, 0
461, 14618, 1, 0
462, 14612, 1, 0
463, 14539, 1, 0
464, 15822, 1, 0
465, 32570, 1, 0
466, 14645, 1, 0
467, 14786, 1, 0
468, 14575, 1, 0
469, 14830, 1, 0
470, 14803, 1, 0
471, 14546, 1, 0
472, 15046, 1, 0
473, 14647, 1, 0
474, 14746, 1, 0
475, 27262, 1, 0
476, 9064, 1, 0
477, 14923, 1, 0
478, 12936, 1, 0
479, 11050, 1, 0
480, 9162, 1, 0
481, 9343, 1, 0
482, 11364, 1, 0
483, 14625, 1, 0
484, 14525, 1, 0
485, 16017, 1, 0
486, 14783, 1, 0
487, 14477, 1, 0
488, 14669, 1, 0
489, 14720, 1, 0
490, 11918, 1, 0
491, 14663, 1, 0
492, 15512, 1, 0
493, 14710, 1, 0
494, 14537, 1, 0
495, 11783, 1, 0
496, 14592, 1, 0
497, 14493, 1, 0
498, 14763, 1, 0
499, 12959, 1, 0
500, 11619, 1, 0
501, 10209, 1, 0
502, 14837, 1, 0
503, 15603, 1, 0
504, 14711, 1, 0
505, 14679, 1, 0
506, 14540, 1, 0
507, 14663, 1, 0
508, 14570, 1, 0
509, 16652, 1, 0
510, 15779, 1, 0
511, 14619, 1, 0
512, 14562, 1, 0
513, 14965, 1, 0
514, 14750, 1, 0
515, 14597, 1, 0
516, 14842, 1, 0
517, 16257, 1, 0
518, 14571, 1, 0
519, 14600, 1, 0
520, 14396, 1, 0
521, 10297, 1, 0
522, 9123, 1, 0
523, 9612, 1, 0
524, 8892, 1, 0
525, 9653, 1, 0
526, 8807, 1, 0
527, 29651, 1, 0
528, 14560, 1, 0
529, 10177, 1, 0
530, 10152, 1, 0
531, 10402, 1, 0
532, 8601, 1, 0
533, 9003, 1, 0
534, 10639, 1, 0
535, 12851, 1, 0
536, 15054, 1, 0
537, 15912, 1, 0
538, 14318, 1, 0
539, 14008, 1, 0
540, 9108, 1, 0
541, 20058, 1, 0
542, 14006, 1, 0
543, 13996, 1, 0
544, 14072, 1, 0
545, 15761, 1, 0
546, 14126, 1, 0
547, 27103, 1, 0
548, 14163, 1, 0
549, 11928, 1, 0
550, 7486, 1, 0
551, 8198, 1, 0
552, 8196, 1, 0
553, 14215, 1, 0
554, 14010, 1, 0
555, 13844, 1, 0
556, 14146, 1, 0
557, 14280, 1, 0
558, 14053, 1, 0
559, 12971, 1, 0
560, 12024, 1, 0
561, 14240, 1, 0
562, 14080, 1, 0
563, 14033, 1, 0
564, 14247, 1, 0
565, 14186, 1, 0
566, 14054, 1, 0
567, 28584, 1, 0
568, 14007, 1, 0
569, 14179, 1, 0
570, 14015, 1, 0
571, 14007, 1, 0
572, 14059, 1, 0
573, 14125, 1, 0
574, 14193, 1, 0
575, 14074, 1, 0
576, 14062, 1, 0
577, 14039, 1, 0
578, 14231, 1, 0
579, 11637, 1, 0
580, 7324, 1, 0
581, 14396, 1, 0
582, 14019, 1, 0
583, 25856, 1, 0
584, 14067, 1, 0
585, 14189, 1, 0
586, 14086, 1, 0
587, 14213, 1, 0
588, 14095, 1, 0
589, 23162, 1, 0
590, 14405, 1, 0
591, 9311, 1, 0
592, 8439, 1, 0
593, 14350, 1, 0
594, 14495, 1, 0
595, 11257, 1, 0
596, 8332, 1, 0
597, 14360, 1, 0
598, 14412, 1, 0
599, 14242, 1, 0
600, 14241, 1, 0
601, 14529, 1, 0
602, 14272, 1, 0
603, 14304, 1, 0
604, 14222, 1, 0
605, 14408, 1, 0
606, 14273, 1, 0
607, 14314, 1, 0
608, 14276, 1, 0
609, 14316, 1, 0
610, 14263, 1, 0
611, 14241, 1, 0
612, 14202, 1, 0
613, 14480, 1, 0
614, 14322, 1, 0
615, 14280, 1, 0
616, 14371, 1, 0
617, 14363, 1, 0
618, 14461, 1, 0
619, 14260, 1, 0
620, 14505, 1, 0
621, 14429, 1, 0
622, 14406, 1, 0
623, 14224, 1, 0
624, 14407, 1, 0
625, 14385, 1, 0
626, 7973, 1, 0
627, 12456, 1, 0
628, 14373, 1, 0
629, 14291, 1, 0
630, 14220, 1, 0
631, 14419, 1, 0
632, 14514, 1, 0
633, 14342, 1, 0
634, 14492, 1, 0
635, 14239, 1, 0
636, 14228, 1, 0
637, 12078, 1, 0
638, 14314, 1, 0
639, 14205, 1, 0
640, 14310, 1, 0
641, 14303, 1, 0
642, 14230, 1, 0
643, 14235, 1, 0
644, 14169, 1, 0
645, 14689, 1, 0
646, 12521, 1, 0
647, 11688, 1, 0
648, 11271, 1, 0
649, 14109, 1, 0
650, 14331, 1, 0
651, 11921, 1, 0
652, 7996, 1, 0
653, 14416, 1, 0
654, 14169, 1, 0
655, 14268, 1, 0
656, 8701, 1, 0
657, 14322, 1, 0
658, 14245, 1, 0
659, 8285, 1, 0
660, 7433, 1, 0
661, 14615, 1, 0
662, 14323, 1, 0
663, 11586, 1, 0
664, 7523, 1, 0
665, 14283, 1, 0
666, 14147, 1, 0
667, 14217, 1, 0
668, 14260, 1, 0
669, 14772, 1, 0
670, 14343, 1, 0
671, 12736, 1, 0
672, 14131, 1, 0
673, 14259, 1, 0
674, 14313, 1, 0
675, 14188, 1, 0
676, 14148, 1, 0
677, 14435, 1, 0
678, 14417, 1, 0
679, 14075, 1, 0
680, 14193, 1, 0
681, 14509, 1, 0
682, 11486, 1, 0
683, 14443, 1, 0
684, 14232, 1, 0
685, 22055, 1, 0
686, 14276, 1, 0
687, 11201, 1, 0
688, 14212, 1, 0
689, 14159, 1, 0
690, 14021, 1, 0
691, 14123, 1, 0
692, 13948, 1, 0
693, 14387, 1, 0
694, 14046, 1, 0
695, 16578, 1, 0
696, 14276, 1, 0
697, 14362, 1, 0
698, 11363, 1, 0
699, 14081, 1, 0
700, 14088, 1, 0
701, 14284, 1, 0
702, 14181, 1, 0
703, 11084, 1, 0
704, 14104, 1, 0
705, 14220, 1, 0
706, 14175, 1, 0
707, 14378, 1, 0
708, 14029, 1, 0
709, 14110, 1, 0
710, 14110, 1, 0
711, 14042, 1, 0
712, 14055, 1, 0
713, 14189, 1, 0
714, 14052, 1, 0
715, 9193, 1, 0
716, 10732, 1, 0
717, 14123, 1, 0
718, 14111, 1, 0
719, 14193, 1, 0
720, 13967, 1, 0
721, 14224, 1, 0
722, 14058, 1, 0
723, 28906, 1, 0
724, 14063, 1, 0
725, 14210, 1, 0
726, 13992, 1, 0
727, 13951, 1, 0
728, 14022, 1, 0
729, 14252, 1, 0
730, 14094, 1, 0
731, 14129, 1, 0
732, 14030, 1, 0
733, 14282, 1, 0
734, 14048, 1, 0
735, 14155, 1, 0
736, 14087, 1, 0
737, 14175, 1, 0
738, 13980, 1, 0
739, 14225, 1, 0
740, 14091, 1, 0
741, 14353, 1, 0
742, 14046, 1, 0
743, 26133, 1, 0
744, 14158, 1, 0
745, 14118, 1, 0
746, 14080, 1, 0
747, 14064, 1, 0
748, 14081, 1, 0
749, 15061, 1, 0
750, 13987, 1, 0
751, 14301, 1, 0
752, 14081, 1, 0
753, 14502, 1, 0
754, 14155, 1, 0
755, 14207, 1, 0
756, 14375, 1, 0
757, 14356, 1, 0
758, 7691, 1, 0
759, 8673, 1, 0
760, 14099, 1, 0
761, 16358, 1, 0
762, 14365, 1, 0
763, 13983, 1, 0
764, 14321, 1, 0
765, 14206, 1, 0
766, 14515, 1, 0
767, 13961, 1, 0
768, 14259, 1, 0
769, 14138, 1, 0
770, 14382, 1, 0
771, 14113, 1, 0
772, 14284, 1, 0
773, 14209, 1, 0
774, 14224, 1, 0
775, 14054, 1, 0
776, 14039, 1, 0
777, 14371, 1, 0
778, 14052, 1, 0
779, 14236, 1, 0
780, 14109, 1, 0
781, 14230, 1, 0
782, 14130, 1, 0
783, 12035, 1, 0
784, 11372, 1, 0
785, 8551, 1, 0
786, 11059, 1, 0
787, 10145, 1, 0
788, 14091, 1, 0
789, 13999, 1, 0
790, 14159, 1, 0
791, 14076, 1, 0
792, 14062, 1, 0
793, 14193, 1, 0
794, 14130, 1, 0
795, 13975, 1, 0
796, 14006, 1, 0
797, 14223, 1, 0
798, 14075, 1, 0
799, 15775, 1, 0
800, 14044, 1, 0
801, 14152, 1, 0
802, 14076, 1, 0
803, 14066, 1, 0
804, 14068, 1, 0
805, 14075, 1, 0
806, 14208, 1, 0
807, 14103, 1, 0
808, 14153, 1, 0
809, 14155, 1, 0
810, 14094, 1, 0
811, 14119, 1, 0
812, 14142, 1, 0
813, 14223, 1, 0
814, 7998, 1, 0
815, 14206, 1, 0
816, 14042, 1, 0
817, 14428, 1, 0
818, 14141, 1, 0
819, 14016, 1, 0
820, 14125, 1, 0
821, 14027, 1, 0
822, 14181, 1, 0
823, 14061, 1, 0
824, 14014, 1, 0
825, 14093, 1, 0
826, 14093, 1, 0
827, 14275, 1, 0
828, 14007, 1, 0
829, 14202, 1, 0
830, 14086, 1, 0
831, 13963, 1, 0
832, 11166, 1, 0
833, 14224, 1, 0
834, 14032, 1, 0
835, 14042, 1, 0
836, 14085, 1, 0
837, 36900, 1, 0
838, 14105, 1, 0
839, 14134, 1, 0
840, 14070, 1, 0
841, 14171, 1, 0
842, 14083, 1, 0
843, 14096, 1, 0
844, 13911, 1, 0
845, 14253, 1, 0
846, 14065, 1, 0
847, 32213, 1, 0
848, 14047, 1, 0
849, 14172, 1, 0
850, 14023, 1, 0
851, 15411, 1, 0
852, 11421, 1, 0
853, 12591, 1, 0
854, 10379, 1, 0
855, 11881, 1, 0
856, 9279, 1, 0
857, 10597, 1, 0
858, 11732, 1, 0
859, 10425, 1, 0
860, 9209, 1, 0
861, 9451, 1, 0
862, 8112, 1, 0
863, 8286, 1, 0
864, 8169, 1, 0
865, 8009, 1, 0
866, 8088, 1, 0
867, 8677, 1, 0
868, 9493, 1, 0
869, 7979, 1, 0
870, 8128, 1, 0
871, 8633, 1, 0
872, 8251, 1, 0
873, 7767, 1, 0
874, 8321, 1, 0
875, 8317, 1, 0
876, 8274, 1, 0
877, 8222, 1, 0
878, 12006, 1, 0
879, 8378, 1, 0
880, 8201, 1, 0
881, 8140, 1, 0
882, 7901, 1, 0
883, 8292, 1, 0
884, 8903, 1, 0
885, 8939, 1, 0
886, 9954, 1, 0
887, 8340, 1, 0
888, 8227, 1, 0
889, 7585, 1, 0
890, 8039, 1, 0
891, 9820, 1, 0
892, 10004, 1, 0
893, 8121, 1, 0
894, 9604, 1, 0
895, 8189, 1, 0
896, 8296, 1, 0
897, 8340, 1, 0
898, 7705, 1, 0
899, 8907, 1, 0
900, 7428, 1, 0
901, 10074, 1, 0
902, 9188, 1, 0
903, 11657, 1, 0
904, 7497, 1, 0
905, 11575, 1, 0
906, 13926, 1, 0
907, 14294, 1, 0
908, 14004, 1, 0
909, 14191, 1, 0
910, 13989, 1, 0
911, 14053, 1, 0
912, 14253, 1, 0
913, 14088, 1, 0
914, 14175, 1, 0
915, 11599, 1, 0
916, 8511, 1, 0
917, 10912, 1, 0
918, 13895, 1, 0
919, 13970, 1, 0
920, 14113, 1, 0
921, 14137, 1, 0
922, 14232, 1, 0
923, 14186, 1, 0
924, 14210, 1, 0
925, 15530, 1, 0
926, 13001, 1, 0
927, 10931, 1, 0
928, 14540, 1, 0
929, 8986, 1, 0
930, 8675, 1, 0
931, 8932, 1, 0
932, 8620, 1, 0
933, 9587, 1, 0
934, 14306, 1, 0
935, 11065, 1, 0
936, 15108, 1, 0
937, 11263, 1, 0
938, 9143, 1, 0
939, 12017, 1, 0
940, 17334, 1, 0
941, 10705, 1, 0
942, 14203, 1, 0
943, 9947, 1, 0
944, 8466, 1, 0
945, 12258, 1, 0
946, 11756, 1, 0
947, 12401, 1, 0
948, 11445, 1, 0
949, 13286, 1, 0
950, 14278, 1, 0
951, 14504, 1, 0
952, 10433, 1, 0
953, 8924, 1, 0
954, 14135, 1, 0
955, 11914, 1, 0
956, 10515, 1, 0
957, 14261, 1, 0
958, 13984, 1, 0
959, 29242, 1, 0
960, 13987, 1, 0
961, 14181, 1, 0
962, 14016, 1, 0
963, 13966, 1, 0
964, 8480, 1, 0
965, 7512, 1, 0
966, 14258, 1, 0
967, 8603, 1, 0
968, 9332, 1, 0
969, 8871, 1, 0
970, 7607, 1, 0
971, 8221, 1, 0
972, 7443, 1, 0
973, 10620, 1, 0
974, 14971, 1, 0
975, 42126, 1, 0
976, 7501, 1, 0
977, 44761, 1, 0
978, 14143, 1, 0
979, 14157, 1, 0
980, 7719, 1, 0
981, 14104, 1, 0
982, 14176, 1, 0
983, 14109, 1, 0
984, 7688, 1, 0
985, 14124, 1, 0
986, 14102, 1, 0
987, 11832, 1, 0
988, 7295, 1, 0
989, 14207, 1, 0
990, 14134, 1, 0
991, 14268, 1, 0
992, 14153, 1, 0
993, 14282, 1, 0
994, 11636, 1, 0
995, 14112, 1, 0
996, 14139, 1, 0
997, 14266, 1, 0
998, 14120, 1, 0
999, 14112, 1, 0
1000, 14132, 1, 0
1001, 14400, 1, 0
1002, 14166, 1, 0
1003, 14159, 1, 0
1004, 14190, 1, 0
1005, 14301, 1, 0
1006, 14127, 1, 0
1007, 14181, 1, 0
1008, 14128, 1, 0
1009, 14270, 1, 0
1010, 14177, 1, 0
1011, 14224, 1, 0
1012, 14197, 1, 0
1013, 14367, 1, 0
1014, 14206, 1, 0
1015, 14150, 1, 0
1016, 14187, 1, 0
1017, 14378, 1, 0
1018, 14119, 1, 0
1019, 14173, 1, 0
1020, 14128, 1, 0
1021, 14110, 1, 0
1022, 14326, 1, 0
1023, 14125, 1, 0
1024, 14216, 1, 0
1025, 14341, 1, 0
1026, 14149, 1, 0
1027, 14315, 1, 0
1028, 14278, 1, 0
1029, 14358, 1, 0
1030, 14093, 1, 0
1031, 16499, 1, 0
1032, 14562, 1, 0
1033, 14260, 1, 0
1034, 14344, 1, 0
1035, 14100, 1, 0
1036, 14382, 1, 0
1037, 14116, 1, 0
1038, 9277, 1, 0
1039, 14173, 1, 0
1040, 14217, 1, 0
1041, 14273, 1, 0
1042, 14233, 1, 0
1043, 14025, 1, 0
1044, 14120, 1, 0
1045, 14454, 1, 0
1046, 14251, 1, 0
1047, 14435, 1, 0
1048, 14229, 1, 0
1049, 14362, 1, 0
1050, 14148, 1, 0
1051, 14246, 1, 0
1052, 14183, 1, 0
1053, 14269, 1, 0
1054, 14310, 1, 0
1055, 14183, 1, 0
1056, 14086, 1, 0
1057, 14289, 1, 0
1058, 15932, 1, 0
1059, 13257, 1, 0
1060, 14200, 1, 0
1061, 15069, 1, 0
1062, 14964, 1, 0
1063, 13257, 1, 0
1064, 14135, 1, 0
1065, 14313, 1, 0
1066, 14200, 1, 0
1067, 14210, 1, 0
1068, 14146, 1, 0
1069, 14236, 1, 0
1070, 14232, 1, 0
1071, 14384, 1, 0
1072, 14196, 1, 0
1073, 14447, 1, 0
1074, 14251, 1, 0
1075, 14450, 1, 0
1076, 14286, 1, 0
1077, 14242, 1, 0
1078, 14320, 1, 0
1079, 11864, 1, 0
1080, 8615, 1, 0
1081, 14268, 1, 0
1082, 14197, 1, 0
1083, 14356, 1, 0
1084, 14930, 1, 0
1085, 15933, 1, 0
1086, 14186, 1, 0
1087, 14181, 1, 0
1088, 15109, 1, 0
1089, 15156, 1, 0
1090, 14841, 1, 0
1091, 12712, 1, 0
1092, 14747, 1, 0
1093, 17083, 1, 0
1094, 14063, 1, 0
1095, 13920, 1, 0
1096, 13922, 1, 0
1097, 14174, 1, 0
1098, 14009, 1, 0
1099, 14020, 1, 0
1100, 14021, 1, 0
1101, 14077, 1, 0
1102, 9282, 1, 0
1103, 13981, 1, 0
1104, 9669, 1, 0
1105, 16231, 1, 0
1106, 13926, 1, 0
1107, 12929, 1, 0
1108, 13986, 1, 0
1109, 14022, 1, 0
1110, 13940, 1, 0
1111, 11875, 1, 0
1112, 12299, 1, 0
1113, 14089, 1, 0
1114, 12794, 1, 0
1115, 8523, 1, 0
1116, 9052, 1, 0
1117, 10949, 1, 0
1118, 11535, 1, 0
1119, 26283, 1, 0
1120, 14041, 1, 0
1121, 11759, 1, 0
1122, 14010, 1, 0
1123, 13206, 1, 0
1124, 13906, 1, 0
1125, 14302, 1, 0
1126, 14640, 1, 0
1127, 14032, 1, 0
1128, 14248, 1, 0
1129, 15626, 1, 0
1130, 13944, 1, 0
1131, 15348, 1, 0
1132, 14104, 1, 0
1133, 15707, 1, 0
1134, 13965, 1, 0
1135, 12916, 1, 0
1136, 14243, 1, 0
1137, 14205, 1, 0
1138, 13933, 1, 0
1139, 11924, 1, 0
1140, 13930, 1, 0
1141, 11826, 1, 0
1142, 13080, 1, 0
1143, 14089, 1, 0
1144, 14868, 1, 0
1145, 14839, 1, 0
1146, 14804, 1, 0
1147, 16625, 1, 0
1148, 15521, 1, 0
1149, 14542, 1, 0
1150, 11624, 1, 0
1151, 13143, 1, 0
1152, 9106, 1, 0
1153, 15395, 1, 0
1154, 14104, 1, 0
1155, 11919, 1, 0
1156, 14354, 1, 0
1157, 28797, 1, 0
1158, 9051, 1, 0
1159, 9161, 1, 0
1160, 10633, 1, 0
1161, 14871, 1, 0
1162, 15011, 1, 0
1163, 14555, 1, 0
1164, 10440, 1, 0
1165, 8892, 1, 0
1166, 9106, 1, 0
1167, 14499, 1, 0
1168, 14848, 1, 0
1169, 15011, 1, 0
1170, 14978, 1, 0
1171, 28400, 1, 0
1172, 11796, 1, 0
1173, 9411, 1, 0
1174, 15413, 1, 0
1175, 14884, 1, 0
1176, 15027, 1, 0
1177, 15134, 1, 0
1178, 13827, 1, 0
1179, 14012, 1, 0
1180, 13942, 1, 0
1181, 14028, 1, 0
1182, 14006, 1, 0
1183, 28225, 1, 0
1184, 13913, 1, 0
1185, 14032, 1, 0
1186, 14024, 1, 0
1187, 11891, 1, 0
1188, 13943, 1, 0
1189, 14311, 1, 0
1190, 13910, 1, 0
1191, 14001, 1, 0
1192, 13871, 1, 0
1193, 12725, 1, 0
1194, 11014, 1, 0
1195, 13990, 1, 0
1196, 13874, 1, 0
1197, 14181, 1, 0
1198, 14549, 1, 0
1199, 17214, 1, 0
1200, 13951, 1, 0
1201, 15033, 1, 0
1202, 14896, 1, 0
1203, 15011, 1, 0
1204, 15172, 1, 0
1205, 15182, 1, 0
1206, 15956, 1, 0
1207, 13135, 1, 0
1208, 14927, 1, 0
1209, 14921, 1, 0
1210, 13885, 1, 0
1211, 16413, 1, 0
1212, 13991, 1, 0
1213, 14888, 1, 0
1214, 15043, 1, 0
1215, 12766, 1, 0
1216, 14934, 1, 0
1217, 14944, 1, 0
1218, 16187, 1, 0
1219, 14044, 1, 0
1220, 13961, 1, 0
1221, 14066, 1, 0
1222, 13951, 1, 0
1223, 16600, 1, 0
1224, 14030, 1, 0
1225, 11135, 1, 0
1226, 14143, 1, 0
1227, 12204, 1, 0
1228, 13951, 1, 0
1229, 14189, 1, 0
1230, 14025, 1, 0
1231, 14011, 1, 0
1232, 14163, 1, 0
1233, 15203, 1, 0
1234, 15144, 1, 0
1235, 14067, 1, 0
1236, 13959, 1, 0
1237, 14153, 1, 0
1238, 14040, 1, 0
1239, 13937, 1, 0
1240, 13929, 1, 0
1241, 13865, 1, 0
1242, 14179, 1, 0
1243, 13974, 1, 0
1244, 14004, 1, 0
1245, 14132, 1, 0
1246, 13979, 1, 0
1247, 11437, 1, 0
1248, 13991, 1, 0
1249, 14114, 1, 0
1250, 14849, 1, 0
1251, 16917, 1, 0
1252, 14094, 1, 0
1253, 15306, 1, 0
1254, 14953, 1, 0
1255, 14946, 1, 0
1256, 12059, 1, 0
1257, 14995, 1, 0
1258, 15595, 1, 0
1259, 13977, 1, 0
1260, 14811, 1, 0
1261, 15124, 1, 0
1262, 8065, 1, 0
1263, 12133, 1, 0
1264, 14857, 1, 0
1265, 14381, 1, 0
1266, 15080, 1, 0
1267, 12164, 1, 0
1268, 14747, 1, 0
1269, 15105, 1, 0
1270, 15087, 1, 0
1271, 32017, 1, 0
1272, 14902, 1, 0
1273, 15183, 1, 0
1274, 14972, 1, 0
1275, 12785, 1, 0
1276, 14947, 1, 0
1277, 30656, 1, 0
1278, 15115, 1, 0
1279, 11861, 1, 0
1280, 14086, 1, 0
1281, 14208, 1, 0
1282, 14584, 1, 0
1283, 14088, 1, 0
1284, 14143, 1, 0
1285, 8815, 1, 0
1286, 12576, 1, 0
1287, 14044, 1, 0
1288, 14027, 1, 0
1289, 14124, 1, 0
1290, 14160, 1, 0
1291, 14215, 1, 0
1292, 14111, 1, 0
1293, 14169, 1, 0
1294, 13974, 1, 0
1295, 9170, 1, 0
1296, 11014, 1, 0
1297, 12739, 1, 0
1298, 13963, 1, 0
1299, 14084, 1, 0
1300, 14047, 1, 0
1301, 14124, 1, 0
1302, 11266, 1, 0
1303, 11603, 1, 0
1304, 11557, 1, 0
1305, 8026, 1, 0
1306, 10919, 1, 0
1307, 10610, 1, 0
1308, 14026, 1, 0
1309, 14196, 1, 0
1310, 16002, 1, 0
1311, 14558, 1, 0
1312, 15466, 1, 0
1313, 14300, 1, 0
1314, 11195, 1, 0
1315, 8445, 1, 0
1316, 14047, 1, 0
1317, 14121, 1, 0
1318, 14042, 1, 0
1319, 14041, 1, 0
1320, 14008, 1, 0
1321, 14206, 1, 0
1322, 14109, 1, 0
1323, 14059, 1, 0
1324, 14273, 1, 0
1325, 12105, 1, 0
1326, 9598, 1, 0
1327, 18493, 1, 0
1328, 15312, 1, 0
1329, 10617, 1, 0
1330, 15838, 1, 0
1331, 16577, 1, 0
1332, 21978, 1, 0
1333, 14059, 1, 0
1334, 14339, 1, 0
1335, 48856, 1, 0
1336, 14225, 1, 0
1337, 30323, 1, 0
1338, 16645, 1, 0
1339, 14280, 1, 0
1340, 18009, 1, 0
1341, 24358, 1, 0
1342, 10449, 1, 0
1343, 12263, 1, 0
1344, 14219, 1, 0
1345, 14905, 1, 0
1346, 11440, 1, 0
1347, 14176, 1, 0
1348, 21448, 1, 0
1349, 14171, 1, 0
1350, 14081, 1, 0
1351, 14373, 1, 0
1352, 14030, 1, 0
1353, 15519, 1, 0
1354, 14130, 1, 0
1355, 38036, 1, 0
1356, 11228, 1, 0
1357, 8488, 1, 0
1358, 14334, 1, 0
1359, 14211, 1, 0
1360, 14445, 1, 0
1361, 11303, 1, 0
1362, 8639, 1, 0
1363, 14593, 1, 0
1364, 14252, 1, 0
1365, 14197, 1, 0
1366, 14260, 1, 0
1367, 14303, 1, 0
1368, 14147, 1, 0
1369, 14335, 1, 0
1370, 14208, 1, 0
1371, 14131, 1, 0
1372, 12006, 1, 0
1373, 14347, 1, 0
1374, 14239, 1, 0
1375, 14148, 1, 0
1376, 11930, 1, 0
1377, 37733, 1, 0
1378, 14402, 1, 0
1379, 14353, 1, 0
1380, 14251, 1, 0
1381, 12581, 1, 0
1382, 14081, 1, 0
1383, 14145, 1, 0
1384, 14630, 1, 0
1385, 14216, 1, 0
1386, 11786, 1, 0
1387, 14150, 1, 0
1388, 14181, 1, 0
1389, 15696, 1, 0
1390, 11766, 1, 0
1391, 14290, 1, 0
1392, 9366, 1, 0
1393, 14624, 1, 0
1394, 14251, 1, 0
1395, 11861, 1, 0
1396, 14263, 1, 0
1397, 11873, 1, 0
1398, 14429, 1, 0
1399, 14195, 1, 0
1400, 14347, 1, 0
1401, 12395, 1, 0
1402, 14424, 1, 0
1403, 16182, 1, 0
1404, 9424, 1, 0
1405, 14647, 1, 0
1406, 14237, 1, 0
1407, 15938, 1, 0
1408, 14301, 1, 0
1409, 14381, 1, 0
1410, 14507, 1, 0
1411, 14331, 1, 0
1412, 14375, 1, 0
1413, 14366, 1, 0
1414, 14435, 1, 0
1415, 14316, 1, 0
1416, 14448, 1, 0
1417, 14431, 1, 0
1418, 14265, 1, 0
1419, 14808, 1, 0
1420, 14234, 1, 0
1421, 14525, 1, 0
1422, 14285, 1, 0
1423, 14281, 1, 0
1424, 14548, 1, 0
1425, 14340, 1, 0
1426, 15652, 1, 0
1427, 14264, 1, 0
1428, 14487, 1, 0
1429, 14545, 1, 0
1430, 14276, 1, 0
1431, 8346, 1, 0
1432, 11608, 1, 0
1433, 14806, 1, 0
1434, 14514, 1, 0
1435, 11389, 1, 0
1436, 8308, 1, 0
1437, 14522, 1, 0
1438, 14314, 1, 0
1439, 14274, 1, 0
1440, 14339, 1, 0
1441, 11915, 1, 0
1442, 14485, 1, 0
1443, 14216, 1, 0
1444, 14238, 1, 0
1445, 14295, 1, 0
1446, 12086, 1, 0
1447, 11505, 1, 0
1448, 11051, 1, 0
1449, 14361, 1, 0
1450, 9706, 1, 0
1451, 14428, 1, 0
1452, 11162, 1, 0
1453, 11958, 1, 0
1454, 14314, 1, 0
1455, 14186, 1, 0
1456, 14431, 1, 0
1457, 14347, 1, 0
1458, 14275, 1, 0
1459, 14271, 1, 0
1460, 14450, 1, 0
1461, 14355, 1, 0
1462, 14467, 1, 0
1463, 16423, 1, 0
1464, 11148, 1, 0
1465, 14798, 1, 0
1466, 14287, 1, 0
1467, 14262, 1, 0
1468, 11315, 1, 0
1469, 14576, 1, 0
1470, 14276, 1, 0
1471, 14484, 1, 0
1472, 14370, 1, 0
1473, 8710, 1, 0
1474, 14330, 1, 0
1475, 14536, 1, 0
1476, 14214, 1, 0
1477, 14491, 1, 0
1478, 11464, 1, 0
1479, 14239, 1, 0
1480, 14653, 1, 0
1481, 14315, 1, 0
1482, 11392, 1, 0
1483, 14287, 1, 0
1484, 14366, 1, 0
1485, 14673, 1, 0
1486, 14413, 1, 0
1487, 8369, 1, 0
1488, 14293, 1, 0
1489, 14540, 1, 0
1490, 14149, 1, 0
1491, 16449, 1, 0
1492, 8400, 1, 0
1493, 11632, 1, 0
1494, 14274, 1, 0
1495, 29584, 1, 0
1496, 14077, 1, 0
1497, 14262, 1, 0
1498, 14249, 1, 0
1499, 13905, 1, 0
1500, 16036, 1, 0
1501, 14348, 1, 0
1502, 14081, 1, 0
1503, 14400, 1, 0
1504, 14064, 1, 0
1505, 14352, 1, 0
1506, 14392, 1, 0
1507, 14141, 1, 0
1508, 14233, 1, 0
1509, 14308, 1, 0
1510, 14131, 1, 0
1511, 14373, 1, 0
1512, 14273, 1, 0
1513, 14254, 1, 0
1514, 14264, 1, 0
1515, 14401, 1, 0
1516, 14176, 1, 0
1517, 14229, 1, 0
1518, 15356, 1, 0
1519, 14153, 1, 0
1520, 14519, 1, 0
1521, 14257, 1, 0
1522, 14240, 1, 0
1523, 14139, 1, 0
1524, 14067, 1, 0
1525, 14424, 1, 0
1526, 14245, 1, 0
1527, 14017, 1, 0
1528, 14102, 1, 0
1529, 14498, 1, 0
1530, 14103, 1, 0
1531, 14284, 1, 0
1532, 14284, 1, 0
1533, 14164, 1, 0
1534, 14302, 1, 0
1535, 13898, 1, 0
1536, 14268, 1, 0
1537, 15377, 1, 0
1538, 14025, 1, 0
1539, 14274, 1, 0
1540, 14091, 1, 0
1541, 14216, 1, 0
1542, 14131, 1, 0
1543, 11404, 1, 0
1544, 7409, 1, 0
1545, 10809, 1, 0
1546, 14174, 1, 0
1547, 14298, 1, 0
1548, 14416, 1, 0
1549, 14238, 1, 0
1550, 14176, 1, 0
1551, 14139, 1, 0
1552, 14057, 1, 0
1553, 14413, 1, 0
1554, 14217, 1, 0
1555, 14130, 1, 0
1556, 14068, 1, 0
1557, 14166, 1, 0
1558, 14442, 1, 0
1559, 14114, 1, 0
1560, 11281, 1, 0
1561, 14330, 1, 0
1562, 14275, 1, 0
1563, 14497, 1, 0
1564, 14216, 1, 0
1565, 11481, 1, 0
1566, 14194, 1, 0
1567, 14276, 1, 0
1568, 14057, 1, 0
1569, 11572, 1, 0
1570, 14171, 1, 0
1571, 28339, 1, 0
1572, 11421, 1, 0
1573, 14290, 1, 0
1574, 13256, 1, 0
1575, 14190, 1, 0
1576, 9087, 1, 0
1577, 14226, 1, 0
1578, 14046, 1, 0
1579, 29042, 1, 0
1580, 14206, 1, 0
1581, 14224, 1, 0
1582, 14198, 1, 0
1583, 12215, 1, 0
1584, 10542, 1, 0
1585, 10299, 1, 0
1586, 9361, 1, 0
1587, 9171, 1, 0
1588, 14278, 1, 0
1589, 14351, 1, 0
1590, 11853, 1, 0
1591, 14242, 1, 0
1592, 14318, 1, 0
1593, 14371, 1, 0
1594, 11811, 1, 0
1595, 14091, 1, 0
1596, 15667, 1, 0
1597, 15833, 1, 0
1598, 14147, 1, 0
1599, 8941, 1, 0
1600, 14050, 1, 0
1601, 14422, 1, 0
1602, 14262, 1, 0
1603, 12029, 1, 0
1604, 11031, 1, 0
1605, 14488, 1, 0
1606, 14286, 1, 0
1607, 14102, 1, 0
1608, 15667, 1, 0
1609, 14482, 1, 0
1610, 16673, 1, 0
1611, 9696, 1, 0
1612, 17211, 1, 0
1613, 21069, 1, 0
1614, 9863, 1, 0
1615, 8452, 1, 0
1616, 8043, 1, 0
1617, 9453, 1, 0
1618, 8846, 1, 0
1619, 10808, 1, 0
1620, 12372, 1, 0
1621, 10897, 1, 0
1622, 9524, 1, 0
1623, 10086, 1, 0
1624, 13115, 1, 0
1625, 9480, 1, 0
1626, 9197, 1, 0
1627, 8909, 1, 0
1628, 9620, 1, 0
1629, 9173, 1, 0
1630, 9250, 1, 0
1631, 8813, 1, 0
1632, 9117, 1, 0
1633, 9553, 1, 0
1634, 9716, 1, 0
1635, 10683, 1, 0
1636, 8305, 1, 0
1637, 9089, 1, 0
1638, 7636, 1, 0
1639, 8690, 1, 0
1640, 8358, 1, 0
1641, 9496, 1, 0
1642, 7654, 1, 0
1643, 9007, 1, 0
1644, 9939, 1, 0
1645, 8716, 1, 0
1646, 7411, 1, 0
1647, 8869, 1, 0
1648, 8350, 1, 0
1649, 9243, 1, 0
1650, 7952, 1, 0
1651, 8218, 1, 0
1652, 7841, 1, 0
1653, 8379, 1, 0
1654, 9557, 1, 0
1655, 10030, 1, 0
1656, 9416, 1, 0
1657, 10146, 1, 0
1658, 9933, 1, 0
1659, 14143, 1, 0
1660, 14131, 1, 0
1661, 14182, 1, 0
1662, 14277, 1, 0
1663, 14011, 1, 0
1664, 13983, 1, 0
1665, 13969, 1, 0
1666, 14278, 1, 0
1667, 14335, 1, 0
1668, 14012, 1, 0
1669, 14196, 1, 0
1670, 14096, 1, 0
1671, 14250, 1, 0
1672, 14152, 1, 0
1673, 14209, 1, 0
1674, 14022, 1, 0
1675, 14126, 1, 0
1676, 14227, 1, 0
1677, 14178, 1, 0
1678, 14089, 1, 0
1679, 10561, 1, 0
1680, 14135, 1, 0
1681, 14249, 1, 0
1682, 14132, 1, 0
1683, 14283, 1, 0
1684, 11177, 1, 0
1685, 14263, 1, 0
1686, 11428, 1, 0
1687, 14097, 1, 0
1688, 14430, 1, 0
1689, 14269, 1, 0
1690, 14416, 1, 0
1691, 14034, 1, 0
1692, 14387, 1, 0
1693, 14081, 1, 0
1694, 14475, 1, 0
1695, 8272, 1, 0
1696, 11428, 1, 0
1697, 14464, 1, 0
1698, 14099, 1, 0
1699, 14351, 1, 0
1700, 11742, 1, 0
1701, 14091, 1, 0
1702, 14532, 1, 0
1703, 14214, 1, 0
1704, 14180, 1, 0
1705, 9154, 1, 0
1706, 14457, 1, 0
1707, 14222, 1, 0
1708, 14297, 1, 0
1709, 14277, 1, 0
1710, 14239, 1, 0
1711, 14399, 1, 0
1712, 11419, 1, 0
1713, 13989, 1, 0
1714, 14323, 1, 0
1715, 15613, 1, 0
1716, 11212, 1, 0
1717, 14076, 1, 0
1718, 14400, 1, 0
1719, 14122, 1, 0
1720, 14255, 1, 0
1721, 8639, 1, 0
1722, 14242, 1, 0
1723, 14013, 1, 0
1724, 14171, 1, 0
1725, 14490, 1, 0
1726, 14224, 1, 0
1727, 14159, 1, 0
1728, 14221, 1, 0
1729, 14333, 1, 0
1730, 11112, 1, 0
1731, 14033, 1, 0
1732, 14173, 1, 0
1733, 14269, 1, 0
1734, 14198, 1, 0
1735, 14089, 1, 0
1736, 14095, 1, 0
1737, 14205, 1, 0
1738, 14300, 1, 0
1739, 14223, 1, 0
1740, 14124, 1, 0
1741, 22213, 1, 0
1742, 14049, 1, 0
1743, 14465, 1, 0
1744, 14114, 1, 0
1745, 14245, 1, 0
1746, 14360, 1, 0
1747, 14079, 1, 0
1748, 14291, 1, 0
1749, 21243, 1, 0
1750, 35376, 1, 0
1751, 14062, 1, 0
1752, 15603, 1, 0
1753, 14202, 1, 0
1754, 14337, 1, 0
1755, 14089, 1, 0
1756, 14362, 1, 0
1757, 14081, 1, 0
1758, 14194, 1, 0
1759, 8176, 1, 0
1760, 14168, 1, 0
1761, 14545, 1, 0
1762, 16063, 1, 0
1763, 14103, 1, 0
1764, 14120, 1, 0
1765, 14470, 1, 0
1766, 14077, 1, 0
1767, 11305, 1, 0
1768, 7538, 1, 0
1769, 14082, 1, 0
1770, 14288, 1, 0
1771, 14191, 1, 0
1772, 14167, 1, 0
1773, 14507, 1, 0
1774, 14316, 1, 0
1775, 14130, 1, 0
1776, 14074, 1, 0
1777, 14082, 1, 0
1778, 14415, 1, 0
1779, 25881, 1, 0
1780, 14101, 1, 0
1781, 14261, 1, 0
1782, 14114, 1, 0
1783, 14614, 1, 0
1784, 14098, 1, 0
1785, 14300, 1, 0
1786, 14098, 1, 0
1787, 14103, 1, 0
1788, 14220, 1, 0
1789, 14137, 1, 0
1790, 14168, 1, 0
1791, 15336, 1, 0
1792, 14224, 1, 0
1793, 14047, 1, 0
1794, 14158, 1, 0
1795, 14024, 1, 0
1796, 14169, 1, 0
1797, 14223, 1, 0
1798, 14053, 1, 0
1799, 11472, 1, 0
1800, 7297, 1, 0
1801, 14132, 1, 0
1802, 14253, 1, 0
1803, 33898, 1, 0
1804, 14120, 1, 0
1805, 14273, 1, 0
1806, 14268, 1, 0
1807, 14306, 1, 0
1808, 15490, 1, 0
1809, 13513, 1, 0
1810, 12848, 1, 0
1811, 10971, 1, 0
1812, 9792, 1, 0
1813, 13376, 1, 0
1814, 13392, 1, 0
1815, 11962, 1, 0
1816, 12104, 1, 0
1817, 9007, 1, 0
1818, 8356, 1, 0
1819, 8253, 1, 0
1820, 8338, 1, 0
1821, 7521, 1, 0
1822, 8232, 1, 0
1823, 8133, 1, 0
1824, 8579, 1, 0
1825, 7708, 1, 0
1826, 7614, 1, 0
1827, 9067, 1, 0
1828, 7449, 1, 0
1829, 8668, 1, 0
1830, 7422, 1, 0
1831, 8654, 1, 0
1832, 7436, 1, 0
1833, 9425, 1, 0
1834, 7537, 1, 0
1835, 9039, 1, 0
1836, 7753, 1, 0
1837, 8505, 1, 0
1838, 7745, 1, 0
1839, 8592, 1, 0
1840, 9039, 1, 0
1841, 7957, 1, 0
1842, 8349, 1, 0
1843, 24285, 1, 0
1844, 8163, 1, 0
1845, 8171, 1, 0
1846, 8115, 1, 0
1847, 8168, 1, 0
1848, 8381, 1, 0
1849, 8101, 1, 0
1850, 8189, 1, 0
1851, 8297, 1, 0
1852, 8417, 1, 0
1853, 10517, 1, 0
1854, 11725, 1, 0
1855, 14214, 1, 0
1856, 8097, 1, 0
1857, 8772, 1, 0
1858, 7754, 1, 0
1859, 14165, 1, 0
1860, 14099, 1, 0
1861, 30528, 1, 0
1862, 14378, 1, 0
1863, 9215, 1, 0
1864, 19618, 1, 0
1865, 14286, 1, 0
1866, 14185, 1, 0
1867, 29985, 1, 0
1868, 14143, 1, 0
1869, 11341, 1, 0
1870, 14153, 1, 0
1871, 13961, 1, 0
1872, 14257, 1, 0
1873, 11586, 1, 0
1874, 14165, 1, 0
1875, 14196, 1, 0
1876, 14058, 1, 0
1877, 31861, 1, 0
1878, 12624, 1, 0
1879, 14213, 1, 0
1880, 14247, 1, 0
1881, 22555, 1, 0
1882, 14308, 1, 0
1883, 14159, 1, 0
1884, 14004, 1, 0
1885, 14309, 1, 0
1886, 7889, 1, 0
1887, 16432, 1, 0
1888, 14280, 1, 0
1889, 14333, 1, 0
1890, 14291, 1, 0
1891, 14343, 1, 0
1892, 14242, 1, 0
1893, 14265, 1, 0
1894, 14451, 1, 0
1895, 14244, 1, 0
1896, 14300, 1, 0
1897, 14511, 1, 0
1898, 14369, 1, 0
1899, 14282, 1, 0
1900, 14303, 1, 0
1901, 11928, 1, 0
1902, 7654, 1, 0
1903, 8720, 1, 0
1904, 7609, 1, 0
1905, 8450, 1, 0
1906, 7785, 1, 0
1907, 10494, 1, 0
1908, 9590, 1, 0
1909, 10186, 1, 0
1910, 11825, 1, 0
1911, 14316, 1, 0
1912, 14263, 1, 0
1913, 14455, 1, 0
1914, 14169, 1, 0
1915, 14323, 1, 0
1916, 14375, 1, 0
1917, 14444, 1, 0
1918, 9316, 1, 0
1919, 14198, 1, 0
1920, 8601, 1, 0
1921, 14451, 1, 0
1922, 9143, 1, 0
1923, 14247, 1, 0
1924, 14268, 1, 0
1925, 14381, 1, 0
1926, 11381, 1, 0
1927, 14298, 1, 0
1928, 14318, 1, 0
1929, 12647, 1, 0
1930, 7639, 1, 0
1931, 14254, 1, 0
1932, 14182, 1, 0
1933, 11311, 1, 0
1934, 8958, 1, 0
1935, 14291, 1, 0
1936, 14298, 1, 0
1937, 11477, 1, 0
1938, 7442, 1, 0
1939, 14287, 1, 0
1940, 14332, 1, 0
1941, 14242, 1, 0
1942, 14403, 1, 0
1943, 14260, 1, 0
1944, 14273, 1, 0
1945, 14596, 1, 0
1946, 14297, 1, 0
1947, 8370, 1, 0
1948, 12278, 1, 0
1949, 14611, 1, 0
1950, 14343, 1, 0
1951, 14387, 1, 0
1952, 14184, 1, 0
1953, 11964, 1, 0
1954, 14290, 1, 0
1955, 16390, 1, 0
1956, 8123, 1, 0
1957, 14685, 1, 0
1958, 14352, 1, 0
1959, 14868, 1, 0
1960, 14359, 1, 0
1961, 12336, 1, 0
1962, 8915, 1, 0
1963, 14338, 1, 0
1964, 14540, 1, 0
1965, 14331, 1, 0
1966, 14517, 1, 0
1967, 14370, 1, 0
1968, 14554, 1, 0
1969, 14436, 1, 0
1970, 12068, 1, 0
1971, 14300, 1, 0
1972, 14280, 1, 0
1973, 14618, 1, 0
1974, 14356, 1, 0
1975, 14529, 1, 0
1976, 14286, 1, 0
1977, 14594, 1, 0
1978, 14396, 1, 0
1979, 14346, 1, 0
1980, 14500, 1, 0
1981, 14351, 1, 0
1982, 14772, 1, 0
1983, 14315, 1, 0
1984, 11359, 1, 0
1985, 14729, 1, 0
1986, 14429, 1, 0
1987, 14479, 1, 0
1988, 14261, 1, 0
1989, 14751, 1, 0
1990, 14222, 1, 0
1991, 14512, 1, 0
1992, 14457, 1, 0
1993, 14806, 1, 0
1994, 14546, 1, 0
1995, 14496, 1, 0
1996, 13213, 1, 0
1997, 11270, 1, 0
1998, 14721, 1, 0
1999, 14574, 1, 0
2000, 14665, 1, 0
2001, 14645, 1, 0
2002, 13338, 1, 0
2003, 14369, 1, 0
2004, 14468, 1, 0
2005, 13391, 1, 0
2006, 12630, 1, 0
2007, 10679, 1, 0
2008, 12476, 1, 0
2009, 14861, 1, 0
2010, 14583, 1, 0
2011, 14767, 1, 0
2012, 14476, 1, 0
2013, 14768, 1, 0
2014, 14535, 1, 0
2015, 11696, 1, 0
2016, 11444, 1, 0
2017, 13127, 1, 0
2018, 14706, 1, 0
2019, 14497, 1, 0
2020, 14922, 1, 0
2021, 14562, 1, 0
2022, 14699, 1, 0
2023, 10415, 1, 0
2024, 11341, 1, 0
2025, 14639, 1, 0
2026, 13030, 1, 0
2027, 14803, 1, 0
2028, 14519, 1, 0
2029, 14818, 1, 0
2030, 14451, 1, 0
2031, 14913, 1, 0
2032, 14399, 1, 0
2033, 14797, 1, 0
2034, 14488, 1, 0
2035, 13484, 1, 0
2036, 11412, 1, 0
2037, 15693, 1, 0
2038, 14580, 1, 0
2039, 14564, 1, 0
2040, 14615, 1, 0
2041, 14458, 1, 0
2042, 14698, 1, 0
2043, 14652, 1, 0
2044, 11537, 1, 0
2045, 10893, 1, 0
2046, 13450, 1, 0
2047, 14639, 1, 0
2048, 14536, 1, 0
2049, 14597, 1, 0
2050, 14274, 1, 0
2051, 12318, 1, 0
2052, 14375, 1, 0
2053, 9720, 1, 0
2054, 9428, 1, 0
2055, 9388, 1, 0
2056, 12183, 1, 0
2057, 13065, 1, 0
2058, 14339, 1, 0
2059, 14417, 1, 0
2060, 14107, 1, 0
2061, 8408, 1, 0
2062, 11885, 1, 0
2063, 14393, 1, 0
2064, 14486, 1, 0
2065, 14419, 1, 0
2066, 8756, 1, 0
2067, 14176, 1, 0
2068, 14160, 1, 0
2069, 11524, 1, 0
2070, 7993, 1, 0
2071, 14162, 1, 0
2072, 14234, 1, 0
2073, 14335, 1, 0
2074, 7874, 1, 0
2075, 14282, 1, 0
2076, 14265, 1, 0
2077, 14273, 1, 0
2078, 8768, 1, 0
2079, 14181, 1, 0
2080, 14283, 1, 0
2081, 14402, 1, 0
2082, 14132, 1, 0
2083, 14167, 1, 0
2084, 14208, 1, 0
2085, 14314, 1, 0
2086, 14134, 1, 0
2087, 16066, 1, 0
2088, 14127, 1, 0
2089, 14274, 1, 0
2090, 14152, 1, 0
2091, 14149, 1, 0
2092, 14348, 1, 0
2093, 14351, 1, 0
2094, 8564, 1, 0
2095, 14233, 1, 0
2096, 11675, 1, 0
2097, 14289, 1, 0
2098, 14139, 1, 0
2099, 14180, 1, 0
2100, 14139, 1, 0
2101, 14222, 1, 0
2102, 14168, 1, 0
2103, 14143, 1, 0
2104, 14177, 1, 0
2105, 14305, 1, 0
2106, 14228, 1, 0
2107, 14209, 1, 0
2108, 10418, 1, 0
2109, 9934, 1, 0
2110, 9476, 1, 0
2111, 11884, 1, 0
2112, 14150, 1, 0
2113, 14289, 1, 0
2114, 14175, 1, 0
2115, 14170, 1, 0
2116, 8769, 1, 0
2117, 11223, 1, 0
2118, 14156, 1, 0
2119, 14231, 1, 0
2120, 14112, 1, 0
2121, 14256, 1, 0
2122, 14213, 1, 0
2123, 14224, 1, 0
2124, 14160, 1, 0
2125, 14214, 1, 0
2126, 14246, 1, 0
2127, 14191, 1, 0
2128, 14108, 1, 0
2129, 14263, 1, 0
2130, 14129, 1, 0
2131, 14480, 1, 0
2132, 14285, 1, 0
2133, 14439, 1, 0
2134, 14230, 1, 0
2135, 14310, 1, 0
2136, 14398, 1, 0
2137, 14408, 1, 0
2138, 14270, 1, 0
2139, 14257, 1, 0
2140, 14343, 1, 0
2141, 22907, 1, 0
2142, 14636, 1, 0
2143, 14300, 1, 0
2144, 14335, 1, 0
2145, 14710, 1, 0
2146, 14169, 1, 0
2147, 14490, 1, 0
2148, 14220, 1, 0
2149, 14675, 1, 0
2150, 14275, 1, 0
2151, 14400, 1, 0
2152, 14495, 1, 0
2153, 14391, 1, 0
2154, 14593, 1, 0
2155, 14328, 1, 0
2156, 14475, 1, 0
2157, 14458, 1, 0
2158, 14774, 1, 0
2159, 14281, 1, 0
2160, 14309, 1, 0
2161, 14680, 1, 0
2162, 14346, 1, 0
2163, 9272, 1, 0
2164, 14295, 1, 0
2165, 14728, 1, 0
2166, 14284, 1, 0
2167, 14311, 1, 0
2168, 14513, 1, 0
2169, 14275, 1, 0
2170, 9218, 1, 0
2171, 14262, 1, 0
2172, 14564, 1, 0
2173, 14409, 1, 0
2174, 14394, 1, 0
2175, 14485, 1, 0
2176, 14288, 1, 0
2177, 14705, 1, 0
2178, 14374, 1, 0
2179, 9209, 1, 0
2180, 11349, 1, 0
2181, 14390, 1, 0
2182, 14394, 1, 0
2183, 14293, 1, 0
2184, 14271, 1, 0
2185, 11428, 1, 0
2186, 14207, 1, 0
2187, 14327, 1, 0
2188, 14327, 1, 0
2189, 9007, 1, 0
2190, 14205, 1, 0
2191, 14203, 1, 0
2192, 14241, 1, 0
2193, 14355, 1, 0
2194, 11132, 1, 0
2195, 11886, 1, 0
2196, 14176, 1, 0
2197, 14368, 1, 0
2198, 11172, 1, 0
2199, 14150, 1, 0
2200, 14167, 1, 0
2201, 14331, 1, 0
2202, 14145, 1, 0
2203, 8199, 1, 0
2204, 7854, 1, 0
2205, 14330, 1, 0
2206, 14137, 1, 0
2207, 14164, 1, 0
2208, 14043, 1, 0
2209, 11451, 1, 0
2210, 23217, 1, 0
2211, 24886, 1, 0
2212, 8496, 1, 0
2213, 14359, 1, 0
2214, 14155, 1, 0
2215, 14116, 1, 0
2216, 14337, 1, 0
2217, 14324, 1, 0
2218, 14617, 1, 0
2219, 15353, 1, 0
2220, 14509, 1, 0
2221, 14393, 1, 0
2222, 14199, 1, 0
2223, 14389, 1, 0
2224, 14262, 1, 0
2225, 14551, 1, 0
2226, 14232, 1, 0
2227, 14355, 1, 0
2228, 14279, 1, 0
2229, 14202, 1, 0
2230, 14368, 1, 0
2231, 14069, 1, 0
2232, 14442, 1, 0
2233, 14208, 1, 0
2234, 14304, 1, 0
2235, 14079, 1, 0
2236, 14201, 1, 0
2237, 14433, 1, 0
2238, 14154, 1, 0
2239, 14371, 1, 0
2240, 14285, 1, 0
2241, 14418, 1, 0
2242, 14149, 1, 0
2243, 16443, 1, 0
2244, 14011, 1, 0
2245, 14186, 1, 0
2246, 14310, 1, 0
2247, 14054, 1, 0
2248, 14256, 1, 0
2249, 14278, 1, 0
2250, 14277, 1, 0
2251, 14099, 1, 0
2252, 14145, 1, 0
2253, 14285, 1, 0
2254, 14040, 1, 0
2255, 14273, 1, 0
2256, 14132, 1, 0
2257, 14496, 1, 0
2258, 13967, 1, 0
2259, 11477, 1, 0
2260, 11740, 1, 0
2261, 14207, 1, 0
2262, 9670, 1, 0
2263, 8360, 1, 0
2264, 14228, 1, 0
2265, 14291, 1, 0
2266, 14083, 1, 0
2267, 14185, 1, 0
2268, 14245, 1, 0
2269, 14435, 1, 0
2270, 14363, 1, 0
2271, 14278, 1, 0
2272, 14249, 1, 0
2273, 14369, 1, 0
2274, 14204, 1, 0
2275, 14191, 1, 0
2276, 14270, 1, 0
2277, 14215, 1, 0
2278, 11376, 1, 0
2279, 14073, 1, 0
2280, 14226, 1, 0
2281, 14527, 1, 0
2282, 11164, 1, 0
2283, 14341, 1, 0
2284, 14099, 1, 0
2285, 14380, 1, 0
2286, 14196, 1, 0
2287, 8901, 1, 0
2288, 11172, 1, 0
2289, 14114, 1, 0
2290, 14381, 1, 0
2291, 14158, 1, 0
2292, 14422, 1, 0
2293, 14245, 1, 0
2294, 14268, 1, 0
2295, 14166, 1, 0
2296, 14063, 1, 0
2297, 14262, 1, 0
2298, 14124, 1, 0
2299, 38690, 1, 0
2300, 17882, 1, 0
2301, 15435, 1, 0
2302, 13938, 1, 0
2303, 14412, 1, 0
2304, 14249, 1, 0
2305, 12308, 1, 0
2306, 15115, 1, 0
2307, 17040, 1, 0
2308, 12077, 1, 0
2309, 9858, 1, 0
2310, 10030, 1, 0
2311, 9643, 1, 0
2312, 9449, 1, 0
2313, 9704, 1, 0
2314, 16538, 1, 0
2315, 10168, 1, 0
2316, 9700, 1, 0
2317, 9747, 1, 0
2318, 9490, 1, 0
2319, 12526, 1, 0
2320, 10235, 1, 0
2321, 9988, 1, 0
2322, 8480, 1, 0
2323, 9303, 1, 0
2324, 7605, 1, 0
2325, 8607, 1, 0
2326, 7745, 1, 0
2327, 7818, 1, 0
2328, 9028, 1, 0
2329, 10959, 1, 0
2330, 8227, 1, 0
2331, 8564, 1, 0
2332, 7805, 1, 0
2333, 9163, 1, 0
2334, 7745, 1, 0
2335, 8461, 1, 0
2336, 7866, 1, 0
2337, 15768, 1, 0
2338, 7697, 1, 0
2339, 8528, 1, 0
2340, 8937, 1, 0
2341, 8779, 1, 0
2342, 7750, 1, 0
2343, 8792, 1, 0
2344, 7817, 1, 0
2345, 8604, 1, 0
2346, 7704, 1, 0
2347, 8978, 1, 0
2348, 7933, 1, 0
2349, 7904, 1, 0
2350, 9969, 1, 0
2351, 12030, 1, 0
2352, 14096, 1, 0
2353, 14168, 1, 0
2354, 14026, 1, 0
2355, 14095, 1, 0
2356, 14177, 1, 0
2357, 14127, 1, 0
2358, 14058, 1, 0
2359, 24502, 1, 0
2360, 14192, 1, 0
2361, 14147, 1, 0
2362, 14029, 1, 0
2363, 14069, 1, 0
2364, 14155, 1, 0
2365, 14155, 1, 0
2366, 14026, 1, 0
2367, 14011, 1, 0
2368, 7968, 1, 0
2369, 11561, 1, 0
2370, 14080, 1, 0
2371, 14047, 1, 0
2372, 14035, 1, 0
2373, 14128, 1, 0
2374, 14024, 1, 0
2375, 14038, 1, 0
2376, 14063, 1, 0
2377, 14125, 1, 0
2378, 11253, 1, 0
2379, 11429, 1, 0
2380, 13994, 1, 0
2381, 14234, 1, 0
2382, 14047, 1, 0
2383, 13976, 1, 0
2384, 14035, 1, 0
2385, 14056, 1, 0
2386, 14114, 1, 0
2387, 11695, 1, 0
2388, 12777, 1, 0
2389, 11856, 1, 0
2390, 9424, 1, 0
2391, 16808, 1, 0
2392, 14339, 1, 0
2393, 14412, 1, 0
2394, 8496, 1, 0
2395, 14262, 1, 0
2396, 14455, 1, 0
2397, 14277, 1, 0
2398, 8281, 1, 0
2399, 14267, 1, 0
2400, 14263, 1, 0
2401, 14458, 1, 0
2402, 8503, 1, 0
2403, 11064, 1, 0
2404, 14406, 1, 0
2405, 14518, 1, 0
2406, 14415, 1, 0
2407, 14362, 1, 0
2408, 8178, 1, 0
2409, 11685, 1, 0
2410, 14341, 1, 0
2411, 14238, 1, 0
2412, 14445, 1, 0
2413, 14311, 1, 0
2414, 12179, 1, 0
2415, 13279, 1, 0
2416, 8830, 1, 0
2417, 8832, 1, 0
2418, 7946, 1, 0
2419, 8695, 1, 0
2420, 14323, 1, 0
2421, 14400, 1, 0
2422, 14366, 1, 0
2423, 16357, 1, 0
2424, 14301, 1, 0
2425, 14512, 1, 0
2426, 11359, 1, 0
2427, 8770, 1, 0
2428, 7698, 1, 0
2429, 8414, 1, 0
2430, 14308, 1, 0
2431, 14500, 1, 0
2432, 14395, 1, 0
2433, 14370, 1, 0
2434, 14296, 1, 0
2435, 14272, 1, 0
2436, 14238, 1, 0
2437, 14458, 1, 0
2438, 14631, 1, 0
2439, 9778, 1, 0
2440, 14237, 1, 0
2441, 14371, 1, 0
2442, 14231, 1, 0
2443, 14357, 1, 0
2444, 14285, 1, 0
2445, 14419, 1, 0
2446, 14277, 1, 0
2447, 14269, 1, 0
2448, 8341, 1, 0
2449, 8517, 1, 0
2450, 14274, 1, 0
2451, 14308, 1, 0
2452, 14303, 1, 0
2453, 14801, 1, 0
2454, 14614, 1, 0
2455, 14334, 1, 0
2456, 14482, 1, 0
2457, 14302, 1, 0
2458, 14404, 1, 0
2459, 9039, 1, 0
2460, 9136, 1, 0
2461, 14584, 1, 0
2462, 12726, 1, 0
2463, 16937, 1, 0
2464, 14335, 1, 0
2465, 14328, 1, 0
2466, 14126, 1, 0
2467, 13237, 1, 0
2468, 14171, 1, 0
2469, 21738, 1, 0
2470, 14232, 1, 0
2471, 14376, 1, 0
2472, 14259, 1, 0
2473, 16853, 1, 0
2474, 14591, 1, 0
2475, 12963, 1, 0
2476, 11561, 1, 0
2477, 15085, 1, 0
2478, 14811, 1, 0
2479, 15017, 1, 0
2480, 14933, 1, 0
2481, 14873, 1, 0
2482, 11809, 1, 0
2483, 14735, 1, 0
2484, 15127, 1, 0
2485, 14692, 1, 0
2486, 15141, 1, 0
2487, 14703, 1, 0
2488, 15037, 1, 0
2489, 14829, 1, 0
2490, 14832, 1, 0
2491, 9469, 1, 0
2492, 11254, 1, 0
2493, 22124, 1, 0
2494, 14706, 1, 0
2495, 14981, 1, 0
2496, 14734, 1, 0
2497, 12031, 1, 0
2498, 14688, 1, 0
2499, 14987, 1, 0
2500, 14659, 1, 0
2501, 12049, 1, 0
2502, 14920, 1, 0
2503, 16873, 1, 0
2504, 9956, 1, 0
2505, 14852, 1, 0
2506, 14731, 1, 0
2507, 14820, 1, 0
2508, 14746, 1, 0
2509, 14991, 1, 0
2510, 14710, 1, 0
2511, 15015, 1, 0
2512, 14784, 1, 0
2513, 14938, 1, 0
2514, 14696, 1, 0
2515, 14751, 1, 0
2516, 14797, 1, 0
2517, 14676, 1, 0
2518, 15035, 1, 0
2519, 14740, 1, 0
2520, 14814, 1, 0
2521, 14716, 1, 0
2522, 14810, 1, 0
2523, 14802, 1, 0
2524, 11619, 1, 0
2525, 15121, 1, 0
2526, 14656, 1, 0
2527, 14875, 1, 0
2528, 14659, 1, 0
2529, 11672, 1, 0
2530, 14798, 1, 0
2531, 14687, 1, 0
2532, 15008, 1, 0
2533, 11804, 1, 0
2534, 14881, 1, 0
2535, 14780, 1, 0
2536, 14661, 1, 0
2537, 14956, 1, 0
2538, 13160, 1, 0
2539, 15358, 1, 0
2540, 14751, 1, 0
2541, 14850, 1, 0
2542, 14733, 1, 0
2543, 14897, 1, 0
2544, 13129, 1, 0
2545, 11485, 1, 0
2546, 14713, 1, 0
2547, 15868, 1, 0
2548, 14724, 1, 0
2549, 14887, 1, 0
2550, 14763, 1, 0
2551, 14800, 1, 0
2552, 14703, 1, 0
2553, 14906, 1, 0
2554, 14775, 1, 0
2555, 14716, 1, 0
2556, 14693, 1, 0
2557, 14750, 1, 0
2558, 14843, 1, 0
2559, 14758, 1, 0
2560, 14712, 1, 0
2561, 14997, 1, 0
2562, 14793, 1, 0
2563, 14806, 1, 0
2564, 14767, 1, 0
2565, 14892, 1, 0
2566, 14774, 1, 0
2567, 14800, 1, 0
2568, 14737, 1, 0
2569, 14932, 1, 0
2570, 14801, 1, 0
2571, 14696, 1, 0
2572, 14783, 1, 0
2573, 14826, 1, 0
2574, 14743, 1, 0
2575, 14693, 1, 0
2576, 11534, 1, 0
2577, 9071, 1, 0
2578, 14675, 1, 0
2579, 14595, 1, 0
2580, 14805, 1, 0
2581, 12050, 1, 0
2582, 8972, 1, 0
2583, 14734, 1, 0
2584, 14751, 1, 0
2585, 14870, 1, 0
2586, 14574, 1, 0
2587, 14767, 1, 0
2588, 14816, 1, 0
2589, 14667, 1, 0
2590, 14651, 1, 0
2591, 14598, 1, 0
2592, 11501, 1, 0
2593, 14744, 1, 0
2594, 14607, 1, 0
2595, 14551, 1, 0
2596, 14513, 1, 0
2597, 11530, 1, 0
2598, 14499, 1, 0
2599, 14681, 1, 0
2600, 11457, 1, 0
2601, 14723, 1, 0
2602, 11833, 1, 0
2603, 14582, 1, 0
2604, 14501, 1, 0
2605, 14599, 1, 0
2606, 14483, 1, 0
2607, 14530, 1, 0
2608, 14495, 1, 0
2609, 14516, 1, 0
2610, 14582, 1, 0
2611, 14478, 1, 0
2612, 11642, 1, 0
2613, 15384, 1, 0
2614, 14675, 1, 0
2615, 14599, 1, 0
2616, 14611, 1, 0
2617, 12436, 1, 0
2618, 14573, 1, 0
2619, 14716, 1, 0
2620, 14592, 1, 0
2621, 12411, 1, 0
2622, 14608, 1, 0
2623, 14640, 1, 0
2624, 14557, 1, 0
2625, 14683, 1, 0
2626, 12518, 1, 0
2627, 14855, 1, 0
2628, 12106, 1, 0
2629, 14653, 1, 0
2630, 14534, 1, 0
2631, 14483, 1, 0
2632, 14500, 1, 0
2633, 14584, 1, 0
2634, 14507, 1, 0
2635, 14707, 1, 0
2636, 14532, 1, 0
2637, 14650, 1, 0
2638, 14575, 1, 0
2639, 14559, 1, 0
2640, 14622, 1, 0
2641, 14784, 1, 0
2642, 11509, 1, 0
2643, 14613, 1, 0
2644, 14642, 1, 0
2645, 14602, 1, 0
2646, 14877, 1, 0
2647, 13077, 1, 0
2648, 14870, 1, 0
2649, 14758, 1, 0
2650, 14859, 1, 0
2651, 14655, 1, 0
2652, 14762, 1, 0
2653, 14720, 1, 0
2654, 14569, 1, 0
2655, 14688, 1, 0
2656, 14542, 1, 0
2657, 14809, 1, 0
2658, 11451, 1, 0
2659, 12487, 1, 0
2660, 14528, 1, 0
2661, 9077, 1, 0
2662, 14656, 1, 0
2663, 14715, 1, 0
2664, 30032, 1, 0
2665, 14831, 1, 0
2666, 15602, 1, 0
2667, 15459, 1, 0
2668, 15542, 1, 0
2669, 14479, 1, 0
2670, 14828, 1, 0
2671, 14541, 1, 0
2672, 14641, 1, 0
2673, 14737, 1, 0
2674, 11865, 1, 0
2675, 14886, 1, 0
2676, 14647, 1, 0
2677, 14869, 1, 0
2678, 14542, 1, 0
2679, 32046, 1, 0
2680, 8316, 1, 0
2681, 8872, 1, 0
2682, 10111, 1, 0
2683, 14707, 1, 0
2684, 14486, 1, 0
2685, 15037, 1, 0
2686, 14764, 1, 0
2687, 14600, 1, 0
2688, 14788, 1, 0
2689, 14761, 1, 0
2690, 14702, 1, 0
2691, 14539, 1, 0
2692, 14559, 1, 0
2693, 14707, 1, 0
2694, 14550, 1, 0
2695, 14954, 1, 0
2696, 8335, 1, 0
2697, 16250, 1, 0
2698, 14481, 1, 0
2699, 14645, 1, 0
2700, 14518, 1, 0
2701, 14605, 1, 0
2702, 14422, 1, 0
2703, 8543, 1, 0
2704, 11257, 1, 0
2705, 14675, 1, 0
2706, 14597, 1, 0
2707, 12172, 1, 0
2708, 8915, 1, 0
2709, 31197, 1, 0
2710, 14635, 1, 0
2711, 14586, 1, 0
2712, 14561, 1, 0
2713, 8934, 1, 0
2714, 14621, 1, 0
2715, 11424, 1, 0
2716, 15868, 1, 0
2717, 14953, 1, 0
2718, 12803, 1, 0
2719, 11746, 1, 0
2720, 14547, 1, 0
2721, 14608, 1, 0
2722, 11790, 1, 0
2723, 14583, 1, 0
2724, 8835, 1, 0
2725, 14659, 1, 0
2726, 14451, 1, 0
2727, 12236, 1, 0
2728, 14521, 1, 0
2729, 11826, 1, 0
2730, 14514, 1, 0
2731, 13992, 1, 0
2732, 9376, 1, 0
2733, 14657, 1, 0
2734, 14538, 1, 0
2735, 29117, 1, 0
2736, 14531, 1, 0
2737, 14740, 1, 0
2738, 15979, 1, 0
2739, 14528, 1, 0
2740, 14556, 1, 0
2741, 14683, 1, 0
2742, 14513, 1, 0
2743, 14669, 1, 0
2744, 14510, 1, 0
2745, 14567, 1, 0
2746, 14639, 1, 0
2747, 14624, 1, 0
2748, 11749, 1, 0
2749, 14868, 1, 0
2750, 14617, 1, 0
2751, 11961, 1, 0
2752, 11715, 1, 0
2753, 14654, 1, 0
2754, 14506, 1, 0
2755, 19374, 1, 0
2756, 13472, 1, 0
2757, 12804, 1, 0
2758, 14800, 1, 0
2759, 14771, 1, 0
2760, 14838, 1, 0
2761, 14852, 1, 0
2762, 14783, 1, 0
2763, 14815, 1, 0
2764, 14828, 1, 0
2765, 14847, 1, 0
2766, 14862, 1, 0
2767, 15045, 1, 0
2768, 14739, 1, 0
2769, 14909, 1, 0
2770, 14807, 1, 0
2771, 14912, 1, 0
2772, 14743, 1, 0
2773, 14995, 1, 0
2774, 14866, 1, 0
2775, 14702, 1, 0
2776, 11916, 1, 0
2777, 9224, 1, 0
2778, 10393, 1, 0
2779, 8715, 1, 0
2780, 8700, 1, 0
2781, 8744, 1, 0
2782, 8534, 1, 0
2783, 8382, 1, 0
2784, 10570, 1, 0
2785, 10380, 1, 0
2786, 9514, 1, 0
2787, 12165, 1, 0
2788, 14698, 1, 0
2789, 14748, 1, 0
2790, 8727, 1, 0
2791, 9147, 1, 0
2792, 14686, 1, 0
2793, 14951, 1, 0
2794, 14805, 1, 0
2795, 15019, 1, 0
2796, 14793, 1, 0
2797, 14858, 1, 0
2798, 14731, 1, 0
2799, 12626, 1, 0
2800, 8259, 1, 0
2801, 8947, 1, 0
2802, 7940, 1, 0
2803, 9228, 1, 0
2804, 9127, 1, 0
2805, 11738, 1, 0
2806, 14847, 1, 0
2807, 14849, 1, 0
2808, 14820, 1, 0
2809, 15117, 1, 0
2810, 14745, 1, 0
2811, 14875, 1, 0
2812, 14677, 1, 0
2813, 16095, 1, 0
2814, 15106, 1, 0
2815, 14871, 1, 0
2816, 14812, 1, 0
2817, 14869, 1, 0
2818, 14902, 1, 0
2819, 14879, 1, 0
2820, 14865, 1, 0
2821, 14842, 1, 0
2822, 14942, 1, 0
2823, 14976, 1, 0
2824, 14861, 1, 0
2825, 14517, 1, 0
2826, 14645, 1, 0
2827, 15879, 1, 0
2828, 13510, 1, 0
2829, 12869, 1, 0
2830, 14311, 1, 0
2831, 9279, 1, 0
2832, 8767, 1, 0
2833, 9358, 1, 0
2834, 7746, 1, 0
2835, 9182, 1, 0
2836, 7788, 1, 0
2837, 8832, 1, 0
2838, 9695, 1, 0
2839, 12441, 1, 0
2840, 14194, 1, 0
2841, 14244, 1, 0
2842, 9410, 1, 0
2843, 9735, 1, 0
2844, 8519, 1, 0
2845, 8845, 1, 0
2846, 10761, 1, 0
2847, 11900, 1, 0
2848, 14278, 1, 0
2849, 14346, 1, 0
2850, 8228, 1, 0
2851, 14236, 1, 0
2852, 14306, 1, 0
2853, 14432, 1, 0
2854, 14293, 1, 0
2855, 13598, 1, 0
2856, 14245, 1, 0
2857, 11308, 1, 0
2858, 9706, 1, 0
2859, 14303, 1, 0
2860, 13626, 1, 0
2861, 9028, 1, 0
2862, 9273, 1, 0
2863, 11935, 1, 0
2864, 14318, 1, 0
2865, 12338, 1, 0
2866, 8230, 1, 0
2867, 9755, 1, 0
2868, 8758, 1, 0
2869, 9537, 1, 0
2870, 14243, 1, 0
2871, 14180, 1, 0
2872, 14318, 1, 0
2873, 14338, 1, 0
2874, 14213, 1, 0
2875, 14765, 1, 0
2876, 11185, 1, 0
2877, 11191, 1, 0
2878, 14191, 1, 0
2879, 14250, 1, 0
2880, 14200, 1, 0
2881, 14452, 1, 0
2882, 14262, 1, 0
2883, 14283, 1, 0
2884, 8125, 1, 0
2885, 9285, 1, 0
2886, 10705, 1, 0
2887, 8936, 1, 0
2888, 7637, 1, 0
2889, 8621, 1, 0
2890, 7626, 1, 0
2891, 9864, 1, 0
2892, 8831, 1, 0
2893, 8951, 1, 0
2894, 14419, 1, 0
2895, 14267, 1, 0
2896, 14317, 1, 0
2897, 14680, 1, 0
2898, 8700, 1, 0
2899, 14283, 1, 0
2900, 14219, 1, 0
2901, 17342, 1, 0
2902, 14313, 1, 0
2903, 15043, 1, 0
2904, 14293, 1, 0
2905, 15963, 1, 0
2906, 14242, 1, 0
2907, 14342, 1, 0
2908, 14226, 1, 0
2909, 14412, 1, 0
2910, 14233, 1, 0
2911, 14193, 1, 0
2912, 14262, 1, 0
2913, 14412, 1, 0
2914, 14161, 1, 0
2915, 14258, 1, 0
2916, 14413, 1, 0
2917, 14332, 1, 0
2918, 14240, 1, 0
2919, 11666, 1, 0
2920, 7741, 1, 0
2921, 14181, 1, 0
2922, 14406, 1, 0
2923, 14284, 1, 0
2924, 14279, 1, 0
2925, 14423, 1, 0
2926, 14251, 1, 0
2927, 14285, 1, 0
2928, 14353, 1, 0
2929, 14452, 1, 0
2930, 14236, 1, 0
2931, 14430, 1, 0
2932, 11396, 1, 0
2933, 14400, 1, 0
2934, 14218, 1, 0
2935, 14425, 1, 0
2936, 14275, 1, 0
2937, 14426, 1, 0
2938, 14285, 1, 0
2939, 14200, 1, 0
2940, 14240, 1, 0
2941, 14360, 1, 0
2942, 14229, 1, 0
2943, 14253, 1, 0
2944, 14364, 1, 0
2945, 14253, 1, 0
2946, 14417, 1, 0
2947, 14296, 1, 0
2948, 14273, 1, 0
2949, 14541, 1, 0
2950, 14460, 1, 0
2951, 14208, 1, 0
2952, 14232, 1, 0
2953, 14432, 1, 0
2954, 14305, 1, 0
2955, 14279, 1, 0
2956, 14390, 1, 0
2957, 14301, 1, 0
2958, 14217, 1, 0
2959, 14239, 1, 0
2960, 14243, 1, 0
2961, 14340, 1, 0
2962, 14281, 1, 0
2963, 14263, 1, 0
2964, 14259, 1, 0
2965, 14586, 1, 0
2966, 14442, 1, 0
2967, 14301, 1, 0
2968, 14218, 1, 0
2969, 14509, 1, 0
2970, 11809, 1, 0
2971, 14232, 1, 0
2972, 14334, 1, 0
2973, 14428, 1, 0
2974, 14348, 1, 0
2975, 14385, 1, 0
2976, 8005, 1, 0
2977, 8587, 1, 0
2978, 14228, 1, 0
2979, 16029, 1, 0
2980, 14164, 1, 0
2981, 14477, 1, 0
2982, 14276, 1, 0
2983, 14325, 1, 0
2984, 14185, 1, 0
2985, 14412, 1, 0
2986, 14237, 1, 0
2987, 14205, 1, 0
2988, 14329, 1, 0
2989, 14426, 1, 0
2990, 14130, 1, 0
2991, 14041, 1, 0
2992, 14094, 1, 0
2993, 14229, 1, 0
2994, 14175, 1, 0
2995, 14173, 1, 0
2996, 11802, 1, 0
2997, 27548, 1, 0
2998, 14446, 1, 0
2999, 14170, 1, 0
3000, 14404, 1, 0
3001, 11241, 1, 0
3002, 14250, 1, 0
3003, 14225, 1, 0
3004, 28360, 1, 0
3005, 19103, 1, 0
3006, 14127, 1, 0
3007, 14487, 1, 0
3008, 11314, 1, 0
3009, 11182, 1, 0
3010, 14248, 1, 0
3011, 14187, 1, 0
3012, 14341, 1, 0
3013, 15032, 1, 0
3014, 14630, 1, 0
3015, 15474, 1, 0
3016, 15668, 1, 0
3017, 29212, 1, 0
3018, 13981, 1, 0
3019, 14084, 1, 0
3020, 14061, 1, 0
3021, 8047, 1, 0
3022, 9102, 1, 0
3023, 12309, 1, 0
3024, 14197, 1, 0
3025, 16849, 1, 0
3026, 14193, 1, 0
3027, 13084, 1, 0
3028, 11659, 1, 0
3029, 9857, 1, 0
3030, 14344, 1, 0
3031, 12199, 1, 0
3032, 8626, 1, 0
3033, 9299, 1, 0
3034, 8417, 1, 0
3035, 9729, 1, 0
3036, 8551, 1, 0
3037, 9521, 1, 0
3038, 7379, 1, 0
3039, 9469, 1, 0
3040, 8476, 1, 0
3041, 9166, 1, 0
3042, 14070, 1, 0
3043, 13108, 1, 0
3044, 14031, 1, 0
3045, 9029, 1, 0
3046, 13004, 1, 0
3047, 13921, 1, 0
3048, 14127, 1, 0
3049, 19694, 1, 0
3050, 32430, 1, 0
3051, 10250, 1, 0
3052, 11148, 1, 0
3053, 9618, 1, 0
3054, 11819, 1, 0
3055, 15467, 1, 0
3056, 7383, 1, 0
3057, 10660, 1, 0
3058, 9034, 1, 0
3059, 8260, 1, 0
3060, 8544, 1, 0
3061, 7961, 1, 0
3062, 8220, 1, 0
3063, 8339, 1, 0
3064, 8550, 1, 0
3065, 8963, 1, 0
3066, 8131, 1, 0
3067, 8749, 1, 0
3068, 7655, 1, 0
3069, 8652, 1, 0
3070, 7480, 1, 0
3071, 8558, 1, 0
3072, 7443, 1, 0
3073, 10282, 1, 0
3074, 7854, 1, 0
3075, 8574, 1, 0
3076, 7335, 1, 0
3077, 8486, 1, 0
3078, 7387, 1, 0
3079, 9696, 1, 0
3080, 8502, 1, 0
3081, 9012, 1, 0
3082, 9736, 1, 0
3083, 10040, 1, 0
3084, 9325, 1, 0
3085, 10256, 1, 0
3086, 14112, 1, 0
3087, 9602, 1, 0
3088, 14127, 1, 0
3089, 13948, 1, 0
3090, 14202, 1, 0
3091, 8414, 1, 0
3092, 11407, 1, 0
3093, 11427, 1, 0
3094, 11988, 1, 0
3095, 14308, 1, 0
3096, 11887, 1, 0
3097, 12411, 1, 0
3098, 11874, 1, 0
3099, 14458, 1, 0
3100, 12125, 1, 0
3101, 14225, 1, 0
3102, 11648, 1, 0
3103, 10232, 1, 0
3104, 11880, 1, 0
3105, 12196, 1, 0
3106, 12458, 1, 0
3107, 12036, 1, 0
3108, 14420, 1, 0
3109, 12629, 1, 0
3110, 8820, 1, 0
3111, 8819, 1, 0
3112, 8312, 1, 0
3113, 9842, 1, 0
3114, 8320, 1, 0
3115, 12007, 1, 0
3116, 11928, 1, 0
3117, 9073, 1, 0
3118, 9153, 1, 0
3119, 14546, 1, 0
3120, 11966, 1, 0
3121, 12229, 1, 0
3122, 8043, 1, 0
3123, 15721, 1, 0
3124, 11350, 1, 0
3125, 9225, 1, 0
3126, 11862, 1, 0
3127, 12260, 1, 0
3128, 8130, 1, 0
3129, 9152, 1, 0
3130, 8954, 1, 0
3131, 8263, 1, 0
3132, 8249, 1, 0
3133, 14385, 1, 0
3134, 8605, 1, 0
3135, 14443, 1, 0
3136, 12733, 1, 0
3137, 12438, 1, 0
3138, 9501, 1, 0
3139, 14390, 1, 0
3140, 11860, 1, 0
3141, 14431, 1, 0
3142, 8509, 1, 0
3143, 9045, 1, 0
3144, 10088, 1, 0
3145, 12174, 1, 0
3146, 12335, 1, 0
3147, 14465, 1, 0
3148, 11901, 1, 0
3149, 11752, 1, 0
3150, 11814, 1, 0
3151, 14442, 1, 0
3152, 8328, 1, 0
3153, 11553, 1, 0
3154, 12188, 1, 0
3155, 11937, 1, 0
3156, 10193, 1, 0
3157, 14450, 1, 0
3158, 12182, 1, 0
3159, 11960, 1, 0
3160, 14401, 1, 0
3161, 8810, 1, 0
3162, 12414, 1, 0
3163, 12160, 1, 0
3164, 14258, 1, 0
3165, 12520, 1, 0
3166, 11946, 1, 0
3167, 9271, 1, 0
3168, 11645, 1, 0
3169, 16412, 1, 0
3170, 11928, 1, 0
3171, 12283, 1, 0
3172, 11888, 1, 0
3173, 10141, 1, 0
3174, 12061, 1, 0
3175, 14365, 1, 0
3176, 8627, 1, 0
3177, 9501, 1, 0
3178, 11968, 1, 0
3179, 12343, 1, 0
3180, 11940, 1, 0
3181, 14519, 1, 0
3182, 11821, 1, 0
3183, 9156, 1, 0
3184, 11604, 1, 0
3185, 9223, 1, 0
3186, 14263, 1, 0
3187, 12167, 1, 0
3188, 11879, 1, 0
3189, 11935, 1, 0
3190, 9544, 1, 0
3191, 14421, 1, 0
3192, 8579, 1, 0
3193, 8936, 1, 0
3194, 11502, 1, 0
3195, 10579, 1, 0
3196, 11928, 1, 0
3197, 12442, 1, 0
3198, 11789, 1, 0
3199, 14201, 1, 0
3200, 12483, 1, 0
3201, 11878, 1, 0
3202, 11479, 1, 0
3203, 8805, 1, 0
3204, 14257, 1, 0
3205, 11780, 1, 0
3206, 12159, 1, 0
3207, 12038, 1, 0
3208, 10141, 1, 0
3209, 19803, 1, 0
3210, 14275, 1, 0
3211, 14166, 1, 0
3212, 11686, 1, 0
3213, 12091, 1, 0
3214, 11650, 1, 0
3215, 14589, 1, 0
3216, 12186, 1, 0
3217, 9088, 1, 0
3218, 11619, 1, 0
3219, 14618, 1, 0
3220, 11773, 1, 0
3221, 11857, 1, 0
3222, 11764, 1, 0
3223, 12217, 1, 0
3224, 9171, 1, 0
3225, 8880, 1, 0
3226, 11508, 1, 0
3227, 12311, 1, 0
3228, 9403, 1, 0
3229, 12417, 1, 0
3230, 11559, 1, 0
3231, 12442, 1, 0
3232, 20684, 1, 0
3233, 9251, 1, 0
3234, 12090, 1, 0
3235, 11728, 1, 0
3236, 11998, 1, 0
3237, 14601, 1, 0
3238, 11921, 1, 0
3239, 8902, 1, 0
3240, 14233, 1, 0
3241, 11928, 1, 0
3242, 10003, 1, 0
3243, 11611, 1, 0
3244, 11838, 1, 0
3245, 11807, 1, 0
3246, 12264, 1, 0
3247, 14378, 1, 0
3248, 12362, 1, 0
3249, 11857, 1, 0
3250, 8110, 1, 0
3251, 9788, 1, 0
3252, 11674, 1, 0
3253, 11929, 1, 0
3254, 12042, 1, 0
3255, 14195, 1, 0
3256, 11746, 1, 0
3257, 12325, 1, 0
3258, 11903, 1, 0
3259, 9268, 1, 0
3260, 14279, 1, 0
3261, 12344, 1, 0
3262, 11685, 1, 0
3263, 12098, 1, 0
3264, 11749, 1, 0
3265, 14520, 1, 0
3266, 11663, 1, 0
3267, 10748, 1, 0
3268, 8495, 1, 0
3269, 11862, 1, 0
3270, 9113, 1, 0
3271, 19038, 1, 0
3272, 14176, 1, 0
3273, 11324, 1, 0
3274, 14164, 1, 0
3275, 11811, 1, 0
3276, 14165, 1, 0
3277, 11884, 1, 0
3278, 12211, 1, 0
3279, 14152, 1, 0
3280, 19130, 1, 0
3281, 9475, 1, 0
3282, 11711, 1, 0
3283, 11967, 1, 0
3284, 12095, 1, 0
3285, 12037, 1, 0
3286, 11318, 1, 0
3287, 14198, 1, 0
3288, 12178, 1, 0
3289, 13992, 1, 0
3290, 8833, 1, 0
3291, 12242, 1, 0
3292, 11685, 1, 0
3293, 14031, 1, 0
3294, 11920, 1, 0
3295, 9318, 1, 0
3296, 11479, 1, 0
3297, 12161, 1, 0
3298, 9278, 1, 0
3299, 14141, 1, 0
3300, 11727, 1, 0
3301, 12405, 1, 0
3302, 9488, 1, 0
3303, 14152, 1, 0
3304, 11764, 1, 0
3305, 20067, 1, 0
3306, 9150, 1, 0
3307, 11839, 1, 0
3308, 11594, 1, 0
3309, 12143, 1, 0
3310, 11807, 1, 0
3311, 14249, 1, 0
3312, 12057, 1, 0
3313, 37206, 1, 0
3314, 9543, 1, 0
3315, 29331, 1, 0
3316, 12103, 1, 0
3317, 11874, 1, 0
3318, 12388, 1, 0
3319, 9884, 1, 0
3320, 12066, 1, 0
3321, 11865, 1, 0
3322, 13283, 1, 0
3323, 14087, 1, 0
3324, 11710, 1, 0
3325, 12455, 1, 0
3326, 12081, 1, 0
3327, 40092, 1, 0
3328, 11982, 1, 0
3329, 12340, 1, 0
3330, 9511, 1, 0
3331, 8579, 1, 0
3332, 14096, 1, 0
3333, 19384, 1, 0
3334, 11708, 1, 0
3335, 12083, 1, 0
3336, 11769, 1, 0
3337, 11669, 1, 0
3338, 11520, 1, 0
3339, 17283, 1, 0
3340, 12056, 1, 0
3341, 32159, 1, 0
3342, 14380, 1, 0
3343, 14946, 1, 0
3344, 9702, 1, 0
3345, 22206, 1, 0
3346, 9729, 1, 0
3347, 10315, 1, 0
3348, 11048, 1, 0
3349, 10252, 1, 0
3350, 20819, 1, 0
3351, 11494, 1, 0
3352, 12578, 1, 0
3353, 12189, 1, 0
3354, 11923, 1, 0
3355, 14556, 1, 0
3356, 11368, 1, 0
3357, 11870, 1, 0
3358, 13214, 1, 0
3359, 12895, 1, 0
3360, 12452, 1, 0
3361, 12228, 1, 0
3362, 12176, 1, 0
3363, 42469, 1, 0
3364, 12080, 1, 0
3365, 12382, 1, 0
3366, 12356, 1, 0
3367, 11507, 1, 0
3368, 11452, 1, 0
3369, 13647, 1, 0
3370, 11070, 1, 0
3371, 12374, 1, 0
3372, 10234, 1, 0
3373, 11720, 1, 0
3374, 11133, 1, 0
3375, 12436, 1, 0
3376, 10815, 1, 0
3377, 11703, 1, 0
3378, 11480, 1, 0
3379, 32318, 1, 0
3380, 11456, 1, 0
3381, 11499, 1, 0
3382, 11288, 1, 0
3383, 11474, 1, 0
3384, 11689, 1, 0
3385, 11554, 1, 0
3386, 12093, 1, 0
3387, 11768, 1, 0
3388, 11800, 1, 0
3389, 12427, 1, 0
3390, 11780, 1, 0
3391, 12671, 1, 0
3392, 10283, 1, 0
3393, 11583, 1, 0
3394, 11403, 1, 0
3395, 11841, 1, 0
3396, 10593, 1, 0
3397, 15033, 1, 0
3398, 12065, 1, 0
3399, 11519, 1, 0
3400, 10979, 1, 0
3401, 11544, 1, 0
3402, 12217, 1, 0
3403, 10898, 1, 0
3404, 12328, 1, 0
3405, 10299, 1, 0
3406, 11446, 1, 0
3407, 12630, 1, 0
3408, 11117, 1, 0
3409, 11429, 1, 0
3410, 12053, 1, 0
3411, 11353, 1, 0
3412, 10854, 1, 0
3413, 13097, 1, 0
3414, 12985, 1, 0
3415, 11309, 1, 0
3416, 11091, 1, 0
3417, 10673, 1, 0
3418, 11185, 1, 0
3419, 11765, 1, 0
3420, 11941, 1, 0
3421, 11848, 1, 0
3422, 11432, 1, 0
3423, 13230, 1, 0
3424, 11679, 1, 0
3425, 11882, 1, 0
3426, 11084, 1, 0
3427, 11163, 1, 0
3428, 11217, 1, 0
3429, 10805, 1, 0
3430, 11131, 1, 0
3431, 11990, 1, 0
3432, 11949, 1, 0
3433, 10827, 1, 0
3434, 11427, 1, 0
3435, 12596, 1, 0
3436, 11845, 1, 0
3437, 11362, 1, 0
3438, 12258, 1, 0
3439, 12283, 1, 0
3440, 11149, 1, 0
3441, 11353, 1, 0
3442, 11257, 1, 0
3443, 12299, 1, 0
3444, 11313, 1, 0
3445, 11790, 1, 0
3446, 11412, 1, 0
3447, 11631, 1, 0
3448, 11525, 1, 0
3449, 11123, 1, 0
3450, 12520, 1, 0
3451, 12731, 1, 0
3452, 11446, 1, 0
3453, 11915, 1, 0
3454, 11569, 1, 0
3455, 11652, 1, 0
3456, 12550, 1, 0
3457, 12722, 1, 0
3458, 11783, 1, 0
3459, 11795, 1, 0
3460, 12040, 1, 0
3461, 11860, 1, 0
3462, 11513, 1, 0
3463, 10836, 1, 0
3464, 11068, 1, 0
3465, 12783, 1, 0
3466, 10376, 1, 0
3467, 12610, 1, 0
3468, 11433, 1, 0
3469, 13115, 1, 0
3470, 10769, 1, 0
3471, 12542, 1, 0
3472, 11089, 1, 0
3473, 13270, 1, 0
3474, 11200, 1, 0
3475, 12599, 1, 0
3476, 10814, 1, 0
3477, 12710, 1, 0
3478, 10582, 1, 0
3479, 12086, 1, 0
3480, 12537, 1, 0
3481, 10942, 1, 0
3482, 20859, 1, 0
3483, 11986, 1, 0
3484, 22985, 1, 0
3485, 26418, 1, 0
3486, 11483, 1, 0
3487, 13336, 1, 0
3488, 12461, 1, 0
3489, 12494, 1, 0
3490, 10383, 1, 0
3491, 12278, 1, 0
3492, 11474, 1, 0
3493, 12597, 1, 0
3494, 11112, 1, 0
3495, 14719, 1, 0
3496, 10694, 1, 0
3497, 9593, 1, 0
3498, 11560, 1, 0
3499, 11446, 1, 0
3500, 11563, 1, 0
3501, 11315, 1, 0
3502, 11487, 1, 0
3503, 10523, 1, 0
3504, 10681, 1, 0
3505, 10893, 1, 0
3506, 13065, 1, 0
3507, 11509, 1, 0
3508, 11722, 1, 0
3509, 13498, 1, 0
3510, 13389, 1, 0
3511, 12165, 1, 0
3512, 12431, 1, 0
3513, 13512, 1, 0
3514, 13812, 1, 0
3515, 11927, 1, 0
3516, 10085, 1, 0
3517, 11810, 1, 0
3518, 11563, 1, 0
3519, 12075, 1, 0
3520, 10428, 1, 0
3521, 12052, 1, 0
3522, 11609, 1, 0
3523, 10940, 1, 0
3524, 10594, 1, 0
3525, 11971, 1, 0
3526, 11643, 1, 0
3527, 11688, 1, 0
3528, 9887, 1, 0
3529, 12646, 1, 0
3530, 12976, 1, 0
3531, 12611, 1, 0
3532, 11785, 1, 0
3533, 12584, 1, 0
3534, 10229, 1, 0
3535, 11623, 1, 0
3536, 11903, 1, 0
3537, 12299, 1, 0
3538, 12256, 1, 0
3539, 10731, 1, 0
3540, 11764, 1, 0
3541, 12557, 1, 0
3542, 11877, 1, 0
3543, 11836, 1, 0
3544, 10929, 1, 0
3545, 10774, 1, 0
3546, 12237, 1, 0
3547, 12913, 1, 0
3548, 12611, 1, 0
3549, 10299, 1, 0
3550, 12549, 1, 0
3551, 11070, 1, 0
3552, 11412, 1, 0
3553, 11582, 1, 0
3554, 10161, 1, 0
3555, 12743, 1, 0
3556, 11993, 1, 0
3557, 12553, 1, 0
3558, 11672, 1, 0
3559, 11679, 1, 0
3560, 11318, 1, 0
3561, 12445, 1, 0
3562, 12192, 1, 0
3563, 12580, 1, 0
3564, 10922, 1, 0
3565, 12770, 1, 0
3566, 13428, 1, 0
3567, 11820, 1, 0
3568, 12441, 1, 0
3569, 12468, 1, 0
3570, 12795, 1, 0
3571, 12558, 1, 0
3572, 12564, 1, 0
3573, 11803, 1, 0
3574, 12515, 1, 0
3575, 11878, 1, 0
3576, 12731, 1, 0
3577, 12336, 1, 0
3578, 12200, 1, 0
3579, 11785, 1, 0
3580, 11962, 1, 0
3581, 12536, 1, 0
3582, 11069, 1, 0
3583, 12372, 1, 0
3584, 13015, 1, 0
3585, 12390, 1, 0
3586, 11973, 1, 0
3587, 12770, 1, 0
3588, 12769, 1, 0
3589, 11295, 1, 0
3590, 12490, 1, 0
3591, 10585, 1, 0
3592, 10974, 1, 0
3593, 12302, 1, 0
3594, 13105, 1, 0
3595, 12181, 1, 0
3596, 12399, 1, 0
3597, 12409, 1, 0
3598, 12599, 1, 0
3599, 12465, 1, 0
3600, 12159, 1, 0
3601, 11887, 1, 0
3602, 13345, 1, 0
3603, 12622, 1, 0
3604, 15973, 1, 0
3605, 17396, 1, 0
3606, 13000, 1, 0
3607, 12857, 1, 0
3608, 12882, 1, 0
3609, 12560, 1, 0
3610, 11969, 1, 0
3611, 13562, 1, 0
3612, 12753, 1, 0
3613, 13565, 1, 0
3614, 11366, 1, 0
3615, 12656, 1, 0
3616, 11822, 1, 0
3617, 12913, 1, 0
3618, 11938, 1, 0
3619, 12471, 1, 0
3620, 12517, 1, 0
3621, 12671, 1, 0
3622, 11832, 1, 0
3623, 12964, 1, 0
3624, 12733, 1, 0
3625, 12226, 1, 0
3626, 11918, 1, 0
3627, 11085, 1, 0
3628, 12806, 1, 0
3629, 11897, 1, 0
3630, 12411, 1, 0
3631, 12669, 1, 0
3632, 12573, 1, 0
3633, 12049, 1, 0
3634, 12571, 1, 0
3635, 12295, 1, 0
3636, 12510, 1, 0
3637, 11540, 1, 0
3638, 12551, 1, 0
3639, 10196, 1, 0
3640, 12195, 1, 0
3641, 12595, 1, 0
3642, 12607, 1, 0
3643, 12054, 1, 0
3644, 12197, 1, 0
3645, 12595, 1, 0
3646, 11573, 1, 0
3647, 10328, 1, 0
3648, 12657, 1, 0
3649, 12442, 1, 0
3650, 11832, 1, 0
3651, 12431, 1, 0
3652, 12383, 1, 0
3653, 12523, 1, 0
3654, 11775, 1, 0
3655, 12316, 1, 0
3656, 12991, 1, 0
3657, 12808, 1, 0
3658, 12982, 1, 0
3659, 12342, 1, 0
3660, 12696, 1, 0
3661, 12394, 1, 0
3662, 12435, 1, 0
3663, 11859, 1, 0
3664, 12396, 1, 0
3665, 12393, 1, 0
3666, 11685, 1, 0
3667, 12847, 1, 0
3668, 12363, 1, 0
3669, 11906, 1, 0
3670, 12636, 1, 0
3671, 12564, 1, 0
3672, 9634, 1, 0
3673, 12212, 1, 0
3674, 12282, 1, 0
3675, 12568, 1, 0
3676, 11941, 1, 0
3677, 12834, 1, 0
3678, 12407, 1, 0
3679, 11824, 1, 0
3680, 12609, 1, 0
3681, 12492, 1, 0
3682, 11528, 1, 0
3683, 12919, 1, 0
3684, 12651, 1, 0
3685, 11724, 1, 0
3686, 12225, 1, 0
3687, 14887, 1, 0
3688, 9863, 1, 0
3689, 14619, 1, 0
3690, 11414, 1, 0
3691, 12913, 1, 0
3692, 11861, 1, 0
3693, 12961, 1, 0
3694, 10608, 1, 0
3695, 10984, 1, 0
3696, 12768, 1, 0
3697, 12225, 1, 0
3698, 12606, 1, 0
3699, 12036, 1, 0
3700, 12421, 1, 0
3701, 11814, 1, 0
3702, 12268, 1, 0
3703, 11941, 1, 0
3704, 11368, 1, 0
3705, 12277, 1, 0
3706, 12400, 1, 0
3707, 16438, 1, 0
3708, 10813, 1, 0
3709, 14525, 1, 0
3710, 14791, 1, 0
3711, 14235, 1, 0
3712, 13516, 1, 0
3713, 10403, 1, 0
3714, 10233, 1, 0
3715, 11165, 1, 0
3716, 12265, 1, 0
3717, 10596, 1, 0
3718, 10741, 1, 0
3719, 12810, 1, 0
3720, 12140, 1, 0
3721, 11140, 1, 0
3722, 10847, 1, 0
3723, 12766, 1, 0
3724, 12075, 1, 0
3725, 10923, 1, 0
3726, 10527, 1, 0
3727, 12689, 1, 0
3728, 14624, 1, 0
3729, 14685, 1, 0
3730, 14612, 1, 0
3731, 14795, 1, 0
3732, 14561, 1, 0
3733, 14515, 1, 0
3734, 14672, 1, 0
3735, 14718, 1, 0
3736, 14665, 1, 0
3737, 14723, 1, 0
3738, 14605, 1, 0
3739, 14601, 1, 0
3740, 14660, 1, 0
3741, 14705, 1, 0
3742, 14603, 1, 0
3743, 14508, 1, 0
3744, 14501, 1, 0
3745, 14873, 1, 0
3746, 14487, 1, 0
3747, 14928, 1, 0
3748, 12161, 1, 0
3749, 14858, 1, 0
3750, 14518, 1, 0
3751, 14492, 1, 0
3752, 14575, 1, 0
3753, 14661, 1, 0
3754, 14692, 1, 0
3755, 14436, 1, 0
3756, 14455, 1, 0
3757, 14583, 1, 0
3758, 14750, 1, 0
3759, 14595, 1, 0
3760, 14485, 1, 0
3761, 14643, 1, 0
3762, 14554, 1, 0
3763, 14663, 1, 0
3764, 14570, 1, 0
3765, 14660, 1, 0
3766, 14564, 1, 0
3767, 15111, 1, 0
3768, 14879, 1, 0
3769, 14920, 1, 0
3770, 14969, 1, 0
3771, 14931, 1, 0
3772, 14771, 1, 0
3773, 14885, 1, 0
3774, 14864, 1, 0
3775, 14742, 1, 0
3776, 14876, 1, 0
3777, 14796, 1, 0
3778, 14709, 1, 0
3779, 15082, 1, 0
3780, 14778, 1, 0
3781, 14917, 1, 0
3782, 14835, 1, 0
3783, 16428, 1, 0
3784, 8915, 1, 0
3785, 7687, 1, 0
3786, 15052, 1, 0
3787, 8628, 1, 0
3788, 14683, 1, 0
3789, 14618, 1, 0
3790, 14852, 1, 0
3791, 14708, 1, 0
3792, 14719, 1, 0
3793, 15210, 1, 0
3794, 15006, 1, 0
3795, 16333, 1, 0
3796, 9750, 1, 0
3797, 11315, 1, 0
3798, 16293, 1, 0
3799, 12979, 1, 0
3800, 14207, 1, 0
3801, 12162, 1, 0
3802, 11679, 1, 0
3803, 14304, 1, 0
3804, 14226, 1, 0
3805, 14277, 1, 0
3806, 14720, 1, 0
3807, 14827, 1, 0
3808, 14668, 1, 0
3809, 14680, 1, 0
3810, 14585, 1, 0
3811, 14551, 1, 0
3812, 14544, 1, 0
3813, 14685, 1, 0
3814, 12078, 1, 0
3815, 12835, 1, 0
3816, 14481, 1, 0
3817, 14706, 1, 0
3818, 14437, 1, 0
3819, 14984, 1, 0
3820, 14602, 1, 0
3821, 14655, 1, 0
3822, 14461, 1, 0
3823, 14654, 1, 0
3824, 14513, 1, 0
3825, 14687, 1, 0
3826, 14620, 1, 0
3827, 14741, 1, 0
3828, 14549, 1, 0
3829, 14609, 1, 0
3830, 14491, 1, 0
3831, 14567, 1, 0
3832, 14387, 1, 0
3833, 14680, 1, 0
3834, 14527, 1, 0
3835, 14628, 1, 0
3836, 14534, 1, 0
3837, 14635, 1, 0
3838, 14640, 1, 0
3839, 14476, 1, 0
3840, 14519, 1, 0
3841, 14635, 1, 0
3842, 14532, 1, 0
3843, 14587, 1, 0
3844, 14438, 1, 0
3845, 14542, 1, 0
3846, 14678, 1, 0
3847, 14616, 1, 0
3848, 14546, 1, 0
3849, 14501, 1, 0
3850, 14577, 1, 0
3851, 14615, 1, 0
3852, 14516, 1, 0
3853, 14728, 1, 0
3854, 14532, 1, 0
3855, 8509, 1, 0
3856, 14570, 1, 0
3857, 15252, 1, 0
3858, 14792, 1, 0
3859, 14832, 1, 0
3860, 14722, 1, 0
3861, 14584, 1, 0
3862, 8980, 1, 0
3863, 14744, 1, 0
3864, 14774, 1, 0
3865, 14728, 1, 0
3866, 14819, 1, 0
3867, 14777, 1, 0
3868, 14774, 1, 0
3869, 14986, 1, 0
3870, 14716, 1, 0
3871, 14896, 1, 0
3872, 14777, 1, 0
3873, 14853, 1, 0
3874, 14813, 1, 0
3875, 11155, 1, 0
3876, 8377, 1, 0
3877, 15068, 1, 0
3878, 14579, 1, 0
3879, 14544, 1, 0
3880, 14466, 1, 0
3881, 14672, 1, 0
3882, 11544, 1, 0
3883, 8224, 1, 0
3884, 14648, 1, 0
3885, 14613, 1, 0
3886, 14539, 1, 0
3887, 14586, 1, 0
3888, 14549, 1, 0
3889, 14584, 1, 0
3890, 14407, 1, 0
3891, 14370, 1, 0
3892, 14705, 1, 0
3893, 14668, 1, 0
3894, 14378, 1, 0
3895, 8316, 1, 0
3896, 7614, 1, 0
3897, 21924, 1, 0
3898, 14681, 1, 0
3899, 14805, 1, 0
3900, 14583, 1, 0
3901, 11577, 1, 0
3902, 8612, 1, 0
3903, 15021, 1, 0
3904, 14646, 1, 0
3905, 14792, 1, 0
3906, 14588, 1, 0
3907, 14657, 1, 0
3908, 14776, 1, 0
3909, 14810, 1, 0
3910, 14559, 1, 0
3911, 14625, 1, 0
3912, 14654, 1, 0
3913, 14968, 1, 0
3914, 14639, 1, 0
3915, 15122, 1, 0
3916, 14581, 1, 0
3917, 15071, 1, 0
3918, 11708, 1, 0
3919, 14489, 1, 0
3920, 14082, 1, 0
3921, 11259, 1, 0
3922, 14105, 1, 0
3923, 14042, 1, 0
3924, 14161, 1, 0
3925, 14355, 1, 0
3926, 13882, 1, 0
3927, 14191, 1, 0
3928, 14112, 1, 0
3929, 14328, 1, 0
3930, 14080, 1, 0
3931, 14279, 1, 0
3932, 14049, 1, 0
3933, 14153, 1, 0
3934, 14192, 1, 0
3935, 14019, 1, 0
3936, 14099, 1, 0
3937, 7976, 1, 0
3938, 8553, 1, 0
3939, 10974, 1, 0
3940, 14018, 1, 0
3941, 14314, 1, 0
3942, 14280, 1, 0
3943, 8347, 1, 0
3944, 10804, 1, 0
3945, 14335, 1, 0
3946, 14133, 1, 0
3947, 14355, 1, 0
3948, 14236, 1, 0
3949, 14386, 1, 0
3950, 14147, 1, 0
3951, 15620, 1, 0
3952, 14080, 1, 0
3953, 14289, 1, 0
3954, 14206, 1, 0
3955, 28556, 1, 0
3956, 11257, 1, 0
3957, 14231, 1, 0
3958, 14139, 1, 0
3959, 14451, 1, 0
3960, 8546, 1, 0
3961, 11352, 1, 0
3962, 14116, 1, 0
3963, 14141, 1, 0
3964, 14097, 1, 0
3965, 8994, 1, 0
3966, 11399, 1, 0
3967, 14097, 1, 0
3968, 14166, 1, 0
3969, 20907, 1, 0
3970, 14303, 1, 0
3971, 9116, 1, 0
3972, 10997, 1, 0
3973, 14427, 1, 0
3974, 14157, 1, 0
3975, 14399, 1, 0
3976, 14166, 1, 0
3977, 14499, 1, 0
3978, 14114, 1, 0
3979, 28436, 1, 0
3980, 11254, 1, 0
3981, 14251, 1, 0
3982, 14324, 1, 0
3983, 14129, 1, 0
3984, 14534, 1, 0
3985, 14279, 1, 0
3986, 14175, 1, 0
3987, 14095, 1, 0
3988, 14228, 1, 0
3989, 14473, 1, 0
3990, 14114, 1, 0
3991, 9201, 1, 0
3992, 14143, 1, 0
3993, 14378, 1, 0
3994, 14048, 1, 0
3995, 11676, 1, 0
3996, 7978, 1, 0
3997, 10993, 1, 0
3998, 14118, 1, 0
3999, 21954, 1, 0
4000, 13947, 1, 0
4001, 14087, 1, 0
4002, 14032, 1, 0
4003, 14159, 1, 0
4004, 14008, 1, 0
4005, 14147, 1, 0
4006, 11100, 1, 0
4007, 14662, 1, 0
4008, 14091, 1, 0
4009, 14354, 1, 0
4010, 8045, 1, 0
4011, 14114, 1, 0
4012, 14162, 1, 0
4013, 14274, 1, 0
4014, 9394, 1, 0
4015, 14104, 1, 0
4016, 14035, 1, 0
4017, 11198, 1, 0
4018, 7859, 1, 0
4019, 14255, 1, 0
4020, 14099, 1, 0
4021, 11505, 1, 0
4022, 7244, 1, 0
4023, 14084, 1, 0
4024, 13963, 1, 0
4025, 11795, 1, 0
4026, 7687, 1, 0
4027, 23154, 1, 0
4028, 14108, 1, 0
4029, 14307, 1, 0
4030, 8716, 1, 0
4031, 14107, 1, 0
4032, 14183, 1, 0
4033, 14307, 1, 0
4034, 8523, 1, 0
4035, 14141, 1, 0
4036, 13991, 1, 0
4037, 14343, 1, 0
4038, 8043, 1, 0
4039, 14079, 1, 0
4040, 14104, 1, 0
4041, 11366, 1, 0
4042, 7831, 1, 0
4043, 14148, 1, 0
4044, 14142, 1, 0
4045, 11294, 1, 0
4046, 7540, 1, 0
4047, 14339, 1, 0
4048, 14019, 1, 0
4049, 14178, 1, 0
4050, 7851, 1, 0
4051, 14027, 1, 0
4052, 14108, 1, 0
4053, 11216, 1, 0
4054, 9304, 1, 0
4055, 14227, 1, 0
4056, 7970, 1, 0
4057, 14415, 1, 0
4058, 14005, 1, 0
4059, 14180, 1, 0
4060, 13961, 1, 0
4061, 14182, 1, 0
4062, 14028, 1, 0
4063, 14002, 1, 0
4064, 12214, 1, 0
4065, 10744, 1, 0
4066, 13994, 1, 0
4067, 14019, 1, 0
4068, 14077, 1, 0
4069, 14046, 1, 0
4070, 13945, 1, 0
4071, 14023, 1, 0
4072, 13954, 1, 0
4073, 14371, 1, 0
4074, 14124, 1, 0
4075, 9938, 1, 0
4076, 8155, 1, 0
4077, 14163, 1, 0
4078, 13790, 1, 0
4079, 14057, 1, 0
4080, 14146, 1, 0
4081, 14100, 1, 0
4082, 14061, 1, 0
4083, 14058, 1, 0
4084, 14877, 1, 0
4085, 14317, 1, 0
4086, 14125, 1, 0
4087, 13970, 1, 0
4088, 13983, 1, 0
4089, 14261, 1, 0
4090, 14141, 1, 0
4091, 13904, 1, 0
4092, 14196, 1, 0
4093, 14101, 1, 0
4094, 14225, 1, 0
4095, 30430, 1, 0
4096, 14031, 1, 0
4097, 14163, 1, 0
4098, 13951, 1, 0
4099, 14477, 1, 0
4100, 14012, 1, 0
4101, 14146, 1, 0
4102, 14048, 1, 0
4103, 13967, 1, 0
4104, 14156, 1, 0
4105, 14155, 1, 0
4106, 14081, 1, 0
4107, 13972, 1, 0
4108, 14153, 1, 0
4109, 14146, 1, 0
4110, 10885, 1, 0
4111, 13987, 1, 0
4112, 14119, 1, 0
4113, 21758, 1, 0
4114, 14144, 1, 0
4115, 14041, 1, 0
4116, 13970, 1, 0
4117, 14316, 1, 0
4118, 11442, 1, 0
4119, 8308, 1, 0
4120, 14029, 1, 0
4121, 14330, 1, 0
4122, 14131, 1, 0
4123, 14111, 1, 0
4124, 14326, 1, 0
4125, 14278, 1, 0
4126, 14087, 1, 0
4127, 23361, 1, 0
4128, 14135, 1, 0
4129, 14169, 1, 0
4130, 14039, 1, 0
4131, 14176, 1, 0
4132, 14250, 1, 0
4133, 14235, 1, 0
4134, 13998, 1, 0
4135, 14067, 1, 0
4136, 14157, 1, 0
4137, 14238, 1, 0
4138, 13984, 1, 0
4139, 14118, 1, 0
4140, 14080, 1, 0
4141, 14333, 1, 0
4142, 14112, 1, 0
4143, 14122, 1, 0
4144, 14166, 1, 0
4145, 14081, 1, 0
4146, 14381, 1, 0
4147, 14107, 1, 0
4148, 14038, 1, 0
4149, 14515, 1, 0
4150, 14190, 1, 0
4151, 14190, 1, 0
4152, 14150, 1, 0
4153, 14126, 1, 0
4154, 14050, 1, 0
4155, 41309, 1, 0
4156, 14144, 1, 0
4157, 14095, 1, 0
4158, 14158, 1, 0
4159, 8470, 1, 0
4160, 8314, 1, 0
4161, 10884, 1, 0
4162, 14180, 1, 0
4163, 13962, 1, 0
4164, 14120, 1, 0
4165, 14107, 1, 0
4166, 8725, 1, 0
4167, 14389, 1, 0
4168, 14033, 1, 0
4169, 14149, 1, 0
4170, 13988, 1, 0
4171, 14037, 1, 0
4172, 11126, 1, 0
4173, 8018, 1, 0
4174, 13866, 1, 0
4175, 14038, 1, 0
4176, 14067, 1, 0
4177, 11179, 1, 0
4178, 8309, 1, 0
4179, 14063, 1, 0
4180, 13947, 1, 0
4181, 14191, 1, 0
4182, 14012, 1, 0
4183, 13938, 1, 0
4184, 13966, 1, 0
4185, 14209, 1, 0
4186, 14044, 1, 0
4187, 14157, 1, 0
4188, 13982, 1, 0
4189, 14118, 1, 0
4190, 14251, 1, 0
4191, 14010, 1, 0
4192, 14004, 1, 0
4193, 13856, 1, 0
4194, 14093, 1, 0
4195, 15053, 1, 0
4196, 11335, 1, 0
4197, 13996, 1, 0
4198, 14743, 1, 0
4199, 14643, 1, 0
4200, 14878, 1, 0
4201, 14798, 1, 0
4202, 14602, 1, 0
4203, 14607, 1, 0
4204, 14700, 1, 0
4205, 15068, 1, 0
4206, 21695, 1, 0
4207, 33626, 1, 0
4208, 12198, 1, 0
4209, 9332, 1, 0
4210, 22262, 1, 0
4211, 29186, 1, 0
4212, 14654, 1, 0
4213, 14699, 1, 0
4214, 14837, 1, 0
4215, 14524, 1, 0
4216, 14634, 1, 0
4217, 14701, 1, 0
4218, 14358, 1, 0
4219, 14805, 1, 0
4220, 14670, 1, 0
4221, 14587, 1, 0
4222, 14601, 1, 0
4223, 14848, 1, 0
4224, 14784, 1, 0
4225, 14987, 1, 0
4226, 14630, 1, 0
4227, 14562, 1, 0
4228, 14778, 1, 0
4229, 14814, 1, 0
4230, 14734, 1, 0
4231, 14546, 1, 0
4232, 14565, 1, 0
4233, 14962, 1, 0
4234, 14632, 1, 0
4235, 14611, 1, 0
4236, 33013, 1, 0
4237, 14777, 1, 0
4238, 12865, 1, 0
4239, 16329, 1, 0
4240, 14791, 1, 0
4241, 14822, 1, 0
4242, 14599, 1, 0
4243, 24892, 1, 0
4244, 14572, 1, 0
4245, 14913, 1, 0
4246, 14563, 1, 0
4247, 34590, 1, 0
4248, 14881, 1, 0
4249, 14842, 1, 0
4250, 14535, 1, 0
4251, 14655, 1, 0
4252, 14928, 1, 0
4253, 14561, 1, 0
4254, 14779, 1, 0
4255, 14610, 1, 0
4256, 12169, 1, 0
4257, 15129, 1, 0
4258, 14779, 1, 0
4259, 14781, 1, 0
4260, 12314, 1, 0
4261, 14775, 1, 0
4262, 14942, 1, 0
4263, 12454, 1, 0
4264, 14637, 1, 0
4265, 12418, 1, 0
4266, 14633, 1, 0
4267, 14130, 1, 0
4268, 14039, 1, 0
4269, 11611, 1, 0
4270, 13914, 1, 0
4271, 14046, 1, 0
4272, 14000, 1, 0
4273, 14162, 1, 0
4274, 14100, 1, 0
4275, 30378, 1, 0
4276, 14816, 1, 0
4277, 14124, 1, 0
4278, 14065, 1, 0
4279, 29799, 1, 0
4280, 11681, 1, 0
4281, 14105, 1, 0
4282, 14031, 1, 0
4283, 14197, 1, 0
4284, 21501, 1, 0
4285, 14160, 1, 0
4286, 13926, 1, 0
4287, 14013, 1, 0
4288, 14124, 1, 0
4289, 13903, 1, 0
4290, 14089, 1, 0
4291, 14056, 1, 0
4292, 11141, 1, 0
4293, 21150, 1, 0
4294, 14210, 1, 0
4295, 14166, 1, 0
4296, 11924, 1, 0
4297, 35037, 1, 0
4298, 14254, 1, 0
4299, 14011, 1, 0
4300, 13990, 1, 0
4301, 11362, 1, 0
4302, 14018, 1, 0
4303, 14229, 1, 0
4304, 13945, 1, 0
4305, 14065, 1, 0
4306, 11023, 1, 0
4307, 14108, 1, 0
4308, 14036, 1, 0
4309, 14149, 1, 0
4310, 10997, 1, 0
4311, 13994, 1, 0
4312, 9930, 1, 0
4313, 14178, 1, 0
4314, 14179, 1, 0
4315, 14894, 1, 0
4316, 14089, 1, 0
4317, 14181, 1, 0
4318, 14033, 1, 0
4319, 30249, 1, 0
4320, 14199, 1, 0
4321, 14194, 1, 0
4322, 13983, 1, 0
4323, 13962, 1, 0
4324, 14257, 1, 0
4325, 14042, 1, 0
4326, 15573, 1, 0
4327, 14307, 1, 0
4328, 11012, 1, 0
4329, 8565, 1, 0
4330, 14005, 1, 0
4331, 13818, 1, 0
4332, 14102, 1, 0
4333, 14370, 1, 0
4334, 13990, 1, 0
4335, 14129, 1, 0
4336, 14028, 1, 0
4337, 14224, 1, 0
4338, 14516, 1, 0
4339, 14006, 1, 0
4340, 14034, 1, 0
4341, 14031, 1, 0
4342, 14089, 1, 0
4343, 14096, 1, 0
4344, 11106, 1, 0
4345, 19636, 1, 0
4346, 14370, 1, 0
4347, 14172, 1, 0
4348, 10923, 1, 0
4349, 14054, 1, 0
4350, 14340, 1, 0
4351, 13977, 1, 0
4352, 14130, 1, 0
4353, 11338, 1, 0
4354, 14074, 1, 0
4355, 14171, 1, 0
4356, 14056, 1, 0
4357, 14168, 1, 0
4358, 13908, 1, 0
4359, 15800, 1, 0
4360, 13985, 1, 0
4361, 14308, 1, 0
4362, 13993, 1, 0
4363, 13943, 1, 0
4364, 14258, 1, 0
4365, 14134, 1, 0
4366, 45719, 1, 0
4367, 21157, 1, 0
4368, 14051, 1, 0
4369, 14356, 1, 0
4370, 14084, 1, 0
4371, 14074, 1, 0
4372, 14043, 1, 0
4373, 14100, 1, 0
4374, 14344, 1, 0
4375, 14060, 1, 0
4376, 10924, 1, 0
4377, 14438, 1, 0
4378, 14264, 1, 0
4379, 14119, 1, 0
4380, 14190, 1, 0
4381, 18610, 1, 0
4382, 14033, 1, 0
4383, 14717, 1, 0
4384, 14040, 1, 0
4385, 14196, 1, 0
4386, 11147, 1, 0
4387, 16173, 1, 0
4388, 14229, 1, 0
4389, 14320, 1, 0
4390, 13961, 1, 0
4391, 13985, 1, 0
4392, 14235, 1, 0
4393, 14118, 1, 0
4394, 14069, 1, 0
4395, 14007, 1, 0
4396, 13998, 1, 0
4397, 14316, 1, 0
4398, 13908, 1, 0
4399, 13968, 1, 0
4400, 13972, 1, 0
4401, 14354, 1, 0
4402, 14104, 1, 0
4403, 14102, 1, 0
4404, 14031, 1, 0
4405, 14078, 1, 0
4406, 14263, 1, 0
4407, 14429, 1, 0
4408, 14037, 1, 0
4409, 14036, 1, 0
4410, 14191, 1, 0
4411, 14228, 1, 0
4412, 14066, 1, 0
4413, 14320, 1, 0
4414, 13973, 1, 0
4415, 14280, 1, 0
4416, 14051, 1, 0
4417, 14717, 1, 0
4418, 9499, 1, 0
4419, 8668, 1, 0
4420, 14170, 1, 0
4421, 14336, 1, 0
4422, 14056, 1, 0
4423, 13977, 1, 0
4424, 14074, 1, 0
4425, 14332, 1, 0
4426, 14137, 1, 0
4427, 13993, 1, 0
4428, 14133, 1, 0
4429, 14350, 1, 0
4430, 13973, 1, 0
4431, 10625, 1, 0
4432, 7708, 1, 0
4433, 14052, 1, 0
4434, 14223, 1, 0
4435, 30121, 1, 0
4436, 13989, 1, 0
4437, 14199, 1, 0
4438, 14146, 1, 0
4439, 14003, 1, 0
4440, 13996, 1, 0
4441, 14131, 1, 0
4442, 11138, 1, 0
4443, 31850, 1, 0
4444, 11132, 1, 0
4445, 14149, 1, 0
4446, 14101, 1, 0
4447, 14215, 1, 0
4448, 11127, 1, 0
4449, 11826, 1, 0
4450, 13978, 1, 0
4451, 13956, 1, 0
4452, 14108, 1, 0
4453, 14102, 1, 0
4454, 13958, 1, 0
4455, 14003, 1, 0
4456, 13989, 1, 0
4457, 14252, 1, 0
4458, 13983, 1, 0
4459, 14333, 1, 0
4460, 13998, 1, 0
4461, 14224, 1, 0
4462, 13999, 1, 0
4463, 13971, 1, 0
4464, 14002, 1, 0
4465, 14085, 1, 0
4466, 14328, 1, 0
4467, 14049, 1, 0
4468, 13939, 1, 0
4469, 14003, 1, 0
4470, 14197, 1, 0
4471, 14127, 1, 0
4472, 11047, 1, 0
4473, 14371, 1, 0
4474, 13976, 1, 0
4475, 14127, 1, 0
4476, 14057, 1, 0
4477, 11458, 1, 0
4478, 13960, 1, 0
4479, 13992, 1, 0
4480, 14349, 1, 0
4481, 11199, 1, 0
4482, 14008, 1, 0
4483, 14101, 1, 0
4484, 11242, 1, 0
4485, 11593, 1, 0
4486, 13944, 1, 0
4487, 41131, 1, 0
4488, 14236, 1, 0
4489, 14142, 1, 0
4490, 14043, 1, 0
4491, 13939, 1, 0
4492, 14290, 1, 0
4493, 14172, 1, 0
4494, 15155, 1, 0
4495, 13954, 1, 0
4496, 14054, 1, 0
4497, 14348, 1, 0
4498, 15576, 1, 0
4499, 14086, 1, 0
4500, 13963, 1, 0
4501, 14355, 1, 0
4502, 14106, 1, 0
4503, 14082, 1, 0
4504, 13979, 1, 0
4505, 19853, 1, 0
4506, 14116, 1, 0
4507, 14054, 1, 0
4508, 14089, 1, 0
4509, 14659, 1, 0
4510, 14004, 1, 0
4511, 14089, 1, 0
4512, 14064, 1, 0
4513, 14028, 1, 0
4514, 14287, 1, 0
4515, 38627, 1, 0
4516, 14001, 1, 0
4517, 14066, 1, 0
4518, 12134, 1, 0
4519, 9024, 1, 0
4520, 9465, 1, 0
4521, 14272, 1, 0
4522, 14135, 1, 0
4523, 14433, 1, 0
4524, 14197, 1, 0
4525, 12820, 1, 0
4526, 9109, 1, 0
4527, 31628, 1, 0
4528, 14505, 1, 0
4529, 14447, 1, 0
4530, 14198, 1, 0
4531, 42320, 1, 0
4532, 14300, 1, 0
4533, 14257, 1, 0
4534, 12586, 1, 0
4535, 10776, 1, 0
4536, 13179, 1, 0
4537, 14266, 1, 0
4538, 14442, 1, 0
4539, 14145, 1, 0
4540, 14387, 1, 0
4541, 14260, 1, 0
4542, 14133, 1, 0
4543, 14404, 1, 0
4544, 12575, 1, 0
4545, 13530, 1, 0
4546, 17423, 1, 0
4547, 10634, 1, 0
4548, 18619, 1, 0
4549, 14789, 1, 0
4550, 14587, 1, 0
4551, 14724, 1, 0
4552, 14601, 1, 0
4553, 14798, 1, 0
4554, 14519, 1, 0
4555, 14840, 1, 0
4556, 14752, 1, 0
4557, 14707, 1, 0
4558, 14600, 1, 0
4559, 14546, 1, 0
4560, 14657, 1, 0
4561, 14608, 1, 0
4562, 8448, 1, 0
4563, 14579, 1, 0
4564, 14125, 1, 0
4565, 11040, 1, 0
4566, 14229, 1, 0
4567, 10613, 1, 0
4568, 10011, 1, 0
4569, 8755, 1, 0
4570, 14034, 1, 0
4571, 14015, 1, 0
4572, 13889, 1, 0
4573, 14105, 1, 0
4574, 13931, 1, 0
4575, 13965, 1, 0
4576, 21897, 1, 0
4577, 23571, 1, 0
4578, 9452, 1, 0
4579, 10552, 1, 0
4580, 7792, 1, 0
4581, 9230, 1, 0
4582, 9613, 1, 0
4583, 14076, 1, 0
4584, 13956, 1, 0
4585, 14088, 1, 0
4586, 19151, 1, 0
4587, 11970, 1, 0
4588, 14065, 1, 0
4589, 13867, 1, 0
4590, 8505, 1, 0
4591, 10747, 1, 0
4592, 11693, 1, 0
4593, 10990, 1, 0
4594, 13977, 1, 0
4595, 14024, 1, 0
4596, 13960, 1, 0
4597, 14128, 1, 0
4598, 14063, 1, 0
4599, 15167, 1, 0
4600, 8330, 1, 0
