1000, 128000, 1, 0
2000, 128000, 1, 0
3000, 123392, 1, 0
4000, 95232, 1, 0
5000, 91136, 1, 0
6001, 94113, 1, 0
7000, 81408, 1, 0
8000, 86528, 1, 0
9000, 80384, 1, 0
10000, 74240, 1, 0
11000, 65536, 1, 0
12000, 62976, 1, 0
13000, 62464, 1, 0
14000, 56832, 1, 0
15000, 59392, 1, 0
16000, 56320, 1, 0
17000, 50176, 1, 0
18000, 53760, 1, 0
19000, 51712, 1, 0
20000, 42496, 1, 0
21000, 43008, 1, 0
22000, 40448, 1, 0
23000, 35840, 1, 0
24000, 36352, 1, 0
25000, 38912, 1, 0
26000, 34304, 1, 0
27000, 32768, 1, 0
28000, 33280, 1, 0
29000, 29184, 1, 0
30000, 25600, 1, 0
31000, 25600, 1, 0
32001, 26085, 1, 0
33000, 27136, 1, 0
34000, 24064, 1, 0
35000, 20992, 1, 0
36000, 19968, 1, 0
37000, 22016, 1, 0
38000, 18944, 1, 0
39000, 18944, 1, 0
40000, 18432, 1, 0
41000, 16384, 1, 0
42000, 16896, 1, 0
43000, 14848, 1, 0
44001, 17390, 1, 0
45000, 16384, 1, 0
46000, 13824, 1, 0
47000, 19456, 1, 0
48000, 17920, 1, 0
49000, 16384, 1, 0
50000, 36352, 1, 0
51000, 34816, 1, 0
52000, 27648, 1, 0
53000, 22528, 1, 0
54000, 31744, 1, 0
55000, 18944, 1, 0
56000, 44032, 1, 0
57000, 30208, 1, 0
58000, 17408, 1, 0
59000, 46080, 1, 0
60000, 28672, 1, 0
61000, 25600, 1, 0
62000, 40960, 1, 0
63000, 34816, 1, 0
64000, 24576, 1, 0
65000, 31232, 1, 0
66000, 20992, 1, 0
67001, 25062, 1, 0
68000, 49664, 1, 0
69000, 17408, 1, 0
70000, 37376, 1, 0
71000, 44544, 1, 0
72000, 24576, 1, 0
73000, 38400, 1, 0
74000, 35840, 1, 0
75000, 19968, 1, 0
76000, 12288, 1, 0
77000, 12800, 1, 0
78000, 12288, 1, 0
79000, 10752, 1, 0
80000, 10240, 1, 0
81000, 9728, 1, 0
82000, 9216, 1, 0
83000, 10240, 1, 0
84000, 8704, 1, 0
85000, 8192, 1, 0
86000, 7680, 1, 0
87000, 7680, 1, 0
88000, 7168, 1, 0
89000, 7680, 1, 0
90000, 6656, 1, 0
91000, 6656, 1, 0
92000, 6144, 1, 0
93000, 6144, 1, 0
94000, 6144, 1, 0
95000, 5632, 1, 0
96000, 6144, 1, 0
97000, 5120, 1, 0
98000, 5120, 1, 0
99000, 5120, 1, 0
100000, 5120, 1, 0
101000, 4608, 1, 0
102000, 5120, 1, 0
103000, 4608, 1, 0
104000, 4096, 1, 0
105000, 3584, 1, 0
106000, 4096, 1, 0
107000, 3584, 1, 0
108000, 4096, 1, 0
109000, 3584, 1, 0
110000, 3584, 1, 0
111000, 3072, 1, 0
112000, 3584, 1, 0
113000, 3072, 1, 0
114000, 3072, 1, 0
115000, 3072, 1, 0
116000, 3072, 1, 0
117000, 2560, 1, 0
118000, 2560, 1, 0
119000, 2560, 1, 0
120000, 2560, 1, 0
121000, 2560, 1, 0
122000, 2560, 1, 0
123000, 2560, 1, 0
124000, 2048, 1, 0
125000, 2560, 1, 0
126000, 1536, 1, 0
127000, 2560, 1, 0
128000, 2048, 1, 0
129001, 2045, 1, 0
130000, 2048, 1, 0
131000, 1536, 1, 0
132000, 1536, 1, 0
133000, 1536, 1, 0
134001, 1534, 1, 0
135000, 2048, 1, 0
136000, 1024, 1, 0
137000, 2048, 1, 0
138000, 1024, 1, 0
139000, 1536, 1, 0
140000, 1536, 1, 0
141000, 1536, 1, 0
142000, 1024, 1, 0
143000, 1024, 1, 0
144000, 1024, 1, 0
145000, 1536, 1, 0
146000, 1024, 1, 0
147000, 512, 1, 0
148000, 1024, 1, 0
149000, 1024, 1, 0
150000, 1024, 1, 0
151000, 512, 1, 0
152000, 1024, 1, 0
153000, 1024, 1, 0
154000, 512, 1, 0
155000, 512, 1, 0
156000, 1024, 1, 0
157000, 512, 1, 0
158000, 512, 1, 0
159000, 512, 1, 0
160000, 512, 1, 0
161000, 512, 1, 0
162000, 512, 1, 0
163000, 512, 1, 0
164000, 512, 1, 0
165000, 512, 1, 0
166000, 512, 1, 0
167000, 512, 1, 0
168001, 511, 1, 0
170000, 512, 1, 0
171000, 512, 1, 0
172000, 512, 1, 0
174000, 512, 1, 0
175000, 512, 1, 0
177001, 511, 1, 0
178000, 512, 1, 0
180000, 512, 1, 0
182000, 512, 1, 0
186000, 512, 1, 0
189000, 512, 1, 0
191000, 512, 1, 0
194000, 512, 1, 0
198001, 511, 1, 0
201000, 512, 1, 0
204000, 512, 1, 0
208001, 511, 1, 0
212000, 512, 1, 0
217000, 512, 1, 0
222000, 512, 1, 0
227000, 512, 1, 0
231000, 512, 1, 0
237001, 511, 1, 0
244000, 512, 1, 0
251000, 512, 1, 0
256000, 512, 1, 0
262000, 512, 1, 0
266000, 512, 1, 0
272000, 512, 1, 0
279000, 512, 1, 0
286000, 512, 1, 0
293000, 512, 1, 0
298000, 512, 1, 0
303000, 512, 1, 0
309000, 512, 1, 0
316000, 512, 1, 0
324000, 512, 1, 0
332000, 512, 1, 0
339000, 512, 1, 0
347000, 512, 1, 0
354000, 512, 1, 0
360000, 512, 1, 0
367000, 512, 1, 0
375000, 512, 1, 0
384000, 512, 1, 0
392000, 512, 1, 0
400000, 512, 1, 0
408001, 511, 1, 0
416000, 512, 1, 0
424000, 512, 1, 0
435000, 512, 1, 0
446000, 512, 1, 0
456000, 512, 1, 0
467000, 512, 1, 0
478000, 512, 1, 0
487000, 512, 1, 0
496000, 512, 1, 0
508000, 512, 1, 0
519000, 512, 1, 0
529000, 512, 1, 0
540000, 512, 1, 0
550000, 512, 1, 0
560000, 512, 1, 0
571001, 511, 1, 0
578000, 512, 1, 0
584000, 512, 1, 0
589000, 512, 1, 0
594000, 512, 1, 0
600001, 511, 1, 0
