1000, 250, 1, 0
2000, 250, 1, 0
3000, 241, 1, 0
4000, 186, 1, 0
5000, 178, 1, 0
6001, 183, 1, 0
7000, 159, 1, 0
8000, 169, 1, 0
9000, 157, 1, 0
10000, 145, 1, 0
11000, 128, 1, 0
12000, 123, 1, 0
13000, 122, 1, 0
14000, 111, 1, 0
15000, 116, 1, 0
16000, 110, 1, 0
17000, 98, 1, 0
18000, 105, 1, 0
19000, 101, 1, 0
20000, 83, 1, 0
21000, 84, 1, 0
22000, 79, 1, 0
23000, 70, 1, 0
24000, 71, 1, 0
25000, 76, 1, 0
26000, 67, 1, 0
27000, 64, 1, 0
28000, 65, 1, 0
29000, 57, 1, 0
30000, 50, 1, 0
31000, 50, 1, 0
32001, 50, 1, 0
33000, 53, 1, 0
34000, 47, 1, 0
35000, 41, 1, 0
36000, 39, 1, 0
37000, 43, 1, 0
38000, 37, 1, 0
39000, 37, 1, 0
40000, 36, 1, 0
41000, 32, 1, 0
42000, 33, 1, 0
43000, 29, 1, 0
44001, 33, 1, 0
45000, 32, 1, 0
46000, 27, 1, 0
47000, 38, 1, 0
48000, 35, 1, 0
49000, 32, 1, 0
50000, 71, 1, 0
51000, 68, 1, 0
52000, 54, 1, 0
53000, 44, 1, 0
54000, 62, 1, 0
55000, 37, 1, 0
56000, 86, 1, 0
57000, 59, 1, 0
58000, 34, 1, 0
59000, 90, 1, 0
60000, 56, 1, 0
61000, 50, 1, 0
62000, 80, 1, 0
63000, 68, 1, 0
64000, 48, 1, 0
65000, 61, 1, 0
66000, 41, 1, 0
67001, 48, 1, 0
68000, 97, 1, 0
69000, 34, 1, 0
70000, 73, 1, 0
71000, 87, 1, 0
72000, 48, 1, 0
73000, 75, 1, 0
74000, 70, 1, 0
75000, 39, 1, 0
76000, 24, 1, 0
77000, 25, 1, 0
78000, 24, 1, 0
79000, 21, 1, 0
80000, 20, 1, 0
81000, 19, 1, 0
82000, 18, 1, 0
83000, 20, 1, 0
84000, 17, 1, 0
85000, 16, 1, 0
86000, 15, 1, 0
87000, 15, 1, 0
88000, 14, 1, 0
89000, 15, 1, 0
90000, 13, 1, 0
91000, 13, 1, 0
92000, 12, 1, 0
93000, 12, 1, 0
94000, 12, 1, 0
95000, 11, 1, 0
96000, 12, 1, 0
97000, 10, 1, 0
98000, 10, 1, 0
99000, 10, 1, 0
100000, 10, 1, 0
101000, 9, 1, 0
102000, 10, 1, 0
103000, 9, 1, 0
104000, 8, 1, 0
105000, 7, 1, 0
106000, 8, 1, 0
107000, 7, 1, 0
108000, 8, 1, 0
109000, 7, 1, 0
110000, 7, 1, 0
111000, 6, 1, 0
112000, 7, 1, 0
113000, 6, 1, 0
114000, 6, 1, 0
115000, 6, 1, 0
116000, 6, 1, 0
117000, 5, 1, 0
118000, 5, 1, 0
119000, 5, 1, 0
120000, 5, 1, 0
121000, 5, 1, 0
122000, 5, 1, 0
123000, 5, 1, 0
124000, 4, 1, 0
125000, 5, 1, 0
126000, 3, 1, 0
127000, 5, 1, 0
128000, 4, 1, 0
129001, 3, 1, 0
130000, 4, 1, 0
131000, 3, 1, 0
132000, 3, 1, 0
133000, 3, 1, 0
134001, 2, 1, 0
135000, 4, 1, 0
136000, 2, 1, 0
137000, 4, 1, 0
138000, 2, 1, 0
139000, 3, 1, 0
140000, 3, 1, 0
141000, 3, 1, 0
142000, 2, 1, 0
143000, 2, 1, 0
144000, 2, 1, 0
145000, 3, 1, 0
146000, 2, 1, 0
147000, 1, 1, 0
148000, 2, 1, 0
149000, 2, 1, 0
150000, 2, 1, 0
151000, 1, 1, 0
152000, 2, 1, 0
153000, 2, 1, 0
154000, 1, 1, 0
155000, 1, 1, 0
156000, 2, 1, 0
157000, 1, 1, 0
158000, 1, 1, 0
159000, 1, 1, 0
160000, 1, 1, 0
161000, 1, 1, 0
162000, 1, 1, 0
163000, 1, 1, 0
164000, 1, 1, 0
165000, 1, 1, 0
166000, 1, 1, 0
167000, 1, 1, 0
168001, 0, 1, 0
170000, 1, 1, 0
171000, 1, 1, 0
172000, 1, 1, 0
174000, 1, 1, 0
175000, 1, 1, 0
177001, 0, 1, 0
178000, 1, 1, 0
180000, 1, 1, 0
182000, 1, 1, 0
186000, 1, 1, 0
189000, 1, 1, 0
191000, 1, 1, 0
194000, 1, 1, 0
198001, 0, 1, 0
201000, 1, 1, 0
204000, 1, 1, 0
208001, 0, 1, 0
212000, 1, 1, 0
217000, 1, 1, 0
222000, 1, 1, 0
227000, 1, 1, 0
231000, 1, 1, 0
237001, 0, 1, 0
244000, 1, 1, 0
251000, 1, 1, 0
256000, 1, 1, 0
262000, 1, 1, 0
266000, 1, 1, 0
272000, 1, 1, 0
279000, 1, 1, 0
286000, 1, 1, 0
293000, 1, 1, 0
298000, 1, 1, 0
303000, 1, 1, 0
309000, 1, 1, 0
316000, 1, 1, 0
324000, 1, 1, 0
332000, 1, 1, 0
339000, 1, 1, 0
347000, 1, 1, 0
354000, 1, 1, 0
360000, 1, 1, 0
367000, 1, 1, 0
375000, 1, 1, 0
384000, 1, 1, 0
392000, 1, 1, 0
400000, 1, 1, 0
408001, 0, 1, 0
416000, 1, 1, 0
424000, 1, 1, 0
435000, 1, 1, 0
446000, 1, 1, 0
456000, 1, 1, 0
467000, 1, 1, 0
478000, 1, 1, 0
487000, 1, 1, 0
496000, 1, 1, 0
508000, 1, 1, 0
519000, 1, 1, 0
529000, 1, 1, 0
540000, 1, 1, 0
550000, 1, 1, 0
560000, 1, 1, 0
571001, 0, 1, 0
578000, 1, 1, 0
584000, 1, 1, 0
589000, 1, 1, 0
594000, 1, 1, 0
600001, 0, 1, 0
