1000, 128000, 1, 0
2000, 128000, 1, 0
3000, 123392, 1, 0
4000, 95232, 1, 0
5000, 91136, 1, 0
6000, 94208, 1, 0
7000, 81920, 1, 0
8000, 86528, 1, 0
9000, 80384, 1, 0
10000, 74240, 1, 0
11000, 65024, 1, 0
12000, 63488, 1, 0
13001, 62401, 1, 0
14000, 56832, 1, 0
15000, 59392, 1, 0
16000, 56320, 1, 0
17000, 50176, 1, 0
18000, 53760, 1, 0
19000, 51200, 1, 0
20000, 43008, 1, 0
21000, 42496, 1, 0
22000, 40960, 1, 0
23000, 35840, 1, 0
24000, 35840, 1, 0
25000, 39424, 1, 0
26001, 34269, 1, 0
27000, 32256, 1, 0
28000, 33792, 1, 0
29000, 29184, 1, 0
30000, 25600, 1, 0
31001, 25574, 1, 0
32000, 25600, 1, 0
33000, 27648, 1, 0
34000, 24064, 1, 0
35000, 20992, 1, 0
36001, 19436, 1, 0
37000, 22528, 1, 0
38000, 18944, 1, 0
39000, 18944, 1, 0
40000, 17920, 1, 0
41000, 16384, 1, 0
42000, 17408, 1, 0
43000, 14848, 1, 0
44000, 17408, 1, 0
45000, 16384, 1, 0
46000, 13824, 1, 0
47000, 19456, 1, 0
48000, 17920, 1, 0
49000, 16384, 1, 0
50000, 36352, 1, 0
51000, 34816, 1, 0
52000, 27648, 1, 0
53000, 22528, 1, 0
54000, 31744, 1, 0
55000, 18944, 1, 0
56001, 43988, 1, 0
57000, 30208, 1, 0
58000, 16896, 1, 0
59000, 46592, 1, 0
60000, 28672, 1, 0
61000, 25600, 1, 0
62000, 40960, 1, 0
63000, 34816, 1, 0
64000, 24576, 1, 0
65000, 31232, 1, 0
66001, 20992, 1, 0
67000, 25088, 1, 0
68000, 49152, 1, 0
69000, 17920, 1, 0
70000, 37376, 1, 0
71001, 44499, 1, 0
72000, 24576, 1, 0
73000, 38400, 1, 0
74000, 35840, 1, 0
75000, 19456, 1, 0
76001, 12787, 1, 0
77000, 12800, 1, 0
78000, 12288, 1, 0
79000, 10752, 1, 0
80000, 10240, 1, 0
81001, 9718, 1, 0
82000, 9216, 1, 0
83000, 10240, 1, 0
84000, 8704, 1, 0
85000, 8192, 1, 0
86000, 7680, 1, 0
87000, 7680, 1, 0
88000, 7168, 1, 0
89000, 7680, 1, 0
90000, 6656, 1, 0
91000, 6656, 1, 0
92000, 6144, 1, 0
93000, 6144, 1, 0
94000, 6144, 1, 0
95000, 5632, 1, 0
96000, 6144, 1, 0
97000, 5120, 1, 0
98000, 5120, 1, 0
99001, 5114, 1, 0
100000, 5120, 1, 0
101000, 4608, 1, 0
102000, 5120, 1, 0
103000, 4608, 1, 0
104000, 4096, 1, 0
105000, 3584, 1, 0
106000, 4096, 1, 0
107000, 3584, 1, 0
108000, 4096, 1, 0
109000, 3584, 1, 0
110000, 3584, 1, 0
111000, 3072, 1, 0
112000, 3584, 1, 0
113000, 3072, 1, 0
114000, 3072, 1, 0
115001, 3068, 1, 0
116000, 3072, 1, 0
117000, 2560, 1, 0
118001, 2557, 1, 0
119000, 2560, 1, 0
120000, 2560, 1, 0
121000, 2560, 1, 0
122000, 2560, 1, 0
123000, 2560, 1, 0
124000, 2048, 1, 0
125000, 2560, 1, 0
126000, 1536, 1, 0
127000, 2560, 1, 0
128000, 2048, 1, 0
129000, 2048, 1, 0
130000, 2048, 1, 0
131000, 1536, 1, 0
132000, 1536, 1, 0
133000, 1536, 1, 0
134000, 1536, 1, 0
135000, 2048, 1, 0
136000, 1024, 1, 0
137000, 2048, 1, 0
138000, 1024, 1, 0
139000, 1536, 1, 0
140000, 1536, 1, 0
141000, 1536, 1, 0
142000, 1024, 1, 0
143000, 1024, 1, 0
144000, 1024, 1, 0
145000, 1536, 1, 0
146000, 1024, 1, 0
147000, 512, 1, 0
148000, 1024, 1, 0
149000, 1024, 1, 0
150000, 1024, 1, 0
151000, 512, 1, 0
152000, 1024, 1, 0
153001, 1022, 1, 0
154000, 512, 1, 0
155000, 512, 1, 0
156000, 1024, 1, 0
157000, 512, 1, 0
158000, 512, 1, 0
159000, 512, 1, 0
160000, 512, 1, 0
161000, 512, 1, 0
162000, 512, 1, 0
163000, 512, 1, 0
164000, 512, 1, 0
165001, 511, 1, 0
166000, 512, 1, 0
167000, 512, 1, 0
168000, 512, 1, 0
170000, 512, 1, 0
171000, 512, 1, 0
172000, 512, 1, 0
174001, 511, 1, 0
175000, 512, 1, 0
177000, 512, 1, 0
178000, 512, 1, 0
180000, 512, 1, 0
182000, 512, 1, 0
186000, 512, 1, 0
188000, 512, 1, 0
191000, 512, 1, 0
194000, 512, 1, 0
197000, 512, 1, 0
200000, 512, 1, 0
204000, 512, 1, 0
208000, 512, 1, 0
212000, 512, 1, 0
217000, 512, 1, 0
222000, 512, 1, 0
226000, 512, 1, 0
231000, 512, 1, 0
237000, 512, 1, 0
244000, 512, 1, 0
251000, 512, 1, 0
256000, 512, 1, 0
262000, 512, 1, 0
266000, 512, 1, 0
271000, 512, 1, 0
279000, 512, 1, 0
286000, 512, 1, 0
292000, 512, 1, 0
298000, 512, 1, 0
303000, 512, 1, 0
309000, 512, 1, 0
316000, 512, 1, 0
324000, 512, 1, 0
331000, 512, 1, 0
339000, 512, 1, 0
347000, 512, 1, 0
353000, 512, 1, 0
360000, 512, 1, 0
367000, 512, 1, 0
375000, 512, 1, 0
384000, 512, 1, 0
392000, 512, 1, 0
400000, 512, 1, 0
408000, 512, 1, 0
416000, 512, 1, 0
424000, 512, 1, 0
435000, 512, 1, 0
446000, 512, 1, 0
456000, 512, 1, 0
467000, 512, 1, 0
477000, 512, 1, 0
487000, 512, 1, 0
496000, 512, 1, 0
508000, 512, 1, 0
519000, 512, 1, 0
529000, 512, 1, 0
540000, 512, 1, 0
550000, 512, 1, 0
560000, 512, 1, 0
570000, 512, 1, 0
578000, 512, 1, 0
584000, 512, 1, 0
589000, 512, 1, 0
594000, 512, 1, 0
600000, 512, 1, 0
