1000, 847669, 1, 0
2108, 849440, 1, 0
3000, 820640, 1, 0
7258, 819318, 1, 0
7258, 820030, 1, 0
7259, 853863, 1, 0
7260, 853301, 1, 0
9477, 845772, 1, 0
9478, 821388, 1, 0
10130, 845467, 1, 0
18140, 835455, 1, 0
18141, 823336, 1, 0
18142, 824898, 1, 0
18142, 817371, 1, 0
18143, 823843, 1, 0
18144, 822312, 1, 0
18145, 818618, 1, 0
18146, 818066, 1, 0
22397, 847692, 1, 0
22398, 815793, 1, 0
22399, 851129, 1, 0
22400, 835474, 1, 0
23377, 837878, 1, 0
25165, 858836, 1, 0
25166, 812759, 1, 0
28081, 843855, 1, 0
28082, 853011, 1, 0
28083, 852535, 1, 0
29285, 850463, 1, 0
30435, 851305, 1, 0
32409, 837950, 1, 0
32410, 851244, 1, 0
35634, 840017, 1, 0
35635, 849449, 1, 0
35636, 814799, 1, 0
36736, 844808, 1, 0
41771, 846354, 1, 0
41771, 822573, 1, 0
41772, 821253, 1, 0
41773, 819585, 1, 0
41774, 820336, 1, 0
44365, 821158, 1, 0
44366, 851645, 1, 0
44367, 851681, 1, 0
50328, 846434, 1, 0
50328, 852898, 1, 0
50329, 852150, 1, 0
50330, 874529, 1, 0
50331, 849165, 1, 0
50332, 815293, 1, 0
51120, 840191, 1, 0
53482, 844378, 1, 0
53482, 812987, 1, 0
56440, 830903, 1, 0
56441, 816316, 1, 0
56442, 825950, 1, 0
57079, 818986, 1, 0
58305, 829716, 1, 0
59157, 823771, 1, 0
61171, 845157, 1, 0
61172, 812815, 1, 0
62000, 840371, 1, 0
65683, 855316, 1, 0
65684, 852542, 1, 0
65685, 848581, 1, 0
66049, 846888, 1, 0
67458, 843637, 1, 0
68211, 847297, 1, 0
69855, 833569, 1, 0
71738, 844538, 1, 0
71739, 814622, 1, 0
72890, 1133847, 1, 0
73000, 845632, 1, 0
74850, 848670, 1, 0
75164, 838178, 1, 0
77994, 836889, 1, 0
77995, 814644, 1, 0
78000, 840171, 1, 0
79311, 843334, 1, 0
80886, 835301, 1, 0
81000, 836229, 1, 0
82396, 847584, 1, 0
83000, 846458, 1, 0
85314, 832330, 1, 0
85315, 853055, 1, 0
86000, 830792, 1, 0
87055, 842404, 1, 0
88000, 828915, 1, 0
89166, 831393, 1, 0
90000, 852573, 1, 0
91388, 844836, 1, 0
93778, 850736, 1, 0
93779, 854444, 1, 0
96707, 843429, 1, 0
96708, 853352, 1, 0
96708, 851393, 1, 0
98567, 845891, 1, 0
98568, 852909, 1, 0
99168, 848676, 1, 0
101627, 825011, 1, 0
101628, 848017, 1, 0
103290, 844536, 1, 0
103290, 822415, 1, 0
105662, 846905, 1, 0
105663, 851561, 1, 0
108466, 838673, 1, 0
108467, 853945, 1, 0
108468, 859331, 1, 0
109238, 826506, 1, 0
111947, 840908, 1, 0
111948, 852854, 1, 0
112000, 840546, 1, 0
113314, 833966, 1, 0
114000, 834582, 1, 0
115000, 823685, 1, 0
116667, 837861, 1, 0
117412, 828937, 1, 0
118187, 850007, 1, 0
119534, 835354, 1, 0
120863, 844584, 1, 0
122286, 836075, 1, 0
122287, 853502, 1, 0
128367, 857999, 1, 0
128368, 810557, 1, 0
128369, 813161, 1, 0
128370, 812873, 1, 0
128370, 813515, 1, 0
128371, 814212, 1, 0
129498, 813652, 1, 0
130543, 824397, 1, 0
131944, 829296, 1, 0
132000, 820676, 1, 0
133344, 883254, 1, 0
135473, 826394, 1, 0
135474, 815684, 1, 0
136689, 829275, 1, 0
137164, 844586, 1, 0
138357, 814722, 1, 0
139000, 838870, 1, 0
140062, 829812, 1, 0
142788, 847851, 1, 0
142789, 813234, 1, 0
143280, 830608, 1, 0
146153, 852934, 1, 0
146154, 814702, 1, 0
146154, 819991, 1, 0
147484, 830078, 1, 0
148345, 858061, 1, 0
150504, 833027, 1, 0
150505, 818079, 1, 0
151000, 828764, 1, 0
153428, 813158, 1, 0
153428, 813654, 1, 0
154783, 831127, 1, 0
155000, 817297, 1, 0
156000, 827496, 1, 0
157184, 821898, 1, 0
160418, 839421, 1, 0
160418, 853333, 1, 0
160419, 853059, 1, 0
162393, 849743, 1, 0
162394, 923940, 1, 0
163428, 817037, 1, 0
164573, 848549, 1, 0
165471, 817107, 1, 0
167519, 832116, 1, 0
167519, 813975, 1, 0
168096, 820707, 1, 0
170710, 824189, 1, 0
170711, 812382, 1, 0
171000, 819179, 1, 0
172423, 828565, 1, 0
173212, 818041, 1, 0
174198, 876050, 1, 0
177582, 820848, 1, 0
177583, 852418, 1, 0
177584, 852319, 1, 0
178362, 845552, 1, 0
179000, 829080, 1, 0
181327, 826178, 1, 0
181328, 808584, 1, 0
182364, 855567, 1, 0
183000, 878272, 1, 0
184131, 814312, 1, 0
185377, 847013, 1, 0
187250, 821518, 1, 0
187251, 855387, 1, 0
190641, 818516, 1, 0
190642, 828772, 1, 0
190642, 853463, 1, 0
191374, 845972, 1, 0
192222, 838755, 1, 0
193220, 823416, 1, 0
194425, 851353, 1, 0
195000, 820881, 1, 0
196127, 823107, 1, 0
197723, 818898, 1, 0
198250, 818181, 1, 0
199122, 812578, 1, 0
200000, 819260, 1, 0
202388, 825857, 1, 0
202389, 809245, 1, 0
203103, 818353, 1, 0
205604, 830018, 1, 0
205604, 810534, 1, 0
206000, 827776, 1, 0
207064, 837080, 1, 0
208857, 814227, 1, 0
209000, 853095, 1, 0
210562, 816473, 1, 0
212383, 841599, 1, 0
212383, 813768, 1, 0
214778, 844136, 1, 0
216008, 813750, 1, 0
216008, 809894, 1, 0
216009, 807836, 1, 0
217127, 814942, 1, 0
218390, 813471, 1, 0
219886, 812731, 1, 0
220000, 812587, 1, 0
221417, 831751, 1, 0
222130, 820823, 1, 0
223000, 814030, 1, 0
224451, 837665, 1, 0
225777, 817830, 1, 0
226000, 814192, 1, 0
227818, 833975, 1, 0
229492, 817384, 1, 0
229493, 817935, 1, 0
230189, 812645, 1, 0
231408, 821366, 1, 0
232215, 819036, 1, 0
233446, 829859, 1, 0
235468, 815850, 1, 0
235468, 811402, 1, 0
236000, 826037, 1, 0
238153, 814697, 1, 0
238154, 811195, 1, 0
239321, 830913, 1, 0
240006, 830177, 1, 0
241047, 810008, 1, 0
242421, 820430, 1, 0
243525, 828558, 1, 0
244234, 827197, 1, 0
246925, 831814, 1, 0
246925, 814608, 1, 0
247562, 816375, 1, 0
248857, 817510, 1, 0
249157, 819068, 1, 0
250273, 813399, 1, 0
251187, 822681, 1, 0
252000, 824602, 1, 0
253102, 824020, 1, 0
254000, 831537, 1, 0
255983, 819074, 1, 0
256000, 812771, 1, 0
257159, 822500, 1, 0
258407, 814785, 1, 0
259420, 819880, 1, 0
260427, 816141, 1, 0
261023, 849075, 1, 0
262000, 821122, 1, 0
263000, 903124, 1, 0
264125, 815648, 1, 0
267013, 812988, 1, 0
267014, 813531, 1, 0
267015, 812527, 1, 0
269281, 816299, 1, 0
269281, 811502, 1, 0
270686, 816671, 1, 0
272531, 837292, 1, 0
272532, 853293, 1, 0
273235, 842289, 1, 0
274062, 895127, 1, 0
275943, 818736, 1, 0
276147, 850295, 1, 0
277000, 817495, 1, 0
278379, 820040, 1, 0
279017, 815263, 1, 0
280000, 811804, 1, 0
281000, 827829, 1, 0
282028, 815850, 1, 0
283124, 820085, 1, 0
285055, 820334, 1, 0
285110, 822855, 1, 0
286074, 820548, 1, 0
287158, 820644, 1, 0
288020, 822344, 1, 0
289158, 823679, 1, 0
290740, 815479, 1, 0
291000, 815173, 1, 0
292705, 829448, 1, 0
293216, 819940, 1, 0
294939, 827427, 1, 0
295891, 825557, 1, 0
296101, 819675, 1, 0
297455, 817111, 1, 0
298231, 814941, 1, 0
299126, 816258, 1, 0
300159, 814132, 1, 0
301114, 819292, 1, 0
302000, 818796, 1, 0
303282, 816054, 1, 0
304394, 813781, 1, 0
305436, 852960, 1, 0
306354, 817879, 1, 0
307000, 825534, 1, 0
308179, 817016, 1, 0
309067, 816046, 1, 0
311035, 822684, 1, 0
311036, 816200, 1, 0
312000, 815071, 1, 0
313364, 821092, 1, 0
315373, 815645, 1, 0
315373, 811445, 1, 0
316000, 814841, 1, 0
317209, 815400, 1, 0
318006, 823583, 1, 0
319137, 817812, 1, 0
320123, 819430, 1, 0
321047, 817112, 1, 0
322176, 817495, 1, 0
323000, 821087, 1, 0
324000, 830388, 1, 0
325000, 819402, 1, 0
326208, 828671, 1, 0
327082, 843809, 1, 0
328000, 827164, 1, 0
329000, 827278, 1, 0
330000, 819631, 1, 0
331000, 814633, 1, 0
332000, 825284, 1, 0
333000, 819692, 1, 0
334000, 827989, 1, 0
335000, 816263, 1, 0
336000, 822783, 1, 0
337000, 827059, 1, 0
338000, 824937, 1, 0
339000, 818161, 1, 0
340000, 819912, 1, 0
341000, 815264, 1, 0
342000, 821624, 1, 0
343000, 817278, 1, 0
344000, 824460, 1, 0
345000, 813065, 1, 0
346000, 817746, 1, 0
347000, 815232, 1, 0
348000, 812362, 1, 0
349000, 817505, 1, 0
350000, 814451, 1, 0
351000, 818738, 1, 0
352000, 818641, 1, 0
353000, 823142, 1, 0
354000, 820320, 1, 0
355000, 813343, 1, 0
356000, 813075, 1, 0
357000, 813780, 1, 0
358000, 811238, 1, 0
359000, 814440, 1, 0
360000, 813863, 1, 0
361000, 814354, 1, 0
362000, 819358, 1, 0
363000, 826816, 1, 0
364000, 832069, 1, 0
365000, 822171, 1, 0
366000, 819294, 1, 0
367000, 814346, 1, 0
368000, 818288, 1, 0
369000, 817136, 1, 0
370000, 818322, 1, 0
371000, 820191, 1, 0
372000, 825369, 1, 0
373000, 817750, 1, 0
374000, 825863, 1, 0
375000, 814272, 1, 0
376000, 821705, 1, 0
377000, 823270, 1, 0
378000, 826416, 1, 0
379000, 818295, 1, 0
380000, 816667, 1, 0
381000, 818175, 1, 0
382000, 821964, 1, 0
383000, 841966, 1, 0
384000, 839159, 1, 0
385000, 820197, 1, 0
386000, 815485, 1, 0
387000, 825362, 1, 0
388000, 821094, 1, 0
389000, 819767, 1, 0
390000, 819746, 1, 0
391000, 818707, 1, 0
392000, 821926, 1, 0
393000, 824758, 1, 0
394000, 833434, 1, 0
395000, 825306, 1, 0
396000, 816417, 1, 0
397000, 824634, 1, 0
398000, 821115, 1, 0
399000, 822934, 1, 0
400000, 821372, 1, 0
401000, 820878, 1, 0
402000, 819301, 1, 0
403000, 827738, 1, 0
404000, 819660, 1, 0
405000, 821900, 1, 0
406000, 817211, 1, 0
407000, 819751, 1, 0
408000, 817719, 1, 0
409000, 825597, 1, 0
410000, 834496, 1, 0
411000, 820855, 1, 0
412000, 825329, 1, 0
413000, 827301, 1, 0
414000, 825853, 1, 0
415000, 812817, 1, 0
416000, 822544, 1, 0
417000, 828494, 1, 0
418000, 818656, 1, 0
419000, 821994, 1, 0
420000, 817068, 1, 0
421000, 821028, 1, 0
422000, 819815, 1, 0
423000, 826245, 1, 0
424000, 833671, 1, 0
425000, 811797, 1, 0
426000, 824263, 1, 0
427000, 830382, 1, 0
428000, 830096, 1, 0
429000, 813612, 1, 0
430000, 815186, 1, 0
431000, 815213, 1, 0
432000, 819417, 1, 0
433000, 819791, 1, 0
434000, 819584, 1, 0
435000, 813515, 1, 0
436000, 817310, 1, 0
437000, 821516, 1, 0
438000, 817888, 1, 0
439000, 819436, 1, 0
440000, 816060, 1, 0
441000, 812727, 1, 0
442000, 815292, 1, 0
443000, 821726, 1, 0
444000, 823916, 1, 0
445000, 811844, 1, 0
446000, 815689, 1, 0
447000, 813936, 1, 0
448000, 817842, 1, 0
449000, 813856, 1, 0
450000, 821151, 1, 0
451000, 821479, 1, 0
452000, 818688, 1, 0
453000, 822226, 1, 0
454000, 817045, 1, 0
455000, 833896, 1, 0
456000, 819050, 1, 0
457000, 818261, 1, 0
458000, 819273, 1, 0
459000, 816622, 1, 0
460000, 820402, 1, 0
461000, 819474, 1, 0
462000, 813622, 1, 0
463000, 825230, 1, 0
464000, 841209, 1, 0
465000, 818369, 1, 0
466000, 815041, 1, 0
467000, 823576, 1, 0
468000, 817270, 1, 0
469000, 817501, 1, 0
470000, 818733, 1, 0
471000, 829931, 1, 0
472000, 816429, 1, 0
473000, 821941, 1, 0
474000, 830004, 1, 0
475000, 822253, 1, 0
476000, 817445, 1, 0
477000, 818694, 1, 0
478000, 813979, 1, 0
479000, 817733, 1, 0
480000, 814181, 1, 0
481000, 816545, 1, 0
482000, 816889, 1, 0
483000, 818712, 1, 0
484000, 830213, 1, 0
485000, 813182, 1, 0
486000, 813726, 1, 0
487000, 825216, 1, 0
488000, 827107, 1, 0
489000, 822526, 1, 0
490000, 814545, 1, 0
491000, 829942, 1, 0
492000, 817168, 1, 0
493000, 823458, 1, 0
494000, 827292, 1, 0
495000, 815556, 1, 0
496000, 816917, 1, 0
497000, 818972, 1, 0
498000, 822626, 1, 0
499000, 817469, 1, 0
500000, 821226, 1, 0
501000, 820032, 1, 0
502000, 818516, 1, 0
503000, 829210, 1, 0
504000, 836189, 1, 0
505000, 824804, 1, 0
506000, 812098, 1, 0
507000, 816272, 1, 0
508000, 814670, 1, 0
509000, 819640, 1, 0
510000, 814006, 1, 0
511000, 816159, 1, 0
512000, 817089, 1, 0
513000, 817268, 1, 0
514000, 832143, 1, 0
515000, 818695, 1, 0
516000, 818037, 1, 0
517000, 823492, 1, 0
518000, 820878, 1, 0
519000, 816131, 1, 0
520000, 817321, 1, 0
521000, 826285, 1, 0
522000, 816953, 1, 0
523000, 819319, 1, 0
524000, 835019, 1, 0
525000, 817919, 1, 0
526000, 829143, 1, 0
527000, 824911, 1, 0
528000, 817688, 1, 0
529000, 821791, 1, 0
530000, 815545, 1, 0
531000, 823176, 1, 0
532000, 824734, 1, 0
533000, 823758, 1, 0
534000, 821159, 1, 0
535000, 818455, 1, 0
536000, 812915, 1, 0
537000, 825442, 1, 0
538000, 823648, 1, 0
539000, 820215, 1, 0
540000, 818309, 1, 0
541000, 816574, 1, 0
542000, 821778, 1, 0
543000, 824341, 1, 0
544000, 820239, 1, 0
545000, 813614, 1, 0
546000, 816587, 1, 0
547000, 817522, 1, 0
548000, 824983, 1, 0
549000, 822195, 1, 0
550000, 813346, 1, 0
551000, 819753, 1, 0
552000, 819637, 1, 0
553000, 819787, 1, 0
554000, 827539, 1, 0
555000, 825406, 1, 0
556000, 812822, 1, 0
557000, 816078, 1, 0
558000, 821542, 1, 0
559000, 816991, 1, 0
560000, 820187, 1, 0
561000, 816419, 1, 0
562000, 812337, 1, 0
563000, 822624, 1, 0
564000, 833923, 1, 0
565000, 819475, 1, 0
566000, 810663, 1, 0
567000, 825330, 1, 0
568000, 817239, 1, 0
569000, 822130, 1, 0
570000, 820557, 1, 0
571000, 826337, 1, 0
572000, 830883, 1, 0
573000, 822212, 1, 0
574000, 820503, 1, 0
575000, 819036, 1, 0
576000, 816660, 1, 0
577000, 818488, 1, 0
578000, 829312, 1, 0
579000, 817320, 1, 0
580000, 827694, 1, 0
581000, 819772, 1, 0
582000, 827479, 1, 0
583000, 822927, 1, 0
584000, 831283, 1, 0
585000, 829012, 1, 0
586000, 813890, 1, 0
587000, 822096, 1, 0
588000, 817726, 1, 0
589000, 822366, 1, 0
590000, 831532, 1, 0
591000, 815092, 1, 0
592000, 816539, 1, 0
593000, 829310, 1, 0
594000, 835114, 1, 0
595000, 818012, 1, 0
596000, 822656, 1, 0
597000, 818253, 1, 0
598000, 815386, 1, 0
599000, 820112, 1, 0
600000, 821391, 1, 0
