1987, 832690, 1, 0
2000, 820445, 1, 0
3169, 821160, 1, 0
7644, 849215, 1, 0
7645, 855931, 1, 0
7646, 852759, 1, 0
7646, 861305, 1, 0
8816, 848202, 1, 0
10001, 847006, 1, 0
10001, 849772, 1, 0
11742, 848927, 1, 0
13285, 844370, 1, 0
13286, 812439, 1, 0
17013, 860125, 1, 0
17014, 858029, 1, 0
17015, 816967, 1, 0
17015, 817591, 1, 0
18283, 845339, 1, 0
19353, 833985, 1, 0
20270, 845810, 1, 0
21000, 842399, 1, 0
22360, 847137, 1, 0
23554, 895266, 1, 0
24165, 845695, 1, 0
25359, 841400, 1, 0
26841, 846974, 1, 0
27212, 851052, 1, 0
30654, 852196, 1, 0
30655, 854451, 1, 0
30655, 854569, 1, 0
31835, 849800, 1, 0
32750, 833153, 1, 0
34604, 847562, 1, 0
34605, 857052, 1, 0
36117, 844308, 1, 0
36118, 858723, 1, 0
37103, 841796, 1, 0
38157, 856265, 1, 0
40066, 842455, 1, 0
40067, 855837, 1, 0
42325, 852761, 1, 0
42326, 856914, 1, 0
43860, 841570, 1, 0
44182, 845953, 1, 0
45270, 826797, 1, 0
46000, 846771, 1, 0
47748, 849357, 1, 0
48316, 851647, 1, 0
49549, 822674, 1, 0
50911, 838765, 1, 0
51000, 835666, 1, 0
52445, 850505, 1, 0
54164, 847519, 1, 0
54165, 819797, 1, 0
59696, 847802, 1, 0
59697, 814597, 1, 0
59698, 852625, 1, 0
59699, 849564, 1, 0
59700, 853746, 1, 0
60098, 833271, 1, 0
61043, 844351, 1, 0
62850, 836427, 1, 0
65260, 852542, 1, 0
65261, 852710, 1, 0
65262, 852554, 1, 0
66052, 849480, 1, 0
67981, 843054, 1, 0
68000, 813331, 1, 0
71024, 844502, 1, 0
71025, 851668, 1, 0
71026, 851524, 1, 0
72761, 848152, 1, 0
73222, 847207, 1, 0
74704, 819717, 1, 0
75842, 837671, 1, 0
78734, 850056, 1, 0
78735, 815993, 1, 0
78736, 850921, 1, 0
80453, 843249, 1, 0
80453, 814556, 1, 0
81294, 839837, 1, 0
82411, 840785, 1, 0
83146, 841254, 1, 0
84532, 840042, 1, 0
88997, 842319, 1, 0
88997, 816366, 1, 0
88998, 813643, 1, 0
88999, 815405, 1, 0
89000, 817595, 1, 0
90044, 838156, 1, 0
91821, 830160, 1, 0
92371, 847769, 1, 0
93474, 821333, 1, 0
94778, 832527, 1, 0
95367, 851549, 1, 0
96818, 836650, 1, 0
97459, 847456, 1, 0
99186, 853490, 1, 0
99187, 819209, 1, 0
100555, 844368, 1, 0
101106, 853620, 1, 0
103027, 823889, 1, 0
103028, 812907, 1, 0
105241, 849544, 1, 0
105242, 851087, 1, 0
107877, 853539, 1, 0
107878, 817658, 1, 0
108343, 835596, 1, 0
109310, 849019, 1, 0
110031, 846540, 1, 0
111000, 843057, 1, 0
112000, 835883, 1, 0
113000, 824909, 1, 0
114000, 831039, 1, 0
115000, 833006, 1, 0
116000, 831783, 1, 0
117000, 830741, 1, 0
118000, 832072, 1, 0
119000, 826427, 1, 0
120000, 816785, 1, 0
121000, 827410, 1, 0
122000, 834529, 1, 0
123000, 833655, 1, 0
124000, 829686, 1, 0
125000, 832347, 1, 0
126000, 824602, 1, 0
127000, 834064, 1, 0
128000, 823845, 1, 0
129000, 834827, 1, 0
130000, 830951, 1, 0
131000, 832104, 1, 0
132000, 819170, 1, 0
133000, 824917, 1, 0
134000, 833691, 1, 0
135000, 825731, 1, 0
136000, 831803, 1, 0
137000, 826628, 1, 0
138000, 823825, 1, 0
139000, 822771, 1, 0
140000, 825435, 1, 0
141000, 828304, 1, 0
142000, 824785, 1, 0
143000, 830153, 1, 0
144000, 831838, 1, 0
145000, 831392, 1, 0
146000, 823010, 1, 0
147000, 817112, 1, 0
148000, 831985, 1, 0
149000, 826564, 1, 0
150000, 821343, 1, 0
151000, 825269, 1, 0
152000, 822038, 1, 0
153000, 827633, 1, 0
154000, 829793, 1, 0
155000, 820629, 1, 0
156000, 825146, 1, 0
157000, 836211, 1, 0
158000, 837315, 1, 0
159000, 833562, 1, 0
160000, 838232, 1, 0
161000, 831817, 1, 0
162000, 817011, 1, 0
163000, 830431, 1, 0
164000, 845658, 1, 0
165000, 816851, 1, 0
166000, 826207, 1, 0
167000, 835226, 1, 0
168000, 819486, 1, 0
169000, 821080, 1, 0
170000, 823137, 1, 0
171000, 819317, 1, 0
172000, 822070, 1, 0
173000, 834435, 1, 0
174000, 833611, 1, 0
175000, 819224, 1, 0
176000, 821691, 1, 0
177000, 816999, 1, 0
178000, 818916, 1, 0
179000, 821652, 1, 0
180000, 819786, 1, 0
181000, 825658, 1, 0
182000, 819037, 1, 0
183000, 824570, 1, 0
184000, 826069, 1, 0
185000, 816545, 1, 0
186000, 819887, 1, 0
187000, 817044, 1, 0
188000, 818439, 1, 0
189000, 818729, 1, 0
190000, 815477, 1, 0
191000, 825736, 1, 0
192000, 824379, 1, 0
193000, 827215, 1, 0
194000, 822268, 1, 0
195000, 817937, 1, 0
196000, 823971, 1, 0
197000, 821578, 1, 0
198000, 823923, 1, 0
199000, 825134, 1, 0
200000, 818056, 1, 0
201000, 836681, 1, 0
202000, 819453, 1, 0
203000, 820057, 1, 0
204000, 827051, 1, 0
205000, 815913, 1, 0
206000, 813722, 1, 0
207000, 816903, 1, 0
208000, 816604, 1, 0
209000, 816216, 1, 0
210000, 815749, 1, 0
211000, 826602, 1, 0
212000, 826288, 1, 0
213000, 819739, 1, 0
214000, 819852, 1, 0
215000, 821814, 1, 0
216000, 816070, 1, 0
217000, 821868, 1, 0
218000, 818419, 1, 0
219000, 816393, 1, 0
220000, 815397, 1, 0
221000, 819471, 1, 0
222000, 823274, 1, 0
223000, 819432, 1, 0
224000, 824674, 1, 0
225000, 815571, 1, 0
226000, 821929, 1, 0
227000, 824194, 1, 0
228000, 812206, 1, 0
229000, 828693, 1, 0
230000, 816708, 1, 0
231000, 815469, 1, 0
232000, 814849, 1, 0
233000, 822224, 1, 0
234000, 826820, 1, 0
235000, 815662, 1, 0
236000, 816201, 1, 0
237000, 829503, 1, 0
238000, 818096, 1, 0
239000, 843754, 1, 0
240000, 826990, 1, 0
241000, 825138, 1, 0
242000, 814800, 1, 0
243000, 824456, 1, 0
244000, 832271, 1, 0
245000, 818683, 1, 0
246000, 816703, 1, 0
247000, 817348, 1, 0
248000, 817228, 1, 0
249000, 823182, 1, 0
250000, 815725, 1, 0
251000, 824102, 1, 0
252000, 818528, 1, 0
253000, 826546, 1, 0
254000, 824935, 1, 0
255000, 814996, 1, 0
256000, 823760, 1, 0
257000, 819152, 1, 0
258000, 826782, 1, 0
259000, 817466, 1, 0
260000, 815702, 1, 0
261000, 823407, 1, 0
262000, 822604, 1, 0
263000, 840456, 1, 0
264000, 821421, 1, 0
265000, 815391, 1, 0
266000, 828439, 1, 0
267000, 818367, 1, 0
268000, 815057, 1, 0
269000, 819130, 1, 0
270000, 817837, 1, 0
271000, 819564, 1, 0
272000, 821436, 1, 0
273000, 823276, 1, 0
274000, 827754, 1, 0
275000, 823275, 1, 0
276000, 821874, 1, 0
277000, 813816, 1, 0
278000, 813603, 1, 0
279000, 817820, 1, 0
280000, 810975, 1, 0
281000, 817694, 1, 0
282000, 818707, 1, 0
283000, 818156, 1, 0
284000, 828705, 1, 0
285000, 814949, 1, 0
286000, 824459, 1, 0
287000, 818290, 1, 0
288000, 822972, 1, 0
289000, 819751, 1, 0
290000, 813858, 1, 0
291000, 820252, 1, 0
292000, 824733, 1, 0
293000, 823328, 1, 0
294000, 832111, 1, 0
295000, 821768, 1, 0
296000, 817739, 1, 0
297000, 817185, 1, 0
298000, 813416, 1, 0
299000, 819677, 1, 0
300000, 819661, 1, 0
301000, 816963, 1, 0
302000, 818760, 1, 0
303000, 817212, 1, 0
304000, 829349, 1, 0
305000, 821543, 1, 0
306000, 817985, 1, 0
307000, 828345, 1, 0
308000, 817518, 1, 0
309000, 818655, 1, 0
310000, 815167, 1, 0
311000, 812969, 1, 0
312000, 820639, 1, 0
313000, 821184, 1, 0
314000, 825245, 1, 0
315000, 815315, 1, 0
316000, 816118, 1, 0
317000, 818718, 1, 0
318000, 812643, 1, 0
319000, 819104, 1, 0
320000, 815414, 1, 0
321000, 810838, 1, 0
322000, 815949, 1, 0
323000, 814043, 1, 0
324000, 833067, 1, 0
325000, 818352, 1, 0
326000, 827112, 1, 0
327000, 820404, 1, 0
328000, 815815, 1, 0
329000, 820907, 1, 0
330000, 816950, 1, 0
331000, 816679, 1, 0
332000, 828794, 1, 0
333000, 820936, 1, 0
334000, 826673, 1, 0
335000, 814910, 1, 0
336000, 819546, 1, 0
337000, 826444, 1, 0
338000, 819259, 1, 0
339000, 814793, 1, 0
340000, 816888, 1, 0
341000, 814988, 1, 0
342000, 819409, 1, 0
343000, 818841, 1, 0
344000, 825884, 1, 0
345000, 814564, 1, 0
346000, 819676, 1, 0
347000, 813571, 1, 0
348000, 815899, 1, 0
349000, 814640, 1, 0
350000, 813781, 1, 0
351000, 820388, 1, 0
352000, 823436, 1, 0
353000, 825072, 1, 0
354000, 819035, 1, 0
355000, 815199, 1, 0
356000, 815947, 1, 0
357000, 822021, 1, 0
358000, 813160, 1, 0
359000, 817388, 1, 0
360000, 816565, 1, 0
361000, 817291, 1, 0
362000, 822175, 1, 0
363000, 824152, 1, 0
364000, 829377, 1, 0
365000, 829969, 1, 0
366000, 823066, 1, 0
367000, 818245, 1, 0
368000, 819923, 1, 0
369000, 815741, 1, 0
370000, 824670, 1, 0
371000, 822041, 1, 0
372000, 819635, 1, 0
373000, 817843, 1, 0
374000, 827349, 1, 0
375000, 816686, 1, 0
376000, 820958, 1, 0
377000, 826091, 1, 0
378000, 816775, 1, 0
379000, 816691, 1, 0
380000, 829272, 1, 0
381000, 814981, 1, 0
382000, 821155, 1, 0
383000, 838782, 1, 0
384000, 834864, 1, 0
385000, 817340, 1, 0
386000, 817944, 1, 0
387000, 821521, 1, 0
388000, 821711, 1, 0
389000, 817008, 1, 0
390000, 818924, 1, 0
391000, 822364, 1, 0
392000, 813100, 1, 0
393000, 836447, 1, 0
394000, 824606, 1, 0
395000, 814336, 1, 0
396000, 822155, 1, 0
397000, 825063, 1, 0
398000, 819053, 1, 0
399000, 818559, 1, 0
400000, 821794, 1, 0
401000, 821087, 1, 0
402000, 819735, 1, 0
403000, 824426, 1, 0
404000, 820202, 1, 0
405000, 814509, 1, 0
406000, 820788, 1, 0
407000, 821701, 1, 0
408000, 818154, 1, 0
409000, 816049, 1, 0
410000, 827126, 1, 0
411000, 811875, 1, 0
412000, 827736, 1, 0
413000, 825410, 1, 0
414000, 825391, 1, 0
415000, 815402, 1, 0
416000, 824084, 1, 0
417000, 813961, 1, 0
418000, 816403, 1, 0
419000, 813989, 1, 0
420000, 818060, 1, 0
421000, 817016, 1, 0
422000, 819793, 1, 0
423000, 816079, 1, 0
424000, 836679, 1, 0
425000, 814383, 1, 0
426000, 826652, 1, 0
427000, 824060, 1, 0
428000, 821584, 1, 0
429000, 815450, 1, 0
430000, 818895, 1, 0
431000, 815503, 1, 0
432000, 818869, 1, 0
433000, 817513, 1, 0
434000, 821178, 1, 0
435000, 816135, 1, 0
436000, 813905, 1, 0
437000, 816644, 1, 0
438000, 819608, 1, 0
439000, 817599, 1, 0
440000, 813881, 1, 0
441000, 812135, 1, 0
442000, 813359, 1, 0
443000, 828137, 1, 0
444000, 823144, 1, 0
445000, 818888, 1, 0
446000, 814240, 1, 0
447000, 812541, 1, 0
448000, 817859, 1, 0
449000, 813618, 1, 0
450000, 818025, 1, 0
451000, 819042, 1, 0
452000, 812814, 1, 0
453000, 821002, 1, 0
454000, 824736, 1, 0
455000, 826695, 1, 0
456000, 822387, 1, 0
457000, 812997, 1, 0
458000, 821921, 1, 0
459000, 817814, 1, 0
460000, 821918, 1, 0
461000, 826012, 1, 0
462000, 821588, 1, 0
463000, 828309, 1, 0
464000, 826554, 1, 0
465000, 821127, 1, 0
466000, 819512, 1, 0
467000, 825396, 1, 0
468000, 816046, 1, 0
469000, 821482, 1, 0
470000, 825776, 1, 0
471000, 825773, 1, 0
472000, 814108, 1, 0
473000, 818888, 1, 0
474000, 822957, 1, 0
475000, 823776, 1, 0
476000, 817989, 1, 0
477000, 829413, 1, 0
478000, 822724, 1, 0
479000, 819594, 1, 0
480000, 815325, 1, 0
481000, 820580, 1, 0
482000, 816075, 1, 0
483000, 814496, 1, 0
484000, 838096, 1, 0
485000, 812773, 1, 0
486000, 813897, 1, 0
487000, 834013, 1, 0
488000, 822642, 1, 0
489000, 820405, 1, 0
490000, 817349, 1, 0
491000, 820443, 1, 0
492000, 821260, 1, 0
493000, 817963, 1, 0
494000, 830840, 1, 0
495000, 815831, 1, 0
496000, 812983, 1, 0
497000, 818641, 1, 0
498000, 818849, 1, 0
499000, 816460, 1, 0
500000, 817020, 1, 0
501000, 819131, 1, 0
502000, 816450, 1, 0
503000, 828624, 1, 0
504000, 832517, 1, 0
505000, 818129, 1, 0
506000, 812452, 1, 0
507000, 820294, 1, 0
508000, 813718, 1, 0
509000, 821630, 1, 0
510000, 813868, 1, 0
511000, 815788, 1, 0
512000, 819581, 1, 0
513000, 816448, 1, 0
514000, 831247, 1, 0
515000, 824837, 1, 0
516000, 816480, 1, 0
517000, 819525, 1, 0
518000, 824839, 1, 0
519000, 815292, 1, 0
520000, 814328, 1, 0
521000, 825952, 1, 0
522000, 821984, 1, 0
523000, 821712, 1, 0
524000, 826995, 1, 0
525000, 821290, 1, 0
526000, 832885, 1, 0
527000, 821347, 1, 0
528000, 822634, 1, 0
529000, 822880, 1, 0
530000, 814793, 1, 0
531000, 825239, 1, 0
532000, 827119, 1, 0
533000, 825681, 1, 0
534000, 824475, 1, 0
535000, 822709, 1, 0
536000, 816344, 1, 0
537000, 818462, 1, 0
538000, 820037, 1, 0
539000, 820048, 1, 0
540000, 813651, 1, 0
541000, 823032, 1, 0
542000, 812161, 1, 0
543000, 818031, 1, 0
544000, 821414, 1, 0
545000, 811326, 1, 0
546000, 821538, 1, 0
547000, 826987, 1, 0
548000, 828405, 1, 0
549000, 815302, 1, 0
550000, 825050, 1, 0
551000, 817870, 1, 0
552000, 821964, 1, 0
553000, 822544, 1, 0
554000, 822234, 1, 0
555000, 828109, 1, 0
556000, 815446, 1, 0
557000, 814582, 1, 0
558000, 821999, 1, 0
559000, 823079, 1, 0
560000, 823486, 1, 0
561000, 824335, 1, 0
562000, 816574, 1, 0
563000, 821047, 1, 0
564000, 834689, 1, 0
565000, 824268, 1, 0
566000, 815188, 1, 0
567000, 823305, 1, 0
568000, 821736, 1, 0
569000, 821230, 1, 0
570000, 818877, 1, 0
571000, 819523, 1, 0
572000, 814818, 1, 0
573000, 821080, 1, 0
574000, 823964, 1, 0
575000, 823743, 1, 0
576000, 815553, 1, 0
577000, 823082, 1, 0
578000, 824258, 1, 0
579000, 820027, 1, 0
580000, 815845, 1, 0
581000, 817167, 1, 0
582000, 816968, 1, 0
583000, 825576, 1, 0
584000, 836203, 1, 0
585000, 825625, 1, 0
586000, 816010, 1, 0
587000, 819895, 1, 0
588000, 828246, 1, 0
589000, 830831, 1, 0
590000, 818866, 1, 0
591000, 817517, 1, 0
592000, 818532, 1, 0
593000, 837436, 1, 0
594000, 836708, 1, 0
595000, 816904, 1, 0
596000, 821110, 1, 0
597000, 814771, 1, 0
598000, 814033, 1, 0
599000, 817863, 1, 0
600002, 819887, 1, 0
