1000, 847470, 1, 0
2108, 849251, 1, 0
3000, 820491, 1, 0
7258, 819169, 1, 0
7258, 819883, 1, 0
7259, 853673, 1, 0
7260, 853101, 1, 0
9477, 845582, 1, 0
9478, 821220, 1, 0
10130, 845277, 1, 0
18140, 835276, 1, 0
18141, 823131, 1, 0
18142, 824681, 1, 0
18142, 817197, 1, 0
18143, 823634, 1, 0
18144, 822140, 1, 0
18145, 818442, 1, 0
18146, 817951, 1, 0
22397, 847354, 1, 0
22398, 815588, 1, 0
22399, 850934, 1, 0
22400, 835276, 1, 0
23377, 837623, 1, 0
25165, 858642, 1, 0
25166, 812609, 1, 0
28081, 843658, 1, 0
28082, 852810, 1, 0
28083, 852345, 1, 0
29285, 850270, 1, 0
30435, 851106, 1, 0
32409, 837762, 1, 0
32410, 851044, 1, 0
35634, 839829, 1, 0
35635, 849320, 1, 0
35636, 814591, 1, 0
36736, 844618, 1, 0
41771, 846165, 1, 0
41771, 822421, 1, 0
41772, 821100, 1, 0
41773, 819457, 1, 0
41774, 820220, 1, 0
44365, 820996, 1, 0
44366, 851442, 1, 0
44367, 851484, 1, 0
50328, 846245, 1, 0
50328, 852669, 1, 0
50329, 851950, 1, 0
50330, 874332, 1, 0
50331, 848965, 1, 0
50332, 815107, 1, 0
51120, 839991, 1, 0
53482, 844192, 1, 0
53482, 812838, 1, 0
56440, 830609, 1, 0
56441, 816178, 1, 0
56442, 825814, 1, 0
57079, 818842, 1, 0
58305, 829555, 1, 0
59157, 823614, 1, 0
61171, 844835, 1, 0
61172, 812716, 1, 0
62000, 840150, 1, 0
65683, 854942, 1, 0
65684, 852355, 1, 0
65685, 848387, 1, 0
66049, 846697, 1, 0
67458, 843440, 1, 0
68211, 847107, 1, 0
69855, 833357, 1, 0
71738, 844349, 1, 0
71739, 814425, 1, 0
72890, 1133476, 1, 0
73000, 845451, 1, 0
74850, 848472, 1, 0
75164, 837955, 1, 0
77994, 836577, 1, 0
77995, 814477, 1, 0
78000, 839387, 1, 0
79311, 843151, 1, 0
80886, 835105, 1, 0
81000, 836065, 1, 0
82396, 847406, 1, 0
83000, 846262, 1, 0
85314, 832163, 1, 0
85315, 852864, 1, 0
86000, 830538, 1, 0
87055, 842166, 1, 0
88000, 828767, 1, 0
89166, 831223, 1, 0
90000, 852380, 1, 0
91388, 844538, 1, 0
93778, 850548, 1, 0
93779, 854241, 1, 0
96707, 843241, 1, 0
96708, 853165, 1, 0
96708, 851196, 1, 0
98567, 845704, 1, 0
98568, 852700, 1, 0
99168, 848477, 1, 0
101627, 824860, 1, 0
101628, 847871, 1, 0
103290, 844346, 1, 0
103290, 822218, 1, 0
105662, 846718, 1, 0
105663, 851374, 1, 0
108466, 838500, 1, 0
108467, 853765, 1, 0
108468, 859135, 1, 0
109238, 826290, 1, 0
111947, 840721, 1, 0
111948, 852654, 1, 0
112000, 840371, 1, 0
113314, 833793, 1, 0
114000, 834423, 1, 0
115000, 823191, 1, 0
116667, 837689, 1, 0
117412, 828695, 1, 0
118187, 849663, 1, 0
119534, 835171, 1, 0
120863, 844400, 1, 0
122286, 835861, 1, 0
122287, 853305, 1, 0
128367, 857806, 1, 0
128368, 810448, 1, 0
128369, 813050, 1, 0
128370, 812738, 1, 0
128370, 813370, 1, 0
128371, 814078, 1, 0
129498, 813547, 1, 0
130543, 824256, 1, 0
131944, 829115, 1, 0
132000, 820539, 1, 0
133344, 883079, 1, 0
135473, 826221, 1, 0
135474, 815504, 1, 0
136689, 829108, 1, 0
137164, 844394, 1, 0
138357, 814571, 1, 0
139000, 838658, 1, 0
140062, 829524, 1, 0
142788, 847666, 1, 0
142789, 813057, 1, 0
143280, 830430, 1, 0
146153, 852731, 1, 0
146154, 814570, 1, 0
146154, 819883, 1, 0
147484, 829922, 1, 0
148345, 857222, 1, 0
150504, 832832, 1, 0
150505, 817958, 1, 0
151000, 828561, 1, 0
153428, 812684, 1, 0
153428, 813530, 1, 0
154783, 830940, 1, 0
155000, 817030, 1, 0
156000, 827266, 1, 0
157184, 821759, 1, 0
160418, 839103, 1, 0
160418, 853140, 1, 0
160419, 852865, 1, 0
162393, 849548, 1, 0
162394, 923843, 1, 0
163428, 816736, 1, 0
164573, 848351, 1, 0
165471, 816933, 1, 0
167519, 831494, 1, 0
167519, 813888, 1, 0
168096, 820540, 1, 0
170710, 824042, 1, 0
170711, 812324, 1, 0
171000, 819063, 1, 0
172423, 828040, 1, 0
173212, 817879, 1, 0
174198, 875414, 1, 0
177582, 820708, 1, 0
177583, 852223, 1, 0
177584, 852130, 1, 0
178362, 845254, 1, 0
179000, 828921, 1, 0
181327, 826031, 1, 0
181328, 808499, 1, 0
182364, 855399, 1, 0
183000, 878081, 1, 0
184131, 814190, 1, 0
185377, 846724, 1, 0
187250, 821393, 1, 0
187251, 855197, 1, 0
190641, 818386, 1, 0
190642, 828581, 1, 0
190642, 853257, 1, 0
191374, 845769, 1, 0
192222, 838564, 1, 0
193220, 823268, 1, 0
194425, 851105, 1, 0
195000, 820748, 1, 0
196127, 822956, 1, 0
197723, 818746, 1, 0
198250, 817972, 1, 0
199122, 812416, 1, 0
200000, 819138, 1, 0
202388, 825680, 1, 0
202389, 809130, 1, 0
203103, 818226, 1, 0
205604, 829862, 1, 0
205604, 810433, 1, 0
206000, 827628, 1, 0
207064, 836866, 1, 0
208857, 814105, 1, 0
209000, 852904, 1, 0
210562, 816326, 1, 0
212383, 841463, 1, 0
212383, 813564, 1, 0
214778, 843895, 1, 0
216008, 813214, 1, 0
216008, 809819, 1, 0
216009, 807752, 1, 0
217127, 814817, 1, 0
218390, 813214, 1, 0
219886, 812216, 1, 0
220000, 812480, 1, 0
221417, 831591, 1, 0
222130, 820638, 1, 0
223000, 813905, 1, 0
224451, 835757, 1, 0
225777, 817635, 1, 0
226000, 814050, 1, 0
227818, 833805, 1, 0
229492, 817225, 1, 0
229493, 817839, 1, 0
230189, 812521, 1, 0
231408, 821222, 1, 0
232215, 818884, 1, 0
233446, 829722, 1, 0
235468, 815729, 1, 0
235468, 811294, 1, 0
236000, 825888, 1, 0
238153, 814574, 1, 0
238154, 811069, 1, 0
239321, 830764, 1, 0
240006, 830045, 1, 0
241047, 809479, 1, 0
242421, 815671, 1, 0
243525, 828440, 1, 0
244234, 827071, 1, 0
246925, 831555, 1, 0
246925, 814442, 1, 0
247562, 816065, 1, 0
248857, 817368, 1, 0
249157, 818857, 1, 0
250273, 813267, 1, 0
251187, 822538, 1, 0
252000, 824454, 1, 0
253102, 823858, 1, 0
254000, 831367, 1, 0
255983, 818901, 1, 0
256000, 812650, 1, 0
257159, 822219, 1, 0
258407, 814650, 1, 0
259420, 819742, 1, 0
260427, 816028, 1, 0
261023, 848886, 1, 0
262000, 820943, 1, 0
263000, 902974, 1, 0
264125, 815501, 1, 0
267013, 812864, 1, 0
267014, 813428, 1, 0
267015, 812416, 1, 0
269281, 816145, 1, 0
269281, 811419, 1, 0
270686, 816548, 1, 0
272531, 837041, 1, 0
272532, 853098, 1, 0
273235, 842108, 1, 0
274062, 894953, 1, 0
275943, 818583, 1, 0
276147, 850089, 1, 0
277000, 817368, 1, 0
278379, 819902, 1, 0
279017, 815138, 1, 0
280000, 811681, 1, 0
281000, 827678, 1, 0
282028, 815468, 1, 0
283124, 819948, 1, 0
285055, 820194, 1, 0
285110, 822361, 1, 0
286074, 820409, 1, 0
287158, 820424, 1, 0
288020, 822113, 1, 0
289158, 823454, 1, 0
290740, 815339, 1, 0
291000, 815041, 1, 0
292705, 829287, 1, 0
293216, 819805, 1, 0
294939, 827246, 1, 0
295891, 825202, 1, 0
296101, 819495, 1, 0
297455, 816941, 1, 0
298231, 814659, 1, 0
299126, 816033, 1, 0
300159, 813996, 1, 0
301114, 819063, 1, 0
302000, 818648, 1, 0
303282, 815921, 1, 0
304394, 813649, 1, 0
305436, 852779, 1, 0
306354, 817727, 1, 0
307000, 825341, 1, 0
308179, 816868, 1, 0
309067, 815896, 1, 0
311035, 822545, 1, 0
311036, 816023, 1, 0
312000, 814933, 1, 0
313364, 820633, 1, 0
315373, 815506, 1, 0
315373, 811335, 1, 0
316000, 814693, 1, 0
317209, 815267, 1, 0
318006, 823419, 1, 0
319137, 817674, 1, 0
320123, 819301, 1, 0
321047, 816966, 1, 0
322176, 817374, 1, 0
323000, 820969, 1, 0
324000, 830237, 1, 0
325000, 819239, 1, 0
326208, 828514, 1, 0
327082, 843619, 1, 0
328000, 827008, 1, 0
329000, 827144, 1, 0
330000, 819512, 1, 0
331000, 814505, 1, 0
332000, 825158, 1, 0
333000, 819560, 1, 0
334000, 827849, 1, 0
335000, 816148, 1, 0
336000, 822647, 1, 0
337000, 826943, 1, 0
338000, 824815, 1, 0
339000, 818026, 1, 0
340000, 819802, 1, 0
341000, 815131, 1, 0
342000, 821506, 1, 0
343000, 817171, 1, 0
344000, 824359, 1, 0
345000, 812961, 1, 0
346000, 817598, 1, 0
347000, 815125, 1, 0
348000, 812183, 1, 0
349000, 817381, 1, 0
350000, 814340, 1, 0
351000, 818620, 1, 0
352000, 818512, 1, 0
353000, 823010, 1, 0
354000, 820168, 1, 0
355000, 813219, 1, 0
356000, 812968, 1, 0
357000, 813681, 1, 0
358000, 811130, 1, 0
359000, 814331, 1, 0
360000, 813764, 1, 0
361000, 814229, 1, 0
362000, 819254, 1, 0
363000, 826686, 1, 0
364000, 831938, 1, 0
365000, 822021, 1, 0
366000, 819178, 1, 0
367000, 814238, 1, 0
368000, 818185, 1, 0
369000, 817022, 1, 0
370000, 818212, 1, 0
371000, 820075, 1, 0
372000, 825262, 1, 0
373000, 817638, 1, 0
374000, 825751, 1, 0
375000, 814167, 1, 0
376000, 821577, 1, 0
377000, 823135, 1, 0
378000, 826296, 1, 0
379000, 818163, 1, 0
380000, 816508, 1, 0
381000, 818059, 1, 0
382000, 821850, 1, 0
383000, 841861, 1, 0
384000, 839017, 1, 0
385000, 820044, 1, 0
386000, 815383, 1, 0
387000, 825227, 1, 0
388000, 820967, 1, 0
389000, 819616, 1, 0
390000, 819642, 1, 0
391000, 818580, 1, 0
392000, 821808, 1, 0
393000, 824634, 1, 0
394000, 833322, 1, 0
395000, 825186, 1, 0
396000, 816291, 1, 0
397000, 824524, 1, 0
398000, 820985, 1, 0
399000, 822808, 1, 0
400000, 821253, 1, 0
401000, 820754, 1, 0
402000, 819193, 1, 0
403000, 827625, 1, 0
404000, 819547, 1, 0
405000, 821730, 1, 0
406000, 817096, 1, 0
407000, 819608, 1, 0
408000, 817595, 1, 0
409000, 825485, 1, 0
410000, 834348, 1, 0
411000, 820753, 1, 0
412000, 825216, 1, 0
413000, 827196, 1, 0
414000, 825727, 1, 0
415000, 812703, 1, 0
416000, 822442, 1, 0
417000, 828353, 1, 0
418000, 818508, 1, 0
419000, 821887, 1, 0
420000, 816962, 1, 0
421000, 820902, 1, 0
422000, 819694, 1, 0
423000, 826125, 1, 0
424000, 833558, 1, 0
425000, 811672, 1, 0
426000, 824155, 1, 0
427000, 830264, 1, 0
428000, 829981, 1, 0
429000, 813503, 1, 0
430000, 815064, 1, 0
431000, 815099, 1, 0
432000, 819243, 1, 0
433000, 819630, 1, 0
434000, 819464, 1, 0
435000, 813396, 1, 0
436000, 817189, 1, 0
437000, 821392, 1, 0
438000, 817753, 1, 0
439000, 819325, 1, 0
440000, 815924, 1, 0
441000, 812615, 1, 0
442000, 815100, 1, 0
443000, 821625, 1, 0
444000, 823801, 1, 0
445000, 811743, 1, 0
446000, 815581, 1, 0
447000, 813810, 1, 0
448000, 817721, 1, 0
449000, 813723, 1, 0
450000, 821014, 1, 0
451000, 821345, 1, 0
452000, 818568, 1, 0
453000, 822088, 1, 0
454000, 816920, 1, 0
455000, 833749, 1, 0
456000, 818944, 1, 0
457000, 818140, 1, 0
458000, 819147, 1, 0
459000, 816496, 1, 0
460000, 820272, 1, 0
461000, 819350, 1, 0
462000, 813498, 1, 0
463000, 825105, 1, 0
464000, 841071, 1, 0
465000, 818230, 1, 0
466000, 814936, 1, 0
467000, 823425, 1, 0
468000, 817133, 1, 0
469000, 817368, 1, 0
470000, 818590, 1, 0
471000, 829786, 1, 0
472000, 816296, 1, 0
473000, 821826, 1, 0
474000, 829885, 1, 0
475000, 822122, 1, 0
476000, 817330, 1, 0
477000, 818594, 1, 0
478000, 813853, 1, 0
479000, 817606, 1, 0
480000, 814067, 1, 0
481000, 816436, 1, 0
482000, 816769, 1, 0
483000, 818594, 1, 0
484000, 830089, 1, 0
485000, 813081, 1, 0
486000, 813579, 1, 0
487000, 825092, 1, 0
488000, 826998, 1, 0
489000, 822412, 1, 0
490000, 814429, 1, 0
491000, 829826, 1, 0
492000, 817048, 1, 0
493000, 823347, 1, 0
494000, 827181, 1, 0
495000, 815451, 1, 0
496000, 816789, 1, 0
497000, 818820, 1, 0
498000, 822507, 1, 0
499000, 817354, 1, 0
500000, 821112, 1, 0
501000, 819916, 1, 0
502000, 818401, 1, 0
503000, 829097, 1, 0
504000, 836064, 1, 0
505000, 824670, 1, 0
506000, 811982, 1, 0
507000, 816153, 1, 0
508000, 814564, 1, 0
509000, 819492, 1, 0
510000, 813908, 1, 0
511000, 816035, 1, 0
512000, 816944, 1, 0
513000, 817142, 1, 0
514000, 832022, 1, 0
515000, 818590, 1, 0
516000, 817936, 1, 0
517000, 823347, 1, 0
518000, 820759, 1, 0
519000, 816006, 1, 0
520000, 817202, 1, 0
521000, 826163, 1, 0
522000, 816833, 1, 0
523000, 819213, 1, 0
524000, 834901, 1, 0
525000, 817811, 1, 0
526000, 829006, 1, 0
527000, 824792, 1, 0
528000, 817578, 1, 0
529000, 821667, 1, 0
530000, 815412, 1, 0
531000, 823044, 1, 0
532000, 824602, 1, 0
533000, 823635, 1, 0
534000, 821058, 1, 0
535000, 818338, 1, 0
536000, 812792, 1, 0
537000, 825335, 1, 0
538000, 823527, 1, 0
539000, 820096, 1, 0
540000, 818192, 1, 0
541000, 816448, 1, 0
542000, 821659, 1, 0
543000, 824207, 1, 0
544000, 820119, 1, 0
545000, 813506, 1, 0
546000, 816482, 1, 0
547000, 817399, 1, 0
548000, 824854, 1, 0
549000, 822082, 1, 0
550000, 813234, 1, 0
551000, 819656, 1, 0
552000, 819488, 1, 0
553000, 819646, 1, 0
554000, 827406, 1, 0
555000, 825274, 1, 0
556000, 812703, 1, 0
557000, 815963, 1, 0
558000, 821410, 1, 0
559000, 816886, 1, 0
560000, 820080, 1, 0
561000, 816301, 1, 0
562000, 812216, 1, 0
563000, 822514, 1, 0
564000, 833811, 1, 0
565000, 819373, 1, 0
566000, 810558, 1, 0
567000, 825196, 1, 0
568000, 817128, 1, 0
569000, 822016, 1, 0
570000, 820435, 1, 0
571000, 826210, 1, 0
572000, 830774, 1, 0
573000, 822111, 1, 0
574000, 820382, 1, 0
575000, 818916, 1, 0
576000, 816540, 1, 0
577000, 818368, 1, 0
578000, 829176, 1, 0
579000, 817184, 1, 0
580000, 827579, 1, 0
581000, 819639, 1, 0
582000, 827361, 1, 0
583000, 822791, 1, 0
584000, 831166, 1, 0
585000, 828896, 1, 0
586000, 813779, 1, 0
587000, 821988, 1, 0
588000, 817580, 1, 0
589000, 822219, 1, 0
590000, 831416, 1, 0
591000, 814951, 1, 0
592000, 816423, 1, 0
593000, 829162, 1, 0
594000, 834981, 1, 0
595000, 817902, 1, 0
596000, 822531, 1, 0
597000, 818127, 1, 0
598000, 815259, 1, 0
599000, 819989, 1, 0
600000, 821273, 1, 0
