1000, 19, 1, 0
2000, 114, 1, 0
3000, 360, 1, 0
4000, 206, 1, 0
8000, 157, 1, 0
10000, 141, 1, 0
11000, 191, 1, 0
19000, 129, 1, 0
23000, 15, 1, 0
24000, 126, 1, 0
26000, 51, 1, 0
29000, 117, 1, 0
30000, 168, 1, 0
31000, 119, 1, 0
33001, 250, 1, 0
36000, 271, 1, 0
37000, 251, 1, 0
42000, 118, 1, 0
45000, 306, 1, 0
51000, 141, 1, 0
52000, 191, 1, 0
54000, 4, 1, 0
57000, 158, 1, 0
58000, 434, 1, 0
59000, 87, 1, 0
60000, 115, 1, 0
62000, 371, 1, 0
63001, 105, 1, 0
66000, 131, 1, 0
67000, 42, 1, 0
68000, 204, 1, 0
69000, 47, 1, 0
70000, 83, 1, 0
72000, 3, 1, 0
73001, 130, 1, 0
74000, 81, 1, 0
75000, 152, 1, 0
76000, 3, 1, 0
78000, 8, 1, 0
79000, 187, 1, 0
80000, 43, 1, 0
81000, 137, 1, 0
82000, 374, 1, 0
83000, 130, 1, 0
84000, 139, 1, 0
86000, 360, 1, 0
87000, 369, 1, 0
88000, 377, 1, 0
89000, 517, 1, 0
90000, 141, 1, 0
91000, 165, 1, 0
92000, 89, 1, 0
94000, 42, 1, 0
97000, 131, 1, 0
99000, 121, 1, 0
100000, 21, 1, 0
102000, 35, 1, 0
104000, 356, 1, 0
106000, 74, 1, 0
109000, 47, 1, 0
110000, 228, 1, 0
112000, 64, 1, 0
113000, 104, 1, 0
114000, 385, 1, 0
115000, 53, 1, 0
116001, 206, 1, 0
117000, 5, 1, 0
118000, 117, 1, 0
119001, 190, 1, 0
120000, 140, 1, 0
121000, 48, 1, 0
123000, 216, 1, 0
129000, 120, 1, 0
130000, 215, 1, 0
131000, 35, 1, 0
132000, 68, 1, 0
133000, 155, 1, 0
134000, 106, 1, 0
136000, 96, 1, 0
137000, 117, 1, 0
138000, 240, 1, 0
139000, 360, 1, 0
140000, 2, 1, 0
141000, 99, 1, 0
143001, 225, 1, 0
144000, 125, 1, 0
147000, 324, 1, 0
148000, 1, 1, 0
149000, 30, 1, 0
151000, 61, 1, 0
154000, 294, 1, 0
155000, 266, 1, 0
156000, 408, 1, 0
157000, 311, 1, 0
158000, 2, 1, 0
161000, 75, 1, 0
163000, 8, 1, 0
164000, 43, 1, 0
165000, 169, 1, 0
166000, 1, 1, 0
168000, 194, 1, 0
169000, 136, 1, 0
171000, 353, 1, 0
172000, 109, 1, 0
173000, 34, 1, 0
174000, 47, 1, 0
175000, 388, 1, 0
178000, 6, 1, 0
179000, 100, 1, 0
180000, 65, 1, 0
182000, 226, 1, 0
183000, 84, 1, 0
184000, 247, 1, 0
185000, 4, 1, 0
186000, 456, 1, 0
188000, 220, 1, 0
191000, 30, 1, 0
192000, 19, 1, 0
193000, 136, 1, 0
194000, 230, 1, 0
195000, 163, 1, 0
196000, 325, 1, 0
197000, 365, 1, 0
198000, 5, 1, 0
199000, 105, 1, 0
200001, 246, 1, 0
201000, 316, 1, 0
203000, 185, 1, 0
204000, 383, 1, 0
206000, 478, 1, 0
207000, 201, 1, 0
208000, 32, 1, 0
209000, 151, 1, 0
210000, 535, 1, 0
211000, 14, 1, 0
213000, 8, 1, 0
215000, 1, 1, 0
217000, 153, 1, 0
218000, 18, 1, 0
219000, 1, 1, 0
220000, 141, 1, 0
221000, 516, 1, 0
222000, 35, 1, 0
223000, 417, 1, 0
224000, 10, 1, 0
225000, 112, 1, 0
226000, 273, 1, 0
227000, 334, 1, 0
228000, 130, 1, 0
230000, 168, 1, 0
231000, 117, 1, 0
232000, 124, 1, 0
233000, 186, 1, 0
234000, 324, 1, 0
236000, 539, 1, 0
237000, 380, 1, 0
239000, 272, 1, 0
240000, 131, 1, 0
241001, 0, 1, 0
242000, 1, 1, 0
243000, 617, 1, 0
244000, 183, 1, 0
245000, 4, 1, 0
247000, 3, 1, 0
248000, 149, 1, 0
249000, 8, 1, 0
250000, 146, 1, 0
251000, 133, 1, 0
252000, 208, 1, 0
253000, 203, 1, 0
254000, 341, 1, 0
255000, 18, 1, 0
256000, 21, 1, 0
257000, 150, 1, 0
258000, 49, 1, 0
259001, 80, 1, 0
260000, 286, 1, 0
261000, 92, 1, 0
262000, 492, 1, 0
263000, 183, 1, 0
264000, 236, 1, 0
265000, 237, 1, 0
268000, 282, 1, 0
270000, 60, 1, 0
271000, 3, 1, 0
273000, 80, 1, 0
274000, 72, 1, 0
275000, 245, 1, 0
276000, 27, 1, 0
277000, 910, 1, 0
278000, 628, 1, 0
279000, 117, 1, 0
280000, 203, 1, 0
281000, 537, 1, 0
282000, 70, 1, 0
283001, 252, 1, 0
284000, 103, 1, 0
286000, 393, 1, 0
287000, 33, 1, 0
288000, 128, 1, 0
289000, 6, 1, 0
290001, 55, 1, 0
291000, 9, 1, 0
292000, 357, 1, 0
293000, 220, 1, 0
294001, 152, 1, 0
295000, 2, 1, 0
296000, 8, 1, 0
297000, 321, 1, 0
298000, 263, 1, 0
299000, 210, 1, 0
300000, 456, 1, 0
301000, 209, 1, 0
302000, 582, 1, 0
303000, 770, 1, 0
304000, 178, 1, 0
305000, 107, 1, 0
306000, 73, 1, 0
307000, 19, 1, 0
308001, 546, 1, 0
309000, 330, 1, 0
310000, 120, 1, 0
312000, 279, 1, 0
313000, 62, 1, 0
314000, 28, 1, 0
316000, 109, 1, 0
317000, 171, 1, 0
318000, 46, 1, 0
319000, 445, 1, 0
320000, 373, 1, 0
321000, 279, 1, 0
322000, 355, 1, 0
323000, 228, 1, 0
324000, 507, 1, 0
325000, 333, 1, 0
326000, 274, 1, 0
327000, 73, 1, 0
328000, 1107, 1, 0
329000, 1207, 1, 0
330000, 1218, 1, 0
331000, 1227, 1, 0
332000, 1210, 1, 0
333000, 1219, 1, 0
334000, 1205, 1, 0
335000, 1224, 1, 0
336000, 1214, 1, 0
337000, 1208, 1, 0
338000, 1210, 1, 0
339000, 1221, 1, 0
340000, 1219, 1, 0
341001, 1223, 1, 0
342000, 1215, 1, 0
343000, 1222, 1, 0
344000, 1212, 1, 0
345000, 1228, 1, 0
346000, 1221, 1, 0
347000, 1226, 1, 0
348000, 1230, 1, 0
349000, 1221, 1, 0
350000, 1226, 1, 0
351000, 1221, 1, 0
352000, 1220, 1, 0
353000, 1213, 1, 0
354000, 1217, 1, 0
355000, 1227, 1, 0
356000, 1229, 1, 0
357000, 1227, 1, 0
358000, 1232, 1, 0
359000, 1226, 1, 0
360000, 1228, 1, 0
361000, 1226, 1, 0
362000, 1219, 1, 0
363000, 1208, 1, 0
364001, 1199, 1, 0
365000, 1214, 1, 0
366000, 1219, 1, 0
367000, 1227, 1, 0
368000, 1220, 1, 0
369000, 1223, 1, 0
370000, 1221, 1, 0
371000, 1218, 1, 0
372000, 1209, 1, 0
373000, 1222, 1, 0
374000, 1210, 1, 0
375000, 1227, 1, 0
376000, 1214, 1, 0
377000, 1214, 1, 0
378000, 1209, 1, 0
379000, 1220, 1, 0
380000, 1222, 1, 0
381000, 1215, 1, 0
382000, 1215, 1, 0
383000, 1186, 1, 0
384000, 1191, 1, 0
385000, 1216, 1, 0
386000, 1226, 1, 0
387000, 1210, 1, 0
388000, 1217, 1, 0
389000, 1217, 1, 0
390000, 1219, 1, 0
391000, 1220, 1, 0
392000, 1215, 1, 0
393000, 1210, 1, 0
394000, 1199, 1, 0
395000, 1211, 1, 0
396000, 1224, 1, 0
397000, 1210, 1, 0
398000, 1217, 1, 0
399000, 1213, 1, 0
400000, 1216, 1, 0
401000, 1217, 1, 0
402000, 1220, 1, 0
403000, 1205, 1, 0
404000, 1219, 1, 0
405000, 1216, 1, 0
406000, 1222, 1, 0
407000, 1218, 1, 0
408000, 1220, 1, 0
409000, 1211, 1, 0
410000, 1197, 1, 0
411000, 1216, 1, 0
412000, 1210, 1, 0
413000, 1208, 1, 0
414000, 1208, 1, 0
415000, 1230, 1, 0
416000, 1214, 1, 0
417000, 1206, 1, 0
418000, 1219, 1, 0
419000, 1215, 1, 0
420000, 1223, 1, 0
421000, 1217, 1, 0
422000, 1217, 1, 0
423000, 1209, 1, 0
424000, 1199, 1, 0
425000, 1231, 1, 0
426000, 1211, 1, 0
427000, 1203, 1, 0
428000, 1203, 1, 0
429000, 1228, 1, 0
430000, 1224, 1, 0
431000, 1226, 1, 0
432000, 1219, 1, 0
433000, 1217, 1, 0
434000, 1220, 1, 0
435000, 1226, 1, 0
436000, 1223, 1, 0
437000, 1215, 1, 0
438000, 1221, 1, 0
439000, 1218, 1, 0
440000, 1225, 1, 0
441000, 1229, 1, 0
442000, 1225, 1, 0
443000, 1216, 1, 0
444000, 1211, 1, 0
445000, 1231, 1, 0
446000, 1225, 1, 0
447000, 1227, 1, 0
448000, 1222, 1, 0
449000, 1226, 1, 0
450000, 1217, 1, 0
451000, 1217, 1, 0
452000, 1219, 1, 0
453000, 1215, 1, 0
454000, 1222, 1, 0
455000, 1198, 1, 0
456000, 1220, 1, 0
457000, 1220, 1, 0
458000, 1220, 1, 0
459000, 1222, 1, 0
460000, 1218, 1, 0
461001, 1217, 1, 0
462000, 1226, 1, 0
463000, 1211, 1, 0
464000, 1186, 1, 0
465000, 1221, 1, 0
466000, 1226, 1, 0
467000, 1212, 1, 0
468000, 1223, 1, 0
469001, 1220, 1, 0
470000, 1219, 1, 0
471000, 1204, 1, 0
472000, 1222, 1, 0
473000, 1216, 1, 0
474000, 1204, 1, 0
475000, 1214, 1, 0
476000, 1222, 1, 0
477000, 1221, 1, 0
478000, 1226, 1, 0
479000, 1222, 1, 0
480000, 1226, 1, 0
481000, 1224, 1, 0
482000, 1223, 1, 0
483000, 1219, 1, 0
484000, 1203, 1, 0
485000, 1229, 1, 0
486000, 1226, 1, 0
487000, 1211, 1, 0
488000, 1207, 1, 0
489000, 1214, 1, 0
490000, 1226, 1, 0
491000, 1203, 1, 0
492000, 1223, 1, 0
493000, 1213, 1, 0
494000, 1207, 1, 0
495000, 1225, 1, 0
496000, 1223, 1, 0
497000, 1219, 1, 0
498000, 1214, 1, 0
499001, 1221, 1, 0
500000, 1215, 1, 0
501000, 1219, 1, 0
502000, 1219, 1, 0
503000, 1205, 1, 0
504000, 1195, 1, 0
505000, 1210, 1, 0
506000, 1231, 1, 0
507000, 1224, 1, 0
508000, 1225, 1, 0
509000, 1219, 1, 0
510000, 1228, 1, 0
511000, 1222, 1, 0
512000, 1223, 1, 0
513000, 1223, 1, 0
514000, 1199, 1, 0
515000, 1220, 1, 0
516001, 1219, 1, 0
517000, 1212, 1, 0
518000, 1217, 1, 0
519000, 1223, 1, 0
520000, 1223, 1, 0
521000, 1209, 1, 0
522000, 1222, 1, 0
523000, 1219, 1, 0
524000, 1197, 1, 0
525000, 1221, 1, 0
526000, 1204, 1, 0
527000, 1212, 1, 0
528000, 1220, 1, 0
529000, 1216, 1, 0
530000, 1225, 1, 0
531000, 1213, 1, 0
532000, 1211, 1, 0
533000, 1212, 1, 0
534000, 1211, 1, 0
535000, 1220, 1, 0
536000, 1228, 1, 0
537000, 1211, 1, 0
538000, 1213, 1, 0
539000, 1217, 1, 0
540000, 1221, 1, 0
541000, 1223, 1, 0
542000, 1215, 1, 0
543000, 1189, 1, 0
544000, 1218, 1, 0
545000, 1227, 1, 0
546000, 1224, 1, 0
547000, 1222, 1, 0
548000, 1210, 1, 0
549000, 1215, 1, 0
550000, 1228, 1, 0
551000, 1218, 1, 0
552000, 1219, 1, 0
553000, 1219, 1, 0
554000, 1205, 1, 0
555000, 1211, 1, 0
556000, 1229, 1, 0
557000, 1223, 1, 0
558000, 1216, 1, 0
559000, 1223, 1, 0
560000, 1218, 1, 0
561000, 1224, 1, 0
562000, 1228, 1, 0
563000, 1215, 1, 0
564000, 1198, 1, 0
565000, 1218, 1, 0
566000, 1233, 1, 0
567000, 1211, 1, 0
568000, 1221, 1, 0
569000, 1215, 1, 0
570000, 1202, 1, 0
571000, 1208, 1, 0
572000, 1203, 1, 0
573000, 1215, 1, 0
574000, 1217, 1, 0
575000, 1219, 1, 0
576000, 1224, 1, 0
577000, 1219, 1, 0
578000, 1205, 1, 0
579000, 1222, 1, 0
580000, 1206, 1, 0
581000, 1219, 1, 0
582000, 1208, 1, 0
583000, 1212, 1, 0
584000, 1202, 1, 0
585000, 1205, 1, 0
586000, 1228, 1, 0
587000, 1213, 1, 0
588000, 1222, 1, 0
589000, 1215, 1, 0
590000, 1200, 1, 0
591000, 1226, 1, 0
592000, 1224, 1, 0
593000, 1203, 1, 0
594000, 1196, 1, 0
595000, 1222, 1, 0
596001, 1214, 1, 0
597000, 1154, 1, 0
598000, 1225, 1, 0
599000, 1218, 1, 0
