1138, 4669750, 1, 0
2138, 2705377, 1, 0
3137, 3568802, 1, 0
4137, 2199810, 1, 0
5138, 4847578, 1, 0
6138, 3602615, 1, 0
7137, 4124875, 1, 0
8138, 2383128, 1, 0
9138, 2121616, 1, 0
10138, 2045862, 1, 0
11137, 833350, 1, 0
12138, 1836316, 1, 0
13138, 1571599, 1, 0
14137, 489203, 1, 0
15138, 763613, 1, 0
16137, 1016569, 1, 0
17137, 2177519, 1, 0
18138, 1114882, 1, 0
19139, 2375136, 1, 0
20138, 2393251, 1, 0
21000, 1706688, 1, 0
22001, 1000279, 1, 0
23000, 2393280, 1, 0
24000, 2564736, 1, 0
25000, 1443072, 1, 0
26000, 1625664, 1, 0
27000, 1235904, 1, 0
28000, 1335360, 1, 0
29000, 1529856, 1, 0
30001, 1124763, 1, 0
31000, 544320, 1, 0
32000, 832512, 1, 0
33000, 2548992, 1, 0
34000, 2222208, 1, 0
35000, 1421184, 1, 0
36000, 1484160, 1, 0
37000, 1641984, 1, 0
38000, 933312, 1, 0
39000, 747264, 1, 0
40000, 1174656, 1, 0
41000, 656640, 1, 0
42001, 1462345, 1, 0
43000, 2002560, 1, 0
44000, 1861440, 1, 0
45000, 2656896, 1, 0
46000, 1748544, 1, 0
47000, 1450560, 1, 0
48000, 1860864, 1, 0
49000, 2464128, 1, 0
50000, 1116864, 1, 0
51000, 2682240, 1, 0
52000, 2246016, 1, 0
53000, 1011264, 1, 0
54000, 1529088, 1, 0
55000, 3405504, 1, 0
56000, 2147136, 1, 0
57000, 1802304, 1, 0
58000, 1690368, 1, 0
59001, 2571572, 1, 0
60000, 2463744, 1, 0
