1127, 15580, 1, 0
2127, 11552, 1, 0
3128, 10756, 1, 0
4128, 9095, 1, 0
5127, 11465, 1, 0
6129, 11620, 1, 0
7127, 2732, 1, 0
8128, 3904, 1, 0
9128, 4335, 1, 0
10128, 9430, 1, 0
11000, 7051, 1, 0
12000, 5262, 1, 0
13000, 6473, 1, 0
14000, 5690, 1, 0
15000, 4984, 1, 0
16000, 7040, 1, 0
17000, 10691, 1, 0
18000, 9416, 1, 0
19000, 3913, 1, 0
20000, 4417, 1, 0
21000, 16433, 1, 0
22000, 12728, 1, 0
23000, 4536, 1, 0
24000, 994, 1, 0
25000, 3506, 1, 0
26000, 4173, 1, 0
27000, 5563, 1, 0
28001, 11239, 1, 0
29000, 7591, 1, 0
30000, 4817, 1, 0
31000, 3751, 1, 0
32000, 2849, 1, 0
33001, 4092, 1, 0
34000, 7655, 1, 0
35000, 4425, 1, 0
36000, 4115, 1, 0
37000, 10325, 1, 0
38000, 1697, 1, 0
39000, 4004, 1, 0
40001, 4631, 1, 0
41000, 6708, 1, 0
42000, 2675, 1, 0
43000, 2102, 1, 0
44000, 8333, 1, 0
45000, 10437, 1, 0
46000, 7709, 1, 0
47000, 8424, 1, 0
48000, 11730, 1, 0
49000, 10761, 1, 0
50000, 7437, 1, 0
51000, 15959, 1, 0
52000, 18062, 1, 0
53000, 15850, 1, 0
54000, 12892, 1, 0
55000, 7724, 1, 0
56000, 7989, 1, 0
57000, 13733, 1, 0
58000, 17277, 1, 0
59000, 15137, 1, 0
