1000, 30522, 1, 0
2000, 30478, 1, 0
3000, 30714, 1, 0
4000, 30518, 1, 0
5000, 30444, 1, 0
6000, 30426, 1, 0
7000, 30469, 1, 0
8000, 30608, 1, 0
9000, 30325, 1, 0
10000, 30123, 1, 0
11010, 33501, 1, 0
12000, 32369, 1, 0
13099, 33163, 1, 0
14042, 32727, 1, 0
15079, 32791, 1, 0
16011, 32384, 1, 0
17039, 33282, 1, 0
18006, 32278, 1, 0
19000, 32092, 1, 0
20000, 32211, 1, 0
21000, 32266, 1, 0
22000, 32522, 1, 0
23000, 32526, 1, 0
24000, 32416, 1, 0
25000, 32607, 1, 0
26000, 32644, 1, 0
27009, 32533, 1, 0
28035, 32648, 1, 0
29005, 32403, 1, 0
30015, 32621, 1, 0
31001, 32563, 1, 0
32002, 32112, 1, 0
33012, 32162, 1, 0
34103, 32070, 1, 0
35001, 32545, 1, 0
36000, 32865, 1, 0
37000, 32731, 1, 0
38054, 32803, 1, 0
39000, 33160, 1, 0
40005, 32881, 1, 0
41000, 32791, 1, 0
42031, 32413, 1, 0
43010, 33238, 1, 0
44002, 32375, 1, 0
45010, 31895, 1, 0
46000, 32325, 1, 0
47000, 32695, 1, 0
48129, 33126, 1, 0
49034, 32537, 1, 0
50007, 32515, 1, 0
51006, 32464, 1, 0
52015, 32177, 1, 0
53000, 32166, 1, 0
54061, 32081, 1, 0
55000, 32421, 1, 0
56003, 32464, 1, 0
57000, 32425, 1, 0
58002, 32689, 1, 0
59000, 32446, 1, 0
60010, 32449, 1, 0
