1149, 6116762, 1, 0
2149, 5381681, 1, 0
3148, 5311944, 1, 0
4149, 5371488, 1, 0
5149, 5342913, 1, 0
6148, 5369310, 1, 0
7149, 5319018, 1, 0
8149, 5361462, 1, 0
9148, 5387372, 1, 0
10149, 5138214, 1, 0
11149, 606245, 1, 0
12149, 2344605, 1, 0
13148, 1458062, 1, 0
14148, 2815275, 1, 0
15149, 239958, 1, 0
16149, 1451947, 1, 0
17148, 873365, 1, 0
18148, 2686160, 1, 0
19149, 2950349, 1, 0
20149, 2741639, 1, 0
21148, 2617254, 1, 0
22149, 1356198, 1, 0
23149, 1933702, 1, 0
24148, 4007581, 1, 0
25149, 3568793, 1, 0
26148, 3003930, 1, 0
27148, 2393142, 1, 0
28148, 3269351, 1, 0
29150, 2147394, 1, 0
30149, 1477514, 1, 0
31000, 953472, 1, 0
32000, 1906176, 1, 0
33000, 1343424, 1, 0
34000, 1106880, 1, 0
35000, 1069248, 1, 0
36000, 1433856, 1, 0
37000, 1439424, 1, 0
38000, 1751232, 1, 0
39000, 2318016, 1, 0
40000, 1961280, 1, 0
41000, 729024, 1, 0
42000, 1434624, 1, 0
43000, 970176, 1, 0
44000, 1231104, 1, 0
45000, 912960, 1, 0
46000, 1229184, 1, 0
47000, 1483200, 1, 0
48000, 1941888, 1, 0
49000, 547584, 1, 0
50000, 1569600, 1, 0
51000, 2765952, 1, 0
52000, 3112128, 1, 0
53000, 1476672, 1, 0
54000, 1782720, 1, 0
55000, 1132608, 1, 0
56000, 1092864, 1, 0
57000, 2516736, 1, 0
58000, 1873152, 1, 0
59000, 2476608, 1, 0
60000, 954624, 1, 0
