1000, 28336, 1, 0
2000, 28456, 1, 0
3000, 28249, 1, 0
4000, 28292, 1, 0
5000, 27960, 1, 0
6000, 28451, 1, 0
7000, 28271, 1, 0
8000, 28220, 1, 0
9000, 28504, 1, 0
10000, 28275, 1, 0
11000, 30873, 1, 0
12010, 30970, 1, 0
13000, 30730, 1, 0
14000, 31512, 1, 0
15000, 30687, 1, 0
16000, 30085, 1, 0
17000, 30377, 1, 0
18001, 30306, 1, 0
19000, 30803, 1, 0
20001, 30562, 1, 0
21000, 30565, 1, 0
22103, 30371, 1, 0
23009, 31471, 1, 0
24010, 30538, 1, 0
25000, 30402, 1, 0
26005, 30373, 1, 0
27084, 32026, 1, 0
28017, 30647, 1, 0
29000, 30885, 1, 0
30005, 30747, 1, 0
31036, 30517, 1, 0
32065, 30447, 1, 0
33000, 30827, 1, 0
34005, 30492, 1, 0
35000, 30221, 1, 0
36015, 30152, 1, 0
37049, 30826, 1, 0
38020, 34038, 1, 0
39006, 30464, 1, 0
40049, 30913, 1, 0
41009, 30746, 1, 0
42000, 30629, 1, 0
43045, 30733, 1, 0
44000, 30246, 1, 0
45065, 30096, 1, 0
46005, 30151, 1, 0
47104, 30927, 1, 0
48065, 30047, 1, 0
49000, 30607, 1, 0
50000, 30608, 1, 0
51000, 31007, 1, 0
52000, 31108, 1, 0
53048, 30626, 1, 0
54108, 30649, 1, 0
55003, 30160, 1, 0
56000, 29949, 1, 0
57068, 30235, 1, 0
58000, 30278, 1, 0
59137, 30270, 1, 0
60009, 31127, 1, 0
