1000, 30373, 1, 0
2013, 30607, 1, 0
3000, 31237, 1, 0
4062, 29916, 1, 0
5001, 30399, 1, 0
6003, 30486, 1, 0
7000, 30633, 1, 0
8000, 30076, 1, 0
9000, 30320, 1, 0
10073, 30456, 1, 0
11000, 30399, 1, 0
12000, 30312, 1, 0
13043, 30469, 1, 0
14103, 30691, 1, 0
15000, 30141, 1, 0
16007, 30246, 1, 0
17014, 29958, 1, 0
18000, 30379, 1, 0
19000, 30259, 1, 0
20030, 31118, 1, 0
21011, 29932, 1, 0
22053, 30426, 1, 0
23116, 30330, 1, 0
24028, 30771, 1, 0
25000, 30229, 1, 0
26063, 30621, 1, 0
27032, 30990, 1, 0
28228, 30920, 1, 0
29031, 30201, 1, 0
30002, 30167, 1, 0
31046, 31573, 1, 0
32000, 31694, 1, 0
33000, 31469, 1, 0
34054, 31306, 1, 0
35006, 35720, 1, 0
36000, 32041, 1, 0
37035, 31628, 1, 0
38083, 31805, 1, 0
39010, 31669, 1, 0
40000, 32196, 1, 0
41000, 31416, 1, 0
42000, 31599, 1, 0
43000, 32148, 1, 0
44000, 31821, 1, 0
45000, 31476, 1, 0
46000, 31716, 1, 0
47000, 31902, 1, 0
48000, 31891, 1, 0
49000, 31573, 1, 0
50000, 31831, 1, 0
51000, 29636, 1, 0
52000, 29626, 1, 0
53000, 29913, 1, 0
54000, 29886, 1, 0
55000, 29869, 1, 0
56000, 29957, 1, 0
57000, 29994, 1, 0
58000, 30262, 1, 0
59000, 29752, 1, 0
60000, 30251, 1, 0
