1007, 30133, 1, 0
2044, 29906, 1, 0
3147, 30129, 1, 0
4027, 30268, 1, 0
5057, 29966, 1, 0
6021, 29854, 1, 0
7034, 30059, 1, 0
8013, 31674, 1, 0
9045, 30091, 1, 0
10000, 30400, 1, 0
11011, 30144, 1, 0
12023, 29856, 1, 0
13001, 29890, 1, 0
14000, 29707, 1, 0
15000, 30107, 1, 0
16000, 30769, 1, 0
17029, 30302, 1, 0
18000, 30195, 1, 0
19000, 30287, 1, 0
20009, 30969, 1, 0
21075, 29967, 1, 0
22000, 30140, 1, 0
23001, 30274, 1, 0
24000, 29946, 1, 0
25034, 30065, 1, 0
26157, 30425, 1, 0
27015, 31413, 1, 0
28097, 30366, 1, 0
29000, 30128, 1, 0
30045, 30158, 1, 0
31041, 29834, 1, 0
32035, 29959, 1, 0
33097, 29985, 1, 0
34010, 30129, 1, 0
35044, 30360, 1, 0
36001, 30514, 1, 0
37043, 31075, 1, 0
38233, 30141, 1, 0
39046, 29907, 1, 0
40000, 30108, 1, 0
41076, 31828, 1, 0
42000, 31766, 1, 0
43045, 31398, 1, 0
44000, 31589, 1, 0
45017, 31957, 1, 0
46015, 32148, 1, 0
47000, 32151, 1, 0
48000, 32011, 1, 0
49021, 32156, 1, 0
50000, 31749, 1, 0
51017, 31796, 1, 0
52019, 31889, 1, 0
53001, 31892, 1, 0
54000, 31890, 1, 0
55000, 31966, 1, 0
56000, 31640, 1, 0
57000, 31722, 1, 0
58000, 32093, 1, 0
59013, 31552, 1, 0
60000, 32427, 1, 0
