1014, 32016, 1, 0
2013, 27905, 1, 0
3011, 25295, 1, 0
4005, 28708, 1, 0
5004, 32772, 1, 0
6002, 31799, 1, 0
7015, 25584, 1, 0
8006, 27218, 1, 0
9005, 28312, 1, 0
10003, 28500, 1, 0
11015, 27880, 1, 0
12012, 26962, 1, 0
13010, 26858, 1, 0
14008, 26558, 1, 0
15010, 26656, 1, 0
16000, 28066, 1, 0
17015, 26162, 1, 0
18013, 26213, 1, 0
19012, 33292, 1, 0
20005, 28991, 1, 0
21003, 25999, 1, 0
22002, 26840, 1, 0
23001, 28601, 1, 0
24009, 26445, 1, 0
25007, 28443, 1, 0
26004, 28602, 1, 0
27000, 25877, 1, 0
28012, 26376, 1, 0
29009, 27633, 1, 0
30005, 26920, 1, 0
31004, 25433, 1, 0
32008, 24694, 1, 0
33004, 24726, 1, 0
34000, 25264, 1, 0
35008, 24530, 1, 0
36004, 25569, 1, 0
37000, 26441, 1, 0
38011, 24806, 1, 0
39000, 26759, 1, 0
40011, 27876, 1, 0
41006, 25900, 1, 0
42002, 25664, 1, 0
43009, 24432, 1, 0
44005, 25932, 1, 0
45001, 25301, 1, 0
46010, 25948, 1, 0
47005, 25418, 1, 0
48001, 25048, 1, 0
49013, 28396, 1, 0
50008, 26174, 1, 0
51000, 24285, 1, 0
52012, 24879, 1, 0
53008, 27695, 1, 0
54010, 27374, 1, 0
55011, 25304, 1, 0
56008, 26015, 1, 0
57004, 24551, 1, 0
58010, 24841, 1, 0
59007, 27677, 1, 0
60003, 27041, 1, 0
61000, 25252, 1, 0
62007, 25911, 1, 0
63003, 26066, 1, 0
64015, 26508, 1, 0
65011, 24521, 1, 0
66001, 25603, 1, 0
67015, 25062, 1, 0
68011, 24322, 1, 0
69007, 27762, 1, 0
70013, 28474, 1, 0
71007, 25294, 1, 0
72001, 25673, 1, 0
73012, 25734, 1, 0
74002, 26404, 1, 0
75014, 24429, 1, 0
76010, 25567, 1, 0
77005, 24640, 1, 0
78013, 25661, 1, 0
79010, 28733, 1, 0
80006, 26071, 1, 0
81009, 24598, 1, 0
82009, 24604, 1, 0
83005, 24844, 1, 0
84001, 25836, 1, 0
85003, 24702, 1, 0
86005, 26609, 1, 0
87001, 24625, 1, 0
88013, 25327, 1, 0
89010, 28901, 1, 0
90014, 26409, 1, 0
91009, 24758, 1, 0
92003, 25529, 1, 0
93003, 24866, 1, 0
94002, 27597, 1, 0
95013, 25027, 1, 0
96009, 25655, 1, 0
97002, 25194, 1, 0
98012, 25301, 1, 0
99008, 27747, 1, 0
100004, 26334, 1, 0
101012, 25249, 1, 0
102008, 26453, 1, 0
103004, 24845, 1, 0
104000, 26415, 1, 0
105007, 24943, 1, 0
106003, 25868, 1, 0
107015, 24668, 1, 0
108011, 24219, 1, 0
109001, 29001, 1, 0
110011, 29889, 1, 0
111006, 26357, 1, 0
112011, 27729, 1, 0
113010, 27942, 1, 0
114008, 27227, 1, 0
115006, 25541, 1, 0
116003, 27704, 1, 0
117011, 25306, 1, 0
118007, 26178, 1, 0
119003, 27655, 1, 0
120005, 26593, 1, 0
