1001, 120839, 1, 0
2000, 119552, 1, 0
3000, 121344, 1, 0
4000, 120064, 1, 0
5000, 120320, 1, 0
6000, 121216, 1, 0
7000, 118144, 1, 0
8000, 121984, 1, 0
9000, 122752, 1, 0
10000, 123392, 1, 0
11000, 118400, 1, 0
12000, 118016, 1, 0
13001, 118153, 1, 0
14000, 118144, 1, 0
15000, 120448, 1, 0
16000, 122752, 1, 0
17000, 117632, 1, 0
18000, 118528, 1, 0
19000, 118656, 1, 0
20000, 120320, 1, 0
21000, 118528, 1, 0
22000, 117888, 1, 0
23000, 120448, 1, 0
24000, 119424, 1, 0
25000, 121344, 1, 0
26000, 124416, 1, 0
27000, 61056, 1, 0
28000, 43648, 1, 0
29000, 45056, 1, 0
30000, 36864, 1, 0
31000, 49152, 1, 0
32000, 32768, 1, 0
33000, 49152, 1, 0
34000, 38656, 1, 0
35000, 43264, 1, 0
36000, 46336, 1, 0
37000, 35584, 1, 0
38000, 49152, 1, 0
39000, 33280, 1, 0
40000, 48640, 1, 0
41000, 40320, 1, 0
42000, 41600, 1, 0
43000, 47616, 1, 0
44001, 34269, 1, 0
45000, 49152, 1, 0
46000, 34176, 1, 0
47000, 47744, 1, 0
48000, 41472, 1, 0
49000, 40448, 1, 0
50000, 47872, 1, 0
51000, 34048, 1, 0
52000, 49152, 1, 0
53000, 34048, 1, 0
54000, 47872, 1, 0
55000, 41600, 1, 0
56000, 40320, 1, 0
57000, 48512, 1, 0
58000, 33408, 1, 0
59000, 49152, 1, 0
60000, 35456, 1, 0
61000, 46464, 1, 0
62001, 42709, 1, 0
63000, 39168, 1, 0
64000, 49152, 1, 0
65000, 32768, 1, 0
66001, 49102, 1, 0
67000, 36992, 1, 0
68000, 44928, 1, 0
69000, 43264, 1, 0
70000, 38656, 1, 0
71001, 49102, 1, 0
72000, 32768, 1, 0
73000, 49152, 1, 0
74000, 36736, 1, 0
75000, 45184, 1, 0
76001, 43604, 1, 0
77000, 38272, 1, 0
78000, 49152, 1, 0
79000, 32768, 1, 0
80000, 49152, 1, 0
81000, 36736, 1, 0
82000, 45184, 1, 0
83000, 44160, 1, 0
84000, 37760, 1, 0
85000, 49152, 1, 0
86000, 32768, 1, 0
87000, 49152, 1, 0
88000, 37120, 1, 0
89000, 44800, 1, 0
90000, 43776, 1, 0
91000, 38144, 1, 0
92000, 49152, 1, 0
93000, 32768, 1, 0
94000, 49152, 1, 0
95000, 36736, 1, 0
96000, 45184, 1, 0
97000, 43904, 1, 0
98000, 38016, 1, 0
99000, 49152, 1, 0
100000, 32768, 1, 0
