1000, 1063477, 1, 0
2000, 1062853, 1, 0
3000, 1061053, 1, 0
4000, 1062471, 1, 0
5000, 1055557, 1, 0
6000, 1072446, 1, 0
7107, 1609484, 1, 0
8000, 10263164, 1, 0
9157, 8154703, 1, 0
10037, 9147462, 1, 0
11207, 9156853, 1, 0
12085, 9109656, 1, 0
13256, 9172380, 1, 0
14132, 9122177, 1, 0
15012, 9166674, 1, 0
16181, 9130207, 1, 0
17060, 9145239, 1, 0
18230, 9149139, 1, 0
19107, 9104463, 1, 0
20000, 10099051, 1, 0
21152, 8252643, 1, 0
22032, 9163667, 1, 0
23201, 9131332, 1, 0
24080, 9138727, 1, 0
25250, 9156789, 1, 0
26127, 9108353, 1, 0
27006, 9174122, 1, 0
28173, 9118809, 1, 0
29053, 9168079, 1, 0
30222, 9130754, 1, 0
31101, 9142851, 1, 0
32000, 9690783, 1, 0
33149, 8576472, 1, 0
34028, 9169634, 1, 0
35194, 9119608, 1, 0
36075, 9165623, 1, 0
37243, 9131423, 1, 0
38123, 9143445, 1, 0
39001, 9157951, 1, 0
40170, 9111842, 1, 0
41049, 9176218, 1, 0
42215, 9119078, 1, 0
43096, 9167115, 1, 0
44000, 9083994, 1, 0
45144, 9193677, 1, 0
46021, 9156015, 1, 0
47190, 9114417, 1, 0
48069, 9175115, 1, 0
49236, 9120641, 1, 0
50117, 9170597, 1, 0
51000, 10755928, 1, 0
52164, 7824342, 1, 0
53043, 9169031, 1, 0
54213, 9117412, 1, 0
55091, 9169258, 1, 0
56000, 8692208, 1, 0
57138, 9720415, 1, 0
58016, 9146821, 1, 0
59187, 9130292, 1, 0
60064, 9153724, 1, 0
61234, 9119187, 1, 0
62112, 9171108, 1, 0
63000, 10322985, 1, 0
64157, 8082597, 1, 0
65035, 9141164, 1, 0
66204, 9131876, 1, 0
67081, 9138860, 1, 0
68251, 9134279, 1, 0
69128, 9132094, 1, 0
70003, 9122962, 1, 0
71172, 9131252, 1, 0
72050, 9136696, 1, 0
73219, 9131971, 1, 0
74095, 9132190, 1, 0
75000, 9089003, 1, 0
76142, 9187596, 1, 0
77018, 9123930, 1, 0
78187, 9134577, 1, 0
79064, 9131942, 1, 0
80233, 9131310, 1, 0
81110, 9140997, 1, 0
82000, 10238500, 1, 0
83158, 8155380, 1, 0
84034, 9127597, 1, 0
85204, 9139235, 1, 0
86082, 9145342, 1, 0
87251, 9134242, 1, 0
88128, 9139537, 1, 0
89007, 9143647, 1, 0
90177, 9137669, 1, 0
91053, 9131890, 1, 0
92223, 9138460, 1, 0
93101, 9140128, 1, 0
94000, 9433984, 1, 0
95146, 8816077, 1, 0
96024, 9135835, 1, 0
97193, 9129129, 1, 0
98069, 9121960, 1, 0
99238, 9132057, 1, 0
100115, 9131347, 1, 0
100117, 261208262, 1, 0
