1000, 1054338, 1, 0
2000, 1053938, 1, 0
3000, 1051853, 1, 0
4000, 1053296, 1, 0
5000, 1045111, 1, 0
6000, 1063166, 1, 0
7107, 1598093, 1, 0
8000, 10250299, 1, 0
9157, 8143015, 1, 0
10037, 9133799, 1, 0
11207, 9143792, 1, 0
12085, 9097420, 1, 0
13256, 9160098, 1, 0
14132, 9110011, 1, 0
15012, 9154185, 1, 0
16181, 9116414, 1, 0
17060, 9132409, 1, 0
18230, 9136673, 1, 0
19107, 9092805, 1, 0
20000, 10086236, 1, 0
21152, 8240263, 1, 0
22032, 9151119, 1, 0
23201, 9118123, 1, 0
24080, 9126436, 1, 0
25250, 9143643, 1, 0
26127, 9092488, 1, 0
27006, 9157539, 1, 0
28173, 9106497, 1, 0
29053, 9154283, 1, 0
30222, 9118161, 1, 0
31101, 9129482, 1, 0
32000, 9678397, 1, 0
33149, 8563750, 1, 0
34028, 9157298, 1, 0
35194, 9107272, 1, 0
36075, 9152947, 1, 0
37243, 9118563, 1, 0
38123, 9129476, 1, 0
39001, 9144514, 1, 0
40170, 9099578, 1, 0
41049, 9163731, 1, 0
42215, 9105887, 1, 0
43096, 9154178, 1, 0
44000, 9071392, 1, 0
45144, 9180709, 1, 0
46021, 9141449, 1, 0
47190, 9098956, 1, 0
48069, 9162324, 1, 0
49236, 9107920, 1, 0
50117, 9158536, 1, 0
51000, 10742353, 1, 0
52164, 7812396, 1, 0
53043, 9156522, 1, 0
54213, 9103364, 1, 0
55091, 9156660, 1, 0
56000, 8678915, 1, 0
57138, 9707453, 1, 0
58016, 9135248, 1, 0
59187, 9118163, 1, 0
60064, 9141603, 1, 0
61234, 9106655, 1, 0
62112, 9157891, 1, 0
63000, 10310673, 1, 0
64157, 8069585, 1, 0
65035, 9129789, 1, 0
66204, 9117554, 1, 0
67081, 9126712, 1, 0
68251, 9120212, 1, 0
69128, 9119462, 1, 0
70003, 9111046, 1, 0
71172, 9117330, 1, 0
72050, 9120843, 1, 0
73219, 9119251, 1, 0
74095, 9118862, 1, 0
75000, 9072950, 1, 0
76142, 9172446, 1, 0
77018, 9110972, 1, 0
78187, 9120232, 1, 0
79064, 9119023, 1, 0
80233, 9117936, 1, 0
81110, 9125974, 1, 0
82000, 10226638, 1, 0
83158, 8142693, 1, 0
84034, 9115386, 1, 0
85204, 9127232, 1, 0
86082, 9131874, 1, 0
87251, 9122379, 1, 0
88128, 9126435, 1, 0
89007, 9129698, 1, 0
90177, 9125054, 1, 0
91053, 9118454, 1, 0
92223, 9125815, 1, 0
93101, 9127122, 1, 0
94000, 9421095, 1, 0
95146, 8802571, 1, 0
96024, 9122505, 1, 0
97193, 9116690, 1, 0
98069, 9108731, 1, 0
99238, 9119123, 1, 0
100115, 9118046, 1, 0
100117, 261189945, 1, 0
