1000, 3756, 1, 0
2000, 3764, 1, 0
3000, 3768, 1, 0
4000, 3760, 1, 0
5000, 3789, 1, 0
6000, 3724, 1, 0
7000, 2271, 1, 0
8000, 427, 1, 0
9000, 469, 1, 0
10000, 384, 1, 0
11000, 512, 1, 0
12000, 384, 1, 0
13000, 512, 1, 0
14000, 384, 1, 0
15000, 384, 1, 0
16000, 512, 1, 0
17000, 384, 1, 0
18000, 512, 1, 0
19000, 384, 1, 0
20000, 435, 1, 0
21000, 461, 1, 0
22000, 384, 1, 0
23000, 512, 1, 0
24000, 384, 1, 0
25000, 512, 1, 0
26000, 384, 1, 0
27000, 384, 1, 0
28000, 512, 1, 0
29000, 384, 1, 0
30000, 512, 1, 0
31000, 384, 1, 0
32000, 455, 1, 0
33000, 441, 1, 0
34000, 384, 1, 0
35000, 512, 1, 0
36000, 384, 1, 0
37000, 512, 1, 0
38000, 384, 1, 0
39000, 384, 1, 0
40000, 512, 1, 0
41000, 384, 1, 0
42000, 512, 1, 0
43000, 384, 1, 0
44000, 487, 1, 0
45000, 409, 1, 0
46000, 384, 1, 0
47000, 512, 1, 0
48000, 384, 1, 0
49000, 512, 1, 0
50000, 384, 1, 0
51000, 403, 1, 0
52001, 492, 1, 0
53000, 384, 1, 0
54000, 512, 1, 0
55000, 384, 1, 0
56000, 511, 1, 0
57000, 385, 1, 0
58000, 384, 1, 0
59000, 512, 1, 0
60000, 384, 1, 0
61000, 512, 1, 0
62000, 384, 1, 0
63000, 419, 1, 0
64000, 477, 1, 0
65000, 384, 1, 0
66000, 512, 1, 0
67000, 384, 1, 0
68000, 512, 1, 0
69000, 384, 1, 0
70000, 384, 1, 0
71000, 512, 1, 0
72000, 384, 1, 0
73000, 512, 1, 0
74000, 384, 1, 0
75000, 487, 1, 0
76000, 409, 1, 0
77000, 384, 1, 0
78000, 512, 1, 0
79000, 384, 1, 0
80000, 512, 1, 0
81000, 384, 1, 0
82000, 427, 1, 0
83000, 469, 1, 0
84000, 384, 1, 0
85000, 512, 1, 0
86000, 384, 1, 0
87000, 512, 1, 0
88000, 384, 1, 0
89000, 384, 1, 0
90000, 512, 1, 0
91000, 384, 1, 0
92000, 512, 1, 0
93000, 384, 1, 0
94000, 467, 1, 0
95000, 429, 1, 0
96000, 384, 1, 0
97000, 512, 1, 0
98000, 384, 1, 0
99000, 512, 1, 0
100000, 384, 1, 0
