1000, 62, 1, 0
2000, 80, 1, 0
3000, 62, 1, 0
4001, 62, 1, 0
5000, 62, 1, 0
6000, 80, 1, 0
7000, 63, 1, 0
8000, 62, 1, 0
9000, 64, 1, 0
10000, 79, 1, 0
11000, 62, 1, 0
12000, 63, 1, 0
13000, 67, 1, 0
14000, 75, 1, 0
15000, 63, 1, 0
16000, 62, 1, 0
17000, 76, 1, 0
18000, 66, 1, 0
19000, 63, 1, 0
20000, 62, 1, 0
21000, 80, 1, 0
22000, 63, 1, 0
23000, 62, 1, 0
24000, 63, 1, 0
25000, 80, 1, 0
26000, 62, 1, 0
27000, 63, 1, 0
28000, 63, 1, 0
29000, 79, 1, 0
30000, 63, 1, 0
31000, 62, 1, 0
32000, 65, 1, 0
33007, 77, 1, 0
34010, 62, 1, 0
35000, 61, 1, 0
36000, 71, 1, 0
37000, 71, 1, 0
38000, 62, 1, 0
39000, 63, 1, 0
40000, 79, 1, 0
41000, 63, 1, 0
42000, 62, 1, 0
43000, 63, 1, 0
44000, 79, 1, 0
45000, 63, 1, 0
46000, 62, 1, 0
47000, 63, 1, 0
48000, 79, 1, 0
49000, 63, 1, 0
50000, 62, 1, 0
51000, 64, 1, 0
52000, 78, 1, 0
53000, 62, 1, 0
54000, 62, 1, 0
55000, 67, 1, 0
56000, 76, 1, 0
57001, 61, 1, 0
58000, 62, 1, 0
59000, 73, 1, 0
60000, 69, 1, 0
61000, 63, 1, 0
62000, 63, 1, 0
63000, 79, 1, 0
64000, 63, 1, 0
65000, 62, 1, 0
66000, 63, 1, 0
67000, 78, 1, 0
68000, 63, 1, 0
69000, 62, 1, 0
70000, 63, 1, 0
71001, 79, 1, 0
72000, 62, 1, 0
73000, 63, 1, 0
74000, 64, 1, 0
75000, 78, 1, 0
76000, 63, 1, 0
77000, 62, 1, 0
78000, 68, 1, 0
79001, 74, 1, 0
80000, 62, 1, 0
81000, 63, 1, 0
82000, 76, 1, 0
83000, 66, 1, 0
84000, 62, 1, 0
85000, 63, 1, 0
86001, 79, 1, 0
87000, 62, 1, 0
88000, 63, 1, 0
89000, 62, 1, 0
90000, 77, 1, 0
91000, 62, 1, 0
92000, 63, 1, 0
93000, 63, 1, 0
94000, 76, 1, 0
95000, 62, 1, 0
96000, 63, 1, 0
97000, 64, 1, 0
98000, 75, 1, 0
99000, 63, 1, 0
100000, 62, 1, 0
