1008, 26058, 1, 0
2011, 26613, 1, 0
3003, 26600, 1, 0
4011, 29097, 1, 0
5000, 28792, 1, 0
6005, 27306, 1, 0
7013, 27643, 1, 0
8005, 27803, 1, 0
9006, 31151, 1, 0
10014, 25690, 1, 0
11006, 26680, 1, 0
12014, 27516, 1, 0
13009, 27693, 1, 0
14008, 27035, 1, 0
15000, 29530, 1, 0
16008, 30583, 1, 0
17006, 29772, 1, 0
18002, 31195, 1, 0
19010, 38714, 1, 0
20002, 60179, 1, 0
21004, 60362, 1, 0
22012, 60905, 1, 0
23004, 58943, 1, 0
24012, 53239, 1, 0
25014, 45054, 1, 0
26006, 35672, 1, 0
27014, 38072, 1, 0
28012, 34895, 1, 0
29008, 41546, 1, 0
30000, 51668, 1, 0
31008, 75978, 1, 0
32004, 82234, 1, 0
33002, 78404, 1, 0
34010, 75751, 1, 0
35002, 76229, 1, 0
36008, 78175, 1, 0
37010, 73589, 1, 0
38002, 74400, 1, 0
39010, 73476, 1, 0
40007, 74019, 1, 0
41030, 82405, 1, 0
42003, 95259, 1, 0
43019, 93773, 1, 0
44000, 73670, 1, 0
45008, 71945, 1, 0
46000, 71573, 1, 0
47007, 71968, 1, 0
48008, 70902, 1, 0
49000, 72166, 1, 0
50008, 74595, 1, 0
51000, 71061, 1, 0
52017, 72322, 1, 0
53005, 73972, 1, 0
54000, 73594, 1, 0
55013, 73617, 1, 0
56013, 71774, 1, 0
57003, 74588, 1, 0
58003, 82078, 1, 0
59004, 71573, 1, 0
60008, 76582, 1, 0
61008, 77438, 1, 0
62000, 76891, 1, 0
63006, 77508, 1, 0
64015, 79222, 1, 0
65008, 77907, 1, 0
66015, 76796, 1, 0
67001, 74140, 1, 0
68009, 64102, 1, 0
69001, 51976, 1, 0
70006, 52152, 1, 0
71011, 47780, 1, 0
72003, 40315, 1, 0
73011, 46609, 1, 0
74010, 46878, 1, 0
75005, 37166, 1, 0
76013, 31571, 1, 0
77005, 30069, 1, 0
78010, 33813, 1, 0
79015, 32701, 1, 0
80007, 31738, 1, 0
81015, 29966, 1, 0
82003, 29502, 1, 0
83009, 26974, 1, 0
84001, 30970, 1, 0
85009, 26905, 1, 0
86011, 28589, 1, 0
87003, 29837, 1, 0
88011, 29274, 1, 0
89003, 30581, 1, 0
90009, 26191, 1, 0
91001, 27890, 1, 0
92009, 29713, 1, 0
93012, 26993, 1, 0
94008, 26724, 1, 0
95000, 29684, 1, 0
96008, 30341, 1, 0
97011, 28201, 1, 0
98007, 26184, 1, 0
99015, 30624, 1, 0
100055, 28686, 1, 0
