1000, 31744, 1, 0
2000, 40960, 1, 0
3000, 31744, 1, 0
4001, 32223, 1, 0
5000, 31744, 1, 0
6000, 40960, 1, 0
7000, 32256, 1, 0
8000, 31744, 1, 0
9000, 32768, 1, 0
10000, 40448, 1, 0
11000, 31744, 1, 0
12000, 32256, 1, 0
13000, 34304, 1, 0
14000, 38400, 1, 0
15000, 32256, 1, 0
16000, 31744, 1, 0
17000, 38912, 1, 0
18000, 33792, 1, 0
19000, 32256, 1, 0
20000, 31744, 1, 0
21000, 40960, 1, 0
22000, 32256, 1, 0
23000, 31744, 1, 0
24000, 32256, 1, 0
25000, 40960, 1, 0
26000, 31744, 1, 0
27000, 32256, 1, 0
28000, 32256, 1, 0
29000, 40448, 1, 0
30000, 32256, 1, 0
31000, 31744, 1, 0
32000, 33280, 1, 0
33007, 39658, 1, 0
34010, 31936, 1, 0
35000, 31232, 1, 0
36000, 36352, 1, 0
37000, 36352, 1, 0
38000, 31744, 1, 0
39000, 32256, 1, 0
40000, 40448, 1, 0
41000, 32256, 1, 0
42000, 31744, 1, 0
43000, 32256, 1, 0
44000, 40448, 1, 0
45000, 32256, 1, 0
46000, 31744, 1, 0
47000, 32256, 1, 0
48000, 40448, 1, 0
49000, 32256, 1, 0
50000, 31744, 1, 0
51000, 32768, 1, 0
52000, 39936, 1, 0
53000, 31744, 1, 0
54000, 31744, 1, 0
55000, 34304, 1, 0
56000, 38912, 1, 0
57001, 31712, 1, 0
58000, 31744, 1, 0
59000, 37376, 1, 0
60000, 35328, 1, 0
61000, 32256, 1, 0
62000, 32256, 1, 0
63000, 40448, 1, 0
64000, 32256, 1, 0
65000, 31744, 1, 0
66000, 32256, 1, 0
67000, 39936, 1, 0
68000, 32256, 1, 0
69000, 31744, 1, 0
70000, 32256, 1, 0
71001, 40919, 1, 0
72000, 31744, 1, 0
73000, 32256, 1, 0
74000, 32768, 1, 0
75000, 39936, 1, 0
76000, 32256, 1, 0
77000, 31744, 1, 0
78000, 34816, 1, 0
79001, 38361, 1, 0
80000, 31744, 1, 0
81000, 32256, 1, 0
82000, 38912, 1, 0
83000, 33792, 1, 0
84000, 31744, 1, 0
85000, 32256, 1, 0
86001, 40919, 1, 0
87000, 31744, 1, 0
88000, 32256, 1, 0
89000, 31744, 1, 0
90000, 39424, 1, 0
91000, 31744, 1, 0
92000, 32256, 1, 0
93000, 32256, 1, 0
94000, 38912, 1, 0
95000, 31744, 1, 0
96000, 32256, 1, 0
97000, 32768, 1, 0
98000, 38400, 1, 0
99000, 32256, 1, 0
100000, 31744, 1, 0
