1008, 62508534, 1, 0
2011, 50126814, 1, 0
3003, 63999120, 1, 0
4011, 63998016, 1, 0
5000, 63903342, 1, 0
6005, 50160582, 1, 0
7013, 63998295, 1, 0
8005, 63998368, 1, 0
9006, 62803064, 1, 0
10014, 50881494, 1, 0
11006, 63998597, 1, 0
12014, 63997692, 1, 0
13009, 59774814, 1, 0
14008, 52935297, 1, 0
15000, 63997946, 1, 0
16008, 63998229, 1, 0
17006, 53235268, 1, 0
18002, 59533117, 1, 0
19010, 63996937, 1, 0
20002, 63995548, 1, 0
21004, 50085554, 1, 0
22012, 63993034, 1, 0
23004, 63993970, 1, 0
24012, 63997055, 1, 0
25014, 50088716, 1, 0
26006, 63997891, 1, 0
27014, 63996939, 1, 0
28011, 63478208, 1, 0
29008, 50326549, 1, 0
30000, 63998584, 1, 0
31008, 63991437, 1, 0
32004, 61619162, 1, 0
33002, 51550246, 1, 0
34010, 64012799, 1, 0
35002, 64190681, 1, 0
36008, 57020474, 1, 0
37010, 55903654, 1, 0
38002, 63991431, 1, 0
39010, 64293352, 1, 0
40007, 50540970, 1, 0
41030, 63798576, 1, 0
42003, 63545931, 1, 0
43019, 64234101, 1, 0
44000, 49967080, 1, 0
45008, 63883987, 1, 0
46000, 63990944, 1, 0
47007, 63931402, 1, 0
48007, 50628862, 1, 0
49023, 64379976, 1, 0
50008, 63598064, 1, 0
51000, 63272768, 1, 0
52017, 51259519, 1, 0
53005, 63761881, 1, 0
54000, 64093566, 1, 0
55013, 60775769, 1, 0
56013, 52322336, 1, 0
57003, 64229657, 1, 0
58003, 63956450, 1, 0
59004, 55928009, 1, 0
60008, 56951744, 1, 0
61008, 64071696, 1, 0
62000, 63782093, 1, 0
63006, 50433878, 1, 0
64015, 63850116, 1, 0
65008, 64151131, 1, 0
66014, 63841376, 1, 0
67001, 50581407, 1, 0
68009, 63996294, 1, 0
69001, 63991179, 1, 0
70006, 63871182, 1, 0
71011, 50181886, 1, 0
72003, 63998321, 1, 0
73011, 63998102, 1, 0
74010, 62645324, 1, 0
75005, 50836831, 1, 0
76013, 63997404, 1, 0
77005, 64000255, 1, 0
78010, 59573035, 1, 0
79015, 53171562, 1, 0
80007, 63997979, 1, 0
81015, 63998746, 1, 0
82003, 52749754, 1, 0
83009, 60096405, 1, 0
84001, 63998146, 1, 0
85009, 63997907, 1, 0
86010, 50091918, 1, 0
87002, 63997433, 1, 0
88010, 63998880, 1, 0
89002, 63997483, 1, 0
90009, 48520398, 1, 0
91001, 63999292, 1, 0
92009, 63996878, 1, 0
93012, 63776554, 1, 0
94008, 48540581, 1, 0
95000, 63996958, 1, 0
96008, 63998105, 1, 0
97011, 62855595, 1, 0
98007, 49124587, 1, 0
99015, 63996169, 1, 0
100007, 63997636, 1, 0
100055, 79999250, 1, 0
