1000, 1974500, 1, 0
2000, 1975023, 1, 0
3000, 1975158, 1, 0
4000, 1970385, 1, 0
5000, 1970356, 1, 0
6000, 1971681, 1, 0
7000, 1971539, 1, 0
8000, 1972011, 1, 0
9000, 1971576, 1, 0
10000, 1971890, 1, 0
11000, 1971512, 1, 0
12000, 1970760, 1, 0
13000, 1971239, 1, 0
14000, 1972219, 1, 0
15000, 1974875, 1, 0
16001, 1971021, 1, 0
17000, 1972206, 1, 0
18000, 1970798, 1, 0
19000, 1971589, 1, 0
20000, 1970651, 1, 0
21000, 1971468, 1, 0
22000, 1971275, 1, 0
23000, 1971860, 1, 0
24000, 1971788, 1, 0
25000, 1972289, 1, 0
26000, 1971946, 1, 0
27000, 1971810, 1, 0
28000, 1972740, 1, 0
29000, 1971327, 1, 0
30000, 1971620, 1, 0
31000, 1971821, 1, 0
32000, 1972035, 1, 0
33000, 1971191, 1, 0
34000, 1971733, 1, 0
35000, 1971460, 1, 0
36000, 1971684, 1, 0
37000, 1971908, 1, 0
38000, 1971379, 1, 0
39000, 1971244, 1, 0
40000, 1971120, 1, 0
41000, 1971324, 1, 0
42000, 1971360, 1, 0
43000, 1971351, 1, 0
44000, 1971184, 1, 0
45000, 1970897, 1, 0
46000, 1971060, 1, 0
47000, 1971467, 1, 0
48000, 1971534, 1, 0
49000, 1971978, 1, 0
50000, 1970904, 1, 0
51000, 1971303, 1, 0
52000, 1971164, 1, 0
53000, 1971114, 1, 0
54000, 1971286, 1, 0
55000, 1973011, 1, 0
56000, 1970444, 1, 0
57000, 1969359, 1, 0
58000, 1971501, 1, 0
59000, 1970543, 1, 0
60000, 1971326, 1, 0
61000, 1972518, 1, 0
62000, 1971739, 1, 0
63002, 1972199, 1, 0
64000, 1972281, 1, 0
65000, 1970481, 1, 0
66000, 1970352, 1, 0
67000, 1971542, 1, 0
68000, 1971978, 1, 0
69000, 1972794, 1, 0
70000, 1971514, 1, 0
71000, 1970911, 1, 0
72000, 1972090, 1, 0
73000, 1971823, 1, 0
74000, 1971644, 1, 0
75000, 1971773, 1, 0
76000, 1971216, 1, 0
77000, 1971851, 1, 0
78000, 1972135, 1, 0
79000, 1971447, 1, 0
80000, 1971012, 1, 0
81000, 1971890, 1, 0
82000, 1971617, 1, 0
83000, 1971904, 1, 0
84000, 1971741, 1, 0
85000, 1970726, 1, 0
86000, 1970850, 1, 0
87000, 1984278, 1, 0
88000, 1970868, 1, 0
89000, 1971754, 1, 0
90000, 1970581, 1, 0
91000, 1971146, 1, 0
92000, 1970405, 1, 0
93000, 1972272, 1, 0
94000, 1971176, 1, 0
95000, 1970835, 1, 0
96000, 1971666, 1, 0
97000, 1971692, 1, 0
98000, 1971748, 1, 0
99000, 1971265, 1, 0
100000, 1972429, 1, 0
100001, 2485595, 1, 0
