1003, 38184, 1, 0
2004, 38247, 1, 0
3004, 37641, 1, 0
4000, 37799, 1, 0
5003, 37664, 1, 0
6003, 37471, 1, 0
7003, 36701, 1, 0
8002, 36415, 1, 0
9001, 37103, 1, 0
10002, 36602, 1, 0
11004, 36190, 1, 0
12000, 37443, 1, 0
13002, 38295, 1, 0
14005, 39990, 1, 0
15000, 38233, 1, 0
16003, 37339, 1, 0
17004, 37446, 1, 0
18002, 36307, 1, 0
19003, 36916, 1, 0
20004, 39837, 1, 0
21002, 40128, 1, 0
22005, 39273, 1, 0
23000, 37525, 1, 0
24004, 39045, 1, 0
25003, 38754, 1, 0
26002, 39313, 1, 0
27003, 36701, 1, 0
28002, 36857, 1, 0
29001, 36907, 1, 0
30004, 37705, 1, 0
31003, 37109, 1, 0
32000, 37067, 1, 0
33000, 37521, 1, 0
34002, 37649, 1, 0
35003, 38678, 1, 0
36004, 37079, 1, 0
37000, 37674, 1, 0
38003, 37194, 1, 0
39002, 37209, 1, 0
40000, 37740, 1, 0
41001, 39441, 1, 0
42001, 38960, 1, 0
43002, 37400, 1, 0
44000, 38731, 1, 0
45003, 40048, 1, 0
46004, 39101, 1, 0
47001, 40945, 1, 0
48000, 41484, 1, 0
49003, 40827, 1, 0
50002, 38026, 1, 0
51001, 38440, 1, 0
52004, 37873, 1, 0
53000, 38742, 1, 0
54004, 38153, 1, 0
55001, 38489, 1, 0
56001, 37895, 1, 0
57000, 38457, 1, 0
58002, 37162, 1, 0
59002, 37919, 1, 0
60004, 37555, 1, 0
