1000, 1547666, 1, 0
2001, 1541790, 1, 0
3001, 1546105, 1, 0
4001, 1571488, 1, 0
5000, 1581184, 1, 0
6000, 1578326, 1, 0
7001, 1578989, 1, 0
8000, 1561780, 1, 0
9000, 1539602, 1, 0
10000, 1558892, 1, 0
11001, 1530740, 1, 0
12001, 1512186, 1, 0
13000, 1573532, 1, 0
14000, 1578547, 1, 0
15000, 1558762, 1, 0
16000, 1579149, 1, 0
17001, 1546732, 1, 0
18000, 1548285, 1, 0
19001, 1540359, 1, 0
20000, 1554348, 1, 0
21000, 1565778, 1, 0
22001, 1569629, 1, 0
23001, 1547230, 1, 0
24001, 1562487, 1, 0
25000, 1572641, 1, 0
26000, 1581366, 1, 0
27000, 1569677, 1, 0
28000, 1581767, 1, 0
29000, 1573210, 1, 0
30000, 1578799, 1, 0
31001, 1564591, 1, 0
32000, 1554257, 1, 0
33000, 1553857, 1, 0
34001, 1577862, 1, 0
35001, 1572311, 1, 0
36001, 1573890, 1, 0
37000, 1545984, 1, 0
38000, 1553077, 1, 0
39000, 1557878, 1, 0
40000, 1577608, 1, 0
41000, 1568995, 1, 0
42001, 1568861, 1, 0
43000, 1540426, 1, 0
44000, 1545971, 1, 0
45001, 1536199, 1, 0
46001, 1534896, 1, 0
47000, 1555232, 1, 0
48001, 1578703, 1, 0
49000, 1570239, 1, 0
50000, 1552543, 1, 0
51000, 1536829, 1, 0
52001, 1555230, 1, 0
53001, 1571218, 1, 0
54000, 1581901, 1, 0
55000, 1572758, 1, 0
56000, 1556800, 1, 0
57000, 1540948, 1, 0
58000, 1552980, 1, 0
59001, 1572815, 1, 0
60000, 1578661, 1, 0
61001, 1579351, 1, 0
62000, 1572617, 1, 0
63000, 1553670, 1, 0
64000, 1541440, 1, 0
65000, 1549498, 1, 0
66000, 1558708, 1, 0
67001, 1580935, 1, 0
68001, 1573368, 1, 0
69000, 1562847, 1, 0
70001, 1540055, 1, 0
71000, 1574023, 1, 0
72000, 1566908, 1, 0
73000, 1574701, 1, 0
74000, 1571163, 1, 0
75001, 1581378, 1, 0
76000, 1572280, 1, 0
77000, 1546391, 1, 0
78001, 1538047, 1, 0
79000, 1547462, 1, 0
80000, 1539823, 1, 0
81001, 1547078, 1, 0
82000, 1550291, 1, 0
83000, 1527104, 1, 0
84001, 1538838, 1, 0
85000, 1568643, 1, 0
86001, 1532259, 1, 0
87000, 1554144, 1, 0
88001, 1546061, 1, 0
89000, 1564057, 1, 0
90000, 1574407, 1, 0
91001, 1581193, 1, 0
92000, 1575137, 1, 0
93000, 1572460, 1, 0
94000, 1575480, 1, 0
95000, 1583128, 1, 0
96000, 1566265, 1, 0
97000, 1582485, 1, 0
98001, 1575014, 1, 0
99000, 1574580, 1, 0
100001, 1572285, 1, 0
101000, 1581973, 1, 0
102000, 1582473, 1, 0
103000, 1548532, 1, 0
104001, 1579473, 1, 0
105000, 1552095, 1, 0
106000, 1561625, 1, 0
107000, 1546837, 1, 0
108001, 1569403, 1, 0
109001, 1541232, 1, 0
110000, 1548516, 1, 0
111000, 1552815, 1, 0
112001, 1557763, 1, 0
113000, 1540576, 1, 0
114000, 1580873, 1, 0
115000, 1570896, 1, 0
116001, 1571320, 1, 0
117000, 1571950, 1, 0
118001, 1544835, 1, 0
119001, 1541885, 1, 0
120000, 1546936, 1, 0
