1000, 342016, 1, 0
2000, 344064, 1, 0
3000, 340992, 1, 0
4000, 342016, 1, 0
5000, 344064, 1, 0
6000, 338944, 1, 0
7000, 345088, 1, 0
8000, 346112, 1, 0
9000, 344064, 1, 0
10000, 347136, 1, 0
11000, 345088, 1, 0
12000, 346112, 1, 0
13000, 347136, 1, 0
14000, 343040, 1, 0
15000, 347136, 1, 0
16000, 348160, 1, 0
17000, 343040, 1, 0
18000, 348160, 1, 0
19000, 348160, 1, 0
20000, 342016, 1, 0
21000, 347136, 1, 0
22000, 348160, 1, 0
23000, 348160, 1, 0
24001, 349858, 1, 0
25000, 340992, 1, 0
26000, 350208, 1, 0
27000, 350208, 1, 0
28000, 338944, 1, 0
29000, 344064, 1, 0
30000, 344064, 1, 0
31000, 339968, 1, 0
32000, 345088, 1, 0
33000, 342016, 1, 0
34000, 346112, 1, 0
35000, 347136, 1, 0
36000, 339968, 1, 0
37000, 348160, 1, 0
38000, 347136, 1, 0
39000, 342016, 1, 0
40000, 344064, 1, 0
41000, 342016, 1, 0
42000, 342016, 1, 0
43000, 344064, 1, 0
44000, 337920, 1, 0
45000, 346112, 1, 0
46000, 344064, 1, 0
47000, 339968, 1, 0
48000, 343040, 1, 0
49000, 339968, 1, 0
50000, 344064, 1, 0
51000, 344064, 1, 0
52000, 339968, 1, 0
53001, 343720, 1, 0
54000, 339968, 1, 0
55000, 346112, 1, 0
56000, 348160, 1, 0
57000, 343040, 1, 0
58000, 347136, 1, 0
59000, 344064, 1, 0
60000, 338944, 1, 0
61000, 345088, 1, 0
62000, 345088, 1, 0
63000, 345088, 1, 0
64000, 348160, 1, 0
65000, 342016, 1, 0
66000, 348160, 1, 0
67000, 348160, 1, 0
68000, 342016, 1, 0
69000, 348160, 1, 0
70000, 345088, 1, 0
71000, 337920, 1, 0
72000, 345088, 1, 0
73000, 338944, 1, 0
74000, 344064, 1, 0
75000, 344064, 1, 0
76000, 338944, 1, 0
77000, 344064, 1, 0
78000, 340992, 1, 0
79000, 343040, 1, 0
80000, 347136, 1, 0
81000, 343040, 1, 0
82000, 348160, 1, 0
83000, 348160, 1, 0
84000, 343040, 1, 0
85000, 350208, 1, 0
86000, 348160, 1, 0
87000, 344064, 1, 0
88000, 347136, 1, 0
89000, 345088, 1, 0
90000, 345088, 1, 0
91000, 348160, 1, 0
92000, 345088, 1, 0
93000, 346112, 1, 0
94000, 348160, 1, 0
95000, 343040, 1, 0
96001, 343720, 1, 0
97000, 346112, 1, 0
98000, 338944, 1, 0
99000, 344064, 1, 0
100000, 339968, 1, 0
101000, 343040, 1, 0
102000, 347136, 1, 0
103000, 342016, 1, 0
104000, 347136, 1, 0
105000, 345088, 1, 0
106000, 340992, 1, 0
107000, 346112, 1, 0
108000, 344064, 1, 0
109001, 346789, 1, 0
110000, 347136, 1, 0
111001, 342697, 1, 0
112000, 348160, 1, 0
113000, 352256, 1, 0
114000, 346112, 1, 0
115000, 351232, 1, 0
116000, 348160, 1, 0
117000, 343040, 1, 0
118000, 347136, 1, 0
119000, 344064, 1, 0
