1000, 391, 1, 0
2000, 398, 1, 0
3000, 392, 1, 0
4000, 398, 1, 0
5000, 392, 1, 0
6000, 398, 1, 0
7000, 394, 1, 0
8000, 398, 1, 0
9000, 393, 1, 0
10000, 398, 1, 0
11000, 401, 1, 0
12000, 396, 1, 0
13001, 403, 1, 0
14000, 391, 1, 0
15001, 398, 1, 0
16000, 391, 1, 0
17001, 400, 1, 0
18000, 396, 1, 0
19000, 404, 1, 0
20000, 404, 1, 0
21000, 396, 1, 0
22000, 403, 1, 0
23000, 396, 1, 0
24000, 404, 1, 0
25000, 397, 1, 0
26000, 404, 1, 0
27000, 401, 1, 0
28000, 394, 1, 0
29000, 400, 1, 0
30000, 396, 1, 0
31000, 404, 1, 0
32000, 396, 1, 0
33000, 404, 1, 0
34000, 398, 1, 0
35000, 403, 1, 0
36000, 403, 1, 0
37000, 396, 1, 0
38000, 404, 1, 0
39000, 397, 1, 0
40000, 403, 1, 0
41000, 396, 1, 0
42000, 398, 1, 0
43000, 393, 1, 0
44000, 401, 1, 0
45000, 403, 1, 0
46000, 396, 1, 0
47000, 405, 1, 0
48000, 397, 1, 0
49000, 408, 1, 0
50000, 397, 1, 0
51000, 404, 1, 0
52000, 404, 1, 0
53000, 396, 1, 0
54000, 407, 1, 0
55000, 396, 1, 0
56000, 401, 1, 0
57000, 397, 1, 0
58000, 404, 1, 0
59000, 405, 1, 0
60001, 396, 1, 0
61000, 403, 1, 0
62000, 397, 1, 0
63000, 403, 1, 0
64000, 397, 1, 0
65000, 400, 1, 0
66000, 392, 1, 0
67000, 399, 1, 0
68000, 399, 1, 0
69000, 397, 1, 0
70000, 403, 1, 0
71000, 397, 1, 0
72000, 404, 1, 0
73000, 394, 1, 0
74000, 403, 1, 0
75000, 398, 1, 0
76000, 399, 1, 0
77000, 403, 1, 0
78000, 396, 1, 0
79000, 404, 1, 0
80000, 397, 1, 0
81000, 403, 1, 0
82000, 398, 1, 0
83000, 403, 1, 0
84000, 404, 1, 0
85000, 396, 1, 0
86000, 402, 1, 0
87000, 396, 1, 0
88000, 403, 1, 0
89000, 393, 1, 0
90001, 401, 1, 0
91000, 399, 1, 0
92000, 402, 1, 0
93000, 407, 1, 0
94000, 399, 1, 0
95000, 403, 1, 0
96000, 394, 1, 0
97000, 404, 1, 0
98000, 397, 1, 0
99000, 404, 1, 0
100000, 404, 1, 0
101000, 397, 1, 0
102000, 404, 1, 0
103000, 397, 1, 0
104000, 404, 1, 0
105000, 397, 1, 0
106000, 404, 1, 0
107000, 404, 1, 0
108000, 396, 1, 0
109000, 398, 1, 0
110000, 392, 1, 0
111000, 399, 1, 0
112000, 392, 1, 0
113000, 398, 1, 0
114000, 394, 1, 0
115000, 398, 1, 0
116000, 400, 1, 0
117000, 405, 1, 0
118000, 408, 1, 0
119000, 397, 1, 0
