1000, 25399, 1, 0
2000, 25327, 1, 0
3000, 24939, 1, 0
4000, 25752, 1, 0
5000, 24947, 1, 0
6000, 26075, 1, 0
7000, 26625, 1, 0
8000, 25202, 1, 0
9000, 25200, 1, 0
10000, 25881, 1, 0
11000, 25370, 1, 0
12000, 25520, 1, 0
13000, 24813, 1, 0
14000, 25564, 1, 0
15000, 25144, 1, 0
16002, 25384, 1, 0
17000, 25349, 1, 0
18000, 24758, 1, 0
19000, 25165, 1, 0
20000, 25584, 1, 0
21000, 25303, 1, 0
22000, 25128, 1, 0
23000, 24341, 1, 0
24000, 25197, 1, 0
25000, 25301, 1, 0
26000, 24956, 1, 0
27000, 24885, 1, 0
28000, 25193, 1, 0
29000, 25128, 1, 0
30001, 26172, 1, 0
31000, 25086, 1, 0
32000, 25471, 1, 0
33000, 24664, 1, 0
34000, 24531, 1, 0
35001, 25732, 1, 0
36000, 25210, 1, 0
37001, 25550, 1, 0
38000, 25366, 1, 0
39000, 25046, 1, 0
40000, 25016, 1, 0
41000, 25007, 1, 0
42000, 24737, 1, 0
43000, 24775, 1, 0
44000, 25411, 1, 0
45000, 24945, 1, 0
46000, 24693, 1, 0
47000, 25216, 1, 0
48000, 25112, 1, 0
49000, 24741, 1, 0
50000, 25000, 1, 0
51000, 24977, 1, 0
52000, 25523, 1, 0
53000, 24840, 1, 0
54000, 24681, 1, 0
55000, 24923, 1, 0
56000, 24905, 1, 0
57000, 24664, 1, 0
58000, 24970, 1, 0
59000, 25088, 1, 0
60000, 26026, 1, 0
61000, 25215, 1, 0
62000, 25149, 1, 0
63000, 24834, 1, 0
64000, 25407, 1, 0
65000, 25476, 1, 0
66001, 24898, 1, 0
67000, 25533, 1, 0
68000, 25065, 1, 0
69000, 24973, 1, 0
70000, 25114, 1, 0
71000, 25701, 1, 0
72000, 25077, 1, 0
73000, 24912, 1, 0
74000, 24872, 1, 0
75000, 24882, 1, 0
76000, 25247, 1, 0
77000, 25059, 1, 0
78000, 26154, 1, 0
79000, 24926, 1, 0
80000, 24987, 1, 0
81000, 24894, 1, 0
82000, 25524, 1, 0
83000, 25180, 1, 0
84000, 25831, 1, 0
85000, 25332, 1, 0
86000, 25534, 1, 0
87000, 25381, 1, 0
88000, 25045, 1, 0
89000, 24814, 1, 0
90000, 25124, 1, 0
91000, 24839, 1, 0
92000, 25801, 1, 0
93000, 25032, 1, 0
94000, 25661, 1, 0
95000, 25258, 1, 0
96000, 25091, 1, 0
97000, 25602, 1, 0
98000, 25643, 1, 0
99000, 25099, 1, 0
100000, 24898, 1, 0
101000, 25077, 1, 0
102000, 24960, 1, 0
103000, 26485, 1, 0
104000, 25376, 1, 0
105000, 25613, 1, 0
106000, 25034, 1, 0
107000, 25799, 1, 0
108000, 26203, 1, 0
109001, 24592, 1, 0
110000, 24667, 1, 0
111000, 25405, 1, 0
112000, 26500, 1, 0
113000, 25793, 1, 0
114001, 25510, 1, 0
115000, 25018, 1, 0
116000, 24817, 1, 0
117000, 25305, 1, 0
118000, 25404, 1, 0
119000, 24825, 1, 0
120000, 25172, 1, 0
