1001, 2521888, 1, 0
2000, 2470340, 1, 0
3001, 2519043, 1, 0
4000, 2469448, 1, 0
5001, 2521281, 1, 0
6000, 2469420, 1, 0
7000, 2507929, 1, 0
8000, 2468290, 1, 0
9000, 2511185, 1, 0
10000, 2477599, 1, 0
11000, 2455160, 1, 0
12000, 2486953, 1, 0
13000, 2441258, 1, 0
14001, 2518499, 1, 0
15002, 2470411, 1, 0
16001, 2521092, 1, 0
17000, 2458201, 1, 0
18000, 2485692, 1, 0
19001, 2437111, 1, 0
20002, 2439687, 1, 0
21001, 2488500, 1, 0
22001, 2443042, 1, 0
23001, 2492478, 1, 0
24002, 2437082, 1, 0
25002, 2485613, 1, 0
26002, 2436077, 1, 0
27000, 2460619, 1, 0
28000, 2498296, 1, 0
29002, 2459575, 1, 0
30001, 2489700, 1, 0
31002, 2437551, 1, 0
32001, 2486750, 1, 0
33000, 2434965, 1, 0
34000, 2484618, 1, 0
35001, 2438183, 1, 0
36002, 2443428, 1, 0
37001, 2489805, 1, 0
38002, 2438180, 1, 0
39000, 2486211, 1, 0
40000, 2437165, 1, 0
41000, 2498822, 1, 0
42002, 2470017, 1, 0
43001, 2508655, 1, 0
44002, 2454600, 1, 0
45000, 2442115, 1, 0
46001, 2487180, 1, 0
47000, 2433575, 1, 0
48001, 2481273, 1, 0
49000, 2411047, 1, 0
50000, 2485547, 1, 0
51002, 2439417, 1, 0
52002, 2437043, 1, 0
53000, 2485970, 1, 0
54002, 2422928, 1, 0
55000, 2494389, 1, 0
56000, 2447368, 1, 0
57000, 2485585, 1, 0
58001, 2436818, 1, 0
59000, 2440156, 1, 0
60000, 2479433, 1, 0
61000, 2440946, 1, 0
62000, 2486819, 1, 0
63000, 2436018, 1, 0
64001, 2486980, 1, 0
65000, 2463475, 1, 0
66000, 2512206, 1, 0
67000, 2472134, 1, 0
68001, 2467497, 1, 0
69000, 2484680, 1, 0
70000, 2436947, 1, 0
71000, 2486315, 1, 0
72001, 2437732, 1, 0
73002, 2505322, 1, 0
74000, 2443748, 1, 0
75001, 2476474, 1, 0
76002, 2468870, 1, 0
77000, 2442919, 1, 0
78001, 2488732, 1, 0
79002, 2437614, 1, 0
80000, 2486297, 1, 0
81000, 2437196, 1, 0
82000, 2485767, 1, 0
83001, 2438678, 1, 0
84000, 2433842, 1, 0
85000, 2491407, 1, 0
86000, 2452285, 1, 0
87001, 2489827, 1, 0
88002, 2443664, 1, 0
89000, 2511053, 1, 0
90002, 2447534, 1, 0
91001, 2471641, 1, 0
92000, 2450144, 1, 0
93001, 2413791, 1, 0
94000, 2475713, 1, 0
95000, 2442419, 1, 0
96002, 2501959, 1, 0
97000, 2437790, 1, 0
98001, 2482576, 1, 0
99002, 2437802, 1, 0
100002, 2436193, 1, 0
101000, 2485758, 1, 0
102001, 2434757, 1, 0
103001, 2484334, 1, 0
104000, 2437425, 1, 0
105000, 2486116, 1, 0
106000, 2435888, 1, 0
107000, 2436581, 1, 0
108000, 2491514, 1, 0
109001, 2468912, 1, 0
110001, 2517760, 1, 0
111001, 2467441, 1, 0
112002, 2518185, 1, 0
113001, 2470874, 1, 0
114000, 2508308, 1, 0
115001, 2469012, 1, 0
116001, 2465551, 1, 0
117001, 2429006, 1, 0
118000, 2409790, 1, 0
119000, 2485628, 1, 0
120000, 2435681, 1, 0
