1000, 1050996, 1, 0
2000, 1056249, 1, 0
3000, 1036944, 1, 0
4000, 1055636, 1, 0
5000, 1031065, 1, 0
6000, 1025075, 1, 0
7000, 1023887, 1, 0
8000, 1057471, 1, 0
9000, 1068064, 1, 0
10000, 1048432, 1, 0
11000, 1068697, 1, 0
12000, 1069068, 1, 0
13000, 1037911, 1, 0
14000, 1033497, 1, 0
15000, 1036636, 1, 0
16000, 1037970, 1, 0
17000, 1038473, 1, 0
18000, 1067315, 1, 0
19000, 1069737, 1, 0
20000, 1058086, 1, 0
21000, 1043861, 1, 0
22000, 1052773, 1, 0
23000, 1031873, 1, 0
24000, 1034843, 1, 0
25000, 1055148, 1, 0
26000, 1069858, 1, 0
27000, 1046724, 1, 0
28000, 1038261, 1, 0
29000, 1060089, 1, 0
30000, 1060458, 1, 0
31000, 1044754, 1, 0
32000, 1033816, 1, 0
33000, 1031902, 1, 0
34000, 1036832, 1, 0
35000, 1051508, 1, 0
36000, 1035751, 1, 0
37001, 1058829, 1, 0
38000, 1048021, 1, 0
39000, 1037547, 1, 0
40000, 1035363, 1, 0
41000, 1067860, 1, 0
42000, 1052612, 1, 0
43000, 1037203, 1, 0
44000, 1053276, 1, 0
45000, 1052840, 1, 0
46000, 1035359, 1, 0
47000, 1053381, 1, 0
48000, 1045890, 1, 0
49000, 1039224, 1, 0
50000, 1022223, 1, 0
51000, 1008183, 1, 0
52001, 1043242, 1, 0
53000, 1069064, 1, 0
54000, 1043992, 1, 0
55000, 1035973, 1, 0
56000, 1037496, 1, 0
57000, 1037268, 1, 0
58000, 1059745, 1, 0
59000, 1067605, 1, 0
60000, 1057452, 1, 0
61000, 1040448, 1, 0
62000, 1051819, 1, 0
63000, 1071570, 1, 0
64000, 1061549, 1, 0
65000, 1039332, 1, 0
66000, 1062819, 1, 0
67000, 1046545, 1, 0
68000, 1024370, 1, 0
69000, 1034304, 1, 0
70000, 1041744, 1, 0
71000, 1069690, 1, 0
72000, 1063586, 1, 0
73000, 1070834, 1, 0
74000, 1037206, 1, 0
75000, 1038438, 1, 0
76000, 1052211, 1, 0
77000, 1068877, 1, 0
78000, 1068983, 1, 0
79000, 1070326, 1, 0
80000, 1051662, 1, 0
81000, 1036856, 1, 0
82000, 1046989, 1, 0
83000, 1071303, 1, 0
84000, 1063265, 1, 0
85000, 1057196, 1, 0
86000, 1009273, 1, 0
87000, 1010126, 1, 0
88000, 1036189, 1, 0
89000, 1036176, 1, 0
90000, 1043634, 1, 0
91000, 1065923, 1, 0
92000, 1044418, 1, 0
93000, 1068569, 1, 0
94000, 1043350, 1, 0
95000, 1037648, 1, 0
96000, 1029170, 1, 0
97000, 1020213, 1, 0
98000, 1068739, 1, 0
99000, 1064285, 1, 0
100000, 1067419, 1, 0
101000, 1070543, 1, 0
102000, 1050977, 1, 0
103000, 1044060, 1, 0
104000, 1035761, 1, 0
105000, 1048467, 1, 0
106000, 1068474, 1, 0
107000, 1068405, 1, 0
108000, 1045896, 1, 0
109001, 1064472, 1, 0
110000, 1049103, 1, 0
111000, 1034471, 1, 0
112000, 1043433, 1, 0
113000, 1042901, 1, 0
114000, 1039193, 1, 0
115001, 1062247, 1, 0
116000, 1037069, 1, 0
117000, 1059379, 1, 0
118000, 1070147, 1, 0
119000, 1068897, 1, 0
120000, 1064331, 1, 0
