1000, 334, 1, 0
2000, 336, 1, 0
3000, 333, 1, 0
4000, 334, 1, 0
5000, 336, 1, 0
6000, 331, 1, 0
7000, 337, 1, 0
8000, 338, 1, 0
9000, 336, 1, 0
10000, 339, 1, 0
11000, 337, 1, 0
12000, 338, 1, 0
13000, 339, 1, 0
14000, 335, 1, 0
15000, 339, 1, 0
16000, 340, 1, 0
17000, 335, 1, 0
18000, 340, 1, 0
19000, 340, 1, 0
20000, 334, 1, 0
21000, 339, 1, 0
22000, 340, 1, 0
23000, 340, 1, 0
24001, 341, 1, 0
25000, 333, 1, 0
26000, 342, 1, 0
27000, 342, 1, 0
28000, 331, 1, 0
29000, 336, 1, 0
30000, 336, 1, 0
31000, 332, 1, 0
32000, 337, 1, 0
33000, 334, 1, 0
34000, 338, 1, 0
35000, 339, 1, 0
36000, 332, 1, 0
37000, 340, 1, 0
38000, 339, 1, 0
39000, 334, 1, 0
40000, 336, 1, 0
41000, 334, 1, 0
42000, 334, 1, 0
43000, 336, 1, 0
44000, 330, 1, 0
45000, 338, 1, 0
46000, 336, 1, 0
47000, 332, 1, 0
48000, 335, 1, 0
49000, 332, 1, 0
50000, 336, 1, 0
51000, 336, 1, 0
52000, 332, 1, 0
53001, 335, 1, 0
54000, 332, 1, 0
55000, 338, 1, 0
56000, 340, 1, 0
57000, 335, 1, 0
58000, 339, 1, 0
59000, 336, 1, 0
60000, 331, 1, 0
61000, 337, 1, 0
62000, 337, 1, 0
63000, 337, 1, 0
64000, 340, 1, 0
65000, 334, 1, 0
66000, 340, 1, 0
67000, 340, 1, 0
68000, 334, 1, 0
69000, 340, 1, 0
70000, 337, 1, 0
71000, 330, 1, 0
72000, 337, 1, 0
73000, 331, 1, 0
74000, 336, 1, 0
75000, 336, 1, 0
76000, 331, 1, 0
77000, 336, 1, 0
78000, 333, 1, 0
79000, 335, 1, 0
80000, 339, 1, 0
81000, 335, 1, 0
82000, 340, 1, 0
83000, 340, 1, 0
84000, 335, 1, 0
85000, 342, 1, 0
86000, 340, 1, 0
87000, 336, 1, 0
88000, 339, 1, 0
89000, 337, 1, 0
90000, 337, 1, 0
91000, 340, 1, 0
92000, 337, 1, 0
93000, 338, 1, 0
94000, 340, 1, 0
95000, 335, 1, 0
96001, 335, 1, 0
97000, 338, 1, 0
98000, 331, 1, 0
99000, 336, 1, 0
100000, 332, 1, 0
101000, 335, 1, 0
102000, 339, 1, 0
103000, 334, 1, 0
104000, 339, 1, 0
105000, 337, 1, 0
106000, 333, 1, 0
107000, 338, 1, 0
108000, 336, 1, 0
109001, 338, 1, 0
110000, 339, 1, 0
111001, 334, 1, 0
112000, 340, 1, 0
113000, 344, 1, 0
114000, 338, 1, 0
115000, 343, 1, 0
116000, 340, 1, 0
117000, 335, 1, 0
118000, 339, 1, 0
119000, 336, 1, 0
