1000, 924, 1, 0
2000, 918, 1, 0
3000, 938, 1, 0
4000, 919, 1, 0
5000, 940, 1, 0
6000, 947, 1, 0
7000, 946, 1, 0
8000, 918, 1, 0
9000, 910, 1, 0
10000, 924, 1, 0
11000, 910, 1, 0
12000, 907, 1, 0
13000, 936, 1, 0
14000, 938, 1, 0
15000, 937, 1, 0
16000, 935, 1, 0
17001, 934, 1, 0
18000, 909, 1, 0
19000, 908, 1, 0
20000, 918, 1, 0
21000, 930, 1, 0
22000, 922, 1, 0
23000, 941, 1, 0
24000, 939, 1, 0
25000, 919, 1, 0
26001, 907, 1, 0
27000, 928, 1, 0
28000, 934, 1, 0
29000, 917, 1, 0
30000, 914, 1, 0
31000, 929, 1, 0
32001, 938, 1, 0
33000, 941, 1, 0
34000, 935, 1, 0
35000, 924, 1, 0
36000, 937, 1, 0
37000, 917, 1, 0
38000, 927, 1, 0
39000, 935, 1, 0
40000, 938, 1, 0
41000, 909, 1, 0
42000, 923, 1, 0
43000, 936, 1, 0
44000, 922, 1, 0
45000, 922, 1, 0
46000, 938, 1, 0
47000, 921, 1, 0
48000, 929, 1, 0
49000, 934, 1, 0
50000, 949, 1, 0
51000, 963, 1, 0
52000, 930, 1, 0
53000, 908, 1, 0
54000, 931, 1, 0
55000, 936, 1, 0
56000, 936, 1, 0
57000, 937, 1, 0
58000, 916, 1, 0
59000, 911, 1, 0
60000, 916, 1, 0
61000, 933, 1, 0
62000, 923, 1, 0
63000, 907, 1, 0
64000, 914, 1, 0
65000, 934, 1, 0
66000, 915, 1, 0
67000, 926, 1, 0
68000, 948, 1, 0
69000, 938, 1, 0
70000, 932, 1, 0
71000, 906, 1, 0
72000, 915, 1, 0
73001, 906, 1, 0
74000, 936, 1, 0
75000, 935, 1, 0
76000, 921, 1, 0
77000, 910, 1, 0
78000, 908, 1, 0
79000, 907, 1, 0
80000, 923, 1, 0
81000, 937, 1, 0
82000, 927, 1, 0
83000, 906, 1, 0
84000, 913, 1, 0
85000, 918, 1, 0
86000, 961, 1, 0
87000, 961, 1, 0
88000, 937, 1, 0
89000, 936, 1, 0
90000, 931, 1, 0
91000, 911, 1, 0
92000, 928, 1, 0
93000, 910, 1, 0
94000, 928, 1, 0
95000, 937, 1, 0
96000, 943, 1, 0
97000, 949, 1, 0
98000, 910, 1, 0
99000, 911, 1, 0
100000, 911, 1, 0
101000, 908, 1, 0
102000, 922, 1, 0
103000, 930, 1, 0
104000, 937, 1, 0
105000, 925, 1, 0
106000, 909, 1, 0
107000, 909, 1, 0
108000, 928, 1, 0
109000, 912, 1, 0
110000, 927, 1, 0
111000, 937, 1, 0
112000, 929, 1, 0
113000, 931, 1, 0
114000, 933, 1, 0
115000, 914, 1, 0
116000, 936, 1, 0
117000, 917, 1, 0
118000, 908, 1, 0
119000, 908, 1, 0
120000, 913, 1, 0
