1000, 1995329, 1, 0
2000, 1997671, 1, 0
3000, 1998234, 1, 0
4000, 1998085, 1, 0
5000, 2005292, 1, 0
6001, 1991642, 1, 0
7000, 1995939, 1, 0
8000, 1998198, 1, 0
9000, 1998269, 1, 0
10000, 1998077, 1, 0
11000, 1998071, 1, 0
12000, 1998167, 1, 0
13037, 3625790, 1, 0
14001, 4082242, 1, 0
15072, 4404411, 1, 0
16020, 4452028, 1, 0
17001, 4297491, 1, 0
18060, 4902189, 1, 0
19013, 5040657, 1, 0
20001, 5039518, 1, 0
21062, 5959072, 1, 0
22023, 5890410, 1, 0
23000, 6224860, 1, 0
24083, 7463838, 1, 0
25046, 7408662, 1, 0
26012, 8110862, 1, 0
27001, 8172429, 1, 0
28084, 9504456, 1, 0
29053, 9401242, 1, 0
30021, 10190259, 1, 0
31000, 10303999, 1, 0
32100, 11571765, 1, 0
33069, 11681507, 1, 0
34039, 12122344, 1, 0
35011, 13129732, 1, 0
36001, 12529070, 1, 0
37094, 15839066, 1, 0
38068, 15709365, 1, 0
39043, 16799705, 1, 0
40014, 16742960, 1, 0
41084, 10286198, 1, 0
42011, 9761645, 1, 0
43001, 15462656, 1, 0
44008, 13789021, 1, 0
45066, 10791763, 1, 0
46061, 7772281, 1, 0
47078, 13214502, 1, 0
48005, 9855202, 1, 0
49036, 12133276, 1, 0
50001, 18549573, 1, 0
51057, 29331974, 1, 0
52002, 22494479, 1, 0
53115, 17124729, 1, 0
54102, 7892594, 1, 0
55090, 15441982, 1, 0
56057, 8478569, 1, 0
57030, 17362985, 1, 0
58115, 21287229, 1, 0
59090, 8190159, 1, 0
60068, 8142202, 1, 0
61029, 8580116, 1, 0
62006, 16850491, 1, 0
63115, 17321645, 1, 0
64041, 28051115, 1, 0
65093, 30054816, 1, 0
66062, 17619997, 1, 0
67063, 7582905, 1, 0
68027, 18540599, 1, 0
69016, 15441652, 1, 0
70061, 11238127, 1, 0
71057, 14651853, 1, 0
72003, 21989940, 1, 0
73000, 14452102, 1, 0
74058, 10684240, 1, 0
75122, 10429725, 1, 0
76141, 12888273, 1, 0
77041, 11110232, 1, 0
78000, 19181034, 1, 0
79115, 16889120, 1, 0
80209, 19543155, 1, 0
81001, 8894884, 1, 0
82055, 10860916, 1, 0
83111, 28552886, 1, 0
84083, 17349506, 1, 0
85112, 12246097, 1, 0
86093, 16352613, 1, 0
87095, 14111910, 1, 0
88011, 10284918, 1, 0
89111, 18646662, 1, 0
90083, 17366321, 1, 0
91042, 19560599, 1, 0
92000, 19547806, 1, 0
93118, 8661941, 1, 0
94001, 12100958, 1, 0
95019, 12888648, 1, 0
96078, 10688574, 1, 0
97089, 7380857, 1, 0
98172, 21657996, 1, 0
99108, 24628390, 1, 0
100081, 17364823, 1, 0
101064, 15863979, 1, 0
102023, 19554601, 1, 0
103019, 14648589, 1, 0
104072, 10962091, 1, 0
105026, 19890222, 1, 0
106087, 27205509, 1, 0
107060, 17366484, 1, 0
108002, 9145929, 1, 0
109001, 14466866, 1, 0
110101, 9164854, 1, 0
111079, 16574977, 1, 0
112009, 26574329, 1, 0
113008, 14475206, 1, 0
114025, 13031500, 1, 0
115001, 16834553, 1, 0
116110, 17605012, 1, 0
117095, 15881584, 1, 0
118095, 14288986, 1, 0
119001, 10778274, 1, 0
120023, 12618706, 1, 0
121013, 15231843, 1, 0
122105, 20210972, 1, 0
123000, 11332505, 1, 0
124014, 13164044, 1, 0
125106, 20217145, 1, 0
126111, 13956340, 1, 0
127059, 21542067, 1, 0
128010, 21129218, 1, 0
129099, 20550878, 1, 0
130084, 15875792, 1, 0
131000, 10290061, 1, 0
132120, 8616095, 1, 0
133103, 16113546, 1, 0
134042, 24068046, 1, 0
135050, 13804714, 1, 0
136018, 17935745, 1, 0
137018, 14283570, 1, 0
138035, 59840525, 1, 0
139081, 11244154, 1, 0
140118, 11777907, 1, 0
141078, 19202337, 1, 0
142055, 16832605, 1, 0
143061, 13790096, 1, 0
144056, 14835462, 1, 0
145128, 24377899, 1, 0
146105, 16836591, 1, 0
147056, 21134711, 1, 0
148002, 9091432, 1, 0
149001, 14476799, 1, 0
150106, 18120386, 1, 0
151084, 16862262, 1, 0
152057, 18012790, 1, 0
153031, 18037695, 1, 0
154005, 18716366, 1, 0
155117, 18540928, 1, 0
156091, 18365065, 1, 0
157066, 18051416, 1, 0
158039, 18707999, 1, 0
159012, 18711187, 1, 0
160126, 19212968, 1, 0
161102, 19507383, 1, 0
162075, 20276542, 1, 0
163050, 19887064, 1, 0
164024, 19489922, 1, 0
165001, 19150678, 1, 0
166112, 19833532, 1, 0
167086, 19875520, 1, 0
168061, 20316687, 1, 0
169035, 21171904, 1, 0
170011, 21676571, 1, 0
171125, 21838890, 1, 0
172102, 22717836, 1, 0
173078, 23803343, 1, 0
174053, 23780711, 1, 0
175028, 23211044, 1, 0
176004, 22714076, 1, 0
177119, 23707768, 1, 0
178094, 24372474, 1, 0
179070, 25028536, 1, 0
180047, 25059807, 1, 0
181022, 26340042, 1, 0
182000, 24440542, 1, 0
183114, 25911348, 1, 0
184090, 27895409, 1, 0
185067, 27887062, 1, 0
186042, 27106883, 1, 0
187019, 27114095, 1, 0
188001, 25175548, 1, 0
189110, 27740156, 1, 0
190087, 27132272, 1, 0
191064, 26409632, 1, 0
192040, 28691207, 1, 0
193018, 28755492, 1, 0
194000, 26556253, 1, 0
195110, 32647103, 1, 0
196087, 30528370, 1, 0
197064, 31514018, 1, 0
198042, 31532975, 1, 0
199019, 31503793, 1, 0
200001, 28874199, 1, 0
201112, 33677962, 1, 0
202089, 32556468, 1, 0
203067, 31542198, 1, 0
204043, 33649747, 1, 0
205020, 32595122, 1, 0
206000, 32647655, 1, 0
207115, 34855259, 1, 0
208093, 33716532, 1, 0
209072, 33735937, 1, 0
210048, 34882407, 1, 0
211025, 33689837, 1, 0
212003, 34904720, 1, 0
213121, 36076695, 1, 0
214098, 36154053, 1, 0
215077, 34969104, 1, 0
216054, 37598337, 1, 0
217032, 37588013, 1, 0
218010, 37631182, 1, 0
219128, 38526753, 1, 0
220107, 39160013, 1, 0
221083, 40674293, 1, 0
222062, 39149989, 1, 0
223040, 39114459, 1, 0
224018, 39119126, 1, 0
225000, 36382393, 1, 0
226112, 44495127, 1, 0
227091, 42543418, 1, 0
228070, 42547078, 1, 0
229047, 40738958, 1, 0
230025, 40738080, 1, 0
231005, 40808666, 1, 0
232123, 41432813, 1, 0
233101, 42500272, 1, 0
234079, 42518976, 1, 0
235058, 42562640, 1, 0
236035, 44419490, 1, 0
237015, 44519101, 1, 0
238133, 44729466, 1, 0
239111, 46558696, 1, 0
240089, 46596351, 1, 0
241069, 46639274, 1, 0
242047, 46599100, 1, 0
243025, 46569358, 1, 0
244005, 46624241, 1, 0
245122, 48564502, 1, 0
246102, 46671526, 1, 0
247080, 46568091, 1, 0
248057, 48863636, 1, 0
249036, 48945580, 1, 0
250016, 46669212, 1, 0
251133, 50768201, 1, 0
252113, 49012560, 1, 0
253091, 51448037, 1, 0
254070, 48965059, 1, 0
255049, 51522277, 1, 0
256028, 51489570, 1, 0
257007, 54307920, 1, 0
258126, 53292384, 1, 0
259105, 51480552, 1, 0
260084, 51542468, 1, 0
261063, 54382422, 1, 0
262042, 54391317, 1, 0
263021, 57608358, 1, 0
264000, 54370620, 1, 0
265118, 55896319, 1, 0
266098, 54454248, 1, 0
267076, 57515955, 1, 0
268056, 54432195, 1, 0
269035, 57566680, 1, 0
270014, 57580973, 1, 0
271134, 56007396, 1, 0
272113, 57579866, 1, 0
273092, 57621083, 1, 0
274071, 61186218, 1, 0
275050, 57569695, 1, 0
276030, 57661556, 1, 0
277009, 61194239, 1, 0
278127, 62101841, 1, 0
279107, 57654348, 1, 0
280087, 61245209, 1, 0
281066, 65221936, 1, 0
282045, 65244103, 1, 0
283024, 65296244, 1, 0
284004, 65334699, 1, 0
285124, 62200064, 1, 0
286102, 65200537, 1, 0
287082, 61288888, 1, 0
288060, 69856311, 1, 0
289041, 65359623, 1, 0
290021, 65312867, 1, 0
291001, 61293220, 1, 0
292119, 69850643, 1, 0
293099, 69985345, 1, 0
294079, 70036809, 1, 0
295059, 75378399, 1, 0
296039, 75322108, 1, 0
297018, 75325332, 1, 0
298000, 70137459, 1, 0
299117, 74466369, 1, 0
300097, 69986841, 1, 0
301076, 69964728, 1, 0
302055, 69924576, 1, 0
303035, 69967221, 1, 0
304015, 70001375, 1, 0
305134, 69974012, 1, 0
306115, 70059663, 1, 0
307094, 81537329, 1, 0
308076, 75516835, 1, 0
309054, 81533591, 1, 0
310035, 75431211, 1, 0
311015, 75371209, 1, 0
312134, 74621446, 1, 0
313113, 81628345, 1, 0
314094, 81672137, 1, 0
315073, 81593961, 1, 0
316054, 81790076, 1, 0
317034, 89037470, 1, 0
318014, 81710849, 1, 0
319135, 86172137, 1, 0
320114, 89007513, 1, 0
321093, 81633870, 1, 0
322074, 81690611, 1, 0
323054, 89091130, 1, 0
324035, 81760273, 1, 0
325014, 89004894, 1, 0
326135, 86230258, 1, 0
327115, 89068977, 1, 0
328095, 89111298, 1, 0
329075, 89094910, 1, 0
330056, 89150312, 1, 0
331035, 97896017, 1, 0
332015, 89105203, 1, 0
333136, 86267870, 1, 0
334116, 97919146, 1, 0
335095, 97977414, 1, 0
336075, 97998756, 1, 0
337055, 97990594, 1, 0
338035, 97987133, 1, 0
339016, 89177877, 1, 0
340137, 93396803, 1, 0
341118, 98084955, 1, 0
342097, 108736787, 1, 0
343077, 98010798, 1, 0
344057, 98064418, 1, 0
345038, 98075103, 1, 0
346017, 108755405, 1, 0
347137, 101813009, 1, 0
348118, 98060099, 1, 0
349099, 98136182, 1, 0
350078, 108743463, 1, 0
351059, 98139770, 1, 0
352039, 108879732, 1, 0
353020, 108970844, 1, 0
354000, 122520882, 1, 0
355121, 112095338, 1, 0
356101, 108853619, 1, 0
357082, 109023253, 1, 0
358063, 109006676, 1, 0
359043, 108925350, 1, 0
360024, 108922225, 1, 0
361003, 122359433, 1, 0
362124, 112128847, 1, 0
363105, 109033131, 1, 0
364086, 122625697, 1, 0
365065, 122383355, 1, 0
366047, 109026820, 1, 0
367027, 122468882, 1, 0
368007, 108954307, 1, 0
369126, 124343459, 1, 0
370108, 109070668, 1, 0
371088, 122562083, 1, 0
372069, 122544711, 1, 0
373051, 122728644, 1, 0
374031, 140072350, 1, 0
375012, 140048851, 1, 0
376131, 139989250, 1, 0
377113, 122733716, 1, 0
378094, 140118454, 1, 0
379073, 139796397, 1, 0
380054, 122695634, 1, 0
381035, 140129908, 1, 0
382016, 140077640, 1, 0
383137, 124520500, 1, 0
384117, 140011574, 1, 0
385098, 140209287, 1, 0
386079, 140087659, 1, 0
387060, 140117253, 1, 0
388179, 159896457, 1, 0
389020, 140159161, 1, 0
390001, 140171378, 1, 0
391122, 160057543, 1, 0
392103, 140251825, 1, 0
393082, 163083695, 1, 0
394063, 140102391, 1, 0
395044, 140137132, 1, 0
396025, 140253820, 1, 0
397005, 163327190, 1, 0
398126, 140115925, 1, 0
399247, 160019157, 1, 0
400089, 140321827, 1, 0
401069, 163395148, 1, 0
402049, 163399193, 1, 0
403030, 163405550, 1, 0
404012, 140265674, 1, 0
405271, 179887285, 1, 0
406113, 140259487, 1, 0
407093, 163472222, 1, 0
408074, 163367547, 1, 0
409055, 140193781, 1, 0
410175, 159935964, 1, 0
411015, 140119773, 1, 0
412136, 160132724, 1, 0
413117, 163509271, 1, 0
414098, 163498100, 1, 0
415080, 163572971, 1, 0
416060, 195947096, 1, 0
417041, 163597869, 1, 0
418162, 186763690, 1, 0
419003, 168217679, 1, 0
420124, 186913921, 1, 0
421105, 196068723, 1, 0
422086, 196157798, 1, 0
423206, 186739126, 1, 0
424187, 196144845, 1, 0
425168, 196321632, 1, 0
426150, 196284319, 1, 0
427269, 186599605, 1, 0
428111, 168273876, 1, 0
429093, 163630869, 1, 0
430212, 223959218, 1, 0
431193, 196170096, 1, 0
432034, 210236561, 1, 0
433015, 196223503, 1, 0
434137, 224240396, 1, 0
435257, 224141929, 1, 0
436099, 210382635, 1, 0
437081, 196418537, 1, 0
438061, 244963571, 1, 0
439043, 196357450, 1, 0
440023, 245027418, 1, 0
441144, 224283526, 1, 0
442124, 196014193, 1, 0
443106, 196292012, 1, 0
444227, 224190043, 1, 0
445068, 210205326, 1, 0
446189, 224237263, 1, 0
447030, 210201205, 1, 0
448150, 224141599, 1, 0
449132, 245384912, 1, 0
450253, 224134819, 1, 0
451094, 210312757, 1, 0
452215, 224227583, 1, 0
453196, 245307201, 1, 0
454177, 245183511, 1, 0
455158, 245282611, 1, 0
456140, 245318455, 1, 0
457121, 245297741, 1, 0
458242, 280313804, 1, 0
459083, 280325575, 1, 0
460065, 245536620, 1, 0
461046, 326876459, 1, 0
462167, 280325275, 1, 0
463008, 280332424, 1, 0
464129, 280278275, 1, 0
465251, 280372760, 1, 0
466232, 245297961, 1, 0
467213, 326934710, 1, 0
468054, 280513161, 1, 0
469175, 280203075, 1, 0
470157, 245461015, 1, 0
471138, 327048128, 1, 0
472119, 326855460, 1, 0
473380, 315291252, 1, 0
474222, 280522181, 1, 0
475203, 327076433, 1, 0
476043, 280137967, 1, 0
477025, 245468142, 1, 0
478006, 326907092, 1, 0
479268, 315513950, 1, 0
480108, 280069929, 1, 0
481090, 245458664, 1, 0
482211, 280315624, 1, 0
483192, 326925789, 1, 0
484173, 326912333, 1, 0
485155, 245588603, 1, 0
486276, 373667660, 1, 0
487118, 280509457, 1, 0
488239, 373848979, 1, 0
489221, 327091939, 1, 0
490201, 326934994, 1, 0
491183, 327089354, 1, 0
492164, 327192350, 1, 0
493285, 373721545, 1, 0
494407, 373822540, 1, 0
495108, 350437419, 1, 0
496369, 315317133, 1, 0
497350, 327089372, 1, 0
498051, 350380477, 1, 0
499032, 327060532, 1, 0
500014, 327247783, 1, 0
501276, 420617902, 1, 0
502397, 373603335, 1, 0
503098, 350755150, 1, 0
504080, 327082565, 1, 0
505200, 373647149, 1, 0
506042, 420738404, 1, 0
507304, 420517586, 1, 0
508285, 490719545, 1, 0
509126, 420325996, 1, 0
510107, 327267354, 1, 0
511089, 490736261, 1, 0
512210, 373602735, 1, 0
513052, 420909096, 1, 0
514173, 373632788, 1, 0
515014, 420784680, 1, 0
516416, 467328693, 1, 0
517257, 420473494, 1, 0
518098, 420599205, 1, 0
519220, 373871369, 1, 0
520061, 420521191, 1, 0
521462, 467147846, 1, 0
522164, 350649949, 1, 0
523005, 420591456, 1, 0
524547, 514081443, 1, 0
525388, 420490389, 1, 0
526369, 490478495, 1, 0
527070, 350483987, 1, 0
528052, 490756874, 1, 0
529313, 420540279, 1, 0
530294, 490342249, 1, 0
531136, 420828050, 1, 0
532116, 490423022, 1, 0
533379, 420722527, 1, 0
534220, 420524519, 1, 0
535201, 490714221, 1, 0
536042, 420454436, 1, 0
537163, 373640039, 1, 0
538145, 490988519, 1, 0
539126, 490679808, 1, 0
540107, 490450997, 1, 0
541089, 490910837, 1, 0
542211, 560745069, 1, 0
543191, 490337297, 1, 0
544033, 420874975, 1, 0
545155, 560855140, 1, 0
546276, 560814785, 1, 0
547397, 560469758, 1, 0
548379, 490987555, 1, 0
549501, 560856125, 1, 0
550062, 560836139, 1, 0
551183, 560773399, 1, 0
552165, 490698583, 1, 0
553427, 630999746, 1, 0
554408, 490729142, 1, 0
555530, 560858214, 1, 0
556091, 560831686, 1, 0
557633, 514011010, 1, 0
558194, 560793011, 1, 0
559175, 490698457, 1, 0
560157, 490696336, 1, 0
561138, 490615666, 1, 0
562400, 630956745, 1, 0
563521, 560729830, 1, 0
564082, 560806041, 1, 0
565203, 560422444, 1, 0
566185, 490952595, 1, 0
567166, 490441554, 1, 0
568007, 420826251, 1, 0
569129, 560937450, 1, 0
570251, 560831307, 1, 0
571513, 630892814, 1, 0
572214, 700876143, 1, 0
573616, 701023477, 1, 0
574317, 701140880, 1, 0
575158, 841280786, 1, 0
576280, 1121508080, 1, 0
577121, 841271123, 1, 0
578663, 771155246, 1, 0
579224, 560800673, 1, 0
580065, 841197806, 1, 0
581047, 981564616, 1, 0
582730, 841372972, 1, 0
583431, 701116084, 1, 0
584272, 841241150, 1, 0
585113, 841114338, 1, 0
586095, 981637575, 1, 0
587918, 911461110, 1, 0
588478, 560866673, 1, 0
589320, 841315292, 1, 0
590161, 841074721, 1, 0
591283, 560899367, 1, 0
592544, 1261833638, 1, 0
593246, 701084525, 1, 0
594087, 841272214, 1, 0
595349, 1261992193, 1, 0
596470, 1121644368, 1, 0
597312, 841285071, 1, 0
598433, 560774191, 1, 0
599275, 841351230, 1, 0
600396, 1121644436, 1, 0
