4927, 25661810, 1, 0
4953, 25660938, 1, 0
4978, 25661221, 1, 0
5004, 25685112, 1, 0
10034, 25663687, 1, 0
10059, 25662510, 1, 0
10085, 25679587, 1, 0
29128, 25661537, 1, 0
29154, 25659492, 1, 0
29180, 25655205, 1, 0
29205, 25656791, 1, 0
29231, 25663059, 1, 0
29257, 25655899, 1, 0
29282, 25657112, 1, 0
29308, 25655512, 1, 0
29334, 25656198, 1, 0
29359, 25651398, 1, 0
29385, 25655089, 1, 0
29411, 25656380, 1, 0
29436, 25654497, 1, 0
29462, 25654436, 1, 0
29488, 25656889, 1, 0
29513, 25655711, 1, 0
29539, 25627746, 1, 0
29565, 25651990, 1, 0
29590, 25658027, 1, 0
29616, 25662616, 1, 0
29642, 25654369, 1, 0
29667, 25657769, 1, 0
30001, 25651921, 1, 0
49328, 25673327, 1, 0
49354, 25658892, 1, 0
49380, 25658532, 1, 0
49405, 25657802, 1, 0
49431, 25654318, 1, 0
49457, 25661303, 1, 0
49482, 25656180, 1, 0
49508, 25657287, 1, 0
49534, 25654981, 1, 0
49559, 25657161, 1, 0
49585, 25654144, 1, 0
49611, 25662195, 1, 0
49636, 25654781, 1, 0
49662, 25657540, 1, 0
49688, 25658604, 1, 0
49713, 25658195, 1, 0
49739, 25656131, 1, 0
49765, 25657363, 1, 0
49790, 25655215, 1, 0
50021, 25655402, 1, 0
51458, 25658987, 1, 0
52023, 25654717, 1, 0
53024, 25659245, 1, 0
77522, 25659315, 1, 0
77548, 25652579, 1, 0
77574, 25655170, 1, 0
77599, 25629226, 1, 0
77625, 25653664, 1, 0
77651, 25658216, 1, 0
77676, 25632087, 1, 0
77702, 25659031, 1, 0
77728, 25658777, 1, 0
77753, 25653353, 1, 0
77779, 25655709, 1, 0
77804, 25658159, 1, 0
77830, 25658498, 1, 0
77856, 25659436, 1, 0
77881, 25653005, 1, 0
77907, 25640335, 1, 0
77933, 25657678, 1, 0
77958, 25657178, 1, 0
77984, 25656891, 1, 0
78010, 25654039, 1, 0
78035, 25656243, 1, 0
78061, 25655850, 1, 0
78087, 25656092, 1, 0
78112, 25656470, 1, 0
78138, 25651762, 1, 0
79010, 25651573, 1, 0
80011, 25653006, 1, 0
81012, 25655975, 1, 0
82003, 25418227, 1, 0
83015, 25776174, 1, 0
84016, 25649991, 1, 0
85016, 25652513, 1, 0
86017, 25651487, 1, 0
87017, 25651577, 1, 0
88018, 25649815, 1, 0
89018, 25648150, 1, 0
90019, 25651631, 1, 0
91019, 25649998, 1, 0
92019, 25648865, 1, 0
93020, 25646388, 1, 0
94020, 25650172, 1, 0
95021, 25646553, 1, 0
96021, 25651544, 1, 0
97022, 25648330, 1, 0
98022, 25650771, 1, 0
99022, 25644865, 1, 0
100023, 25651280, 1, 0
101023, 25650202, 1, 0
102024, 25648225, 1, 0
103024, 25652184, 1, 0
104024, 25642591, 1, 0
105025, 25650664, 1, 0
106000, 25654423, 1, 0
107000, 25649102, 1, 0
108000, 25627466, 1, 0
109001, 25489258, 1, 0
110002, 25657663, 1, 0
111002, 25653931, 1, 0
112002, 25624995, 1, 0
113001, 25623399, 1, 0
114001, 25622589, 1, 0
115000, 25625485, 1, 0
116000, 25647336, 1, 0
117001, 25651495, 1, 0
118001, 25647726, 1, 0
119002, 25649826, 1, 0
120002, 25650174, 1, 0
121003, 25656560, 1, 0
122004, 25652226, 1, 0
123004, 25652658, 1, 0
124005, 25653604, 1, 0
125005, 25653214, 1, 0
126006, 25649650, 1, 0
127007, 25654746, 1, 0
128007, 25649722, 1, 0
129008, 25653806, 1, 0
130008, 25653810, 1, 0
131009, 25653108, 1, 0
132010, 25652188, 1, 0
133010, 25648929, 1, 0
134011, 25653525, 1, 0
135012, 25507667, 1, 0
136013, 25650876, 1, 0
137013, 25649108, 1, 0
138013, 25646141, 1, 0
139014, 25652014, 1, 0
140014, 25651791, 1, 0
141015, 25650215, 1, 0
142015, 25648264, 1, 0
143016, 25648889, 1, 0
144017, 25659751, 1, 0
145017, 25649324, 1, 0
146017, 25649521, 1, 0
147018, 25650983, 1, 0
148018, 25649044, 1, 0
149019, 25648021, 1, 0
150019, 25649643, 1, 0
151020, 25649731, 1, 0
152020, 25649561, 1, 0
153021, 25650264, 1, 0
154021, 25650202, 1, 0
155022, 25648981, 1, 0
156022, 25643080, 1, 0
157022, 25647513, 1, 0
158023, 25647241, 1, 0
159023, 25645383, 1, 0
160023, 25654527, 1, 0
163044, 25110048, 1, 0
163069, 25623988, 1, 0
163095, 25623823, 1, 0
164018, 25645200, 1, 0
170381, 25645006, 1, 0
170406, 25655556, 1, 0
170432, 25656265, 1, 0
170458, 25653233, 1, 0
170483, 25656026, 1, 0
170509, 25664556, 1, 0
171022, 25648352, 1, 0
172023, 25659960, 1, 0
173024, 25656403, 1, 0
174025, 25657612, 1, 0
180542, 25655771, 1, 0
180568, 25679239, 1, 0
180593, 25658349, 1, 0
180619, 25651721, 1, 0
180645, 25657645, 1, 0
180670, 25657049, 1, 0
181004, 25651248, 1, 0
182005, 25657942, 1, 0
187925, 25657241, 1, 0
187951, 25659740, 1, 0
187976, 25663360, 1, 0
188002, 25661589, 1, 0
188028, 25657467, 1, 0
188053, 25658691, 1, 0
189003, 25656851, 1, 0
190004, 25658644, 1, 0
194931, 25661792, 1, 0
194956, 25657436, 1, 0
194982, 25658666, 1, 0
195008, 25665032, 1, 0
195033, 25659866, 1, 0
196008, 25656402, 1, 0
197009, 25655328, 1, 0
198010, 25654453, 1, 0
200114, 25659263, 1, 0
