3000, 384, 1, 0
4000, 4992, 1, 0
5001, 4603, 1, 0
10000, 4736, 1, 0
11000, 128, 1, 0
12000, 3712, 1, 0
13000, 4992, 1, 0
14000, 4992, 1, 0
15000, 4992, 1, 0
16000, 4992, 1, 0
17000, 3456, 1, 0
31000, 896, 1, 0
35001, 1150, 1, 0
36000, 4992, 1, 0
37000, 4992, 1, 0
38000, 4992, 1, 0
39000, 4992, 1, 0
40000, 4992, 1, 0
41000, 3072, 1, 0
83000, 4480, 1, 0
84000, 4992, 1, 0
85000, 4992, 1, 0
86000, 4992, 1, 0
87000, 4992, 1, 0
88000, 4224, 1, 0
101000, 2176, 1, 0
102000, 4992, 1, 0
103000, 4992, 1, 0
104000, 4992, 1, 0
105001, 2813, 1, 0
109000, 2944, 1, 0
110001, 4987, 1, 0
111000, 4992, 1, 0
112000, 4992, 1, 0
113000, 4992, 1, 0
114000, 4992, 1, 0
115000, 4992, 1, 0
116000, 4992, 1, 0
117000, 4992, 1, 0
118000, 4992, 1, 0
119000, 4992, 1, 0
120000, 4992, 1, 0
121000, 4992, 1, 0
122000, 4992, 1, 0
123000, 4992, 1, 0
124000, 4992, 1, 0
125000, 4992, 1, 0
126000, 4992, 1, 0
127000, 4992, 1, 0
128000, 4992, 1, 0
129000, 4992, 1, 0
130000, 4992, 1, 0
131000, 2688, 1, 0
135000, 1152, 1, 0
136000, 4992, 1, 0
137000, 4992, 1, 0
138000, 4992, 1, 0
139000, 4992, 1, 0
140000, 4992, 1, 0
141000, 4992, 1, 0
142000, 3200, 1, 0
143000, 4736, 1, 0
144000, 4992, 1, 0
145000, 4096, 1, 0
150000, 768, 1, 0
151000, 4992, 1, 0
152000, 4992, 1, 0
153000, 4992, 1, 0
154000, 4992, 1, 0
155000, 4992, 1, 0
156000, 4992, 1, 0
157000, 4992, 1, 0
158000, 3456, 1, 0
166000, 384, 1, 0
167000, 4992, 1, 0
168000, 3712, 1, 0
178000, 384, 1, 0
179000, 4992, 1, 0
180000, 4992, 1, 0
181000, 2688, 1, 0
186000, 128, 1, 0
191000, 1792, 1, 0
192000, 4992, 1, 0
193000, 4992, 1, 0
194000, 4992, 1, 0
195000, 4608, 1, 0
