16987, 25626094, 1, 0
17013, 25655285, 1, 0
17038, 25656544, 1, 0
17064, 25658655, 1, 0
17090, 25652261, 1, 0
17115, 25655679, 1, 0
17141, 25655411, 1, 0
17167, 25653010, 1, 0
17192, 25661128, 1, 0
17218, 25654094, 1, 0
17244, 25657279, 1, 0
17269, 25655523, 1, 0
17295, 25628723, 1, 0
17321, 25656871, 1, 0
17346, 25653413, 1, 0
17372, 25672339, 1, 0
17398, 25660335, 1, 0
18013, 25655668, 1, 0
19014, 25655746, 1, 0
26229, 25659483, 1, 0
26255, 25658154, 1, 0
26280, 25655533, 1, 0
26306, 25660170, 1, 0
26332, 25652961, 1, 0
26357, 25658550, 1, 0
26383, 25660755, 1, 0
27025, 25655246, 1, 0
28000, 25654702, 1, 0
29000, 25648360, 1, 0
45425, 25662200, 1, 0
45451, 25655270, 1, 0
45476, 25654731, 1, 0
45502, 25657756, 1, 0
45528, 25680014, 1, 0
45553, 25653248, 1, 0
45579, 25658521, 1, 0
45605, 25654772, 1, 0
45630, 25661326, 1, 0
45656, 25655257, 1, 0
45682, 25654906, 1, 0
45707, 25620466, 1, 0
45733, 25654949, 1, 0
45759, 25661885, 1, 0
45784, 25656340, 1, 0
45810, 25656944, 1, 0
46015, 25652224, 1, 0
47016, 25650534, 1, 0
48016, 25654193, 1, 0
49017, 25647218, 1, 0
55823, 25643263, 1, 0
55849, 25656758, 1, 0
55875, 25654167, 1, 0
55900, 25652969, 1, 0
55926, 25657459, 1, 0
55952, 25656078, 1, 0
56003, 25657686, 1, 0
57004, 25653954, 1, 0
58004, 25656338, 1, 0
59005, 25656368, 1, 0
60005, 25635175, 1, 0
61005, 25627583, 1, 0
62004, 25626218, 1, 0
63004, 25625493, 1, 0
64003, 25625987, 1, 0
65003, 25625920, 1, 0
66002, 25625368, 1, 0
67003, 25652385, 1, 0
144886, 25656938, 1, 0
144911, 25648529, 1, 0
144937, 25670959, 1, 0
144963, 25657644, 1, 0
144988, 25657935, 1, 0
145014, 25655272, 1, 0
145040, 25653991, 1, 0
145065, 25655320, 1, 0
145091, 25654909, 1, 0
145117, 25656173, 1, 0
145142, 25654202, 1, 0
145168, 25657034, 1, 0
145194, 25655829, 1, 0
145219, 25655948, 1, 0
145245, 25657962, 1, 0
145271, 25652048, 1, 0
145296, 25656709, 1, 0
145322, 25654999, 1, 0
145348, 25656347, 1, 0
145373, 25653040, 1, 0
145399, 25654280, 1, 0
145425, 25654855, 1, 0
145450, 25655053, 1, 0
145476, 25653591, 1, 0
145502, 25655965, 1, 0
145527, 25672703, 1, 0
145553, 25657833, 1, 0
145579, 25667569, 1, 0
145604, 25655741, 1, 0
145630, 25654905, 1, 0
145656, 25655606, 1, 0
145681, 25655618, 1, 0
145707, 25660101, 1, 0
145733, 25661048, 1, 0
145758, 25655741, 1, 0
145784, 25652951, 1, 0
145809, 25654429, 1, 0
145835, 25645003, 1, 0
145861, 25656167, 1, 0
145886, 25655431, 1, 0
145912, 25626330, 1, 0
145938, 25655077, 1, 0
145963, 25623651, 1, 0
145989, 25656497, 1, 0
146015, 25657491, 1, 0
146040, 25656018, 1, 0
146066, 25655132, 1, 0
146092, 25655864, 1, 0
146117, 25655001, 1, 0
146143, 25621773, 1, 0
146169, 25655308, 1, 0
146194, 25653795, 1, 0
146220, 25656639, 1, 0
146246, 25655529, 1, 0
146271, 25655265, 1, 0
146297, 25653222, 1, 0
146323, 25654482, 1, 0
146348, 25656223, 1, 0
146374, 25657800, 1, 0
146400, 25651326, 1, 0
146425, 25655835, 1, 0
146451, 25655242, 1, 0
146477, 25655983, 1, 0
146502, 25652849, 1, 0
146528, 25654390, 1, 0
146553, 25661175, 1, 0
146579, 25655472, 1, 0
146605, 25653151, 1, 0
146630, 25651800, 1, 0
146656, 25635814, 1, 0
146682, 25651019, 1, 0
146707, 25656575, 1, 0
146733, 25678062, 1, 0
146759, 25660427, 1, 0
146784, 25656783, 1, 0
146810, 25653655, 1, 0
146836, 25656450, 1, 0
146861, 25656589, 1, 0
146887, 25654760, 1, 0
147015, 25660125, 1, 0
148016, 25653808, 1, 0
149017, 25655538, 1, 0
160991, 25651788, 1, 0
161017, 25655821, 1, 0
161043, 25655148, 1, 0
161068, 25655633, 1, 0
161094, 25654831, 1, 0
161120, 25660964, 1, 0
161145, 25639284, 1, 0
161171, 25677196, 1, 0
161197, 25658417, 1, 0
161222, 25655835, 1, 0
161248, 25660148, 1, 0
161274, 25635415, 1, 0
162018, 25654663, 1, 0
163018, 25644023, 1, 0
167763, 25667069, 1, 0
167788, 25658752, 1, 0
167814, 25657373, 1, 0
167840, 25657004, 1, 0
168019, 25660480, 1, 0
169020, 25662121, 1, 0
170021, 25655310, 1, 0
175000, 25657888, 1, 0
175025, 25658737, 1, 0
175051, 25658534, 1, 0
175077, 25656344, 1, 0
175102, 25656092, 1, 0
176000, 25655641, 1, 0
177001, 25654247, 1, 0
187283, 25648887, 1, 0
187309, 25660078, 1, 0
187335, 25656934, 1, 0
187360, 25656269, 1, 0
187386, 25654871, 1, 0
187412, 25653765, 1, 0
187437, 25654930, 1, 0
187463, 25654225, 1, 0
187489, 25654582, 1, 0
187514, 25653259, 1, 0
200037, 25653750, 1, 0
