1000, 1594262, 1, 0
2000, 1596189, 1, 0
3000, 1596515, 1, 0
4000, 1596141, 1, 0
5000, 1596223, 1, 0
6000, 1596102, 1, 0
7000, 1596515, 1, 0
8001, 1597682, 1, 0
9000, 1600754, 1, 0
10000, 1596416, 1, 0
11001, 1595164, 1, 0
12001, 1596570, 1, 0
13000, 1597178, 1, 0
14000, 1597058, 1, 0
15000, 1597180, 1, 0
16001, 1597194, 1, 0
17001, 1596579, 1, 0
18000, 1602467, 1, 0
19000, 1593770, 1, 0
20000, 1596604, 1, 0
21001, 1608757, 1, 0
22000, 1598263, 1, 0
23000, 1596441, 1, 0
24000, 1596966, 1, 0
25001, 1597337, 1, 0
26001, 1596957, 1, 0
27001, 1596545, 1, 0
28001, 1598740, 1, 0
29001, 1596613, 1, 0
30000, 1595537, 1, 0
31001, 1597471, 1, 0
32000, 1597099, 1, 0
33001, 1595933, 1, 0
34001, 1596594, 1, 0
35000, 1596938, 1, 0
36000, 1596584, 1, 0
37000, 1596665, 1, 0
38001, 1597630, 1, 0
39000, 1596586, 1, 0
40001, 1686763, 1, 0
41003, 1709435, 1, 0
42000, 1686018, 1, 0
43001, 1705073, 1, 0
44000, 1704656, 1, 0
45001, 1704614, 1, 0
46001, 1703302, 1, 0
47000, 1683574, 1, 0
48000, 1709564, 1, 0
49000, 1709313, 1, 0
50000, 1713909, 1, 0
51001, 1717023, 1, 0
52001, 1712154, 1, 0
53000, 1692242, 1, 0
54002, 1715299, 1, 0
55000, 1715748, 1, 0
56000, 1723449, 1, 0
57000, 1708680, 1, 0
58009, 1719680, 1, 0
59001, 1693873, 1, 0
60001, 1724638, 1, 0
61001, 1719555, 1, 0
62001, 1717800, 1, 0
63001, 1714611, 1, 0
64000, 1690061, 1, 0
65000, 1715871, 1, 0
66000, 1711976, 1, 0
67000, 1707368, 1, 0
68001, 1705052, 1, 0
69001, 1715291, 1, 0
70001, 1694454, 1, 0
71000, 1721150, 1, 0
72000, 1712907, 1, 0
73000, 1714911, 1, 0
74000, 1720712, 1, 0
75000, 1693800, 1, 0
76000, 1720907, 1, 0
77001, 1720212, 1, 0
78000, 1739374, 1, 0
79000, 1742178, 1, 0
80001, 1733193, 1, 0
81001, 1718612, 1, 0
82000, 1731118, 1, 0
83001, 1727432, 1, 0
84001, 1720842, 1, 0
85000, 1726292, 1, 0
86012, 1720886, 1, 0
87000, 1696486, 1, 0
88000, 1732706, 1, 0
89000, 1730645, 1, 0
90001, 1727519, 1, 0
91001, 1723667, 1, 0
92000, 1696045, 1, 0
93000, 1725947, 1, 0
94000, 1724457, 1, 0
95000, 1724280, 1, 0
96000, 1717611, 1, 0
97008, 1725334, 1, 0
98000, 1697922, 1, 0
99001, 1722189, 1, 0
100000, 1719586, 1, 0
101000, 1720217, 1, 0
102000, 1720232, 1, 0
103000, 1698106, 1, 0
104001, 1727347, 1, 0
105001, 1727487, 1, 0
106001, 1726908, 1, 0
107000, 1724347, 1, 0
108005, 1724294, 1, 0
109001, 1698493, 1, 0
110001, 1717768, 1, 0
111001, 1728828, 1, 0
112000, 1724906, 1, 0
113001, 1713509, 1, 0
114000, 1699413, 1, 0
115000, 1720162, 1, 0
116000, 1726410, 1, 0
117000, 1733140, 1, 0
118002, 1732569, 1, 0
119005, 1727202, 1, 0
120001, 1701319, 1, 0
121001, 1726282, 1, 0
122001, 1726852, 1, 0
123001, 1727196, 1, 0
124000, 1724887, 1, 0
125001, 1701455, 1, 0
126001, 1729524, 1, 0
127000, 1722035, 1, 0
128001, 1723231, 1, 0
129000, 1734381, 1, 0
130003, 1737235, 1, 0
131000, 1705050, 1, 0
132001, 1734399, 1, 0
133000, 1741898, 1, 0
134000, 1731163, 1, 0
135000, 1725942, 1, 0
136000, 1696424, 1, 0
137000, 1722387, 1, 0
138001, 1718050, 1, 0
139001, 1724306, 1, 0
140001, 1720231, 1, 0
141000, 1716670, 1, 0
142001, 1693094, 1, 0
143000, 1722383, 1, 0
144000, 1719853, 1, 0
145000, 1726229, 1, 0
146000, 1727062, 1, 0
147016, 1721680, 1, 0
148000, 1707696, 1, 0
149001, 1724982, 1, 0
150000, 1724643, 1, 0
151000, 1721860, 1, 0
152000, 1728522, 1, 0
153000, 1697123, 1, 0
154000, 1729899, 1, 0
155001, 1722363, 1, 0
156000, 1728595, 1, 0
157000, 1740378, 1, 0
158016, 1731574, 1, 0
159000, 1703588, 1, 0
160002, 1732925, 1, 0
161001, 1740517, 1, 0
162000, 1734103, 1, 0
163001, 1725760, 1, 0
164000, 1704617, 1, 0
165000, 1719870, 1, 0
166000, 1721802, 1, 0
167000, 1719425, 1, 0
168001, 1725753, 1, 0
169016, 1718885, 1, 0
170000, 1702844, 1, 0
171001, 1716183, 1, 0
172001, 1730201, 1, 0
173000, 1727753, 1, 0
174000, 1727079, 1, 0
175000, 1694296, 1, 0
176000, 1719760, 1, 0
177000, 1723608, 1, 0
178000, 1724401, 1, 0
179001, 1724849, 1, 0
180013, 1723934, 1, 0
181001, 1702640, 1, 0
182000, 1730412, 1, 0
183001, 1729282, 1, 0
184001, 1729445, 1, 0
185001, 1723916, 1, 0
186000, 1697635, 1, 0
187000, 1723680, 1, 0
188001, 1738767, 1, 0
189000, 1724332, 1, 0
190000, 1729046, 1, 0
191011, 1730964, 1, 0
192000, 1698688, 1, 0
193000, 1726301, 1, 0
194001, 1722195, 1, 0
195000, 1722250, 1, 0
196001, 1725945, 1, 0
197000, 1698197, 1, 0
198000, 1726626, 1, 0
199001, 1728306, 1, 0
200000, 1727219, 1, 0
201001, 1719773, 1, 0
202003, 1719034, 1, 0
203001, 1692804, 1, 0
204000, 1713733, 1, 0
205001, 1712985, 1, 0
206001, 1726354, 1, 0
207000, 1723281, 1, 0
208001, 1700546, 1, 0
209001, 1726790, 1, 0
210000, 1723401, 1, 0
211001, 1721150, 1, 0
212001, 1723817, 1, 0
213000, 1728507, 1, 0
214000, 1702844, 1, 0
215000, 1735051, 1, 0
216001, 1729197, 1, 0
217000, 1725774, 1, 0
218001, 1721527, 1, 0
219013, 1732006, 1, 0
220000, 1698413, 1, 0
221000, 1727762, 1, 0
222001, 1730721, 1, 0
222726, 1621067, 1, 0
