1001, 1596489, 1, 0
2001, 1596429, 1, 0
3000, 1596873, 1, 0
4000, 1597355, 1, 0
5000, 1596324, 1, 0
6000, 1596549, 1, 0
7000, 1596655, 1, 0
8000, 1597833, 1, 0
9000, 1595320, 1, 0
10000, 1596533, 1, 0
11001, 1595064, 1, 0
12001, 1596471, 1, 0
13000, 1597842, 1, 0
14000, 1596300, 1, 0
15000, 1596020, 1, 0
16000, 1596475, 1, 0
17000, 1596613, 1, 0
18000, 1591518, 1, 0
19000, 1594749, 1, 0
20000, 1596660, 1, 0
21000, 1590899, 1, 0
22001, 1593081, 1, 0
23001, 1596511, 1, 0
24000, 1595438, 1, 0
25000, 1596828, 1, 0
26000, 1596340, 1, 0
27000, 1596962, 1, 0
28000, 1596227, 1, 0
29001, 1598420, 1, 0
30001, 1596361, 1, 0
31000, 1600395, 1, 0
32000, 1596805, 1, 0
33001, 1598465, 1, 0
34000, 1597353, 1, 0
35000, 1596668, 1, 0
36000, 1596589, 1, 0
37000, 1596606, 1, 0
38000, 1593372, 1, 0
39000, 1592906, 1, 0
40001, 1686061, 1, 0
41002, 1711391, 1, 0
42001, 1689689, 1, 0
43001, 1702738, 1, 0
44000, 1703969, 1, 0
45001, 1705143, 1, 0
46001, 1703505, 1, 0
47001, 1680023, 1, 0
48000, 1704732, 1, 0
49001, 1707832, 1, 0
50000, 1713759, 1, 0
51000, 1676926, 1, 0
52000, 1712183, 1, 0
53000, 1689629, 1, 0
54000, 1711773, 1, 0
55001, 1714121, 1, 0
56001, 1721942, 1, 0
57000, 1712885, 1, 0
58009, 1718053, 1, 0
59000, 1702172, 1, 0
60000, 1723731, 1, 0
61000, 1711729, 1, 0
62000, 1720763, 1, 0
63000, 1717736, 1, 0
64000, 1689943, 1, 0
65000, 1716539, 1, 0
66001, 1711304, 1, 0
67000, 1710241, 1, 0
68000, 1711546, 1, 0
69002, 1720903, 1, 0
70001, 1692837, 1, 0
71000, 1720365, 1, 0
72000, 1711289, 1, 0
73001, 1713593, 1, 0
74001, 1720823, 1, 0
75001, 1691117, 1, 0
76001, 1721548, 1, 0
77000, 1715879, 1, 0
78001, 1728449, 1, 0
79001, 1729379, 1, 0
80000, 1731900, 1, 0
81000, 1699783, 1, 0
82001, 1728070, 1, 0
83000, 1727808, 1, 0
84000, 1723891, 1, 0
85000, 1731385, 1, 0
86012, 1720023, 1, 0
87001, 1696559, 1, 0
88001, 1735298, 1, 0
89001, 1733275, 1, 0
90000, 1727977, 1, 0
91000, 1726789, 1, 0
92000, 1695669, 1, 0
93000, 1723431, 1, 0
94000, 1724165, 1, 0
95001, 1724366, 1, 0
96000, 1718379, 1, 0
97008, 1722833, 1, 0
98001, 1700033, 1, 0
99000, 1725462, 1, 0
100001, 1719562, 1, 0
101001, 1720736, 1, 0
102000, 1719873, 1, 0
103000, 1696447, 1, 0
104000, 1729010, 1, 0
105000, 1727125, 1, 0
106000, 1724769, 1, 0
107000, 1726094, 1, 0
108006, 1725009, 1, 0
109001, 1699779, 1, 0
110000, 1719958, 1, 0
111000, 1728853, 1, 0
112001, 1716725, 1, 0
113000, 1719613, 1, 0
114001, 1691111, 1, 0
115000, 1719207, 1, 0
116000, 1726233, 1, 0
117001, 1733327, 1, 0
118000, 1728425, 1, 0
119005, 1726124, 1, 0
120001, 1702719, 1, 0
121000, 1733564, 1, 0
122000, 1728109, 1, 0
123001, 1725011, 1, 0
124000, 1725408, 1, 0
125001, 1700668, 1, 0
126000, 1725280, 1, 0
127000, 1721539, 1, 0
128000, 1723703, 1, 0
129001, 1734149, 1, 0
130002, 1735616, 1, 0
131001, 1712462, 1, 0
132000, 1733624, 1, 0
133000, 1737112, 1, 0
134000, 1732586, 1, 0
135000, 1724381, 1, 0
136001, 1695639, 1, 0
137001, 1723685, 1, 0
138000, 1713762, 1, 0
139000, 1723960, 1, 0
140001, 1721752, 1, 0
141000, 1724547, 1, 0
142000, 1692865, 1, 0
143001, 1722365, 1, 0
144000, 1719887, 1, 0
145000, 1728591, 1, 0
146000, 1727937, 1, 0
147000, 1702838, 1, 0
148001, 1706643, 1, 0
149000, 1722637, 1, 0
150000, 1724622, 1, 0
151000, 1719136, 1, 0
152000, 1728065, 1, 0
153000, 1699025, 1, 0
154001, 1717526, 1, 0
155001, 1722531, 1, 0
156000, 1731848, 1, 0
157001, 1740132, 1, 0
158000, 1710084, 1, 0
159000, 1730280, 1, 0
160000, 1732261, 1, 0
161000, 1720599, 1, 0
162001, 1731889, 1, 0
163001, 1726097, 1, 0
164001, 1697787, 1, 0
165000, 1719838, 1, 0
166001, 1718551, 1, 0
167000, 1719746, 1, 0
168001, 1725185, 1, 0
169015, 1730307, 1, 0
170001, 1701381, 1, 0
171000, 1734386, 1, 0
172000, 1724613, 1, 0
173001, 1727662, 1, 0
174001, 1724406, 1, 0
175000, 1698079, 1, 0
176000, 1721665, 1, 0
177000, 1726568, 1, 0
178000, 1720073, 1, 0
179001, 1719253, 1, 0
180014, 1725005, 1, 0
181000, 1700308, 1, 0
182000, 1730007, 1, 0
183000, 1726588, 1, 0
184001, 1729060, 1, 0
185000, 1727418, 1, 0
186000, 1698096, 1, 0
187001, 1724927, 1, 0
188000, 1734957, 1, 0
189001, 1733183, 1, 0
190000, 1729290, 1, 0
191009, 1727079, 1, 0
192000, 1699731, 1, 0
193000, 1726509, 1, 0
194000, 1720610, 1, 0
195000, 1726569, 1, 0
196000, 1726910, 1, 0
197001, 1696501, 1, 0
198001, 1725440, 1, 0
199000, 1725648, 1, 0
200000, 1727313, 1, 0
201000, 1720676, 1, 0
202004, 1721195, 1, 0
203000, 1693357, 1, 0
204001, 1716133, 1, 0
205000, 1713880, 1, 0
206000, 1727246, 1, 0
207000, 1720684, 1, 0
208000, 1699268, 1, 0
209001, 1725609, 1, 0
210000, 1722438, 1, 0
211000, 1723857, 1, 0
212001, 1722716, 1, 0
213001, 1729022, 1, 0
214000, 1702551, 1, 0
215001, 1734103, 1, 0
216001, 1732426, 1, 0
217001, 1727451, 1, 0
218000, 1721752, 1, 0
219012, 1717710, 1, 0
220000, 1697407, 1, 0
221001, 1725634, 1, 0
222000, 1730933, 1, 0
222653, 1719200, 1, 0
