1000, 31744, 1, 0
2000, 31744, 1, 0
3001, 31712, 1, 0
4000, 38912, 1, 0
5000, 31744, 1, 0
6000, 31744, 1, 0
7000, 32256, 1, 0
8000, 38912, 1, 0
9000, 31744, 1, 0
10001, 31712, 1, 0
11000, 32256, 1, 0
12000, 38912, 1, 0
13000, 31744, 1, 0
14000, 31744, 1, 0
15000, 32256, 1, 0
16000, 38400, 1, 0
17000, 32256, 1, 0
18000, 31744, 1, 0
19000, 32768, 1, 0
20000, 37888, 1, 0
21000, 31744, 1, 0
22000, 31744, 1, 0
23000, 33792, 1, 0
24000, 37376, 1, 0
25000, 31744, 1, 0
26000, 31744, 1, 0
27000, 35840, 1, 0
28000, 35328, 1, 0
29000, 31744, 1, 0
30000, 31744, 1, 0
31000, 38400, 1, 0
32000, 32768, 1, 0
33000, 31744, 1, 0
34000, 31744, 1, 0
35000, 39936, 1, 0
36000, 31232, 1, 0
37001, 32223, 1, 0
38000, 31744, 1, 0
39000, 39424, 1, 0
40000, 31744, 1, 0
41000, 31744, 1, 0
42000, 31744, 1, 0
43000, 39424, 1, 0
44000, 31744, 1, 0
45000, 31744, 1, 0
46001, 32223, 1, 0
47000, 38912, 1, 0
48000, 31744, 1, 0
49000, 32256, 1, 0
50000, 32256, 1, 0
51000, 38912, 1, 0
52000, 31744, 1, 0
53000, 31744, 1, 0
54000, 33280, 1, 0
55000, 37888, 1, 0
56000, 31744, 1, 0
57001, 31712, 1, 0
58000, 34816, 1, 0
59000, 36352, 1, 0
60000, 31744, 1, 0
61000, 32256, 1, 0
62000, 36864, 1, 0
63000, 33792, 1, 0
64000, 32256, 1, 0
65000, 31744, 1, 0
66001, 38873, 1, 0
67000, 32256, 1, 0
68000, 31744, 1, 0
69000, 31744, 1, 0
70000, 39424, 1, 0
71000, 31744, 1, 0
72000, 31744, 1, 0
73000, 32256, 1, 0
74000, 38912, 1, 0
75000, 32256, 1, 0
76000, 31744, 1, 0
77000, 31744, 1, 0
78000, 39424, 1, 0
79000, 31744, 1, 0
80000, 31744, 1, 0
81000, 32256, 1, 0
82000, 38912, 1, 0
83000, 31744, 1, 0
84000, 31744, 1, 0
85000, 32768, 1, 0
86000, 38400, 1, 0
87000, 31744, 1, 0
88000, 32256, 1, 0
89000, 33792, 1, 0
90000, 37376, 1, 0
91000, 31744, 1, 0
92000, 31744, 1, 0
93000, 35840, 1, 0
94001, 35292, 1, 0
95000, 32256, 1, 0
96000, 31744, 1, 0
97000, 38400, 1, 0
98000, 32768, 1, 0
99000, 31744, 1, 0
100000, 31744, 1, 0
101000, 39424, 1, 0
102000, 31744, 1, 0
103000, 31744, 1, 0
104000, 32256, 1, 0
105000, 38912, 1, 0
106000, 31744, 1, 0
107000, 32256, 1, 0
108000, 31744, 1, 0
109000, 38912, 1, 0
110000, 32256, 1, 0
111000, 31744, 1, 0
112000, 32256, 1, 0
113000, 38912, 1, 0
114000, 31744, 1, 0
115000, 31744, 1, 0
116000, 32256, 1, 0
117001, 38873, 1, 0
118000, 31744, 1, 0
119000, 31744, 1, 0
120000, 33280, 1, 0
