100, 579090, 1, 0
200, 577535, 1, 0
300, 563964, 1, 0
400, 517578, 1, 0
500, 517844, 1, 0
600, 516504, 1, 0
700, 515679, 1, 0
800, 517870, 1, 0
900, 517863, 1, 0
1000, 517807, 1, 0
1100, 517582, 1, 0
1200, 541283, 1, 0
1300, 543192, 1, 0
1400, 564064, 1, 0
1500, 542477, 1, 0
1600, 547336, 1, 0
1700, 546661, 1, 0
1800, 548531, 1, 0
1900, 546425, 1, 0
2000, 542764, 1, 0
2100, 547528, 1, 0
2200, 540851, 1, 0
2300, 545485, 1, 0
2400, 547663, 1, 0
2500, 546396, 1, 0
2600, 547645, 1, 0
2700, 542333, 1, 0
2800, 547612, 1, 0
2900, 547117, 1, 0
3000, 526772, 1, 0
3100, 538860, 1, 0
3200, 537820, 1, 0
3300, 538142, 1, 0
3400, 534902, 1, 0
3500, 542338, 1, 0
3600, 541516, 1, 0
3700, 577062, 1, 0
3800, 569905, 1, 0
3900, 552221, 1, 0
4000, 546283, 1, 0
4100, 551037, 1, 0
4200, 557864, 1, 0
4300, 574779, 1, 0
4400, 575235, 1, 0
4474, 576921, 1, 0
