100, 13514, 1, 0
200, 13226, 1, 0
300, 13423, 1, 0
400, 11253, 1, 0
500, 12940, 1, 0
600, 12975, 1, 0
700, 12788, 1, 0
800, 13029, 1, 0
900, 12933, 1, 0
1000, 12804, 1, 0
1100, 13172, 1, 0
1200, 13149, 1, 0
1300, 13031, 1, 0
1400, 13239, 1, 0
1500, 12726, 1, 0
1600, 12784, 1, 0
1700, 12661, 1, 0
1800, 12783, 1, 0
1900, 12989, 1, 0
2000, 10866, 1, 0
2100, 11422, 1, 0
2200, 9511, 1, 0
2300, 12348, 1, 0
2400, 11935, 1, 0
2500, 12231, 1, 0
2600, 12907, 1, 0
2700, 12100, 1, 0
2800, 12980, 1, 0
2900, 12801, 1, 0
3000, 9772, 1, 0
3100, 9717, 1, 0
3200, 9733, 1, 0
3300, 10541, 1, 0
3400, 12865, 1, 0
3500, 12440, 1, 0
3600, 12650, 1, 0
3700, 12088, 1, 0
3800, 12274, 1, 0
3900, 13075, 1, 0
4000, 10861, 1, 0
4100, 12677, 1, 0
4200, 12039, 1, 0
4300, 13010, 1, 0
4400, 12895, 1, 0
4500, 12863, 1, 0
4600, 12849, 1, 0
4700, 13310, 1, 0
4800, 12812, 1, 0
4900, 13212, 1, 0
5000, 12963, 1, 0
5100, 13202, 1, 0
5200, 13194, 1, 0
5300, 13548, 1, 0
5400, 13212, 1, 0
5500, 12819, 1, 0
5600, 12918, 1, 0
5700, 12943, 1, 0
5800, 13025, 1, 0
5900, 13161, 1, 0
6000, 12541, 1, 0
6100, 13138, 1, 0
6200, 12928, 1, 0
6300, 13316, 1, 0
6400, 12649, 1, 0
6500, 12749, 1, 0
6600, 11985, 1, 0
6700, 13108, 1, 0
6800, 12511, 1, 0
6900, 12732, 1, 0
7000, 11599, 1, 0
7100, 13277, 1, 0
7200, 10849, 1, 0
7300, 10603, 1, 0
7400, 10813, 1, 0
7500, 10666, 1, 0
7600, 11057, 1, 0
7700, 10692, 1, 0
7800, 10841, 1, 0
7900, 10670, 1, 0
8000, 10848, 1, 0
8100, 10638, 1, 0
8200, 10659, 1, 0
8300, 10482, 1, 0
8400, 10608, 1, 0
8500, 10727, 1, 0
8600, 10633, 1, 0
8700, 10690, 1, 0
8800, 10594, 1, 0
8900, 10738, 1, 0
9000, 10867, 1, 0
9100, 10576, 1, 0
9200, 10478, 1, 0
9300, 10637, 1, 0
9400, 10567, 1, 0
9500, 10616, 1, 0
9600, 10708, 1, 0
9700, 10523, 1, 0
9800, 10621, 1, 0
9900, 10573, 1, 0
10000, 10998, 1, 0
10100, 10661, 1, 0
10200, 10797, 1, 0
10300, 10588, 1, 0
10400, 10926, 1, 0
10500, 10487, 1, 0
10600, 10629, 1, 0
10700, 10666, 1, 0
10800, 10602, 1, 0
10900, 10875, 1, 0
11000, 10824, 1, 0
11100, 10627, 1, 0
11200, 10704, 1, 0
11300, 11148, 1, 0
11400, 10494, 1, 0
11500, 10695, 1, 0
11600, 10741, 1, 0
11700, 10529, 1, 0
11800, 10604, 1, 0
11900, 10580, 1, 0
12000, 10887, 1, 0
12100, 10585, 1, 0
12200, 11751, 1, 0
12300, 11106, 1, 0
12400, 11796, 1, 0
12500, 12275, 1, 0
12600, 13137, 1, 0
12700, 12989, 1, 0
12800, 12921, 1, 0
12900, 13336, 1, 0
13000, 11201, 1, 0
13100, 12494, 1, 0
13200, 13132, 1, 0
13300, 10937, 1, 0
13400, 12906, 1, 0
13500, 12916, 1, 0
13600, 12798, 1, 0
13700, 13446, 1, 0
13800, 11926, 1, 0
13900, 12486, 1, 0
14000, 11848, 1, 0
14100, 11908, 1, 0
14200, 11572, 1, 0
14300, 12123, 1, 0
14400, 12322, 1, 0
14500, 12139, 1, 0
14600, 12894, 1, 0
14700, 12531, 1, 0
14800, 14341, 1, 0
14900, 13127, 1, 0
15000, 13200, 1, 0
15100, 13128, 1, 0
15200, 12771, 1, 0
15300, 12802, 1, 0
15400, 13202, 1, 0
15500, 12946, 1, 0
15600, 13410, 1, 0
15700, 12995, 1, 0
15800, 13167, 1, 0
15900, 12865, 1, 0
16000, 11031, 1, 0
16100, 12912, 1, 0
16200, 11509, 1, 0
16300, 12372, 1, 0
16400, 13127, 1, 0
16500, 10570, 1, 0
16600, 12722, 1, 0
16700, 10281, 1, 0
16800, 10467, 1, 0
16900, 12133, 1, 0
17000, 9947, 1, 0
17100, 12805, 1, 0
17200, 12438, 1, 0
17300, 10790, 1, 0
17400, 11664, 1, 0
17500, 12059, 1, 0
17600, 12114, 1, 0
17700, 12580, 1, 0
17800, 12640, 1, 0
17900, 12712, 1, 0
18000, 10838, 1, 0
18100, 11631, 1, 0
18155, 12134, 1, 0
