1000, 64000, 1, 0
2000, 64000, 1, 0
3000, 64000, 1, 0
4000, 64000, 1, 0
5001, 64191, 1, 0
6000, 63744, 1, 0
7000, 63744, 1, 0
8000, 64128, 1, 0
9000, 63872, 1, 0
10000, 64128, 1, 0
11000, 63872, 1, 0
12000, 64000, 1, 0
13000, 36608, 1, 0
14000, 30080, 1, 0
15000, 31232, 1, 0
16000, 27136, 1, 0
17000, 29312, 1, 0
18000, 27520, 1, 0
19000, 24192, 1, 0
20000, 25216, 1, 0
21000, 22784, 1, 0
22000, 20736, 1, 0
23000, 20224, 1, 0
24000, 18560, 1, 0
25000, 16640, 1, 0
26000, 15232, 1, 0
27000, 15488, 1, 0
28000, 14592, 1, 0
29000, 13184, 1, 0
30000, 12160, 1, 0
31000, 12160, 1, 0
32000, 12032, 1, 0
33000, 10624, 1, 0
34000, 10368, 1, 0
35001, 9462, 1, 0
36000, 10112, 1, 0
37000, 8832, 1, 0
38000, 7936, 1, 0
39000, 7424, 1, 0
40000, 7424, 1, 0
41000, 13312, 1, 0
42000, 12160, 1, 0
43000, 8192, 1, 0
44000, 9344, 1, 0
45000, 12544, 1, 0
46000, 16512, 1, 0
47000, 10368, 1, 0
48000, 12160, 1, 0
49000, 10880, 1, 0
50000, 6656, 1, 0
51000, 4480, 1, 0
52000, 5504, 1, 0
53000, 8320, 1, 0
54000, 15872, 1, 0
55000, 8320, 1, 0
56000, 14720, 1, 0
57001, 7160, 1, 0
58000, 6528, 1, 0
59000, 15232, 1, 0
60000, 15488, 1, 0
61000, 14336, 1, 0
62001, 7416, 1, 0
63000, 8192, 1, 0
64000, 4096, 1, 0
65000, 4480, 1, 0
66000, 7168, 1, 0
67000, 16896, 1, 0
68000, 6656, 1, 0
69000, 8064, 1, 0
70000, 11904, 1, 0
71000, 8704, 1, 0
72000, 5504, 1, 0
73000, 8960, 1, 0
74000, 12672, 1, 0
75000, 13056, 1, 0
76000, 9984, 1, 0
77000, 10368, 1, 0
78000, 6528, 1, 0
79000, 8448, 1, 0
80000, 7040, 1, 0
81000, 11520, 1, 0
82000, 12416, 1, 0
83000, 4608, 1, 0
84000, 7296, 1, 0
85000, 10752, 1, 0
86000, 7680, 1, 0
87000, 9088, 1, 0
88000, 11392, 1, 0
89000, 7680, 1, 0
90000, 7040, 1, 0
91000, 6272, 1, 0
92000, 6400, 1, 0
93000, 16384, 1, 0
94000, 9472, 1, 0
95000, 10112, 1, 0
96000, 12544, 1, 0
97000, 17664, 1, 0
98000, 6400, 1, 0
99000, 4864, 1, 0
100000, 7168, 1, 0
101000, 7936, 1, 0
102000, 6272, 1, 0
103000, 8704, 1, 0
104000, 12160, 1, 0
105000, 6272, 1, 0
106001, 4859, 1, 0
107000, 7296, 1, 0
108000, 13056, 1, 0
109000, 8960, 1, 0
110000, 15232, 1, 0
111000, 7552, 1, 0
112000, 4608, 1, 0
113000, 8832, 1, 0
114000, 9984, 1, 0
115000, 7424, 1, 0
116000, 8064, 1, 0
117000, 7808, 1, 0
118000, 9088, 1, 0
119000, 10752, 1, 0
120000, 10368, 1, 0
121000, 8320, 1, 0
122000, 6912, 1, 0
123000, 10112, 1, 0
124000, 9856, 1, 0
125000, 6784, 1, 0
126000, 9216, 1, 0
127000, 5760, 1, 0
128000, 5760, 1, 0
129000, 6784, 1, 0
130000, 7936, 1, 0
131000, 11520, 1, 0
132000, 16512, 1, 0
133000, 7680, 1, 0
134000, 4992, 1, 0
135000, 9600, 1, 0
136000, 6912, 1, 0
137000, 8832, 1, 0
138000, 2304, 1, 0
139000, 11776, 1, 0
140000, 11392, 1, 0
141000, 6272, 1, 0
142000, 7552, 1, 0
143000, 9344, 1, 0
144000, 8448, 1, 0
145000, 5760, 1, 0
146000, 7424, 1, 0
147000, 5760, 1, 0
148000, 13312, 1, 0
149000, 8832, 1, 0
150000, 7680, 1, 0
151000, 7424, 1, 0
152000, 6912, 1, 0
153000, 6912, 1, 0
154000, 6656, 1, 0
155000, 7680, 1, 0
156000, 6784, 1, 0
157000, 6656, 1, 0
158000, 6784, 1, 0
159000, 6656, 1, 0
160000, 7424, 1, 0
161000, 6272, 1, 0
162000, 6144, 1, 0
163000, 6272, 1, 0
164000, 6400, 1, 0
165000, 6656, 1, 0
166000, 7040, 1, 0
167000, 6400, 1, 0
168000, 6016, 1, 0
169001, 6009, 1, 0
170000, 5632, 1, 0
171000, 6656, 1, 0
172000, 5504, 1, 0
173000, 5248, 1, 0
174000, 5248, 1, 0
175001, 5370, 1, 0
176000, 5376, 1, 0
177000, 6016, 1, 0
178000, 5248, 1, 0
179000, 4992, 1, 0
180001, 4859, 1, 0
181000, 4864, 1, 0
182000, 5120, 1, 0
183000, 5376, 1, 0
184000, 4608, 1, 0
185000, 4480, 1, 0
186000, 4608, 1, 0
187000, 4608, 1, 0
188000, 4992, 1, 0
189000, 5120, 1, 0
190000, 4608, 1, 0
191000, 4608, 1, 0
192000, 4480, 1, 0
193000, 4224, 1, 0
194000, 4864, 1, 0
195000, 4352, 1, 0
196000, 3968, 1, 0
197000, 3968, 1, 0
198000, 3968, 1, 0
199001, 3964, 1, 0
200000, 4480, 1, 0
201000, 4096, 1, 0
202000, 3840, 1, 0
203000, 3968, 1, 0
204000, 3840, 1, 0
205000, 3712, 1, 0
206000, 3968, 1, 0
207000, 4096, 1, 0
208000, 3584, 1, 0
209000, 3712, 1, 0
210000, 3584, 1, 0
211000, 3712, 1, 0
212000, 3712, 1, 0
213000, 3840, 1, 0
214000, 3584, 1, 0
215000, 3456, 1, 0
216000, 3328, 1, 0
217000, 3328, 1, 0
218000, 3328, 1, 0
219000, 3712, 1, 0
220000, 3200, 1, 0
221000, 3200, 1, 0
222000, 3072, 1, 0
223000, 3200, 1, 0
224000, 3200, 1, 0
225000, 3584, 1, 0
226000, 3200, 1, 0
227000, 2944, 1, 0
228000, 2944, 1, 0
229001, 3068, 1, 0
230000, 3072, 1, 0
231000, 2944, 1, 0
232000, 3456, 1, 0
233000, 2944, 1, 0
234000, 2944, 1, 0
235000, 2944, 1, 0
236000, 2944, 1, 0
237000, 2688, 1, 0
238000, 3200, 1, 0
239000, 2688, 1, 0
240000, 2688, 1, 0
241000, 2688, 1, 0
242000, 2688, 1, 0
243000, 2688, 1, 0
244000, 2688, 1, 0
245000, 3072, 1, 0
246000, 2560, 1, 0
247000, 2688, 1, 0
248000, 2560, 1, 0
249000, 2688, 1, 0
250000, 2560, 1, 0
251000, 2944, 1, 0
252000, 2432, 1, 0
253000, 2432, 1, 0
254000, 2560, 1, 0
255000, 2432, 1, 0
256000, 2432, 1, 0
257000, 2432, 1, 0
258000, 2688, 1, 0
259000, 2432, 1, 0
260000, 2432, 1, 0
261000, 2304, 1, 0
262000, 2304, 1, 0
263000, 2176, 1, 0
264000, 2432, 1, 0
265000, 2432, 1, 0
266000, 2304, 1, 0
267000, 2304, 1, 0
268000, 2176, 1, 0
269000, 2304, 1, 0
270000, 2176, 1, 0
271000, 2432, 1, 0
272000, 2176, 1, 0
273000, 2176, 1, 0
274000, 2048, 1, 0
275000, 2176, 1, 0
276000, 2176, 1, 0
277000, 2048, 1, 0
278000, 2432, 1, 0
279000, 2048, 1, 0
280000, 2048, 1, 0
281000, 2048, 1, 0
282000, 1920, 1, 0
283000, 1920, 1, 0
284000, 1920, 1, 0
285000, 2176, 1, 0
286001, 2045, 1, 0
287000, 1920, 1, 0
288000, 1920, 1, 0
289000, 1920, 1, 0
290000, 1920, 1, 0
291000, 2048, 1, 0
292000, 2048, 1, 0
293000, 1792, 1, 0
294000, 1664, 1, 0
295000, 1664, 1, 0
296000, 1792, 1, 0
297000, 1536, 1, 0
298000, 1920, 1, 0
299000, 1920, 1, 0
300000, 1792, 1, 0
301000, 1664, 1, 0
302000, 1920, 1, 0
303000, 1792, 1, 0
304000, 1792, 1, 0
305000, 2048, 1, 0
306000, 1664, 1, 0
307000, 1664, 1, 0
308000, 1536, 1, 0
309000, 1664, 1, 0
310000, 1536, 1, 0
311000, 1664, 1, 0
312000, 1920, 1, 0
313000, 1664, 1, 0
314000, 1536, 1, 0
315000, 1536, 1, 0
316000, 1408, 1, 0
317000, 1536, 1, 0
318000, 1408, 1, 0
319000, 1664, 1, 0
320000, 1408, 1, 0
321000, 1536, 1, 0
322000, 1536, 1, 0
323000, 1536, 1, 0
324000, 1408, 1, 0
325000, 1536, 1, 0
326000, 1536, 1, 0
327000, 1536, 1, 0
328000, 1408, 1, 0
329000, 1408, 1, 0
330000, 1280, 1, 0
331000, 1408, 1, 0
332000, 1408, 1, 0
333000, 1536, 1, 0
334000, 1280, 1, 0
335000, 1408, 1, 0
336000, 1280, 1, 0
337000, 1280, 1, 0
338000, 1280, 1, 0
339000, 1408, 1, 0
340000, 1536, 1, 0
341000, 1152, 1, 0
342000, 1280, 1, 0
343001, 1278, 1, 0
344000, 1280, 1, 0
345000, 1152, 1, 0
346000, 1280, 1, 0
347000, 1408, 1, 0
348000, 1280, 1, 0
349000, 1152, 1, 0
350000, 1280, 1, 0
351000, 1280, 1, 0
352000, 1152, 1, 0
353000, 1152, 1, 0
354000, 1024, 1, 0
355000, 1280, 1, 0
356000, 1152, 1, 0
357000, 1024, 1, 0
358000, 1152, 1, 0
359000, 1152, 1, 0
360000, 1280, 1, 0
361000, 1024, 1, 0
362000, 1280, 1, 0
363000, 1024, 1, 0
364000, 1024, 1, 0
365000, 1152, 1, 0
366001, 1022, 1, 0
367000, 1152, 1, 0
368000, 1152, 1, 0
369000, 1152, 1, 0
370000, 1152, 1, 0
371001, 1022, 1, 0
372000, 1024, 1, 0
373001, 895, 1, 0
374000, 896, 1, 0
375000, 1024, 1, 0
376000, 1024, 1, 0
377000, 896, 1, 0
378001, 895, 1, 0
379000, 1024, 1, 0
380000, 896, 1, 0
381000, 1024, 1, 0
382000, 896, 1, 0
383000, 1024, 1, 0
384000, 1024, 1, 0
385000, 768, 1, 0
386000, 896, 1, 0
387000, 896, 1, 0
388000, 896, 1, 0
389000, 896, 1, 0
390000, 768, 1, 0
391000, 896, 1, 0
392000, 896, 1, 0
393000, 896, 1, 0
394000, 896, 1, 0
395000, 896, 1, 0
396000, 768, 1, 0
397000, 768, 1, 0
398000, 1024, 1, 0
399000, 896, 1, 0
400000, 768, 1, 0
401001, 767, 1, 0
402000, 768, 1, 0
403001, 767, 1, 0
404000, 896, 1, 0
405000, 896, 1, 0
406000, 768, 1, 0
407000, 768, 1, 0
408001, 767, 1, 0
409000, 896, 1, 0
410000, 896, 1, 0
411001, 895, 1, 0
412000, 768, 1, 0
413000, 768, 1, 0
414000, 896, 1, 0
415000, 640, 1, 0
416000, 768, 1, 0
417000, 640, 1, 0
418000, 768, 1, 0
419000, 640, 1, 0
420000, 768, 1, 0
421000, 640, 1, 0
422000, 640, 1, 0
423000, 768, 1, 0
424000, 640, 1, 0
425000, 640, 1, 0
426000, 640, 1, 0
427000, 768, 1, 0
428000, 640, 1, 0
429000, 768, 1, 0
430000, 640, 1, 0
431000, 640, 1, 0
432000, 640, 1, 0
433000, 512, 1, 0
434000, 640, 1, 0
435000, 640, 1, 0
436000, 512, 1, 0
437000, 640, 1, 0
438000, 640, 1, 0
439000, 512, 1, 0
440000, 512, 1, 0
441000, 640, 1, 0
442000, 768, 1, 0
443000, 512, 1, 0
444000, 640, 1, 0
445000, 640, 1, 0
446000, 512, 1, 0
447000, 640, 1, 0
448001, 511, 1, 0
449000, 512, 1, 0
450000, 640, 1, 0
451000, 640, 1, 0
452000, 512, 1, 0
453000, 512, 1, 0
454000, 512, 1, 0
455000, 512, 1, 0
456000, 640, 1, 0
457000, 512, 1, 0
458000, 384, 1, 0
459000, 512, 1, 0
460000, 384, 1, 0
461000, 512, 1, 0
462000, 384, 1, 0
463000, 384, 1, 0
464000, 640, 1, 0
465000, 384, 1, 0
466000, 512, 1, 0
467000, 384, 1, 0
468000, 384, 1, 0
469000, 512, 1, 0
470000, 512, 1, 0
471000, 384, 1, 0
472000, 512, 1, 0
473001, 383, 1, 0
474000, 384, 1, 0
475000, 384, 1, 0
476000, 512, 1, 0
477000, 384, 1, 0
478000, 512, 1, 0
479000, 384, 1, 0
480000, 512, 1, 0
481000, 384, 1, 0
482000, 512, 1, 0
483000, 384, 1, 0
484000, 384, 1, 0
485000, 512, 1, 0
486000, 384, 1, 0
487000, 384, 1, 0
488000, 384, 1, 0
489000, 384, 1, 0
490000, 384, 1, 0
491000, 384, 1, 0
492000, 384, 1, 0
493000, 384, 1, 0
494000, 384, 1, 0
495000, 384, 1, 0
496000, 384, 1, 0
497000, 384, 1, 0
498000, 384, 1, 0
499000, 384, 1, 0
500000, 256, 1, 0
501000, 384, 1, 0
502000, 384, 1, 0
503000, 384, 1, 0
504000, 384, 1, 0
505000, 256, 1, 0
506001, 383, 1, 0
507000, 256, 1, 0
508000, 256, 1, 0
509000, 384, 1, 0
510000, 256, 1, 0
511000, 384, 1, 0
512000, 256, 1, 0
513000, 384, 1, 0
514000, 256, 1, 0
515000, 384, 1, 0
516000, 256, 1, 0
517000, 256, 1, 0
518000, 384, 1, 0
519000, 256, 1, 0
520000, 256, 1, 0
521000, 384, 1, 0
522000, 256, 1, 0
523000, 384, 1, 0
524000, 256, 1, 0
525001, 255, 1, 0
526000, 256, 1, 0
527000, 256, 1, 0
528000, 256, 1, 0
529000, 384, 1, 0
530000, 256, 1, 0
531000, 256, 1, 0
532000, 384, 1, 0
533000, 256, 1, 0
534000, 256, 1, 0
535000, 256, 1, 0
536000, 384, 1, 0
537000, 256, 1, 0
538000, 256, 1, 0
539000, 256, 1, 0
540000, 384, 1, 0
541000, 256, 1, 0
542000, 128, 1, 0
543000, 256, 1, 0
544000, 384, 1, 0
545000, 128, 1, 0
546000, 256, 1, 0
547000, 256, 1, 0
548000, 256, 1, 0
549000, 256, 1, 0
550000, 256, 1, 0
551000, 128, 1, 0
552000, 256, 1, 0
553000, 256, 1, 0
554000, 256, 1, 0
555000, 256, 1, 0
556000, 256, 1, 0
557000, 256, 1, 0
558000, 128, 1, 0
559000, 256, 1, 0
560000, 256, 1, 0
561000, 384, 1, 0
562000, 128, 1, 0
563001, 255, 1, 0
564000, 256, 1, 0
565000, 128, 1, 0
566001, 255, 1, 0
567000, 256, 1, 0
568000, 384, 1, 0
569000, 256, 1, 0
570000, 128, 1, 0
571000, 256, 1, 0
572000, 128, 1, 0
573000, 256, 1, 0
574001, 127, 1, 0
575000, 128, 1, 0
576000, 256, 1, 0
577000, 128, 1, 0
578000, 128, 1, 0
579000, 128, 1, 0
580000, 256, 1, 0
581000, 128, 1, 0
582000, 128, 1, 0
583000, 128, 1, 0
584000, 256, 1, 0
585000, 128, 1, 0
586000, 128, 1, 0
587000, 128, 1, 0
588000, 128, 1, 0
589000, 128, 1, 0
590000, 128, 1, 0
591000, 256, 1, 0
592000, 128, 1, 0
593000, 128, 1, 0
594000, 256, 1, 0
596000, 128, 1, 0
597000, 256, 1, 0
598001, 127, 1, 0
599000, 256, 1, 0
