1000, 7936, 1, 0
2000, 7936, 1, 0
3000, 7936, 1, 0
4000, 8064, 1, 0
5000, 6016, 1, 0
12000, 2688, 1, 0
13000, 7936, 1, 0
14000, 7936, 1, 0
15000, 8064, 1, 0
16001, 7928, 1, 0
17000, 7936, 1, 0
18000, 7936, 1, 0
19000, 8064, 1, 0
20000, 7936, 1, 0
21001, 7928, 1, 0
22000, 8064, 1, 0
23000, 7936, 1, 0
24000, 8320, 1, 0
25000, 7936, 1, 0
26000, 7936, 1, 0
27000, 8064, 1, 0
28000, 7936, 1, 0
29000, 7936, 1, 0
30000, 7936, 1, 0
31000, 8064, 1, 0
32000, 7936, 1, 0
33000, 7936, 1, 0
34001, 8055, 1, 0
35000, 7936, 1, 0
36000, 7936, 1, 0
37000, 8064, 1, 0
38000, 7936, 1, 0
39000, 7936, 1, 0
40000, 8320, 1, 0
41000, 8064, 1, 0
42000, 7936, 1, 0
43000, 7936, 1, 0
44000, 8064, 1, 0
45000, 7936, 1, 0
46000, 7936, 1, 0
47000, 7936, 1, 0
48000, 8064, 1, 0
49000, 7936, 1, 0
50000, 7936, 1, 0
51000, 8064, 1, 0
52000, 7936, 1, 0
53000, 7936, 1, 0
54000, 8064, 1, 0
55000, 7936, 1, 0
56000, 8192, 1, 0
57000, 8192, 1, 0
58000, 7936, 1, 0
59000, 8064, 1, 0
60000, 7936, 1, 0
61000, 7936, 1, 0
62000, 8064, 1, 0
63000, 7936, 1, 0
64000, 8064, 1, 0
65000, 7936, 1, 0
66000, 7936, 1, 0
67000, 8064, 1, 0
68001, 7928, 1, 0
69000, 7936, 1, 0
70001, 8055, 1, 0
71000, 7936, 1, 0
72000, 7936, 1, 0
73000, 8320, 1, 0
74000, 8064, 1, 0
75000, 7936, 1, 0
76000, 7936, 1, 0
77001, 8055, 1, 0
78000, 7936, 1, 0
79000, 7936, 1, 0
80000, 7936, 1, 0
81000, 8064, 1, 0
82000, 7936, 1, 0
83000, 7936, 1, 0
84001, 8055, 1, 0
85000, 7936, 1, 0
86001, 7928, 1, 0
87000, 7936, 1, 0
88000, 8064, 1, 0
89000, 8320, 1, 0
90000, 8064, 1, 0
91000, 7936, 1, 0
92000, 7936, 1, 0
93000, 8064, 1, 0
94000, 7936, 1, 0
95000, 7936, 1, 0
96000, 8064, 1, 0
97000, 7936, 1, 0
98000, 7936, 1, 0
99000, 7936, 1, 0
100000, 8064, 1, 0
101000, 7936, 1, 0
102000, 7936, 1, 0
103000, 8064, 1, 0
104000, 7936, 1, 0
105000, 7936, 1, 0
106000, 8320, 1, 0
107001, 8055, 1, 0
108000, 7936, 1, 0
109000, 7936, 1, 0
110000, 8064, 1, 0
111000, 7936, 1, 0
112000, 7936, 1, 0
113000, 7936, 1, 0
114000, 8064, 1, 0
115000, 7936, 1, 0
116000, 7936, 1, 0
117000, 8064, 1, 0
118001, 7928, 1, 0
119000, 7936, 1, 0
120000, 8064, 1, 0
121000, 7936, 1, 0
122000, 8320, 1, 0
123000, 7936, 1, 0
124000, 8064, 1, 0
125000, 7936, 1, 0
126000, 7936, 1, 0
127000, 7936, 1, 0
128000, 8064, 1, 0
129000, 7936, 1, 0
130000, 7936, 1, 0
131000, 8064, 1, 0
132000, 7936, 1, 0
133001, 7928, 1, 0
134000, 8064, 1, 0
135000, 7936, 1, 0
136000, 7936, 1, 0
137000, 7936, 1, 0
138000, 8576, 1, 0
139000, 7808, 1, 0
140000, 7936, 1, 0
141000, 8064, 1, 0
142001, 7928, 1, 0
143000, 7936, 1, 0
144000, 7936, 1, 0
145000, 8064, 1, 0
146000, 7936, 1, 0
147000, 7936, 1, 0
148000, 8064, 1, 0
149001, 7928, 1, 0
150000, 7936, 1, 0
151000, 7936, 1, 0
152000, 8064, 1, 0
153000, 7936, 1, 0
154000, 7936, 1, 0
155000, 8320, 1, 0
156000, 8064, 1, 0
157000, 7936, 1, 0
158001, 7928, 1, 0
159000, 8064, 1, 0
160000, 7936, 1, 0
161000, 7936, 1, 0
162000, 7936, 1, 0
163000, 8064, 1, 0
164000, 7936, 1, 0
165000, 7936, 1, 0
166000, 8064, 1, 0
167001, 7928, 1, 0
168000, 7936, 1, 0
169000, 7936, 1, 0
170000, 8064, 1, 0
171000, 8320, 1, 0
172000, 7936, 1, 0
173000, 8064, 1, 0
174000, 7936, 1, 0
175000, 7936, 1, 0
176000, 7936, 1, 0
177000, 8064, 1, 0
178001, 7928, 1, 0
179000, 7936, 1, 0
180000, 8064, 1, 0
181000, 7936, 1, 0
182000, 7936, 1, 0
183000, 7936, 1, 0
184000, 8064, 1, 0
185001, 7928, 1, 0
186000, 7936, 1, 0
187000, 8064, 1, 0
188000, 8320, 1, 0
189000, 8064, 1, 0
190000, 7936, 1, 0
191000, 7936, 1, 0
192001, 8055, 1, 0
193000, 7936, 1, 0
194001, 7928, 1, 0
195000, 7936, 1, 0
196000, 8064, 1, 0
197000, 7936, 1, 0
198000, 7936, 1, 0
199000, 8064, 1, 0
200000, 7936, 1, 0
201001, 7928, 1, 0
202000, 8064, 1, 0
203000, 7936, 1, 0
204000, 8320, 1, 0
205000, 7936, 1, 0
206000, 8064, 1, 0
207000, 7936, 1, 0
208000, 7936, 1, 0
209000, 8064, 1, 0
210000, 7936, 1, 0
211000, 7936, 1, 0
212000, 8064, 1, 0
213000, 7936, 1, 0
214000, 7936, 1, 0
215000, 8064, 1, 0
216000, 7936, 1, 0
217000, 7936, 1, 0
218000, 7936, 1, 0
219000, 8064, 1, 0
220000, 8320, 1, 0
221000, 7936, 1, 0
222000, 8064, 1, 0
223000, 7936, 1, 0
224000, 7936, 1, 0
225000, 8064, 1, 0
226000, 7936, 1, 0
227000, 7936, 1, 0
228000, 7936, 1, 0
229000, 8064, 1, 0
230000, 7936, 1, 0
231000, 7936, 1, 0
232000, 8064, 1, 0
233000, 7936, 1, 0
234000, 7936, 1, 0
235000, 7936, 1, 0
236000, 8064, 1, 0
237000, 8320, 1, 0
238000, 7936, 1, 0
239000, 7936, 1, 0
240000, 8064, 1, 0
241000, 7936, 1, 0
242000, 7936, 1, 0
243000, 8064, 1, 0
244000, 7936, 1, 0
245000, 7936, 1, 0
246000, 8064, 1, 0
247000, 7936, 1, 0
248001, 7928, 1, 0
249000, 7936, 1, 0
250000, 8064, 1, 0
251000, 7936, 1, 0
252000, 7936, 1, 0
253000, 8320, 1, 0
254000, 8064, 1, 0
255000, 7936, 1, 0
256000, 7936, 1, 0
257000, 8064, 1, 0
258000, 7936, 1, 0
259000, 7936, 1, 0
260000, 8064, 1, 0
261000, 7936, 1, 0
262000, 7936, 1, 0
263000, 7936, 1, 0
264000, 8064, 1, 0
265000, 7936, 1, 0
266000, 7936, 1, 0
267000, 8064, 1, 0
268000, 7936, 1, 0
269000, 7936, 1, 0
270000, 8320, 1, 0
271000, 8064, 1, 0
272000, 7936, 1, 0
273000, 7936, 1, 0
274000, 7936, 1, 0
275000, 8064, 1, 0
276000, 7936, 1, 0
277000, 7936, 1, 0
278000, 8064, 1, 0
279000, 7936, 1, 0
280001, 7928, 1, 0
281000, 7936, 1, 0
282000, 8064, 1, 0
283000, 7936, 1, 0
284000, 7936, 1, 0
285000, 8064, 1, 0
286000, 8320, 1, 0
287000, 7936, 1, 0
288000, 7424, 1, 0
289000, 7936, 1, 0
290001, 7928, 1, 0
291000, 7936, 1, 0
292000, 8064, 1, 0
293000, 7936, 1, 0
294000, 256, 1, 0
299000, 3456, 1, 0
300000, 7936, 1, 0
301000, 7936, 1, 0
302000, 8448, 1, 0
303000, 7936, 1, 0
304000, 768, 1, 0
314001, 255, 1, 0
315000, 896, 1, 0
316000, 1152, 1, 0
317000, 8064, 1, 0
318000, 1152, 1, 0
319000, 6656, 1, 0
320000, 6528, 1, 0
321000, 1920, 1, 0
325000, 3072, 1, 0
326001, 8055, 1, 0
327000, 7936, 1, 0
328000, 7936, 1, 0
329000, 8064, 1, 0
330000, 256, 1, 0
335000, 3840, 1, 0
336000, 5632, 1, 0
340000, 4864, 1, 0
341000, 8064, 1, 0
342000, 7936, 1, 0
343000, 7936, 1, 0
344000, 3072, 1, 0
349000, 7680, 1, 0
350001, 7928, 1, 0
351000, 7936, 1, 0
352000, 8448, 1, 0
353000, 7936, 1, 0
354000, 7936, 1, 0
355000, 7680, 1, 0
359000, 7808, 1, 0
360000, 7936, 1, 0
361000, 7936, 1, 0
362000, 7936, 1, 0
363000, 2432, 1, 0
368000, 3200, 1, 0
369000, 7936, 1, 0
370000, 8064, 1, 0
371000, 7936, 1, 0
372000, 7936, 1, 0
373000, 7936, 1, 0
374000, 8064, 1, 0
375001, 7928, 1, 0
376000, 7936, 1, 0
377000, 8064, 1, 0
378000, 7936, 1, 0
379000, 7936, 1, 0
380001, 8055, 1, 0
381000, 7936, 1, 0
382000, 7936, 1, 0
383000, 7936, 1, 0
384000, 8192, 1, 0
385001, 7800, 1, 0
386000, 7936, 1, 0
387000, 8064, 1, 0
388000, 7936, 1, 0
389000, 7936, 1, 0
390000, 7936, 1, 0
391000, 8064, 1, 0
392000, 7936, 1, 0
393000, 7936, 1, 0
394000, 8064, 1, 0
395000, 7936, 1, 0
396000, 7936, 1, 0
397000, 8064, 1, 0
398000, 7936, 1, 0
399000, 7936, 1, 0
400000, 7936, 1, 0
401000, 8448, 1, 0
402000, 7936, 1, 0
403000, 7936, 1, 0
404000, 7936, 1, 0
405000, 8064, 1, 0
406000, 7936, 1, 0
407001, 7928, 1, 0
408000, 8064, 1, 0
409000, 7936, 1, 0
410000, 7936, 1, 0
411000, 7936, 1, 0
412001, 8055, 1, 0
413000, 7936, 1, 0
414000, 7936, 1, 0
415000, 8064, 1, 0
416000, 7936, 1, 0
417000, 8320, 1, 0
418000, 7936, 1, 0
419000, 8064, 1, 0
420000, 7936, 1, 0
421000, 7936, 1, 0
422000, 8064, 1, 0
423000, 7936, 1, 0
424001, 7928, 1, 0
425000, 7936, 1, 0
426000, 8064, 1, 0
427000, 7936, 1, 0
428000, 7936, 1, 0
429000, 8064, 1, 0
430000, 7936, 1, 0
431000, 7936, 1, 0
432000, 8064, 1, 0
433000, 7936, 1, 0
434000, 8320, 1, 0
435000, 7936, 1, 0
436000, 8064, 1, 0
437000, 7936, 1, 0
438000, 7936, 1, 0
439000, 7936, 1, 0
440000, 8064, 1, 0
441000, 7936, 1, 0
442000, 7936, 1, 0
443000, 8064, 1, 0
444000, 7936, 1, 0
445000, 7936, 1, 0
446000, 7936, 1, 0
447000, 8064, 1, 0
448000, 7936, 1, 0
449000, 7936, 1, 0
450001, 8311, 1, 0
451000, 8064, 1, 0
452000, 7936, 1, 0
453000, 7936, 1, 0
454000, 8064, 1, 0
455000, 7936, 1, 0
456000, 7936, 1, 0
457000, 8064, 1, 0
458000, 7936, 1, 0
459000, 7936, 1, 0
460000, 7936, 1, 0
461000, 8064, 1, 0
462000, 7936, 1, 0
463000, 7936, 1, 0
464000, 8064, 1, 0
465000, 7936, 1, 0
466000, 8320, 1, 0
467000, 7936, 1, 0
468000, 8064, 1, 0
469000, 7936, 1, 0
470000, 7936, 1, 0
471000, 8064, 1, 0
472000, 7936, 1, 0
473000, 7936, 1, 0
474000, 7936, 1, 0
475000, 8064, 1, 0
476000, 7936, 1, 0
477000, 7936, 1, 0
478000, 8064, 1, 0
479000, 7936, 1, 0
480000, 7936, 1, 0
481000, 7936, 1, 0
482000, 8064, 1, 0
483001, 8311, 1, 0
484000, 7936, 1, 0
485000, 8064, 1, 0
486000, 7936, 1, 0
487000, 7936, 1, 0
488000, 7936, 1, 0
489000, 8064, 1, 0
490001, 7928, 1, 0
491000, 7936, 1, 0
492000, 8064, 1, 0
493000, 7936, 1, 0
494000, 7936, 1, 0
495000, 7936, 1, 0
496000, 8064, 1, 0
497001, 7928, 1, 0
498000, 7936, 1, 0
499000, 8320, 1, 0
500000, 8064, 1, 0
501000, 7936, 1, 0
502000, 7936, 1, 0
503000, 8064, 1, 0
504001, 7928, 1, 0
505000, 7936, 1, 0
506001, 7928, 1, 0
507000, 8064, 1, 0
508000, 7936, 1, 0
509000, 7936, 1, 0
510000, 8064, 1, 0
511000, 7936, 1, 0
512000, 7936, 1, 0
513000, 8064, 1, 0
514000, 7936, 1, 0
515000, 7936, 1, 0
516000, 8320, 1, 0
517000, 7936, 1, 0
518000, 8064, 1, 0
519000, 7936, 1, 0
520000, 7936, 1, 0
521000, 8064, 1, 0
522000, 7936, 1, 0
523001, 7928, 1, 0
524000, 8064, 1, 0
525000, 7936, 1, 0
526000, 7936, 1, 0
527000, 8064, 1, 0
528000, 7936, 1, 0
529000, 7936, 1, 0
530001, 8055, 1, 0
531000, 7936, 1, 0
532000, 8320, 1, 0
533000, 7936, 1, 0
534000, 8064, 1, 0
535000, 7936, 1, 0
536000, 7936, 1, 0
537001, 8055, 1, 0
538000, 7936, 1, 0
539000, 7936, 1, 0
540000, 7936, 1, 0
541000, 8064, 1, 0
542000, 7936, 1, 0
543000, 7936, 1, 0
544000, 8064, 1, 0
545000, 7936, 1, 0
546001, 7928, 1, 0
547000, 7936, 1, 0
548000, 8448, 1, 0
549000, 7936, 1, 0
550000, 7936, 1, 0
551000, 8064, 1, 0
552000, 7936, 1, 0
553000, 7936, 1, 0
554000, 7936, 1, 0
555000, 8064, 1, 0
556000, 7936, 1, 0
557000, 7936, 1, 0
558000, 8064, 1, 0
559000, 7936, 1, 0
560000, 7936, 1, 0
561000, 7936, 1, 0
562000, 8064, 1, 0
563000, 7936, 1, 0
564000, 7936, 1, 0
565000, 8448, 1, 0
566000, 7936, 1, 0
567000, 7936, 1, 0
568000, 7936, 1, 0
569000, 8064, 1, 0
570001, 7928, 1, 0
571000, 7936, 1, 0
572000, 8064, 1, 0
573000, 7936, 1, 0
574000, 7936, 1, 0
575000, 7936, 1, 0
576000, 8064, 1, 0
577001, 7928, 1, 0
578000, 7936, 1, 0
579000, 8064, 1, 0
580000, 7936, 1, 0
581000, 8320, 1, 0
582000, 7936, 1, 0
583000, 8064, 1, 0
584001, 7928, 1, 0
585000, 7936, 1, 0
586000, 8064, 1, 0
587000, 7936, 1, 0
588000, 7936, 1, 0
589000, 7936, 1, 0
590000, 8064, 1, 0
591000, 7936, 1, 0
592000, 7936, 1, 0
593000, 8064, 1, 0
594000, 7936, 1, 0
595000, 7936, 1, 0
596000, 8064, 1, 0
597000, 7936, 1, 0
598000, 8320, 1, 0
599000, 7936, 1, 0
