1011, 16048400, 1, 0
2006, 16054901, 1, 0
3002, 16049337, 1, 0
4013, 16050809, 1, 0
5008, 16052136, 1, 0
6004, 16053918, 1, 0
7000, 16056563, 1, 0
8011, 16055767, 1, 0
9007, 16054693, 1, 0
10003, 16057299, 1, 0
11673, 16061689, 1, 0
12010, 16051029, 1, 0
13005, 16051329, 1, 0
14001, 16050355, 1, 0
15015, 16094326, 1, 0
16010, 16052266, 1, 0
17006, 16053264, 1, 0
18003, 15090851, 1, 0
19014, 16047909, 1, 0
20009, 16046940, 1, 0
21006, 16072689, 1, 0
22004, 16087886, 1, 0
23015, 16053015, 1, 0
24010, 16048243, 1, 0
25007, 16068837, 1, 0
26002, 16049716, 1, 0
27014, 16053251, 1, 0
28009, 16052678, 1, 0
29005, 16053061, 1, 0
30000, 16054856, 1, 0
31011, 16044883, 1, 0
32007, 16050176, 1, 0
33002, 16047044, 1, 0
34013, 16050315, 1, 0
35011, 15096790, 1, 0
36006, 16051107, 1, 0
37002, 16051557, 1, 0
38013, 16049926, 1, 0
39008, 16051719, 1, 0
40004, 16050051, 1, 0
41015, 16051276, 1, 0
42010, 16048089, 1, 0
43006, 16054880, 1, 0
44001, 16051347, 1, 0
45012, 16046627, 1, 0
46008, 16051503, 1, 0
47003, 16051570, 1, 0
48015, 16054778, 1, 0
49010, 16049799, 1, 0
50006, 16051836, 1, 0
51004, 15107252, 1, 0
52015, 16053170, 1, 0
53011, 16049954, 1, 0
54006, 16053342, 1, 0
55002, 16059339, 1, 0
56014, 16053207, 1, 0
57009, 16051993, 1, 0
58005, 16052862, 1, 0
59000, 16048971, 1, 0
60011, 16049990, 1, 0
61006, 16048146, 1, 0
62004, 16086919, 1, 0
63015, 16050175, 1, 0
64010, 16041333, 1, 0
65005, 16038631, 1, 0
66000, 16044927, 1, 0
67029, 15116786, 1, 0
68008, 16053072, 1, 0
69004, 16049721, 1, 0
70015, 16049287, 1, 0
71010, 16047689, 1, 0
72005, 16051015, 1, 0
73001, 16048357, 1, 0
74012, 16050940, 1, 0
75007, 16050438, 1, 0
76003, 16051387, 1, 0
77014, 16051134, 1, 0
78010, 16052247, 1, 0
79005, 16050457, 1, 0
80000, 16052485, 1, 0
81012, 16048478, 1, 0
82007, 16049259, 1, 0
83002, 16050547, 1, 0
84015, 15104029, 1, 0
85012, 16065446, 1, 0
86007, 16051468, 1, 0
87002, 16050168, 1, 0
88012, 16022878, 1, 0
89005, 16021614, 1, 0
90015, 16022217, 1, 0
91009, 16022439, 1, 0
92004, 16056963, 1, 0
93014, 16024215, 1, 0
94010, 16053732, 1, 0
95005, 16050707, 1, 0
96000, 16052624, 1, 0
97012, 16051132, 1, 0
98007, 16049476, 1, 0
99002, 16047564, 1, 0
100015, 15098335, 1, 0
101010, 16045487, 1, 0
102005, 16050577, 1, 0
103001, 16051001, 1, 0
104012, 16053176, 1, 0
105007, 16047174, 1, 0
106003, 16053777, 1, 0
107014, 16049952, 1, 0
108010, 16052239, 1, 0
109004, 16035958, 1, 0
110014, 16019917, 1, 0
111007, 16020454, 1, 0
112003, 16061820, 1, 0
113013, 16026732, 1, 0
114008, 16048806, 1, 0
115004, 16047527, 1, 0
116014, 16027761, 1, 0
117012, 15110177, 1, 0
118007, 16049983, 1, 0
119002, 16047414, 1, 0
120013, 16036002, 1, 0
121008, 16048943, 1, 0
122004, 16053840, 1, 0
123015, 16051140, 1, 0
124010, 16049964, 1, 0
125006, 16050309, 1, 0
126001, 16051581, 1, 0
127013, 16051696, 1, 0
128008, 16050270, 1, 0
129003, 16048459, 1, 0
130015, 16060582, 1, 0
131010, 16047121, 1, 0
132006, 16049129, 1, 0
133002, 15086915, 1, 0
134014, 16047437, 1, 0
135009, 16047745, 1, 0
136004, 16050644, 1, 0
137000, 16051785, 1, 0
138011, 16051018, 1, 0
139006, 16049984, 1, 0
140002, 16050572, 1, 0
141013, 16049208, 1, 0
142008, 16051276, 1, 0
143004, 16051870, 1, 0
144015, 16053005, 1, 0
145010, 16047476, 1, 0
146006, 16049044, 1, 0
147001, 16049310, 1, 0
148012, 16049338, 1, 0
149009, 15087451, 1, 0
150004, 16050468, 1, 0
151000, 16061052, 1, 0
152012, 16048592, 1, 0
153007, 16052393, 1, 0
154003, 16052002, 1, 0
155015, 16060288, 1, 0
156010, 16049517, 1, 0
157005, 16050309, 1, 0
158000, 16050385, 1, 0
159012, 16047123, 1, 0
160007, 16049601, 1, 0
161002, 16050607, 1, 0
162014, 16048780, 1, 0
163009, 16049090, 1, 0
164004, 16050523, 1, 0
165001, 16067344, 1, 0
166014, 15105812, 1, 0
167009, 16052198, 1, 0
168004, 16039211, 1, 0
169014, 16022049, 1, 0
170007, 16022644, 1, 0
171001, 16025727, 1, 0
172012, 16051817, 1, 0
173008, 16051460, 1, 0
174003, 16050117, 1, 0
175015, 16058490, 1, 0
176010, 16051878, 1, 0
177006, 16051437, 1, 0
178001, 16051870, 1, 0
179013, 16056015, 1, 0
180008, 16049838, 1, 0
181003, 16049029, 1, 0
182000, 15088214, 1, 0
183012, 16050513, 1, 0
184007, 16048300, 1, 0
185003, 16057726, 1, 0
186014, 16050379, 1, 0
187009, 16049844, 1, 0
188005, 16049216, 1, 0
189000, 16050056, 1, 0
190011, 16048291, 1, 0
191006, 16047897, 1, 0
192003, 16075919, 1, 0
193015, 16048560, 1, 0
194010, 16048798, 1, 0
195005, 16040500, 1, 0
196000, 16051607, 1, 0
197011, 16046635, 1, 0
198001, 15969448, 1, 0
199004, 15166749, 1, 0
200015, 16051907, 1, 0
201010, 16049540, 1, 0
202006, 16049578, 1, 0
203001, 16050993, 1, 0
204012, 16046639, 1, 0
205007, 16045758, 1, 0
206001, 16021815, 1, 0
207010, 16022678, 1, 0
208006, 16055068, 1, 0
209001, 16052803, 1, 0
210013, 16052631, 1, 0
211009, 16056697, 1, 0
212005, 16067266, 1, 0
213002, 16070976, 1, 0
214013, 16043910, 1, 0
215010, 15089063, 1, 0
216005, 16050541, 1, 0
217000, 16049956, 1, 0
218014, 16093376, 1, 0
219009, 16047231, 1, 0
220004, 16039404, 1, 0
221015, 16044508, 1, 0
222010, 16039056, 1, 0
223004, 16033084, 1, 0
224015, 16048010, 1, 0
225011, 16051150, 1, 0
226006, 16053493, 1, 0
227002, 16052870, 1, 0
228013, 16050422, 1, 0
229008, 16051381, 1, 0
230004, 16054862, 1, 0
231000, 15066065, 1, 0
232009, 16022527, 1, 0
233004, 16038480, 1, 0
234015, 16048551, 1, 0
235010, 16046646, 1, 0
236005, 16050354, 1, 0
237001, 16052250, 1, 0
238012, 16050944, 1, 0
239008, 16050190, 1, 0
240003, 16052478, 1, 0
241015, 16051238, 1, 0
242010, 16048784, 1, 0
243005, 16045536, 1, 0
244000, 16049675, 1, 0
245011, 16045878, 1, 0
246006, 16048185, 1, 0
247002, 16049549, 1, 0
248015, 15104813, 1, 0
249010, 16049169, 1, 0
250005, 16047842, 1, 0
251000, 16048858, 1, 0
252012, 16046256, 1, 0
253007, 16049381, 1, 0
254002, 16051944, 1, 0
255014, 16063831, 1, 0
256010, 16052637, 1, 0
257005, 16046784, 1, 0
258000, 16048227, 1, 0
259011, 16047724, 1, 0
260007, 16049043, 1, 0
261004, 16077147, 1, 0
262015, 16050591, 1, 0
263010, 16049847, 1, 0
264007, 15086392, 1, 0
265003, 16050400, 1, 0
266014, 16050278, 1, 0
267009, 16050968, 1, 0
268005, 16050999, 1, 0
269000, 16049857, 1, 0
270011, 16050930, 1, 0
271007, 16051788, 1, 0
272003, 16057750, 1, 0
273014, 16048324, 1, 0
274009, 16051360, 1, 0
275005, 16060661, 1, 0
276001, 16051562, 1, 0
277012, 16049300, 1, 0
278007, 16047176, 1, 0
279002, 16049337, 1, 0
280010, 15741105, 1, 0
281010, 15376006, 1, 0
282006, 16047897, 1, 0
283001, 16050555, 1, 0
284012, 16047127, 1, 0
285007, 16048552, 1, 0
286003, 16051376, 1, 0
287014, 16051091, 1, 0
288009, 16049036, 1, 0
289005, 16050282, 1, 0
290000, 16049799, 1, 0
291011, 16047953, 1, 0
292006, 16046605, 1, 0
293002, 16050489, 1, 0
294013, 16048743, 1, 0
295008, 16047643, 1, 0
296004, 16056501, 1, 0
297001, 15091464, 1, 0
298012, 16050230, 1, 0
299007, 16048488, 1, 0
300003, 16051486, 1, 0
301014, 16050723, 1, 0
302010, 16049275, 1, 0
303005, 16051244, 1, 0
304001, 16060373, 1, 0
305012, 16047718, 1, 0
306007, 16051902, 1, 0
307003, 16051916, 1, 0
308014, 16052121, 1, 0
309010, 16053563, 1, 0
310005, 16051034, 1, 0
311002, 16068912, 1, 0
312013, 16046546, 1, 0
313010, 15091981, 1, 0
314006, 16052589, 1, 0
315001, 16051066, 1, 0
316012, 16051314, 1, 0
317008, 16050786, 1, 0
318003, 16052291, 1, 0
319015, 16051425, 1, 0
320010, 16050272, 1, 0
321006, 16054297, 1, 0
322001, 16046465, 1, 0
323012, 16051016, 1, 0
324008, 16051531, 1, 0
325003, 16050510, 1, 0
326014, 16051516, 1, 0
327010, 16050009, 1, 0
328005, 16049632, 1, 0
329000, 16049666, 1, 0
330014, 15110049, 1, 0
331009, 16051302, 1, 0
332004, 16048486, 1, 0
333016, 16048525, 1, 0
334011, 16056492, 1, 0
335006, 16048352, 1, 0
336002, 16048469, 1, 0
337013, 16051645, 1, 0
338008, 16048871, 1, 0
339004, 16048840, 1, 0
340015, 16044860, 1, 0
341010, 16048629, 1, 0
342005, 16048821, 1, 0
343001, 16051940, 1, 0
344012, 16050967, 1, 0
345007, 16049303, 1, 0
346004, 15090752, 1, 0
347000, 16049008, 1, 0
348011, 16052356, 1, 0
349006, 16051444, 1, 0
350002, 16052922, 1, 0
351013, 16051627, 1, 0
352009, 16053538, 1, 0
353004, 16052665, 1, 0
354000, 16051151, 1, 0
355011, 16047812, 1, 0
356006, 16050254, 1, 0
357002, 16050517, 1, 0
358013, 16050448, 1, 0
359009, 16052433, 1, 0
360004, 16052237, 1, 0
361015, 16048123, 1, 0
362005, 15458472, 1, 0
363008, 15661351, 1, 0
364003, 16049260, 1, 0
365015, 16060503, 1, 0
366011, 16054596, 1, 0
367006, 16048324, 1, 0
368001, 16050206, 1, 0
369013, 16054491, 1, 0
370008, 16049775, 1, 0
371004, 16053974, 1, 0
372015, 16050794, 1, 0
373010, 16050777, 1, 0
374006, 16051609, 1, 0
375001, 16051133, 1, 0
376013, 16052318, 1, 0
377008, 16048795, 1, 0
378003, 16053814, 1, 0
379000, 15090009, 1, 0
380012, 16051733, 1, 0
381007, 16050084, 1, 0
382005, 16084335, 1, 0
383000, 16052230, 1, 0
384012, 16050539, 1, 0
385007, 16050043, 1, 0
386002, 16051392, 1, 0
387014, 16048702, 1, 0
388009, 16052194, 1, 0
389004, 16052775, 1, 0
390000, 16052846, 1, 0
391011, 16049608, 1, 0
392007, 16049918, 1, 0
393002, 16052092, 1, 0
394014, 16053293, 1, 0
395010, 15085380, 1, 0
396006, 16051508, 1, 0
397001, 16052838, 1, 0
398013, 16052176, 1, 0
399008, 16051876, 1, 0
400003, 16048076, 1, 0
401014, 16045497, 1, 0
402010, 16051836, 1, 0
403005, 16051791, 1, 0
404001, 16050030, 1, 0
405012, 16055483, 1, 0
406008, 16052225, 1, 0
407003, 16051157, 1, 0
408014, 16049186, 1, 0
409009, 16044999, 1, 0
410005, 16048513, 1, 0
411000, 16045894, 1, 0
412013, 15102268, 1, 0
413008, 16048267, 1, 0
414003, 16049181, 1, 0
415014, 16050056, 1, 0
416010, 16050488, 1, 0
417001, 17393371, 1, 0
418013, 16055643, 1, 0
419009, 16058250, 1, 0
422942, 16056596, 1, 0
422958, 16053818, 1, 0
422975, 16040400, 1, 0
423007, 16054315, 1, 0
424002, 16053084, 1, 0
425014, 16053878, 1, 0
426009, 16053383, 1, 0
427729, 16056064, 1, 0
428002, 16049373, 1, 0
429014, 16059167, 1, 0
430009, 16047750, 1, 0
431004, 16042126, 1, 0
432015, 16051814, 1, 0
433011, 16052941, 1, 0
434006, 16050767, 1, 0
435002, 16051071, 1, 0
436013, 16053263, 1, 0
437009, 16056824, 1, 0
438005, 16054599, 1, 0
439000, 16050575, 1, 0
440011, 16051020, 1, 0
441007, 16050384, 1, 0
442003, 16071377, 1, 0
443014, 16046263, 1, 0
444003, 15945081, 1, 0
445003, 15866633, 1, 0
446014, 16049441, 1, 0
447010, 16051879, 1, 0
448005, 16050188, 1, 0
449001, 16051772, 1, 0
450012, 16051778, 1, 0
451008, 16054052, 1, 0
452003, 16051485, 1, 0
453015, 16052161, 1, 0
454010, 16052798, 1, 0
455005, 16050287, 1, 0
456001, 16052214, 1, 0
457012, 16050728, 1, 0
458008, 16052874, 1, 0
459003, 16053761, 1, 0
460014, 16047873, 1, 0
461011, 15088160, 1, 0
462007, 16062084, 1, 0
463003, 16053037, 1, 0
464014, 16051395, 1, 0
465009, 16045055, 1, 0
466005, 16050478, 1, 0
467000, 16050346, 1, 0
468012, 16052610, 1, 0
469007, 16053339, 1, 0
470003, 16052570, 1, 0
471014, 16049965, 1, 0
472010, 16054646, 1, 0
473005, 16048574, 1, 0
474000, 16049831, 1, 0
475011, 16049823, 1, 0
476007, 16052315, 1, 0
477004, 15088189, 1, 0
478015, 16049318, 1, 0
479010, 16049630, 1, 0
480006, 16052489, 1, 0
481003, 16078790, 1, 0
482000, 16085787, 1, 0
483012, 16048586, 1, 0
484007, 16050509, 1, 0
485002, 16050902, 1, 0
486014, 16052580, 1, 0
487009, 16049220, 1, 0
488005, 16050121, 1, 0
489000, 16050563, 1, 0
490011, 16048408, 1, 0
491006, 16049700, 1, 0
492002, 16052548, 1, 0
493013, 16049332, 1, 0
494010, 15089610, 1, 0
495006, 16050187, 1, 0
496002, 16062936, 1, 0
497013, 16050043, 1, 0
498008, 16049465, 1, 0
499004, 16049322, 1, 0
500015, 16047265, 1, 0
501010, 16049141, 1, 0
502006, 16052899, 1, 0
503001, 16052059, 1, 0
504012, 16051340, 1, 0
505008, 16050701, 1, 0
506003, 16051007, 1, 0
507015, 16052225, 1, 0
508010, 16052378, 1, 0
509006, 16052382, 1, 0
510003, 15089373, 1, 0
511014, 16047882, 1, 0
512009, 16049911, 1, 0
513005, 16051339, 1, 0
514000, 16052411, 1, 0
515011, 16047142, 1, 0
516006, 16047999, 1, 0
517002, 16051863, 1, 0
518014, 16055676, 1, 0
519008, 16039898, 1, 0
520002, 16029274, 1, 0
521012, 16022292, 1, 0
522007, 16048453, 1, 0
523002, 16050994, 1, 0
524013, 16036826, 1, 0
525007, 16036920, 1, 0
526008, 15871787, 1, 0
527000, 15245331, 1, 0
528011, 16048556, 1, 0
529006, 16044337, 1, 0
530001, 16047705, 1, 0
531013, 16054682, 1, 0
532008, 16046293, 1, 0
533003, 16047487, 1, 0
534014, 16049883, 1, 0
535009, 16050410, 1, 0
536005, 16049826, 1, 0
537000, 16050833, 1, 0
538011, 16044892, 1, 0
539006, 16046576, 1, 0
540001, 16050384, 1, 0
541013, 16048753, 1, 0
542008, 16051395, 1, 0
543005, 15079608, 1, 0
544000, 16048687, 1, 0
545011, 16048264, 1, 0
546007, 16056183, 1, 0
547002, 16049345, 1, 0
548013, 16049478, 1, 0
549008, 16049063, 1, 0
550004, 16049972, 1, 0
551015, 16048961, 1, 0
552012, 16075900, 1, 0
553007, 16051558, 1, 0
554003, 16052158, 1, 0
555000, 16086830, 1, 0
556012, 16050683, 1, 0
557007, 16053767, 1, 0
558003, 16051615, 1, 0
559000, 15091870, 1, 0
560011, 16052274, 1, 0
561007, 16050012, 1, 0
562003, 16063286, 1, 0
563014, 16051896, 1, 0
564010, 16052077, 1, 0
565005, 16051493, 1, 0
566001, 16051442, 1, 0
567012, 16053113, 1, 0
568007, 16047942, 1, 0
569003, 16052907, 1, 0
570014, 16047916, 1, 0
571009, 16047828, 1, 0
572004, 16048436, 1, 0
573000, 16053600, 1, 0
574011, 16049225, 1, 0
575007, 16051324, 1, 0
576004, 15089342, 1, 0
577015, 16053816, 1, 0
578011, 16053341, 1, 0
579005, 16033803, 1, 0
580015, 16019691, 1, 0
581008, 16020883, 1, 0
582003, 16037121, 1, 0
583013, 16034569, 1, 0
584008, 16049010, 1, 0
585003, 16048934, 1, 0
586015, 16051130, 1, 0
587011, 16056321, 1, 0
588006, 16052248, 1, 0
589001, 16051332, 1, 0
590013, 16051323, 1, 0
591008, 16048086, 1, 0
592005, 15087293, 1, 0
593000, 16049768, 1, 0
594012, 16049450, 1, 0
595008, 16060917, 1, 0
596003, 16048750, 1, 0
597014, 16050904, 1, 0
598009, 16050113, 1, 0
599005, 16051579, 1, 0
600000, 16050210, 1, 0
