1000, 5824, 1, 0
2000, 5697, 1, 0
3000, 5668, 1, 0
4000, 5737, 1, 0
5000, 5771, 1, 0
6000, 5640, 1, 0
7000, 5709, 1, 0
8000, 5604, 1, 0
9000, 5618, 1, 0
10000, 5623, 1, 0
11000, 5654, 1, 0
12000, 5635, 1, 0
13000, 5652, 1, 0
14000, 5647, 1, 0
15000, 5682, 1, 0
16000, 5670, 1, 0
17000, 5647, 1, 0
18000, 5638, 1, 0
19000, 5613, 1, 0
20000, 5687, 1, 0
21000, 5655, 1, 0
22000, 5601, 1, 0
23000, 5633, 1, 0
24000, 5614, 1, 0
25000, 5659, 1, 0
26000, 5619, 1, 0
27000, 5630, 1, 0
28000, 5608, 1, 0
29000, 5607, 1, 0
30000, 5630, 1, 0
31000, 5641, 1, 0
32000, 5620, 1, 0
33000, 5629, 1, 0
34000, 5616, 1, 0
35000, 5614, 1, 0
36000, 5586, 1, 0
37000, 5626, 1, 0
38000, 5664, 1, 0
39000, 5657, 1, 0
40000, 5700, 1, 0
41000, 5674, 1, 0
42000, 5632, 1, 0
43000, 5623, 1, 0
44000, 5677, 1, 0
45000, 5694, 1, 0
46000, 5675, 1, 0
47000, 5681, 1, 0
48000, 5654, 1, 0
49000, 5677, 1, 0
50000, 5640, 1, 0
51000, 5665, 1, 0
52000, 5646, 1, 0
53000, 5664, 1, 0
54000, 5672, 1, 0
55000, 5694, 1, 0
56000, 5672, 1, 0
57000, 5641, 1, 0
58000, 5636, 1, 0
59000, 5639, 1, 0
60000, 5628, 1, 0
