29000, 192, 1, 0
48000, 169, 1, 0
49000, 248, 1, 0
50000, 248, 1, 0
51000, 249, 1, 0
52000, 229, 1, 0
53000, 248, 1, 0
54000, 246, 1, 0
55000, 247, 1, 0
56000, 235, 1, 0
57000, 246, 1, 0
58000, 245, 1, 0
59000, 246, 1, 0
60000, 242, 1, 0
61000, 247, 1, 0
62000, 245, 1, 0
63000, 245, 1, 0
64000, 246, 1, 0
65000, 15, 1, 0
72000, 236, 1, 0
73000, 237, 1, 0
74000, 245, 1, 0
75000, 245, 1, 0
76000, 245, 1, 0
77000, 242, 1, 0
78000, 245, 1, 0
79000, 244, 1, 0
80000, 245, 1, 0
81000, 242, 1, 0
82000, 245, 1, 0
83000, 245, 1, 0
84000, 245, 1, 0
85000, 240, 1, 0
86000, 155, 1, 0
87000, 121, 1, 0
90000, 219, 1, 0
91001, 246, 1, 0
92000, 246, 1, 0
93000, 193, 1, 0
94000, 180, 1, 0
95000, 246, 1, 0
96000, 246, 1, 0
97000, 247, 1, 0
98000, 230, 1, 0
99000, 244, 1, 0
100000, 244, 1, 0
101001, 244, 1, 0
102000, 241, 1, 0
103000, 244, 1, 0
104000, 244, 1, 0
105000, 244, 1, 0
106000, 243, 1, 0
107000, 246, 1, 0
108000, 246, 1, 0
109000, 247, 1, 0
110000, 245, 1, 0
111000, 14, 1, 0
115000, 193, 1, 0
116000, 166, 1, 0
119000, 152, 1, 0
120000, 246, 1, 0
121000, 247, 1, 0
122000, 246, 1, 0
123000, 241, 1, 0
124000, 246, 1, 0
125000, 247, 1, 0
126000, 246, 1, 0
127000, 242, 1, 0
128000, 245, 1, 0
129000, 244, 1, 0
130000, 245, 1, 0
131000, 242, 1, 0
132001, 243, 1, 0
133000, 245, 1, 0
134000, 245, 1, 0
135000, 244, 1, 0
136000, 243, 1, 0
137000, 245, 1, 0
138000, 246, 1, 0
139000, 246, 1, 0
140000, 72, 1, 0
146000, 68, 1, 0
147000, 169, 1, 0
148000, 75, 1, 0
159000, 240, 1, 0
160000, 202, 1, 0
161000, 210, 1, 0
162000, 246, 1, 0
163000, 247, 1, 0
164000, 246, 1, 0
165000, 243, 1, 0
166000, 247, 1, 0
167000, 246, 1, 0
168000, 247, 1, 0
169000, 239, 1, 0
170000, 246, 1, 0
171000, 247, 1, 0
172000, 246, 1, 0
173000, 240, 1, 0
174000, 247, 1, 0
175001, 245, 1, 0
176000, 247, 1, 0
177000, 206, 1, 0
182000, 243, 1, 0
183000, 244, 1, 0
184001, 243, 1, 0
185000, 244, 1, 0
186000, 240, 1, 0
187000, 245, 1, 0
188000, 245, 1, 0
189000, 244, 1, 0
190000, 239, 1, 0
191000, 244, 1, 0
192000, 246, 1, 0
193000, 246, 1, 0
194000, 237, 1, 0
195000, 246, 1, 0
196000, 245, 1, 0
197000, 245, 1, 0
198000, 199, 1, 0
208000, 62, 1, 0
209000, 244, 1, 0
210000, 245, 1, 0
211000, 64, 1, 0
212000, 17, 1, 0
213000, 27, 1, 0
215000, 126, 1, 0
216000, 245, 1, 0
217000, 25, 1, 0
219000, 80, 1, 0
220000, 246, 1, 0
221000, 246, 1, 0
222000, 245, 1, 0
223000, 231, 1, 0
224000, 245, 1, 0
225000, 245, 1, 0
226001, 244, 1, 0
227000, 245, 1, 0
228000, 242, 1, 0
229000, 248, 1, 0
230000, 246, 1, 0
231000, 246, 1, 0
232000, 241, 1, 0
233000, 248, 1, 0
234000, 247, 1, 0
235000, 249, 1, 0
236000, 101, 1, 0
240000, 109, 1, 0
241000, 31, 1, 0
244000, 71, 1, 0
245000, 245, 1, 0
246000, 245, 1, 0
247000, 45, 1, 0
261000, 133, 1, 0
262000, 201, 1, 0
266000, 2, 1, 0
271000, 40, 1, 0
272001, 245, 1, 0
273000, 243, 1, 0
274000, 239, 1, 0
275000, 246, 1, 0
276000, 247, 1, 0
277001, 246, 1, 0
278000, 239, 1, 0
279000, 248, 1, 0
280000, 246, 1, 0
281000, 247, 1, 0
282000, 245, 1, 0
283000, 247, 1, 0
284000, 246, 1, 0
285000, 246, 1, 0
286000, 130, 1, 0
290000, 1, 1, 0
293000, 41, 1, 0
297000, 126, 1, 0
298000, 244, 1, 0
299000, 246, 1, 0
300000, 245, 1, 0
301000, 244, 1, 0
302000, 245, 1, 0
303000, 242, 1, 0
304000, 244, 1, 0
305000, 245, 1, 0
306000, 245, 1, 0
307000, 237, 1, 0
308000, 244, 1, 0
309000, 244, 1, 0
310000, 247, 1, 0
311000, 241, 1, 0
312000, 247, 1, 0
313000, 246, 1, 0
314000, 247, 1, 0
315000, 199, 1, 0
332000, 128, 1, 0
333000, 129, 1, 0
339000, 230, 1, 0
340000, 241, 1, 0
341000, 245, 1, 0
342000, 246, 1, 0
343000, 247, 1, 0
344000, 240, 1, 0
345000, 245, 1, 0
346000, 245, 1, 0
347000, 245, 1, 0
348000, 244, 1, 0
349000, 241, 1, 0
350000, 244, 1, 0
351000, 244, 1, 0
352000, 245, 1, 0
353000, 95, 1, 0
356000, 145, 1, 0
357000, 241, 1, 0
358000, 246, 1, 0
359000, 247, 1, 0
360000, 245, 1, 0
361000, 220, 1, 0
362000, 246, 1, 0
363000, 245, 1, 0
364000, 245, 1, 0
365000, 242, 1, 0
366000, 245, 1, 0
367000, 245, 1, 0
368000, 247, 1, 0
369000, 244, 1, 0
370000, 28, 1, 0
380000, 156, 1, 0
381000, 244, 1, 0
382000, 229, 1, 0
383000, 245, 1, 0
384001, 246, 1, 0
385000, 245, 1, 0
386000, 243, 1, 0
387000, 245, 1, 0
388000, 245, 1, 0
389000, 245, 1, 0
390000, 243, 1, 0
391000, 245, 1, 0
392000, 245, 1, 0
393000, 244, 1, 0
394000, 246, 1, 0
395000, 47, 1, 0
396000, 143, 1, 0
397000, 246, 1, 0
398000, 244, 1, 0
399000, 240, 1, 0
400000, 245, 1, 0
401000, 245, 1, 0
402000, 244, 1, 0
403000, 243, 1, 0
404000, 245, 1, 0
405000, 246, 1, 0
406000, 245, 1, 0
407000, 243, 1, 0
408000, 245, 1, 0
409000, 245, 1, 0
410000, 245, 1, 0
411000, 222, 1, 0
428000, 100, 1, 0
429000, 246, 1, 0
430000, 245, 1, 0
431000, 244, 1, 0
432000, 241, 1, 0
433000, 246, 1, 0
434000, 246, 1, 0
435000, 245, 1, 0
436000, 239, 1, 0
437000, 247, 1, 0
438000, 244, 1, 0
439000, 245, 1, 0
440000, 245, 1, 0
441000, 245, 1, 0
442000, 249, 1, 0
443000, 248, 1, 0
444000, 247, 1, 0
445000, 74, 1, 0
453000, 81, 1, 0
454000, 244, 1, 0
455000, 244, 1, 0
456000, 95, 1, 0
462000, 245, 1, 0
463000, 246, 1, 0
464000, 245, 1, 0
465000, 245, 1, 0
466000, 236, 1, 0
467000, 245, 1, 0
468000, 245, 1, 0
469000, 246, 1, 0
470000, 242, 1, 0
471000, 245, 1, 0
472000, 244, 1, 0
473000, 245, 1, 0
474000, 242, 1, 0
475000, 247, 1, 0
476000, 247, 1, 0
477000, 248, 1, 0
478000, 183, 1, 0
491000, 3, 1, 0
499000, 103, 1, 0
500000, 244, 1, 0
501000, 244, 1, 0
502000, 245, 1, 0
503000, 86, 1, 0
507000, 1, 1, 0
512000, 212, 1, 0
513000, 246, 1, 0
514000, 246, 1, 0
515000, 246, 1, 0
516000, 233, 1, 0
517000, 246, 1, 0
518001, 246, 1, 0
519000, 246, 1, 0
520000, 238, 1, 0
521000, 245, 1, 0
522000, 245, 1, 0
523000, 245, 1, 0
524000, 244, 1, 0
525000, 244, 1, 0
526000, 247, 1, 0
527000, 246, 1, 0
528000, 220, 1, 0
536000, 198, 1, 0
537000, 249, 1, 0
538000, 246, 1, 0
539000, 247, 1, 0
540000, 246, 1, 0
541000, 245, 1, 0
542000, 249, 1, 0
543000, 248, 1, 0
544000, 249, 1, 0
545000, 227, 1, 0
546000, 246, 1, 0
547000, 245, 1, 0
548000, 246, 1, 0
549000, 191, 1, 0
554000, 173, 1, 0
555000, 245, 1, 0
556000, 89, 1, 0
557000, 131, 1, 0
558000, 238, 1, 0
559000, 247, 1, 0
560000, 246, 1, 0
561000, 247, 1, 0
562000, 241, 1, 0
563000, 247, 1, 0
564000, 246, 1, 0
565000, 246, 1, 0
566000, 245, 1, 0
567000, 245, 1, 0
568000, 246, 1, 0
569000, 246, 1, 0
570000, 162, 1, 0
583000, 206, 1, 0
584000, 246, 1, 0
585000, 195, 1, 0
587000, 75, 1, 0
588000, 245, 1, 0
589000, 156, 1, 0
594000, 146, 1, 0
595000, 130, 1, 0
597000, 82, 1, 0
598000, 246, 1, 0
599000, 53, 1, 0
