1000, 31623709, 1, 0
2001, 27752924, 1, 0
3001, 31998313, 1, 0
4001, 27756464, 1, 0
5001, 31997483, 1, 0
6002, 27756336, 1, 0
7002, 31997549, 1, 0
8003, 27755603, 1, 0
9003, 31997402, 1, 0
10004, 27755911, 1, 0
11004, 31996663, 1, 0
12004, 27754426, 1, 0
13004, 31997704, 1, 0
14005, 27758458, 1, 0
15005, 31997926, 1, 0
16006, 27754107, 1, 0
17006, 31997779, 1, 0
18007, 27754347, 1, 0
19007, 31997556, 1, 0
20007, 27755547, 1, 0
21003, 31901587, 1, 0
22000, 27812559, 1, 0
23003, 31620231, 1, 0
24001, 28044620, 1, 0
25000, 31067078, 1, 0
26002, 28519646, 1, 0
27004, 30052790, 1, 0
28003, 29465976, 1, 0
29005, 28328086, 1, 0
30003, 31435174, 1, 0
31004, 27808355, 1, 0
32004, 31938796, 1, 0
33005, 27754118, 1, 0
34005, 31997754, 1, 0
35006, 27756068, 1, 0
36006, 31997924, 1, 0
37007, 27756325, 1, 0
38006, 31996920, 1, 0
39007, 27758155, 1, 0
40007, 31997470, 1, 0
41000, 27725749, 1, 0
42000, 31997591, 1, 0
43001, 27752814, 1, 0
44001, 31997750, 1, 0
45001, 27750989, 1, 0
46002, 31999040, 1, 0
47002, 27751680, 1, 0
48002, 31998152, 1, 0
49003, 27752569, 1, 0
50003, 31998889, 1, 0
51004, 27754641, 1, 0
52005, 31839129, 1, 0
53004, 27866611, 1, 0
54003, 31541397, 1, 0
55005, 28114163, 1, 0
56000, 30944613, 1, 0
57006, 28636055, 1, 0
58000, 29844630, 1, 0
59006, 29679591, 1, 0
60006, 28214426, 1, 0
60047, 17139340, 1, 0
