1000, 31618484, 1, 0
2000, 28168462, 1, 0
3007, 31921043, 1, 0
4003, 28916501, 1, 0
5003, 31988701, 1, 0
6007, 27772796, 1, 0
7007, 32032552, 1, 0
8001, 27988532, 1, 0
9007, 32061897, 1, 0
10005, 28106864, 1, 0
11005, 32035662, 1, 0
12006, 28064197, 1, 0
13006, 31991169, 1, 0
14002, 27819414, 1, 0
15002, 31978189, 1, 0
16007, 28114550, 1, 0
17007, 31990443, 1, 0
18004, 28189743, 1, 0
19007, 31858805, 1, 0
20007, 28046701, 1, 0
21007, 31990683, 1, 0
22001, 27767246, 1, 0
23016, 32132087, 1, 0
24001, 27747203, 1, 0
25005, 31897019, 1, 0
26002, 27798535, 1, 0
27004, 31617036, 1, 0
28002, 28031400, 1, 0
29001, 31065747, 1, 0
30002, 28509607, 1, 0
31000, 30131934, 1, 0
32003, 29377440, 1, 0
33005, 28324243, 1, 0
34003, 31429615, 1, 0
35003, 27800622, 1, 0
36003, 31936698, 1, 0
37004, 27745498, 1, 0
38004, 31997313, 1, 0
39004, 27745789, 1, 0
40004, 31998256, 1, 0
41005, 27745562, 1, 0
42005, 31998060, 1, 0
43005, 27745469, 1, 0
44005, 31998244, 1, 0
45005, 27744359, 1, 0
46005, 31998606, 1, 0
47006, 27745364, 1, 0
48006, 31997968, 1, 0
49006, 27745705, 1, 0
50006, 31998164, 1, 0
51006, 27746357, 1, 0
52006, 31996998, 1, 0
53007, 27746018, 1, 0
54007, 31998020, 1, 0
55007, 27745346, 1, 0
56001, 31837936, 1, 0
57000, 27859798, 1, 0
58005, 31494122, 1, 0
59000, 28126369, 1, 0
60000, 30886420, 1, 0
60015, 26495220, 1, 0
