1000, 23732, 1, 0
2001, 24114, 1, 0
3001, 25277, 1, 0
4001, 28261, 1, 0
5001, 27215, 1, 0
6002, 26314, 1, 0
7002, 27158, 1, 0
8003, 25589, 1, 0
9003, 24609, 1, 0
10004, 24128, 1, 0
11004, 23649, 1, 0
12005, 24610, 1, 0
13005, 24799, 1, 0
14005, 22594, 1, 0
15005, 25592, 1, 0
16006, 24095, 1, 0
17006, 24216, 1, 0
18007, 23361, 1, 0
19007, 24190, 1, 0
20007, 25132, 1, 0
21003, 23753, 1, 0
22000, 26180, 1, 0
23003, 26653, 1, 0
24001, 23648, 1, 0
25000, 25382, 1, 0
26002, 25201, 1, 0
27004, 27164, 1, 0
28003, 26685, 1, 0
29051, 26445, 1, 0
30003, 28260, 1, 0
31004, 24916, 1, 0
32004, 25911, 1, 0
33005, 25553, 1, 0
34005, 23674, 1, 0
35006, 25623, 1, 0
36006, 24264, 1, 0
37007, 23109, 1, 0
38007, 23475, 1, 0
39007, 24993, 1, 0
40007, 28057, 1, 0
41000, 25672, 1, 0
42000, 25630, 1, 0
43001, 25068, 1, 0
44001, 23835, 1, 0
45002, 26131, 1, 0
46002, 23635, 1, 0
47002, 23264, 1, 0
48002, 23784, 1, 0
49003, 22975, 1, 0
50003, 24538, 1, 0
51004, 22903, 1, 0
52005, 24592, 1, 0
53004, 25180, 1, 0
54003, 23383, 1, 0
55005, 25477, 1, 0
56000, 24169, 1, 0
57006, 24072, 1, 0
58000, 24449, 1, 0
59006, 27118, 1, 0
60039, 24686, 1, 0
