1002, 22968, 1, 0
2000, 23117, 1, 0
3001, 22995, 1, 0
4003, 24194, 1, 0
5001, 24525, 1, 0
6004, 23684, 1, 0
7001, 23464, 1, 0
8003, 22614, 1, 0
9001, 23781, 1, 0
10003, 24343, 1, 0
11001, 24838, 1, 0
12003, 23370, 1, 0
13001, 23577, 1, 0
14003, 25179, 1, 0
15001, 23780, 1, 0
16002, 22809, 1, 0
17000, 23389, 1, 0
18002, 24036, 1, 0
19000, 23733, 1, 0
20002, 23982, 1, 0
21000, 23282, 1, 0
22002, 25052, 1, 0
23000, 24322, 1, 0
24002, 24907, 1, 0
25000, 23670, 1, 0
26002, 25522, 1, 0
27000, 25751, 1, 0
28001, 23445, 1, 0
29001, 23032, 1, 0
30001, 23842, 1, 0
31000, 22741, 1, 0
32007, 22958, 1, 0
33001, 22936, 1, 0
34003, 23649, 1, 0
35001, 24213, 1, 0
36003, 24732, 1, 0
37001, 24083, 1, 0
38003, 23476, 1, 0
39000, 24118, 1, 0
40002, 23834, 1, 0
41000, 23289, 1, 0
42002, 24296, 1, 0
43000, 23275, 1, 0
44002, 23506, 1, 0
45000, 23616, 1, 0
46002, 23452, 1, 0
47000, 23839, 1, 0
48002, 25019, 1, 0
49000, 25710, 1, 0
50002, 24658, 1, 0
51000, 23113, 1, 0
52001, 24770, 1, 0
53003, 23659, 1, 0
54001, 24347, 1, 0
55003, 23155, 1, 0
56001, 23267, 1, 0
57003, 23513, 1, 0
58001, 23267, 1, 0
59003, 24205, 1, 0
60009, 24780, 1, 0
