1002, 14809974, 1, 0
2000, 14892046, 1, 0
3002, 14895984, 1, 0
4000, 14892334, 1, 0
5002, 14896512, 1, 0
6000, 14891829, 1, 0
7002, 14896168, 1, 0
8000, 14890076, 1, 0
9002, 14896648, 1, 0
10000, 14892207, 1, 0
11002, 14896625, 1, 0
12000, 14892451, 1, 0
13002, 14894509, 1, 0
14000, 14891743, 1, 0
15002, 14895456, 1, 0
16000, 14891155, 1, 0
17002, 14894995, 1, 0
18000, 14891553, 1, 0
19002, 14895101, 1, 0
20000, 14891360, 1, 0
21002, 14895519, 1, 0
22000, 14890906, 1, 0
23002, 14897144, 1, 0
24000, 14892096, 1, 0
25002, 14896962, 1, 0
26001, 14893093, 1, 0
27003, 14895969, 1, 0
28001, 14865082, 1, 0
29001, 14753944, 1, 0
30001, 14754356, 1, 0
31000, 14535797, 1, 0
32015, 14586459, 1, 0
33001, 14837224, 1, 0
34003, 14895131, 1, 0
35001, 14890806, 1, 0
36003, 14896878, 1, 0
37001, 14892517, 1, 0
38003, 14895607, 1, 0
39001, 14891141, 1, 0
40003, 14895394, 1, 0
41001, 14891553, 1, 0
42003, 14895699, 1, 0
43001, 14891900, 1, 0
44003, 14896477, 1, 0
45001, 14892171, 1, 0
46003, 14896720, 1, 0
47001, 14892718, 1, 0
48000, 14892526, 1, 0
49002, 14895433, 1, 0
50000, 14892377, 1, 0
51002, 14896746, 1, 0
52000, 14891784, 1, 0
53002, 14895282, 1, 0
54000, 14891387, 1, 0
55002, 14895390, 1, 0
56000, 14891319, 1, 0
57002, 14895337, 1, 0
58000, 14890682, 1, 0
59002, 14894920, 1, 0
60000, 14890842, 1, 0
60009, 17482737, 1, 0
