1000, 31606012, 1, 0
2002, 27760623, 1, 0
3002, 31970724, 1, 0
4004, 27762020, 1, 0
5004, 31965301, 1, 0
6006, 27760874, 1, 0
7006, 31971808, 1, 0
8000, 27729092, 1, 0
9000, 31971188, 1, 0
10002, 27759786, 1, 0
11002, 31970812, 1, 0
12004, 27760162, 1, 0
13004, 31969300, 1, 0
14006, 27758327, 1, 0
15006, 31966994, 1, 0
16007, 27755951, 1, 0
17007, 31964853, 1, 0
18001, 27725412, 1, 0
19001, 31972304, 1, 0
20003, 27760375, 1, 0
21001, 31934266, 1, 0
22005, 27788810, 1, 0
23001, 31656022, 1, 0
24007, 28011789, 1, 0
25002, 31173245, 1, 0
26001, 28390250, 1, 0
27004, 30291089, 1, 0
28002, 29207387, 1, 0
29004, 28565718, 1, 0
30004, 31116536, 1, 0
31014, 27946611, 1, 0
32006, 31788958, 1, 0
33000, 27728662, 1, 0
34000, 31972585, 1, 0
35002, 27758259, 1, 0
36002, 31970776, 1, 0
37004, 27762578, 1, 0
38004, 31970405, 1, 0
39005, 27759428, 1, 0
40006, 31971697, 1, 0
41007, 27759281, 1, 0
42007, 31972668, 1, 0
43001, 27731028, 1, 0
44001, 31972832, 1, 0
45003, 27760770, 1, 0
46003, 31966264, 1, 0
47005, 27752764, 1, 0
48005, 31963574, 1, 0
49007, 27753664, 1, 0
50007, 31937726, 1, 0
51001, 27691266, 1, 0
52006, 31902122, 1, 0
53003, 27731075, 1, 0
54000, 31680451, 1, 0
55005, 27957463, 1, 0
56003, 31230034, 1, 0
57007, 28356129, 1, 0
58000, 30440060, 1, 0
59001, 29038953, 1, 0
60000, 28918610, 1, 0
60010, 16605793, 1, 0
