1002, 25793, 1, 0
2000, 26391, 1, 0
3002, 26176, 1, 0
4000, 25559, 1, 0
5002, 26217, 1, 0
6000, 25534, 1, 0
7002, 25392, 1, 0
8000, 25764, 1, 0
9002, 26214, 1, 0
10000, 26321, 1, 0
11002, 25073, 1, 0
12000, 24634, 1, 0
13002, 26125, 1, 0
14000, 25624, 1, 0
15002, 25100, 1, 0
16000, 24713, 1, 0
17002, 25015, 1, 0
18000, 26245, 1, 0
19002, 28481, 1, 0
20000, 25291, 1, 0
21002, 24446, 1, 0
22000, 25939, 1, 0
23002, 26066, 1, 0
24000, 25839, 1, 0
25002, 24817, 1, 0
26001, 25190, 1, 0
27003, 25095, 1, 0
28001, 25845, 1, 0
29001, 26477, 1, 0
30001, 26453, 1, 0
31000, 24645, 1, 0
32011, 25996, 1, 0
33001, 25434, 1, 0
34003, 26026, 1, 0
35001, 25062, 1, 0
36003, 24908, 1, 0
37001, 24356, 1, 0
38003, 26288, 1, 0
39001, 27371, 1, 0
40003, 26726, 1, 0
41001, 25679, 1, 0
42003, 25975, 1, 0
43001, 25447, 1, 0
44003, 26550, 1, 0
45001, 27486, 1, 0
46003, 25456, 1, 0
47001, 25242, 1, 0
48000, 27633, 1, 0
49002, 28133, 1, 0
50000, 26651, 1, 0
51002, 26624, 1, 0
52000, 26620, 1, 0
53002, 25953, 1, 0
54000, 26644, 1, 0
55002, 24712, 1, 0
56000, 24929, 1, 0
57002, 25277, 1, 0
58000, 26177, 1, 0
59002, 26096, 1, 0
60009, 31775, 1, 0
