1002, 25002, 1, 0
2000, 25834, 1, 0
3002, 23572, 1, 0
4000, 23846, 1, 0
5002, 26469, 1, 0
6000, 23883, 1, 0
7002, 25141, 1, 0
8000, 24858, 1, 0
9002, 26814, 1, 0
10000, 25088, 1, 0
11002, 27783, 1, 0
12000, 30722, 1, 0
13002, 25174, 1, 0
14000, 39127, 1, 0
15002, 51167, 1, 0
16000, 45761, 1, 0
17002, 40838, 1, 0
18000, 37369, 1, 0
19002, 34190, 1, 0
20000, 30423, 1, 0
21002, 28163, 1, 0
22000, 28093, 1, 0
23002, 26831, 1, 0
24000, 35250, 1, 0
25002, 59862, 1, 0
26003, 81852, 1, 0
27000, 73076, 1, 0
28000, 74790, 1, 0
29004, 79008, 1, 0
30000, 70241, 1, 0
31000, 68001, 1, 0
32007, 74693, 1, 0
33003, 65078, 1, 0
34002, 72589, 1, 0
35000, 67400, 1, 0
36000, 65112, 1, 0
37003, 63329, 1, 0
38000, 71153, 1, 0
39000, 70496, 1, 0
40002, 68308, 1, 0
41001, 69384, 1, 0
42000, 72281, 1, 0
43009, 71060, 1, 0
44004, 69627, 1, 0
45002, 66237, 1, 0
46000, 69270, 1, 0
47000, 70261, 1, 0
48000, 72945, 1, 0
49000, 71343, 1, 0
50000, 66789, 1, 0
51000, 71266, 1, 0
52003, 71070, 1, 0
53000, 70290, 1, 0
54003, 72712, 1, 0
55000, 66009, 1, 0
56000, 71666, 1, 0
57000, 71568, 1, 0
58000, 71857, 1, 0
59000, 72853, 1, 0
60012, 77448, 1, 0
