1007, 32074951, 1, 0
2006, 28183443, 1, 0
3006, 32471395, 1, 0
4005, 28077458, 1, 0
5004, 32469611, 1, 0
6003, 28180809, 1, 0
7003, 32469454, 1, 0
8001, 28075970, 1, 0
9000, 32470388, 1, 0
10000, 28182084, 1, 0
11007, 32470388, 1, 0
12006, 28078197, 1, 0
13005, 32472088, 1, 0
14005, 28183688, 1, 0
15004, 32469966, 1, 0
16003, 28077626, 1, 0
17002, 32469201, 1, 0
18001, 28182559, 1, 0
19001, 32472278, 1, 0
20000, 28078074, 1, 0
21007, 32471997, 1, 0
22006, 28185178, 1, 0
23006, 32472211, 1, 0
24005, 28080838, 1, 0
25004, 32470843, 1, 0
26003, 28183615, 1, 0
27002, 32463004, 1, 0
28002, 28079524, 1, 0
29006, 32393881, 1, 0
30000, 28219157, 1, 0
31004, 32152706, 1, 0
32007, 28333777, 1, 0
33003, 31928865, 1, 0
34005, 28618691, 1, 0
35005, 31317756, 1, 0
36003, 29028795, 1, 0
37002, 30822809, 1, 0
38002, 29565252, 1, 0
39002, 29373129, 1, 0
40000, 31029259, 1, 0
41000, 28622447, 1, 0
42007, 31971311, 1, 0
43006, 28076350, 1, 0
44005, 32471461, 1, 0
45005, 28180377, 1, 0
46004, 32469992, 1, 0
47003, 28073408, 1, 0
48002, 32472680, 1, 0
49001, 28184199, 1, 0
50001, 32469602, 1, 0
51000, 28079977, 1, 0
52007, 32470742, 1, 0
53006, 28183660, 1, 0
54006, 32466693, 1, 0
55005, 28078749, 1, 0
56004, 32470773, 1, 0
57003, 28176486, 1, 0
58003, 32469857, 1, 0
59002, 28077631, 1, 0
60001, 32469995, 1, 0
60025, 40487873, 1, 0
