1000, 14990673, 1, 0
2000, 15088329, 1, 0
3000, 15075989, 1, 0
4000, 15088882, 1, 0
5000, 15076666, 1, 0
6000, 15087998, 1, 0
7000, 15074330, 1, 0
8000, 15088560, 1, 0
9000, 15075413, 1, 0
10000, 15087876, 1, 0
11004, 15078898, 1, 0
12000, 15086317, 1, 0
13004, 15080393, 1, 0
14000, 15082830, 1, 0
15003, 15081323, 1, 0
16003, 15086141, 1, 0
17003, 15074685, 1, 0
18003, 15087007, 1, 0
19003, 15075039, 1, 0
20003, 15088173, 1, 0
21003, 15074661, 1, 0
22003, 15087960, 1, 0
23003, 15075996, 1, 0
24003, 15088679, 1, 0
25003, 15075902, 1, 0
26003, 15087562, 1, 0
27003, 15075804, 1, 0
28003, 15089786, 1, 0
29002, 15076076, 1, 0
30003, 15087600, 1, 0
31002, 15074909, 1, 0
32002, 15087482, 1, 0
33002, 15074570, 1, 0
34002, 15089162, 1, 0
35002, 15076664, 1, 0
36001, 15083098, 1, 0
37000, 15060289, 1, 0
38001, 15043552, 1, 0
39001, 15031975, 1, 0
40000, 14965274, 1, 0
41002, 14948928, 1, 0
42000, 14793481, 1, 0
43000, 14821886, 1, 0
44002, 14968966, 1, 0
45002, 15048499, 1, 0
46002, 15073003, 1, 0
47002, 15088605, 1, 0
48001, 15076005, 1, 0
49001, 15088078, 1, 0
50001, 15073772, 1, 0
51001, 15089061, 1, 0
52001, 15074998, 1, 0
53001, 15087996, 1, 0
54001, 15076402, 1, 0
55001, 15086449, 1, 0
56001, 15073058, 1, 0
57001, 15083012, 1, 0
58001, 15073873, 1, 0
59001, 15067283, 1, 0
60001, 15037971, 1, 0
60013, 20299030, 1, 0
