1003, 24814, 1, 0
2001, 24681, 1, 0
3000, 23619, 1, 0
4002, 23735, 1, 0
5001, 24640, 1, 0
6003, 23328, 1, 0
7002, 23653, 1, 0
8001, 22850, 1, 0
9003, 23449, 1, 0
10002, 23033, 1, 0
11000, 22749, 1, 0
12003, 23396, 1, 0
13001, 23628, 1, 0
14000, 23374, 1, 0
15002, 22680, 1, 0
16000, 23180, 1, 0
17003, 26295, 1, 0
18001, 26170, 1, 0
19000, 23458, 1, 0
20002, 23274, 1, 0
21001, 23567, 1, 0
22003, 23906, 1, 0
23002, 22689, 1, 0
24000, 23713, 1, 0
25003, 22886, 1, 0
26001, 23020, 1, 0
27000, 23524, 1, 0
28002, 22852, 1, 0
29001, 23965, 1, 0
30001, 23833, 1, 0
31002, 23859, 1, 0
32002, 24567, 1, 0
33002, 24320, 1, 0
34000, 24532, 1, 0
35003, 22955, 1, 0
36001, 23819, 1, 0
37000, 23678, 1, 0
38002, 26942, 1, 0
39001, 23440, 1, 0
40003, 24225, 1, 0
41002, 23834, 1, 0
42001, 24325, 1, 0
43003, 23784, 1, 0
44002, 25891, 1, 0
45000, 22504, 1, 0
46003, 22929, 1, 0
47001, 23668, 1, 0
48000, 22469, 1, 0
49002, 23210, 1, 0
50001, 22629, 1, 0
51003, 24197, 1, 0
52002, 23728, 1, 0
53000, 23296, 1, 0
54003, 24954, 1, 0
55001, 24379, 1, 0
56000, 24808, 1, 0
57002, 24121, 1, 0
58001, 22563, 1, 0
59003, 23810, 1, 0
60014, 23596, 1, 0
