1000, 132608, 1, 0
2000, 131072, 1, 0
3000, 132608, 1, 0
4000, 131584, 1, 0
5000, 132096, 1, 0
6000, 131584, 1, 0
7000, 132608, 1, 0
8000, 131072, 1, 0
9000, 132608, 1, 0
10000, 131584, 1, 0
11000, 132608, 1, 0
12000, 131072, 1, 0
13000, 132608, 1, 0
14000, 131072, 1, 0
15000, 133120, 1, 0
16001, 130941, 1, 0
17000, 132608, 1, 0
18000, 131584, 1, 0
19000, 132096, 1, 0
20000, 131584, 1, 0
21000, 132608, 1, 0
22000, 131072, 1, 0
23000, 132608, 1, 0
24000, 131584, 1, 0
25000, 132608, 1, 0
26000, 131072, 1, 0
27000, 132608, 1, 0
28000, 131072, 1, 0
29000, 132608, 1, 0
30000, 131584, 1, 0
31000, 132608, 1, 0
32000, 131072, 1, 0
33000, 132608, 1, 0
34000, 131584, 1, 0
35000, 132608, 1, 0
36000, 131072, 1, 0
37000, 132608, 1, 0
38000, 131072, 1, 0
39000, 132608, 1, 0
40000, 131584, 1, 0
41000, 132608, 1, 0
42000, 131072, 1, 0
43000, 132608, 1, 0
44000, 131072, 1, 0
45000, 133120, 1, 0
46000, 131072, 1, 0
47000, 132608, 1, 0
48000, 131072, 1, 0
49000, 132608, 1, 0
50000, 131584, 1, 0
51001, 132475, 1, 0
52000, 131072, 1, 0
53000, 132608, 1, 0
54000, 131584, 1, 0
55000, 132608, 1, 0
56000, 131072, 1, 0
57000, 132608, 1, 0
58000, 131584, 1, 0
59000, 132608, 1, 0
60000, 131072, 1, 0
