1000, 7927680, 1, 0
2000, 7925360, 1, 0
3001, 7928600, 1, 0
4001, 7926555, 1, 0
5000, 7928646, 1, 0
6000, 7926155, 1, 0
7000, 7924934, 1, 0
8001, 7928233, 1, 0
9001, 7928330, 1, 0
10001, 7928052, 1, 0
11000, 7928141, 1, 0
12000, 7928927, 1, 0
13007, 7939442, 1, 0
14001, 7938940, 1, 0
15001, 7926732, 1, 0
16001, 7927833, 1, 0
17000, 7928010, 1, 0
18000, 7925222, 1, 0
19001, 7926203, 1, 0
20001, 7927542, 1, 0
21001, 7926963, 1, 0
22000, 7926544, 1, 0
23000, 7925921, 1, 0
24001, 7924522, 1, 0
25001, 7927767, 1, 0
26001, 7950718, 1, 0
27000, 7927816, 1, 0
28000, 7928854, 1, 0
29000, 7927643, 1, 0
30001, 7928823, 1, 0
31001, 7927490, 1, 0
32000, 7927636, 1, 0
33000, 7928000, 1, 0
34000, 7927371, 1, 0
35001, 7928184, 1, 0
36001, 7926651, 1, 0
37000, 7927246, 1, 0
38000, 7928926, 1, 0
39000, 7951756, 1, 0
40001, 7926652, 1, 0
41001, 7928244, 1, 0
42001, 7929108, 1, 0
43000, 7928539, 1, 0
44000, 7927893, 1, 0
45001, 7925848, 1, 0
46001, 7927883, 1, 0
47001, 7927499, 1, 0
48000, 7927123, 1, 0
49000, 7928331, 1, 0
50001, 7928911, 1, 0
51001, 7927493, 1, 0
52001, 7951713, 1, 0
53000, 7927610, 1, 0
54000, 7927636, 1, 0
55000, 7928167, 1, 0
56001, 7927614, 1, 0
57001, 7927876, 1, 0
58001, 7927543, 1, 0
59000, 7928107, 1, 0
60000, 7927870, 1, 0
60006, 9982491, 1, 0
