1002, 14785050, 1, 0
2000, 14868108, 1, 0
3002, 14871278, 1, 0
4000, 14864954, 1, 0
5002, 14870699, 1, 0
6000, 14866946, 1, 0
7002, 14871353, 1, 0
8000, 14866875, 1, 0
9002, 14870032, 1, 0
10000, 14865283, 1, 0
11002, 14872456, 1, 0
12000, 14867321, 1, 0
13002, 14871308, 1, 0
14001, 14867214, 1, 0
15003, 14870591, 1, 0
16001, 14867841, 1, 0
17003, 14872129, 1, 0
18001, 14868115, 1, 0
19003, 14870868, 1, 0
20001, 14867261, 1, 0
21003, 14871275, 1, 0
22001, 14865993, 1, 0
23003, 14871926, 1, 0
24001, 14866785, 1, 0
25003, 14866196, 1, 0
26001, 14866238, 1, 0
27003, 14871632, 1, 0
28002, 14839590, 1, 0
29002, 14729669, 1, 0
30002, 14728174, 1, 0
31001, 14510747, 1, 0
32016, 14559488, 1, 0
33002, 14810307, 1, 0
34000, 14864304, 1, 0
35002, 14868671, 1, 0
36000, 14862038, 1, 0
37002, 14870251, 1, 0
38000, 14859764, 1, 0
39002, 14869900, 1, 0
40000, 14865951, 1, 0
41002, 14871637, 1, 0
42000, 14867770, 1, 0
43002, 14872070, 1, 0
44000, 14867829, 1, 0
45002, 14869557, 1, 0
46000, 14866374, 1, 0
47002, 14870610, 1, 0
48000, 14866326, 1, 0
49001, 14870964, 1, 0
50003, 14869915, 1, 0
51001, 14867393, 1, 0
52003, 14871300, 1, 0
53001, 14867268, 1, 0
54003, 14871452, 1, 0
55001, 14865757, 1, 0
56003, 14871288, 1, 0
57001, 14866468, 1, 0
58003, 14870881, 1, 0
59001, 14862669, 1, 0
60003, 14868110, 1, 0
60012, 16470266, 1, 0
