1000, 15017713, 1, 0
2000, 15115210, 1, 0
3000, 15102397, 1, 0
4000, 15115347, 1, 0
5000, 15102623, 1, 0
6000, 15115829, 1, 0
7000, 15102423, 1, 0
8000, 15115651, 1, 0
9000, 15101970, 1, 0
10000, 15115681, 1, 0
11004, 15106847, 1, 0
12000, 15112445, 1, 0
13004, 15107368, 1, 0
14000, 15110403, 1, 0
15003, 15107628, 1, 0
16003, 15114498, 1, 0
17003, 15102474, 1, 0
18003, 15115111, 1, 0
19003, 15102663, 1, 0
20003, 15116510, 1, 0
21003, 15101827, 1, 0
22003, 15115114, 1, 0
23003, 15101765, 1, 0
24003, 15114985, 1, 0
25003, 15102525, 1, 0
26003, 15114754, 1, 0
27003, 15102691, 1, 0
28003, 15115203, 1, 0
29002, 15102282, 1, 0
30003, 15115108, 1, 0
31002, 15102247, 1, 0
32002, 15115168, 1, 0
33002, 15101692, 1, 0
34002, 15115216, 1, 0
35002, 15102261, 1, 0
36001, 15109898, 1, 0
37000, 15087541, 1, 0
38001, 15070109, 1, 0
39001, 15058372, 1, 0
40000, 14992989, 1, 0
41002, 14976133, 1, 0
42000, 14820637, 1, 0
43000, 14848992, 1, 0
44002, 14995762, 1, 0
45002, 15075378, 1, 0
46002, 15101614, 1, 0
47002, 15114712, 1, 0
48001, 15101594, 1, 0
49001, 15115195, 1, 0
50001, 15101114, 1, 0
51001, 15115453, 1, 0
52001, 15102139, 1, 0
53001, 15114926, 1, 0
54001, 15103325, 1, 0
55001, 15115383, 1, 0
56001, 15102745, 1, 0
57001, 15115419, 1, 0
58001, 15102074, 1, 0
59001, 15111973, 1, 0
60001, 15098727, 1, 0
60013, 20354189, 1, 0
