1000, 7952698, 1, 0
2000, 7952396, 1, 0
3001, 7950766, 1, 0
4001, 7952590, 1, 0
5000, 7951635, 1, 0
6000, 7951431, 1, 0
7000, 7951672, 1, 0
8001, 7952696, 1, 0
9001, 7951862, 1, 0
10001, 7952145, 1, 0
11000, 7951327, 1, 0
12000, 7951929, 1, 0
13006, 7962704, 1, 0
14001, 7963183, 1, 0
15001, 7951745, 1, 0
16001, 7951756, 1, 0
17000, 7954223, 1, 0
18000, 7952499, 1, 0
19001, 7952288, 1, 0
20001, 7952487, 1, 0
21001, 7952201, 1, 0
22000, 7952439, 1, 0
23000, 7952379, 1, 0
24001, 7951305, 1, 0
25001, 7952013, 1, 0
26001, 7975152, 1, 0
27000, 7951820, 1, 0
28000, 7952237, 1, 0
29000, 7952256, 1, 0
30001, 7952299, 1, 0
31001, 7952352, 1, 0
32000, 7952520, 1, 0
33000, 7951942, 1, 0
34000, 7951686, 1, 0
35001, 7952452, 1, 0
36001, 7951576, 1, 0
37001, 7952022, 1, 0
38000, 7952068, 1, 0
39000, 7975454, 1, 0
40000, 7952491, 1, 0
41001, 7952310, 1, 0
42001, 7952595, 1, 0
43000, 7952067, 1, 0
44000, 7952457, 1, 0
45000, 7951798, 1, 0
46001, 7951832, 1, 0
47001, 7952037, 1, 0
48001, 7951862, 1, 0
49000, 7952602, 1, 0
50000, 7952440, 1, 0
51001, 7951967, 1, 0
52001, 7975407, 1, 0
53001, 7952101, 1, 0
54000, 7952351, 1, 0
55000, 7952377, 1, 0
56000, 7952270, 1, 0
57001, 7951066, 1, 0
58001, 7952149, 1, 0
59000, 7952423, 1, 0
60000, 7951965, 1, 0
60006, 9995818, 1, 0
