1000, 123, 1, 0
2000, 140, 1, 0
3000, 123, 1, 0
4000, 137, 1, 0
5000, 123, 1, 0
6000, 140, 1, 0
7001, 122, 1, 0
8000, 137, 1, 0
9000, 123, 1, 0
10000, 141, 1, 0
11000, 123, 1, 0
12000, 137, 1, 0
13000, 123, 1, 0
14000, 140, 1, 0
15000, 123, 1, 0
16000, 137, 1, 0
17000, 123, 1, 0
18000, 140, 1, 0
19000, 123, 1, 0
20000, 138, 1, 0
21001, 122, 1, 0
22000, 140, 1, 0
23000, 123, 1, 0
24000, 137, 1, 0
25000, 123, 1, 0
26000, 140, 1, 0
27000, 123, 1, 0
28000, 137, 1, 0
29000, 124, 1, 0
30000, 140, 1, 0
31000, 124, 1, 0
32000, 136, 1, 0
33000, 125, 1, 0
34000, 138, 1, 0
35001, 127, 1, 0
36000, 132, 1, 0
37000, 130, 1, 0
38000, 133, 1, 0
39000, 137, 1, 0
40000, 123, 1, 0
41000, 141, 1, 0
42000, 123, 1, 0
43000, 137, 1, 0
44000, 123, 1, 0
45000, 140, 1, 0
46000, 123, 1, 0
47000, 137, 1, 0
48000, 123, 1, 0
49001, 139, 1, 0
50000, 123, 1, 0
51000, 138, 1, 0
52000, 123, 1, 0
53000, 140, 1, 0
54000, 123, 1, 0
55000, 137, 1, 0
56001, 122, 1, 0
57000, 140, 1, 0
58000, 123, 1, 0
59000, 137, 1, 0
60000, 123, 1, 0
