1000, 492, 1, 0
2000, 489, 1, 0
3000, 498, 1, 0
4000, 496, 1, 0
5000, 498, 1, 0
6000, 497, 1, 0
7000, 497, 1, 0
8000, 497, 1, 0
9000, 497, 1, 0
10000, 497, 1, 0
11000, 497, 1, 0
12000, 497, 1, 0
13000, 497, 1, 0
14000, 498, 1, 0
15000, 497, 1, 0
16000, 497, 1, 0
17000, 492, 1, 0
18000, 488, 1, 0
19000, 497, 1, 0
20000, 497, 1, 0
21000, 497, 1, 0
22000, 497, 1, 0
23001, 496, 1, 0
24000, 497, 1, 0
25001, 496, 1, 0
26000, 497, 1, 0
27000, 498, 1, 0
28000, 496, 1, 0
29001, 497, 1, 0
30000, 497, 1, 0
31000, 497, 1, 0
32000, 497, 1, 0
33000, 499, 1, 0
34000, 485, 1, 0
35000, 495, 1, 0
36000, 498, 1, 0
37000, 496, 1, 0
38000, 498, 1, 0
39000, 497, 1, 0
40000, 497, 1, 0
41000, 497, 1, 0
42000, 498, 1, 0
43000, 497, 1, 0
44000, 497, 1, 0
45000, 497, 1, 0
46000, 497, 1, 0
47001, 496, 1, 0
48000, 497, 1, 0
49000, 498, 1, 0
50000, 488, 1, 0
51001, 491, 1, 0
52000, 497, 1, 0
53000, 497, 1, 0
54000, 497, 1, 0
55000, 497, 1, 0
56000, 497, 1, 0
57000, 498, 1, 0
58000, 497, 1, 0
59000, 497, 1, 0
60000, 497, 1, 0
