1002, 14783310, 1, 0
2000, 14865053, 1, 0
3002, 14871298, 1, 0
4000, 14867213, 1, 0
5002, 14868387, 1, 0
6000, 14867039, 1, 0
7002, 14869726, 1, 0
8000, 14866221, 1, 0
9002, 14868045, 1, 0
10000, 14867217, 1, 0
11002, 14868462, 1, 0
12000, 14859552, 1, 0
13002, 14869613, 1, 0
14000, 14850155, 1, 0
15002, 14839839, 1, 0
16000, 14842394, 1, 0
17002, 14851420, 1, 0
18000, 14852181, 1, 0
19002, 14861509, 1, 0
20000, 14860547, 1, 0
21002, 14866290, 1, 0
22000, 14863714, 1, 0
23002, 14867543, 1, 0
24000, 14854870, 1, 0
25002, 14837071, 1, 0
26003, 15031119, 1, 0
27000, 14892055, 1, 0
28000, 15428480, 1, 0
29004, 15064346, 1, 0
30000, 15296479, 1, 0
31000, 15213739, 1, 0
32007, 15702595, 1, 0
33003, 16837215, 1, 0
34002, 14873851, 1, 0
35000, 14898879, 1, 0
36000, 15452791, 1, 0
37003, 16049187, 1, 0
38016, 15200164, 1, 0
39000, 15271187, 1, 0
40002, 15007309, 1, 0
41001, 14822766, 1, 0
42000, 14951590, 1, 0
43009, 15317080, 1, 0
44004, 15022193, 1, 0
45002, 15980896, 1, 0
46000, 15831014, 1, 0
47000, 15104525, 1, 0
48000, 15114850, 1, 0
49000, 15362812, 1, 0
50000, 15708212, 1, 0
51000, 15018228, 1, 0
52003, 15007250, 1, 0
53000, 15316855, 1, 0
54002, 14894268, 1, 0
55000, 15875720, 1, 0
56000, 15332829, 1, 0
57000, 15301181, 1, 0
58000, 15762788, 1, 0
59000, 15521270, 1, 0
60000, 14838005, 1, 0
60012, 19909685, 1, 0
