1000, 7516170, 1, 0
2001, 7536766, 1, 0
3001, 7535095, 1, 0
4000, 7535427, 1, 0
5001, 7535163, 1, 0
6001, 7535106, 1, 0
7000, 7534349, 1, 0
8001, 7535691, 1, 0
9000, 7535036, 1, 0
10000, 7535378, 1, 0
11001, 7536645, 1, 0
12000, 7536136, 1, 0
13000, 7534514, 1, 0
14001, 7535400, 1, 0
15000, 7535412, 1, 0
16000, 7537208, 1, 0
17001, 7537590, 1, 0
18001, 7535941, 1, 0
19000, 7534753, 1, 0
20000, 7533430, 1, 0
21001, 7535892, 1, 0
22001, 7536492, 1, 0
23000, 7535893, 1, 0
24001, 7534880, 1, 0
25001, 7534535, 1, 0
26000, 7535169, 1, 0
27000, 7492535, 1, 0
28001, 7481158, 1, 0
29001, 7456661, 1, 0
30000, 7503591, 1, 0
31001, 7537777, 1, 0
32001, 7534453, 1, 0
33000, 7535688, 1, 0
34000, 7535727, 1, 0
35001, 7536809, 1, 0
36000, 7534435, 1, 0
37000, 7534649, 1, 0
38001, 7537599, 1, 0
39001, 7537791, 1, 0
40000, 7536529, 1, 0
41000, 7534539, 1, 0
42001, 7537625, 1, 0
43001, 7536920, 1, 0
44000, 7533811, 1, 0
45000, 7534286, 1, 0
46001, 7536711, 1, 0
47000, 7535515, 1, 0
48000, 7535685, 1, 0
49001, 7535767, 1, 0
50000, 7534641, 1, 0
51000, 7534657, 1, 0
52001, 7535148, 1, 0
53001, 7535601, 1, 0
54000, 7534836, 1, 0
55001, 7537042, 1, 0
56001, 7536554, 1, 0
57000, 7468871, 1, 0
58001, 7460244, 1, 0
59008, 7485888, 1, 0
60001, 7522710, 1, 0
60007, 9978037, 1, 0
