1007, 27998, 1, 0
2006, 23931, 1, 0
3006, 26258, 1, 0
4005, 25165, 1, 0
5004, 26875, 1, 0
6003, 26553, 1, 0
7003, 28358, 1, 0
8001, 27203, 1, 0
9001, 25975, 1, 0
10000, 26180, 1, 0
11008, 26974, 1, 0
12006, 24801, 1, 0
13005, 25624, 1, 0
14005, 25022, 1, 0
15004, 28108, 1, 0
16003, 26237, 1, 0
17002, 28799, 1, 0
18001, 25224, 1, 0
19001, 25861, 1, 0
20000, 25930, 1, 0
21007, 26076, 1, 0
22006, 25540, 1, 0
23006, 25019, 1, 0
24005, 24399, 1, 0
25004, 26501, 1, 0
26003, 26855, 1, 0
27002, 29216, 1, 0
28002, 26506, 1, 0
29006, 27136, 1, 0
30000, 25726, 1, 0
31004, 26170, 1, 0
32007, 28706, 1, 0
33003, 28279, 1, 0
34006, 27061, 1, 0
35000, 27183, 1, 0
36003, 25675, 1, 0
37002, 29024, 1, 0
38002, 25121, 1, 0
39002, 25758, 1, 0
40000, 25963, 1, 0
41016, 28490, 1, 0
42007, 27382, 1, 0
43006, 26485, 1, 0
44005, 26635, 1, 0
45005, 27438, 1, 0
46004, 27582, 1, 0
47003, 30124, 1, 0
48002, 25238, 1, 0
49001, 25221, 1, 0
50001, 28046, 1, 0
51000, 24833, 1, 0
52007, 26859, 1, 0
53006, 25938, 1, 0
54006, 30549, 1, 0
55005, 26341, 1, 0
56004, 26247, 1, 0
57003, 30502, 1, 0
58003, 26733, 1, 0
59002, 25544, 1, 0
60025, 27817, 1, 0
