1000, 15248217, 1, 0
2002, 15330810, 1, 0
3002, 15339851, 1, 0
4000, 15324009, 1, 0
5000, 15341074, 1, 0
6003, 15328451, 1, 0
7003, 15341104, 1, 0
8001, 15323170, 1, 0
9000, 15341184, 1, 0
10003, 15328137, 1, 0
11003, 15341324, 1, 0
12002, 15327858, 1, 0
13001, 15340810, 1, 0
14000, 15324117, 1, 0
15004, 15345308, 1, 0
16002, 15323816, 1, 0
17002, 15341250, 1, 0
18000, 15323837, 1, 0
19000, 15340721, 1, 0
20003, 15328469, 1, 0
21003, 15342273, 1, 0
22001, 15325291, 1, 0
23001, 15342351, 1, 0
24000, 15324231, 1, 0
25003, 15347508, 1, 0
26002, 15324851, 1, 0
27002, 15342015, 1, 0
28001, 15324867, 1, 0
29000, 15342559, 1, 0
30003, 15328900, 1, 0
31003, 15341853, 1, 0
32001, 15324058, 1, 0
33001, 15341828, 1, 0
34000, 15324600, 1, 0
35004, 15346908, 1, 0
36002, 15324890, 1, 0
37002, 15342010, 1, 0
38001, 15324644, 1, 0
39000, 15341878, 1, 0
40003, 15328781, 1, 0
41003, 15342476, 1, 0
42002, 15324809, 1, 0
43001, 15341093, 1, 0
44000, 15324382, 1, 0
45000, 15341224, 1, 0
46002, 15328852, 1, 0
47002, 15341490, 1, 0
48001, 15324052, 1, 0
49000, 15341401, 1, 0
50003, 15328668, 1, 0
51002, 15341696, 1, 0
52001, 15324408, 1, 0
53001, 15341452, 1, 0
54000, 15323860, 1, 0
55003, 15345718, 1, 0
56002, 15323702, 1, 0
57002, 15341400, 1, 0
58000, 15323656, 1, 0
59000, 15340977, 1, 0
60002, 15327645, 1, 0
60015, 20496056, 1, 0
