1000, 31632001, 1, 0
2002, 27785699, 1, 0
3002, 31997413, 1, 0
4004, 27786749, 1, 0
5004, 31997476, 1, 0
6006, 27786778, 1, 0
7006, 31997527, 1, 0
8000, 27755565, 1, 0
9000, 31997887, 1, 0
10002, 27785088, 1, 0
11002, 31998563, 1, 0
12004, 27786773, 1, 0
13004, 31997796, 1, 0
14006, 27786630, 1, 0
15006, 31997682, 1, 0
16007, 27783662, 1, 0
17007, 31996299, 1, 0
18001, 27753443, 1, 0
19001, 31997225, 1, 0
20003, 27785037, 1, 0
21001, 31961351, 1, 0
22005, 27817564, 1, 0
23001, 31687704, 1, 0
24007, 28036596, 1, 0
25002, 31200343, 1, 0
26001, 28415699, 1, 0
27004, 30317228, 1, 0
28002, 29233366, 1, 0
29004, 28590365, 1, 0
30004, 31141751, 1, 0
31014, 27973446, 1, 0
32006, 31816413, 1, 0
33000, 27754741, 1, 0
34000, 31996946, 1, 0
35002, 27783738, 1, 0
36002, 31999169, 1, 0
37004, 27787247, 1, 0
38004, 31996866, 1, 0
39005, 27785792, 1, 0
40006, 31997943, 1, 0
41007, 27785364, 1, 0
42007, 31998472, 1, 0
43001, 27756480, 1, 0
44001, 31997667, 1, 0
45003, 27786971, 1, 0
46003, 31996488, 1, 0
47005, 27784007, 1, 0
48005, 31997853, 1, 0
49007, 27784635, 1, 0
50007, 31994001, 1, 0
51001, 27750452, 1, 0
52006, 31958329, 1, 0
53003, 27783178, 1, 0
54000, 31728165, 1, 0
55005, 27998519, 1, 0
56003, 31260741, 1, 0
57007, 28386844, 1, 0
58000, 30473932, 1, 0
59001, 29072321, 1, 0
60000, 28961376, 1, 0
60010, 16638008, 1, 0
