10, 1173143, 1, 0
20, 1195482, 1, 0
30, 1197915, 1, 0
40, 1197216, 1, 0
50, 1197419, 1, 0
60, 1197258, 1, 0
70, 1197515, 1, 0
80, 1197260, 1, 0
90, 1197206, 1, 0
100, 1197312, 1, 0
110, 1197330, 1, 0
120, 1197388, 1, 0
130, 1197302, 1, 0
140, 1197108, 1, 0
150, 1197188, 1, 0
160, 1197524, 1, 0
170, 1197208, 1, 0
180, 1197407, 1, 0
190, 1197404, 1, 0
200, 1197474, 1, 0
210, 1197360, 1, 0
220, 1197393, 1, 0
230, 1197274, 1, 0
240, 1197272, 1, 0
250, 1197192, 1, 0
260, 1197367, 1, 0
270, 1197362, 1, 0
280, 1197120, 1, 0
290, 1197303, 1, 0
300, 1197407, 1, 0
310, 1197183, 1, 0
320, 1197379, 1, 0
330, 1197261, 1, 0
340, 1197339, 1, 0
350, 1197329, 1, 0
360, 1197486, 1, 0
370, 1197278, 1, 0
380, 1197505, 1, 0
390, 1197260, 1, 0
400, 1197224, 1, 0
410, 1197403, 1, 0
420, 1197300, 1, 0
430, 1197158, 1, 0
440, 1197479, 1, 0
450, 1197194, 1, 0
460, 1197310, 1, 0
470, 1197618, 1, 0
480, 1197328, 1, 0
490, 1197204, 1, 0
500, 1132890, 1, 0
510, 1197260, 1, 0
520, 1197295, 1, 0
530, 1197720, 1, 0
540, 1197146, 1, 0
550, 1197291, 1, 0
560, 1197302, 1, 0
570, 1197251, 1, 0
580, 1197168, 1, 0
590, 1197387, 1, 0
600, 1197218, 1, 0
610, 1197106, 1, 0
614, 1279224, 1, 0
