10, 1135932, 1, 0
21, 1196132, 1, 0
30, 1199179, 1, 0
40, 1199949, 1, 0
51, 1198949, 1, 0
60, 1198499, 1, 0
70, 1199161, 1, 0
81, 1199130, 1, 0
90, 1199137, 1, 0
100, 1199276, 1, 0
111, 1198888, 1, 0
120, 1198662, 1, 0
130, 1199530, 1, 0
141, 1199002, 1, 0
150, 1199254, 1, 0
160, 1199074, 1, 0
171, 1199051, 1, 0
180, 1199116, 1, 0
190, 1199071, 1, 0
201, 1199019, 1, 0
210, 1199034, 1, 0
220, 1199384, 1, 0
231, 1198976, 1, 0
240, 1198758, 1, 0
250, 1199577, 1, 0
261, 1201125, 1, 0
270, 1196336, 1, 0
280, 1199301, 1, 0
291, 1199297, 1, 0
300, 1199230, 1, 0
310, 1198319, 1, 0
321, 1199377, 1, 0
330, 1198373, 1, 0
340, 1198876, 1, 0
351, 1199072, 1, 0
360, 1199052, 1, 0
370, 1199639, 1, 0
381, 1199007, 1, 0
390, 1199108, 1, 0
400, 1199351, 1, 0
411, 1199117, 1, 0
420, 1199082, 1, 0
430, 1199393, 1, 0
441, 1198841, 1, 0
450, 1199223, 1, 0
460, 1199779, 1, 0
471, 1198908, 1, 0
480, 1199055, 1, 0
490, 1199317, 1, 0
501, 1199094, 1, 0
510, 1199144, 1, 0
520, 1199214, 1, 0
531, 1199194, 1, 0
540, 1199038, 1, 0
550, 1199297, 1, 0
561, 1199126, 1, 0
570, 1199302, 1, 0
580, 1199261, 1, 0
591, 1199094, 1, 0
600, 1194235, 1, 0
610, 1172019, 1, 0
613, 1206476, 1, 0
