10, 1152282, 1, 0
20, 1190563, 1, 0
30, 1197377, 1, 0
40, 1194608, 1, 0
50, 1197270, 1, 0
61, 1196238, 1, 0
70, 1200499, 1, 0
80, 1194592, 1, 0
90, 1197131, 1, 0
100, 1196848, 1, 0
110, 1196891, 1, 0
120, 1197293, 1, 0
130, 1196995, 1, 0
140, 1196837, 1, 0
150, 1197280, 1, 0
160, 1197020, 1, 0
170, 1197969, 1, 0
181, 1195842, 1, 0
190, 1196993, 1, 0
200, 1197085, 1, 0
210, 1197868, 1, 0
220, 1196735, 1, 0
230, 1197306, 1, 0
240, 1196796, 1, 0
250, 1197224, 1, 0
260, 1197285, 1, 0
270, 1196619, 1, 0
280, 1197348, 1, 0
290, 1196794, 1, 0
300, 1197051, 1, 0
310, 1197329, 1, 0
320, 1196636, 1, 0
330, 1197147, 1, 0
340, 1196887, 1, 0
350, 1197065, 1, 0
360, 1196911, 1, 0
370, 1197170, 1, 0
380, 1196771, 1, 0
390, 1197367, 1, 0
400, 1197422, 1, 0
410, 1197599, 1, 0
420, 1196999, 1, 0
430, 1197681, 1, 0
440, 1197398, 1, 0
450, 1197412, 1, 0
460, 1197188, 1, 0
470, 1198914, 1, 0
480, 1196071, 1, 0
490, 1197404, 1, 0
500, 1197303, 1, 0
510, 1197181, 1, 0
520, 1197483, 1, 0
530, 1197686, 1, 0
540, 1197481, 1, 0
550, 1197404, 1, 0
560, 1196934, 1, 0
570, 1197350, 1, 0
580, 1197224, 1, 0
590, 1197430, 1, 0
601, 1198199, 1, 0
610, 1196879, 1, 0
614, 1298273, 1, 0
