10, 1135643, 1, 0
21, 1196614, 1, 0
30, 1199508, 1, 0
40, 1198780, 1, 0
51, 1198732, 1, 0
60, 1199192, 1, 0
70, 1198650, 1, 0
81, 1199205, 1, 0
90, 1198603, 1, 0
100, 1198821, 1, 0
111, 1198937, 1, 0
120, 1199077, 1, 0
130, 1198704, 1, 0
141, 1198970, 1, 0
150, 1198715, 1, 0
160, 1199276, 1, 0
171, 1198827, 1, 0
180, 1198586, 1, 0
190, 1199027, 1, 0
201, 1199138, 1, 0
210, 1198777, 1, 0
220, 1199170, 1, 0
231, 1198785, 1, 0
240, 1198764, 1, 0
250, 1199356, 1, 0
261, 1198250, 1, 0
270, 1198546, 1, 0
280, 1199487, 1, 0
291, 1198115, 1, 0
300, 1200316, 1, 0
310, 1198013, 1, 0
321, 1199292, 1, 0
330, 1198909, 1, 0
340, 1199087, 1, 0
351, 1199135, 1, 0
360, 1199252, 1, 0
370, 1199317, 1, 0
381, 1199021, 1, 0
390, 1199225, 1, 0
400, 1199293, 1, 0
411, 1199077, 1, 0
420, 1199255, 1, 0
430, 1199181, 1, 0
441, 1199039, 1, 0
450, 1199218, 1, 0
460, 1199128, 1, 0
471, 1199202, 1, 0
480, 1199033, 1, 0
490, 1199202, 1, 0
501, 1199146, 1, 0
510, 1199201, 1, 0
520, 1199199, 1, 0
531, 1199156, 1, 0
540, 1199062, 1, 0
550, 1199223, 1, 0
561, 1199038, 1, 0
570, 1199246, 1, 0
580, 1199033, 1, 0
591, 1199239, 1, 0
600, 1207845, 1, 0
610, 1250476, 1, 0
615, 1423134, 1, 0
