10, 1141505, 1, 0
21, 1193190, 1, 0
30, 1197541, 1, 0
40, 1198227, 1, 0
51, 1197943, 1, 0
60, 1197338, 1, 0
70, 1197797, 1, 0
81, 1197901, 1, 0
90, 1198138, 1, 0
100, 1197585, 1, 0
111, 1197978, 1, 0
120, 1197528, 1, 0
130, 1197877, 1, 0
141, 1197860, 1, 0
150, 1197877, 1, 0
160, 1197884, 1, 0
171, 1197972, 1, 0
180, 1197756, 1, 0
190, 1198114, 1, 0
201, 1197413, 1, 0
210, 1198355, 1, 0
220, 1197489, 1, 0
231, 1198201, 1, 0
240, 1197320, 1, 0
250, 1199006, 1, 0
260, 1278855, 1, 0
270, 1070969, 1, 0
281, 1197965, 1, 0
290, 1197512, 1, 0
300, 1197481, 1, 0
311, 1196388, 1, 0
320, 1197106, 1, 0
330, 1196977, 1, 0
341, 1196393, 1, 0
350, 1197376, 1, 0
360, 1196956, 1, 0
371, 1197341, 1, 0
380, 1197212, 1, 0
390, 1197285, 1, 0
401, 1196964, 1, 0
410, 1196983, 1, 0
420, 1196809, 1, 0
431, 1196246, 1, 0
440, 1197061, 1, 0
450, 1197136, 1, 0
461, 1196662, 1, 0
470, 1196784, 1, 0
480, 1197242, 1, 0
491, 1197004, 1, 0
500, 1196798, 1, 0
510, 1197064, 1, 0
521, 1196797, 1, 0
530, 1197198, 1, 0
540, 1197278, 1, 0
551, 1197183, 1, 0
560, 1197197, 1, 0
570, 1197268, 1, 0
581, 1197438, 1, 0
590, 1197398, 1, 0
600, 1178543, 1, 0
610, 1197630, 1, 0
613, 1285539, 1, 0
