10, 1135492, 1, 0
21, 1195627, 1, 0
30, 1199249, 1, 0
40, 1199236, 1, 0
51, 1198946, 1, 0
60, 1199206, 1, 0
70, 1198970, 1, 0
81, 1199125, 1, 0
90, 1199055, 1, 0
100, 1199105, 1, 0
111, 1199143, 1, 0
120, 1199151, 1, 0
130, 1199113, 1, 0
141, 1199063, 1, 0
150, 1199146, 1, 0
160, 1199063, 1, 0
171, 1199191, 1, 0
180, 1199043, 1, 0
190, 1199193, 1, 0
201, 1199004, 1, 0
210, 1199166, 1, 0
220, 1199208, 1, 0
231, 1199109, 1, 0
240, 1199061, 1, 0
250, 1199207, 1, 0
261, 1198899, 1, 0
270, 1198989, 1, 0
280, 1199153, 1, 0
291, 1208246, 1, 0
300, 1203155, 1, 0
310, 1195314, 1, 0
321, 1199420, 1, 0
330, 1200068, 1, 0
340, 1198091, 1, 0
351, 1199103, 1, 0
360, 1199674, 1, 0
370, 1199508, 1, 0
381, 1198756, 1, 0
390, 1198939, 1, 0
400, 1199411, 1, 0
411, 1198466, 1, 0
420, 1198888, 1, 0
430, 1199151, 1, 0
441, 1198674, 1, 0
450, 1199079, 1, 0
460, 1198814, 1, 0
471, 1198821, 1, 0
480, 1203274, 1, 0
490, 1198735, 1, 0
501, 1199163, 1, 0
510, 1199059, 1, 0
520, 1198912, 1, 0
531, 1199119, 1, 0
540, 1199507, 1, 0
550, 1199167, 1, 0
561, 1196737, 1, 0
570, 1198965, 1, 0
580, 1199471, 1, 0
591, 1198655, 1, 0
600, 1201391, 1, 0
610, 1196514, 1, 0
613, 1200126, 1, 0
