10, 1153147, 1, 0
20, 1193831, 1, 0
30, 1197451, 1, 0
40, 1197483, 1, 0
50, 1197041, 1, 0
60, 1197157, 1, 0
70, 1200842, 1, 0
80, 1193285, 1, 0
90, 1197067, 1, 0
100, 1197216, 1, 0
110, 1197184, 1, 0
120, 1197384, 1, 0
130, 1197171, 1, 0
140, 1197381, 1, 0
150, 1197262, 1, 0
160, 1197395, 1, 0
170, 1197332, 1, 0
180, 1197097, 1, 0
190, 1197386, 1, 0
200, 1197526, 1, 0
210, 1197533, 1, 0
220, 1197190, 1, 0
230, 1197327, 1, 0
240, 1197132, 1, 0
250, 1197283, 1, 0
260, 1197298, 1, 0
270, 1197314, 1, 0
280, 1197161, 1, 0
290, 1197334, 1, 0
300, 1197227, 1, 0
310, 1197362, 1, 0
320, 1197299, 1, 0
330, 1197157, 1, 0
340, 1197270, 1, 0
350, 1197141, 1, 0
360, 1197221, 1, 0
370, 1197234, 1, 0
380, 1197231, 1, 0
390, 1197221, 1, 0
400, 1197516, 1, 0
410, 1197420, 1, 0
420, 1197224, 1, 0
430, 1197395, 1, 0
440, 1197336, 1, 0
450, 1197303, 1, 0
460, 1197237, 1, 0
470, 1197568, 1, 0
480, 1197134, 1, 0
490, 1197224, 1, 0
500, 1197114, 1, 0
510, 1197144, 1, 0
520, 1197301, 1, 0
530, 1197520, 1, 0
540, 1197158, 1, 0
550, 1197137, 1, 0
560, 1196869, 1, 0
570, 1197385, 1, 0
580, 1197166, 1, 0
590, 1197346, 1, 0
600, 1192547, 1, 0
610, 1202896, 1, 0
614, 1252626, 1, 0
