10, 1140656, 1, 0
21, 1195966, 1, 0
30, 1199030, 1, 0
40, 1198992, 1, 0
51, 1198601, 1, 0
60, 1198908, 1, 0
70, 1198736, 1, 0
81, 1199563, 1, 0
90, 1198058, 1, 0
100, 1198923, 1, 0
111, 1198741, 1, 0
120, 1198955, 1, 0
130, 1198756, 1, 0
141, 1198800, 1, 0
150, 1199464, 1, 0
160, 1198303, 1, 0
171, 1198744, 1, 0
180, 1199025, 1, 0
190, 1198759, 1, 0
201, 1198714, 1, 0
210, 1201935, 1, 0
220, 1195922, 1, 0
231, 1198712, 1, 0
240, 1198801, 1, 0
250, 1202162, 1, 0
261, 1200216, 1, 0
270, 1194013, 1, 0
280, 1199120, 1, 0
291, 1197815, 1, 0
300, 1199139, 1, 0
310, 1199320, 1, 0
321, 1200845, 1, 0
330, 1197172, 1, 0
340, 1202151, 1, 0
351, 1198848, 1, 0
360, 1199510, 1, 0
370, 1198523, 1, 0
381, 1194619, 1, 0
390, 1198754, 1, 0
400, 1198712, 1, 0
411, 1199132, 1, 0
420, 1198606, 1, 0
430, 1198961, 1, 0
441, 1198660, 1, 0
450, 1198708, 1, 0
460, 1198892, 1, 0
471, 1198788, 1, 0
480, 1199112, 1, 0
490, 1198241, 1, 0
501, 1198705, 1, 0
510, 1198599, 1, 0
520, 1198679, 1, 0
531, 1198719, 1, 0
540, 1199004, 1, 0
550, 1198698, 1, 0
561, 1198590, 1, 0
570, 1199372, 1, 0
580, 1199339, 1, 0
591, 1199221, 1, 0
600, 1190474, 1, 0
610, 1189399, 1, 0
613, 1249102, 1, 0
