10, 1171327, 1, 0
20, 1195010, 1, 0
30, 1197775, 1, 0
40, 1197920, 1, 0
50, 1198057, 1, 0
60, 1196509, 1, 0
70, 1196893, 1, 0
80, 1197431, 1, 0
90, 1197113, 1, 0
100, 1197418, 1, 0
110, 1197815, 1, 0
120, 1197641, 1, 0
130, 1197447, 1, 0
140, 1197250, 1, 0
150, 1197576, 1, 0
160, 1197577, 1, 0
170, 1197271, 1, 0
180, 1197487, 1, 0
190, 1197342, 1, 0
200, 1197508, 1, 0
210, 1197330, 1, 0
220, 1197199, 1, 0
230, 1197335, 1, 0
240, 1197506, 1, 0
250, 1197195, 1, 0
260, 1197290, 1, 0
270, 1197189, 1, 0
280, 1197424, 1, 0
290, 1197259, 1, 0
300, 1197170, 1, 0
310, 1197228, 1, 0
320, 1197325, 1, 0
330, 1197296, 1, 0
340, 1197189, 1, 0
350, 1197217, 1, 0
360, 1197410, 1, 0
370, 1197351, 1, 0
380, 1197414, 1, 0
390, 1197183, 1, 0
400, 1197210, 1, 0
410, 1197307, 1, 0
420, 1197386, 1, 0
430, 1197205, 1, 0
440, 1197274, 1, 0
450, 1197562, 1, 0
460, 1197176, 1, 0
470, 1197349, 1, 0
480, 1197250, 1, 0
490, 1197331, 1, 0
500, 1196944, 1, 0
510, 1197351, 1, 0
520, 1197342, 1, 0
530, 1197498, 1, 0
540, 1197324, 1, 0
550, 1197141, 1, 0
560, 1197034, 1, 0
570, 1197317, 1, 0
580, 1197387, 1, 0
590, 1197694, 1, 0
600, 1192406, 1, 0
611, 1183698, 1, 0
614, 1236480, 1, 0
