10, 1159001, 1, 0
20, 1181176, 1, 0
30, 1200205, 1, 0
40, 1197049, 1, 0
50, 1199898, 1, 0
60, 1194972, 1, 0
70, 1194232, 1, 0
80, 1196509, 1, 0
90, 1198657, 1, 0
100, 1195947, 1, 0
110, 1197652, 1, 0
120, 1197054, 1, 0
130, 1198531, 1, 0
140, 1197245, 1, 0
150, 1195489, 1, 0
160, 1199228, 1, 0
170, 1197685, 1, 0
180, 1195240, 1, 0
190, 1196987, 1, 0
200, 1198014, 1, 0
210, 1197380, 1, 0
220, 1196980, 1, 0
230, 1196869, 1, 0
240, 1198617, 1, 0
250, 1195578, 1, 0
260, 1197179, 1, 0
270, 1197110, 1, 0
280, 1197392, 1, 0
290, 1197280, 1, 0
300, 1201184, 1, 0
310, 1192591, 1, 0
320, 1197157, 1, 0
330, 1197434, 1, 0
340, 1197258, 1, 0
350, 1197424, 1, 0
360, 1197181, 1, 0
370, 1197355, 1, 0
380, 1197276, 1, 0
390, 1197279, 1, 0
400, 1197726, 1, 0
410, 1197457, 1, 0
420, 1197304, 1, 0
430, 1197426, 1, 0
440, 1197293, 1, 0
450, 1197329, 1, 0
460, 1197352, 1, 0
470, 1197391, 1, 0
480, 1197421, 1, 0
490, 1197554, 1, 0
500, 1197837, 1, 0
510, 1196924, 1, 0
520, 1197047, 1, 0
530, 1197367, 1, 0
540, 1197478, 1, 0
550, 1197157, 1, 0
560, 1197479, 1, 0
570, 1197453, 1, 0
580, 1197323, 1, 0
590, 1197740, 1, 0
600, 1188882, 1, 0
610, 1214147, 1, 0
614, 1247608, 1, 0
