10, 1141695, 1, 0
21, 1191413, 1, 0
30, 1196752, 1, 0
40, 1197447, 1, 0
51, 1199094, 1, 0
60, 1197787, 1, 0
70, 1197291, 1, 0
81, 1196632, 1, 0
90, 1198286, 1, 0
100, 1197339, 1, 0
111, 1197013, 1, 0
120, 1197664, 1, 0
130, 1197456, 1, 0
141, 1197385, 1, 0
150, 1196910, 1, 0
160, 1197601, 1, 0
171, 1197602, 1, 0
180, 1197474, 1, 0
190, 1197347, 1, 0
201, 1197435, 1, 0
210, 1196488, 1, 0
220, 1196502, 1, 0
231, 1197844, 1, 0
240, 1196814, 1, 0
250, 1199326, 1, 0
261, 1196032, 1, 0
270, 1196471, 1, 0
280, 1197169, 1, 0
291, 1196096, 1, 0
300, 1198338, 1, 0
310, 1198101, 1, 0
321, 1199348, 1, 0
330, 1192297, 1, 0
340, 1196887, 1, 0
351, 1197725, 1, 0
360, 1197268, 1, 0
370, 1197760, 1, 0
381, 1196047, 1, 0
390, 1197066, 1, 0
400, 1198824, 1, 0
411, 1196144, 1, 0
420, 1196620, 1, 0
430, 1198331, 1, 0
441, 1195852, 1, 0
450, 1198591, 1, 0
460, 1195728, 1, 0
471, 1196910, 1, 0
480, 1200083, 1, 0
490, 1196450, 1, 0
501, 1196593, 1, 0
510, 1196674, 1, 0
520, 1196649, 1, 0
531, 1197040, 1, 0
540, 1197538, 1, 0
550, 1197438, 1, 0
561, 1195131, 1, 0
570, 1199161, 1, 0
580, 1197444, 1, 0
591, 1197353, 1, 0
600, 1211174, 1, 0
610, 1196844, 1, 0
614, 1211670, 1, 0
