10, 1143423, 1, 0
21, 1193342, 1, 0
30, 1198544, 1, 0
40, 1199212, 1, 0
51, 1200955, 1, 0
60, 1199543, 1, 0
70, 1199112, 1, 0
81, 1198567, 1, 0
90, 1200305, 1, 0
100, 1199278, 1, 0
111, 1198953, 1, 0
120, 1199358, 1, 0
130, 1199421, 1, 0
141, 1199174, 1, 0
150, 1198808, 1, 0
160, 1199607, 1, 0
171, 1199405, 1, 0
180, 1199323, 1, 0
190, 1199363, 1, 0
201, 1199220, 1, 0
210, 1198392, 1, 0
220, 1198483, 1, 0
231, 1199821, 1, 0
240, 1198781, 1, 0
250, 1201215, 1, 0
261, 1198298, 1, 0
270, 1198449, 1, 0
280, 1199196, 1, 0
291, 1198046, 1, 0
300, 1200365, 1, 0
310, 1200261, 1, 0
321, 1201487, 1, 0
330, 1194228, 1, 0
340, 1198971, 1, 0
351, 1199647, 1, 0
360, 1199856, 1, 0
370, 1199604, 1, 0
381, 1197890, 1, 0
390, 1198837, 1, 0
400, 1200558, 1, 0
411, 1197698, 1, 0
420, 1198473, 1, 0
430, 1200317, 1, 0
441, 1197788, 1, 0
450, 1200290, 1, 0
460, 1197485, 1, 0
471, 1198858, 1, 0
480, 1202142, 1, 0
490, 1198757, 1, 0
501, 1198570, 1, 0
510, 1198627, 1, 0
520, 1198470, 1, 0
531, 1198956, 1, 0
540, 1199423, 1, 0
550, 1199046, 1, 0
561, 1196973, 1, 0
570, 1200929, 1, 0
580, 1199344, 1, 0
591, 1199232, 1, 0
600, 1212931, 1, 0
610, 1198735, 1, 0
614, 1213636, 1, 0
