10, 1153769, 1, 0
20, 1195903, 1, 0
30, 1196232, 1, 0
40, 1195627, 1, 0
50, 1196404, 1, 0
60, 1200456, 1, 0
70, 1191998, 1, 0
80, 1201449, 1, 0
90, 1193170, 1, 0
100, 1198268, 1, 0
110, 1197708, 1, 0
120, 1196791, 1, 0
130, 1197654, 1, 0
140, 1197751, 1, 0
150, 1196983, 1, 0
160, 1197713, 1, 0
170, 1197412, 1, 0
180, 1197553, 1, 0
190, 1197429, 1, 0
200, 1198108, 1, 0
210, 1196123, 1, 0
220, 1198676, 1, 0
230, 1197013, 1, 0
240, 1197406, 1, 0
250, 1202004, 1, 0
260, 1193992, 1, 0
271, 917149, 1, 0
280, 1197311, 1, 0
290, 1197390, 1, 0
301, 1197929, 1, 0
310, 1195137, 1, 0
320, 1197018, 1, 0
331, 1196567, 1, 0
340, 1197087, 1, 0
350, 1196977, 1, 0
361, 1197236, 1, 0
370, 1197007, 1, 0
380, 1197108, 1, 0
391, 1197254, 1, 0
400, 1197133, 1, 0
410, 1197212, 1, 0
421, 1197176, 1, 0
430, 1197181, 1, 0
440, 1197192, 1, 0
451, 1197336, 1, 0
460, 1197172, 1, 0
470, 1197118, 1, 0
481, 1197273, 1, 0
490, 1197129, 1, 0
500, 1197243, 1, 0
511, 1197211, 1, 0
520, 1197173, 1, 0
530, 1197124, 1, 0
541, 1197290, 1, 0
550, 1197367, 1, 0
560, 1197232, 1, 0
571, 1197332, 1, 0
580, 1197222, 1, 0
590, 1197366, 1, 0
601, 1189382, 1, 0
610, 1229715, 1, 0
