10, 1190190, 1, 0
20, 1194631, 1, 0
31, 1198360, 1, 0
40, 1195641, 1, 0
50, 1197996, 1, 0
61, 1197144, 1, 0
70, 1196218, 1, 0
80, 1198227, 1, 0
91, 1196896, 1, 0
100, 1197381, 1, 0
110, 1197145, 1, 0
121, 1196853, 1, 0
130, 1197242, 1, 0
140, 1196820, 1, 0
151, 1197071, 1, 0
160, 1196017, 1, 0
170, 1198214, 1, 0
181, 1196928, 1, 0
190, 1195887, 1, 0
200, 1198041, 1, 0
211, 1200376, 1, 0
220, 1192736, 1, 0
230, 1197725, 1, 0
241, 1197320, 1, 0
250, 1197397, 1, 0
260, 1199335, 1, 0
271, 1195248, 1, 0
280, 1199055, 1, 0
290, 1196837, 1, 0
300, 1200192, 1, 0
310, 1198374, 1, 0
320, 1201855, 1, 0
331, 1188122, 1, 0
340, 1196203, 1, 0
350, 1197826, 1, 0
361, 1197587, 1, 0
370, 1197889, 1, 0
380, 1196900, 1, 0
391, 1197679, 1, 0
400, 1196665, 1, 0
410, 1197520, 1, 0
421, 1197277, 1, 0
430, 1197880, 1, 0
440, 1197753, 1, 0
451, 1197287, 1, 0
460, 1197090, 1, 0
470, 1197359, 1, 0
481, 1197599, 1, 0
490, 1197698, 1, 0
500, 1197343, 1, 0
511, 1197293, 1, 0
520, 1197497, 1, 0
530, 1197630, 1, 0
541, 1197557, 1, 0
550, 1197168, 1, 0
560, 1198250, 1, 0
571, 1197217, 1, 0
580, 1197335, 1, 0
590, 1197807, 1, 0
601, 1188287, 1, 0
610, 1169162, 1, 0
614, 1176179, 1, 0
