10, 1168879, 1, 0
20, 1191697, 1, 0
30, 1199165, 1, 0
40, 1195439, 1, 0
50, 1198561, 1, 0
60, 1197115, 1, 0
70, 1195224, 1, 0
80, 1198407, 1, 0
90, 1196844, 1, 0
100, 1197366, 1, 0
110, 1196668, 1, 0
120, 1196927, 1, 0
130, 1197205, 1, 0
140, 1196487, 1, 0
150, 1197019, 1, 0
160, 1195352, 1, 0
170, 1198926, 1, 0
180, 1197046, 1, 0
190, 1195339, 1, 0
200, 1198527, 1, 0
210, 1196590, 1, 0
220, 1197411, 1, 0
230, 1197266, 1, 0
240, 1197257, 1, 0
250, 1195812, 1, 0
260, 1196551, 1, 0
270, 1198851, 1, 0
280, 1198767, 1, 0
290, 1240698, 1, 0
300, 1156729, 1, 0
310, 1196376, 1, 0
320, 1271778, 1, 0
331, 1138215, 1, 0
340, 1196979, 1, 0
350, 1197378, 1, 0
361, 1197447, 1, 0
370, 1197550, 1, 0
380, 1197489, 1, 0
391, 1197494, 1, 0
400, 1197360, 1, 0
410, 1196990, 1, 0
421, 1197327, 1, 0
430, 1197074, 1, 0
440, 1197612, 1, 0
451, 1197256, 1, 0
460, 1197476, 1, 0
470, 1197240, 1, 0
481, 1197380, 1, 0
490, 1196976, 1, 0
500, 1197456, 1, 0
511, 1197040, 1, 0
520, 1197283, 1, 0
530, 1197032, 1, 0
541, 1197327, 1, 0
550, 1197184, 1, 0
560, 1197625, 1, 0
571, 1196980, 1, 0
580, 1197110, 1, 0
590, 1197231, 1, 0
601, 1190682, 1, 0
610, 1167303, 1, 0
614, 1213432, 1, 0
