10, 1151380, 1, 0
20, 1193656, 1, 0
31, 1198959, 1, 0
40, 1199163, 1, 0
50, 1199237, 1, 0
61, 1202791, 1, 0
70, 1197372, 1, 0
80, 1196983, 1, 0
91, 1199293, 1, 0
100, 1199081, 1, 0
110, 1199245, 1, 0
121, 1199195, 1, 0
130, 1199252, 1, 0
140, 1199071, 1, 0
151, 1199735, 1, 0
160, 1198662, 1, 0
170, 1200167, 1, 0
181, 1202056, 1, 0
190, 1198197, 1, 0
200, 1199128, 1, 0
211, 1194340, 1, 0
220, 1199212, 1, 0
230, 1199194, 1, 0
241, 1199258, 1, 0
250, 1199123, 1, 0
260, 1199092, 1, 0
271, 1199153, 1, 0
280, 1199196, 1, 0
290, 1199327, 1, 0
301, 1199243, 1, 0
310, 1199129, 1, 0
320, 1199019, 1, 0
331, 1199254, 1, 0
340, 1199089, 1, 0
350, 1199266, 1, 0
361, 1199140, 1, 0
370, 1199085, 1, 0
380, 1199418, 1, 0
391, 1198882, 1, 0
400, 1198605, 1, 0
410, 1198852, 1, 0
421, 1198848, 1, 0
430, 1198625, 1, 0
440, 1198745, 1, 0
451, 1198709, 1, 0
460, 1198791, 1, 0
470, 1200226, 1, 0
481, 1197657, 1, 0
490, 1198634, 1, 0
500, 1198601, 1, 0
511, 1198751, 1, 0
520, 1198821, 1, 0
530, 1199010, 1, 0
541, 1198532, 1, 0
550, 1198649, 1, 0
560, 1199058, 1, 0
571, 1198841, 1, 0
580, 1199134, 1, 0
590, 1198870, 1, 0
600, 1211826, 1, 0
611, 1220565, 1, 0
614, 1250230, 1, 0
