10, 1151945, 1, 0
20, 1194940, 1, 0
30, 1196909, 1, 0
40, 1197150, 1, 0
50, 1197207, 1, 0
60, 1197312, 1, 0
70, 1197435, 1, 0
80, 1197318, 1, 0
90, 1198586, 1, 0
100, 1195604, 1, 0
110, 1197271, 1, 0
120, 1197355, 1, 0
130, 1197299, 1, 0
140, 1197392, 1, 0
150, 1196936, 1, 0
160, 1197279, 1, 0
170, 1197243, 1, 0
180, 1197424, 1, 0
190, 1197349, 1, 0
200, 1197644, 1, 0
210, 1196818, 1, 0
220, 1197310, 1, 0
230, 1197319, 1, 0
240, 1197228, 1, 0
250, 1202832, 1, 0
260, 1193043, 1, 0
270, 1276311, 1, 0
281, 1196915, 1, 0
290, 1197084, 1, 0
300, 1198427, 1, 0
311, 1195828, 1, 0
320, 1195997, 1, 0
330, 1196660, 1, 0
341, 1197164, 1, 0
350, 1197170, 1, 0
360, 1197541, 1, 0
371, 1197415, 1, 0
380, 1197612, 1, 0
390, 1197595, 1, 0
401, 1197329, 1, 0
410, 1197193, 1, 0
420, 1197270, 1, 0
431, 1197035, 1, 0
440, 1197160, 1, 0
450, 1197184, 1, 0
461, 1197229, 1, 0
470, 1196969, 1, 0
480, 1197221, 1, 0
491, 1197236, 1, 0
500, 1197309, 1, 0
510, 1197074, 1, 0
521, 1197215, 1, 0
530, 1197401, 1, 0
540, 1197063, 1, 0
551, 1197028, 1, 0
560, 1197495, 1, 0
570, 1197555, 1, 0
581, 1196517, 1, 0
590, 1197413, 1, 0
600, 1197920, 1, 0
611, 1196566, 1, 0
614, 1198094, 1, 0
