10, 1134023, 1, 0
21, 1194786, 1, 0
30, 1197609, 1, 0
40, 1197010, 1, 0
51, 1196953, 1, 0
60, 1197355, 1, 0
70, 1196947, 1, 0
81, 1197365, 1, 0
90, 1196758, 1, 0
100, 1197082, 1, 0
111, 1197064, 1, 0
120, 1197250, 1, 0
130, 1197003, 1, 0
141, 1197262, 1, 0
150, 1196920, 1, 0
160, 1197698, 1, 0
171, 1196941, 1, 0
180, 1196924, 1, 0
190, 1197140, 1, 0
201, 1197532, 1, 0
210, 1196992, 1, 0
220, 1197306, 1, 0
231, 1196987, 1, 0
240, 1197066, 1, 0
250, 1197705, 1, 0
261, 1195897, 1, 0
270, 1196589, 1, 0
280, 1197589, 1, 0
291, 1196033, 1, 0
300, 1198334, 1, 0
310, 1196242, 1, 0
321, 1197200, 1, 0
330, 1196644, 1, 0
340, 1197212, 1, 0
351, 1197307, 1, 0
360, 1197326, 1, 0
370, 1197562, 1, 0
381, 1197117, 1, 0
390, 1197379, 1, 0
400, 1197974, 1, 0
411, 1197524, 1, 0
420, 1197423, 1, 0
430, 1197392, 1, 0
441, 1197271, 1, 0
450, 1195811, 1, 0
460, 1197345, 1, 0
471, 1197464, 1, 0
480, 1197160, 1, 0
490, 1197538, 1, 0
501, 1197454, 1, 0
510, 1197503, 1, 0
520, 1197335, 1, 0
531, 1197313, 1, 0
540, 1197162, 1, 0
550, 1197384, 1, 0
561, 1195997, 1, 0
570, 1197497, 1, 0
580, 1197154, 1, 0
591, 1197408, 1, 0
600, 1206059, 1, 0
610, 1248652, 1, 0
615, 1421204, 1, 0
