10, 1169341, 1, 0
20, 1195020, 1, 0
30, 1197794, 1, 0
40, 1200058, 1, 0
50, 1196747, 1, 0
60, 1199307, 1, 0
70, 1202417, 1, 0
80, 1194414, 1, 0
90, 1199365, 1, 0
100, 1197754, 1, 0
110, 1198812, 1, 0
120, 1198603, 1, 0
130, 1198579, 1, 0
140, 1198913, 1, 0
150, 1198589, 1, 0
160, 1200879, 1, 0
170, 1197045, 1, 0
180, 1198210, 1, 0
190, 1201348, 1, 0
200, 1196284, 1, 0
210, 1198957, 1, 0
220, 1198561, 1, 0
230, 1199457, 1, 0
240, 1198090, 1, 0
250, 1201819, 1, 0
260, 1197002, 1, 0
270, 1198075, 1, 0
280, 1198395, 1, 0
290, 1200303, 1, 0
300, 1196153, 1, 0
310, 1199913, 1, 0
320, 1199577, 1, 0
330, 1197086, 1, 0
340, 1198410, 1, 0
350, 1199462, 1, 0
360, 1199200, 1, 0
370, 1199392, 1, 0
380, 1198804, 1, 0
390, 1199445, 1, 0
400, 1198616, 1, 0
410, 1199093, 1, 0
420, 1198915, 1, 0
430, 1199805, 1, 0
440, 1199571, 1, 0
450, 1199141, 1, 0
460, 1198930, 1, 0
470, 1199058, 1, 0
480, 1199109, 1, 0
490, 1199529, 1, 0
500, 1199150, 1, 0
510, 1199052, 1, 0
520, 1199219, 1, 0
530, 1199186, 1, 0
540, 1199433, 1, 0
550, 1198744, 1, 0
560, 1199694, 1, 0
570, 1198914, 1, 0
580, 1199121, 1, 0
590, 1199420, 1, 0
601, 1219381, 1, 0
610, 1214056, 1, 0
614, 1363742, 1, 0
