10, 1143841, 1, 0
21, 1195916, 1, 0
30, 1199695, 1, 0
40, 1199305, 1, 0
51, 1198749, 1, 0
60, 1199267, 1, 0
70, 1198829, 1, 0
81, 1200475, 1, 0
90, 1197757, 1, 0
100, 1199164, 1, 0
111, 1198782, 1, 0
120, 1199577, 1, 0
130, 1198811, 1, 0
141, 1199297, 1, 0
150, 1197455, 1, 0
160, 1200720, 1, 0
171, 1199076, 1, 0
180, 1199086, 1, 0
190, 1199260, 1, 0
201, 1198967, 1, 0
210, 1197654, 1, 0
220, 1200112, 1, 0
231, 1199351, 1, 0
240, 1198830, 1, 0
250, 1204899, 1, 0
261, 1193204, 1, 0
270, 1128297, 1, 0
280, 1198566, 1, 0
290, 1199040, 1, 0
300, 1202872, 1, 0
310, 1196822, 1, 0
320, 1195879, 1, 0
330, 1198031, 1, 0
340, 1200086, 1, 0
350, 1199387, 1, 0
360, 1201727, 1, 0
370, 1197358, 1, 0
380, 1198892, 1, 0
390, 1199065, 1, 0
400, 1199562, 1, 0
410, 1199399, 1, 0
420, 1199462, 1, 0
430, 1199477, 1, 0
440, 1199065, 1, 0
450, 1199322, 1, 0
460, 1198578, 1, 0
470, 1199317, 1, 0
480, 1199088, 1, 0
490, 1199410, 1, 0
500, 1199023, 1, 0
510, 1199433, 1, 0
520, 1199253, 1, 0
530, 1199257, 1, 0
540, 1199129, 1, 0
550, 1199226, 1, 0
560, 1199448, 1, 0
570, 1198896, 1, 0
580, 1199192, 1, 0
590, 1199570, 1, 0
600, 1200249, 1, 0
610, 1199885, 1, 0
613, 1214800, 1, 0
