10, 1218673, 1, 0
20, 1195621, 1, 0
30, 1198276, 1, 0
40, 1198640, 1, 0
50, 1199917, 1, 0
60, 1198736, 1, 0
70, 1200304, 1, 0
80, 1198079, 1, 0
90, 1199712, 1, 0
100, 1198665, 1, 0
110, 1198839, 1, 0
120, 1198918, 1, 0
130, 1199267, 1, 0
140, 1198734, 1, 0
150, 1199148, 1, 0
160, 1201189, 1, 0
170, 1197289, 1, 0
180, 1199131, 1, 0
190, 1199205, 1, 0
200, 1199136, 1, 0
210, 1199201, 1, 0
220, 1199165, 1, 0
230, 1200709, 1, 0
240, 1197726, 1, 0
250, 1199208, 1, 0
260, 1199174, 1, 0
270, 1199559, 1, 0
280, 1198739, 1, 0
290, 1199559, 1, 0
300, 1198837, 1, 0
310, 1199147, 1, 0
320, 1199128, 1, 0
330, 1199160, 1, 0
340, 1199233, 1, 0
350, 1199179, 1, 0
360, 1199151, 1, 0
370, 1199204, 1, 0
380, 1199154, 1, 0
390, 1199193, 1, 0
400, 1199217, 1, 0
410, 1199193, 1, 0
420, 1199164, 1, 0
430, 1199135, 1, 0
440, 1199186, 1, 0
450, 1199210, 1, 0
460, 1199066, 1, 0
470, 1199330, 1, 0
480, 1199145, 1, 0
490, 1199168, 1, 0
500, 1201042, 1, 0
510, 1198893, 1, 0
520, 1197462, 1, 0
530, 1199464, 1, 0
540, 1199328, 1, 0
550, 1198927, 1, 0
560, 1199144, 1, 0
570, 1199175, 1, 0
580, 1198827, 1, 0
590, 1199375, 1, 0
600, 1199189, 1, 0
610, 1198775, 1, 0
615, 1200342, 1, 0
