10, 1139347, 1, 0
20, 1187775, 1, 0
30, 1198015, 1, 0
40, 1197210, 1, 0
50, 1197260, 1, 0
60, 1196447, 1, 0
70, 1202961, 1, 0
80, 1191540, 1, 0
90, 1197437, 1, 0
100, 1199301, 1, 0
110, 1195468, 1, 0
120, 1196037, 1, 0
130, 1197447, 1, 0
140, 1197482, 1, 0
150, 1197846, 1, 0
160, 1198433, 1, 0
170, 1197086, 1, 0
180, 1197648, 1, 0
190, 1198267, 1, 0
200, 1197592, 1, 0
210, 1198064, 1, 0
220, 1197363, 1, 0
230, 1197796, 1, 0
240, 1197413, 1, 0
250, 1196765, 1, 0
260, 1197881, 1, 0
270, 1197637, 1, 0
280, 1197433, 1, 0
290, 1198083, 1, 0
300, 1197836, 1, 0
310, 1197462, 1, 0
320, 1197846, 1, 0
330, 1197782, 1, 0
340, 1197263, 1, 0
350, 1192267, 1, 0
360, 1197858, 1, 0
370, 1197002, 1, 0
380, 1197500, 1, 0
390, 1197955, 1, 0
400, 1197881, 1, 0
410, 1197863, 1, 0
420, 1197783, 1, 0
430, 1197835, 1, 0
440, 1197922, 1, 0
450, 1197796, 1, 0
460, 1198401, 1, 0
470, 1197303, 1, 0
480, 1197750, 1, 0
490, 1198044, 1, 0
500, 1198098, 1, 0
510, 1198005, 1, 0
520, 1197082, 1, 0
530, 1198326, 1, 0
540, 1196900, 1, 0
550, 1197516, 1, 0
560, 1197595, 1, 0
570, 1197628, 1, 0
580, 1197351, 1, 0
590, 1199257, 1, 0
600, 1195795, 1, 0
610, 1198430, 1, 0
614, 1231777, 1, 0
