10, 1140609, 1, 0
21, 1197426, 1, 0
30, 1199214, 1, 0
40, 1199070, 1, 0
51, 1199149, 1, 0
60, 1198881, 1, 0
70, 1198184, 1, 0
81, 1199901, 1, 0
90, 1199358, 1, 0
100, 1198876, 1, 0
111, 1199207, 1, 0
120, 1197909, 1, 0
130, 1199176, 1, 0
141, 1199177, 1, 0
150, 1199127, 1, 0
160, 1202334, 1, 0
171, 1196236, 1, 0
180, 1199147, 1, 0
190, 1199097, 1, 0
201, 1199241, 1, 0
210, 1199031, 1, 0
220, 1199055, 1, 0
231, 1199352, 1, 0
240, 1198978, 1, 0
250, 1198807, 1, 0
261, 1199025, 1, 0
270, 1199092, 1, 0
280, 1199144, 1, 0
291, 1199193, 1, 0
300, 1199147, 1, 0
310, 1199134, 1, 0
321, 1199082, 1, 0
330, 1199150, 1, 0
340, 1199116, 1, 0
351, 1199119, 1, 0
360, 1198992, 1, 0
370, 1199234, 1, 0
381, 1199061, 1, 0
390, 1199135, 1, 0
400, 1199129, 1, 0
411, 1199154, 1, 0
420, 1199009, 1, 0
430, 1199332, 1, 0
441, 1199131, 1, 0
450, 1199148, 1, 0
460, 1199191, 1, 0
471, 1199119, 1, 0
480, 1199275, 1, 0
490, 1199132, 1, 0
501, 1200992, 1, 0
510, 1198945, 1, 0
520, 1197449, 1, 0
531, 1200791, 1, 0
540, 1197342, 1, 0
550, 1199263, 1, 0
561, 1199107, 1, 0
570, 1199104, 1, 0
580, 1199189, 1, 0
591, 1199208, 1, 0
600, 1196620, 1, 0
610, 1227366, 1, 0
614, 1335912, 1, 0
