10, 1153550, 1, 0
20, 1192298, 1, 0
30, 1197355, 1, 0
40, 1197164, 1, 0
50, 1196980, 1, 0
60, 1197249, 1, 0
70, 1196919, 1, 0
80, 1197307, 1, 0
90, 1196971, 1, 0
100, 1197219, 1, 0
110, 1197064, 1, 0
120, 1197107, 1, 0
130, 1196989, 1, 0
140, 1197032, 1, 0
150, 1197200, 1, 0
160, 1196842, 1, 0
170, 1197298, 1, 0
180, 1197188, 1, 0
190, 1197171, 1, 0
200, 1197133, 1, 0
210, 1197211, 1, 0
220, 1197172, 1, 0
230, 1197132, 1, 0
240, 1197075, 1, 0
250, 1199185, 1, 0
260, 1134925, 1, 0
270, 1378236, 1, 0
281, 1197316, 1, 0
290, 1198482, 1, 0
300, 1195268, 1, 0
311, 1197398, 1, 0
320, 1221209, 1, 0
330, 1171412, 1, 0
341, 1197249, 1, 0
350, 1197374, 1, 0
360, 1197565, 1, 0
371, 1197427, 1, 0
380, 1197162, 1, 0
390, 1197291, 1, 0
401, 1197321, 1, 0
410, 1195957, 1, 0
420, 1197475, 1, 0
431, 1197417, 1, 0
440, 1197177, 1, 0
450, 1197505, 1, 0
461, 1197185, 1, 0
470, 1197543, 1, 0
480, 1197289, 1, 0
491, 1197346, 1, 0
500, 1197291, 1, 0
510, 1197589, 1, 0
521, 1197404, 1, 0
530, 1197770, 1, 0
540, 1197173, 1, 0
551, 1197543, 1, 0
560, 1197103, 1, 0
570, 1197614, 1, 0
581, 1197124, 1, 0
590, 1197347, 1, 0
600, 1177885, 1, 0
610, 1194632, 1, 0
614, 1088064, 1, 0
