10, 1135463, 1, 0
21, 1196960, 1, 0
30, 1199382, 1, 0
40, 1198717, 1, 0
51, 1199244, 1, 0
60, 1199346, 1, 0
70, 1198965, 1, 0
81, 1199257, 1, 0
90, 1199036, 1, 0
100, 1199154, 1, 0
111, 1199023, 1, 0
120, 1199141, 1, 0
130, 1199146, 1, 0
141, 1199047, 1, 0
150, 1199209, 1, 0
160, 1199078, 1, 0
171, 1199136, 1, 0
180, 1199208, 1, 0
190, 1199128, 1, 0
201, 1199039, 1, 0
210, 1199121, 1, 0
220, 1199200, 1, 0
231, 1199107, 1, 0
240, 1198774, 1, 0
250, 1213755, 1, 0
260, 1222478, 1, 0
270, 1418196, 1, 0
280, 1198857, 1, 0
290, 1192349, 1, 0
300, 1198296, 1, 0
310, 1201091, 1, 0
320, 1213862, 1, 0
330, 1181650, 1, 0
340, 1199026, 1, 0
350, 1199213, 1, 0
360, 1199066, 1, 0
370, 1199478, 1, 0
380, 1199467, 1, 0
390, 1199271, 1, 0
400, 1199085, 1, 0
410, 1199247, 1, 0
420, 1199191, 1, 0
430, 1199263, 1, 0
440, 1198991, 1, 0
450, 1199221, 1, 0
460, 1198992, 1, 0
470, 1199060, 1, 0
480, 1199149, 1, 0
490, 1199097, 1, 0
500, 1198984, 1, 0
510, 1199100, 1, 0
520, 1198921, 1, 0
530, 1199162, 1, 0
540, 1198884, 1, 0
550, 1199061, 1, 0
560, 1199190, 1, 0
570, 1199004, 1, 0
580, 1199406, 1, 0
590, 1199123, 1, 0
600, 1207680, 1, 0
611, 1224084, 1, 0
615, 1125021, 1, 0
