10, 1137848, 1, 0
20, 1195416, 1, 0
30, 1199369, 1, 0
40, 1199209, 1, 0
50, 1199154, 1, 0
60, 1199160, 1, 0
70, 1199978, 1, 0
80, 1198548, 1, 0
90, 1199158, 1, 0
100, 1199332, 1, 0
110, 1199007, 1, 0
120, 1199270, 1, 0
130, 1199121, 1, 0
140, 1198946, 1, 0
150, 1199471, 1, 0
160, 1199051, 1, 0
170, 1199610, 1, 0
180, 1198294, 1, 0
190, 1199200, 1, 0
200, 1199238, 1, 0
210, 1199191, 1, 0
220, 1199193, 1, 0
230, 1199189, 1, 0
240, 1199147, 1, 0
250, 1199164, 1, 0
260, 1199181, 1, 0
270, 1199169, 1, 0
280, 1199120, 1, 0
290, 1199196, 1, 0
300, 1199047, 1, 0
310, 1199231, 1, 0
320, 1199183, 1, 0
330, 1199193, 1, 0
340, 1199212, 1, 0
350, 1199181, 1, 0
360, 1199156, 1, 0
370, 1199136, 1, 0
380, 1199211, 1, 0
390, 1199326, 1, 0
400, 1199169, 1, 0
410, 1199204, 1, 0
420, 1199135, 1, 0
430, 1199117, 1, 0
440, 1199249, 1, 0
450, 1199222, 1, 0
460, 1198954, 1, 0
470, 1199384, 1, 0
480, 1199222, 1, 0
490, 1199188, 1, 0
500, 1199022, 1, 0
510, 1199309, 1, 0
520, 1199117, 1, 0
530, 1199404, 1, 0
540, 1199247, 1, 0
550, 1199200, 1, 0
560, 1199175, 1, 0
570, 1199173, 1, 0
580, 1199073, 1, 0
590, 1199263, 1, 0
600, 1190588, 1, 0
610, 1187771, 1, 0
614, 1408669, 1, 0
