10, 1153933, 1, 0
20, 1192233, 1, 0
30, 1199344, 1, 0
40, 1196497, 1, 0
50, 1199232, 1, 0
61, 1198095, 1, 0
70, 1202319, 1, 0
80, 1196493, 1, 0
90, 1198907, 1, 0
100, 1198774, 1, 0
110, 1198830, 1, 0
121, 1199075, 1, 0
130, 1198912, 1, 0
140, 1198799, 1, 0
150, 1198981, 1, 0
160, 1198818, 1, 0
170, 1199829, 1, 0
181, 1197581, 1, 0
190, 1198853, 1, 0
200, 1198888, 1, 0
210, 1199447, 1, 0
220, 1198541, 1, 0
230, 1199329, 1, 0
240, 1198735, 1, 0
250, 1198901, 1, 0
260, 1199157, 1, 0
270, 1198505, 1, 0
280, 1199210, 1, 0
290, 1198542, 1, 0
300, 1198997, 1, 0
310, 1199239, 1, 0
320, 1198343, 1, 0
330, 1199081, 1, 0
340, 1198826, 1, 0
350, 1198985, 1, 0
360, 1198818, 1, 0
370, 1199066, 1, 0
380, 1198556, 1, 0
390, 1199123, 1, 0
400, 1199180, 1, 0
410, 1199257, 1, 0
420, 1198884, 1, 0
430, 1199366, 1, 0
440, 1199115, 1, 0
450, 1199177, 1, 0
460, 1199042, 1, 0
470, 1200669, 1, 0
480, 1197732, 1, 0
490, 1199181, 1, 0
500, 1199027, 1, 0
510, 1198992, 1, 0
520, 1199120, 1, 0
530, 1199605, 1, 0
540, 1198912, 1, 0
550, 1199189, 1, 0
560, 1198711, 1, 0
570, 1199105, 1, 0
580, 1199046, 1, 0
590, 1199245, 1, 0
601, 1199952, 1, 0
610, 1198844, 1, 0
614, 1299993, 1, 0
