10, 1155305, 1, 0
20, 1194177, 1, 0
30, 1199105, 1, 0
40, 1198893, 1, 0
50, 1198777, 1, 0
60, 1198956, 1, 0
70, 1198791, 1, 0
80, 1198903, 1, 0
90, 1198814, 1, 0
100, 1199030, 1, 0
110, 1198795, 1, 0
120, 1198971, 1, 0
130, 1198730, 1, 0
140, 1198851, 1, 0
150, 1198920, 1, 0
160, 1198694, 1, 0
170, 1199091, 1, 0
180, 1198950, 1, 0
190, 1198809, 1, 0
200, 1198879, 1, 0
210, 1198881, 1, 0
220, 1198943, 1, 0
230, 1198786, 1, 0
240, 1198873, 1, 0
250, 1201034, 1, 0
260, 1137128, 1, 0
270, 1380571, 1, 0
281, 1198956, 1, 0
290, 1200533, 1, 0
300, 1197371, 1, 0
311, 1199321, 1, 0
320, 1223151, 1, 0
330, 1173723, 1, 0
341, 1199109, 1, 0
350, 1199128, 1, 0
360, 1199292, 1, 0
371, 1199233, 1, 0
380, 1199107, 1, 0
390, 1199119, 1, 0
401, 1199150, 1, 0
410, 1197820, 1, 0
420, 1199241, 1, 0
431, 1199083, 1, 0
440, 1199051, 1, 0
450, 1199185, 1, 0
461, 1199100, 1, 0
470, 1199191, 1, 0
480, 1199039, 1, 0
491, 1199215, 1, 0
500, 1199011, 1, 0
510, 1199208, 1, 0
521, 1199168, 1, 0
530, 1199347, 1, 0
540, 1198828, 1, 0
551, 1199164, 1, 0
560, 1199038, 1, 0
570, 1199297, 1, 0
581, 1198942, 1, 0
590, 1199195, 1, 0
600, 1179723, 1, 0
610, 1196518, 1, 0
614, 1090004, 1, 0
