11, 1154586, 1, 0
20, 1192534, 1, 0
30, 1194290, 1, 0
41, 1200294, 1, 0
50, 1201063, 1, 0
60, 1193521, 1, 0
71, 1197614, 1, 0
80, 1197418, 1, 0
90, 1196446, 1, 0
101, 1197013, 1, 0
110, 1197187, 1, 0
120, 1197487, 1, 0
131, 1197220, 1, 0
140, 1201324, 1, 0
150, 1192515, 1, 0
161, 1202202, 1, 0
170, 1192528, 1, 0
180, 1197627, 1, 0
191, 1192948, 1, 0
200, 1201165, 1, 0
210, 1193912, 1, 0
220, 1197465, 1, 0
230, 1197230, 1, 0
240, 1197508, 1, 0
250, 1197381, 1, 0
260, 1201326, 1, 0
270, 1193313, 1, 0
281, 1197590, 1, 0
290, 1197339, 1, 0
300, 1197527, 1, 0
311, 1197391, 1, 0
320, 1201039, 1, 0
330, 1193635, 1, 0
341, 1197191, 1, 0
350, 1197247, 1, 0
360, 1197253, 1, 0
371, 1197196, 1, 0
380, 1197341, 1, 0
390, 1201185, 1, 0
401, 1193858, 1, 0
410, 1197244, 1, 0
420, 1197316, 1, 0
431, 1202476, 1, 0
440, 1191563, 1, 0
450, 1197180, 1, 0
461, 1202658, 1, 0
470, 1191483, 1, 0
480, 1197376, 1, 0
491, 1197207, 1, 0
500, 1201173, 1, 0
510, 1197218, 1, 0
521, 1197413, 1, 0
530, 1193197, 1, 0
540, 1197569, 1, 0
551, 1197376, 1, 0
560, 1198688, 1, 0
570, 1197523, 1, 0
581, 1196880, 1, 0
590, 1197490, 1, 0
600, 1190440, 1, 0
610, 1168231, 1, 0
614, 1213924, 1, 0
