10, 1168071, 1, 0
20, 1196053, 1, 0
30, 1199261, 1, 0
40, 1199113, 1, 0
50, 1199053, 1, 0
60, 1199350, 1, 0
70, 1199089, 1, 0
80, 1199167, 1, 0
90, 1199189, 1, 0
100, 1199204, 1, 0
110, 1199128, 1, 0
120, 1199102, 1, 0
130, 1199237, 1, 0
140, 1199091, 1, 0
150, 1199255, 1, 0
160, 1198986, 1, 0
170, 1199229, 1, 0
180, 1199161, 1, 0
190, 1200618, 1, 0
200, 1197611, 1, 0
210, 1199209, 1, 0
220, 1199255, 1, 0
230, 1199032, 1, 0
240, 1199243, 1, 0
250, 1201944, 1, 0
260, 1195797, 1, 0
270, 1198965, 1, 0
280, 1199336, 1, 0
290, 1211778, 1, 0
301, 1198410, 1, 0
310, 1197216, 1, 0
320, 1202676, 1, 0
331, 1195409, 1, 0
340, 1199128, 1, 0
350, 1199482, 1, 0
361, 1199376, 1, 0
370, 1199272, 1, 0
380, 1199079, 1, 0
391, 1199533, 1, 0
400, 1199134, 1, 0
410, 1199236, 1, 0
421, 1199008, 1, 0
430, 1199563, 1, 0
440, 1198950, 1, 0
451, 1199175, 1, 0
460, 1199050, 1, 0
470, 1199313, 1, 0
481, 1199147, 1, 0
490, 1199376, 1, 0
500, 1199101, 1, 0
511, 1199250, 1, 0
520, 1199387, 1, 0
530, 1199162, 1, 0
541, 1199444, 1, 0
550, 1199025, 1, 0
560, 1199190, 1, 0
571, 1199104, 1, 0
580, 1199200, 1, 0
590, 1199427, 1, 0
600, 1190899, 1, 0
610, 1173605, 1, 0
614, 1245470, 1, 0
