10, 1153547, 1, 0
20, 1196704, 1, 0
30, 1198882, 1, 0
40, 1199092, 1, 0
50, 1199070, 1, 0
60, 1199068, 1, 0
70, 1199073, 1, 0
80, 1199211, 1, 0
90, 1200413, 1, 0
100, 1197356, 1, 0
110, 1199195, 1, 0
120, 1199140, 1, 0
130, 1199149, 1, 0
140, 1199365, 1, 0
150, 1198787, 1, 0
160, 1199013, 1, 0
170, 1199154, 1, 0
180, 1199117, 1, 0
190, 1199101, 1, 0
200, 1199553, 1, 0
210, 1198699, 1, 0
220, 1199242, 1, 0
230, 1199015, 1, 0
240, 1199025, 1, 0
250, 1204758, 1, 0
260, 1195488, 1, 0
270, 1278487, 1, 0
281, 1198637, 1, 0
290, 1198841, 1, 0
300, 1200392, 1, 0
311, 1197644, 1, 0
320, 1198095, 1, 0
330, 1198635, 1, 0
341, 1198936, 1, 0
350, 1199115, 1, 0
360, 1199224, 1, 0
371, 1199163, 1, 0
380, 1199254, 1, 0
390, 1199515, 1, 0
401, 1199198, 1, 0
410, 1199024, 1, 0
420, 1199278, 1, 0
431, 1198887, 1, 0
440, 1199080, 1, 0
450, 1199143, 1, 0
461, 1199228, 1, 0
470, 1198970, 1, 0
480, 1199274, 1, 0
491, 1199131, 1, 0
500, 1199127, 1, 0
510, 1199029, 1, 0
521, 1199198, 1, 0
530, 1199234, 1, 0
540, 1199010, 1, 0
551, 1198985, 1, 0
560, 1199539, 1, 0
570, 1199530, 1, 0
581, 1198372, 1, 0
590, 1199476, 1, 0
600, 1199792, 1, 0
611, 1198462, 1, 0
614, 1199890, 1, 0
