10, 1138928, 1, 0
21, 1194154, 1, 0
30, 1197260, 1, 0
40, 1197117, 1, 0
51, 1196828, 1, 0
60, 1197082, 1, 0
70, 1196982, 1, 0
81, 1197649, 1, 0
90, 1196228, 1, 0
100, 1197010, 1, 0
111, 1197107, 1, 0
120, 1197388, 1, 0
130, 1196865, 1, 0
141, 1197005, 1, 0
150, 1197604, 1, 0
160, 1196519, 1, 0
171, 1196966, 1, 0
180, 1197190, 1, 0
190, 1197302, 1, 0
201, 1197188, 1, 0
210, 1200228, 1, 0
220, 1194270, 1, 0
231, 1196877, 1, 0
240, 1196975, 1, 0
250, 1200413, 1, 0
261, 1197771, 1, 0
270, 1192113, 1, 0
280, 1197305, 1, 0
291, 1196049, 1, 0
300, 1197179, 1, 0
310, 1197374, 1, 0
321, 1198848, 1, 0
330, 1194999, 1, 0
340, 1200211, 1, 0
351, 1197257, 1, 0
360, 1197967, 1, 0
370, 1197095, 1, 0
381, 1192876, 1, 0
390, 1197066, 1, 0
400, 1196944, 1, 0
411, 1197568, 1, 0
420, 1196794, 1, 0
430, 1197111, 1, 0
441, 1196963, 1, 0
450, 1196854, 1, 0
460, 1197162, 1, 0
471, 1197148, 1, 0
480, 1197295, 1, 0
490, 1196434, 1, 0
501, 1197050, 1, 0
510, 1196861, 1, 0
520, 1196836, 1, 0
531, 1196929, 1, 0
540, 1196949, 1, 0
550, 1196643, 1, 0
561, 1196635, 1, 0
570, 1197546, 1, 0
580, 1197377, 1, 0
591, 1197609, 1, 0
600, 1188527, 1, 0
610, 1187459, 1, 0
613, 1247287, 1, 0
