11, 1172756, 1, 0
20, 1194656, 1, 0
30, 1201456, 1, 0
41, 1197784, 1, 0
50, 1198683, 1, 0
60, 1200305, 1, 0
71, 1197420, 1, 0
80, 1204489, 1, 0
90, 1193906, 1, 0
101, 1199161, 1, 0
110, 1199190, 1, 0
120, 1202891, 1, 0
131, 1201121, 1, 0
140, 1195076, 1, 0
150, 1196374, 1, 0
161, 1199351, 1, 0
170, 1202853, 1, 0
180, 1199667, 1, 0
191, 1195296, 1, 0
200, 1197319, 1, 0
210, 1198970, 1, 0
221, 1201147, 1, 0
230, 1196939, 1, 0
240, 1199256, 1, 0
251, 1199149, 1, 0
260, 1199587, 1, 0
270, 1200091, 1, 0
281, 1200064, 1, 0
290, 1196862, 1, 0
300, 1199216, 1, 0
311, 1199107, 1, 0
320, 1199492, 1, 0
330, 1200608, 1, 0
341, 1197698, 1, 0
350, 1199192, 1, 0
360, 1199204, 1, 0
371, 1199278, 1, 0
380, 1199072, 1, 0
390, 1199797, 1, 0
401, 1200060, 1, 0
410, 1199082, 1, 0
420, 1197813, 1, 0
431, 1200431, 1, 0
440, 1199676, 1, 0
450, 1198850, 1, 0
461, 1199306, 1, 0
470, 1198975, 1, 0
480, 1199346, 1, 0
491, 1199260, 1, 0
500, 1198585, 1, 0
510, 1199271, 1, 0
521, 1199421, 1, 0
530, 1196034, 1, 0
540, 1199069, 1, 0
551, 1199241, 1, 0
560, 1198773, 1, 0
570, 1199180, 1, 0
581, 1199154, 1, 0
590, 1199402, 1, 0
600, 1196160, 1, 0
611, 1209628, 1, 0
614, 1249845, 1, 0
