10, 1141830, 1, 0
21, 1193009, 1, 0
30, 1197332, 1, 0
40, 1196933, 1, 0
51, 1196849, 1, 0
60, 1196961, 1, 0
70, 1196807, 1, 0
81, 1197196, 1, 0
90, 1196709, 1, 0
100, 1197018, 1, 0
111, 1196771, 1, 0
120, 1196993, 1, 0
130, 1196939, 1, 0
141, 1196786, 1, 0
150, 1198538, 1, 0
160, 1195280, 1, 0
171, 1196995, 1, 0
180, 1196908, 1, 0
190, 1196862, 1, 0
201, 1196773, 1, 0
210, 1201048, 1, 0
220, 1198378, 1, 0
231, 1192221, 1, 0
240, 1197630, 1, 0
250, 1197459, 1, 0
261, 1197537, 1, 0
270, 1198083, 1, 0
280, 1197393, 1, 0
291, 1195439, 1, 0
300, 1197155, 1, 0
310, 1196288, 1, 0
321, 1203840, 1, 0
330, 1190539, 1, 0
340, 1196568, 1, 0
351, 1196969, 1, 0
360, 1197406, 1, 0
370, 1197301, 1, 0
381, 1196897, 1, 0
390, 1197026, 1, 0
400, 1197491, 1, 0
411, 1196900, 1, 0
420, 1197242, 1, 0
430, 1197250, 1, 0
441, 1196975, 1, 0
450, 1197122, 1, 0
460, 1197130, 1, 0
471, 1196928, 1, 0
480, 1197300, 1, 0
490, 1196909, 1, 0
501, 1197024, 1, 0
510, 1197078, 1, 0
520, 1197494, 1, 0
531, 1196978, 1, 0
540, 1197325, 1, 0
550, 1197139, 1, 0
561, 1196892, 1, 0
570, 1197396, 1, 0
580, 1197485, 1, 0
591, 1196933, 1, 0
600, 1186804, 1, 0
610, 1210969, 1, 0
614, 1249669, 1, 0
