10, 1139191, 1, 0
20, 1197218, 1, 0
30, 1199327, 1, 0
40, 1198990, 1, 0
50, 1199476, 1, 0
60, 1199220, 1, 0
70, 1199264, 1, 0
80, 1199189, 1, 0
90, 1199154, 1, 0
100, 1199211, 1, 0
110, 1199221, 1, 0
120, 1199253, 1, 0
130, 1199061, 1, 0
140, 1199048, 1, 0
150, 1199170, 1, 0
160, 1199342, 1, 0
170, 1199197, 1, 0
180, 1199067, 1, 0
190, 1199211, 1, 0
200, 1199197, 1, 0
210, 1199167, 1, 0
220, 1199191, 1, 0
230, 1198331, 1, 0
240, 1199235, 1, 0
250, 1199123, 1, 0
260, 1199120, 1, 0
270, 1199124, 1, 0
280, 1199155, 1, 0
290, 1199202, 1, 0
300, 1199257, 1, 0
310, 1199094, 1, 0
320, 1199152, 1, 0
330, 1199136, 1, 0
340, 1199237, 1, 0
350, 1199083, 1, 0
360, 1199204, 1, 0
370, 1199210, 1, 0
380, 1199172, 1, 0
390, 1199153, 1, 0
400, 1199177, 1, 0
410, 1199174, 1, 0
420, 1199191, 1, 0
430, 1199150, 1, 0
440, 1199200, 1, 0
450, 1199223, 1, 0
460, 1198985, 1, 0
470, 1199333, 1, 0
480, 1199222, 1, 0
490, 1199243, 1, 0
500, 1198866, 1, 0
510, 1199170, 1, 0
520, 1199228, 1, 0
530, 1199280, 1, 0
540, 1199165, 1, 0
550, 1199163, 1, 0
560, 1199213, 1, 0
570, 1199141, 1, 0
580, 1199150, 1, 0
590, 1199167, 1, 0
600, 1199083, 1, 0
610, 1199277, 1, 0
614, 1201636, 1, 0
