10, 1191443, 1, 0
20, 1194037, 1, 0
31, 1201214, 1, 0
40, 1193325, 1, 0
50, 1198742, 1, 0
61, 1199225, 1, 0
70, 1193456, 1, 0
80, 1199123, 1, 0
91, 1196098, 1, 0
100, 1197094, 1, 0
110, 1197143, 1, 0
120, 1199045, 1, 0
130, 1195774, 1, 0
140, 1196928, 1, 0
151, 1197577, 1, 0
160, 1195980, 1, 0
170, 1197297, 1, 0
181, 1198633, 1, 0
190, 1195390, 1, 0
200, 1201325, 1, 0
210, 1195113, 1, 0
220, 1196136, 1, 0
230, 1198468, 1, 0
241, 1197042, 1, 0
250, 1196617, 1, 0
260, 1200530, 1, 0
270, 1194737, 1, 0
280, 1197131, 1, 0
290, 1193870, 1, 0
301, 1197100, 1, 0
310, 1197162, 1, 0
320, 1199416, 1, 0
331, 1194090, 1, 0
340, 1200843, 1, 0
350, 1195338, 1, 0
361, 1197376, 1, 0
370, 1197527, 1, 0
380, 1197189, 1, 0
390, 1197401, 1, 0
400, 1197654, 1, 0
410, 1197016, 1, 0
421, 1195912, 1, 0
430, 1198965, 1, 0
440, 1197423, 1, 0
450, 1197303, 1, 0
460, 1197072, 1, 0
470, 1197540, 1, 0
481, 1195776, 1, 0
490, 1199377, 1, 0
500, 1195556, 1, 0
510, 1199201, 1, 0
520, 1197121, 1, 0
530, 1197852, 1, 0
541, 1196908, 1, 0
550, 1197426, 1, 0
560, 1196481, 1, 0
570, 1198177, 1, 0
580, 1196508, 1, 0
590, 1195699, 1, 0
601, 1195605, 1, 0
610, 1199998, 1, 0
615, 1440391, 1, 0
