10, 1133823, 1, 0
21, 1195164, 1, 0
30, 1197457, 1, 0
40, 1196854, 1, 0
51, 1197356, 1, 0
60, 1197668, 1, 0
70, 1197137, 1, 0
81, 1197431, 1, 0
90, 1197335, 1, 0
100, 1197222, 1, 0
111, 1197114, 1, 0
120, 1197250, 1, 0
130, 1197395, 1, 0
141, 1197296, 1, 0
150, 1197519, 1, 0
160, 1197374, 1, 0
171, 1197315, 1, 0
180, 1197484, 1, 0
190, 1197344, 1, 0
201, 1197182, 1, 0
210, 1197402, 1, 0
220, 1197373, 1, 0
231, 1197195, 1, 0
240, 1197068, 1, 0
250, 1212191, 1, 0
260, 1219984, 1, 0
270, 1415929, 1, 0
280, 1197299, 1, 0
290, 1189659, 1, 0
300, 1196064, 1, 0
310, 1199287, 1, 0
320, 1211678, 1, 0
330, 1178711, 1, 0
340, 1197147, 1, 0
350, 1197330, 1, 0
360, 1197293, 1, 0
370, 1197723, 1, 0
380, 1197846, 1, 0
390, 1197556, 1, 0
400, 1197299, 1, 0
410, 1197368, 1, 0
420, 1197348, 1, 0
430, 1197373, 1, 0
440, 1197147, 1, 0
450, 1197417, 1, 0
460, 1197189, 1, 0
470, 1197228, 1, 0
480, 1197355, 1, 0
490, 1197250, 1, 0
500, 1197177, 1, 0
510, 1197160, 1, 0
520, 1197173, 1, 0
530, 1197208, 1, 0
540, 1197050, 1, 0
550, 1197142, 1, 0
560, 1197384, 1, 0
570, 1197270, 1, 0
580, 1197475, 1, 0
590, 1197286, 1, 0
600, 1205948, 1, 0
611, 1222241, 1, 0
615, 1123167, 1, 0
