10, 1144016, 1, 0
21, 1196565, 1, 0
30, 1202637, 1, 0
40, 1199171, 1, 0
51, 1196168, 1, 0
60, 1199237, 1, 0
70, 1198715, 1, 0
81, 1201107, 1, 0
90, 1195000, 1, 0
100, 1198524, 1, 0
111, 1197969, 1, 0
120, 1198164, 1, 0
130, 1198643, 1, 0
141, 1198776, 1, 0
150, 1196400, 1, 0
160, 1199986, 1, 0
171, 1198794, 1, 0
180, 1198991, 1, 0
190, 1198609, 1, 0
201, 1198821, 1, 0
210, 1196430, 1, 0
220, 1204296, 1, 0
231, 1195809, 1, 0
240, 1198755, 1, 0
250, 1198342, 1, 0
261, 1198764, 1, 0
270, 1200766, 1, 0
280, 1196951, 1, 0
291, 1198925, 1, 0
300, 1198088, 1, 0
310, 1199498, 1, 0
321, 1207025, 1, 0
330, 1200417, 1, 0
340, 1199115, 1, 0
350, 1199260, 1, 0
360, 1199187, 1, 0
370, 1199232, 1, 0
380, 1199245, 1, 0
390, 1198993, 1, 0
400, 1199114, 1, 0
410, 1199163, 1, 0
420, 1199168, 1, 0
430, 1199108, 1, 0
440, 1199150, 1, 0
450, 1199064, 1, 0
460, 1199065, 1, 0
470, 1199195, 1, 0
480, 1199627, 1, 0
490, 1199099, 1, 0
500, 1199272, 1, 0
510, 1198867, 1, 0
520, 1199479, 1, 0
530, 1198522, 1, 0
540, 1198959, 1, 0
550, 1199160, 1, 0
560, 1199779, 1, 0
570, 1198557, 1, 0
580, 1199029, 1, 0
590, 1199894, 1, 0
600, 1190631, 1, 0
610, 1198120, 1, 0
613, 1191510, 1, 0
