1000, 1599589, 1, 0
2000, 1598101, 1, 0
3000, 1598160, 1, 0
4000, 1596766, 1, 0
5000, 1598214, 1, 0
6000, 1598018, 1, 0
7000, 1597914, 1, 0
8000, 1600524, 1, 0
9000, 1595870, 1, 0
10001, 1597222, 1, 0
11000, 1602141, 1, 0
12000, 1598109, 1, 0
13000, 1597564, 1, 0
14001, 1597300, 1, 0
15000, 1598191, 1, 0
16000, 1597002, 1, 0
17000, 1598147, 1, 0
18000, 1600714, 1, 0
19000, 1602118, 1, 0
20000, 1598249, 1, 0
21001, 1602712, 1, 0
22000, 1594528, 1, 0
23000, 1598788, 1, 0
24001, 1599826, 1, 0
25000, 1597096, 1, 0
26000, 1598658, 1, 0
27000, 1598114, 1, 0
28001, 1596894, 1, 0
29000, 1593966, 1, 0
30000, 1598155, 1, 0
31000, 1593668, 1, 0
32000, 1598138, 1, 0
33000, 1597552, 1, 0
34000, 1597323, 1, 0
35001, 1597661, 1, 0
36001, 1598161, 1, 0
37001, 1598296, 1, 0
38000, 1598859, 1, 0
39001, 1595018, 1, 0
40000, 1688531, 1, 0
41004, 1713863, 1, 0
42000, 1687481, 1, 0
43000, 1706964, 1, 0
44000, 1705498, 1, 0
45000, 1707040, 1, 0
46000, 1704723, 1, 0
47000, 1687146, 1, 0
48001, 1706257, 1, 0
49001, 1718839, 1, 0
50000, 1716177, 1, 0
51000, 1727345, 1, 0
52001, 1711715, 1, 0
53001, 1693710, 1, 0
54000, 1729536, 1, 0
55001, 1720593, 1, 0
56001, 1716233, 1, 0
57000, 1710120, 1, 0
58008, 1717791, 1, 0
59000, 1699461, 1, 0
60000, 1726132, 1, 0
61000, 1728116, 1, 0
62000, 1721368, 1, 0
63000, 1716642, 1, 0
64000, 1691055, 1, 0
65001, 1716861, 1, 0
66000, 1713141, 1, 0
67001, 1711485, 1, 0
68000, 1714525, 1, 0
69002, 1716528, 1, 0
70000, 1696372, 1, 0
71001, 1724057, 1, 0
72001, 1713127, 1, 0
73000, 1718212, 1, 0
74000, 1721420, 1, 0
75000, 1693322, 1, 0
76000, 1722927, 1, 0
77000, 1722807, 1, 0
78000, 1728043, 1, 0
79000, 1733153, 1, 0
80000, 1734369, 1, 0
81001, 1704032, 1, 0
82000, 1735744, 1, 0
83000, 1725877, 1, 0
84001, 1726246, 1, 0
85000, 1726328, 1, 0
86013, 1718190, 1, 0
87001, 1698245, 1, 0
88000, 1732638, 1, 0
89000, 1729028, 1, 0
90001, 1729570, 1, 0
91000, 1729327, 1, 0
92001, 1694933, 1, 0
93000, 1727826, 1, 0
94001, 1725839, 1, 0
95000, 1726144, 1, 0
96000, 1719310, 1, 0
97007, 1723998, 1, 0
98000, 1700238, 1, 0
99000, 1723118, 1, 0
100000, 1721301, 1, 0
101001, 1721610, 1, 0
102001, 1723184, 1, 0
103001, 1698186, 1, 0
104001, 1731997, 1, 0
105000, 1729035, 1, 0
106000, 1727599, 1, 0
107000, 1723658, 1, 0
108006, 1723707, 1, 0
109000, 1691390, 1, 0
110001, 1721127, 1, 0
111000, 1726160, 1, 0
112000, 1720355, 1, 0
113000, 1715256, 1, 0
114000, 1699204, 1, 0
115001, 1720738, 1, 0
116001, 1728577, 1, 0
117000, 1735660, 1, 0
118001, 1729678, 1, 0
119004, 1725839, 1, 0
120000, 1702824, 1, 0
121000, 1723165, 1, 0
122000, 1730027, 1, 0
123000, 1729502, 1, 0
124000, 1727063, 1, 0
125000, 1702102, 1, 0
126000, 1734810, 1, 0
127000, 1725678, 1, 0
128001, 1720361, 1, 0
129001, 1731770, 1, 0
130002, 1738192, 1, 0
131000, 1707255, 1, 0
132000, 1735328, 1, 0
133000, 1741923, 1, 0
134001, 1733423, 1, 0
135000, 1726009, 1, 0
136000, 1697368, 1, 0
137000, 1723841, 1, 0
138000, 1716645, 1, 0
139000, 1722867, 1, 0
140000, 1722683, 1, 0
141001, 1724253, 1, 0
142001, 1695036, 1, 0
143001, 1723338, 1, 0
144000, 1722619, 1, 0
145001, 1730184, 1, 0
146001, 1728205, 1, 0
147015, 1723343, 1, 0
148000, 1698726, 1, 0
149000, 1719804, 1, 0
150001, 1724474, 1, 0
151000, 1728737, 1, 0
152001, 1730848, 1, 0
153001, 1697952, 1, 0
154001, 1722482, 1, 0
155000, 1721048, 1, 0
156001, 1730274, 1, 0
157000, 1735961, 1, 0
158017, 1736213, 1, 0
159001, 1711705, 1, 0
160000, 1739101, 1, 0
161000, 1728534, 1, 0
162001, 1735493, 1, 0
163000, 1727703, 1, 0
164001, 1703213, 1, 0
165001, 1719654, 1, 0
166000, 1720748, 1, 0
167000, 1719743, 1, 0
168000, 1728421, 1, 0
169015, 1729153, 1, 0
170000, 1700971, 1, 0
171001, 1734774, 1, 0
172001, 1743502, 1, 0
173000, 1729636, 1, 0
174000, 1729431, 1, 0
175001, 1699713, 1, 0
176001, 1719960, 1, 0
177001, 1722548, 1, 0
178001, 1727629, 1, 0
179000, 1727149, 1, 0
180014, 1728890, 1, 0
181001, 1705159, 1, 0
182001, 1730938, 1, 0
183000, 1736832, 1, 0
184000, 1730992, 1, 0
185001, 1732473, 1, 0
186001, 1696852, 1, 0
187000, 1723860, 1, 0
188000, 1724478, 1, 0
189001, 1735797, 1, 0
190000, 1730476, 1, 0
191010, 1727354, 1, 0
192000, 1701475, 1, 0
193000, 1725444, 1, 0
194000, 1725342, 1, 0
195000, 1726689, 1, 0
196000, 1728066, 1, 0
197000, 1698561, 1, 0
198000, 1719440, 1, 0
199000, 1728566, 1, 0
200000, 1727916, 1, 0
201001, 1727420, 1, 0
202003, 1722942, 1, 0
203001, 1694849, 1, 0
204000, 1717950, 1, 0
205001, 1715468, 1, 0
206000, 1729262, 1, 0
207001, 1724677, 1, 0
208000, 1698100, 1, 0
209000, 1718299, 1, 0
210000, 1725107, 1, 0
211000, 1731659, 1, 0
212000, 1726307, 1, 0
213000, 1731503, 1, 0
214001, 1705838, 1, 0
215000, 1736000, 1, 0
216000, 1730810, 1, 0
217000, 1728936, 1, 0
218001, 1726398, 1, 0
219013, 1721729, 1, 0
220001, 1699444, 1, 0
221000, 1735784, 1, 0
222000, 1730587, 1, 0
222699, 1679379, 1, 0
