1000, 4138, 1, 0
2000, 4097, 1, 0
3000, 4097, 1, 0
4000, 4127, 1, 0
5000, 4212, 1, 0
6000, 4161, 1, 0
7000, 4211, 1, 0
8000, 4168, 1, 0
9000, 4197, 1, 0
10000, 4150, 1, 0
11000, 4078, 1, 0
12000, 4230, 1, 0
13000, 4128, 1, 0
14000, 4153, 1, 0
15000, 4194, 1, 0
16000, 4195, 1, 0
17000, 4142, 1, 0
18000, 4198, 1, 0
19000, 4215, 1, 0
20000, 4241, 1, 0
21000, 4209, 1, 0
22000, 4267, 1, 0
23000, 4196, 1, 0
24000, 4258, 1, 0
25000, 4177, 1, 0
26000, 4157, 1, 0
27000, 4158, 1, 0
28000, 4159, 1, 0
29001, 4079, 1, 0
30000, 4095, 1, 0
31000, 4162, 1, 0
32000, 4161, 1, 0
33001, 4176, 1, 0
34000, 4180, 1, 0
35000, 4106, 1, 0
36000, 4128, 1, 0
37000, 4052, 1, 0
38000, 4131, 1, 0
39000, 4065, 1, 0
40000, 4201, 1, 0
41000, 4200, 1, 0
42000, 4144, 1, 0
43000, 4209, 1, 0
44000, 4145, 1, 0
45000, 4197, 1, 0
46000, 4119, 1, 0
47000, 4146, 1, 0
48000, 4129, 1, 0
49000, 4191, 1, 0
50000, 4097, 1, 0
51000, 4178, 1, 0
52000, 4220, 1, 0
53000, 4196, 1, 0
54000, 4138, 1, 0
55000, 4204, 1, 0
56000, 4193, 1, 0
57000, 4305, 1, 0
58000, 4098, 1, 0
59000, 4140, 1, 0
60000, 4166, 1, 0
61000, 3960, 1, 0
62000, 4148, 1, 0
63000, 4101, 1, 0
64000, 4100, 1, 0
65000, 4173, 1, 0
66000, 4253, 1, 0
67000, 4197, 1, 0
68000, 4100, 1, 0
69000, 4114, 1, 0
70000, 4151, 1, 0
71000, 4053, 1, 0
72000, 4144, 1, 0
73000, 4119, 1, 0
74000, 4229, 1, 0
75000, 4192, 1, 0
76000, 4260, 1, 0
77000, 4348, 1, 0
78000, 4121, 1, 0
79000, 4060, 1, 0
80000, 4114, 1, 0
81000, 4232, 1, 0
82000, 4107, 1, 0
83000, 4214, 1, 0
84000, 4096, 1, 0
85000, 4197, 1, 0
86000, 4101, 1, 0
87000, 4106, 1, 0
88000, 4135, 1, 0
89000, 4164, 1, 0
90000, 4149, 1, 0
91000, 4296, 1, 0
92000, 4133, 1, 0
93000, 4257, 1, 0
94000, 4266, 1, 0
95000, 4214, 1, 0
96000, 4294, 1, 0
97000, 4165, 1, 0
98000, 4174, 1, 0
99000, 4119, 1, 0
100000, 4209, 1, 0
101000, 4097, 1, 0
102000, 4258, 1, 0
103000, 4287, 1, 0
104000, 4196, 1, 0
105000, 4194, 1, 0
106000, 4214, 1, 0
107000, 4180, 1, 0
108000, 4047, 1, 0
109000, 4090, 1, 0
110000, 4117, 1, 0
111000, 4099, 1, 0
112000, 4116, 1, 0
113001, 4140, 1, 0
114000, 4165, 1, 0
115000, 4250, 1, 0
116000, 4217, 1, 0
117000, 4214, 1, 0
118000, 4181, 1, 0
119000, 4116, 1, 0
120000, 4194, 1, 0
121000, 4154, 1, 0
122000, 4212, 1, 0
123000, 4043, 1, 0
124000, 3971, 1, 0
125000, 4014, 1, 0
126000, 4103, 1, 0
127000, 4086, 1, 0
128000, 4107, 1, 0
129000, 4287, 1, 0
130001, 4189, 1, 0
131000, 4189, 1, 0
132000, 4236, 1, 0
133000, 4192, 1, 0
134000, 4151, 1, 0
135000, 4142, 1, 0
136000, 4007, 1, 0
137000, 4278, 1, 0
138000, 4236, 1, 0
139000, 4264, 1, 0
140000, 4225, 1, 0
141000, 4141, 1, 0
142000, 4164, 1, 0
143000, 4116, 1, 0
144000, 4201, 1, 0
145000, 4162, 1, 0
146000, 4164, 1, 0
147000, 4060, 1, 0
148001, 4089, 1, 0
149000, 4180, 1, 0
150000, 4152, 1, 0
151000, 4000, 1, 0
152000, 4209, 1, 0
153000, 4064, 1, 0
154000, 4184, 1, 0
155000, 4060, 1, 0
156000, 4182, 1, 0
157000, 4208, 1, 0
158000, 4075, 1, 0
159000, 4265, 1, 0
160000, 4191, 1, 0
161000, 4179, 1, 0
162000, 4084, 1, 0
163000, 4124, 1, 0
164000, 4249, 1, 0
165000, 4267, 1, 0
166000, 4232, 1, 0
167000, 4284, 1, 0
168000, 3969, 1, 0
169000, 4081, 1, 0
170000, 4203, 1, 0
171000, 4161, 1, 0
172000, 4248, 1, 0
173000, 4172, 1, 0
174000, 4278, 1, 0
175000, 4154, 1, 0
176000, 4136, 1, 0
177000, 4206, 1, 0
178000, 4153, 1, 0
179000, 4177, 1, 0
180001, 4084, 1, 0
181000, 4217, 1, 0
182000, 4179, 1, 0
183000, 4132, 1, 0
184000, 4111, 1, 0
185000, 4120, 1, 0
186000, 4241, 1, 0
187000, 4233, 1, 0
188000, 4244, 1, 0
189000, 4256, 1, 0
190000, 4260, 1, 0
191000, 4174, 1, 0
192000, 4198, 1, 0
193000, 4115, 1, 0
194000, 4196, 1, 0
195000, 4187, 1, 0
196000, 4139, 1, 0
197000, 4188, 1, 0
198000, 4150, 1, 0
199000, 4209, 1, 0
200000, 4189, 1, 0
201000, 4282, 1, 0
202001, 4262, 1, 0
203000, 4085, 1, 0
204001, 4096, 1, 0
205000, 4159, 1, 0
206000, 4281, 1, 0
207000, 4230, 1, 0
208000, 4076, 1, 0
209000, 4030, 1, 0
210000, 4161, 1, 0
211000, 4079, 1, 0
212000, 4097, 1, 0
213000, 4118, 1, 0
214000, 4053, 1, 0
215000, 4049, 1, 0
216000, 4130, 1, 0
217000, 4144, 1, 0
218000, 4157, 1, 0
219000, 4146, 1, 0
220001, 4213, 1, 0
221000, 4082, 1, 0
222000, 4195, 1, 0
223000, 4122, 1, 0
224000, 4126, 1, 0
225000, 4215, 1, 0
226000, 4164, 1, 0
227000, 4157, 1, 0
228000, 4173, 1, 0
229000, 4152, 1, 0
230000, 4170, 1, 0
231001, 4111, 1, 0
232000, 4099, 1, 0
233000, 4200, 1, 0
234000, 4248, 1, 0
235000, 4259, 1, 0
236000, 4240, 1, 0
237000, 4147, 1, 0
238000, 4221, 1, 0
239000, 4120, 1, 0
240000, 4104, 1, 0
241000, 4015, 1, 0
242000, 4193, 1, 0
243000, 4132, 1, 0
244000, 4197, 1, 0
245000, 4089, 1, 0
246000, 4174, 1, 0
247000, 4139, 1, 0
248000, 4118, 1, 0
249000, 4167, 1, 0
250000, 4134, 1, 0
251000, 4083, 1, 0
252000, 4210, 1, 0
253000, 4154, 1, 0
254000, 4271, 1, 0
255000, 4242, 1, 0
256000, 4195, 1, 0
257000, 4275, 1, 0
258000, 3944, 1, 0
259000, 4099, 1, 0
260000, 4093, 1, 0
261000, 4127, 1, 0
262000, 4168, 1, 0
263000, 4218, 1, 0
264001, 4010, 1, 0
265000, 4069, 1, 0
266000, 4188, 1, 0
267000, 4136, 1, 0
268000, 4176, 1, 0
269000, 4178, 1, 0
270000, 4003, 1, 0
271000, 4162, 1, 0
272000, 4142, 1, 0
273001, 4121, 1, 0
274000, 4210, 1, 0
275000, 4104, 1, 0
276000, 4025, 1, 0
277000, 4213, 1, 0
278000, 4075, 1, 0
279000, 4156, 1, 0
280000, 4184, 1, 0
281000, 4097, 1, 0
282000, 4208, 1, 0
283000, 4203, 1, 0
284000, 4012, 1, 0
285000, 4101, 1, 0
286000, 4217, 1, 0
287000, 4125, 1, 0
288000, 4210, 1, 0
289000, 4316, 1, 0
290000, 4147, 1, 0
291000, 4147, 1, 0
292000, 4152, 1, 0
293000, 4019, 1, 0
294000, 4237, 1, 0
295000, 4186, 1, 0
296000, 4204, 1, 0
297000, 4128, 1, 0
298000, 4174, 1, 0
299000, 4251, 1, 0
300000, 3907, 1, 0
301000, 4075, 1, 0
302000, 4203, 1, 0
303000, 4143, 1, 0
304001, 4104, 1, 0
305000, 4240, 1, 0
306000, 4223, 1, 0
307000, 4215, 1, 0
308000, 4054, 1, 0
309000, 4165, 1, 0
310000, 4162, 1, 0
311000, 4147, 1, 0
312000, 4125, 1, 0
313000, 4210, 1, 0
314000, 4128, 1, 0
315000, 4177, 1, 0
316000, 4194, 1, 0
317000, 4164, 1, 0
318000, 4134, 1, 0
319000, 4200, 1, 0
320000, 4125, 1, 0
321000, 4096, 1, 0
322000, 4205, 1, 0
323000, 4181, 1, 0
324000, 4144, 1, 0
325000, 4127, 1, 0
326000, 4140, 1, 0
327000, 4238, 1, 0
328000, 4066, 1, 0
329000, 4215, 1, 0
330000, 4230, 1, 0
331000, 4125, 1, 0
332000, 4099, 1, 0
333000, 4184, 1, 0
334000, 4141, 1, 0
335000, 4140, 1, 0
336000, 4109, 1, 0
337000, 4099, 1, 0
338000, 4151, 1, 0
339000, 4133, 1, 0
340000, 4019, 1, 0
341000, 4178, 1, 0
342000, 4098, 1, 0
343000, 4092, 1, 0
344000, 4255, 1, 0
345000, 4183, 1, 0
346000, 4147, 1, 0
347000, 4244, 1, 0
348000, 4157, 1, 0
349000, 4226, 1, 0
350000, 3959, 1, 0
351000, 4044, 1, 0
352000, 4130, 1, 0
353000, 4185, 1, 0
354000, 4059, 1, 0
355000, 4188, 1, 0
356000, 4182, 1, 0
357001, 4250, 1, 0
358000, 4176, 1, 0
359000, 4186, 1, 0
360000, 4001, 1, 0
361000, 3927, 1, 0
362000, 4167, 1, 0
363000, 4259, 1, 0
364000, 4129, 1, 0
365000, 4272, 1, 0
366000, 4305, 1, 0
367000, 4237, 1, 0
368000, 4148, 1, 0
369000, 4218, 1, 0
370000, 4148, 1, 0
371000, 4106, 1, 0
372000, 4212, 1, 0
373000, 4125, 1, 0
374000, 4059, 1, 0
375000, 4189, 1, 0
376000, 4176, 1, 0
377000, 4243, 1, 0
378000, 4170, 1, 0
379000, 4232, 1, 0
380000, 4143, 1, 0
381000, 4191, 1, 0
382000, 4139, 1, 0
383000, 4196, 1, 0
384000, 4160, 1, 0
385000, 4206, 1, 0
386000, 4170, 1, 0
387000, 4230, 1, 0
388001, 4169, 1, 0
389000, 4085, 1, 0
390000, 4182, 1, 0
391000, 4112, 1, 0
392000, 4210, 1, 0
393000, 4218, 1, 0
394000, 4230, 1, 0
395000, 4237, 1, 0
396000, 4223, 1, 0
397000, 4243, 1, 0
398000, 4182, 1, 0
399000, 4217, 1, 0
400000, 4201, 1, 0
401000, 4171, 1, 0
402000, 4143, 1, 0
403000, 4243, 1, 0
404000, 4166, 1, 0
405000, 4229, 1, 0
406000, 4181, 1, 0
407000, 4229, 1, 0
408000, 4141, 1, 0
409000, 4256, 1, 0
410000, 4140, 1, 0
411000, 4198, 1, 0
412000, 4159, 1, 0
413000, 4120, 1, 0
414000, 4179, 1, 0
415000, 4166, 1, 0
416000, 4210, 1, 0
417000, 4184, 1, 0
418000, 4050, 1, 0
419000, 4171, 1, 0
420000, 4123, 1, 0
421000, 3963, 1, 0
422000, 4181, 1, 0
423000, 4214, 1, 0
424000, 4042, 1, 0
425000, 4167, 1, 0
426000, 4092, 1, 0
427000, 4161, 1, 0
428000, 4008, 1, 0
429000, 3998, 1, 0
430000, 4219, 1, 0
431000, 4123, 1, 0
432000, 4224, 1, 0
433000, 4198, 1, 0
434000, 4200, 1, 0
435000, 4244, 1, 0
436000, 4160, 1, 0
437001, 4038, 1, 0
438000, 4183, 1, 0
439000, 4120, 1, 0
440000, 4202, 1, 0
441000, 4067, 1, 0
442000, 4189, 1, 0
443000, 4229, 1, 0
444000, 4117, 1, 0
445000, 4155, 1, 0
446000, 4181, 1, 0
447001, 4154, 1, 0
448000, 4206, 1, 0
449000, 4182, 1, 0
450001, 4150, 1, 0
451000, 4154, 1, 0
452000, 4165, 1, 0
453000, 4228, 1, 0
454000, 4170, 1, 0
455001, 4193, 1, 0
456000, 4215, 1, 0
457000, 4188, 1, 0
458000, 4092, 1, 0
459000, 4167, 1, 0
460000, 4129, 1, 0
461000, 4200, 1, 0
462000, 4214, 1, 0
463000, 4170, 1, 0
464000, 4356, 1, 0
465000, 4061, 1, 0
466000, 4212, 1, 0
467000, 4238, 1, 0
468000, 4189, 1, 0
469000, 4244, 1, 0
470000, 4206, 1, 0
471000, 4094, 1, 0
472000, 4079, 1, 0
473000, 4144, 1, 0
474000, 4195, 1, 0
475000, 4172, 1, 0
476000, 4151, 1, 0
477000, 4160, 1, 0
478000, 4169, 1, 0
479000, 4157, 1, 0
480000, 4191, 1, 0
481000, 4123, 1, 0
482000, 4301, 1, 0
483000, 4120, 1, 0
484001, 4122, 1, 0
485000, 4170, 1, 0
486000, 4094, 1, 0
487001, 4157, 1, 0
488000, 4184, 1, 0
489000, 4065, 1, 0
490000, 4206, 1, 0
491000, 3967, 1, 0
492000, 4169, 1, 0
493000, 4179, 1, 0
494000, 4162, 1, 0
495000, 4143, 1, 0
496000, 4045, 1, 0
497000, 4174, 1, 0
498000, 4263, 1, 0
499000, 4213, 1, 0
500000, 4160, 1, 0
501000, 4217, 1, 0
502000, 4193, 1, 0
503000, 4226, 1, 0
504000, 4176, 1, 0
505000, 4198, 1, 0
506000, 4159, 1, 0
507001, 4158, 1, 0
508000, 4119, 1, 0
509000, 4186, 1, 0
510000, 4178, 1, 0
511000, 4220, 1, 0
512000, 4110, 1, 0
513000, 4070, 1, 0
514000, 4226, 1, 0
515000, 4060, 1, 0
516000, 4167, 1, 0
517000, 4141, 1, 0
518000, 4084, 1, 0
519000, 4160, 1, 0
520000, 4049, 1, 0
521000, 4083, 1, 0
522000, 4130, 1, 0
523000, 4084, 1, 0
524000, 4271, 1, 0
525000, 3995, 1, 0
526000, 3971, 1, 0
527000, 4169, 1, 0
528000, 4168, 1, 0
529000, 4175, 1, 0
530000, 4052, 1, 0
531000, 4079, 1, 0
532000, 4177, 1, 0
533001, 4118, 1, 0
534000, 4107, 1, 0
535000, 4203, 1, 0
536000, 4067, 1, 0
537000, 4075, 1, 0
538000, 4116, 1, 0
539000, 4179, 1, 0
540000, 4158, 1, 0
541000, 4138, 1, 0
542000, 4202, 1, 0
543000, 4208, 1, 0
544000, 4189, 1, 0
545000, 4238, 1, 0
546000, 4191, 1, 0
547000, 4146, 1, 0
548000, 4087, 1, 0
549000, 4181, 1, 0
550000, 4110, 1, 0
551000, 4172, 1, 0
552000, 4100, 1, 0
553000, 4193, 1, 0
554000, 4236, 1, 0
555000, 4194, 1, 0
556000, 4328, 1, 0
557000, 4202, 1, 0
558000, 4089, 1, 0
559000, 4190, 1, 0
560000, 4166, 1, 0
561000, 4262, 1, 0
562000, 4099, 1, 0
563000, 4117, 1, 0
564000, 4245, 1, 0
565000, 4166, 1, 0
566000, 4190, 1, 0
567000, 4108, 1, 0
568000, 4054, 1, 0
569000, 4154, 1, 0
570000, 3392, 1, 0
571000, 4150, 1, 0
572000, 4242, 1, 0
573000, 4183, 1, 0
574000, 4250, 1, 0
575000, 4153, 1, 0
576000, 4124, 1, 0
577000, 4238, 1, 0
578000, 4062, 1, 0
579000, 4197, 1, 0
580000, 4023, 1, 0
581000, 4058, 1, 0
582000, 4227, 1, 0
583000, 4077, 1, 0
584000, 4072, 1, 0
585000, 4240, 1, 0
586000, 4131, 1, 0
587000, 4129, 1, 0
588000, 4169, 1, 0
589000, 4067, 1, 0
590000, 4191, 1, 0
591000, 4080, 1, 0
592000, 4069, 1, 0
593000, 4239, 1, 0
594000, 4011, 1, 0
595000, 4152, 1, 0
596000, 4133, 1, 0
597000, 4216, 1, 0
598000, 4292, 1, 0
599000, 4247, 1, 0
