1000, 212416, 1, 0
2000, 212512, 1, 0
3000, 211637, 1, 0
4000, 212664, 1, 0
5000, 213111, 1, 0
6000, 211426, 1, 0
7000, 212055, 1, 0
8000, 211705, 1, 0
9000, 213621, 1, 0
10000, 213998, 1, 0
11000, 213062, 1, 0
12000, 215955, 1, 0
13000, 215998, 1, 0
14000, 214151, 1, 0
15000, 212623, 1, 0
16000, 212776, 1, 0
17000, 214225, 1, 0
18000, 212934, 1, 0
19000, 214028, 1, 0
20000, 212216, 1, 0
21000, 213643, 1, 0
22000, 211770, 1, 0
23000, 213295, 1, 0
24000, 213884, 1, 0
25000, 212879, 1, 0
26000, 213360, 1, 0
27000, 212143, 1, 0
28000, 214047, 1, 0
29000, 213743, 1, 0
30000, 216550, 1, 0
31000, 217704, 1, 0
32000, 214437, 1, 0
33000, 216031, 1, 0
34000, 215463, 1, 0
35000, 213975, 1, 0
36000, 211614, 1, 0
37000, 212508, 1, 0
38000, 214033, 1, 0
39000, 214238, 1, 0
40000, 212449, 1, 0
41000, 212427, 1, 0
42000, 213947, 1, 0
43000, 212911, 1, 0
44000, 210724, 1, 0
45000, 214896, 1, 0
46000, 215263, 1, 0
47000, 213226, 1, 0
48000, 211662, 1, 0
49000, 212703, 1, 0
50000, 213809, 1, 0
51000, 212114, 1, 0
52000, 212861, 1, 0
53000, 212013, 1, 0
54000, 213764, 1, 0
55000, 216973, 1, 0
56000, 215010, 1, 0
57000, 216674, 1, 0
58000, 214137, 1, 0
59000, 214673, 1, 0
60000, 212448, 1, 0
61000, 216944, 1, 0
62000, 214567, 1, 0
63000, 212891, 1, 0
64000, 214479, 1, 0
65000, 213367, 1, 0
66000, 213382, 1, 0
67000, 214068, 1, 0
68000, 214740, 1, 0
69000, 215161, 1, 0
70000, 214023, 1, 0
71000, 213901, 1, 0
72000, 213646, 1, 0
73000, 214319, 1, 0
74000, 213357, 1, 0
75000, 212611, 1, 0
76000, 212907, 1, 0
77000, 211243, 1, 0
78000, 213768, 1, 0
79000, 212554, 1, 0
80000, 212296, 1, 0
81000, 214385, 1, 0
82000, 212497, 1, 0
83000, 213896, 1, 0
84000, 213704, 1, 0
85000, 214641, 1, 0
86000, 214588, 1, 0
87000, 212046, 1, 0
88000, 214271, 1, 0
89000, 213148, 1, 0
90136, 250345, 1, 0
91000, 214968, 1, 0
92000, 211616, 1, 0
93000, 213724, 1, 0
94000, 211540, 1, 0
95000, 214630, 1, 0
96000, 213227, 1, 0
97000, 212286, 1, 0
98000, 214292, 1, 0
99000, 212284, 1, 0
100000, 213588, 1, 0
101000, 213778, 1, 0
102000, 211623, 1, 0
103000, 214403, 1, 0
104000, 211996, 1, 0
105000, 213985, 1, 0
106000, 216944, 1, 0
107000, 214535, 1, 0
108000, 215753, 1, 0
109000, 215646, 1, 0
110000, 216209, 1, 0
111000, 214840, 1, 0
112000, 216309, 1, 0
113000, 214039, 1, 0
114000, 211551, 1, 0
115000, 213047, 1, 0
116000, 211375, 1, 0
117000, 213501, 1, 0
118000, 214199, 1, 0
119000, 213207, 1, 0
120000, 215523, 1, 0
121000, 209131, 1, 0
122000, 221963, 1, 0
123000, 216725, 1, 0
124000, 215672, 1, 0
125000, 216894, 1, 0
126000, 214744, 1, 0
127000, 216722, 1, 0
128000, 215493, 1, 0
129000, 215613, 1, 0
130000, 213647, 1, 0
131000, 215032, 1, 0
132000, 214320, 1, 0
133000, 211863, 1, 0
134000, 213802, 1, 0
135000, 217142, 1, 0
136000, 215182, 1, 0
137000, 214262, 1, 0
138000, 213371, 1, 0
139000, 214769, 1, 0
140000, 214485, 1, 0
141000, 211996, 1, 0
142000, 213153, 1, 0
143000, 212504, 1, 0
144000, 214190, 1, 0
145000, 215626, 1, 0
146000, 212859, 1, 0
147000, 213832, 1, 0
148000, 214118, 1, 0
149000, 214814, 1, 0
150000, 214329, 1, 0
151000, 212626, 1, 0
152000, 215707, 1, 0
153000, 211948, 1, 0
154000, 214410, 1, 0
155000, 216129, 1, 0
156000, 211974, 1, 0
157000, 213918, 1, 0
158000, 215288, 1, 0
159000, 214037, 1, 0
160000, 213919, 1, 0
161000, 211480, 1, 0
162000, 213582, 1, 0
163000, 213885, 1, 0
164000, 211937, 1, 0
165000, 213757, 1, 0
166000, 211377, 1, 0
167000, 214048, 1, 0
168000, 215080, 1, 0
169000, 213663, 1, 0
170000, 213352, 1, 0
171000, 213957, 1, 0
172000, 214562, 1, 0
173000, 213915, 1, 0
174000, 212189, 1, 0
175000, 215514, 1, 0
176000, 213194, 1, 0
177000, 215997, 1, 0
178000, 214882, 1, 0
179000, 212819, 1, 0
180000, 216567, 1, 0
181003, 217362, 1, 0
182000, 215556, 1, 0
183000, 215359, 1, 0
184000, 212643, 1, 0
185000, 215131, 1, 0
186000, 216149, 1, 0
187000, 212477, 1, 0
188000, 215806, 1, 0
189000, 211571, 1, 0
190000, 215138, 1, 0
191000, 213932, 1, 0
192000, 212027, 1, 0
193000, 214103, 1, 0
194000, 214249, 1, 0
195000, 212805, 1, 0
196000, 214284, 1, 0
197000, 214305, 1, 0
198000, 213048, 1, 0
199000, 214195, 1, 0
200000, 210815, 1, 0
201000, 213551, 1, 0
202000, 213278, 1, 0
203000, 211184, 1, 0
204000, 213975, 1, 0
205000, 214094, 1, 0
206000, 211312, 1, 0
207000, 213959, 1, 0
208000, 212091, 1, 0
209000, 214235, 1, 0
210000, 214436, 1, 0
211000, 211860, 1, 0
212000, 214863, 1, 0
213000, 213884, 1, 0
214000, 211686, 1, 0
215000, 214399, 1, 0
216000, 213360, 1, 0
217000, 212161, 1, 0
218000, 214622, 1, 0
219000, 212007, 1, 0
220000, 214614, 1, 0
221000, 214295, 1, 0
222000, 211998, 1, 0
223000, 216038, 1, 0
224000, 214040, 1, 0
225000, 213656, 1, 0
226000, 215673, 1, 0
227000, 214737, 1, 0
228000, 214279, 1, 0
229000, 218546, 1, 0
230000, 215281, 1, 0
231000, 217334, 1, 0
232000, 217903, 1, 0
233000, 215111, 1, 0
234000, 217614, 1, 0
235000, 216344, 1, 0
236000, 211892, 1, 0
237000, 214629, 1, 0
238000, 215509, 1, 0
239000, 215857, 1, 0
240000, 218054, 1, 0
241000, 219092, 1, 0
242000, 213903, 1, 0
243000, 215372, 1, 0
244000, 212876, 1, 0
245000, 216934, 1, 0
246000, 215502, 1, 0
247000, 213220, 1, 0
248000, 217170, 1, 0
249000, 215506, 1, 0
250000, 214853, 1, 0
251000, 215744, 1, 0
252000, 214699, 1, 0
253000, 212417, 1, 0
254000, 215861, 1, 0
255000, 218530, 1, 0
256000, 212754, 1, 0
257000, 214960, 1, 0
258000, 214980, 1, 0
259000, 213690, 1, 0
260000, 214533, 1, 0
261000, 214010, 1, 0
262000, 211700, 1, 0
263000, 215357, 1, 0
264000, 215311, 1, 0
265000, 212874, 1, 0
266000, 214825, 1, 0
267006, 214195, 1, 0
268000, 211712, 1, 0
269000, 215200, 1, 0
270000, 211610, 1, 0
271000, 214864, 1, 0
272000, 211800, 1, 0
273000, 212549, 1, 0
274000, 215130, 1, 0
275000, 217179, 1, 0
276000, 216872, 1, 0
277000, 218409, 1, 0
278000, 212328, 1, 0
279000, 215218, 1, 0
280000, 215902, 1, 0
281000, 212421, 1, 0
282000, 218170, 1, 0
283000, 216205, 1, 0
284000, 212783, 1, 0
285000, 215907, 1, 0
286000, 215105, 1, 0
287000, 212282, 1, 0
288000, 217047, 1, 0
289000, 215387, 1, 0
290000, 212943, 1, 0
291000, 216134, 1, 0
292000, 213506, 1, 0
293000, 215486, 1, 0
294000, 215088, 1, 0
295000, 212619, 1, 0
296000, 214386, 1, 0
297000, 214483, 1, 0
298000, 213047, 1, 0
299000, 215523, 1, 0
300000, 216351, 1, 0
301000, 211798, 1, 0
302000, 214797, 1, 0
303000, 214781, 1, 0
304000, 213571, 1, 0
305000, 220238, 1, 0
306000, 218054, 1, 0
307000, 214441, 1, 0
308000, 216113, 1, 0
309000, 215152, 1, 0
310000, 211413, 1, 0
311000, 214412, 1, 0
312000, 212327, 1, 0
313000, 214016, 1, 0
314000, 215085, 1, 0
315000, 212280, 1, 0
316000, 214577, 1, 0
317000, 214507, 1, 0
318000, 212958, 1, 0
319000, 216178, 1, 0
320000, 218160, 1, 0
321000, 214778, 1, 0
322000, 216633, 1, 0
323000, 217090, 1, 0
324000, 214750, 1, 0
325000, 218606, 1, 0
326000, 216022, 1, 0
327000, 212364, 1, 0
328000, 216139, 1, 0
329000, 213260, 1, 0
330000, 215298, 1, 0
331000, 214822, 1, 0
332000, 212756, 1, 0
333000, 214770, 1, 0
334000, 214418, 1, 0
335000, 214163, 1, 0
336000, 214393, 1, 0
337000, 215485, 1, 0
338000, 213230, 1, 0
339000, 215262, 1, 0
340000, 213925, 1, 0
341000, 210550, 1, 0
342000, 216255, 1, 0
343000, 211918, 1, 0
344000, 214601, 1, 0
345000, 215613, 1, 0
346000, 211915, 1, 0
347000, 214610, 1, 0
348000, 216526, 1, 0
349000, 214170, 1, 0
350000, 214035, 1, 0
351000, 214322, 1, 0
352000, 212147, 1, 0
353000, 213767, 1, 0
354000, 214494, 1, 0
355000, 212210, 1, 0
356000, 215025, 1, 0
357000, 211648, 1, 0
358000, 215708, 1, 0
359000, 214769, 1, 0
360000, 211552, 1, 0
361000, 215152, 1, 0
362000, 215115, 1, 0
363000, 216482, 1, 0
364000, 216348, 1, 0
365000, 220422, 1, 0
366000, 212579, 1, 0
367000, 215168, 1, 0
368000, 215910, 1, 0
369000, 212213, 1, 0
370000, 214700, 1, 0
371000, 211757, 1, 0
372000, 214662, 1, 0
373000, 214992, 1, 0
374000, 214220, 1, 0
375000, 218535, 1, 0
376000, 216090, 1, 0
377000, 213454, 1, 0
378000, 214483, 1, 0
379000, 214313, 1, 0
380000, 211344, 1, 0
381000, 213631, 1, 0
382000, 210884, 1, 0
383000, 213645, 1, 0
384000, 213307, 1, 0
385000, 212319, 1, 0
386000, 213680, 1, 0
387000, 214936, 1, 0
388000, 213153, 1, 0
389000, 217579, 1, 0
390000, 215581, 1, 0
391000, 210873, 1, 0
392000, 213461, 1, 0
393000, 212783, 1, 0
394000, 213954, 1, 0
395000, 218439, 1, 0
396000, 212978, 1, 0
397000, 214961, 1, 0
398000, 215722, 1, 0
399000, 214688, 1, 0
400000, 213456, 1, 0
401000, 213318, 1, 0
402000, 211428, 1, 0
403000, 214558, 1, 0
404000, 211267, 1, 0
405000, 215176, 1, 0
406000, 214830, 1, 0
407000, 212070, 1, 0
408000, 215121, 1, 0
409000, 215850, 1, 0
410000, 211822, 1, 0
411000, 215235, 1, 0
412000, 214999, 1, 0
413000, 213380, 1, 0
414000, 215454, 1, 0
415001, 215055, 1, 0
416000, 212255, 1, 0
417000, 213968, 1, 0
418000, 215947, 1, 0
419000, 214736, 1, 0
420000, 214522, 1, 0
421000, 211484, 1, 0
422000, 216699, 1, 0
423000, 218650, 1, 0
424000, 215769, 1, 0
425000, 216511, 1, 0
426000, 211424, 1, 0
427000, 215697, 1, 0
428000, 214310, 1, 0
429000, 213035, 1, 0
430000, 217982, 1, 0
431000, 214502, 1, 0
432000, 216635, 1, 0
433000, 216862, 1, 0
434000, 216485, 1, 0
435000, 213031, 1, 0
436000, 213896, 1, 0
437000, 211282, 1, 0
438000, 214579, 1, 0
439000, 215797, 1, 0
440000, 213690, 1, 0
441000, 213956, 1, 0
442000, 217525, 1, 0
443000, 213598, 1, 0
444000, 217108, 1, 0
445000, 219208, 1, 0
446000, 217148, 1, 0
447000, 217066, 1, 0
448000, 216010, 1, 0
449000, 214718, 1, 0
450000, 214088, 1, 0
451000, 211718, 1, 0
452000, 214114, 1, 0
453000, 216436, 1, 0
454000, 214518, 1, 0
455000, 215023, 1, 0
456000, 211863, 1, 0
457000, 213601, 1, 0
458000, 215564, 1, 0
459000, 212613, 1, 0
460000, 214208, 1, 0
461000, 214623, 1, 0
462000, 211455, 1, 0
463000, 213664, 1, 0
464000, 213371, 1, 0
465000, 211427, 1, 0
466000, 214000, 1, 0
467000, 210579, 1, 0
468000, 214571, 1, 0
469000, 214487, 1, 0
470000, 211887, 1, 0
471000, 214527, 1, 0
472000, 214028, 1, 0
473000, 211598, 1, 0
474000, 213473, 1, 0
475000, 216373, 1, 0
476000, 211834, 1, 0
477000, 214060, 1, 0
478008, 214167, 1, 0
479000, 216097, 1, 0
480000, 217440, 1, 0
481000, 215274, 1, 0
482000, 218288, 1, 0
483000, 217162, 1, 0
484000, 212670, 1, 0
485000, 216019, 1, 0
486000, 215471, 1, 0
487000, 212956, 1, 0
488000, 216017, 1, 0
489006, 216272, 1, 0
490000, 212071, 1, 0
491000, 215654, 1, 0
492000, 212652, 1, 0
493000, 214761, 1, 0
494000, 214783, 1, 0
495000, 213321, 1, 0
496000, 216085, 1, 0
497000, 215139, 1, 0
498000, 212685, 1, 0
499000, 215092, 1, 0
500000, 214309, 1, 0
501000, 211835, 1, 0
502000, 213894, 1, 0
503000, 212321, 1, 0
504000, 214529, 1, 0
505000, 218785, 1, 0
506000, 212775, 1, 0
507000, 213231, 1, 0
508000, 214533, 1, 0
509000, 213304, 1, 0
510000, 215991, 1, 0
511000, 216088, 1, 0
512000, 211240, 1, 0
513000, 216959, 1, 0
514000, 214317, 1, 0
515000, 213307, 1, 0
516000, 214903, 1, 0
517000, 211196, 1, 0
518000, 214696, 1, 0
519000, 214284, 1, 0
520000, 211814, 1, 0
521000, 215204, 1, 0
522000, 214623, 1, 0
523000, 211813, 1, 0
524000, 214295, 1, 0
525000, 216973, 1, 0
526000, 214936, 1, 0
527000, 217557, 1, 0
528000, 215734, 1, 0
529000, 219048, 1, 0
530000, 218447, 1, 0
531000, 215506, 1, 0
532000, 216910, 1, 0
533000, 215293, 1, 0
534000, 212160, 1, 0
535000, 216097, 1, 0
536000, 214751, 1, 0
537000, 211736, 1, 0
538000, 214547, 1, 0
539000, 212499, 1, 0
540000, 214248, 1, 0
541000, 213939, 1, 0
542000, 213303, 1, 0
543000, 215341, 1, 0
544000, 214626, 1, 0
545000, 212692, 1, 0
546000, 214725, 1, 0
547000, 213700, 1, 0
548000, 212080, 1, 0
549000, 213853, 1, 0
550000, 214117, 1, 0
551000, 211974, 1, 0
552000, 213286, 1, 0
553000, 211787, 1, 0
554000, 214183, 1, 0
555000, 215113, 1, 0
556000, 212365, 1, 0
557000, 214363, 1, 0
558000, 214518, 1, 0
559000, 212888, 1, 0
560000, 215201, 1, 0
561000, 214533, 1, 0
562000, 211327, 1, 0
563000, 213975, 1, 0
564000, 214540, 1, 0
565000, 213799, 1, 0
566000, 215333, 1, 0
567000, 212663, 1, 0
568000, 216654, 1, 0
569000, 214225, 1, 0
570000, 211620, 1, 0
571000, 214364, 1, 0
572000, 214321, 1, 0
573000, 209915, 1, 0
574000, 214768, 1, 0
575000, 214236, 1, 0
576000, 215604, 1, 0
577000, 214300, 1, 0
578000, 214441, 1, 0
579000, 215248, 1, 0
580000, 214267, 1, 0
581000, 211712, 1, 0
582000, 214482, 1, 0
583000, 214729, 1, 0
584000, 212856, 1, 0
585000, 216617, 1, 0
586000, 212142, 1, 0
587000, 214846, 1, 0
588000, 218435, 1, 0
589000, 212854, 1, 0
590000, 215909, 1, 0
591000, 215655, 1, 0
592000, 213006, 1, 0
593000, 214435, 1, 0
594000, 214101, 1, 0
595000, 211658, 1, 0
596000, 213365, 1, 0
597000, 213813, 1, 0
598000, 211804, 1, 0
599000, 214080, 1, 0
600000, 211734, 1, 0
