1011, 16033521, 1, 0
2007, 16032970, 1, 0
3002, 16035062, 1, 0
4014, 16033166, 1, 0
5009, 16037529, 1, 0
6005, 16037621, 1, 0
7000, 16035437, 1, 0
8012, 16032369, 1, 0
9007, 16032239, 1, 0
10002, 16036064, 1, 0
11014, 16036214, 1, 0
12009, 16034012, 1, 0
13005, 16041060, 1, 0
14001, 16051262, 1, 0
15012, 16043017, 1, 0
16008, 16046921, 1, 0
17005, 15075613, 1, 0
18001, 16036098, 1, 0
19012, 16035618, 1, 0
20008, 16033831, 1, 0
21003, 16035735, 1, 0
22015, 16035364, 1, 0
23010, 16037531, 1, 0
24006, 16031985, 1, 0
25001, 16034539, 1, 0
26013, 16037129, 1, 0
27009, 16048097, 1, 0
28005, 16046226, 1, 0
29001, 16040983, 1, 0
30013, 16039673, 1, 0
31008, 16040882, 1, 0
32004, 16033633, 1, 0
33001, 15073047, 1, 0
34013, 16034090, 1, 0
35008, 16033242, 1, 0
36004, 16028656, 1, 0
37015, 16033090, 1, 0
38011, 16036456, 1, 0
39006, 16038137, 1, 0
40002, 16036678, 1, 0
41013, 16033989, 1, 0
42009, 16038481, 1, 0
43004, 16041010, 1, 0
44000, 16036677, 1, 0
45012, 16050675, 1, 0
46008, 16037047, 1, 0
47003, 16034617, 1, 0
48015, 16036229, 1, 0
49010, 16034064, 1, 0
50007, 15074936, 1, 0
51003, 16038046, 1, 0
52014, 16026240, 1, 0
53009, 16037618, 1, 0
54005, 16038979, 1, 0
55000, 16038886, 1, 0
56012, 16036175, 1, 0
57007, 16031657, 1, 0
58002, 16034515, 1, 0
59014, 16042777, 1, 0
60009, 16033846, 1, 0
61005, 16035399, 1, 0
62000, 16036433, 1, 0
63012, 16035650, 1, 0
64007, 16032773, 1, 0
65002, 16037462, 1, 0
66015, 15087364, 1, 0
67011, 16035189, 1, 0
68006, 16036052, 1, 0
69002, 16037186, 1, 0
70013, 16034290, 1, 0
71009, 16036983, 1, 0
72004, 16032638, 1, 0
73000, 16035694, 1, 0
74011, 16036066, 1, 0
75007, 16037701, 1, 0
76002, 16036457, 1, 0
77014, 16036930, 1, 0
78009, 16035759, 1, 0
79005, 16033612, 1, 0
80000, 16037140, 1, 0
81012, 16037760, 1, 0
82009, 15075159, 1, 0
83004, 16037527, 1, 0
84000, 16035475, 1, 0
85012, 16047832, 1, 0
86007, 16034190, 1, 0
87003, 16034157, 1, 0
88014, 16032255, 1, 0
89009, 16033515, 1, 0
90004, 16034240, 1, 0
91000, 16036576, 1, 0
92013, 16054097, 1, 0
93008, 16035856, 1, 0
94003, 16035551, 1, 0
95015, 16044786, 1, 0
96011, 16033944, 1, 0
97006, 16034901, 1, 0
98001, 16033124, 1, 0
99014, 15087019, 1, 0
100010, 16036279, 1, 0
101005, 16033478, 1, 0
102000, 16033758, 1, 0
103012, 16036458, 1, 0
104007, 16036919, 1, 0
105003, 16034100, 1, 0
106014, 16031077, 1, 0
107009, 16034215, 1, 0
108004, 16034945, 1, 0
109000, 16034473, 1, 0
110011, 16031572, 1, 0
111006, 16030105, 1, 0
112001, 16032168, 1, 0
113013, 16036806, 1, 0
114009, 16036884, 1, 0
115005, 15071671, 1, 0
116001, 16035036, 1, 0
117012, 16036741, 1, 0
118008, 16031666, 1, 0
119003, 16030984, 1, 0
120014, 16033568, 1, 0
121009, 16036378, 1, 0
122005, 16035399, 1, 0
123000, 16036567, 1, 0
124012, 16035636, 1, 0
125007, 16033423, 1, 0
126002, 16032860, 1, 0
127013, 16033777, 1, 0
128009, 16033967, 1, 0
129004, 16035026, 1, 0
130000, 16038045, 1, 0
131010, 16012425, 1, 0
132008, 15092499, 1, 0
133003, 16034550, 1, 0
134015, 16034204, 1, 0
135010, 16034355, 1, 0
136005, 16032528, 1, 0
137000, 16034244, 1, 0
138012, 16043223, 1, 0
139008, 16043290, 1, 0
140003, 16037138, 1, 0
141015, 16035060, 1, 0
142010, 16032363, 1, 0
143005, 16033630, 1, 0
144001, 16035828, 1, 0
145012, 16035094, 1, 0
146007, 16036010, 1, 0
147003, 16035892, 1, 0
148000, 15075268, 1, 0
149012, 16039163, 1, 0
150007, 16035598, 1, 0
151003, 16036549, 1, 0
152015, 16044356, 1, 0
153010, 16034977, 1, 0
154005, 16032731, 1, 0
155002, 16051684, 1, 0
156013, 16032188, 1, 0
157008, 16036837, 1, 0
158004, 16034921, 1, 0
159015, 16037040, 1, 0
160010, 16033138, 1, 0
161006, 16037202, 1, 0
162001, 16033035, 1, 0
163013, 16032482, 1, 0
164010, 15072029, 1, 0
165006, 16054451, 1, 0
166002, 16045874, 1, 0
167014, 16035026, 1, 0
168010, 16039713, 1, 0
169005, 16033220, 1, 0
170000, 16030461, 1, 0
171011, 16032254, 1, 0
172006, 16031143, 1, 0
173001, 16034521, 1, 0
174013, 16033679, 1, 0
175008, 16033786, 1, 0
176003, 16027660, 1, 0
177014, 16035259, 1, 0
178010, 16033406, 1, 0
179005, 16034203, 1, 0
180000, 16031285, 1, 0
181013, 15088782, 1, 0
182009, 16040878, 1, 0
183004, 16036358, 1, 0
184000, 16036334, 1, 0
185011, 16030452, 1, 0
186007, 16036253, 1, 0
187002, 16036722, 1, 0
188013, 16032404, 1, 0
189009, 16033809, 1, 0
190004, 16035433, 1, 0
191015, 16032005, 1, 0
192010, 16031480, 1, 0
193006, 16032109, 1, 0
194001, 16031974, 1, 0
195012, 16036102, 1, 0
196008, 16034127, 1, 0
197005, 15075133, 1, 0
198000, 16033168, 1, 0
199012, 16035282, 1, 0
200006, 16027323, 1, 0
201002, 16033422, 1, 0
202013, 16034488, 1, 0
203009, 16036288, 1, 0
204004, 16035945, 1, 0
205000, 16036004, 1, 0
206011, 16033446, 1, 0
207006, 16037254, 1, 0
208002, 16035127, 1, 0
209013, 16035903, 1, 0
210009, 16035742, 1, 0
211004, 16032763, 1, 0
212015, 16034326, 1, 0
213006, 15954164, 1, 0
214008, 15149671, 1, 0
215003, 16034637, 1, 0
216014, 16036318, 1, 0
217010, 16033985, 1, 0
218005, 16033523, 1, 0
219001, 16037774, 1, 0
220013, 16035183, 1, 0
221008, 16033590, 1, 0
222003, 16035447, 1, 0
223014, 16031594, 1, 0
224010, 16039159, 1, 0
225006, 16041150, 1, 0
226001, 16035303, 1, 0
227013, 16034957, 1, 0
228008, 16036741, 1, 0
229004, 16038944, 1, 0
230001, 15072640, 1, 0
231012, 16035206, 1, 0
232009, 16050630, 1, 0
233004, 16035254, 1, 0
234015, 16035093, 1, 0
235011, 16036746, 1, 0
236006, 16035389, 1, 0
237002, 16037977, 1, 0
238014, 16038799, 1, 0
239009, 16037742, 1, 0
240005, 16036988, 1, 0
241000, 16036849, 1, 0
242011, 16032161, 1, 0
243007, 16035039, 1, 0
244002, 16034647, 1, 0
245014, 16040249, 1, 0
246011, 15077170, 1, 0
247007, 16038438, 1, 0
248002, 16038333, 1, 0
249014, 16038522, 1, 0
250009, 16035269, 1, 0
251005, 16035573, 1, 0
252002, 16056231, 1, 0
253013, 16034627, 1, 0
254008, 16033725, 1, 0
255004, 16039606, 1, 0
256015, 16033550, 1, 0
257010, 16030428, 1, 0
258006, 16035317, 1, 0
259001, 16035242, 1, 0
260010, 16005600, 1, 0
261004, 16006322, 1, 0
262014, 16010743, 1, 0
263009, 15047329, 1, 0
264003, 16009662, 1, 0
265014, 16025222, 1, 0
266007, 16005119, 1, 0
267001, 16006831, 1, 0
268011, 16004403, 1, 0
269004, 16004803, 1, 0
270014, 16005096, 1, 0
271008, 16004559, 1, 0
272004, 16048692, 1, 0
273015, 16035676, 1, 0
274011, 16037198, 1, 0
275006, 16036798, 1, 0
276002, 16041444, 1, 0
277013, 16020103, 1, 0
278006, 16005644, 1, 0
279001, 15043822, 1, 0
280013, 16036272, 1, 0
281008, 16034810, 1, 0
282005, 16051965, 1, 0
283000, 16030576, 1, 0
284011, 16031240, 1, 0
285007, 16040812, 1, 0
286002, 16025747, 1, 0
287012, 16004521, 1, 0
288007, 16035568, 1, 0
289002, 16030916, 1, 0
290014, 16032684, 1, 0
291008, 16017901, 1, 0
292003, 16024964, 1, 0
293014, 16036316, 1, 0
294010, 16035863, 1, 0
295002, 15723482, 1, 0
296002, 15359919, 1, 0
297013, 16033706, 1, 0
298009, 16033511, 1, 0
299004, 16033316, 1, 0
300015, 16036193, 1, 0
301011, 16035123, 1, 0
302006, 16033040, 1, 0
303002, 16036667, 1, 0
304013, 16033938, 1, 0
305008, 16033036, 1, 0
306004, 16031070, 1, 0
307013, 16006695, 1, 0
308007, 16005807, 1, 0
309000, 16006713, 1, 0
310010, 16006961, 1, 0
311004, 16011177, 1, 0
312000, 15069324, 1, 0
313012, 16039634, 1, 0
314007, 16038278, 1, 0
315003, 16032529, 1, 0
316014, 16031693, 1, 0
317009, 16032716, 1, 0
318004, 16033991, 1, 0
319000, 16033050, 1, 0
320011, 16033128, 1, 0
321006, 16032780, 1, 0
322002, 16038684, 1, 0
323013, 16032346, 1, 0
324009, 16035969, 1, 0
325004, 16033414, 1, 0
326015, 16035604, 1, 0
327011, 16034555, 1, 0
328008, 15073006, 1, 0
329003, 16034824, 1, 0
330015, 16034271, 1, 0
331010, 16032532, 1, 0
332004, 16011168, 1, 0
333014, 16009617, 1, 0
334008, 16006395, 1, 0
335001, 16005762, 1, 0
336012, 16012500, 1, 0
337005, 16006584, 1, 0
338015, 16006411, 1, 0
339009, 16005278, 1, 0
340004, 16033850, 1, 0
341000, 16036239, 1, 0
342011, 16032501, 1, 0
343006, 16035287, 1, 0
344001, 16032538, 1, 0
345011, 16269365, 1, 0
346007, 16036833, 1, 0
352336, 16031068, 1, 0
352353, 16030645, 1, 0
352369, 16035251, 1, 0
352385, 16039991, 1, 0
352401, 16036164, 1, 0
352417, 16037477, 1, 0
353011, 16036747, 1, 0
354826, 16031888, 1, 0
355003, 16033348, 1, 0
356015, 16040616, 1, 0
357010, 16035035, 1, 0
358006, 16037379, 1, 0
359001, 16033537, 1, 0
360737, 16037903, 1, 0
361010, 16046589, 1, 0
362006, 16039186, 1, 0
363002, 16039810, 1, 0
364013, 16037799, 1, 0
365009, 16035892, 1, 0
366004, 16036828, 1, 0
367000, 16037894, 1, 0
368011, 16036859, 1, 0
369007, 16037003, 1, 0
370002, 16035370, 1, 0
371012, 16006024, 1, 0
372006, 16008439, 1, 0
373001, 16036692, 1, 0
374013, 16035346, 1, 0
375008, 16035969, 1, 0
376003, 16034016, 1, 0
377008, 15922068, 1, 0
378007, 15834729, 1, 0
379002, 16035945, 1, 0
380014, 16037416, 1, 0
381009, 16036344, 1, 0
382005, 16039966, 1, 0
383000, 16037507, 1, 0
384012, 16035507, 1, 0
385007, 16035198, 1, 0
386003, 16038770, 1, 0
387014, 16035279, 1, 0
388010, 16039468, 1, 0
389005, 16036948, 1, 0
390001, 16037594, 1, 0
391012, 16035587, 1, 0
392007, 16030880, 1, 0
393003, 16035309, 1, 0
394000, 15072633, 1, 0
395011, 16035763, 1, 0
396007, 16033814, 1, 0
397002, 16035076, 1, 0
398014, 16036651, 1, 0
399009, 16032182, 1, 0
400004, 16036649, 1, 0
401000, 16033871, 1, 0
402011, 16028872, 1, 0
403006, 16035092, 1, 0
404001, 16035163, 1, 0
405013, 16037479, 1, 0
406008, 16035224, 1, 0
407004, 16034711, 1, 0
408015, 16034962, 1, 0
409011, 16038279, 1, 0
410008, 15075129, 1, 0
411003, 16030468, 1, 0
412014, 16034604, 1, 0
413008, 16007885, 1, 0
414002, 16009422, 1, 0
415012, 16011415, 1, 0
416007, 16032011, 1, 0
417002, 16040124, 1, 0
418014, 16035816, 1, 0
419010, 16040689, 1, 0
420006, 16037047, 1, 0
421001, 16041092, 1, 0
422013, 16035718, 1, 0
423008, 16040535, 1, 0
424004, 16035614, 1, 0
425015, 16038984, 1, 0
426011, 16035041, 1, 0
427008, 15074233, 1, 0
428003, 16035975, 1, 0
429015, 16038252, 1, 0
430010, 16035681, 1, 0
431006, 16033494, 1, 0
432002, 16053522, 1, 0
433014, 16034990, 1, 0
434009, 16036741, 1, 0
435005, 16032096, 1, 0
436000, 16033381, 1, 0
437011, 16034085, 1, 0
438007, 16036911, 1, 0
439002, 16035795, 1, 0
440013, 16032420, 1, 0
441009, 16033841, 1, 0
442004, 16038189, 1, 0
443001, 15073786, 1, 0
444013, 16034250, 1, 0
445008, 16035707, 1, 0
446004, 16035537, 1, 0
447015, 16036071, 1, 0
448010, 16033353, 1, 0
449006, 16035545, 1, 0
450001, 16042505, 1, 0
451013, 16042122, 1, 0
452008, 16032731, 1, 0
453003, 16036706, 1, 0
454015, 16038126, 1, 0
455010, 16034097, 1, 0
456006, 16035904, 1, 0
457001, 16033438, 1, 0
458012, 16032442, 1, 0
459000, 15906849, 1, 0
460004, 15185787, 1, 0
461015, 16034306, 1, 0
462011, 16036351, 1, 0
463006, 16036063, 1, 0
464002, 16036248, 1, 0
465013, 16037335, 1, 0
466009, 16036417, 1, 0
467004, 16036820, 1, 0
468000, 16038263, 1, 0
469011, 16037554, 1, 0
470007, 16034175, 1, 0
471002, 16036280, 1, 0
472014, 16036453, 1, 0
473009, 16038248, 1, 0
474005, 16032318, 1, 0
475001, 16039825, 1, 0
476014, 15090151, 1, 0
477009, 16035331, 1, 0
478005, 16036832, 1, 0
479000, 16037950, 1, 0
480012, 16037460, 1, 0
481007, 16037179, 1, 0
482003, 16033937, 1, 0
483015, 16038993, 1, 0
484010, 16036168, 1, 0
485006, 16036839, 1, 0
486001, 16034887, 1, 0
487012, 16032909, 1, 0
488008, 16038125, 1, 0
489003, 16035533, 1, 0
490015, 16037015, 1, 0
491010, 16037101, 1, 0
492008, 15077590, 1, 0
493003, 16034229, 1, 0
494014, 16034571, 1, 0
495010, 16038145, 1, 0
496005, 16037959, 1, 0
497001, 16036869, 1, 0
498012, 16035528, 1, 0
499008, 16041241, 1, 0
500004, 16038799, 1, 0
501015, 16034985, 1, 0
502010, 16031133, 1, 0
503006, 16037804, 1, 0
504001, 16038841, 1, 0
505012, 16031340, 1, 0
506008, 16035096, 1, 0
507003, 16035174, 1, 0
508014, 16031148, 1, 0
509011, 15076484, 1, 0
510007, 16036968, 1, 0
511002, 16034910, 1, 0
512000, 16075153, 1, 0
513010, 16011430, 1, 0
514005, 16030993, 1, 0
515001, 16049827, 1, 0
516013, 16033924, 1, 0
517008, 16033300, 1, 0
518003, 16032493, 1, 0
519014, 16030674, 1, 0
520010, 16037384, 1, 0
521005, 16036787, 1, 0
522001, 16038792, 1, 0
523012, 16034013, 1, 0
524007, 16020581, 1, 0
525003, 15051100, 1, 0
526012, 16006023, 1, 0
527008, 16036061, 1, 0
528003, 16032097, 1, 0
529014, 16036077, 1, 0
530010, 16034197, 1, 0
531005, 16037704, 1, 0
532000, 16032597, 1, 0
533012, 16035446, 1, 0
534007, 16034443, 1, 0
535002, 16035121, 1, 0
536014, 16033446, 1, 0
537009, 16033778, 1, 0
538004, 16031639, 1, 0
539000, 16033005, 1, 0
540011, 16032831, 1, 0
541003, 15723451, 1, 0
542003, 15359271, 1, 0
543014, 16031109, 1, 0
544009, 16032917, 1, 0
545005, 16034387, 1, 0
546000, 16032965, 1, 0
547011, 16033881, 1, 0
548007, 16034739, 1, 0
549002, 16032775, 1, 0
550013, 16039368, 1, 0
551009, 16041711, 1, 0
552005, 16042129, 1, 0
553000, 16034650, 1, 0
554012, 16035880, 1, 0
555007, 16033861, 1, 0
556003, 16043623, 1, 0
557014, 16038060, 1, 0
558011, 15074978, 1, 0
559007, 16037991, 1, 0
560003, 16038881, 1, 0
561014, 16036339, 1, 0
562010, 16037009, 1, 0
563005, 16035941, 1, 0
564000, 16036083, 1, 0
565012, 16034746, 1, 0
566007, 16035151, 1, 0
567003, 16036661, 1, 0
568014, 16036487, 1, 0
569010, 16038190, 1, 0
570005, 16038123, 1, 0
571001, 16036822, 1, 0
572012, 16034370, 1, 0
573008, 16042443, 1, 0
574005, 15070421, 1, 0
575000, 16031152, 1, 0
576012, 16035014, 1, 0
577007, 16036918, 1, 0
578003, 16043813, 1, 0
579014, 16045477, 1, 0
580011, 16058477, 1, 0
581006, 16033894, 1, 0
582003, 16051332, 1, 0
583014, 16034046, 1, 0
584009, 16033562, 1, 0
585005, 16042176, 1, 0
586001, 16036381, 1, 0
587012, 16035658, 1, 0
588008, 16036002, 1, 0
589003, 16033127, 1, 0
590013, 16010081, 1, 0
591009, 15060229, 1, 0
592005, 16046943, 1, 0
593001, 16044109, 1, 0
594012, 16036291, 1, 0
595007, 16034955, 1, 0
596003, 16030971, 1, 0
597014, 16031982, 1, 0
598009, 16032454, 1, 0
599005, 16035557, 1, 0
600000, 16037599, 1, 0
