1616, 846834, 1, 0
3971, 849851, 1, 0
3972, 820266, 1, 0
4000, 819359, 1, 0
6146, 820282, 1, 0
6147, 819393, 1, 0
9597, 820553, 1, 0
9597, 850852, 1, 0
9598, 850479, 1, 0
10000, 844577, 1, 0
13251, 819319, 1, 0
13296, 864189, 1, 0
13296, 855331, 1, 0
17153, 846044, 1, 0
17154, 852902, 1, 0
17155, 840233, 1, 0
17156, 815641, 1, 0
18000, 845153, 1, 0
19174, 845888, 1, 0
22445, 842168, 1, 0
22446, 851792, 1, 0
22447, 850449, 1, 0
25709, 839592, 1, 0
25710, 850870, 1, 0
25711, 852232, 1, 0
28735, 846617, 1, 0
28735, 888120, 1, 0
28736, 850673, 1, 0
30119, 848584, 1, 0
30120, 850132, 1, 0
32394, 836795, 1, 0
32395, 810441, 1, 0
35288, 826960, 1, 0
35289, 857506, 1, 0
35290, 813496, 1, 0
37351, 852662, 1, 0
37352, 811191, 1, 0
39456, 849121, 1, 0
39457, 853316, 1, 0
40564, 843053, 1, 0
41651, 848052, 1, 0
43210, 820263, 1, 0
43211, 850805, 1, 0
44783, 854921, 1, 0
48002, 857553, 1, 0
48003, 850481, 1, 0
48004, 854811, 1, 0
48004, 853269, 1, 0
50909, 843349, 1, 0
50910, 818262, 1, 0
55462, 839543, 1, 0
55462, 820095, 1, 0
55463, 854184, 1, 0
55464, 853469, 1, 0
55465, 855360, 1, 0
58161, 846013, 1, 0
58162, 811522, 1, 0
58163, 813009, 1, 0
59777, 848336, 1, 0
60204, 846289, 1, 0
62208, 849264, 1, 0
62209, 812991, 1, 0
63362, 832163, 1, 0
68794, 839638, 1, 0
70093, 854805, 1, 0
70094, 863046, 1, 0
70095, 859035, 1, 0
70096, 852938, 1, 0
70096, 850695, 1, 0
70097, 850684, 1, 0
71812, 839595, 1, 0
72420, 819170, 1, 0
73299, 841553, 1, 0
74001, 851768, 1, 0
75272, 854318, 1, 0
76335, 848783, 1, 0
80702, 848115, 1, 0
80703, 853332, 1, 0
80704, 854858, 1, 0
80705, 815855, 1, 0
81810, 839031, 1, 0
82395, 854619, 1, 0
84228, 823827, 1, 0
84229, 824132, 1, 0
85468, 840126, 1, 0
86365, 815957, 1, 0
87469, 853416, 1, 0
88280, 817510, 1, 0
89142, 833951, 1, 0
90859, 838125, 1, 0
91000, 840034, 1, 0
96128, 840176, 1, 0
96129, 815679, 1, 0
96130, 814689, 1, 0
96131, 816012, 1, 0
96132, 812997, 1, 0
98347, 840200, 1, 0
98348, 852898, 1, 0
100125, 847620, 1, 0
100126, 851798, 1, 0
102474, 844442, 1, 0
102475, 829676, 1, 0
103633, 846144, 1, 0
104203, 846887, 1, 0
105000, 848238, 1, 0
109098, 856146, 1, 0
109099, 849612, 1, 0
109100, 851700, 1, 0
109101, 859089, 1, 0
111038, 824648, 1, 0
111039, 854290, 1, 0
112413, 850885, 1, 0
114304, 817145, 1, 0
114305, 853667, 1, 0
116083, 846222, 1, 0
116084, 818444, 1, 0
117735, 843683, 1, 0
118302, 829325, 1, 0
119000, 835175, 1, 0
120278, 835821, 1, 0
122543, 853525, 1, 0
122544, 853130, 1, 0
123956, 837511, 1, 0
124000, 877082, 1, 0
127021, 835084, 1, 0
127021, 815139, 1, 0
127022, 811627, 1, 0
128033, 830732, 1, 0
129303, 815684, 1, 0
132833, 849523, 1, 0
132834, 812047, 1, 0
132834, 811509, 1, 0
133297, 814546, 1, 0
134221, 831800, 1, 0
135140, 845161, 1, 0
137360, 830249, 1, 0
137361, 821487, 1, 0
141807, 819478, 1, 0
141808, 813238, 1, 0
141809, 814599, 1, 0
141809, 811399, 1, 0
143152, 815764, 1, 0
143152, 814083, 1, 0
144950, 860857, 1, 0
145000, 814574, 1, 0
147103, 828671, 1, 0
147104, 819211, 1, 0
148897, 842527, 1, 0
149000, 842366, 1, 0
150517, 848731, 1, 0
152380, 846846, 1, 0
152381, 815721, 1, 0
153920, 816508, 1, 0
154182, 835253, 1, 0
155788, 837018, 1, 0
157402, 816653, 1, 0
157403, 855380, 1, 0
158804, 850722, 1, 0
159179, 845010, 1, 0
160298, 822061, 1, 0
162324, 847129, 1, 0
162325, 814128, 1, 0
164567, 840646, 1, 0
164568, 851766, 1, 0
166734, 816057, 1, 0
166735, 832910, 1, 0
167000, 840649, 1, 0
170102, 849804, 1, 0
170103, 849109, 1, 0
170104, 847755, 1, 0
171780, 835359, 1, 0
172000, 814100, 1, 0
173162, 818634, 1, 0
174053, 849487, 1, 0
175364, 839121, 1, 0
178169, 832188, 1, 0
178169, 812932, 1, 0
178170, 852744, 1, 0
179485, 818230, 1, 0
180840, 819017, 1, 0
183202, 827451, 1, 0
183203, 810838, 1, 0
183204, 810768, 1, 0
185397, 858388, 1, 0
185398, 812925, 1, 0
187752, 832945, 1, 0
187922, 820025, 1, 0
188691, 821090, 1, 0
189000, 814018, 1, 0
190069, 824627, 1, 0
192208, 868055, 1, 0
192208, 828017, 1, 0
195170, 817010, 1, 0
195171, 810194, 1, 0
195172, 812621, 1, 0
196386, 817235, 1, 0
197000, 822545, 1, 0
198466, 830271, 1, 0
199149, 813256, 1, 0
200254, 822186, 1, 0
201023, 849304, 1, 0
202539, 832695, 1, 0
203459, 812875, 1, 0
204351, 847929, 1, 0
206664, 817031, 1, 0
206665, 854127, 1, 0
208985, 835942, 1, 0
209340, 814172, 1, 0
209341, 816306, 1, 0
210467, 819477, 1, 0
211887, 816431, 1, 0
212000, 812759, 1, 0
214779, 834422, 1, 0
214904, 808958, 1, 0
215000, 814566, 1, 0
216639, 816771, 1, 0
217000, 815501, 1, 0
218000, 818293, 1, 0
219041, 844755, 1, 0
220465, 816976, 1, 0
221875, 845045, 1, 0
223457, 846508, 1, 0
223458, 810453, 1, 0
224000, 816062, 1, 0
225460, 813004, 1, 0
226276, 826857, 1, 0
227000, 828482, 1, 0
228842, 812811, 1, 0
229185, 813265, 1, 0
230933, 845027, 1, 0
231000, 816239, 1, 0
232373, 815032, 1, 0
233000, 824298, 1, 0
234119, 882917, 1, 0
236309, 817372, 1, 0
236309, 811847, 1, 0
237302, 812015, 1, 0
238073, 813940, 1, 0
240007, 813933, 1, 0
240008, 828744, 1, 0
241701, 831408, 1, 0
242933, 861449, 1, 0
243000, 813604, 1, 0
245989, 832080, 1, 0
245990, 819449, 1, 0
246000, 818200, 1, 0
247220, 816256, 1, 0
248096, 814495, 1, 0
249381, 815122, 1, 0
250609, 814519, 1, 0
252062, 816070, 1, 0
252063, 816744, 1, 0
253000, 818337, 1, 0
254015, 815480, 1, 0
255539, 816819, 1, 0
257111, 813608, 1, 0
257112, 814300, 1, 0
258325, 822162, 1, 0
259000, 820061, 1, 0
260191, 836556, 1, 0
261000, 821147, 1, 0
262214, 814795, 1, 0
263281, 831342, 1, 0
264000, 820456, 1, 0
265737, 824023, 1, 0
268708, 813081, 1, 0
268709, 814634, 1, 0
268710, 814844, 1, 0
270184, 816060, 1, 0
270185, 815364, 1, 0
271500, 817343, 1, 0
272794, 812892, 1, 0
273229, 828877, 1, 0
275737, 830878, 1, 0
275738, 813430, 1, 0
276000, 823940, 1, 0
277018, 820853, 1, 0
278140, 816585, 1, 0
279038, 818670, 1, 0
280383, 816196, 1, 0
281074, 814385, 1, 0
282000, 830558, 1, 0
283081, 814406, 1, 0
284000, 820096, 1, 0
285055, 817463, 1, 0
286000, 816719, 1, 0
287000, 824602, 1, 0
288419, 822123, 1, 0
289360, 819036, 1, 0
290000, 815150, 1, 0
291068, 833798, 1, 0
292011, 815352, 1, 0
293028, 813300, 1, 0
294403, 839600, 1, 0
295575, 820810, 1, 0
297596, 818433, 1, 0
297597, 811372, 1, 0
298046, 843348, 1, 0
299335, 815618, 1, 0
300173, 816718, 1, 0
301059, 815867, 1, 0
302216, 836957, 1, 0
303243, 821997, 1, 0
304134, 818937, 1, 0
305099, 816180, 1, 0
306471, 825463, 1, 0
307198, 817120, 1, 0
308255, 816877, 1, 0
309181, 831762, 1, 0
310836, 821598, 1, 0
311165, 815910, 1, 0
312355, 849813, 1, 0
313251, 1147733, 1, 0
314280, 834893, 1, 0
315000, 816719, 1, 0
316008, 815144, 1, 0
317221, 816825, 1, 0
319365, 840234, 1, 0
319365, 813088, 1, 0
320981, 814885, 1, 0
321000, 824729, 1, 0
322021, 841506, 1, 0
323193, 817351, 1, 0
324256, 835529, 1, 0
326036, 816290, 1, 0
326037, 851734, 1, 0
327000, 821989, 1, 0
328571, 831990, 1, 0
329000, 822807, 1, 0
330123, 819383, 1, 0
331251, 815546, 1, 0
332233, 846114, 1, 0
333156, 881791, 1, 0
334177, 826330, 1, 0
335412, 815481, 1, 0
336115, 826816, 1, 0
337214, 818891, 1, 0
338513, 822172, 1, 0
339156, 814089, 1, 0
340026, 815184, 1, 0
341346, 816876, 1, 0
342155, 837847, 1, 0
343156, 823912, 1, 0
344514, 836299, 1, 0
345660, 823219, 1, 0
346000, 829535, 1, 0
347099, 818234, 1, 0
348131, 839163, 1, 0
349495, 813734, 1, 0
350162, 816167, 1, 0
351000, 818926, 1, 0
352056, 827254, 1, 0
353000, 814434, 1, 0
354069, 820985, 1, 0
355347, 817336, 1, 0
356000, 813697, 1, 0
357000, 817820, 1, 0
358000, 814214, 1, 0
359180, 815809, 1, 0
360182, 814684, 1, 0
361000, 813267, 1, 0
362000, 814983, 1, 0
363187, 819500, 1, 0
364259, 842546, 1, 0
365107, 828112, 1, 0
366095, 825460, 1, 0
367056, 820026, 1, 0
368038, 821999, 1, 0
369105, 815382, 1, 0
370036, 817401, 1, 0
371035, 815799, 1, 0
372035, 819999, 1, 0
373000, 815457, 1, 0
374200, 826080, 1, 0
375055, 833657, 1, 0
376100, 833475, 1, 0
377046, 845310, 1, 0
378177, 816143, 1, 0
379000, 814753, 1, 0
380000, 834799, 1, 0
381016, 828840, 1, 0
382000, 822924, 1, 0
383147, 824683, 1, 0
384006, 828637, 1, 0
385000, 818262, 1, 0
386000, 817079, 1, 0
387000, 822205, 1, 0
388056, 821234, 1, 0
389031, 816211, 1, 0
390000, 819338, 1, 0
391028, 822572, 1, 0
392000, 820547, 1, 0
393148, 821000, 1, 0
394000, 837122, 1, 0
395000, 823077, 1, 0
396223, 828134, 1, 0
397000, 822463, 1, 0
398000, 819539, 1, 0
399005, 827300, 1, 0
400105, 832727, 1, 0
401061, 822061, 1, 0
402026, 828318, 1, 0
403113, 825167, 1, 0
404000, 820423, 1, 0
405000, 815040, 1, 0
406288, 821076, 1, 0
407044, 818917, 1, 0
408000, 820084, 1, 0
409000, 814663, 1, 0
410000, 831739, 1, 0
411000, 816570, 1, 0
412000, 824351, 1, 0
413000, 822244, 1, 0
414000, 827187, 1, 0
415000, 813084, 1, 0
416000, 823711, 1, 0
417000, 817310, 1, 0
418000, 812995, 1, 0
419000, 817846, 1, 0
420000, 819378, 1, 0
421000, 823525, 1, 0
422000, 818551, 1, 0
423000, 823569, 1, 0
424000, 833852, 1, 0
425000, 811988, 1, 0
426000, 823111, 1, 0
427000, 824889, 1, 0
428000, 821981, 1, 0
429000, 818505, 1, 0
430000, 818389, 1, 0
431000, 815530, 1, 0
432000, 818542, 1, 0
433000, 822418, 1, 0
434000, 830671, 1, 0
435000, 816429, 1, 0
436000, 814815, 1, 0
437000, 818195, 1, 0
438000, 819334, 1, 0
439000, 817067, 1, 0
440000, 816103, 1, 0
441000, 816848, 1, 0
442000, 817762, 1, 0
443000, 826685, 1, 0
444000, 827522, 1, 0
445000, 818248, 1, 0
446000, 819168, 1, 0
447000, 812459, 1, 0
448000, 821164, 1, 0
449000, 814613, 1, 0
450000, 824278, 1, 0
451000, 820450, 1, 0
452000, 817874, 1, 0
453000, 823474, 1, 0
454000, 819449, 1, 0
455000, 825856, 1, 0
456000, 815030, 1, 0
457000, 814988, 1, 0
458000, 825382, 1, 0
459000, 815045, 1, 0
460000, 820467, 1, 0
461000, 816839, 1, 0
462000, 816132, 1, 0
463000, 828036, 1, 0
464000, 827994, 1, 0
465000, 818427, 1, 0
466000, 815922, 1, 0
467000, 823370, 1, 0
468000, 815694, 1, 0
469000, 817750, 1, 0
470000, 831871, 1, 0
471000, 826371, 1, 0
472000, 824493, 1, 0
473000, 818424, 1, 0
474000, 826057, 1, 0
475000, 813254, 1, 0
476000, 817749, 1, 0
477000, 821334, 1, 0
478000, 819640, 1, 0
479000, 821568, 1, 0
480000, 820011, 1, 0
481000, 816550, 1, 0
482000, 818284, 1, 0
483000, 819150, 1, 0
484000, 837546, 1, 0
485000, 811897, 1, 0
486000, 816433, 1, 0
487000, 825776, 1, 0
488000, 836525, 1, 0
489000, 818403, 1, 0
490000, 818363, 1, 0
491000, 831436, 1, 0
492000, 823948, 1, 0
493000, 819445, 1, 0
494000, 831562, 1, 0
495000, 813858, 1, 0
496000, 819341, 1, 0
497000, 813472, 1, 0
498000, 823287, 1, 0
499000, 815456, 1, 0
500000, 819151, 1, 0
501000, 823439, 1, 0
502000, 823250, 1, 0
503000, 834469, 1, 0
504000, 836370, 1, 0
505000, 822288, 1, 0
506000, 812578, 1, 0
507000, 817962, 1, 0
508000, 813942, 1, 0
509000, 822620, 1, 0
510000, 816762, 1, 0
511000, 818188, 1, 0
512000, 820312, 1, 0
513000, 817506, 1, 0
514000, 822489, 1, 0
515000, 812579, 1, 0
516000, 818593, 1, 0
517000, 817223, 1, 0
518000, 823274, 1, 0
519000, 818993, 1, 0
520000, 812352, 1, 0
521000, 825475, 1, 0
522000, 819759, 1, 0
523000, 823282, 1, 0
524000, 833909, 1, 0
525000, 818253, 1, 0
526000, 826772, 1, 0
527000, 820823, 1, 0
528000, 820503, 1, 0
529000, 824758, 1, 0
530000, 814921, 1, 0
531000, 822729, 1, 0
532000, 823231, 1, 0
533000, 819981, 1, 0
534000, 824725, 1, 0
535000, 817428, 1, 0
536000, 815833, 1, 0
537000, 817518, 1, 0
538000, 814583, 1, 0
539000, 818269, 1, 0
540000, 812593, 1, 0
541000, 813530, 1, 0
542000, 814575, 1, 0
543000, 821033, 1, 0
544000, 823387, 1, 0
545000, 818535, 1, 0
546000, 816756, 1, 0
547000, 816506, 1, 0
548000, 826728, 1, 0
549000, 818569, 1, 0
550000, 828965, 1, 0
551000, 818249, 1, 0
552000, 814634, 1, 0
553000, 824397, 1, 0
554000, 824151, 1, 0
555000, 820365, 1, 0
556000, 812083, 1, 0
557000, 818091, 1, 0
558000, 824569, 1, 0
559000, 819495, 1, 0
560000, 816307, 1, 0
561000, 815592, 1, 0
562000, 813951, 1, 0
563000, 820333, 1, 0
564000, 825362, 1, 0
565000, 815697, 1, 0
566000, 812924, 1, 0
567000, 819392, 1, 0
568000, 816649, 1, 0
569000, 817651, 1, 0
570000, 817369, 1, 0
571000, 831149, 1, 0
572000, 811825, 1, 0
573000, 820832, 1, 0
574000, 827076, 1, 0
575000, 814610, 1, 0
576000, 812891, 1, 0
577000, 817380, 1, 0
578000, 830435, 1, 0
579000, 821273, 1, 0
580000, 818339, 1, 0
581000, 819879, 1, 0
582000, 827335, 1, 0
583000, 823518, 1, 0
584000, 832461, 1, 0
585000, 821800, 1, 0
586000, 816805, 1, 0
587000, 820303, 1, 0
588000, 828280, 1, 0
589000, 829504, 1, 0
590000, 824492, 1, 0
591000, 818445, 1, 0
592000, 819970, 1, 0
593000, 832800, 1, 0
594000, 833528, 1, 0
595000, 818283, 1, 0
596000, 819662, 1, 0
597000, 816228, 1, 0
598000, 820739, 1, 0
599000, 817666, 1, 0
600003, 826333, 1, 0
