2283, 25628421, 1, 0
2309, 25657920, 1, 0
3002, 25661071, 1, 0
4003, 25662386, 1, 0
29434, 25657001, 1, 0
29460, 25683716, 1, 0
40881, 25650013, 1, 0
40906, 25627883, 1, 0
40932, 25657050, 1, 0
40958, 25661483, 1, 0
40983, 25656628, 1, 0
41009, 25660175, 1, 0
41034, 25658215, 1, 0
41060, 25657934, 1, 0
41086, 25658208, 1, 0
41111, 25656835, 1, 0
41137, 25658017, 1, 0
41163, 25655702, 1, 0
41188, 25657092, 1, 0
41214, 25657325, 1, 0
41240, 25658847, 1, 0
41265, 25656955, 1, 0
41291, 25658534, 1, 0
41317, 25654869, 1, 0
41342, 25656493, 1, 0
41368, 25654681, 1, 0
41394, 25622926, 1, 0
41419, 25654776, 1, 0
41445, 25657258, 1, 0
41471, 25653969, 1, 0
41496, 25656932, 1, 0
41522, 25656716, 1, 0
41548, 25662669, 1, 0
41573, 25656416, 1, 0
41599, 25656887, 1, 0
41625, 25621217, 1, 0
41650, 25629655, 1, 0
67471, 25661344, 1, 0
67497, 25658873, 1, 0
67522, 25621534, 1, 0
67548, 25619327, 1, 0
67573, 25656544, 1, 0
67599, 25658050, 1, 0
67625, 25656221, 1, 0
67650, 25657502, 1, 0
67676, 25658642, 1, 0
67702, 25657260, 1, 0
67727, 25661311, 1, 0
67753, 25673567, 1, 0
67779, 25692232, 1, 0
67804, 25678292, 1, 0
67830, 25654127, 1, 0
67856, 25683226, 1, 0
67881, 25653589, 1, 0
67907, 25663120, 1, 0
67933, 25686326, 1, 0
67958, 25656980, 1, 0
67984, 25677191, 1, 0
68010, 25678450, 1, 0
68036, 25657052, 1, 0
68061, 25658463, 1, 0
68087, 25657335, 1, 0
68112, 25625036, 1, 0
68138, 25663636, 1, 0
68164, 25660965, 1, 0
68189, 25659752, 1, 0
68215, 25656682, 1, 0
68241, 25656399, 1, 0
69010, 25651331, 1, 0
70011, 25658504, 1, 0
71012, 25659078, 1, 0
72013, 25655291, 1, 0
73013, 25658595, 1, 0
74014, 25655346, 1, 0
75015, 25658853, 1, 0
76015, 25659005, 1, 0
77016, 25660272, 1, 0
78017, 25656426, 1, 0
79018, 25653677, 1, 0
80021, 23273534, 1, 0
81021, 25654092, 1, 0
82022, 25651142, 1, 0
83023, 25662414, 1, 0
84024, 25668659, 1, 0
85025, 25663781, 1, 0
86000, 25658146, 1, 0
87000, 25654394, 1, 0
88001, 25663880, 1, 0
89002, 25652104, 1, 0
90002, 25651325, 1, 0
91003, 25652198, 1, 0
92003, 25652360, 1, 0
93004, 25654319, 1, 0
94005, 25652960, 1, 0
95005, 25656531, 1, 0
96006, 25652034, 1, 0
97006, 25652286, 1, 0
98007, 25649070, 1, 0
99007, 25652160, 1, 0
100008, 25651797, 1, 0
101008, 25650864, 1, 0
102009, 25654656, 1, 0
103009, 25649570, 1, 0
104010, 25652862, 1, 0
105010, 25653450, 1, 0
106016, 25140707, 1, 0
107017, 25654538, 1, 0
108019, 25682625, 1, 0
109019, 25653366, 1, 0
110020, 25651416, 1, 0
111020, 25648989, 1, 0
112021, 25655118, 1, 0
113021, 25652756, 1, 0
114021, 25647055, 1, 0
115022, 25650981, 1, 0
116022, 25654799, 1, 0
117023, 25648800, 1, 0
118023, 25649583, 1, 0
119024, 25650313, 1, 0
120024, 25651580, 1, 0
121025, 25654228, 1, 0
122000, 25651335, 1, 0
123000, 25651556, 1, 0
124001, 25669749, 1, 0
125002, 25650814, 1, 0
126002, 25652487, 1, 0
127003, 25652937, 1, 0
128003, 25648939, 1, 0
129003, 25647644, 1, 0
130004, 25653643, 1, 0
131004, 25651437, 1, 0
132000, 25538676, 1, 0
133008, 25246737, 1, 0
134009, 25652852, 1, 0
135009, 25651599, 1, 0
136010, 25652513, 1, 0
137010, 25649332, 1, 0
138011, 25654245, 1, 0
139011, 25652642, 1, 0
140012, 25652431, 1, 0
141012, 25649783, 1, 0
142013, 25650248, 1, 0
143013, 25652423, 1, 0
144014, 25653232, 1, 0
145014, 25655042, 1, 0
146015, 25655592, 1, 0
147016, 25654807, 1, 0
148016, 25653057, 1, 0
149017, 25651325, 1, 0
150017, 25655186, 1, 0
151018, 25652019, 1, 0
152018, 25651717, 1, 0
153019, 25654484, 1, 0
154019, 25653570, 1, 0
155020, 25656303, 1, 0
156020, 25650530, 1, 0
157021, 25649131, 1, 0
158022, 25659628, 1, 0
177380, 24697092, 1, 0
177406, 25667074, 1, 0
177431, 25666546, 1, 0
177457, 25665523, 1, 0
177483, 25665108, 1, 0
177508, 25659252, 1, 0
177534, 25658237, 1, 0
177560, 25657437, 1, 0
177585, 25656812, 1, 0
177611, 25658279, 1, 0
177637, 25623031, 1, 0
177662, 25621926, 1, 0
177688, 25657184, 1, 0
177714, 25658515, 1, 0
177739, 25658925, 1, 0
177765, 25659562, 1, 0
177791, 25656818, 1, 0
177816, 25629088, 1, 0
177842, 25661829, 1, 0
178021, 25651201, 1, 0
179022, 25657856, 1, 0
180023, 25659851, 1, 0
200062, 25655716, 1, 0
