2858, 15980931, 1, 0
2874, 16036801, 1, 0
3002, 16046843, 1, 0
4015, 16044277, 1, 0
5010, 16040352, 1, 0
6006, 16036745, 1, 0
7001, 16035017, 1, 0
8012, 16030579, 1, 0
9008, 16034803, 1, 0
10014, 15090272, 1, 0
11009, 16036134, 1, 0
12005, 16040642, 1, 0
13000, 16037325, 1, 0
14011, 16033553, 1, 0
15007, 16031994, 1, 0
16002, 16033904, 1, 0
17013, 16035889, 1, 0
18009, 16032124, 1, 0
19004, 16034046, 1, 0
20015, 16033870, 1, 0
21010, 16033394, 1, 0
22005, 16021740, 1, 0
23002, 16056954, 1, 0
24013, 16040212, 1, 0
25009, 16042384, 1, 0
26015, 15095009, 1, 0
27011, 16035121, 1, 0
28006, 16041490, 1, 0
29002, 16034672, 1, 0
30013, 16036810, 1, 0
31009, 16035327, 1, 0
32004, 16032917, 1, 0
33000, 16043368, 1, 0
34011, 16034946, 1, 0
35007, 16036682, 1, 0
36002, 16036556, 1, 0
37014, 16034139, 1, 0
38009, 16030614, 1, 0
39004, 16036518, 1, 0
40000, 16039199, 1, 0
41011, 16035868, 1, 0
42000, 15919968, 1, 0
43013, 15203732, 1, 0
44009, 16038563, 1, 0
45004, 16034355, 1, 0
46000, 16044915, 1, 0
47011, 16033027, 1, 0
48007, 16032623, 1, 0
49002, 16033813, 1, 0
50013, 16036227, 1, 0
51008, 16029708, 1, 0
52004, 16035092, 1, 0
53000, 16042970, 1, 0
54011, 16031842, 1, 0
55006, 16032489, 1, 0
56001, 16036472, 1, 0
57013, 16036143, 1, 0
58008, 16027891, 1, 0
59008, 15045220, 1, 0
60002, 16010401, 1, 0
61014, 16035174, 1, 0
62009, 16034070, 1, 0
63004, 16032517, 1, 0
64000, 16037888, 1, 0
65011, 16035429, 1, 0
66006, 16033753, 1, 0
67002, 16036126, 1, 0
68013, 16035058, 1, 0
69008, 16025945, 1, 0
70004, 16041972, 1, 0
71015, 16040703, 1, 0
72011, 16034722, 1, 0
73006, 16031274, 1, 0
74001, 16036582, 1, 0
75009, 15090729, 1, 0
76005, 16034562, 1, 0
77000, 16036155, 1, 0
78012, 16042409, 1, 0
79008, 16037300, 1, 0
80003, 16037339, 1, 0
81014, 16031947, 1, 0
82010, 16034315, 1, 0
83005, 16036615, 1, 0
84000, 16033478, 1, 0
85012, 16035021, 1, 0
86007, 16037019, 1, 0
87003, 16033902, 1, 0
88014, 16035099, 1, 0
89010, 16046369, 1, 0
90005, 16037046, 1, 0
91000, 16033853, 1, 0
92010, 15086406, 1, 0
93005, 16035866, 1, 0
94001, 16036101, 1, 0
95012, 16031359, 1, 0
96007, 16033855, 1, 0
97003, 16034294, 1, 0
98014, 16029110, 1, 0
99008, 16027369, 1, 0
100004, 16036822, 1, 0
101015, 16034202, 1, 0
102011, 16041674, 1, 0
103007, 16042425, 1, 0
104002, 16035619, 1, 0
105014, 16037334, 1, 0
106009, 16037135, 1, 0
107005, 16033523, 1, 0
108012, 15087590, 1, 0
109008, 16034242, 1, 0
110003, 16036373, 1, 0
111014, 16032450, 1, 0
112010, 16037402, 1, 0
113005, 16034927, 1, 0
114001, 16036209, 1, 0
115012, 16033087, 1, 0
116007, 16035077, 1, 0
117003, 16034709, 1, 0
118012, 16007653, 1, 0
119006, 16010161, 1, 0
120001, 16034498, 1, 0
121014, 16048215, 1, 0
122009, 16036830, 1, 0
123004, 16034801, 1, 0
124001, 15552180, 1, 0
125013, 15542645, 1, 0
126008, 16034550, 1, 0
127003, 16033265, 1, 0
128015, 16035616, 1, 0
129010, 16026879, 1, 0
130005, 16030241, 1, 0
131001, 16037330, 1, 0
132012, 16035997, 1, 0
133008, 16032317, 1, 0
134003, 16030602, 1, 0
135014, 16032606, 1, 0
136009, 16032686, 1, 0
137004, 16034305, 1, 0
138000, 16033183, 1, 0
139011, 16034679, 1, 0
140006, 16034612, 1, 0
141001, 15077782, 1, 0
142013, 16038692, 1, 0
143009, 16035880, 1, 0
144004, 16035618, 1, 0
145015, 16035852, 1, 0
146011, 16037323, 1, 0
147006, 16035813, 1, 0
148002, 16033500, 1, 0
149013, 16035418, 1, 0
150008, 16037554, 1, 0
151004, 16035061, 1, 0
152015, 16037047, 1, 0
153011, 16032800, 1, 0
154006, 16037003, 1, 0
155002, 16037218, 1, 0
156013, 16036211, 1, 0
157010, 15077282, 1, 0
158006, 16032319, 1, 0
159001, 16032460, 1, 0
160012, 16032888, 1, 0
161007, 16028712, 1, 0
162001, 16005851, 1, 0
163012, 16026370, 1, 0
164007, 16035548, 1, 0
165002, 16036362, 1, 0
166014, 16035909, 1, 0
167009, 16033310, 1, 0
168004, 16034718, 1, 0
169000, 16035606, 1, 0
170011, 16035284, 1, 0
171006, 16029991, 1, 0
172002, 16036980, 1, 0
173014, 16047457, 1, 0
174011, 15074438, 1, 0
175006, 16035157, 1, 0
176002, 16034968, 1, 0
177013, 16031363, 1, 0
178008, 16032621, 1, 0
179003, 16033742, 1, 0
180015, 16035091, 1, 0
181010, 16031279, 1, 0
182006, 16063632, 1, 0
183001, 16034816, 1, 0
184011, 16014373, 1, 0
185007, 16036235, 1, 0
186002, 16035053, 1, 0
187013, 16032057, 1, 0
188009, 16031355, 1, 0
189004, 16034187, 1, 0
190012, 15086172, 1, 0
191008, 16033836, 1, 0
192003, 16030885, 1, 0
193015, 16034805, 1, 0
194010, 16033737, 1, 0
195005, 16033728, 1, 0
196000, 16034934, 1, 0
197012, 16035509, 1, 0
198007, 16037281, 1, 0
199003, 16036462, 1, 0
200014, 16037609, 1, 0
201010, 16034770, 1, 0
202005, 16035450, 1, 0
203001, 16050128, 1, 0
204013, 16034597, 1, 0
205008, 16037173, 1, 0
206005, 15085461, 1, 0
207000, 16026347, 1, 0
208013, 16065883, 1, 0
209009, 16034277, 1, 0
210004, 16034784, 1, 0
211001, 16051401, 1, 0
212012, 16031710, 1, 0
213008, 16036692, 1, 0
214003, 16042107, 1, 0
215015, 16040791, 1, 0
216011, 16033896, 1, 0
217006, 16032857, 1, 0
218001, 16031042, 1, 0
219011, 16006845, 1, 0
220005, 16009226, 1, 0
221002, 16062407, 1, 0
222013, 16032778, 1, 0
223006, 16272061, 1, 0
224002, 16036636, 1, 0
225014, 16033127, 1, 0
226010, 16033781, 1, 0
227006, 16034891, 1, 0
228002, 16043585, 1, 0
229014, 16035813, 1, 0
230009, 16033974, 1, 0
231005, 16034426, 1, 0
232000, 16032379, 1, 0
233011, 16027970, 1, 0
234006, 16012377, 1, 0
235001, 16028435, 1, 0
236012, 16033304, 1, 0
238897, 16036382, 1, 0
238913, 16048786, 1, 0
239010, 16048861, 1, 0
240005, 16042281, 1, 0
241001, 16040000, 1, 0
242013, 16035748, 1, 0
243008, 16039084, 1, 0
244003, 16037771, 1, 0
245015, 16036277, 1, 0
246010, 16034906, 1, 0
247005, 16032699, 1, 0
248001, 16035665, 1, 0
249012, 16030565, 1, 0
250007, 16032171, 1, 0
251002, 16033060, 1, 0
252013, 16022474, 1, 0
253008, 16034974, 1, 0
254004, 16035059, 1, 0
255015, 16036814, 1, 0
256008, 15983909, 1, 0
257003, 16038260, 1, 0
258000, 16065313, 1, 0
259010, 16008214, 1, 0
260004, 16007462, 1, 0
261013, 16008764, 1, 0
262009, 16043796, 1, 0
263005, 16040120, 1, 0
264000, 16034241, 1, 0
265012, 16034692, 1, 0
266007, 16034376, 1, 0
267002, 16035777, 1, 0
268014, 16036466, 1, 0
269009, 16034265, 1, 0
270005, 16038153, 1, 0
271000, 16037772, 1, 0
272013, 15089706, 1, 0
273009, 16035858, 1, 0
274004, 16036836, 1, 0
275000, 16035483, 1, 0
276011, 16036077, 1, 0
277007, 16040293, 1, 0
278002, 16033947, 1, 0
279013, 16032181, 1, 0
280007, 16015259, 1, 0
281004, 16049271, 1, 0
282015, 16037540, 1, 0
283010, 16031017, 1, 0
284006, 16031390, 1, 0
285001, 16036440, 1, 0
286013, 16035664, 1, 0
287008, 16033816, 1, 0
288009, 15864668, 1, 0
289001, 15230138, 1, 0
290012, 16034456, 1, 0
291007, 16035288, 1, 0
292003, 16036824, 1, 0
293014, 16035265, 1, 0
294009, 16022167, 1, 0
295002, 16007401, 1, 0
296014, 16036007, 1, 0
297009, 16037127, 1, 0
298005, 16046174, 1, 0
299001, 16036354, 1, 0
300012, 16034870, 1, 0
301008, 16034677, 1, 0
302003, 16037052, 1, 0
303014, 16034354, 1, 0
304010, 16033009, 1, 0
305007, 15077934, 1, 0
306002, 16035305, 1, 0
307014, 16035687, 1, 0
308009, 16033110, 1, 0
309005, 16039422, 1, 0
310000, 16038255, 1, 0
311013, 16059566, 1, 0
312009, 16034433, 1, 0
313004, 16038080, 1, 0
314000, 16036069, 1, 0
315011, 16037538, 1, 0
316007, 16042994, 1, 0
317003, 16037189, 1, 0
318015, 16046711, 1, 0
319010, 16038511, 1, 0
320006, 16036966, 1, 0
321006, 15120386, 1, 0
322002, 16042414, 1, 0
323013, 16034001, 1, 0
324009, 16039009, 1, 0
325004, 16037352, 1, 0
326000, 16036800, 1, 0
327011, 16038048, 1, 0
328007, 16033014, 1, 0
329002, 16034143, 1, 0
330014, 16038608, 1, 0
331009, 16036459, 1, 0
332005, 16037959, 1, 0
333000, 16037935, 1, 0
334012, 16037957, 1, 0
335008, 16038144, 1, 0
336003, 16038727, 1, 0
337015, 16037163, 1, 0
338005, 15076489, 1, 0
339000, 16035989, 1, 0
340012, 16036401, 1, 0
341007, 16035362, 1, 0
342003, 16035069, 1, 0
343014, 16039054, 1, 0
344010, 16032736, 1, 0
345005, 16035115, 1, 0
346000, 16036587, 1, 0
347012, 16035313, 1, 0
348007, 16032256, 1, 0
349002, 16031893, 1, 0
350013, 16031349, 1, 0
351008, 16030923, 1, 0
352004, 16039452, 1, 0
353002, 16078641, 1, 0
354000, 15082802, 1, 0
355011, 16035865, 1, 0
356007, 16038279, 1, 0
357002, 16035982, 1, 0
358014, 16041391, 1, 0
359010, 16038099, 1, 0
360006, 16050061, 1, 0
361003, 16052367, 1, 0
362014, 16038218, 1, 0
363009, 16029455, 1, 0
364005, 16043587, 1, 0
365000, 16033572, 1, 0
366012, 16035684, 1, 0
367007, 16033869, 1, 0
368002, 16035003, 1, 0
369014, 16035200, 1, 0
370006, 15728130, 1, 0
371006, 15361546, 1, 0
372002, 16034777, 1, 0
373013, 16031669, 1, 0
374008, 16035791, 1, 0
375004, 16036957, 1, 0
376015, 16034394, 1, 0
377010, 16033450, 1, 0
378006, 16033489, 1, 0
379001, 16038133, 1, 0
380013, 16033993, 1, 0
381008, 16032774, 1, 0
382003, 16032121, 1, 0
383015, 16034853, 1, 0
384010, 16035379, 1, 0
385006, 16035780, 1, 0
386001, 16038041, 1, 0
387015, 15089059, 1, 0
388010, 16031982, 1, 0
389005, 16035693, 1, 0
390000, 16033055, 1, 0
391012, 16033852, 1, 0
392007, 16035443, 1, 0
393003, 16051511, 1, 0
394015, 16036610, 1, 0
395010, 16034840, 1, 0
396006, 16038504, 1, 0
397001, 16037422, 1, 0
398000, 16085622, 1, 0
399011, 16032811, 1, 0
400006, 16035223, 1, 0
401003, 16060111, 1, 0
402015, 16042173, 1, 0
403012, 15072483, 1, 0
404007, 16033096, 1, 0
405003, 16036946, 1, 0
406014, 16035196, 1, 0
407009, 16033453, 1, 0
408005, 16035102, 1, 0
409000, 16034563, 1, 0
410011, 16035944, 1, 0
411007, 16038351, 1, 0
412003, 16039824, 1, 0
413014, 16038301, 1, 0
414010, 16036385, 1, 0
415005, 16037131, 1, 0
416001, 16034175, 1, 0
417012, 16037473, 1, 0
418008, 16035636, 1, 0
419003, 16034807, 1, 0
420000, 15075059, 1, 0
421011, 16032945, 1, 0
422007, 16039668, 1, 0
423003, 16036120, 1, 0
424014, 16036155, 1, 0
425010, 16035447, 1, 0
426005, 16033836, 1, 0
427000, 16041794, 1, 0
428012, 16031850, 1, 0
429007, 16032161, 1, 0
430002, 16033765, 1, 0
431013, 16032064, 1, 0
432009, 16038365, 1, 0
433005, 16037671, 1, 0
434000, 16035493, 1, 0
435011, 16035344, 1, 0
436003, 15078534, 1, 0
437014, 16040313, 1, 0
438010, 16041963, 1, 0
439005, 16032949, 1, 0
440015, 16006985, 1, 0
441009, 16007538, 1, 0
442005, 16048115, 1, 0
443001, 16053377, 1, 0
444013, 16037884, 1, 0
445008, 16038737, 1, 0
446004, 16035284, 1, 0
447015, 16036780, 1, 0
448012, 16058276, 1, 0
449008, 16037459, 1, 0
450003, 16040986, 1, 0
451015, 16039443, 1, 0
452005, 15441667, 1, 0
453012, 15642165, 1, 0
454007, 16036646, 1, 0
455002, 16034073, 1, 0
456014, 16033778, 1, 0
457009, 16036487, 1, 0
458005, 16037417, 1, 0
459000, 16038096, 1, 0
460012, 16032920, 1, 0
461007, 16035037, 1, 0
462003, 16038003, 1, 0
463014, 16035706, 1, 0
464009, 16033707, 1, 0
465005, 16033726, 1, 0
466000, 16037172, 1, 0
467012, 16037690, 1, 0
468007, 16041266, 1, 0
469001, 15075933, 1, 0
470012, 16032916, 1, 0
471008, 16040586, 1, 0
472003, 16034662, 1, 0
473014, 16033598, 1, 0
474010, 16036266, 1, 0
475005, 16038382, 1, 0
476001, 16036096, 1, 0
477012, 16037857, 1, 0
478007, 16030262, 1, 0
479003, 16036748, 1, 0
480015, 16037183, 1, 0
481010, 16033609, 1, 0
482005, 16035950, 1, 0
483001, 16035481, 1, 0
484012, 16037511, 1, 0
485006, 15074795, 1, 0
486001, 16038164, 1, 0
487013, 16040104, 1, 0
488008, 16035123, 1, 0
489004, 16036969, 1, 0
490014, 16014748, 1, 0
491009, 16033349, 1, 0
492005, 16036384, 1, 0
493000, 16032343, 1, 0
494012, 16037255, 1, 0
495007, 16039978, 1, 0
496003, 16039326, 1, 0
497015, 16038695, 1, 0
498010, 16039440, 1, 0
499006, 16036147, 1, 0
500001, 16035842, 1, 0
501014, 16054163, 1, 0
502011, 15076515, 1, 0
503007, 16037184, 1, 0
504002, 16038213, 1, 0
505014, 16037041, 1, 0
506009, 16035508, 1, 0
507005, 16037314, 1, 0
508000, 16033407, 1, 0
509011, 16036260, 1, 0
510007, 16034434, 1, 0
511002, 16035079, 1, 0
512013, 16033151, 1, 0
513008, 16029482, 1, 0
514004, 16040481, 1, 0
515000, 16039186, 1, 0
516011, 16036591, 1, 0
517007, 16035848, 1, 0
518004, 15072945, 1, 0
519015, 16036457, 1, 0
520010, 16033577, 1, 0
521006, 16035069, 1, 0
522001, 16033832, 1, 0
523013, 16035280, 1, 0
524008, 16034929, 1, 0
525004, 16038861, 1, 0
526015, 16043095, 1, 0
527012, 16044973, 1, 0
528008, 16040337, 1, 0
529004, 16047831, 1, 0
530015, 16033391, 1, 0
531011, 16036497, 1, 0
532006, 16036024, 1, 0
533002, 16045595, 1, 0
534003, 15139528, 1, 0
535010, 15965951, 1, 0
536005, 16035884, 1, 0
537001, 16035469, 1, 0
538015, 16074356, 1, 0
539010, 16035619, 1, 0
540005, 16036119, 1, 0
541001, 16046968, 1, 0
542013, 16033872, 1, 0
543008, 16035693, 1, 0
544004, 16037835, 1, 0
545015, 16035399, 1, 0
546011, 16037558, 1, 0
547007, 16038113, 1, 0
548002, 16036805, 1, 0
549013, 16035049, 1, 0
550010, 16042624, 1, 0
551002, 15096515, 1, 0
552014, 16036704, 1, 0
553009, 16032356, 1, 0
554004, 16036482, 1, 0
555000, 16037741, 1, 0
556011, 16038068, 1, 0
557007, 16037745, 1, 0
558002, 16036887, 1, 0
559014, 16038584, 1, 0
560010, 16038138, 1, 0
561005, 16035122, 1, 0
562000, 16033518, 1, 0
563012, 16039410, 1, 0
564007, 16033799, 1, 0
565003, 16035558, 1, 0
566014, 16033247, 1, 0
567007, 15073631, 1, 0
568003, 16034357, 1, 0
569014, 16035265, 1, 0
570009, 16028647, 1, 0
571003, 16010620, 1, 0
572014, 16033722, 1, 0
573010, 16035644, 1, 0
574005, 16032652, 1, 0
575000, 16035261, 1, 0
576012, 16037043, 1, 0
577007, 16033491, 1, 0
578002, 16033521, 1, 0
579014, 16036760, 1, 0
580009, 16032692, 1, 0
581005, 16036234, 1, 0
582000, 16036855, 1, 0
583012, 16042464, 1, 0
584009, 15072355, 1, 0
585004, 16034831, 1, 0
586000, 16031597, 1, 0
587011, 16036454, 1, 0
588006, 16028567, 1, 0
589001, 16031369, 1, 0
590013, 16032375, 1, 0
591008, 16034953, 1, 0
592003, 16034549, 1, 0
593015, 16033407, 1, 0
594010, 16031221, 1, 0
595005, 16031661, 1, 0
596000, 16032342, 1, 0
597011, 16034600, 1, 0
598007, 16034617, 1, 0
599002, 16033483, 1, 0
600015, 15087787, 1, 0
