1000, 50696, 1, 0
2000, 39988, 1, 0
3000, 39904, 1, 0
4000, 50064, 1, 0
5000, 39940, 1, 0
6000, 39996, 1, 0
7000, 50196, 1, 0
8000, 40072, 1, 0
9000, 39784, 1, 0
10000, 50628, 1, 0
11000, 39984, 1, 0
12000, 39964, 1, 0
13000, 50468, 1, 0
14000, 39800, 1, 0
15000, 39924, 1, 0
16000, 50724, 1, 0
17000, 40016, 1, 0
18000, 40016, 1, 0
19000, 50808, 1, 0
20000, 40052, 1, 0
21000, 40044, 1, 0
22000, 51332, 1, 0
23000, 39940, 1, 0
24000, 39608, 1, 0
25000, 50880, 1, 0
26000, 40060, 1, 0
27000, 39988, 1, 0
28000, 51224, 1, 0
29000, 39984, 1, 0
30000, 40840, 1, 0
31000, 69144, 1, 0
32000, 68732, 1, 0
33000, 69408, 1, 0
34000, 68192, 1, 0
35000, 68992, 1, 0
36000, 69096, 1, 0
37000, 68964, 1, 0
38000, 69316, 1, 0
39000, 68664, 1, 0
40000, 68792, 1, 0
41000, 69188, 1, 0
42000, 68796, 1, 0
43000, 68868, 1, 0
44000, 68128, 1, 0
45000, 68768, 1, 0
46000, 69072, 1, 0
47001, 68983, 1, 0
48000, 68724, 1, 0
49000, 68596, 1, 0
50001, 68595, 1, 0
51000, 69292, 1, 0
52000, 68568, 1, 0
53000, 69016, 1, 0
54000, 68436, 1, 0
55000, 69128, 1, 0
56000, 69084, 1, 0
57000, 68764, 1, 0
58000, 69036, 1, 0
59001, 68431, 1, 0
