1000, 56977, 1, 0
2000, 56551, 1, 0
3000, 56956, 1, 0
4000, 56631, 1, 0
5000, 56476, 1, 0
6000, 56391, 1, 0
7000, 57326, 1, 0
8000, 55995, 1, 0
9000, 57599, 1, 0
10000, 56214, 1, 0
11000, 55919, 1, 0
12000, 55893, 1, 0
13000, 56438, 1, 0
14000, 56430, 1, 0
15000, 56583, 1, 0
16000, 56597, 1, 0
17000, 56916, 1, 0
18000, 56604, 1, 0
19000, 58044, 1, 0
20000, 56612, 1, 0
21000, 56489, 1, 0
22000, 56676, 1, 0
23000, 56864, 1, 0
24000, 56293, 1, 0
25000, 56491, 1, 0
26000, 56252, 1, 0
27000, 56338, 1, 0
28000, 56209, 1, 0
29000, 57381, 1, 0
30000, 56308, 1, 0
31000, 56156, 1, 0
32000, 56092, 1, 0
33000, 56650, 1, 0
34000, 56501, 1, 0
35000, 56498, 1, 0
36000, 56269, 1, 0
37000, 56505, 1, 0
38000, 56294, 1, 0
39000, 57243, 1, 0
40000, 56177, 1, 0
41000, 56465, 1, 0
42000, 56451, 1, 0
43000, 56993, 1, 0
44000, 56586, 1, 0
45000, 56343, 1, 0
46000, 56214, 1, 0
47000, 56269, 1, 0
48000, 56328, 1, 0
49000, 56990, 1, 0
50000, 56155, 1, 0
51000, 56617, 1, 0
52000, 56654, 1, 0
53000, 57400, 1, 0
54000, 56769, 1, 0
55000, 56784, 1, 0
56000, 56133, 1, 0
57000, 56131, 1, 0
58000, 56163, 1, 0
59000, 57395, 1, 0
60000, 56454, 1, 0
61000, 56201, 1, 0
62000, 56279, 1, 0
63000, 57022, 1, 0
64000, 56476, 1, 0
65000, 56431, 1, 0
66000, 56353, 1, 0
67000, 56592, 1, 0
68000, 56076, 1, 0
69000, 57026, 1, 0
70000, 55974, 1, 0
71000, 55941, 1, 0
72000, 55920, 1, 0
73000, 56357, 1, 0
74000, 56183, 1, 0
75000, 56432, 1, 0
76000, 56942, 1, 0
77000, 56959, 1, 0
78000, 56416, 1, 0
79000, 58030, 1, 0
80000, 56570, 1, 0
81000, 56362, 1, 0
82000, 56306, 1, 0
83000, 57138, 1, 0
84000, 56270, 1, 0
85000, 56416, 1, 0
86000, 56295, 1, 0
87000, 56356, 1, 0
88000, 56138, 1, 0
89000, 56833, 1, 0
90000, 56235, 1, 0
91000, 55972, 1, 0
92000, 56369, 1, 0
93000, 56597, 1, 0
94000, 56380, 1, 0
95000, 56385, 1, 0
96000, 56097, 1, 0
97000, 56105, 1, 0
98000, 56273, 1, 0
99000, 57567, 1, 0
100000, 56288, 1, 0
101000, 56057, 1, 0
102000, 56519, 1, 0
103000, 56855, 1, 0
104000, 56695, 1, 0
105000, 56623, 1, 0
106000, 56723, 1, 0
107000, 57010, 1, 0
108000, 56606, 1, 0
109000, 57140, 1, 0
110000, 56506, 1, 0
111000, 56966, 1, 0
112000, 56606, 1, 0
113000, 56665, 1, 0
114000, 56567, 1, 0
115000, 56609, 1, 0
116000, 56722, 1, 0
117000, 56706, 1, 0
118000, 56695, 1, 0
119000, 57459, 1, 0
120000, 56740, 1, 0
121000, 56298, 1, 0
122000, 56348, 1, 0
123000, 56484, 1, 0
124000, 56144, 1, 0
125000, 56710, 1, 0
126000, 56290, 1, 0
127000, 55988, 1, 0
128000, 56633, 1, 0
129000, 57254, 1, 0
130000, 56944, 1, 0
131000, 56123, 1, 0
132000, 56059, 1, 0
133000, 56492, 1, 0
134000, 56041, 1, 0
135000, 56754, 1, 0
136000, 56492, 1, 0
137000, 56819, 1, 0
138000, 57143, 1, 0
139000, 57213, 1, 0
140000, 56756, 1, 0
141000, 56409, 1, 0
142000, 56376, 1, 0
143000, 56938, 1, 0
144000, 56281, 1, 0
145000, 56312, 1, 0
146000, 56321, 1, 0
147000, 56239, 1, 0
148000, 56465, 1, 0
149000, 56634, 1, 0
150000, 56375, 1, 0
151000, 56199, 1, 0
152000, 56136, 1, 0
153000, 56330, 1, 0
154000, 56141, 1, 0
155000, 56549, 1, 0
156000, 56398, 1, 0
157000, 56542, 1, 0
158000, 56888, 1, 0
159000, 57025, 1, 0
160000, 56423, 1, 0
161000, 56232, 1, 0
162000, 56648, 1, 0
163000, 57426, 1, 0
164000, 56202, 1, 0
165000, 56766, 1, 0
166000, 56018, 1, 0
167000, 55910, 1, 0
168000, 56125, 1, 0
169000, 57049, 1, 0
170000, 56874, 1, 0
171000, 56863, 1, 0
172000, 56497, 1, 0
173000, 57192, 1, 0
174000, 56582, 1, 0
175000, 56921, 1, 0
176000, 56594, 1, 0
177000, 56653, 1, 0
178000, 56940, 1, 0
179000, 57351, 1, 0
180000, 56586, 1, 0
181000, 56139, 1, 0
182000, 56243, 1, 0
183000, 56421, 1, 0
184000, 56307, 1, 0
185000, 56223, 1, 0
186000, 56223, 1, 0
187000, 56179, 1, 0
188000, 56261, 1, 0
189000, 56698, 1, 0
190000, 56694, 1, 0
191000, 56660, 1, 0
192000, 56575, 1, 0
193000, 57166, 1, 0
194000, 56191, 1, 0
195000, 56013, 1, 0
196000, 56524, 1, 0
197000, 56408, 1, 0
198000, 57196, 1, 0
199000, 57088, 1, 0
200000, 56838, 1, 0
201000, 57852, 1, 0
202000, 57209, 1, 0
203000, 57445, 1, 0
204000, 56848, 1, 0
205000, 57103, 1, 0
206000, 57055, 1, 0
207000, 56752, 1, 0
208000, 56783, 1, 0
209000, 57393, 1, 0
210000, 56570, 1, 0
211000, 56446, 1, 0
212000, 56505, 1, 0
213000, 56691, 1, 0
214000, 56415, 1, 0
215000, 56538, 1, 0
216000, 56608, 1, 0
217000, 56267, 1, 0
218000, 56144, 1, 0
219000, 56593, 1, 0
220000, 56737, 1, 0
221000, 56063, 1, 0
222000, 56217, 1, 0
223000, 56483, 1, 0
224000, 56381, 1, 0
225000, 56090, 1, 0
226000, 56335, 1, 0
227000, 56231, 1, 0
228000, 56343, 1, 0
229000, 56512, 1, 0
230000, 56459, 1, 0
231000, 56552, 1, 0
232000, 56565, 1, 0
233000, 56494, 1, 0
234000, 56131, 1, 0
235000, 56196, 1, 0
236000, 56468, 1, 0
237000, 56024, 1, 0
238000, 56149, 1, 0
239000, 56872, 1, 0
240000, 56472, 1, 0
241000, 56085, 1, 0
242000, 56113, 1, 0
243000, 56369, 1, 0
244000, 56545, 1, 0
245000, 56529, 1, 0
246000, 56471, 1, 0
247000, 56313, 1, 0
248000, 56344, 1, 0
249000, 56774, 1, 0
250000, 56382, 1, 0
251000, 56206, 1, 0
252000, 56124, 1, 0
253000, 56687, 1, 0
254000, 56848, 1, 0
255000, 56907, 1, 0
256000, 56583, 1, 0
257000, 56303, 1, 0
258000, 56654, 1, 0
259000, 57845, 1, 0
260000, 56601, 1, 0
261000, 56635, 1, 0
262000, 56725, 1, 0
263000, 56789, 1, 0
264000, 56137, 1, 0
265000, 56426, 1, 0
266000, 56205, 1, 0
267000, 56229, 1, 0
268000, 56290, 1, 0
269000, 57042, 1, 0
270000, 56748, 1, 0
271000, 56438, 1, 0
272000, 56367, 1, 0
273000, 56634, 1, 0
274000, 55932, 1, 0
275000, 56411, 1, 0
276000, 56084, 1, 0
277000, 56125, 1, 0
278000, 56045, 1, 0
279000, 57119, 1, 0
280000, 56626, 1, 0
281000, 56361, 1, 0
282000, 56202, 1, 0
283000, 56590, 1, 0
284000, 56331, 1, 0
285000, 56330, 1, 0
286000, 56530, 1, 0
287000, 56234, 1, 0
288000, 56388, 1, 0
289000, 57037, 1, 0
290000, 56267, 1, 0
291000, 56873, 1, 0
292000, 56410, 1, 0
293000, 57074, 1, 0
294000, 56173, 1, 0
295000, 56576, 1, 0
296000, 56591, 1, 0
297000, 56575, 1, 0
298000, 56590, 1, 0
299000, 57383, 1, 0
300000, 56394, 1, 0
