18000, 38, 1, 0
19000, 36, 1, 0
27000, 2, 1, 0
37001, 0, 1, 0
45000, 34, 1, 0
46000, 28, 1, 0
49000, 14, 1, 0
50000, 39, 1, 0
51000, 39, 1, 0
52000, 39, 1, 0
53000, 39, 1, 0
54000, 16, 1, 0
69000, 19, 1, 0
70000, 39, 1, 0
71000, 39, 1, 0
72000, 39, 1, 0
73000, 38, 1, 0
74000, 39, 1, 0
75000, 39, 1, 0
76000, 39, 1, 0
77000, 39, 1, 0
78000, 39, 1, 0
79000, 39, 1, 0
80000, 39, 1, 0
81001, 38, 1, 0
82000, 39, 1, 0
83000, 39, 1, 0
84000, 39, 1, 0
85000, 39, 1, 0
86000, 39, 1, 0
87000, 39, 1, 0
88000, 39, 1, 0
89000, 39, 1, 0
90001, 38, 1, 0
91000, 39, 1, 0
92000, 39, 1, 0
93000, 39, 1, 0
94000, 39, 1, 0
95000, 39, 1, 0
96000, 39, 1, 0
97000, 39, 1, 0
98000, 39, 1, 0
99000, 39, 1, 0
100000, 39, 1, 0
101000, 39, 1, 0
102000, 39, 1, 0
103000, 39, 1, 0
104001, 38, 1, 0
105000, 39, 1, 0
106000, 39, 1, 0
107000, 39, 1, 0
108000, 38, 1, 0
109000, 39, 1, 0
110000, 39, 1, 0
111000, 39, 1, 0
112000, 39, 1, 0
113000, 39, 1, 0
114000, 39, 1, 0
115000, 39, 1, 0
116000, 39, 1, 0
117000, 39, 1, 0
118001, 38, 1, 0
119000, 39, 1, 0
120000, 39, 1, 0
121000, 39, 1, 0
122000, 39, 1, 0
123000, 39, 1, 0
124000, 39, 1, 0
125000, 39, 1, 0
126001, 38, 1, 0
127000, 39, 1, 0
128000, 39, 1, 0
129000, 39, 1, 0
130000, 39, 1, 0
131000, 39, 1, 0
132000, 39, 1, 0
133000, 39, 1, 0
134000, 39, 1, 0
135000, 39, 1, 0
136000, 39, 1, 0
137000, 39, 1, 0
138000, 39, 1, 0
139000, 39, 1, 0
140000, 39, 1, 0
141000, 38, 1, 0
142000, 39, 1, 0
143000, 39, 1, 0
144000, 39, 1, 0
145000, 39, 1, 0
146000, 39, 1, 0
147000, 39, 1, 0
148000, 39, 1, 0
149000, 40, 1, 0
150000, 9, 1, 0
158000, 9, 1, 0
159000, 39, 1, 0
160000, 23, 1, 0
179000, 31, 1, 0
180000, 39, 1, 0
181000, 39, 1, 0
182000, 28, 1, 0
192000, 29, 1, 0
193000, 39, 1, 0
194000, 39, 1, 0
195000, 39, 1, 0
196000, 39, 1, 0
197000, 39, 1, 0
198000, 39, 1, 0
199000, 39, 1, 0
200000, 39, 1, 0
