40001, 2173, 1, 0
41000, 4992, 1, 0
42000, 4992, 1, 0
43000, 4992, 1, 0
44000, 5120, 1, 0
45000, 5248, 1, 0
46000, 4992, 1, 0
47000, 4992, 1, 0
48000, 4992, 1, 0
49000, 4992, 1, 0
50000, 4992, 1, 0
51000, 4992, 1, 0
52000, 4992, 1, 0
53000, 4992, 1, 0
54000, 4992, 1, 0
55000, 4992, 1, 0
56000, 4992, 1, 0
57000, 4992, 1, 0
58000, 4992, 1, 0
59000, 4992, 1, 0
60000, 4992, 1, 0
61000, 4992, 1, 0
62000, 4992, 1, 0
63000, 4992, 1, 0
64000, 4992, 1, 0
65000, 4992, 1, 0
66001, 4987, 1, 0
67000, 4992, 1, 0
68000, 4992, 1, 0
69000, 4992, 1, 0
70000, 4992, 1, 0
71000, 4864, 1, 0
72000, 4992, 1, 0
73001, 4987, 1, 0
74000, 4992, 1, 0
75001, 4987, 1, 0
76000, 4992, 1, 0
77000, 4992, 1, 0
78000, 4992, 1, 0
79000, 4992, 1, 0
80000, 4992, 1, 0
81000, 4992, 1, 0
82000, 4992, 1, 0
83000, 4992, 1, 0
84000, 4992, 1, 0
85000, 4992, 1, 0
86001, 4987, 1, 0
87000, 4992, 1, 0
88000, 4992, 1, 0
89000, 4992, 1, 0
90000, 4992, 1, 0
91000, 4992, 1, 0
92000, 4992, 1, 0
93000, 4992, 1, 0
94000, 4992, 1, 0
95000, 4992, 1, 0
96000, 4992, 1, 0
97000, 4992, 1, 0
98000, 4992, 1, 0
99000, 4992, 1, 0
100001, 4987, 1, 0
101000, 4992, 1, 0
102000, 4992, 1, 0
103000, 4992, 1, 0
104000, 4992, 1, 0
105000, 4992, 1, 0
106000, 4992, 1, 0
107000, 4992, 1, 0
108000, 4992, 1, 0
109000, 4992, 1, 0
110000, 4864, 1, 0
111000, 4992, 1, 0
112000, 4992, 1, 0
113000, 4992, 1, 0
114000, 4992, 1, 0
115000, 4992, 1, 0
116000, 4992, 1, 0
117000, 4992, 1, 0
118000, 4992, 1, 0
119000, 4992, 1, 0
120000, 4992, 1, 0
121000, 4992, 1, 0
122000, 4992, 1, 0
123000, 4736, 1, 0
128000, 256, 1, 0
135000, 2048, 1, 0
136001, 4987, 1, 0
137000, 4992, 1, 0
138000, 3072, 1, 0
150000, 4864, 1, 0
151000, 4992, 1, 0
152000, 4992, 1, 0
153000, 4992, 1, 0
154000, 4992, 1, 0
155000, 4992, 1, 0
156000, 4992, 1, 0
157000, 4992, 1, 0
158001, 4987, 1, 0
159000, 4992, 1, 0
160000, 4992, 1, 0
161000, 4992, 1, 0
162000, 4992, 1, 0
163000, 4992, 1, 0
164000, 4992, 1, 0
165000, 4992, 1, 0
166000, 4992, 1, 0
167001, 4987, 1, 0
168000, 4992, 1, 0
169000, 4992, 1, 0
170000, 4992, 1, 0
171000, 4992, 1, 0
172000, 4864, 1, 0
173000, 4992, 1, 0
174000, 4992, 1, 0
175000, 4992, 1, 0
176001, 4987, 1, 0
177000, 4992, 1, 0
178000, 4992, 1, 0
179000, 4992, 1, 0
180000, 4992, 1, 0
181000, 4992, 1, 0
182000, 4992, 1, 0
183001, 4987, 1, 0
184000, 4992, 1, 0
185000, 4992, 1, 0
186001, 4987, 1, 0
187000, 4992, 1, 0
188000, 4992, 1, 0
189000, 4992, 1, 0
190000, 4992, 1, 0
191000, 4992, 1, 0
192000, 4992, 1, 0
193000, 4992, 1, 0
194000, 4992, 1, 0
195000, 4992, 1, 0
196000, 4992, 1, 0
197000, 4992, 1, 0
198000, 4992, 1, 0
199000, 4992, 1, 0
200000, 4992, 1, 0
