1000, 38016, 1, 0
2000, 42496, 1, 0
3000, 33024, 1, 0
5000, 21760, 1, 0
6000, 32000, 1, 0
7000, 32000, 1, 0
8000, 31872, 1, 0
9000, 32128, 1, 0
10000, 32128, 1, 0
11000, 31872, 1, 0
12000, 32000, 1, 0
13000, 32000, 1, 0
14000, 32000, 1, 0
15000, 32128, 1, 0
16000, 31744, 1, 0
17000, 32000, 1, 0
18000, 32000, 1, 0
19000, 32128, 1, 0
20000, 31872, 1, 0
21000, 33408, 1, 0
22000, 36608, 1, 0
23000, 36608, 1, 0
24000, 36480, 1, 0
25000, 36608, 1, 0
26001, 36571, 1, 0
27000, 36352, 1, 0
28000, 36608, 1, 0
29000, 36608, 1, 0
30000, 33152, 1, 0
31000, 31872, 1, 0
32000, 32000, 1, 0
33000, 32000, 1, 0
34001, 32095, 1, 0
35000, 31872, 1, 0
36000, 32000, 1, 0
37000, 32000, 1, 0
38000, 32000, 1, 0
39000, 32000, 1, 0
40000, 31872, 1, 0
41000, 32128, 1, 0
42000, 34304, 1, 0
43000, 30592, 1, 0
46000, 29824, 1, 0
47000, 36224, 1, 0
48000, 15232, 1, 0
49001, 32991, 1, 0
50000, 36480, 1, 0
51000, 36608, 1, 0
52001, 18541, 1, 0
54000, 14976, 1, 0
55000, 32000, 1, 0
56000, 32000, 1, 0
57000, 32000, 1, 0
58001, 31840, 1, 0
59000, 32000, 1, 0
60000, 32000, 1, 0
61001, 31968, 1, 0
62000, 31872, 1, 0
63000, 32128, 1, 0
64000, 32000, 1, 0
65000, 32000, 1, 0
66000, 32896, 1, 0
67000, 36352, 1, 0
68000, 32000, 1, 0
69000, 32128, 1, 0
70000, 31872, 1, 0
71000, 32000, 1, 0
72000, 32128, 1, 0
73000, 31872, 1, 0
74000, 32000, 1, 0
75000, 32000, 1, 0
76000, 32000, 1, 0
77000, 32128, 1, 0
78000, 31872, 1, 0
79000, 32000, 1, 0
80000, 35584, 1, 0
81000, 36608, 1, 0
82000, 36480, 1, 0
83000, 36608, 1, 0
84000, 36736, 1, 0
85000, 36480, 1, 0
86000, 36608, 1, 0
87000, 36608, 1, 0
88000, 36608, 1, 0
89000, 36480, 1, 0
90000, 36608, 1, 0
91000, 32000, 1, 0
92000, 32000, 1, 0
93000, 31872, 1, 0
94001, 31968, 1, 0
95000, 32128, 1, 0
96000, 32000, 1, 0
97000, 31872, 1, 0
98000, 32000, 1, 0
99000, 32000, 1, 0
100000, 32000, 1, 0
101000, 32000, 1, 0
102000, 32000, 1, 0
103000, 35328, 1, 0
104000, 36608, 1, 0
105000, 34304, 1, 0
106000, 32000, 1, 0
107000, 32000, 1, 0
108000, 32128, 1, 0
109000, 31872, 1, 0
110000, 31744, 1, 0
111000, 32128, 1, 0
112000, 32000, 1, 0
113000, 32000, 1, 0
114000, 31872, 1, 0
115000, 32128, 1, 0
116000, 32000, 1, 0
117000, 32896, 1, 0
118000, 36480, 1, 0
119000, 35968, 1, 0
120000, 32000, 1, 0
121000, 32000, 1, 0
122000, 32000, 1, 0
123000, 32000, 1, 0
124000, 32000, 1, 0
125000, 31872, 1, 0
126000, 32128, 1, 0
127000, 32000, 1, 0
128000, 32000, 1, 0
129000, 32000, 1, 0
130001, 31968, 1, 0
131000, 32000, 1, 0
132000, 32000, 1, 0
133000, 32000, 1, 0
134000, 31872, 1, 0
135000, 32128, 1, 0
136000, 32000, 1, 0
137000, 32000, 1, 0
138000, 31872, 1, 0
139000, 32000, 1, 0
140000, 32256, 1, 0
141000, 32000, 1, 0
142000, 31872, 1, 0
143000, 32000, 1, 0
144001, 32095, 1, 0
145000, 32000, 1, 0
146000, 31872, 1, 0
147000, 32000, 1, 0
148000, 34176, 1, 0
149000, 32128, 1, 0
150001, 31968, 1, 0
151000, 32000, 1, 0
152001, 32000, 1, 0
153000, 32000, 1, 0
154000, 32000, 1, 0
155000, 32000, 1, 0
156000, 32128, 1, 0
157000, 32000, 1, 0
158000, 31872, 1, 0
159000, 32000, 1, 0
160000, 32000, 1, 0
161000, 12928, 1, 0
162000, 30848, 1, 0
163000, 768, 1, 0
164000, 22784, 1, 0
165000, 28032, 1, 0
166000, 27136, 1, 0
167000, 32128, 1, 0
168000, 32000, 1, 0
169000, 31872, 1, 0
170000, 31872, 1, 0
171000, 32000, 1, 0
172000, 32128, 1, 0
173000, 32000, 1, 0
174000, 31872, 1, 0
175001, 31968, 1, 0
176000, 32128, 1, 0
177000, 32000, 1, 0
178000, 34432, 1, 0
179000, 36608, 1, 0
180000, 36608, 1, 0
181000, 36608, 1, 0
182000, 36480, 1, 0
183000, 36608, 1, 0
184000, 36608, 1, 0
185000, 36736, 1, 0
186000, 36736, 1, 0
187000, 36608, 1, 0
188000, 36608, 1, 0
189001, 36443, 1, 0
190000, 36608, 1, 0
191000, 36608, 1, 0
192000, 36480, 1, 0
193000, 36224, 1, 0
194000, 32000, 1, 0
195000, 32000, 1, 0
196000, 31872, 1, 0
197000, 32000, 1, 0
198000, 32128, 1, 0
199000, 32000, 1, 0
200000, 31872, 1, 0
201000, 32000, 1, 0
202000, 32000, 1, 0
203000, 32128, 1, 0
204001, 31840, 1, 0
205000, 32000, 1, 0
206000, 35840, 1, 0
207000, 36480, 1, 0
208000, 36480, 1, 0
209000, 36608, 1, 0
210000, 36736, 1, 0
211000, 36480, 1, 0
212000, 36608, 1, 0
213000, 33664, 1, 0
214000, 32000, 1, 0
215000, 32000, 1, 0
216000, 32000, 1, 0
217001, 31968, 1, 0
218000, 32000, 1, 0
219000, 32000, 1, 0
220000, 31872, 1, 0
221000, 32000, 1, 0
222000, 32128, 1, 0
223000, 32000, 1, 0
224000, 31872, 1, 0
225000, 33664, 1, 0
226000, 36736, 1, 0
227000, 36608, 1, 0
228001, 36315, 1, 0
229000, 36736, 1, 0
230000, 36480, 1, 0
231000, 36480, 1, 0
232000, 36608, 1, 0
233000, 36608, 1, 0
234000, 36608, 1, 0
235000, 32256, 1, 0
236000, 32000, 1, 0
237000, 32128, 1, 0
238000, 32000, 1, 0
239000, 31872, 1, 0
240000, 32000, 1, 0
241000, 32128, 1, 0
242000, 32000, 1, 0
243000, 31872, 1, 0
244000, 32128, 1, 0
245000, 32000, 1, 0
246000, 32000, 1, 0
247000, 34816, 1, 0
248001, 36571, 1, 0
249000, 36608, 1, 0
250000, 36608, 1, 0
251000, 36480, 1, 0
252000, 36480, 1, 0
253001, 32095, 1, 0
254000, 31872, 1, 0
255000, 32000, 1, 0
256000, 32000, 1, 0
257000, 32128, 1, 0
258001, 31968, 1, 0
259000, 31872, 1, 0
260000, 32128, 1, 0
261000, 32000, 1, 0
262000, 32000, 1, 0
263001, 31840, 1, 0
264000, 32000, 1, 0
265000, 32128, 1, 0
266000, 31872, 1, 0
267000, 32000, 1, 0
268001, 31968, 1, 0
269000, 32128, 1, 0
270000, 32000, 1, 0
271000, 31872, 1, 0
272000, 32000, 1, 0
273000, 32128, 1, 0
274000, 32000, 1, 0
275000, 31872, 1, 0
276000, 32000, 1, 0
277000, 32128, 1, 0
278000, 32000, 1, 0
279000, 32000, 1, 0
280001, 31968, 1, 0
281000, 33664, 1, 0
282000, 32640, 1, 0
283000, 31872, 1, 0
284000, 32000, 1, 0
285001, 32095, 1, 0
286000, 31872, 1, 0
287000, 31872, 1, 0
288000, 32128, 1, 0
289000, 32000, 1, 0
290001, 31968, 1, 0
291000, 31872, 1, 0
292000, 32000, 1, 0
293000, 32128, 1, 0
294000, 34688, 1, 0
295000, 13696, 1, 0
296000, 4608, 1, 0
297000, 36608, 1, 0
298000, 31104, 1, 0
299000, 23808, 1, 0
300000, 32128, 1, 0
301000, 32000, 1, 0
302000, 32128, 1, 0
303000, 31872, 1, 0
304000, 32000, 1, 0
305000, 32128, 1, 0
306000, 31872, 1, 0
307000, 32000, 1, 0
308001, 31968, 1, 0
309000, 32000, 1, 0
310000, 32128, 1, 0
311000, 33920, 1, 0
312000, 36608, 1, 0
313001, 36571, 1, 0
314000, 36608, 1, 0
315000, 36480, 1, 0
316000, 36480, 1, 0
317000, 36608, 1, 0
318000, 36480, 1, 0
319000, 35968, 1, 0
320000, 32128, 1, 0
321000, 32000, 1, 0
322000, 31872, 1, 0
323000, 32128, 1, 0
324000, 32000, 1, 0
325000, 32000, 1, 0
326000, 32000, 1, 0
327000, 32000, 1, 0
328000, 32000, 1, 0
329000, 32128, 1, 0
330000, 31744, 1, 0
331000, 32000, 1, 0
332001, 35932, 1, 0
333000, 36608, 1, 0
334000, 36480, 1, 0
335000, 35328, 1, 0
336000, 32000, 1, 0
337000, 32000, 1, 0
338000, 31872, 1, 0
339000, 32128, 1, 0
340000, 31872, 1, 0
341000, 32128, 1, 0
342000, 31872, 1, 0
343000, 32000, 1, 0
344000, 32128, 1, 0
345000, 32000, 1, 0
346000, 31872, 1, 0
347000, 32000, 1, 0
348000, 36608, 1, 0
349000, 36608, 1, 0
350000, 36480, 1, 0
351000, 36480, 1, 0
352000, 36736, 1, 0
353000, 35968, 1, 0
354000, 31872, 1, 0
355000, 32000, 1, 0
356000, 32000, 1, 0
357000, 32128, 1, 0
358000, 31872, 1, 0
359000, 32000, 1, 0
360000, 32000, 1, 0
361000, 32000, 1, 0
362000, 31872, 1, 0
363000, 32128, 1, 0
364000, 32000, 1, 0
365000, 32000, 1, 0
366000, 35712, 1, 0
367000, 36608, 1, 0
368001, 32735, 1, 0
369000, 32128, 1, 0
370000, 31872, 1, 0
371000, 32000, 1, 0
372000, 32000, 1, 0
373001, 31968, 1, 0
374000, 32000, 1, 0
375000, 32000, 1, 0
376000, 32128, 1, 0
377000, 31872, 1, 0
378000, 32000, 1, 0
379000, 32000, 1, 0
380000, 32000, 1, 0
381000, 32000, 1, 0
382000, 31872, 1, 0
383000, 32000, 1, 0
384000, 32000, 1, 0
385000, 32128, 1, 0
386000, 32000, 1, 0
387000, 32000, 1, 0
388000, 32000, 1, 0
389000, 32000, 1, 0
390000, 31872, 1, 0
391000, 32000, 1, 0
392000, 32128, 1, 0
393000, 32000, 1, 0
394000, 31872, 1, 0
395000, 32128, 1, 0
396000, 32768, 1, 0
397000, 36608, 1, 0
398000, 36480, 1, 0
399000, 36608, 1, 0
400000, 36736, 1, 0
401000, 36480, 1, 0
402000, 36480, 1, 0
403000, 36608, 1, 0
404000, 34304, 1, 0
405000, 32000, 1, 0
406000, 31872, 1, 0
407000, 32000, 1, 0
408000, 32128, 1, 0
409000, 32000, 1, 0
410000, 31872, 1, 0
411000, 32128, 1, 0
412000, 32000, 1, 0
413000, 32000, 1, 0
414000, 31872, 1, 0
415000, 32128, 1, 0
416001, 32863, 1, 0
417000, 24320, 1, 0
418001, 36443, 1, 0
419000, 7424, 1, 0
421000, 11392, 1, 0
422000, 32000, 1, 0
423001, 32095, 1, 0
424000, 32000, 1, 0
425000, 31872, 1, 0
426000, 32000, 1, 0
427000, 32128, 1, 0
428000, 32000, 1, 0
429000, 31872, 1, 0
430000, 32000, 1, 0
431000, 32128, 1, 0
432000, 32000, 1, 0
433000, 32256, 1, 0
434000, 36480, 1, 0
435000, 32384, 1, 0
436001, 32095, 1, 0
437000, 31872, 1, 0
438000, 32000, 1, 0
439000, 32000, 1, 0
440000, 32128, 1, 0
441001, 31840, 1, 0
442000, 32000, 1, 0
443000, 32000, 1, 0
444000, 32128, 1, 0
445000, 32000, 1, 0
446001, 31840, 1, 0
447000, 34944, 1, 0
448000, 36736, 1, 0
449000, 36352, 1, 0
450000, 36736, 1, 0
451000, 36608, 1, 0
452000, 36608, 1, 0
453000, 36480, 1, 0
454000, 36608, 1, 0
455000, 36608, 1, 0
456000, 36608, 1, 0
457001, 36443, 1, 0
458000, 36608, 1, 0
459000, 36608, 1, 0
460000, 36480, 1, 0
461000, 35072, 1, 0
462000, 32128, 1, 0
463000, 31872, 1, 0
464000, 32000, 1, 0
465000, 32000, 1, 0
466000, 32128, 1, 0
467000, 32000, 1, 0
468000, 31872, 1, 0
469000, 32128, 1, 0
470000, 32000, 1, 0
471000, 32000, 1, 0
472000, 31872, 1, 0
473000, 32256, 1, 0
474000, 36608, 1, 0
475000, 36480, 1, 0
476000, 33024, 1, 0
477000, 32000, 1, 0
478000, 32000, 1, 0
479000, 32000, 1, 0
480000, 31872, 1, 0
481000, 32128, 1, 0
482001, 31968, 1, 0
483000, 32000, 1, 0
484000, 31872, 1, 0
485000, 32128, 1, 0
486000, 32000, 1, 0
487000, 32000, 1, 0
488000, 34048, 1, 0
489000, 36608, 1, 0
490001, 36571, 1, 0
491000, 36608, 1, 0
492000, 36480, 1, 0
493000, 36608, 1, 0
494000, 32640, 1, 0
495000, 32000, 1, 0
496000, 32000, 1, 0
497000, 32000, 1, 0
498000, 32000, 1, 0
499001, 31968, 1, 0
500000, 31872, 1, 0
501000, 32000, 1, 0
502000, 32128, 1, 0
503000, 32000, 1, 0
504001, 31840, 1, 0
505000, 32000, 1, 0
506000, 32128, 1, 0
507000, 32000, 1, 0
508000, 31872, 1, 0
509000, 32000, 1, 0
510000, 32128, 1, 0
511000, 32000, 1, 0
512000, 31872, 1, 0
513000, 32000, 1, 0
514000, 32128, 1, 0
515000, 32000, 1, 0
516000, 31744, 1, 0
517000, 32000, 1, 0
518000, 32000, 1, 0
519000, 32256, 1, 0
520001, 31840, 1, 0
521000, 32000, 1, 0
522000, 33024, 1, 0
523000, 33280, 1, 0
524000, 31872, 1, 0
525000, 32000, 1, 0
526000, 32000, 1, 0
527000, 32128, 1, 0
528000, 31872, 1, 0
529000, 32000, 1, 0
530000, 32000, 1, 0
531000, 32000, 1, 0
532000, 32000, 1, 0
533000, 32000, 1, 0
534000, 32000, 1, 0
535000, 31104, 1, 0
536001, 4987, 1, 0
537000, 32000, 1, 0
538000, 32128, 1, 0
539000, 32000, 1, 0
540000, 31872, 1, 0
541000, 32000, 1, 0
542000, 32000, 1, 0
543000, 32128, 1, 0
544001, 31968, 1, 0
545000, 31872, 1, 0
546000, 32128, 1, 0
547000, 32000, 1, 0
548000, 32000, 1, 0
549000, 35840, 1, 0
550000, 33280, 1, 0
551000, 32000, 1, 0
552001, 31968, 1, 0
553000, 31872, 1, 0
554000, 32128, 1, 0
555000, 32000, 1, 0
556000, 32128, 1, 0
557000, 31872, 1, 0
558000, 32000, 1, 0
559000, 32128, 1, 0
560000, 32000, 1, 0
561000, 31872, 1, 0
562000, 34048, 1, 0
563000, 36608, 1, 0
564000, 36608, 1, 0
565000, 36480, 1, 0
566000, 36736, 1, 0
567000, 36608, 1, 0
568000, 36352, 1, 0
569000, 35456, 1, 0
570000, 31872, 1, 0
571000, 32000, 1, 0
572000, 32000, 1, 0
573000, 32000, 1, 0
574000, 32000, 1, 0
575000, 32128, 1, 0
576000, 31744, 1, 0
577000, 32128, 1, 0
578000, 32000, 1, 0
579000, 32000, 1, 0
580000, 31872, 1, 0
581000, 32000, 1, 0
582000, 36608, 1, 0
583000, 36608, 1, 0
584000, 33152, 1, 0
585000, 32000, 1, 0
586001, 32095, 1, 0
587000, 32000, 1, 0
588000, 32000, 1, 0
589000, 32000, 1, 0
590000, 32000, 1, 0
591000, 32000, 1, 0
592000, 32000, 1, 0
593000, 32000, 1, 0
594000, 32000, 1, 0
595000, 32000, 1, 0
596000, 33920, 1, 0
597000, 36608, 1, 0
598000, 36608, 1, 0
599000, 36608, 1, 0
