1000, 4864, 1, 0
2000, 4992, 1, 0
3001, 1534, 1, 0
7000, 1152, 1, 0
8000, 4992, 1, 0
9000, 4992, 1, 0
10000, 4992, 1, 0
11000, 5504, 1, 0
12000, 4992, 1, 0
13000, 4992, 1, 0
14000, 4992, 1, 0
15001, 4987, 1, 0
16000, 4992, 1, 0
17000, 4992, 1, 0
18000, 4992, 1, 0
19000, 4992, 1, 0
20000, 4992, 1, 0
21000, 4992, 1, 0
22000, 5376, 1, 0
23000, 5120, 1, 0
24000, 4992, 1, 0
25000, 4992, 1, 0
26000, 4864, 1, 0
27000, 4992, 1, 0
28000, 4992, 1, 0
29000, 4992, 1, 0
30000, 4992, 1, 0
31000, 4992, 1, 0
32000, 4992, 1, 0
33000, 5248, 1, 0
34000, 5248, 1, 0
35000, 4992, 1, 0
36000, 4992, 1, 0
37000, 4992, 1, 0
38000, 4992, 1, 0
39000, 4992, 1, 0
40000, 4992, 1, 0
41000, 4992, 1, 0
42000, 4992, 1, 0
43000, 4992, 1, 0
44000, 5120, 1, 0
45000, 1024, 1, 0
56000, 128, 1, 0
57000, 4992, 1, 0
58001, 4987, 1, 0
59000, 4992, 1, 0
60000, 4992, 1, 0
61000, 4864, 1, 0
62000, 2560, 1, 0
72000, 128, 1, 0
73000, 4864, 1, 0
74000, 4992, 1, 0
75000, 2176, 1, 0
83000, 512, 1, 0
84000, 4992, 1, 0
85000, 3584, 1, 0
89000, 2816, 1, 0
90000, 2560, 1, 0
95000, 3072, 1, 0
96000, 4992, 1, 0
97000, 4864, 1, 0
98000, 4992, 1, 0
99000, 4992, 1, 0
100000, 4992, 1, 0
101000, 4992, 1, 0
102000, 4992, 1, 0
103000, 4992, 1, 0
104000, 4992, 1, 0
105000, 4992, 1, 0
106000, 4992, 1, 0
107000, 4992, 1, 0
108000, 4992, 1, 0
109000, 4992, 1, 0
110000, 4992, 1, 0
111000, 4992, 1, 0
112000, 4992, 1, 0
113000, 4992, 1, 0
114000, 4992, 1, 0
115001, 4987, 1, 0
116000, 4992, 1, 0
117000, 4992, 1, 0
118000, 4864, 1, 0
119000, 4992, 1, 0
120000, 4992, 1, 0
121000, 4992, 1, 0
122000, 4992, 1, 0
123000, 4992, 1, 0
124000, 4992, 1, 0
125000, 4992, 1, 0
126000, 4992, 1, 0
127000, 4992, 1, 0
128001, 4987, 1, 0
129000, 4992, 1, 0
130000, 4992, 1, 0
131000, 4992, 1, 0
132000, 4992, 1, 0
133000, 4992, 1, 0
134000, 4992, 1, 0
135000, 4992, 1, 0
136000, 4992, 1, 0
137000, 4992, 1, 0
138000, 4992, 1, 0
139000, 4992, 1, 0
140000, 4992, 1, 0
141000, 4992, 1, 0
142000, 4992, 1, 0
143000, 4992, 1, 0
144000, 4992, 1, 0
145000, 4992, 1, 0
146001, 4987, 1, 0
147000, 4992, 1, 0
148000, 4992, 1, 0
149000, 4992, 1, 0
150000, 4864, 1, 0
151000, 4992, 1, 0
152000, 4992, 1, 0
153000, 4992, 1, 0
154000, 4992, 1, 0
155000, 4992, 1, 0
156000, 4992, 1, 0
157000, 4992, 1, 0
158000, 4992, 1, 0
159000, 4992, 1, 0
160000, 4992, 1, 0
161000, 4992, 1, 0
162000, 4992, 1, 0
163000, 4992, 1, 0
164000, 4992, 1, 0
165000, 4992, 1, 0
166000, 4992, 1, 0
167000, 4992, 1, 0
168000, 4992, 1, 0
169000, 4992, 1, 0
170000, 4992, 1, 0
171000, 4992, 1, 0
172000, 4992, 1, 0
173000, 4992, 1, 0
174000, 4992, 1, 0
175001, 4987, 1, 0
176000, 2688, 1, 0
177000, 1024, 1, 0
178000, 4992, 1, 0
179000, 1024, 1, 0
188000, 256, 1, 0
189000, 4992, 1, 0
190000, 4992, 1, 0
191001, 4987, 1, 0
192000, 1280, 1, 0
