18000, 4864, 1, 0
19000, 4608, 1, 0
27000, 256, 1, 0
37001, 127, 1, 0
45000, 4352, 1, 0
46000, 3584, 1, 0
49000, 1792, 1, 0
50000, 4992, 1, 0
51000, 4992, 1, 0
52000, 4992, 1, 0
53000, 4992, 1, 0
54000, 2048, 1, 0
69000, 2432, 1, 0
70000, 4992, 1, 0
71000, 4992, 1, 0
72000, 4992, 1, 0
73000, 4864, 1, 0
74000, 4992, 1, 0
75000, 4992, 1, 0
76000, 4992, 1, 0
77000, 4992, 1, 0
78000, 4992, 1, 0
79000, 4992, 1, 0
80000, 4992, 1, 0
81001, 4987, 1, 0
82000, 4992, 1, 0
83000, 4992, 1, 0
84000, 4992, 1, 0
85000, 4992, 1, 0
86000, 4992, 1, 0
87000, 4992, 1, 0
88000, 4992, 1, 0
89000, 4992, 1, 0
90001, 4987, 1, 0
91000, 4992, 1, 0
92000, 4992, 1, 0
93000, 4992, 1, 0
94000, 4992, 1, 0
95000, 4992, 1, 0
96000, 4992, 1, 0
97000, 4992, 1, 0
98000, 4992, 1, 0
99000, 4992, 1, 0
100000, 4992, 1, 0
101000, 4992, 1, 0
102000, 4992, 1, 0
103000, 4992, 1, 0
104001, 4987, 1, 0
105000, 4992, 1, 0
106000, 4992, 1, 0
107000, 4992, 1, 0
108000, 4864, 1, 0
109000, 4992, 1, 0
110000, 4992, 1, 0
111000, 4992, 1, 0
112000, 4992, 1, 0
113000, 4992, 1, 0
114000, 4992, 1, 0
115000, 4992, 1, 0
116000, 4992, 1, 0
117000, 4992, 1, 0
118001, 4987, 1, 0
119000, 4992, 1, 0
120000, 4992, 1, 0
121000, 4992, 1, 0
122000, 4992, 1, 0
123000, 4992, 1, 0
124000, 4992, 1, 0
125000, 4992, 1, 0
126001, 4987, 1, 0
127000, 4992, 1, 0
128000, 4992, 1, 0
129000, 4992, 1, 0
130000, 4992, 1, 0
131000, 4992, 1, 0
132000, 4992, 1, 0
133000, 4992, 1, 0
134000, 4992, 1, 0
135000, 4992, 1, 0
136000, 4992, 1, 0
137000, 4992, 1, 0
138000, 4992, 1, 0
139000, 4992, 1, 0
140000, 4992, 1, 0
141000, 4864, 1, 0
142000, 4992, 1, 0
143000, 4992, 1, 0
144000, 4992, 1, 0
145000, 4992, 1, 0
146000, 4992, 1, 0
147000, 4992, 1, 0
148000, 4992, 1, 0
149000, 5120, 1, 0
150000, 1152, 1, 0
158000, 1152, 1, 0
159000, 4992, 1, 0
160000, 2944, 1, 0
179000, 3968, 1, 0
180000, 4992, 1, 0
181000, 4992, 1, 0
182000, 3584, 1, 0
192000, 3712, 1, 0
193000, 4992, 1, 0
194000, 4992, 1, 0
195000, 4992, 1, 0
196000, 4992, 1, 0
197000, 4992, 1, 0
198000, 4992, 1, 0
199000, 4992, 1, 0
200000, 4992, 1, 0
