1000, 38, 1, 0
2000, 39, 1, 0
3000, 11, 1, 0
22000, 27, 1, 0
23000, 39, 1, 0
24000, 37, 1, 0
27000, 31, 1, 0
28000, 39, 1, 0
29000, 39, 1, 0
30000, 16, 1, 0
32000, 4, 1, 0
33000, 39, 1, 0
34000, 39, 1, 0
35000, 39, 1, 0
36000, 39, 1, 0
37000, 39, 1, 0
38000, 15, 1, 0
48000, 24, 1, 0
49000, 39, 1, 0
50000, 39, 1, 0
51000, 39, 1, 0
52000, 39, 1, 0
53000, 39, 1, 0
54000, 39, 1, 0
55000, 39, 1, 0
56000, 39, 1, 0
57000, 39, 1, 0
58000, 39, 1, 0
59000, 39, 1, 0
60000, 39, 1, 0
61000, 39, 1, 0
62000, 39, 1, 0
63000, 39, 1, 0
64000, 39, 1, 0
65000, 39, 1, 0
66000, 39, 1, 0
67000, 39, 1, 0
68000, 38, 1, 0
69000, 39, 1, 0
70000, 39, 1, 0
71000, 39, 1, 0
72000, 39, 1, 0
73000, 39, 1, 0
74000, 39, 1, 0
75000, 39, 1, 0
76000, 39, 1, 0
77000, 39, 1, 0
78000, 39, 1, 0
79001, 40, 1, 0
80000, 39, 1, 0
81000, 39, 1, 0
82000, 39, 1, 0
83001, 38, 1, 0
84000, 39, 1, 0
85000, 39, 1, 0
86000, 39, 1, 0
87000, 39, 1, 0
88000, 39, 1, 0
89000, 39, 1, 0
90000, 39, 1, 0
91000, 39, 1, 0
92000, 39, 1, 0
93000, 39, 1, 0
94001, 38, 1, 0
95000, 39, 1, 0
96000, 39, 1, 0
97000, 39, 1, 0
98000, 39, 1, 0
99001, 38, 1, 0
100000, 39, 1, 0
101000, 38, 1, 0
102000, 39, 1, 0
103000, 39, 1, 0
104000, 39, 1, 0
105000, 42, 1, 0
106000, 39, 1, 0
107000, 39, 1, 0
108000, 39, 1, 0
109000, 39, 1, 0
110000, 39, 1, 0
111000, 39, 1, 0
112000, 39, 1, 0
113000, 39, 1, 0
114000, 39, 1, 0
115000, 38, 1, 0
116000, 39, 1, 0
117000, 39, 1, 0
118000, 39, 1, 0
119000, 39, 1, 0
120000, 39, 1, 0
121000, 39, 1, 0
122000, 39, 1, 0
123000, 39, 1, 0
124000, 39, 1, 0
125000, 39, 1, 0
126000, 39, 1, 0
127000, 39, 1, 0
128000, 39, 1, 0
129000, 39, 1, 0
130000, 39, 1, 0
131000, 41, 1, 0
132000, 6, 1, 0
144000, 8, 1, 0
145001, 38, 1, 0
146000, 39, 1, 0
147000, 39, 1, 0
148000, 39, 1, 0
149000, 39, 1, 0
150000, 15, 1, 0
166000, 19, 1, 0
167000, 39, 1, 0
168000, 39, 1, 0
169000, 39, 1, 0
170000, 33, 1, 0
186000, 31, 1, 0
187000, 39, 1, 0
188000, 39, 1, 0
189000, 39, 1, 0
190000, 39, 1, 0
191000, 39, 1, 0
192000, 39, 1, 0
193000, 39, 1, 0
194001, 36, 1, 0
