39579, 25664638, 1, 0
39604, 25656662, 1, 0
39630, 25679580, 1, 0
39656, 25661780, 1, 0
39681, 25659737, 1, 0
39707, 25653779, 1, 0
39733, 25657851, 1, 0
39758, 25659701, 1, 0
39784, 25623190, 1, 0
39809, 25654576, 1, 0
39835, 25656406, 1, 0
39861, 25651477, 1, 0
39886, 25655253, 1, 0
39912, 25621138, 1, 0
39938, 25658773, 1, 0
39963, 25656356, 1, 0
39989, 25658586, 1, 0
40015, 25617534, 1, 0
40040, 25699737, 1, 0
40066, 25657527, 1, 0
40092, 25655724, 1, 0
40117, 25656637, 1, 0
40143, 25654338, 1, 0
40169, 25653455, 1, 0
40194, 25626744, 1, 0
40220, 25656418, 1, 0
40246, 25658343, 1, 0
40271, 25656390, 1, 0
40297, 25674374, 1, 0
40323, 25669472, 1, 0
40348, 25623980, 1, 0
40374, 25670367, 1, 0
40400, 25671647, 1, 0
40425, 25656781, 1, 0
40451, 25619761, 1, 0
40477, 25659453, 1, 0
40502, 25655773, 1, 0
40528, 25660748, 1, 0
40554, 25656786, 1, 0
40579, 25657372, 1, 0
41015, 25655731, 1, 0
42016, 25653250, 1, 0
43016, 25653235, 1, 0
44003, 24661322, 1, 0
45012, 24188172, 1, 0
46012, 25655460, 1, 0
47013, 25652549, 1, 0
48013, 25649203, 1, 0
49014, 25651779, 1, 0
50014, 25652336, 1, 0
51015, 25652865, 1, 0
52015, 25652725, 1, 0
53016, 25653381, 1, 0
54016, 25656225, 1, 0
55017, 25652940, 1, 0
56018, 25656183, 1, 0
57018, 25655022, 1, 0
58019, 25654030, 1, 0
59019, 25651577, 1, 0
60020, 25654825, 1, 0
61021, 25655217, 1, 0
62021, 25651676, 1, 0
63021, 25648678, 1, 0
64022, 25651212, 1, 0
65022, 25652065, 1, 0
66023, 25652023, 1, 0
67023, 25648760, 1, 0
68024, 25648057, 1, 0
69024, 25650847, 1, 0
70024, 25627529, 1, 0
71005, 25146709, 1, 0
72005, 25650723, 1, 0
73006, 25650211, 1, 0
74006, 25650874, 1, 0
75007, 25665999, 1, 0
76008, 25650559, 1, 0
77008, 25651844, 1, 0
78009, 25650905, 1, 0
79009, 25650941, 1, 0
80010, 25653612, 1, 0
81010, 25652804, 1, 0
82011, 25650129, 1, 0
83011, 25651268, 1, 0
84012, 25655049, 1, 0
85012, 25650817, 1, 0
86013, 25653501, 1, 0
87013, 25652698, 1, 0
88014, 25651914, 1, 0
89014, 25649200, 1, 0
90015, 25652984, 1, 0
91015, 25655129, 1, 0
92016, 25652729, 1, 0
93016, 25653540, 1, 0
94017, 25650992, 1, 0
95017, 25651720, 1, 0
96018, 25650020, 1, 0
97021, 25139954, 1, 0
98022, 25646456, 1, 0
99022, 25651807, 1, 0
100022, 25647037, 1, 0
101023, 25651033, 1, 0
102023, 25650101, 1, 0
103024, 25650982, 1, 0
104024, 25649569, 1, 0
105024, 25646599, 1, 0
106025, 25646828, 1, 0
107000, 25651713, 1, 0
108000, 25648363, 1, 0
109000, 25646229, 1, 0
110000, 25646106, 1, 0
111001, 25648895, 1, 0
112001, 25651043, 1, 0
113002, 25646128, 1, 0
114002, 25651938, 1, 0
115002, 25648707, 1, 0
116003, 25653336, 1, 0
117004, 25655978, 1, 0
118004, 25651502, 1, 0
119005, 25653886, 1, 0
120005, 25650532, 1, 0
121005, 25649166, 1, 0
122006, 25650706, 1, 0
127570, 24659657, 1, 0
127595, 25692567, 1, 0
134600, 25659866, 1, 0
134626, 25651892, 1, 0
134651, 25655260, 1, 0
134677, 25655212, 1, 0
134703, 25654775, 1, 0
134728, 25653779, 1, 0
134754, 25653449, 1, 0
134780, 25652940, 1, 0
134805, 25653308, 1, 0
134831, 25657454, 1, 0
135011, 25657150, 1, 0
136011, 25652892, 1, 0
137012, 25661597, 1, 0
149015, 25657450, 1, 0
149041, 25596175, 1, 0
149067, 25597596, 1, 0
149092, 25573274, 1, 0
149118, 25624508, 1, 0
149143, 25596279, 1, 0
149169, 25598733, 1, 0
149195, 25597244, 1, 0
149220, 25597332, 1, 0
149246, 25597807, 1, 0
149271, 25598803, 1, 0
149323, 25654322, 1, 0
150015, 25651610, 1, 0
151016, 25649391, 1, 0
152016, 25653069, 1, 0
153017, 25649009, 1, 0
154017, 25650235, 1, 0
155017, 25649246, 1, 0
156018, 25647134, 1, 0
157018, 25651620, 1, 0
158019, 25651805, 1, 0
159019, 25648467, 1, 0
160020, 25653067, 1, 0
161020, 25650609, 1, 0
162020, 25650140, 1, 0
163021, 25648038, 1, 0
164021, 25647741, 1, 0
165022, 25654097, 1, 0
166022, 25652412, 1, 0
167023, 25653379, 1, 0
168023, 25653963, 1, 0
169024, 25654882, 1, 0
170025, 25655500, 1, 0
171025, 25653424, 1, 0
172000, 25651569, 1, 0
173000, 25650753, 1, 0
174001, 25655773, 1, 0
175002, 25650664, 1, 0
176013, 25275166, 1, 0
177013, 25653590, 1, 0
178014, 25666071, 1, 0
179015, 25651945, 1, 0
180016, 25662620, 1, 0
181016, 25651753, 1, 0
182017, 25648805, 1, 0
183017, 25657409, 1, 0
184018, 25654935, 1, 0
185017, 25623699, 1, 0
186017, 25622812, 1, 0
187016, 25621739, 1, 0
188015, 25622134, 1, 0
189015, 25621533, 1, 0
190015, 25636453, 1, 0
191015, 25649848, 1, 0
192016, 25653842, 1, 0
193016, 25651665, 1, 0
194016, 25644388, 1, 0
195017, 25652643, 1, 0
196018, 25660563, 1, 0
197018, 25655817, 1, 0
198019, 25653703, 1, 0
199019, 25649204, 1, 0
200020, 25647852, 1, 0
