1000, 398691, 1, 0
2000, 399039, 1, 0
3000, 398148, 1, 0
4000, 398687, 1, 0
5000, 400116, 1, 0
6000, 252725, 1, 0
7000, 208610, 1, 0
8000, 210202, 1, 0
9000, 208236, 1, 0
10000, 287078, 1, 0
11000, 398472, 1, 0
12000, 399130, 1, 0
13000, 399539, 1, 0
14000, 398848, 1, 0
15000, 324941, 1, 0
16000, 206540, 1, 0
17000, 207069, 1, 0
18000, 207695, 1, 0
19000, 230574, 1, 0
20000, 399232, 1, 0
21000, 398283, 1, 0
22000, 398855, 1, 0
23000, 397567, 1, 0
24000, 398557, 1, 0
25000, 235193, 1, 0
26000, 206732, 1, 0
27000, 208510, 1, 0
28000, 210929, 1, 0
29000, 323663, 1, 0
30000, 397199, 1, 0
31000, 399514, 1, 0
32000, 399138, 1, 0
33000, 399877, 1, 0
34000, 295901, 1, 0
35000, 207181, 1, 0
36000, 206339, 1, 0
37000, 206404, 1, 0
38000, 250663, 1, 0
39000, 400046, 1, 0
40000, 399088, 1, 0
41000, 399002, 1, 0
42000, 398811, 1, 0
43000, 400729, 1, 0
44000, 209677, 1, 0
45000, 208011, 1, 0
46000, 210901, 1, 0
47000, 207548, 1, 0
48000, 376516, 1, 0
49000, 398885, 1, 0
50000, 398314, 1, 0
51000, 397569, 1, 0
52000, 399669, 1, 0
53000, 266599, 1, 0
54000, 206801, 1, 0
55000, 208608, 1, 0
56000, 206570, 1, 0
57000, 278371, 1, 0
58000, 399613, 1, 0
59000, 401232, 1, 0
60000, 399893, 1, 0
61000, 396683, 1, 0
62000, 356205, 1, 0
63000, 207552, 1, 0
64000, 207693, 1, 0
65000, 208591, 1, 0
66000, 218336, 1, 0
67000, 398771, 1, 0
68000, 399277, 1, 0
69000, 401266, 1, 0
70000, 399059, 1, 0
71000, 399049, 1, 0
72000, 244998, 1, 0
73000, 208952, 1, 0
74000, 208287, 1, 0
75000, 207480, 1, 0
76000, 305852, 1, 0
77000, 399038, 1, 0
78000, 397840, 1, 0
79000, 399397, 1, 0
80000, 399183, 1, 0
81000, 329195, 1, 0
82000, 207066, 1, 0
83000, 211345, 1, 0
84000, 207502, 1, 0
85000, 232121, 1, 0
86000, 398899, 1, 0
87000, 399356, 1, 0
88000, 399103, 1, 0
89000, 397798, 1, 0
90000, 397927, 1, 0
91000, 227607, 1, 0
92000, 206278, 1, 0
93000, 210341, 1, 0
94000, 206621, 1, 0
95000, 339700, 1, 0
96000, 399096, 1, 0
97000, 399047, 1, 0
98000, 398614, 1, 0
99000, 400542, 1, 0
100000, 300831, 1, 0
101000, 206822, 1, 0
102000, 207782, 1, 0
103000, 208600, 1, 0
104000, 209347, 1, 0
105000, 208853, 1, 0
106000, 207751, 1, 0
107000, 209006, 1, 0
108000, 208510, 1, 0
109000, 211034, 1, 0
110000, 207523, 1, 0
111000, 208279, 1, 0
112000, 208690, 1, 0
113000, 208899, 1, 0
114000, 206882, 1, 0
115000, 208967, 1, 0
116000, 207870, 1, 0
117000, 207586, 1, 0
118000, 207549, 1, 0
119000, 208440, 1, 0
120000, 207463, 1, 0
121000, 209315, 1, 0
122000, 207076, 1, 0
123000, 208633, 1, 0
124000, 207499, 1, 0
125000, 208012, 1, 0
126000, 208667, 1, 0
127000, 209291, 1, 0
128000, 208848, 1, 0
129000, 208389, 1, 0
130000, 207065, 1, 0
131000, 208370, 1, 0
132000, 207313, 1, 0
133000, 208693, 1, 0
134000, 207600, 1, 0
135000, 208966, 1, 0
136000, 207314, 1, 0
137000, 207289, 1, 0
138000, 208344, 1, 0
139000, 207591, 1, 0
140000, 207486, 1, 0
141000, 207936, 1, 0
142000, 207233, 1, 0
143000, 208256, 1, 0
144000, 206922, 1, 0
145000, 208511, 1, 0
146000, 206980, 1, 0
147000, 209570, 1, 0
148000, 207440, 1, 0
149000, 208785, 1, 0
150000, 209418, 1, 0
151000, 207349, 1, 0
152000, 207363, 1, 0
153000, 208595, 1, 0
154000, 206630, 1, 0
155000, 211757, 1, 0
156000, 219520, 1, 0
157000, 226162, 1, 0
158000, 224433, 1, 0
159000, 227914, 1, 0
160000, 218376, 1, 0
161000, 220072, 1, 0
162000, 214365, 1, 0
163000, 209736, 1, 0
164000, 210166, 1, 0
165000, 214132, 1, 0
166000, 207598, 1, 0
167000, 207884, 1, 0
168000, 209520, 1, 0
169000, 212436, 1, 0
170000, 207458, 1, 0
171000, 207088, 1, 0
172000, 206301, 1, 0
173000, 207934, 1, 0
174000, 207726, 1, 0
175000, 207474, 1, 0
176000, 208215, 1, 0
177000, 206778, 1, 0
178000, 208961, 1, 0
179000, 207847, 1, 0
180000, 208368, 1, 0
181000, 207669, 1, 0
182000, 208030, 1, 0
183000, 208419, 1, 0
184000, 207721, 1, 0
185000, 207706, 1, 0
186000, 207362, 1, 0
187000, 206390, 1, 0
188000, 209405, 1, 0
189000, 207846, 1, 0
190000, 206654, 1, 0
191000, 206908, 1, 0
192000, 206245, 1, 0
193000, 208135, 1, 0
194000, 207207, 1, 0
195000, 210028, 1, 0
196000, 207844, 1, 0
197000, 208966, 1, 0
198000, 207878, 1, 0
199000, 207812, 1, 0
200000, 207557, 1, 0
