34186, 25681187, 1, 0
34212, 25661015, 1, 0
34237, 25656766, 1, 0
34263, 25658770, 1, 0
34289, 25662279, 1, 0
34314, 25660954, 1, 0
34340, 25656370, 1, 0
34366, 25660587, 1, 0
34391, 25671097, 1, 0
34417, 25667540, 1, 0
34443, 25678050, 1, 0
34468, 25683611, 1, 0
34494, 25655763, 1, 0
34520, 25659639, 1, 0
34545, 25656610, 1, 0
34571, 25656786, 1, 0
34597, 25673673, 1, 0
34622, 25657796, 1, 0
34648, 25656760, 1, 0
34674, 25660406, 1, 0
34699, 25656096, 1, 0
34725, 25655683, 1, 0
34751, 25662843, 1, 0
40626, 25665396, 1, 0
40652, 25654753, 1, 0
40678, 25653244, 1, 0
40703, 25658903, 1, 0
40729, 25666299, 1, 0
40755, 25656455, 1, 0
40780, 25656815, 1, 0
40806, 25656811, 1, 0
40832, 25670435, 1, 0
40857, 25655692, 1, 0
40883, 25658707, 1, 0
40909, 25629333, 1, 0
40934, 25659597, 1, 0
40960, 25657166, 1, 0
40986, 25658326, 1, 0
41011, 25664016, 1, 0
41037, 25664234, 1, 0
41063, 25655493, 1, 0
42012, 25656027, 1, 0
49302, 25661732, 1, 0
53793, 25660468, 1, 0
53819, 25657816, 1, 0
53845, 25663604, 1, 0
53870, 25659037, 1, 0
53896, 25626339, 1, 0
53922, 25655314, 1, 0
53947, 25673519, 1, 0
53973, 25657828, 1, 0
53999, 25662065, 1, 0
54024, 25657503, 1, 0
54050, 25659104, 1, 0
55025, 25657396, 1, 0
56003, 23217502, 1, 0
57003, 25656185, 1, 0
58004, 25658219, 1, 0
59005, 25650905, 1, 0
60005, 25652678, 1, 0
61006, 25654139, 1, 0
62006, 25655870, 1, 0
63007, 25653662, 1, 0
64008, 25655655, 1, 0
65008, 25654999, 1, 0
66009, 25653556, 1, 0
67009, 25651086, 1, 0
68010, 25649066, 1, 0
69010, 25648018, 1, 0
70010, 25653947, 1, 0
71011, 25650498, 1, 0
72011, 25649069, 1, 0
73012, 25652170, 1, 0
74012, 25647731, 1, 0
75013, 25650876, 1, 0
76013, 25649891, 1, 0
77014, 25656060, 1, 0
78014, 25646346, 1, 0
79014, 25646573, 1, 0
80015, 25651582, 1, 0
81015, 25649461, 1, 0
82014, 25618547, 1, 0
83015, 25648787, 1, 0
84015, 25652185, 1, 0
85016, 25651524, 1, 0
86016, 25650457, 1, 0
87016, 25649691, 1, 0
88017, 25650257, 1, 0
89017, 25650027, 1, 0
90018, 25651959, 1, 0
91018, 25652434, 1, 0
92019, 25648765, 1, 0
93019, 25652685, 1, 0
94020, 25649976, 1, 0
95020, 25649991, 1, 0
96020, 25652167, 1, 0
97021, 25650043, 1, 0
98021, 25654298, 1, 0
99022, 25650970, 1, 0
100022, 25651972, 1, 0
101023, 25656517, 1, 0
102024, 25662554, 1, 0
103024, 25653527, 1, 0
104025, 25649497, 1, 0
105000, 25649192, 1, 0
106000, 25649224, 1, 0
107000, 25647278, 1, 0
108001, 25649514, 1, 0
109000, 25633568, 1, 0
110001, 25658970, 1, 0
111002, 25660899, 1, 0
112003, 25653696, 1, 0
113003, 25652531, 1, 0
114004, 25652877, 1, 0
115004, 25655400, 1, 0
116005, 25654048, 1, 0
117005, 25648583, 1, 0
118006, 25648565, 1, 0
119006, 25651280, 1, 0
120007, 25651110, 1, 0
121007, 25648880, 1, 0
122007, 25652600, 1, 0
123008, 25650596, 1, 0
124008, 25650238, 1, 0
125009, 25653622, 1, 0
126009, 25646873, 1, 0
127010, 25652678, 1, 0
128010, 25651187, 1, 0
129011, 25653108, 1, 0
130011, 25651878, 1, 0
131012, 25650617, 1, 0
132012, 25646558, 1, 0
133012, 25651278, 1, 0
134012, 25639521, 1, 0
144860, 25611595, 1, 0
157714, 25678584, 1, 0
157740, 25638917, 1, 0
157766, 25661132, 1, 0
157791, 25632718, 1, 0
157817, 25663595, 1, 0
157843, 25657458, 1, 0
157868, 25655048, 1, 0
157894, 25633565, 1, 0
157920, 25629485, 1, 0
157945, 25624480, 1, 0
157971, 25658924, 1, 0
157997, 25659986, 1, 0
158022, 25657993, 1, 0
158048, 25661554, 1, 0
158074, 25655300, 1, 0
158099, 25690859, 1, 0
158125, 25661988, 1, 0
158151, 25654848, 1, 0
158176, 25628522, 1, 0
158202, 25692341, 1, 0
158228, 25672229, 1, 0
158253, 25668182, 1, 0
158279, 25660010, 1, 0
159023, 25651674, 1, 0
160024, 25657557, 1, 0
161023, 25462039, 1, 0
162024, 25652154, 1, 0
163024, 25646450, 1, 0
164024, 25648425, 1, 0
165024, 25640329, 1, 0
166025, 25647174, 1, 0
167025, 25635772, 1, 0
168025, 25641573, 1, 0
169000, 25653977, 1, 0
170000, 25654474, 1, 0
171001, 25652829, 1, 0
172001, 25650969, 1, 0
173002, 25651655, 1, 0
174002, 25652645, 1, 0
175003, 25654723, 1, 0
176003, 25652256, 1, 0
177004, 25652734, 1, 0
178004, 25647944, 1, 0
179005, 25650899, 1, 0
180005, 25649437, 1, 0
181005, 25646714, 1, 0
182006, 25653098, 1, 0
183006, 25650304, 1, 0
184007, 25652386, 1, 0
185007, 25648814, 1, 0
186007, 25645259, 1, 0
187008, 25657210, 1, 0
188013, 25641224, 1, 0
189013, 25648859, 1, 0
190012, 25626489, 1, 0
191014, 25679061, 1, 0
192014, 25630623, 1, 0
193014, 25653008, 1, 0
194015, 25651658, 1, 0
195015, 25652550, 1, 0
196016, 25651932, 1, 0
197016, 25649200, 1, 0
198016, 25648498, 1, 0
199017, 25651017, 1, 0
200017, 25652384, 1, 0
