1291, 846718, 1, 0
7126, 851977, 1, 0
7127, 814357, 1, 0
7128, 830300, 1, 0
7129, 812596, 1, 0
7129, 814908, 1, 0
7130, 814529, 1, 0
8301, 819763, 1, 0
9353, 838531, 1, 0
10319, 833907, 1, 0
11896, 849401, 1, 0
12401, 821531, 1, 0
16716, 840987, 1, 0
16717, 848319, 1, 0
16718, 852172, 1, 0
16719, 853831, 1, 0
17350, 842897, 1, 0
18285, 844804, 1, 0
19960, 846474, 1, 0
20000, 830878, 1, 0
24348, 842372, 1, 0
24349, 851856, 1, 0
24350, 852440, 1, 0
24351, 862042, 1, 0
25000, 849993, 1, 0
27676, 849584, 1, 0
27676, 853158, 1, 0
28947, 841457, 1, 0
29000, 847572, 1, 0
31690, 845129, 1, 0
31691, 853675, 1, 0
32764, 853034, 1, 0
35008, 840663, 1, 0
35009, 825852, 1, 0
35010, 852514, 1, 0
38484, 841401, 1, 0
38484, 853905, 1, 0
38485, 851458, 1, 0
40273, 856151, 1, 0
40274, 851511, 1, 0
42842, 847539, 1, 0
42843, 854974, 1, 0
43000, 847121, 1, 0
44720, 834420, 1, 0
46250, 846627, 1, 0
46251, 854277, 1, 0
47526, 842653, 1, 0
49442, 849182, 1, 0
49443, 850483, 1, 0
50083, 849145, 1, 0
51233, 857407, 1, 0
53033, 845441, 1, 0
53034, 856756, 1, 0
55943, 850611, 1, 0
55944, 857280, 1, 0
56000, 842998, 1, 0
57434, 843116, 1, 0
58377, 835384, 1, 0
59000, 841590, 1, 0
64135, 845055, 1, 0
64136, 816892, 1, 0
64137, 819464, 1, 0
64137, 815515, 1, 0
64138, 813675, 1, 0
69692, 843137, 1, 0
69693, 853375, 1, 0
69694, 853018, 1, 0
69695, 851128, 1, 0
69695, 818500, 1, 0
70514, 839952, 1, 0
72415, 833163, 1, 0
72416, 815140, 1, 0
73612, 854861, 1, 0
74000, 843247, 1, 0
77176, 814435, 1, 0
77176, 834407, 1, 0
77177, 815774, 1, 0
79241, 845180, 1, 0
79242, 813739, 1, 0
80272, 845485, 1, 0
81169, 845330, 1, 0
82158, 816844, 1, 0
83827, 853111, 1, 0
85769, 819878, 1, 0
85771, 1645297, 1, 0
86781, 854090, 1, 0
87971, 848098, 1, 0
89504, 842740, 1, 0
89505, 851570, 1, 0
91683, 836039, 1, 0
91684, 853750, 1, 0
92203, 847641, 1, 0
93000, 837160, 1, 0
97286, 883302, 1, 0
97287, 821724, 1, 0
97288, 820803, 1, 0
97289, 817808, 1, 0
98670, 820905, 1, 0
100233, 849300, 1, 0
100234, 816835, 1, 0
101041, 845860, 1, 0
103131, 825483, 1, 0
103131, 827675, 1, 0
105468, 840644, 1, 0
105469, 852327, 1, 0
106334, 851748, 1, 0
107743, 842598, 1, 0
108847, 847232, 1, 0
111302, 848645, 1, 0
111303, 818296, 1, 0
111304, 854985, 1, 0
115173, 838382, 1, 0
115174, 812781, 1, 0
115175, 816479, 1, 0
115176, 812078, 1, 0
116671, 822621, 1, 0
118883, 851310, 1, 0
118884, 852383, 1, 0
119760, 843368, 1, 0
120000, 848253, 1, 0
121827, 836416, 1, 0
123175, 814342, 1, 0
123176, 817062, 1, 0
124425, 849934, 1, 0
126715, 844972, 1, 0
126716, 820509, 1, 0
127653, 827243, 1, 0
129177, 844605, 1, 0
129177, 812256, 1, 0
130000, 823505, 1, 0
131164, 849960, 1, 0
132721, 847034, 1, 0
133792, 852772, 1, 0
135443, 852819, 1, 0
139667, 853030, 1, 0
139668, 815319, 1, 0
139669, 854607, 1, 0
139670, 860099, 1, 0
139671, 852450, 1, 0
140754, 846615, 1, 0
141483, 839705, 1, 0
142442, 831182, 1, 0
143054, 818267, 1, 0
144558, 819995, 1, 0
146260, 848496, 1, 0
146260, 813698, 1, 0
147000, 820548, 1, 0
148340, 829951, 1, 0
150062, 829658, 1, 0
150063, 813042, 1, 0
155397, 820582, 1, 0
155398, 816962, 1, 0
155399, 814123, 1, 0
155400, 815546, 1, 0
155400, 813777, 1, 0
156281, 837393, 1, 0
157185, 836914, 1, 0
159552, 833171, 1, 0
159553, 849635, 1, 0
160701, 846942, 1, 0
161123, 848584, 1, 0
162337, 841424, 1, 0
163078, 869433, 1, 0
164000, 849995, 1, 0
165319, 842106, 1, 0
166582, 813360, 1, 0
167000, 837002, 1, 0
168279, 830426, 1, 0
169139, 827451, 1, 0
170000, 821794, 1, 0
171126, 851128, 1, 0
173283, 816358, 1, 0
173283, 822575, 1, 0
174028, 839129, 1, 0
175140, 844497, 1, 0
176121, 831008, 1, 0
177996, 821767, 1, 0
178000, 814309, 1, 0
179792, 838636, 1, 0
180705, 813408, 1, 0
181475, 849841, 1, 0
182000, 830178, 1, 0
183821, 822496, 1, 0
186683, 846202, 1, 0
186684, 817055, 1, 0
186685, 816884, 1, 0
187058, 816949, 1, 0
188000, 813972, 1, 0
189864, 825601, 1, 0
190090, 835922, 1, 0
192343, 817900, 1, 0
192344, 812250, 1, 0
193632, 811209, 1, 0
197521, 812498, 1, 0
197521, 814691, 1, 0
197522, 813398, 1, 0
197523, 813022, 1, 0
198767, 813463, 1, 0
200215, 815508, 1, 0
200216, 819830, 1, 0
201102, 854679, 1, 0
202000, 823875, 1, 0
203161, 814145, 1, 0
204584, 818810, 1, 0
205000, 812459, 1, 0
209136, 814491, 1, 0
209136, 812691, 1, 0
209137, 812690, 1, 0
209138, 811877, 1, 0
210942, 821226, 1, 0
211000, 823056, 1, 0
212075, 812513, 1, 0
213070, 846272, 1, 0
215606, 826256, 1, 0
215607, 888337, 1, 0
218068, 821912, 1, 0
218069, 821279, 1, 0
218069, 822275, 1, 0
219000, 813462, 1, 0
220419, 820031, 1, 0
221000, 813319, 1, 0
222326, 821373, 1, 0
223110, 828354, 1, 0
224177, 865123, 1, 0
225090, 823363, 1, 0
226350, 822725, 1, 0
227186, 810882, 1, 0
228182, 814709, 1, 0
229707, 815730, 1, 0
230000, 812445, 1, 0
231348, 820123, 1, 0
232000, 814474, 1, 0
233780, 816749, 1, 0
234000, 828042, 1, 0
236591, 815946, 1, 0
236592, 811740, 1, 0
237000, 830564, 1, 0
238335, 818078, 1, 0
241502, 815187, 1, 0
241503, 855006, 1, 0
241504, 815734, 1, 0
242225, 819756, 1, 0
243204, 841296, 1, 0
244115, 853471, 1, 0
246157, 817386, 1, 0
246158, 813232, 1, 0
247000, 815383, 1, 0
248075, 825290, 1, 0
249106, 898647, 1, 0
250833, 818557, 1, 0
251329, 814041, 1, 0
252113, 824886, 1, 0
253440, 816759, 1, 0
254329, 844525, 1, 0
255467, 812901, 1, 0
257938, 828285, 1, 0
257938, 812787, 1, 0
258292, 814889, 1, 0
259421, 821140, 1, 0
260425, 816374, 1, 0
261139, 825982, 1, 0
262020, 817681, 1, 0
263209, 816772, 1, 0
265795, 900296, 1, 0
265796, 916459, 1, 0
266229, 823533, 1, 0
267191, 819835, 1, 0
268240, 818149, 1, 0
269000, 813173, 1, 0
270169, 824875, 1, 0
271648, 814268, 1, 0
272860, 815138, 1, 0
273000, 814532, 1, 0
274000, 827460, 1, 0
275000, 815242, 1, 0
276000, 826024, 1, 0
277000, 817470, 1, 0
278000, 816120, 1, 0
279000, 814154, 1, 0
280000, 813098, 1, 0
281000, 817641, 1, 0
282000, 817973, 1, 0
283000, 813590, 1, 0
284000, 825282, 1, 0
285000, 818009, 1, 0
286000, 821999, 1, 0
287000, 818327, 1, 0
288000, 830232, 1, 0
289000, 819834, 1, 0
290000, 819288, 1, 0
291000, 816814, 1, 0
292000, 826251, 1, 0
293000, 819021, 1, 0
294000, 838618, 1, 0
295000, 815619, 1, 0
296000, 815529, 1, 0
297000, 818748, 1, 0
298000, 813084, 1, 0
299000, 816862, 1, 0
300000, 814664, 1, 0
301000, 817974, 1, 0
302000, 829783, 1, 0
303000, 817206, 1, 0
304000, 829378, 1, 0
305000, 821593, 1, 0
306000, 817559, 1, 0
307000, 824644, 1, 0
308000, 812770, 1, 0
309000, 817359, 1, 0
310000, 815464, 1, 0
311000, 816484, 1, 0
312000, 816492, 1, 0
313000, 814860, 1, 0
314000, 826477, 1, 0
315000, 815842, 1, 0
316000, 813497, 1, 0
317000, 814537, 1, 0
318000, 816069, 1, 0
319000, 814266, 1, 0
320000, 814716, 1, 0
321000, 814459, 1, 0
322000, 819302, 1, 0
323000, 821443, 1, 0
324000, 833644, 1, 0
325000, 820149, 1, 0
326000, 831864, 1, 0
327000, 823062, 1, 0
328000, 823719, 1, 0
329000, 817779, 1, 0
330000, 820531, 1, 0
331000, 815081, 1, 0
332000, 830715, 1, 0
333000, 821078, 1, 0
334000, 832702, 1, 0
335000, 820393, 1, 0
336000, 815844, 1, 0
337000, 822311, 1, 0
338000, 819859, 1, 0
339000, 816488, 1, 0
340000, 815601, 1, 0
341000, 815452, 1, 0
342000, 817579, 1, 0
343000, 817942, 1, 0
344000, 833508, 1, 0
345000, 814848, 1, 0
346000, 818638, 1, 0
347000, 818144, 1, 0
348000, 817486, 1, 0
349000, 814557, 1, 0
350000, 817304, 1, 0
351000, 822107, 1, 0
352000, 817974, 1, 0
353000, 819351, 1, 0
354000, 821913, 1, 0
355000, 815360, 1, 0
356000, 823629, 1, 0
357000, 822474, 1, 0
358000, 817927, 1, 0
359000, 814151, 1, 0
360000, 815342, 1, 0
361000, 813886, 1, 0
362000, 819879, 1, 0
363000, 821113, 1, 0
364000, 832908, 1, 0
365000, 825540, 1, 0
366000, 818374, 1, 0
367000, 814314, 1, 0
368000, 819262, 1, 0
369000, 819080, 1, 0
370000, 811874, 1, 0
371000, 819108, 1, 0
372000, 823318, 1, 0
373000, 816953, 1, 0
374000, 828331, 1, 0
375000, 814611, 1, 0
376000, 817996, 1, 0
377000, 831207, 1, 0
378000, 822071, 1, 0
379000, 815019, 1, 0
380000, 826936, 1, 0
381000, 816687, 1, 0
382000, 826701, 1, 0
383000, 837896, 1, 0
384000, 835612, 1, 0
385000, 821416, 1, 0
386000, 817251, 1, 0
387000, 818667, 1, 0
388000, 820817, 1, 0
389000, 817275, 1, 0
390000, 820945, 1, 0
391000, 820749, 1, 0
392000, 821388, 1, 0
393000, 831085, 1, 0
394000, 824918, 1, 0
395000, 818539, 1, 0
396000, 825818, 1, 0
397000, 827012, 1, 0
398000, 816715, 1, 0
399000, 820384, 1, 0
400000, 815678, 1, 0
401000, 816246, 1, 0
402000, 822510, 1, 0
403000, 820549, 1, 0
404000, 827487, 1, 0
405000, 815072, 1, 0
406000, 815178, 1, 0
407000, 819827, 1, 0
408000, 816724, 1, 0
409000, 819169, 1, 0
410000, 833747, 1, 0
411000, 813600, 1, 0
412000, 825811, 1, 0
413000, 825988, 1, 0
414000, 828428, 1, 0
415000, 811638, 1, 0
416000, 825679, 1, 0
417000, 814270, 1, 0
418000, 815164, 1, 0
419000, 811063, 1, 0
420000, 816472, 1, 0
421000, 815284, 1, 0
422000, 820369, 1, 0
423000, 815678, 1, 0
424000, 831314, 1, 0
425000, 811369, 1, 0
426000, 821082, 1, 0
427000, 825667, 1, 0
428000, 830505, 1, 0
429000, 820737, 1, 0
430000, 822873, 1, 0
431000, 813500, 1, 0
432000, 819491, 1, 0
433000, 824075, 1, 0
434000, 822148, 1, 0
435000, 823779, 1, 0
436000, 816892, 1, 0
437000, 817806, 1, 0
438000, 816164, 1, 0
439000, 814801, 1, 0
440001, 815796, 1, 0
441000, 812196, 1, 0
442000, 815551, 1, 0
443000, 824562, 1, 0
444000, 827556, 1, 0
445000, 826613, 1, 0
446000, 813507, 1, 0
447000, 812920, 1, 0
448000, 815070, 1, 0
449000, 819033, 1, 0
450000, 816304, 1, 0
451000, 817357, 1, 0
452000, 827669, 1, 0
453000, 823558, 1, 0
454000, 820968, 1, 0
455000, 825484, 1, 0
456000, 819155, 1, 0
457000, 818199, 1, 0
458000, 823677, 1, 0
459000, 818955, 1, 0
460000, 820792, 1, 0
461000, 817073, 1, 0
462000, 816876, 1, 0
463000, 825714, 1, 0
464000, 830253, 1, 0
465000, 811596, 1, 0
466000, 815822, 1, 0
467000, 822866, 1, 0
468000, 816555, 1, 0
469000, 822897, 1, 0
470000, 823113, 1, 0
471000, 827751, 1, 0
472000, 824233, 1, 0
473000, 820913, 1, 0
474000, 830115, 1, 0
475000, 821631, 1, 0
476000, 817688, 1, 0
477000, 815557, 1, 0
478000, 820592, 1, 0
479000, 814304, 1, 0
480000, 821026, 1, 0
481000, 819492, 1, 0
482000, 816999, 1, 0
483000, 816246, 1, 0
484000, 833455, 1, 0
485000, 811772, 1, 0
486000, 814598, 1, 0
487000, 826471, 1, 0
488000, 826214, 1, 0
489000, 823602, 1, 0
490000, 817343, 1, 0
491000, 826596, 1, 0
492000, 819685, 1, 0
493000, 825304, 1, 0
494000, 822113, 1, 0
495000, 814184, 1, 0
496000, 818695, 1, 0
497000, 820186, 1, 0
498000, 826685, 1, 0
499000, 819487, 1, 0
500000, 811316, 1, 0
501000, 817998, 1, 0
502000, 812854, 1, 0
503000, 827871, 1, 0
504000, 828219, 1, 0
505000, 812759, 1, 0
506000, 810738, 1, 0
507000, 818103, 1, 0
508000, 816040, 1, 0
509000, 822753, 1, 0
510000, 813903, 1, 0
511000, 816613, 1, 0
512000, 818598, 1, 0
513000, 816461, 1, 0
514000, 831835, 1, 0
515000, 814649, 1, 0
516000, 816876, 1, 0
517000, 812647, 1, 0
518000, 823967, 1, 0
519000, 815005, 1, 0
520000, 817027, 1, 0
521000, 821321, 1, 0
522000, 819724, 1, 0
523000, 817818, 1, 0
524000, 825814, 1, 0
525000, 819808, 1, 0
526000, 833286, 1, 0
527000, 820543, 1, 0
528000, 819976, 1, 0
529000, 828634, 1, 0
530000, 816922, 1, 0
531000, 824298, 1, 0
532000, 827059, 1, 0
533000, 825816, 1, 0
534000, 834922, 1, 0
535000, 818249, 1, 0
536000, 812600, 1, 0
537000, 812361, 1, 0
538000, 818292, 1, 0
539000, 814639, 1, 0
540000, 814558, 1, 0
541000, 825868, 1, 0
542000, 822233, 1, 0
543000, 822140, 1, 0
544000, 825924, 1, 0
545000, 816975, 1, 0
546000, 817877, 1, 0
547000, 826039, 1, 0
548000, 827636, 1, 0
549000, 820604, 1, 0
550000, 816490, 1, 0
551000, 818174, 1, 0
552000, 830008, 1, 0
553000, 823175, 1, 0
554000, 826855, 1, 0
555000, 824879, 1, 0
556000, 815303, 1, 0
557000, 813794, 1, 0
558000, 822455, 1, 0
559000, 822108, 1, 0
560000, 818956, 1, 0
561000, 817405, 1, 0
562000, 819154, 1, 0
563000, 818799, 1, 0
564000, 825690, 1, 0
565000, 816081, 1, 0
566000, 810644, 1, 0
567000, 814529, 1, 0
568000, 816435, 1, 0
569000, 818372, 1, 0
570000, 819892, 1, 0
571000, 823097, 1, 0
572000, 829081, 1, 0
573000, 825476, 1, 0
574000, 827345, 1, 0
575000, 817848, 1, 0
576000, 815457, 1, 0
577000, 818979, 1, 0
578000, 837737, 1, 0
579000, 818998, 1, 0
580000, 814761, 1, 0
581000, 821311, 1, 0
582000, 826986, 1, 0
583000, 825255, 1, 0
584000, 826914, 1, 0
585000, 816949, 1, 0
586000, 816148, 1, 0
587000, 816540, 1, 0
588000, 820378, 1, 0
589000, 828320, 1, 0
590000, 831296, 1, 0
591000, 816808, 1, 0
592000, 817886, 1, 0
593000, 833016, 1, 0
594000, 832840, 1, 0
595000, 820103, 1, 0
596000, 822543, 1, 0
597000, 821159, 1, 0
598000, 813869, 1, 0
599000, 816418, 1, 0
600002, 822420, 1, 0
