17000, 256, 1, 0
18000, 128, 1, 0
28001, 4987, 1, 0
29000, 4992, 1, 0
30000, 2432, 1, 0
66000, 4480, 1, 0
67000, 128, 1, 0
71000, 640, 1, 0
72000, 4864, 1, 0
75001, 2813, 1, 0
76000, 4992, 1, 0
77000, 4992, 1, 0
78000, 4992, 1, 0
79000, 4992, 1, 0
80000, 4992, 1, 0
81000, 4992, 1, 0
82000, 4992, 1, 0
83000, 4352, 1, 0
109001, 767, 1, 0
110000, 4992, 1, 0
111000, 4992, 1, 0
112000, 4864, 1, 0
113000, 4992, 1, 0
114000, 2432, 1, 0
119000, 1920, 1, 0
120000, 4992, 1, 0
121001, 4987, 1, 0
122000, 4992, 1, 0
123000, 4992, 1, 0
124000, 4864, 1, 0
125000, 4992, 1, 0
126000, 4992, 1, 0
127000, 4992, 1, 0
128000, 4992, 1, 0
129000, 4992, 1, 0
130000, 4992, 1, 0
131000, 4992, 1, 0
132000, 4992, 1, 0
133000, 4992, 1, 0
134000, 4992, 1, 0
135000, 4992, 1, 0
136000, 4992, 1, 0
137000, 4992, 1, 0
138000, 4992, 1, 0
139000, 4992, 1, 0
140000, 4992, 1, 0
141000, 4992, 1, 0
142000, 4992, 1, 0
143000, 4992, 1, 0
144000, 4992, 1, 0
145000, 4992, 1, 0
146000, 4992, 1, 0
147000, 4992, 1, 0
148000, 4992, 1, 0
149000, 4992, 1, 0
150000, 4864, 1, 0
151001, 4987, 1, 0
152000, 4992, 1, 0
153000, 4992, 1, 0
154000, 4992, 1, 0
155000, 4992, 1, 0
156000, 4992, 1, 0
157000, 4992, 1, 0
158000, 4992, 1, 0
159000, 4992, 1, 0
160000, 4992, 1, 0
161000, 4992, 1, 0
162000, 4992, 1, 0
163000, 4992, 1, 0
164000, 4992, 1, 0
165000, 4992, 1, 0
166000, 4992, 1, 0
167001, 4987, 1, 0
168000, 4992, 1, 0
169001, 4987, 1, 0
170000, 4992, 1, 0
171000, 4992, 1, 0
172000, 4992, 1, 0
173000, 4992, 1, 0
174000, 4992, 1, 0
175000, 4992, 1, 0
176000, 4992, 1, 0
177000, 4992, 1, 0
178001, 4987, 1, 0
179000, 4992, 1, 0
180000, 4992, 1, 0
181000, 4992, 1, 0
182000, 4992, 1, 0
183000, 4992, 1, 0
184000, 4992, 1, 0
185000, 4992, 1, 0
186000, 4992, 1, 0
187000, 4992, 1, 0
188000, 4992, 1, 0
189000, 4992, 1, 0
190000, 4992, 1, 0
191000, 4992, 1, 0
192000, 4992, 1, 0
193000, 4992, 1, 0
194000, 4992, 1, 0
195000, 4992, 1, 0
196000, 4992, 1, 0
197000, 4992, 1, 0
198000, 4992, 1, 0
199000, 4992, 1, 0
200000, 4992, 1, 0
