1000, 1016, 1, 0
2000, 620, 1, 0
4000, 140, 1, 0
5000, 4612, 1, 0
7000, 3284, 1, 0
10000, 892, 1, 0
14000, 668, 1, 0
18000, 640, 1, 0
19000, 24, 1, 0
20000, 904, 1, 0
23000, 744, 1, 0
26001, 571, 1, 0
29000, 480, 1, 0
31000, 1120, 1, 0
33000, 72, 1, 0
36000, 960, 1, 0
38000, 1216, 1, 0
40001, 171, 1, 0
41000, 776, 1, 0
42000, 584, 1, 0
44000, 1584, 1, 0
45000, 16, 1, 0
49001, 1038, 1, 0
51000, 12, 1, 0
56001, 572, 1, 0
59000, 396, 1, 0
60000, 308, 1, 0
61001, 487, 1, 0
63000, 888, 1, 0
64000, 576, 1, 0
69000, 4, 1, 0
71000, 696, 1, 0
72000, 40, 1, 0
73000, 512, 1, 0
74000, 596, 1, 0
75000, 4, 1, 0
76001, 487, 1, 0
77000, 1020, 1, 0
81000, 764, 1, 0
82000, 48, 1, 0
83000, 4, 1, 0
85000, 560, 1, 0
86000, 88, 1, 0
87000, 436, 1, 0
88000, 776, 1, 0
89001, 1086, 1, 0
90000, 156, 1, 0
91000, 672, 1, 0
92001, 307, 1, 0
97000, 1376, 1, 0
99000, 588, 1, 0
101000, 512, 1, 0
103000, 908, 1, 0
104000, 52, 1, 0
105000, 1376, 1, 0
106000, 296, 1, 0
110000, 744, 1, 0
112000, 480, 1, 0
113000, 1268, 1, 0
115000, 628, 1, 0
117000, 1440, 1, 0
118000, 944, 1, 0
119000, 564, 1, 0
120000, 668, 1, 0
121000, 492, 1, 0
123000, 544, 1, 0
124002, 211, 1, 0
125000, 1480, 1, 0
128000, 748, 1, 0
129000, 1284, 1, 0
130000, 660, 1, 0
133001, 267, 1, 0
134000, 220, 1, 0
135000, 148, 1, 0
136000, 1700, 1, 0
138000, 708, 1, 0
142000, 708, 1, 0
144000, 976, 1, 0
145000, 248, 1, 0
146000, 968, 1, 0
148000, 764, 1, 0
149000, 492, 1, 0
150000, 380, 1, 0
151000, 516, 1, 0
153000, 848, 1, 0
154000, 236, 1, 0
155000, 764, 1, 0
156000, 52, 1, 0
158000, 500, 1, 0
159000, 636, 1, 0
160000, 984, 1, 0
161000, 564, 1, 0
163000, 36, 1, 0
165000, 540, 1, 0
167001, 831, 1, 0
171000, 524, 1, 0
172000, 36, 1, 0
173000, 1392, 1, 0
174001, 47, 1, 0
175000, 176, 1, 0
176000, 220, 1, 0
179000, 944, 1, 0
180000, 784, 1, 0
181001, 263, 1, 0
184001, 427, 1, 0
186000, 644, 1, 0
188000, 212, 1, 0
189000, 1516, 1, 0
190000, 1020, 1, 0
191000, 172, 1, 0
193000, 1672, 1, 0
196000, 2660, 1, 0
197000, 548, 1, 0
198000, 1228, 1, 0
199000, 528, 1, 0
200000, 424, 1, 0
201000, 244, 1, 0
202000, 336, 1, 0
203000, 4, 1, 0
204000, 376, 1, 0
205000, 796, 1, 0
207000, 28, 1, 0
209001, 3, 1, 0
210000, 272, 1, 0
211000, 56, 1, 0
212000, 560, 1, 0
213000, 620, 1, 0
215000, 480, 1, 0
216000, 652, 1, 0
217000, 1772, 1, 0
218000, 1284, 1, 0
219000, 316, 1, 0
220000, 1360, 1, 0
221000, 672, 1, 0
222001, 51, 1, 0
224000, 1408, 1, 0
225000, 344, 1, 0
226000, 420, 1, 0
227000, 1236, 1, 0
228000, 912, 1, 0
229001, 579, 1, 0
230000, 288, 1, 0
231000, 328, 1, 0
232000, 1708, 1, 0
233000, 168, 1, 0
234000, 356, 1, 0
235000, 264, 1, 0
237000, 1392, 1, 0
238000, 332, 1, 0
239000, 4, 1, 0
241000, 1780, 1, 0
242000, 556, 1, 0
243000, 332, 1, 0
244000, 320, 1, 0
246000, 56, 1, 0
247000, 908, 1, 0
248000, 1200, 1, 0
249000, 768, 1, 0
250000, 276, 1, 0
251000, 788, 1, 0
253000, 1068, 1, 0
254000, 688, 1, 0
255000, 1916, 1, 0
256000, 388, 1, 0
258000, 1736, 1, 0
259000, 1372, 1, 0
260000, 280, 1, 0
261000, 748, 1, 0
262000, 592, 1, 0
263000, 1112, 1, 0
264000, 968, 1, 0
265000, 604, 1, 0
266000, 200, 1, 0
269000, 716, 1, 0
271000, 1568, 1, 0
272000, 120, 1, 0
273000, 320, 1, 0
274000, 160, 1, 0
276001, 83, 1, 0
277000, 36, 1, 0
278000, 1276, 1, 0
279000, 460, 1, 0
280000, 608, 1, 0
281000, 364, 1, 0
282000, 388, 1, 0
283000, 916, 1, 0
284000, 1220, 1, 0
285000, 1264, 1, 0
286000, 584, 1, 0
287001, 1234, 1, 0
288000, 2248, 1, 0
289000, 396, 1, 0
290000, 748, 1, 0
291000, 752, 1, 0
292000, 1220, 1, 0
293000, 640, 1, 0
294000, 824, 1, 0
295000, 20, 1, 0
296000, 140, 1, 0
298001, 775, 1, 0
299000, 1436, 1, 0
300000, 8, 1, 0
301000, 1236, 1, 0
302000, 556, 1, 0
303000, 724, 1, 0
304000, 1184, 1, 0
305001, 515, 1, 0
306000, 124, 1, 0
307000, 1096, 1, 0
308000, 924, 1, 0
309000, 960, 1, 0
310000, 16, 1, 0
311000, 16, 1, 0
312000, 672, 1, 0
313000, 60, 1, 0
314000, 556, 1, 0
315000, 1968, 1, 0
316000, 2264, 1, 0
317000, 1344, 1, 0
318000, 1188, 1, 0
320000, 1336, 1, 0
321000, 96, 1, 0
322000, 596, 1, 0
323000, 1300, 1, 0
324000, 1028, 1, 0
325000, 748, 1, 0
327000, 2236, 1, 0
328000, 584, 1, 0
329000, 968, 1, 0
330000, 1360, 1, 0
331000, 3172, 1, 0
332000, 432, 1, 0
333000, 272, 1, 0
334001, 379, 1, 0
335000, 2160, 1, 0
336000, 756, 1, 0
337000, 804, 1, 0
338000, 1208, 1, 0
339000, 4, 1, 0
340000, 2336, 1, 0
341000, 2372, 1, 0
342000, 156, 1, 0
343000, 140, 1, 0
344000, 244, 1, 0
345000, 264, 1, 0
346000, 1008, 1, 0
347000, 448, 1, 0
348000, 1324, 1, 0
349001, 2557, 1, 0
350000, 520, 1, 0
351000, 1288, 1, 0
352000, 1884, 1, 0
353000, 2364, 1, 0
354000, 1108, 1, 0
355000, 1884, 1, 0
356000, 812, 1, 0
357000, 1760, 1, 0
358000, 2908, 1, 0
359000, 2400, 1, 0
360000, 540, 1, 0
361000, 1260, 1, 0
362000, 2228, 1, 0
363000, 388, 1, 0
364000, 1576, 1, 0
365000, 624, 1, 0
366000, 1216, 1, 0
367000, 1352, 1, 0
368000, 1516, 1, 0
369000, 1160, 1, 0
370000, 2244, 1, 0
371000, 2876, 1, 0
372001, 1130, 1, 0
373000, 2200, 1, 0
374000, 744, 1, 0
375000, 728, 1, 0
376000, 532, 1, 0
377000, 380, 1, 0
378000, 1248, 1, 0
379000, 2516, 1, 0
380000, 2072, 1, 0
381000, 1064, 1, 0
382000, 2868, 1, 0
383000, 3008, 1, 0
384000, 2284, 1, 0
385000, 2668, 1, 0
386000, 2188, 1, 0
387000, 2616, 1, 0
388000, 2024, 1, 0
389000, 2624, 1, 0
390000, 1732, 1, 0
391000, 2980, 1, 0
392000, 3612, 1, 0
393000, 1952, 1, 0
394000, 1464, 1, 0
395000, 1096, 1, 0
396000, 3224, 1, 0
397000, 1980, 1, 0
398000, 2360, 1, 0
399001, 2257, 1, 0
400000, 2340, 1, 0
401000, 2264, 1, 0
402000, 2312, 1, 0
403001, 2401, 1, 0
404000, 1592, 1, 0
405000, 3340, 1, 0
406000, 3628, 1, 0
407001, 1706, 1, 0
408000, 2116, 1, 0
409000, 4820, 1, 0
410000, 4804, 1, 0
411000, 4892, 1, 0
412000, 4848, 1, 0
413000, 4860, 1, 0
414000, 4828, 1, 0
415000, 4912, 1, 0
416000, 4852, 1, 0
417000, 4892, 1, 0
418000, 4916, 1, 0
419000, 4880, 1, 0
420000, 4876, 1, 0
421000, 4856, 1, 0
422001, 4875, 1, 0
423000, 4848, 1, 0
424000, 4796, 1, 0
425000, 4920, 1, 0
426000, 4848, 1, 0
427000, 4848, 1, 0
428000, 4860, 1, 0
429000, 4884, 1, 0
430000, 4880, 1, 0
431000, 4896, 1, 0
432000, 4884, 1, 0
433000, 4860, 1, 0
434000, 4808, 1, 0
435000, 4888, 1, 0
436000, 4904, 1, 0
437000, 4880, 1, 0
438000, 4876, 1, 0
439000, 4892, 1, 0
440000, 4892, 1, 0
441000, 4896, 1, 0
442000, 4880, 1, 0
443000, 4836, 1, 0
444001, 4827, 1, 0
445000, 4880, 1, 0
446000, 4880, 1, 0
447000, 4912, 1, 0
448000, 4868, 1, 0
449000, 4904, 1, 0
450000, 4848, 1, 0
451000, 4872, 1, 0
452000, 4880, 1, 0
453000, 4852, 1, 0
454000, 4872, 1, 0
455000, 4840, 1, 0
456000, 4904, 1, 0
457000, 4900, 1, 0
458000, 4840, 1, 0
459000, 4900, 1, 0
460000, 4872, 1, 0
461000, 4892, 1, 0
462000, 4828, 1, 0
463000, 4828, 1, 0
464000, 4820, 1, 0
465000, 4884, 1, 0
466000, 4900, 1, 0
467000, 4848, 1, 0
468000, 4900, 1, 0
469000, 4888, 1, 0
470000, 4800, 1, 0
471000, 4836, 1, 0
472001, 4843, 1, 0
473000, 4876, 1, 0
474000, 4840, 1, 0
475000, 4912, 1, 0
476000, 4884, 1, 0
477000, 4868, 1, 0
478000, 4872, 1, 0
479000, 4864, 1, 0
480001, 4871, 1, 0
481000, 4888, 1, 0
482000, 4884, 1, 0
483000, 4876, 1, 0
484000, 4772, 1, 0
485000, 4924, 1, 0
486000, 4888, 1, 0
487000, 4840, 1, 0
488000, 4780, 1, 0
489000, 4876, 1, 0
490000, 4884, 1, 0
491000, 4800, 1, 0
492000, 4852, 1, 0
493000, 4880, 1, 0
494000, 4800, 1, 0
495000, 4912, 1, 0
496000, 4876, 1, 0
497000, 4908, 1, 0
498000, 4856, 1, 0
499000, 4900, 1, 0
500000, 4876, 1, 0
501000, 4852, 1, 0
502000, 4852, 1, 0
503000, 4792, 1, 0
504000, 4776, 1, 0
505000, 4856, 1, 0
506000, 4920, 1, 0
507000, 4884, 1, 0
508000, 4908, 1, 0
509000, 4856, 1, 0
510000, 4896, 1, 0
511000, 4876, 1, 0
512000, 4876, 1, 0
513000, 4888, 1, 0
514000, 4852, 1, 0
515000, 4920, 1, 0
516000, 4880, 1, 0
517000, 4884, 1, 0
518000, 4856, 1, 0
519000, 4880, 1, 0
520000, 4916, 1, 0
521000, 4840, 1, 0
522001, 4871, 1, 0
523000, 4848, 1, 0
524000, 4792, 1, 0
525000, 4880, 1, 0
526000, 4832, 1, 0
527000, 4872, 1, 0
528000, 4864, 1, 0
529000, 4848, 1, 0
530000, 4904, 1, 0
531000, 4852, 1, 0
532000, 4852, 1, 0
533000, 4876, 1, 0
534000, 4840, 1, 0
535000, 4892, 1, 0
536000, 4892, 1, 0
537000, 4892, 1, 0
538000, 4908, 1, 0
539000, 4876, 1, 0
540000, 4920, 1, 0
541000, 4912, 1, 0
542000, 4900, 1, 0
543000, 4864, 1, 0
544000, 4856, 1, 0
545000, 4876, 1, 0
546000, 4896, 1, 0
547000, 4892, 1, 0
548000, 4832, 1, 0
549000, 4880, 1, 0
550000, 4820, 1, 0
551000, 4880, 1, 0
552000, 4908, 1, 0
553000, 4848, 1, 0
554000, 4844, 1, 0
555000, 4872, 1, 0
556000, 4920, 1, 0
557000, 4880, 1, 0
558000, 4848, 1, 0
559000, 4876, 1, 0
560000, 4896, 1, 0
561000, 4900, 1, 0
562000, 4904, 1, 0
563000, 4872, 1, 0
564000, 4844, 1, 0
565000, 4892, 1, 0
566000, 4920, 1, 0
567000, 4876, 1, 0
568000, 4888, 1, 0
569000, 4888, 1, 0
570000, 4884, 1, 0
571000, 4804, 1, 0
572000, 4924, 1, 0
573000, 4868, 1, 0
574000, 4828, 1, 0
575000, 4908, 1, 0
576000, 4916, 1, 0
577001, 4883, 1, 0
578000, 4808, 1, 0
579000, 4868, 1, 0
580001, 4879, 1, 0
581000, 4868, 1, 0
582000, 4832, 1, 0
583000, 4848, 1, 0
584001, 4799, 1, 0
585000, 4856, 1, 0
586000, 4892, 1, 0
587001, 4867, 1, 0
588000, 4820, 1, 0
589000, 4820, 1, 0
590001, 4848, 1, 0
591000, 4876, 1, 0
592000, 4876, 1, 0
593000, 4796, 1, 0
594000, 4792, 1, 0
595000, 4884, 1, 0
596000, 4876, 1, 0
597000, 4888, 1, 0
598000, 4868, 1, 0
599000, 4888, 1, 0
600000, 4844, 1, 0
