1115, 68455, 1, 0
2115, 61696, 1, 0
3116, 61211, 1, 0
4115, 61363, 1, 0
5115, 61919, 1, 0
6116, 62071, 1, 0
7115, 61571, 1, 0
8115, 61686, 1, 0
9116, 61175, 1, 0
10115, 61894, 1, 0
11115, 60886, 1, 0
12115, 61675, 1, 0
13116, 61580, 1, 0
14115, 62220, 1, 0
15115, 62080, 1, 0
16116, 62136, 1, 0
17116, 61953, 1, 0
18115, 62123, 1, 0
19115, 61499, 1, 0
20116, 61784, 1, 0
21116, 61075, 1, 0
22115, 61528, 1, 0
23115, 61413, 1, 0
24116, 61917, 1, 0
25115, 61847, 1, 0
26116, 61924, 1, 0
27116, 61103, 1, 0
28115, 61944, 1, 0
29115, 61517, 1, 0
30116, 62021, 1, 0
31115, 61639, 1, 0
32115, 62052, 1, 0
33116, 61648, 1, 0
34116, 61788, 1, 0
35115, 61560, 1, 0
36116, 61713, 1, 0
37116, 60749, 1, 0
38115, 61861, 1, 0
39115, 61517, 1, 0
40116, 61946, 1, 0
41116, 61376, 1, 0
42115, 61438, 1, 0
43116, 61315, 1, 0
44116, 62096, 1, 0
45115, 61947, 1, 0
46116, 61917, 1, 0
47116, 61609, 1, 0
48115, 61782, 1, 0
49116, 61612, 1, 0
50116, 61476, 1, 0
51116, 61025, 1, 0
52115, 62087, 1, 0
53116, 61982, 1, 0
54116, 62193, 1, 0
55116, 61971, 1, 0
56116, 61788, 1, 0
57116, 61666, 1, 0
58116, 61473, 1, 0
59116, 61426, 1, 0
60116, 61605, 1, 0
61116, 61806, 1, 0
62116, 62254, 1, 0
63116, 61971, 1, 0
64116, 61516, 1, 0
65116, 61892, 1, 0
66116, 62236, 1, 0
67116, 62071, 1, 0
68116, 62161, 1, 0
69116, 61616, 1, 0
70116, 61878, 1, 0
71116, 61089, 1, 0
72116, 61297, 1, 0
73116, 62039, 1, 0
74116, 62200, 1, 0
75117, 61951, 1, 0
76116, 61917, 1, 0
77116, 61333, 1, 0
78117, 61117, 1, 0
79116, 61258, 1, 0
80116, 61666, 1, 0
81116, 61623, 1, 0
82117, 62051, 1, 0
83116, 61541, 1, 0
84116, 61724, 1, 0
85117, 61740, 1, 0
86116, 61623, 1, 0
87116, 61573, 1, 0
88117, 61525, 1, 0
89116, 61250, 1, 0
90116, 61989, 1, 0
91117, 61324, 1, 0
92117, 61851, 1, 0
93116, 61494, 1, 0
94117, 62069, 1, 0
95117, 61761, 1, 0
96116, 61132, 1, 0
97117, 60282, 1, 0
98117, 61611, 1, 0
99116, 61283, 1, 0
100117, 62008, 1, 0
101117, 61751, 1, 0
102116, 61845, 1, 0
103117, 61486, 1, 0
104117, 61450, 1, 0
105116, 61616, 1, 0
106117, 61980, 1, 0
107116, 61630, 1, 0
108116, 61609, 1, 0
109117, 61400, 1, 0
110116, 61817, 1, 0
111117, 61844, 1, 0
112117, 61969, 1, 0
113116, 62000, 1, 0
114117, 61894, 1, 0
115117, 62037, 1, 0
116116, 62071, 1, 0
117117, 61704, 1, 0
118117, 61937, 1, 0
119116, 61505, 1, 0
120117, 61912, 1, 0
121117, 61539, 1, 0
122116, 62046, 1, 0
123117, 61658, 1, 0
124117, 61539, 1, 0
125116, 61688, 1, 0
126117, 62130, 1, 0
127117, 61715, 1, 0
128116, 61788, 1, 0
129117, 61439, 1, 0
130117, 61643, 1, 0
131117, 60562, 1, 0
132117, 61579, 1, 0
133117, 61794, 1, 0
134117, 61643, 1, 0
135117, 61693, 1, 0
136117, 62034, 1, 0
137117, 61801, 1, 0
138117, 61858, 1, 0
139117, 61335, 1, 0
140117, 61593, 1, 0
141117, 61525, 1, 0
142117, 61822, 1, 0
143117, 61847, 1, 0
144117, 61414, 1, 0
145117, 62066, 1, 0
146117, 61930, 1, 0
147117, 61378, 1, 0
148117, 61615, 1, 0
149117, 61085, 1, 0
150118, 61177, 1, 0
151117, 61547, 1, 0
152117, 61994, 1, 0
153118, 62000, 1, 0
154117, 61554, 1, 0
155117, 61400, 1, 0
156117, 61880, 1, 0
157118, 61216, 1, 0
158117, 61658, 1, 0
159117, 61113, 1, 0
160118, 61534, 1, 0
161117, 60845, 1, 0
162117, 61353, 1, 0
163118, 61660, 1, 0
164117, 61514, 1, 0
165117, 61894, 1, 0
166118, 61903, 1, 0
167117, 61643, 1, 0
168117, 61948, 1, 0
169118, 60797, 1, 0
170118, 61838, 1, 0
171117, 61418, 1, 0
172117, 61994, 1, 0
173118, 62007, 1, 0
174117, 61589, 1, 0
175117, 61915, 1, 0
176118, 61778, 1, 0
177117, 61357, 1, 0
178117, 61733, 1, 0
179118, 61155, 1, 0
180118, 61642, 1, 0
181117, 61679, 1, 0
182118, 62161, 1, 0
183118, 62200, 1, 0
184117, 61636, 1, 0
185118, 61667, 1, 0
186118, 61720, 1, 0
187117, 61518, 1, 0
188118, 61771, 1, 0
189118, 61005, 1, 0
190117, 61475, 1, 0
191118, 61245, 1, 0
192118, 61584, 1, 0
193117, 61733, 1, 0
194118, 61516, 1, 0
195118, 61699, 1, 0
196118, 61499, 1, 0
197118, 61488, 1, 0
198118, 61202, 1, 0
199118, 61241, 1, 0
200117, 61496, 1, 0
201118, 61262, 1, 0
202118, 61713, 1, 0
203118, 61896, 1, 0
204118, 61345, 1, 0
205118, 61831, 1, 0
206117, 61564, 1, 0
207118, 61220, 1, 0
208118, 61602, 1, 0
209117, 61303, 1, 0
210118, 61649, 1, 0
211118, 61023, 1, 0
212117, 61822, 1, 0
213118, 61935, 1, 0
214118, 61434, 1, 0
215118, 61660, 1, 0
216118, 61692, 1, 0
217118, 61159, 1, 0
218118, 61449, 1, 0
219118, 61202, 1, 0
220118, 61695, 1, 0
221118, 61255, 1, 0
222118, 61459, 1, 0
223118, 61477, 1, 0
224118, 61087, 1, 0
225118, 61520, 1, 0
226118, 61620, 1, 0
227118, 61838, 1, 0
228118, 61885, 1, 0
229118, 61309, 1, 0
230118, 61592, 1, 0
231118, 60983, 1, 0
232119, 61372, 1, 0
233118, 61270, 1, 0
234118, 61631, 1, 0
235118, 61477, 1, 0
236119, 61579, 1, 0
237118, 61237, 1, 0
238118, 61584, 1, 0
239119, 61054, 1, 0
240118, 61577, 1, 0
241118, 61574, 1, 0
242119, 61919, 1, 0
243118, 61542, 1, 0
244118, 61406, 1, 0
245119, 61651, 1, 0
246118, 61545, 1, 0
247118, 61545, 1, 0
248119, 61515, 1, 0
249118, 60007, 1, 0
250119, 61268, 1, 0
251119, 61601, 1, 0
252118, 61817, 1, 0
253118, 61538, 1, 0
254119, 61601, 1, 0
255118, 61871, 1, 0
256118, 61706, 1, 0
257119, 61311, 1, 0
258119, 61583, 1, 0
259118, 60944, 1, 0
260118, 61638, 1, 0
261119, 61265, 1, 0
262118, 61838, 1, 0
263119, 61869, 1, 0
264118, 61606, 1, 0
265118, 62121, 1, 0
266119, 62187, 1, 0
267118, 61542, 1, 0
268119, 61951, 1, 0
269119, 61719, 1, 0
270118, 61677, 1, 0
271119, 60872, 1, 0
272119, 61583, 1, 0
273118, 61345, 1, 0
274119, 61697, 1, 0
275119, 61544, 1, 0
276118, 61753, 1, 0
277119, 61258, 1, 0
278119, 61261, 1, 0
279118, 60465, 1, 0
280118, 61602, 1, 0
281119, 61376, 1, 0
282119, 61662, 1, 0
283118, 61259, 1, 0
284119, 61790, 1, 0
285119, 61715, 1, 0
286118, 61756, 1, 0
287119, 61136, 1, 0
288119, 61386, 1, 0
289118, 61270, 1, 0
290119, 61025, 1, 0
291119, 61347, 1, 0
292118, 61992, 1, 0
293119, 61590, 1, 0
294119, 61601, 1, 0
295118, 61531, 1, 0
296119, 61630, 1, 0
297119, 61379, 1, 0
298119, 61340, 1, 0
299119, 61251, 1, 0
300119, 61669, 1, 0
301000, 60904, 1, 0
302000, 69452, 1, 0
303000, 69744, 1, 0
304000, 69800, 1, 0
305000, 69984, 1, 0
306000, 69984, 1, 0
307000, 69444, 1, 0
308000, 69840, 1, 0
309000, 69648, 1, 0
310000, 68616, 1, 0
311000, 69592, 1, 0
312000, 69572, 1, 0
313000, 69596, 1, 0
314000, 70220, 1, 0
315000, 69948, 1, 0
316000, 70100, 1, 0
317000, 69360, 1, 0
318000, 69516, 1, 0
319001, 69270, 1, 0
320000, 69336, 1, 0
321000, 69768, 1, 0
322001, 69890, 1, 0
323000, 69788, 1, 0
324000, 70104, 1, 0
325000, 69912, 1, 0
326000, 70516, 1, 0
327000, 70380, 1, 0
328000, 70276, 1, 0
329000, 70084, 1, 0
330000, 69092, 1, 0
331000, 69340, 1, 0
332000, 69956, 1, 0
333000, 69836, 1, 0
334000, 69764, 1, 0
335000, 69896, 1, 0
336000, 69840, 1, 0
337000, 70084, 1, 0
338000, 70320, 1, 0
339001, 70333, 1, 0
340000, 69904, 1, 0
341000, 69668, 1, 0
342000, 70516, 1, 0
343000, 70676, 1, 0
344000, 70604, 1, 0
345000, 70056, 1, 0
346000, 70324, 1, 0
347000, 69636, 1, 0
348000, 69776, 1, 0
349000, 69672, 1, 0
350000, 70068, 1, 0
351000, 69800, 1, 0
352000, 70544, 1, 0
353000, 70120, 1, 0
354000, 70172, 1, 0
355000, 69696, 1, 0
356000, 70076, 1, 0
357000, 69776, 1, 0
358000, 69840, 1, 0
359000, 69844, 1, 0
360000, 69388, 1, 0
361000, 69660, 1, 0
362000, 70352, 1, 0
363000, 70312, 1, 0
364000, 70216, 1, 0
365000, 70068, 1, 0
366000, 69984, 1, 0
367000, 70036, 1, 0
368000, 70392, 1, 0
369000, 70028, 1, 0
370000, 70108, 1, 0
371000, 69356, 1, 0
372000, 68904, 1, 0
373000, 70476, 1, 0
374000, 70504, 1, 0
375000, 70204, 1, 0
376000, 70256, 1, 0
377000, 70024, 1, 0
378000, 70024, 1, 0
379000, 69428, 1, 0
380000, 69388, 1, 0
381000, 69460, 1, 0
382000, 69636, 1, 0
383000, 69684, 1, 0
384001, 69918, 1, 0
385000, 69700, 1, 0
386000, 69984, 1, 0
387000, 69776, 1, 0
388001, 69834, 1, 0
389000, 69520, 1, 0
390000, 69820, 1, 0
391000, 69232, 1, 0
392000, 70064, 1, 0
393000, 69980, 1, 0
394000, 70476, 1, 0
395000, 70320, 1, 0
396000, 69600, 1, 0
397000, 68728, 1, 0
398000, 69788, 1, 0
399001, 69554, 1, 0
400000, 69320, 1, 0
401000, 69156, 1, 0
402000, 70036, 1, 0
403002, 69608, 1, 0
404000, 70300, 1, 0
405000, 70424, 1, 0
406000, 69948, 1, 0
407000, 69768, 1, 0
408000, 70640, 1, 0
409000, 69904, 1, 0
410000, 69688, 1, 0
411000, 69972, 1, 0
412000, 70584, 1, 0
413000, 70380, 1, 0
414000, 70732, 1, 0
415000, 70464, 1, 0
416000, 70368, 1, 0
417000, 70140, 1, 0
418001, 70365, 1, 0
419000, 70156, 1, 0
420000, 70232, 1, 0
421000, 69164, 1, 0
422000, 69932, 1, 0
423000, 69864, 1, 0
424000, 69848, 1, 0
425000, 69604, 1, 0
426000, 69744, 1, 0
427000, 70164, 1, 0
428000, 70372, 1, 0
429000, 70468, 1, 0
430000, 69708, 1, 0
431000, 69880, 1, 0
432000, 70168, 1, 0
433000, 70332, 1, 0
434000, 70036, 1, 0
435000, 70576, 1, 0
436000, 70404, 1, 0
437000, 69708, 1, 0
438000, 70556, 1, 0
439001, 69922, 1, 0
440000, 70212, 1, 0
441000, 69336, 1, 0
442000, 70732, 1, 0
443000, 70800, 1, 0
444000, 70400, 1, 0
445000, 70376, 1, 0
446000, 69684, 1, 0
447000, 70264, 1, 0
448000, 69964, 1, 0
449000, 69976, 1, 0
450000, 69788, 1, 0
451000, 69972, 1, 0
452000, 69544, 1, 0
453000, 70604, 1, 0
454000, 70588, 1, 0
455000, 70476, 1, 0
456000, 70272, 1, 0
457000, 69428, 1, 0
458000, 70452, 1, 0
459000, 70208, 1, 0
460000, 70128, 1, 0
461000, 69728, 1, 0
462000, 70020, 1, 0
463000, 69812, 1, 0
464000, 69968, 1, 0
465000, 70432, 1, 0
466000, 70332, 1, 0
467000, 70248, 1, 0
468000, 70532, 1, 0
469000, 70152, 1, 0
470000, 69772, 1, 0
471000, 69352, 1, 0
472000, 70016, 1, 0
473000, 69908, 1, 0
474000, 69640, 1, 0
475000, 69820, 1, 0
476000, 69592, 1, 0
477000, 68924, 1, 0
478000, 70096, 1, 0
479000, 69648, 1, 0
480000, 69900, 1, 0
481000, 69268, 1, 0
482000, 70096, 1, 0
483000, 70164, 1, 0
484000, 69984, 1, 0
485000, 70368, 1, 0
486000, 70044, 1, 0
487000, 69040, 1, 0
488000, 70012, 1, 0
489000, 69480, 1, 0
490000, 70020, 1, 0
491000, 69336, 1, 0
492000, 69572, 1, 0
493000, 70104, 1, 0
494000, 70012, 1, 0
495000, 70496, 1, 0
496000, 69968, 1, 0
497000, 69636, 1, 0
498000, 70216, 1, 0
499001, 70013, 1, 0
500000, 69752, 1, 0
501000, 69648, 1, 0
502000, 70380, 1, 0
503000, 70464, 1, 0
504001, 69950, 1, 0
505000, 70144, 1, 0
506000, 69768, 1, 0
507000, 69656, 1, 0
508000, 69968, 1, 0
509000, 69368, 1, 0
510000, 69748, 1, 0
511000, 69912, 1, 0
512000, 69972, 1, 0
513000, 70096, 1, 0
514000, 70200, 1, 0
515000, 70352, 1, 0
516000, 69316, 1, 0
517000, 68992, 1, 0
518000, 69780, 1, 0
519000, 69756, 1, 0
520000, 69312, 1, 0
521000, 69372, 1, 0
522000, 70452, 1, 0
523000, 70612, 1, 0
524000, 70320, 1, 0
525000, 70524, 1, 0
526000, 70020, 1, 0
527000, 70144, 1, 0
528000, 69988, 1, 0
529000, 69780, 1, 0
530000, 69364, 1, 0
531000, 68492, 1, 0
532000, 70060, 1, 0
533000, 70400, 1, 0
534000, 70184, 1, 0
535000, 70256, 1, 0
536000, 69808, 1, 0
537000, 69836, 1, 0
538000, 70068, 1, 0
539001, 70057, 1, 0
540000, 69908, 1, 0
541000, 68900, 1, 0
542000, 70144, 1, 0
543000, 70440, 1, 0
544000, 70328, 1, 0
545000, 70668, 1, 0
546000, 70028, 1, 0
547000, 69980, 1, 0
548000, 70288, 1, 0
549000, 69808, 1, 0
550000, 70068, 1, 0
551000, 69568, 1, 0
552001, 69882, 1, 0
553000, 70132, 1, 0
554000, 69848, 1, 0
555000, 70156, 1, 0
556000, 70264, 1, 0
557000, 69932, 1, 0
558000, 70384, 1, 0
559000, 70036, 1, 0
560001, 70397, 1, 0
561000, 69512, 1, 0
562000, 69864, 1, 0
563000, 70220, 1, 0
564000, 69972, 1, 0
565000, 70476, 1, 0
566000, 70012, 1, 0
567000, 69920, 1, 0
568000, 70228, 1, 0
569000, 69944, 1, 0
570000, 69952, 1, 0
571000, 69072, 1, 0
572000, 70656, 1, 0
573000, 70260, 1, 0
574000, 70008, 1, 0
575000, 69652, 1, 0
576000, 69964, 1, 0
577000, 69048, 1, 0
578000, 70068, 1, 0
579000, 69704, 1, 0
580000, 69556, 1, 0
581001, 69642, 1, 0
582000, 69576, 1, 0
583000, 70268, 1, 0
584000, 70288, 1, 0
585000, 70556, 1, 0
586000, 70580, 1, 0
587000, 69012, 1, 0
588000, 69828, 1, 0
589000, 69000, 1, 0
590000, 69436, 1, 0
591000, 69636, 1, 0
592000, 70312, 1, 0
593000, 69680, 1, 0
594000, 69720, 1, 0
595001, 70217, 1, 0
596000, 70460, 1, 0
597001, 69950, 1, 0
598000, 70424, 1, 0
599000, 70004, 1, 0
