3276, 857793, 1, 0
3277, 820735, 1, 0
3278, 819627, 1, 0
4947, 839042, 1, 0
5000, 851815, 1, 0
9175, 846598, 1, 0
9176, 849548, 1, 0
9176, 849968, 1, 0
9177, 867620, 1, 0
10586, 848321, 1, 0
13545, 850712, 1, 0
13546, 814724, 1, 0
13547, 849512, 1, 0
14083, 846318, 1, 0
15667, 841286, 1, 0
16000, 850572, 1, 0
17847, 852821, 1, 0
20581, 849647, 1, 0
20582, 851812, 1, 0
20583, 851655, 1, 0
21201, 847723, 1, 0
23012, 846525, 1, 0
23013, 814752, 1, 0
24214, 845837, 1, 0
26583, 859683, 1, 0
26584, 853671, 1, 0
30534, 847823, 1, 0
30535, 851934, 1, 0
30536, 851510, 1, 0
30537, 863759, 1, 0
32100, 842580, 1, 0
32101, 851840, 1, 0
33252, 842554, 1, 0
34000, 844729, 1, 0
35961, 840525, 1, 0
36000, 842701, 1, 0
37313, 853524, 1, 0
38285, 846341, 1, 0
40454, 852320, 1, 0
40454, 852010, 1, 0
43100, 846114, 1, 0
43101, 852322, 1, 0
43102, 852750, 1, 0
45497, 846365, 1, 0
45498, 852420, 1, 0
46449, 835853, 1, 0
48222, 847564, 1, 0
48222, 852513, 1, 0
50588, 851862, 1, 0
50589, 848665, 1, 0
51393, 843793, 1, 0
55581, 846298, 1, 0
55582, 852524, 1, 0
55583, 820219, 1, 0
55584, 830464, 1, 0
59757, 851192, 1, 0
59758, 813799, 1, 0
59759, 815986, 1, 0
59760, 849469, 1, 0
61895, 845489, 1, 0
61896, 851900, 1, 0
64667, 841237, 1, 0
64668, 820163, 1, 0
64669, 822211, 1, 0
65553, 828672, 1, 0
66653, 845064, 1, 0
67130, 842449, 1, 0
68741, 844122, 1, 0
70204, 859003, 1, 0
70205, 853193, 1, 0
71330, 843399, 1, 0
72869, 846550, 1, 0
74978, 845823, 1, 0
74979, 852654, 1, 0
75000, 845171, 1, 0
76674, 841874, 1, 0
78215, 845486, 1, 0
78216, 851501, 1, 0
79590, 845803, 1, 0
81188, 849763, 1, 0
81189, 813108, 1, 0
82062, 833931, 1, 0
83018, 850292, 1, 0
84016, 837039, 1, 0
86154, 833847, 1, 0
86154, 816568, 1, 0
88134, 845088, 1, 0
88135, 817962, 1, 0
90246, 839117, 1, 0
92185, 867609, 1, 0
92186, 854251, 1, 0
92187, 852642, 1, 0
96095, 835178, 1, 0
96096, 848245, 1, 0
96096, 821775, 1, 0
96097, 822173, 1, 0
97565, 875243, 1, 0
98168, 826956, 1, 0
99974, 820775, 1, 0
100000, 831010, 1, 0
101234, 845482, 1, 0
103645, 833816, 1, 0
103646, 855352, 1, 0
104000, 823562, 1, 0
106553, 844447, 1, 0
106554, 812988, 1, 0
107098, 820879, 1, 0
109333, 834066, 1, 0
109334, 826815, 1, 0
110057, 845111, 1, 0
111393, 832182, 1, 0
117511, 863284, 1, 0
117512, 863869, 1, 0
117513, 879422, 1, 0
117514, 813898, 1, 0
117515, 845137, 1, 0
117515, 816454, 1, 0
118343, 834101, 1, 0
121177, 812647, 1, 0
121177, 812711, 1, 0
121178, 841188, 1, 0
122000, 821612, 1, 0
124358, 843625, 1, 0
124359, 849321, 1, 0
125583, 846944, 1, 0
126007, 850039, 1, 0
127336, 836342, 1, 0
130243, 841196, 1, 0
130244, 852053, 1, 0
130245, 852517, 1, 0
133101, 830850, 1, 0
133102, 830961, 1, 0
133103, 814037, 1, 0
134253, 843805, 1, 0
135444, 814573, 1, 0
137505, 838738, 1, 0
137506, 819838, 1, 0
138122, 828425, 1, 0
139800, 814723, 1, 0
140536, 850238, 1, 0
141160, 828588, 1, 0
143691, 833926, 1, 0
143692, 845088, 1, 0
145220, 851468, 1, 0
145221, 813006, 1, 0
146031, 816464, 1, 0
147486, 812744, 1, 0
148792, 818699, 1, 0
150760, 833103, 1, 0
150761, 815158, 1, 0
152190, 817913, 1, 0
152191, 839832, 1, 0
153094, 824369, 1, 0
155551, 832919, 1, 0
155552, 854007, 1, 0
156583, 849971, 1, 0
157106, 847202, 1, 0
159363, 842976, 1, 0
159364, 813061, 1, 0
161845, 825884, 1, 0
161846, 849937, 1, 0
162000, 828621, 1, 0
164799, 844908, 1, 0
164800, 853458, 1, 0
165472, 847196, 1, 0
166420, 818309, 1, 0
167642, 817155, 1, 0
169957, 822836, 1, 0
169958, 809090, 1, 0
170294, 851347, 1, 0
171262, 814207, 1, 0
172286, 816832, 1, 0
173253, 823838, 1, 0
175650, 841980, 1, 0
175651, 811928, 1, 0
176096, 816325, 1, 0
178043, 817400, 1, 0
178044, 818592, 1, 0
179054, 835373, 1, 0
181898, 826641, 1, 0
183621, 813302, 1, 0
183622, 814485, 1, 0
183622, 813665, 1, 0
184134, 824745, 1, 0
185932, 819288, 1, 0
186000, 812387, 1, 0
187430, 821129, 1, 0
193570, 817723, 1, 0
193571, 810791, 1, 0
193572, 807608, 1, 0
193573, 811421, 1, 0
193574, 810423, 1, 0
193574, 809835, 1, 0
195354, 813221, 1, 0
195355, 854294, 1, 0
196563, 852240, 1, 0
197456, 816259, 1, 0
198798, 816441, 1, 0
199000, 812856, 1, 0
200377, 828732, 1, 0
201000, 823480, 1, 0
202123, 847820, 1, 0
204334, 843187, 1, 0
204335, 854065, 1, 0
206451, 854249, 1, 0
206452, 854406, 1, 0
207723, 821287, 1, 0
208986, 812912, 1, 0
209001, 815922, 1, 0
210703, 817086, 1, 0
212060, 826358, 1, 0
212061, 866255, 1, 0
213432, 848061, 1, 0
214780, 814752, 1, 0
216132, 814151, 1, 0
216133, 812978, 1, 0
217433, 825241, 1, 0
218392, 817790, 1, 0
219005, 819892, 1, 0
220363, 827102, 1, 0
221194, 835711, 1, 0
222466, 828701, 1, 0
223001, 839509, 1, 0
224158, 815969, 1, 0
225429, 820327, 1, 0
227988, 813943, 1, 0
227989, 813838, 1, 0
228000, 818229, 1, 0
230025, 814492, 1, 0
230025, 813690, 1, 0
234173, 814672, 1, 0
234174, 810902, 1, 0
234175, 846960, 1, 0
234176, 857085, 1, 0
235000, 815184, 1, 0
237131, 829911, 1, 0
237132, 818784, 1, 0
239839, 814670, 1, 0
239840, 811265, 1, 0
240059, 814174, 1, 0
241893, 813253, 1, 0
242000, 812669, 1, 0
243093, 814138, 1, 0
245953, 834228, 1, 0
245954, 815398, 1, 0
246581, 818039, 1, 0
247465, 850520, 1, 0
248469, 818813, 1, 0
249340, 826406, 1, 0
250000, 820655, 1, 0
251056, 815411, 1, 0
252891, 814744, 1, 0
253020, 819807, 1, 0
255615, 815910, 1, 0
255616, 811354, 1, 0
256763, 847289, 1, 0
257129, 815801, 1, 0
258769, 827050, 1, 0
259059, 813241, 1, 0
260119, 813039, 1, 0
261152, 823181, 1, 0
262709, 814690, 1, 0
263299, 813362, 1, 0
264490, 825657, 1, 0
265101, 813631, 1, 0
266222, 816037, 1, 0
267193, 815173, 1, 0
268068, 816616, 1, 0
269379, 813827, 1, 0
270320, 829410, 1, 0
271972, 817410, 1, 0
272000, 813464, 1, 0
273500, 819140, 1, 0
274000, 825392, 1, 0
275990, 817890, 1, 0
276001, 821782, 1, 0
277257, 817496, 1, 0
278374, 820016, 1, 0
279158, 818720, 1, 0
280348, 823358, 1, 0
281012, 831280, 1, 0
282176, 818689, 1, 0
283043, 817979, 1, 0
284207, 833657, 1, 0
285028, 841983, 1, 0
286718, 866817, 1, 0
287561, 814361, 1, 0
288025, 827443, 1, 0
289059, 817062, 1, 0
290268, 822195, 1, 0
291424, 820011, 1, 0
292316, 814730, 1, 0
293278, 868604, 1, 0
294463, 821440, 1, 0
295209, 823808, 1, 0
296000, 813091, 1, 0
297312, 823338, 1, 0
298450, 815271, 1, 0
299336, 843933, 1, 0
300051, 813193, 1, 0
301000, 815785, 1, 0
302000, 820644, 1, 0
303000, 817097, 1, 0
304000, 829395, 1, 0
305000, 814805, 1, 0
306000, 814407, 1, 0
307000, 825723, 1, 0
308000, 814404, 1, 0
309000, 817587, 1, 0
310000, 814473, 1, 0
311000, 817128, 1, 0
312000, 820012, 1, 0
313000, 821743, 1, 0
314000, 825518, 1, 0
315000, 814743, 1, 0
316000, 813665, 1, 0
317000, 816147, 1, 0
318000, 817502, 1, 0
319000, 816304, 1, 0
320000, 814295, 1, 0
321000, 817624, 1, 0
322000, 824274, 1, 0
323000, 818648, 1, 0
324000, 833213, 1, 0
325000, 814798, 1, 0
326000, 828464, 1, 0
327000, 828353, 1, 0
328000, 827851, 1, 0
329000, 821644, 1, 0
330000, 819430, 1, 0
331000, 815651, 1, 0
332000, 816902, 1, 0
333000, 819770, 1, 0
334000, 834002, 1, 0
335000, 819682, 1, 0
336000, 823072, 1, 0
337000, 824232, 1, 0
338000, 817040, 1, 0
339000, 815836, 1, 0
340000, 813757, 1, 0
341000, 813975, 1, 0
342000, 818070, 1, 0
343000, 819444, 1, 0
344000, 829228, 1, 0
345000, 811313, 1, 0
346000, 820067, 1, 0
347000, 817486, 1, 0
348000, 820007, 1, 0
349000, 815366, 1, 0
350000, 813150, 1, 0
351000, 826834, 1, 0
352000, 816979, 1, 0
353000, 820446, 1, 0
354000, 820773, 1, 0
355000, 812197, 1, 0
356000, 820167, 1, 0
357000, 823286, 1, 0
358000, 817320, 1, 0
359000, 817809, 1, 0
360000, 817387, 1, 0
361000, 811945, 1, 0
362000, 815703, 1, 0
363000, 821874, 1, 0
364000, 837077, 1, 0
365000, 818913, 1, 0
366000, 820645, 1, 0
367000, 817924, 1, 0
368000, 812699, 1, 0
369000, 819243, 1, 0
370000, 822610, 1, 0
371000, 822414, 1, 0
372000, 824244, 1, 0
373000, 818131, 1, 0
374000, 825389, 1, 0
375000, 810896, 1, 0
376000, 818622, 1, 0
377000, 825191, 1, 0
378000, 819774, 1, 0
379000, 817948, 1, 0
380000, 833052, 1, 0
381000, 815963, 1, 0
382000, 825560, 1, 0
383000, 835022, 1, 0
384000, 830659, 1, 0
385000, 816792, 1, 0
386000, 817705, 1, 0
387000, 819075, 1, 0
388000, 818172, 1, 0
389000, 819078, 1, 0
390000, 818133, 1, 0
391000, 816842, 1, 0
392000, 816772, 1, 0
393000, 827955, 1, 0
394000, 842358, 1, 0
395000, 824063, 1, 0
396000, 816064, 1, 0
397000, 822151, 1, 0
398000, 820010, 1, 0
399000, 819508, 1, 0
400000, 815151, 1, 0
401000, 819310, 1, 0
402000, 817565, 1, 0
403000, 823876, 1, 0
404000, 819187, 1, 0
405000, 818785, 1, 0
406000, 825611, 1, 0
407000, 819207, 1, 0
408000, 818895, 1, 0
409000, 813166, 1, 0
410000, 831995, 1, 0
411000, 823136, 1, 0
412000, 826525, 1, 0
413000, 825128, 1, 0
414000, 823095, 1, 0
415000, 812605, 1, 0
416000, 819712, 1, 0
417000, 818347, 1, 0
418000, 815070, 1, 0
419000, 818928, 1, 0
420000, 811950, 1, 0
421000, 817037, 1, 0
422000, 820633, 1, 0
423000, 822027, 1, 0
424000, 835514, 1, 0
425000, 815306, 1, 0
426000, 816154, 1, 0
427000, 823111, 1, 0
428000, 833452, 1, 0
429000, 813440, 1, 0
430000, 815749, 1, 0
431000, 819586, 1, 0
432000, 822797, 1, 0
433000, 816728, 1, 0
434000, 822867, 1, 0
435000, 813809, 1, 0
436000, 815332, 1, 0
437000, 817431, 1, 0
438000, 819797, 1, 0
439000, 815086, 1, 0
440001, 816786, 1, 0
441000, 818146, 1, 0
442000, 814962, 1, 0
443000, 822352, 1, 0
444000, 829283, 1, 0
445000, 811298, 1, 0
446000, 818720, 1, 0
447000, 812783, 1, 0
448000, 819377, 1, 0
449000, 812798, 1, 0
450000, 827948, 1, 0
451000, 820395, 1, 0
452000, 818533, 1, 0
453000, 821190, 1, 0
454000, 820455, 1, 0
455000, 824081, 1, 0
456000, 816995, 1, 0
457000, 824445, 1, 0
458000, 825294, 1, 0
459000, 818812, 1, 0
460000, 819452, 1, 0
461000, 824825, 1, 0
462000, 814944, 1, 0
463000, 820164, 1, 0
464000, 826119, 1, 0
465000, 813650, 1, 0
466000, 818101, 1, 0
467000, 821610, 1, 0
468000, 825010, 1, 0
469000, 821119, 1, 0
470000, 819787, 1, 0
471000, 827035, 1, 0
472000, 817907, 1, 0
473000, 820702, 1, 0
474000, 832319, 1, 0
475000, 811710, 1, 0
476000, 816552, 1, 0
477000, 824130, 1, 0
478000, 814882, 1, 0
479000, 815139, 1, 0
480000, 813611, 1, 0
481000, 816127, 1, 0
482000, 817543, 1, 0
483000, 818037, 1, 0
484000, 829355, 1, 0
485000, 813517, 1, 0
486000, 817118, 1, 0
487000, 817866, 1, 0
488000, 821296, 1, 0
489000, 820275, 1, 0
490000, 819758, 1, 0
491000, 829389, 1, 0
492000, 816192, 1, 0
493000, 821620, 1, 0
494000, 823203, 1, 0
495000, 813342, 1, 0
496000, 815207, 1, 0
497000, 812061, 1, 0
498000, 820301, 1, 0
499000, 818600, 1, 0
500000, 815085, 1, 0
501000, 818487, 1, 0
502000, 817882, 1, 0
503000, 825655, 1, 0
504000, 829807, 1, 0
505000, 817449, 1, 0
506000, 814812, 1, 0
507000, 812134, 1, 0
508000, 815861, 1, 0
509000, 823363, 1, 0
510000, 814947, 1, 0
511000, 816279, 1, 0
512000, 821204, 1, 0
513000, 815409, 1, 0
514000, 818422, 1, 0
515000, 823150, 1, 0
516000, 822307, 1, 0
517000, 820630, 1, 0
518000, 827571, 1, 0
519000, 815839, 1, 0
520000, 817400, 1, 0
521000, 820939, 1, 0
522000, 816702, 1, 0
523000, 821272, 1, 0
524000, 828255, 1, 0
525000, 820554, 1, 0
526000, 828110, 1, 0
527000, 820599, 1, 0
528000, 815792, 1, 0
529000, 818809, 1, 0
530000, 816114, 1, 0
531000, 820849, 1, 0
532000, 822362, 1, 0
533000, 822905, 1, 0
534000, 823588, 1, 0
535000, 816836, 1, 0
536000, 822460, 1, 0
537000, 819365, 1, 0
538000, 817550, 1, 0
539000, 815396, 1, 0
540000, 814654, 1, 0
541000, 812494, 1, 0
542000, 825217, 1, 0
543000, 821965, 1, 0
544000, 826566, 1, 0
545000, 816207, 1, 0
546000, 817288, 1, 0
547000, 816259, 1, 0
548000, 818120, 1, 0
549000, 816613, 1, 0
550000, 814913, 1, 0
551000, 814552, 1, 0
552000, 819358, 1, 0
553000, 817846, 1, 0
554000, 826324, 1, 0
555000, 829777, 1, 0
556000, 814521, 1, 0
557000, 820849, 1, 0
558000, 821101, 1, 0
559000, 820680, 1, 0
560000, 822009, 1, 0
561000, 816974, 1, 0
562000, 816603, 1, 0
563000, 821502, 1, 0
564000, 831584, 1, 0
565000, 818765, 1, 0
566000, 815718, 1, 0
567000, 820030, 1, 0
568000, 823692, 1, 0
569000, 819226, 1, 0
570000, 813883, 1, 0
571000, 820079, 1, 0
572000, 820695, 1, 0
573000, 821116, 1, 0
574000, 821311, 1, 0
575000, 818319, 1, 0
576000, 813751, 1, 0
577000, 819542, 1, 0
578000, 836892, 1, 0
579000, 815679, 1, 0
580000, 814460, 1, 0
581000, 822164, 1, 0
582000, 816271, 1, 0
583000, 828339, 1, 0
584000, 821205, 1, 0
585000, 825945, 1, 0
586000, 814755, 1, 0
587000, 814498, 1, 0
588000, 827393, 1, 0
589000, 825174, 1, 0
590000, 824424, 1, 0
591000, 820450, 1, 0
592000, 824709, 1, 0
593000, 836146, 1, 0
594000, 829290, 1, 0
595000, 816043, 1, 0
596000, 821511, 1, 0
597000, 820302, 1, 0
598000, 818716, 1, 0
599000, 821292, 1, 0
600000, 826720, 1, 0
