1011, 16050863, 1, 0
2007, 16058801, 1, 0
11673, 16055460, 1, 0
11689, 16019830, 1, 0
11705, 16053607, 1, 0
11721, 16063022, 1, 0
11737, 16024580, 1, 0
11753, 16051223, 1, 0
11769, 16051114, 1, 0
11785, 16051626, 1, 0
11801, 16052387, 1, 0
12010, 16053668, 1, 0
13005, 16051502, 1, 0
14001, 16049470, 1, 0
15012, 16057135, 1, 0
16008, 16053203, 1, 0
17003, 16048320, 1, 0
18014, 16051450, 1, 0
19009, 16050792, 1, 0
20005, 16050567, 1, 0
21000, 16047118, 1, 0
22011, 16049899, 1, 0
23006, 16049516, 1, 0
24001, 16051812, 1, 0
25013, 16048975, 1, 0
26010, 15092221, 1, 0
27005, 16052110, 1, 0
28001, 16054361, 1, 0
29012, 16051759, 1, 0
30007, 16053570, 1, 0
31003, 16050120, 1, 0
32014, 16053010, 1, 0
33009, 16054045, 1, 0
34005, 16055454, 1, 0
35000, 16053143, 1, 0
36012, 16051622, 1, 0
37007, 16053331, 1, 0
38003, 16052107, 1, 0
39014, 16048262, 1, 0
40009, 16050823, 1, 0
41004, 16055306, 1, 0
42002, 15091988, 1, 0
43013, 16053888, 1, 0
44009, 16053210, 1, 0
45004, 16048511, 1, 0
46015, 16051036, 1, 0
47010, 16049030, 1, 0
48006, 16053194, 1, 0
49001, 16050902, 1, 0
50012, 16050547, 1, 0
51007, 16048248, 1, 0
52003, 16052792, 1, 0
53014, 16052081, 1, 0
54009, 16054963, 1, 0
55005, 16060005, 1, 0
56001, 16052905, 1, 0
57012, 16051651, 1, 0
58002, 15972614, 1, 0
59004, 15164321, 1, 0
60000, 16051700, 1, 0
61011, 16050492, 1, 0
62006, 16052954, 1, 0
63002, 16051736, 1, 0
64013, 16055417, 1, 0
65008, 16049715, 1, 0
66004, 16053064, 1, 0
67015, 16052260, 1, 0
68010, 16046284, 1, 0
69005, 16050369, 1, 0
70001, 16051359, 1, 0
71012, 16047328, 1, 0
72007, 16051858, 1, 0
73002, 16051186, 1, 0
74014, 16050777, 1, 0
75010, 15086122, 1, 0
76006, 16051842, 1, 0
77001, 16051735, 1, 0
78012, 16049337, 1, 0
79008, 16050489, 1, 0
80003, 16052546, 1, 0
81014, 16046499, 1, 0
82009, 16048252, 1, 0
83004, 16051200, 1, 0
84015, 16048109, 1, 0
85010, 16044872, 1, 0
86006, 16053067, 1, 0
87001, 16048001, 1, 0
88012, 16051246, 1, 0
89007, 16049976, 1, 0
90001, 16026814, 1, 0
91012, 15075746, 1, 0
92006, 16021701, 1, 0
93000, 16029360, 1, 0
94011, 16050449, 1, 0
95006, 16047675, 1, 0
96001, 16050155, 1, 0
97012, 16050852, 1, 0
98008, 16053039, 1, 0
99003, 16051690, 1, 0
100014, 16049510, 1, 0
101010, 16048610, 1, 0
102005, 16051929, 1, 0
103000, 16050609, 1, 0
104011, 16049283, 1, 0
105005, 16023762, 1, 0
106014, 16023551, 1, 0
107008, 16023382, 1, 0
108003, 15061366, 1, 0
109013, 16022294, 1, 0
110006, 16021990, 1, 0
111001, 16051590, 1, 0
112011, 16023050, 1, 0
113005, 16026535, 1, 0
114000, 16053335, 1, 0
115011, 16051853, 1, 0
116007, 16054590, 1, 0
117002, 16052403, 1, 0
118014, 16050190, 1, 0
119009, 16049840, 1, 0
120004, 16052363, 1, 0
121015, 16050816, 1, 0
122011, 16049258, 1, 0
123006, 16051541, 1, 0
124003, 15090516, 1, 0
125015, 16067818, 1, 0
126011, 16052635, 1, 0
127006, 16052929, 1, 0
128001, 16050173, 1, 0
129012, 16046952, 1, 0
130008, 16052006, 1, 0
131003, 16052163, 1, 0
132014, 16051985, 1, 0
133010, 16058362, 1, 0
134006, 16053564, 1, 0
135003, 16081852, 1, 0
136014, 16050052, 1, 0
137009, 16050136, 1, 0
138005, 16053069, 1, 0
139000, 16052915, 1, 0
140003, 15661423, 1, 0
141008, 15463867, 1, 0
142004, 16056042, 1, 0
143015, 16049695, 1, 0
144011, 16051618, 1, 0
145006, 16049786, 1, 0
146001, 16052900, 1, 0
147012, 16049555, 1, 0
148007, 16046807, 1, 0
149003, 16052526, 1, 0
150014, 16053389, 1, 0
151009, 16045339, 1, 0
152004, 16050834, 1, 0
153000, 16059613, 1, 0
154012, 16053914, 1, 0
155007, 16045055, 1, 0
156002, 16054136, 1, 0
157015, 15107190, 1, 0
158011, 16052937, 1, 0
159006, 16046507, 1, 0
160001, 16050955, 1, 0
161013, 16055740, 1, 0
162008, 16048995, 1, 0
163003, 16052800, 1, 0
164015, 16052940, 1, 0
165010, 16051481, 1, 0
166005, 16052207, 1, 0
167001, 16052626, 1, 0
168012, 16053252, 1, 0
169007, 16051676, 1, 0
170003, 16051127, 1, 0
171014, 16050318, 1, 0
172009, 16049834, 1, 0
173006, 15090579, 1, 0
174001, 16053045, 1, 0
175014, 16068237, 1, 0
176009, 16052280, 1, 0
177004, 16050097, 1, 0
178014, 16022109, 1, 0
179008, 16023495, 1, 0
180001, 16022937, 1, 0
181011, 16023117, 1, 0
182004, 16024413, 1, 0
183014, 16025261, 1, 0
184009, 16055634, 1, 0
185005, 16051848, 1, 0
186000, 16053938, 1, 0
187012, 16052620, 1, 0
188007, 16052436, 1, 0
189002, 16049976, 1, 0
190015, 15105795, 1, 0
191011, 16051184, 1, 0
192006, 16058535, 1, 0
193002, 16056132, 1, 0
194014, 16058882, 1, 0
195008, 16041332, 1, 0
196004, 16052659, 1, 0
197015, 16049481, 1, 0
198010, 16050613, 1, 0
199006, 16050521, 1, 0
200001, 16050154, 1, 0
201012, 16053391, 1, 0
202007, 16050959, 1, 0
203003, 16052170, 1, 0
204015, 16059902, 1, 0
205010, 16055101, 1, 0
206007, 15091674, 1, 0
207003, 16052741, 1, 0
208014, 16052324, 1, 0
209010, 16054133, 1, 0
210005, 16054825, 1, 0
211002, 16072127, 1, 0
212013, 16049256, 1, 0
213009, 16068098, 1, 0
214005, 16056061, 1, 0
215001, 16067887, 1, 0
216014, 16077239, 1, 0
217009, 16051444, 1, 0
218005, 16052628, 1, 0
219015, 16042380, 1, 0
220010, 16042049, 1, 0
221004, 16030754, 1, 0
222004, 15148039, 1, 0
223011, 15979320, 1, 0
224002, 17392408, 1, 0
227088, 16099807, 1, 0
227104, 16065783, 1, 0
227120, 16052072, 1, 0
228003, 16056556, 1, 0
229015, 16063514, 1, 0
230011, 16056613, 1, 0
231006, 16052145, 1, 0
235245, 16058058, 1, 0
235261, 16055317, 1, 0
235277, 16056216, 1, 0
235293, 16057577, 1, 0
236000, 16055484, 1, 0
237011, 16056190, 1, 0
238007, 16057760, 1, 0
239004, 15961786, 1, 0
240000, 16049891, 1, 0
241011, 16051748, 1, 0
242006, 16052509, 1, 0
243002, 16057702, 1, 0
244013, 16053260, 1, 0
245009, 16050589, 1, 0
246004, 16050423, 1, 0
247015, 16050245, 1, 0
248010, 16050572, 1, 0
249006, 16048672, 1, 0
250001, 16048266, 1, 0
251012, 16047378, 1, 0
252007, 16053821, 1, 0
253003, 16053506, 1, 0
254014, 16047700, 1, 0
255009, 15798026, 1, 0
256005, 16054570, 1, 0
257000, 16052149, 1, 0
258012, 16053163, 1, 0
259007, 16051345, 1, 0
260002, 16053826, 1, 0
261014, 16049911, 1, 0
262009, 16053415, 1, 0
263004, 16052707, 1, 0
264000, 16055256, 1, 0
265011, 16052380, 1, 0
266007, 16053740, 1, 0
267002, 16052199, 1, 0
268014, 16052805, 1, 0
269009, 16052701, 1, 0
270004, 16052669, 1, 0
271000, 16051337, 1, 0
272013, 15105860, 1, 0
273008, 16053777, 1, 0
274004, 16050536, 1, 0
275015, 16052251, 1, 0
276010, 16049079, 1, 0
277006, 16053622, 1, 0
278001, 16057822, 1, 0
279013, 16052496, 1, 0
280008, 16046634, 1, 0
281003, 16052064, 1, 0
282014, 16047893, 1, 0
283009, 16052573, 1, 0
284005, 16051270, 1, 0
285000, 16048832, 1, 0
286011, 16049273, 1, 0
287006, 16049697, 1, 0
288003, 15089328, 1, 0
289015, 16050112, 1, 0
290010, 16051823, 1, 0
291005, 16050389, 1, 0
292000, 16048783, 1, 0
293011, 16049991, 1, 0
294007, 16052897, 1, 0
295002, 16048607, 1, 0
296014, 16055196, 1, 0
297009, 16054400, 1, 0
298004, 16051818, 1, 0
299000, 16051007, 1, 0
300011, 16049412, 1, 0
301006, 16051403, 1, 0
302001, 16051430, 1, 0
303013, 16053447, 1, 0
304001, 15933943, 1, 0
305006, 15206669, 1, 0
306001, 16052386, 1, 0
307012, 16051772, 1, 0
308008, 16050684, 1, 0
309003, 16054400, 1, 0
310015, 16053632, 1, 0
311010, 16054046, 1, 0
312006, 16062161, 1, 0
313001, 16053446, 1, 0
314013, 16052162, 1, 0
315008, 16049905, 1, 0
316004, 16057898, 1, 0
317015, 16057077, 1, 0
318011, 16055991, 1, 0
319006, 16052933, 1, 0
320001, 16049296, 1, 0
321015, 15105617, 1, 0
322010, 16050275, 1, 0
323005, 16055166, 1, 0
324001, 16057742, 1, 0
325013, 16054899, 1, 0
326008, 16052262, 1, 0
327003, 16052530, 1, 0
328015, 16052846, 1, 0
329010, 16050924, 1, 0
330005, 16050311, 1, 0
331001, 16052803, 1, 0
332012, 16050908, 1, 0
333007, 16052633, 1, 0
334003, 16050253, 1, 0
335015, 16066315, 1, 0
336010, 16051255, 1, 0
337007, 15089836, 1, 0
338003, 16056582, 1, 0
339014, 16050671, 1, 0
340009, 16045754, 1, 0
341004, 16048745, 1, 0
342015, 16049033, 1, 0
343011, 16051429, 1, 0
344006, 16054377, 1, 0
345002, 16063730, 1, 0
346013, 16049701, 1, 0
347009, 16053361, 1, 0
348004, 16053574, 1, 0
349000, 16051589, 1, 0
350011, 16049528, 1, 0
351006, 16055475, 1, 0
352003, 16067248, 1, 0
353014, 16046172, 1, 0
354011, 15087979, 1, 0
355006, 16049165, 1, 0
356001, 16051171, 1, 0
357012, 16050504, 1, 0
358008, 16051278, 1, 0
359003, 16050663, 1, 0
360014, 16050185, 1, 0
361009, 16050700, 1, 0
362005, 16051458, 1, 0
363000, 16052331, 1, 0
364011, 16052853, 1, 0
365007, 16049922, 1, 0
366002, 16054069, 1, 0
367013, 16047185, 1, 0
368008, 16049252, 1, 0
369004, 16053134, 1, 0
370001, 15088491, 1, 0
371012, 16048941, 1, 0
372007, 16056223, 1, 0
373003, 16051067, 1, 0
374014, 16053512, 1, 0
375009, 16049241, 1, 0
376005, 16052900, 1, 0
377000, 16052531, 1, 0
378011, 16051684, 1, 0
379007, 16049408, 1, 0
380002, 16052217, 1, 0
381013, 16051125, 1, 0
382008, 16048932, 1, 0
383004, 16050652, 1, 0
384015, 16052724, 1, 0
385010, 16044893, 1, 0
386002, 15745172, 1, 0
387002, 15376642, 1, 0
388014, 16051165, 1, 0
389009, 16048119, 1, 0
390004, 16048795, 1, 0
391015, 16048223, 1, 0
392010, 16052100, 1, 0
393006, 16053116, 1, 0
394001, 16052027, 1, 0
395011, 16028683, 1, 0
396005, 16024126, 1, 0
397014, 16023064, 1, 0
398008, 16022311, 1, 0
399001, 16023848, 1, 0
400011, 16035159, 1, 0
401006, 16044074, 1, 0
402001, 16045446, 1, 0
403014, 15099152, 1, 0
404009, 16049888, 1, 0
405004, 16052385, 1, 0
406000, 16052754, 1, 0
407011, 16053628, 1, 0
408007, 16051994, 1, 0
409002, 16053680, 1, 0
410014, 16055419, 1, 0
411009, 16054000, 1, 0
412005, 16055942, 1, 0
413000, 16050221, 1, 0
414011, 16052700, 1, 0
415007, 16049309, 1, 0
416002, 16054357, 1, 0
417014, 16055033, 1, 0
418009, 16054546, 1, 0
419006, 15090938, 1, 0
420002, 16053185, 1, 0
421013, 16049720, 1, 0
422008, 16049667, 1, 0
423004, 16055035, 1, 0
424015, 16052359, 1, 0
425010, 16049835, 1, 0
426006, 16052859, 1, 0
427001, 16053085, 1, 0
428012, 16053594, 1, 0
429008, 16053469, 1, 0
430003, 16050544, 1, 0
431015, 16052360, 1, 0
432010, 16053334, 1, 0
433005, 16047903, 1, 0
434000, 16050465, 1, 0
435012, 16063460, 1, 0
436009, 15089963, 1, 0
437005, 16053601, 1, 0
438000, 16055859, 1, 0
439012, 16051187, 1, 0
440007, 16052843, 1, 0
441002, 16051715, 1, 0
442014, 16050866, 1, 0
443009, 16049225, 1, 0
444004, 16050886, 1, 0
445015, 16048261, 1, 0
446011, 16052782, 1, 0
447006, 16053277, 1, 0
448001, 16052363, 1, 0
449013, 16052465, 1, 0
450008, 16052752, 1, 0
451003, 16050407, 1, 0
452003, 15123756, 1, 0
453014, 16053213, 1, 0
454010, 16055968, 1, 0
455005, 16052726, 1, 0
456000, 16051434, 1, 0
457012, 16050434, 1, 0
458007, 16053523, 1, 0
459002, 16047790, 1, 0
460014, 16052729, 1, 0
461009, 16049245, 1, 0
462004, 16056915, 1, 0
463000, 16050810, 1, 0
464011, 16051358, 1, 0
465006, 16047464, 1, 0
466001, 16052413, 1, 0
467013, 16051992, 1, 0
468003, 15238432, 1, 0
469005, 15896697, 1, 0
470001, 16051757, 1, 0
471012, 16052677, 1, 0
472008, 16063880, 1, 0
473003, 16052295, 1, 0
474015, 16051006, 1, 0
475010, 16050342, 1, 0
476005, 16051914, 1, 0
477001, 16053149, 1, 0
478012, 16052869, 1, 0
479008, 16054135, 1, 0
480003, 16051482, 1, 0
481014, 16049804, 1, 0
482009, 16050400, 1, 0
483005, 16049059, 1, 0
484000, 16052785, 1, 0
485016, 15142346, 1, 0
486011, 16057195, 1, 0
487007, 16056606, 1, 0
488002, 16053675, 1, 0
489014, 16052088, 1, 0
490009, 16052422, 1, 0
491005, 16059174, 1, 0
492000, 16052910, 1, 0
493012, 16051248, 1, 0
494007, 16053367, 1, 0
495002, 16053573, 1, 0
496014, 16050621, 1, 0
497009, 16051697, 1, 0
498004, 16048459, 1, 0
499015, 16050806, 1, 0
500011, 16048983, 1, 0
501007, 15087989, 1, 0
502003, 16049899, 1, 0
503014, 16050526, 1, 0
504009, 16052076, 1, 0
505006, 16068844, 1, 0
506001, 16053538, 1, 0
507012, 16049949, 1, 0
508007, 16050166, 1, 0
509003, 16046941, 1, 0
510014, 16052515, 1, 0
511011, 16080017, 1, 0
512006, 16052414, 1, 0
513002, 16049711, 1, 0
514013, 16048832, 1, 0
515009, 16070098, 1, 0
516005, 16056324, 1, 0
517000, 16054630, 1, 0
518014, 15107273, 1, 0
519008, 16043567, 1, 0
520002, 16032215, 1, 0
521013, 16037112, 1, 0
522008, 16050083, 1, 0
523003, 16051561, 1, 0
524015, 16053455, 1, 0
525010, 16051698, 1, 0
526006, 16054548, 1, 0
527001, 16050565, 1, 0
528012, 16052799, 1, 0
529008, 16054045, 1, 0
530003, 16051096, 1, 0
531014, 16051502, 1, 0
532010, 16049457, 1, 0
533005, 16050002, 1, 0
534002, 15091660, 1, 0
535013, 16050921, 1, 0
536009, 16052142, 1, 0
537004, 16052540, 1, 0
538015, 16052548, 1, 0
539011, 16053824, 1, 0
540007, 16058088, 1, 0
541003, 16068530, 1, 0
542014, 16053544, 1, 0
543010, 16055377, 1, 0
544005, 16051170, 1, 0
545001, 16051239, 1, 0
546012, 16052860, 1, 0
547007, 16049982, 1, 0
548003, 16052190, 1, 0
549014, 16049868, 1, 0
550027, 15103899, 1, 0
551006, 16047767, 1, 0
552001, 16051782, 1, 0
553013, 16052695, 1, 0
554008, 16053135, 1, 0
555003, 16051901, 1, 0
556015, 16052188, 1, 0
557010, 16052250, 1, 0
558005, 16052481, 1, 0
559001, 16051920, 1, 0
560012, 16049889, 1, 0
561007, 16046782, 1, 0
562003, 16066414, 1, 0
563014, 16048501, 1, 0
564010, 16053366, 1, 0
565006, 16070687, 1, 0
566002, 16051354, 1, 0
567015, 15105897, 1, 0
568010, 16052320, 1, 0
569005, 16049221, 1, 0
570001, 16053688, 1, 0
571012, 16050443, 1, 0
572007, 16049705, 1, 0
573002, 16050352, 1, 0
574014, 16053662, 1, 0
575009, 16050565, 1, 0
576005, 16054471, 1, 0
577000, 16052228, 1, 0
578011, 16052425, 1, 0
579007, 16052212, 1, 0
580002, 16052329, 1, 0
581012, 16025906, 1, 0
582005, 16023348, 1, 0
583000, 15060672, 1, 0
584012, 16051227, 1, 0
585007, 16052614, 1, 0
586002, 16052927, 1, 0
587014, 16053347, 1, 0
588009, 16054411, 1, 0
589005, 16053134, 1, 0
590001, 16060959, 1, 0
591012, 16048925, 1, 0
592007, 16051892, 1, 0
593003, 16053381, 1, 0
594014, 16057864, 1, 0
595010, 16050649, 1, 0
596005, 16051791, 1, 0
597000, 16052244, 1, 0
598011, 16047329, 1, 0
599006, 16042579, 1, 0
600003, 15096396, 1, 0
