3000, 1, 1, 0
4000, 124, 1, 0
6000, 431, 1, 0
7000, 153, 1, 0
8000, 76, 1, 0
9000, 132, 1, 0
10000, 46, 1, 0
11000, 174, 1, 0
16000, 127, 1, 0
19000, 194, 1, 0
20000, 192, 1, 0
24000, 93, 1, 0
25000, 184, 1, 0
28000, 458, 1, 0
29001, 1183, 1, 0
30000, 1191, 1, 0
31000, 1189, 1, 0
32000, 1180, 1, 0
33000, 1184, 1, 0
34000, 1186, 1, 0
35000, 1191, 1, 0
36000, 1182, 1, 0
37000, 1187, 1, 0
38000, 1190, 1, 0
39000, 1192, 1, 0
40000, 1198, 1, 0
41000, 1190, 1, 0
42000, 1200, 1, 0
43000, 1191, 1, 0
44000, 1181, 1, 0
45000, 1193, 1, 0
46000, 1188, 1, 0
47000, 1187, 1, 0
48000, 1188, 1, 0
49000, 1187, 1, 0
50000, 1186, 1, 0
51001, 1186, 1, 0
52000, 1184, 1, 0
53000, 1185, 1, 0
54000, 1181, 1, 0
55000, 1216, 1, 0
56000, 1210, 1, 0
57000, 1201, 1, 0
58000, 1190, 1, 0
59000, 1182, 1, 0
60000, 1194, 1, 0
61000, 1189, 1, 0
62000, 1188, 1, 0
63000, 1192, 1, 0
64000, 1187, 1, 0
65000, 1195, 1, 0
66000, 1186, 1, 0
67000, 1190, 1, 0
68000, 1193, 1, 0
69000, 1193, 1, 0
70000, 1198, 1, 0
71000, 1197, 1, 0
72000, 1200, 1, 0
73000, 1195, 1, 0
74000, 1188, 1, 0
75000, 1193, 1, 0
76000, 1191, 1, 0
77000, 1192, 1, 0
78001, 1188, 1, 0
79000, 1191, 1, 0
80000, 1187, 1, 0
81000, 1197, 1, 0
82000, 1188, 1, 0
83000, 1189, 1, 0
84000, 1197, 1, 0
85000, 1194, 1, 0
86000, 1189, 1, 0
87000, 1199, 1, 0
88000, 1192, 1, 0
89000, 1196, 1, 0
90000, 1199, 1, 0
91000, 1193, 1, 0
92000, 1198, 1, 0
93000, 1193, 1, 0
94000, 1190, 1, 0
95000, 1204, 1, 0
96000, 1197, 1, 0
97000, 1187, 1, 0
98000, 1216, 1, 0
99000, 1200, 1, 0
100000, 1199, 1, 0
101000, 1202, 1, 0
102000, 1204, 1, 0
103000, 1190, 1, 0
104000, 1178, 1, 0
105000, 1197, 1, 0
106000, 1198, 1, 0
107000, 1201, 1, 0
108000, 1205, 1, 0
109000, 1197, 1, 0
110000, 1194, 1, 0
111000, 1196, 1, 0
112000, 1218, 1, 0
113000, 1203, 1, 0
114000, 1190, 1, 0
115000, 1198, 1, 0
116000, 1207, 1, 0
117000, 1206, 1, 0
118000, 1207, 1, 0
119000, 1206, 1, 0
120000, 1192, 1, 0
121000, 1194, 1, 0
122001, 1208, 1, 0
123000, 1201, 1, 0
124002, 1189, 1, 0
125000, 1206, 1, 0
126000, 1221, 1, 0
127000, 1209, 1, 0
128000, 1218, 1, 0
129000, 1197, 1, 0
130000, 1199, 1, 0
131000, 1208, 1, 0
132000, 1210, 1, 0
133000, 1198, 1, 0
134000, 1194, 1, 0
135000, 1216, 1, 0
136000, 1200, 1, 0
137000, 1209, 1, 0
138000, 1214, 1, 0
139000, 1211, 1, 0
140000, 1206, 1, 0
141000, 1206, 1, 0
142000, 1200, 1, 0
143000, 1197, 1, 0
144000, 1203, 1, 0
145000, 1219, 1, 0
146000, 1222, 1, 0
147000, 1220, 1, 0
148000, 1203, 1, 0
149000, 1207, 1, 0
150000, 1215, 1, 0
151000, 1226, 1, 0
152000, 1211, 1, 0
153000, 1214, 1, 0
154000, 1194, 1, 0
155000, 1211, 1, 0
156000, 1222, 1, 0
157000, 1218, 1, 0
158000, 1205, 1, 0
159000, 1199, 1, 0
160000, 1208, 1, 0
161000, 1213, 1, 0
162000, 1214, 1, 0
163000, 1208, 1, 0
164000, 1191, 1, 0
165000, 1224, 1, 0
166000, 1207, 1, 0
167000, 1199, 1, 0
168000, 1199, 1, 0
169000, 1219, 1, 0
170000, 1215, 1, 0
171000, 1223, 1, 0
172000, 1219, 1, 0
173000, 1193, 1, 0
174000, 1193, 1, 0
175000, 1215, 1, 0
176000, 1207, 1, 0
177000, 1222, 1, 0
178000, 1227, 1, 0
179000, 1208, 1, 0
180000, 1214, 1, 0
181000, 1206, 1, 0
182000, 1207, 1, 0
183000, 1211, 1, 0
184000, 1191, 1, 0
185000, 1219, 1, 0
186000, 1199, 1, 0
187000, 1213, 1, 0
188000, 1221, 1, 0
189000, 1209, 1, 0
190000, 1214, 1, 0
191000, 1216, 1, 0
192000, 1225, 1, 0
193000, 1206, 1, 0
194000, 1190, 1, 0
195000, 1215, 1, 0
196000, 1209, 1, 0
197000, 1217, 1, 0
198000, 1217, 1, 0
199000, 1227, 1, 0
200000, 1208, 1, 0
201000, 1211, 1, 0
202000, 1220, 1, 0
203000, 1217, 1, 0
204000, 1207, 1, 0
205000, 1213, 1, 0
206000, 1223, 1, 0
207000, 1215, 1, 0
208000, 1223, 1, 0
209000, 1215, 1, 0
210000, 1220, 1, 0
211000, 1209, 1, 0
212000, 1211, 1, 0
213000, 1210, 1, 0
214000, 1201, 1, 0
215000, 1217, 1, 0
216000, 1226, 1, 0
217000, 1211, 1, 0
218000, 1220, 1, 0
219000, 1203, 1, 0
220000, 1209, 1, 0
221000, 1225, 1, 0
222000, 1221, 1, 0
223000, 1222, 1, 0
224000, 1203, 1, 0
225000, 1220, 1, 0
226000, 1210, 1, 0
227000, 1224, 1, 0
228000, 1227, 1, 0
229000, 1219, 1, 0
230000, 1230, 1, 0
231000, 1227, 1, 0
232000, 1211, 1, 0
233000, 1211, 1, 0
234000, 1203, 1, 0
235000, 1224, 1, 0
236000, 1221, 1, 0
237000, 1216, 1, 0
238000, 1216, 1, 0
239000, 1221, 1, 0
240000, 1203, 1, 0
241000, 1218, 1, 0
242000, 1210, 1, 0
243000, 1207, 1, 0
244000, 1214, 1, 0
245000, 1216, 1, 0
246000, 1209, 1, 0
247000, 1228, 1, 0
248000, 1226, 1, 0
249000, 1213, 1, 0
250000, 1226, 1, 0
251000, 1229, 1, 0
252000, 1229, 1, 0
253000, 1216, 1, 0
254000, 1213, 1, 0
255001, 1222, 1, 0
256000, 1214, 1, 0
257000, 1210, 1, 0
258000, 1214, 1, 0
259000, 1223, 1, 0
260000, 1218, 1, 0
261000, 1221, 1, 0
262000, 1220, 1, 0
263000, 1185, 1, 0
264000, 1206, 1, 0
265000, 1219, 1, 0
266000, 1217, 1, 0
267000, 1213, 1, 0
268000, 1228, 1, 0
269000, 1225, 1, 0
270000, 1222, 1, 0
271000, 1221, 1, 0
272000, 1211, 1, 0
273000, 1208, 1, 0
274000, 1206, 1, 0
275000, 1215, 1, 0
276000, 1204, 1, 0
277000, 1222, 1, 0
278000, 1218, 1, 0
279000, 1228, 1, 0
280000, 1228, 1, 0
281000, 1221, 1, 0
282000, 1221, 1, 0
283000, 1226, 1, 0
284000, 1201, 1, 0
285000, 1227, 1, 0
286000, 1209, 1, 0
287000, 1223, 1, 0
288000, 1206, 1, 0
289000, 1220, 1, 0
290000, 1223, 1, 0
291000, 1217, 1, 0
292000, 1217, 1, 0
293000, 1217, 1, 0
294000, 1195, 1, 0
295000, 1222, 1, 0
296000, 1225, 1, 0
297000, 1223, 1, 0
298000, 1217, 1, 0
299000, 1224, 1, 0
300000, 1225, 1, 0
301000, 1224, 1, 0
302000, 1224, 1, 0
303000, 1225, 1, 0
304000, 1212, 1, 0
305000, 1210, 1, 0
306000, 1222, 1, 0
307000, 1207, 1, 0
308000, 1223, 1, 0
309000, 1219, 1, 0
310000, 1223, 1, 0
311000, 1220, 1, 0
312000, 1214, 1, 0
313000, 1210, 1, 0
314000, 1210, 1, 0
315000, 1224, 1, 0
316000, 1231, 1, 0
317000, 1226, 1, 0
318000, 1221, 1, 0
319000, 1220, 1, 0
320000, 1224, 1, 0
321000, 1230, 1, 0
322000, 1223, 1, 0
323000, 1226, 1, 0
324000, 1200, 1, 0
325000, 1220, 1, 0
326000, 1210, 1, 0
327000, 1209, 1, 0
328000, 1210, 1, 0
329000, 1213, 1, 0
330000, 1221, 1, 0
331000, 1224, 1, 0
332000, 1209, 1, 0
333000, 1217, 1, 0
334000, 1209, 1, 0
335000, 1212, 1, 0
336000, 1213, 1, 0
337001, 1212, 1, 0
338000, 1215, 1, 0
339000, 1223, 1, 0
340000, 1216, 1, 0
341000, 1220, 1, 0
342000, 1223, 1, 0
343000, 1216, 1, 0
344000, 1214, 1, 0
345000, 1213, 1, 0
346000, 1213, 1, 0
347000, 1221, 1, 0
348000, 1227, 1, 0
349000, 1230, 1, 0
350000, 1222, 1, 0
351000, 1224, 1, 0
352000, 1222, 1, 0
353000, 1217, 1, 0
354000, 1209, 1, 0
355000, 1224, 1, 0
356000, 1229, 1, 0
357000, 1225, 1, 0
358000, 1229, 1, 0
359000, 1222, 1, 0
360000, 1227, 1, 0
361000, 1231, 1, 0
362000, 1215, 1, 0
363000, 1219, 1, 0
364000, 1195, 1, 0
365000, 1209, 1, 0
366000, 1210, 1, 0
367000, 1210, 1, 0
368000, 1213, 1, 0
369000, 1220, 1, 0
370000, 1229, 1, 0
371000, 1223, 1, 0
372000, 1213, 1, 0
373000, 1223, 1, 0
374000, 1201, 1, 0
375000, 1222, 1, 0
376000, 1221, 1, 0
377000, 1206, 1, 0
378000, 1212, 1, 0
379000, 1229, 1, 0
380000, 1212, 1, 0
381000, 1221, 1, 0
382000, 1210, 1, 0
383000, 1184, 1, 0
384000, 1187, 1, 0
385000, 1220, 1, 0
386000, 1225, 1, 0
387000, 1214, 1, 0
388000, 1218, 1, 0
389000, 1222, 1, 0
390000, 1216, 1, 0
391000, 1228, 1, 0
392000, 1224, 1, 0
393000, 1206, 1, 0
394000, 1209, 1, 0
395000, 1217, 1, 0
396000, 1209, 1, 0
397000, 1206, 1, 0
398000, 1227, 1, 0
399000, 1216, 1, 0
400000, 1206, 1, 0
401000, 1218, 1, 0
402000, 1216, 1, 0
403000, 1212, 1, 0
404000, 1220, 1, 0
405000, 1225, 1, 0
406000, 1225, 1, 0
407000, 1208, 1, 0
408000, 1220, 1, 0
409000, 1222, 1, 0
410001, 1207, 1, 0
411000, 1224, 1, 0
412000, 1217, 1, 0
413000, 1218, 1, 0
414000, 1211, 1, 0
415000, 1222, 1, 0
416000, 1210, 1, 0
417000, 1228, 1, 0
418000, 1229, 1, 0
419000, 1210, 1, 0
420000, 1218, 1, 0
421000, 1211, 1, 0
422000, 1220, 1, 0
423000, 1212, 1, 0
424000, 1199, 1, 0
425000, 1230, 1, 0
426000, 1218, 1, 0
427000, 1220, 1, 0
428000, 1213, 1, 0
429000, 1225, 1, 0
430000, 1204, 1, 0
431000, 1224, 1, 0
432000, 1218, 1, 0
433000, 1222, 1, 0
434000, 1219, 1, 0
435000, 1227, 1, 0
436000, 1211, 1, 0
437000, 1214, 1, 0
438000, 1215, 1, 0
439000, 1224, 1, 0
440000, 1222, 1, 0
441000, 1228, 1, 0
442000, 1217, 1, 0
443000, 1217, 1, 0
444000, 1211, 1, 0
445000, 1212, 1, 0
446000, 1227, 1, 0
447000, 1225, 1, 0
448000, 1220, 1, 0
449000, 1226, 1, 0
450000, 1218, 1, 0
451000, 1218, 1, 0
452000, 1217, 1, 0
453000, 1212, 1, 0
454000, 1210, 1, 0
455000, 1215, 1, 0
456000, 1220, 1, 0
457000, 1213, 1, 0
458000, 1217, 1, 0
459000, 1218, 1, 0
460000, 1223, 1, 0
461000, 1219, 1, 0
462000, 1217, 1, 0
463000, 1214, 1, 0
464000, 1206, 1, 0
465000, 1224, 1, 0
466000, 1223, 1, 0
467000, 1217, 1, 0
468000, 1214, 1, 0
469000, 1217, 1, 0
470000, 1212, 1, 0
471000, 1211, 1, 0
472000, 1224, 1, 0
473000, 1215, 1, 0
474000, 1207, 1, 0
475000, 1215, 1, 0
476000, 1219, 1, 0
477000, 1204, 1, 0
478000, 1213, 1, 0
479000, 1216, 1, 0
480000, 1224, 1, 0
481000, 1228, 1, 0
482000, 1223, 1, 0
483000, 1222, 1, 0
484000, 1205, 1, 0
485000, 1231, 1, 0
486000, 1226, 1, 0
487000, 1216, 1, 0
488000, 1211, 1, 0
489000, 1219, 1, 0
490000, 1226, 1, 0
491000, 1210, 1, 0
492000, 1211, 1, 0
493000, 1212, 1, 0
494000, 1209, 1, 0
495000, 1222, 1, 0
496000, 1224, 1, 0
497000, 1225, 1, 0
498000, 1220, 1, 0
499000, 1213, 1, 0
500000, 1210, 1, 0
501000, 1220, 1, 0
502000, 1227, 1, 0
503000, 1202, 1, 0
504000, 1199, 1, 0
505000, 1217, 1, 0
506000, 1232, 1, 0
507001, 1216, 1, 0
508000, 1211, 1, 0
509000, 1219, 1, 0
510000, 1220, 1, 0
511000, 1216, 1, 0
512000, 1216, 1, 0
513000, 1223, 1, 0
514000, 1206, 1, 0
515000, 1209, 1, 0
516000, 1222, 1, 0
517000, 1229, 1, 0
518000, 1224, 1, 0
519000, 1221, 1, 0
520000, 1226, 1, 0
521000, 1202, 1, 0
522000, 1219, 1, 0
523000, 1217, 1, 0
524000, 1209, 1, 0
525000, 1217, 1, 0
526000, 1206, 1, 0
527000, 1226, 1, 0
528000, 1214, 1, 0
529000, 1217, 1, 0
530000, 1222, 1, 0
531000, 1213, 1, 0
532000, 1207, 1, 0
533000, 1209, 1, 0
534000, 1195, 1, 0
535000, 1219, 1, 0
536000, 1223, 1, 0
537000, 1227, 1, 0
538000, 1228, 1, 0
539000, 1217, 1, 0
540000, 1228, 1, 0
541000, 1213, 1, 0
542000, 1226, 1, 0
543000, 1222, 1, 0
544000, 1202, 1, 0
545000, 1219, 1, 0
546000, 1221, 1, 0
547000, 1222, 1, 0
548000, 1216, 1, 0
549000, 1214, 1, 0
550000, 1218, 1, 0
551000, 1223, 1, 0
552000, 1224, 1, 0
553000, 1213, 1, 0
554000, 1215, 1, 0
555000, 1218, 1, 0
556000, 1221, 1, 0
557000, 1221, 1, 0
558000, 1215, 1, 0
559000, 1223, 1, 0
560000, 1220, 1, 0
561000, 1229, 1, 0
562000, 1219, 1, 0
563000, 1217, 1, 0
564000, 1217, 1, 0
565000, 1215, 1, 0
566000, 1224, 1, 0
567000, 1217, 1, 0
568000, 1213, 1, 0
569000, 1226, 1, 0
570000, 1221, 1, 0
571000, 1212, 1, 0
572000, 1208, 1, 0
573000, 1211, 1, 0
574000, 1200, 1, 0
575000, 1224, 1, 0
576000, 1226, 1, 0
577000, 1218, 1, 0
578000, 1211, 1, 0
579000, 1220, 1, 0
580000, 1225, 1, 0
581000, 1218, 1, 0
582000, 1209, 1, 0
583000, 1202, 1, 0
584000, 1209, 1, 0
585000, 1205, 1, 0
586000, 1227, 1, 0
587000, 1219, 1, 0
588000, 1205, 1, 0
589000, 1211, 1, 0
590000, 1224, 1, 0
591000, 1219, 1, 0
592000, 1221, 1, 0
593000, 1198, 1, 0
594000, 1197, 1, 0
595000, 1229, 1, 0
596000, 1222, 1, 0
597000, 1219, 1, 0
598000, 1221, 1, 0
599000, 1220, 1, 0
