4000, 380, 1, 0
6000, 1316, 1, 0
7000, 140, 1, 0
8000, 160, 1, 0
10000, 796, 1, 0
12000, 808, 1, 0
14000, 512, 1, 0
17000, 680, 1, 0
18001, 1242, 1, 0
23000, 872, 1, 0
25000, 608, 1, 0
29000, 524, 1, 0
31000, 116, 1, 0
32000, 1196, 1, 0
33000, 220, 1, 0
34000, 372, 1, 0
36000, 12, 1, 0
38000, 620, 1, 0
40000, 660, 1, 0
41000, 324, 1, 0
42000, 644, 1, 0
43000, 8, 1, 0
46000, 556, 1, 0
47000, 376, 1, 0
48000, 192, 1, 0
50000, 484, 1, 0
51000, 44, 1, 0
52000, 320, 1, 0
53000, 148, 1, 0
55000, 556, 1, 0
62000, 812, 1, 0
63001, 547, 1, 0
64000, 536, 1, 0
66000, 1000, 1, 0
67000, 16, 1, 0
68000, 176, 1, 0
69000, 488, 1, 0
70000, 364, 1, 0
71000, 760, 1, 0
72000, 560, 1, 0
73000, 356, 1, 0
75000, 848, 1, 0
77000, 380, 1, 0
78000, 276, 1, 0
80000, 624, 1, 0
85000, 652, 1, 0
87000, 92, 1, 0
88000, 100, 1, 0
91000, 592, 1, 0
92000, 1320, 1, 0
93000, 364, 1, 0
94000, 268, 1, 0
95000, 724, 1, 0
96000, 892, 1, 0
97000, 56, 1, 0
100000, 464, 1, 0
102000, 28, 1, 0
103000, 876, 1, 0
104000, 4, 1, 0
105000, 336, 1, 0
106000, 808, 1, 0
107000, 44, 1, 0
108000, 456, 1, 0
110000, 280, 1, 0
111000, 360, 1, 0
112000, 176, 1, 0
113000, 564, 1, 0
114000, 48, 1, 0
116001, 1618, 1, 0
117000, 1032, 1, 0
119001, 211, 1, 0
120000, 612, 1, 0
121000, 1296, 1, 0
122000, 428, 1, 0
123000, 304, 1, 0
124002, 47, 1, 0
125000, 876, 1, 0
126001, 799, 1, 0
127000, 92, 1, 0
128000, 660, 1, 0
129000, 1424, 1, 0
130000, 1452, 1, 0
132000, 760, 1, 0
134000, 264, 1, 0
135000, 1156, 1, 0
139000, 600, 1, 0
141000, 796, 1, 0
142000, 1452, 1, 0
144000, 296, 1, 0
145000, 1144, 1, 0
146000, 72, 1, 0
148000, 100, 1, 0
149001, 343, 1, 0
152000, 132, 1, 0
153000, 256, 1, 0
154000, 1092, 1, 0
155000, 4, 1, 0
157000, 416, 1, 0
159000, 20, 1, 0
160000, 864, 1, 0
161000, 840, 1, 0
163001, 995, 1, 0
165000, 316, 1, 0
166000, 3600, 1, 0
167000, 4816, 1, 0
168000, 4860, 1, 0
169000, 4876, 1, 0
170000, 4812, 1, 0
171000, 4864, 1, 0
172000, 4864, 1, 0
173000, 4824, 1, 0
174000, 4772, 1, 0
175000, 4880, 1, 0
176000, 4876, 1, 0
177000, 4892, 1, 0
178000, 4872, 1, 0
179000, 4872, 1, 0
180000, 4864, 1, 0
181000, 4852, 1, 0
182000, 4916, 1, 0
183000, 4836, 1, 0
184000, 4808, 1, 0
185000, 4916, 1, 0
186000, 4832, 1, 0
187000, 4828, 1, 0
188000, 4884, 1, 0
189000, 4900, 1, 0
190000, 4888, 1, 0
191000, 4816, 1, 0
192000, 4856, 1, 0
193000, 4848, 1, 0
194000, 4812, 1, 0
195000, 4880, 1, 0
196000, 4844, 1, 0
197000, 4876, 1, 0
198000, 4904, 1, 0
199000, 4864, 1, 0
200001, 4839, 1, 0
201000, 4760, 1, 0
202000, 4880, 1, 0
203000, 4880, 1, 0
204000, 4820, 1, 0
205000, 4892, 1, 0
206000, 4880, 1, 0
207000, 4892, 1, 0
208000, 4880, 1, 0
209000, 4880, 1, 0
210000, 4864, 1, 0
211000, 4888, 1, 0
212000, 4888, 1, 0
213000, 4856, 1, 0
214000, 4848, 1, 0
215000, 4868, 1, 0
216000, 4892, 1, 0
217000, 4864, 1, 0
218000, 4884, 1, 0
219000, 4888, 1, 0
220000, 4888, 1, 0
221000, 4900, 1, 0
222000, 4876, 1, 0
223000, 4880, 1, 0
224000, 4860, 1, 0
225000, 4884, 1, 0
226000, 4844, 1, 0
227000, 4820, 1, 0
228000, 4888, 1, 0
229000, 4820, 1, 0
230000, 4912, 1, 0
231000, 4880, 1, 0
232000, 4872, 1, 0
233000, 4848, 1, 0
234000, 4832, 1, 0
235000, 4900, 1, 0
236000, 4888, 1, 0
237000, 4892, 1, 0
238000, 4800, 1, 0
239000, 4768, 1, 0
240000, 4860, 1, 0
241000, 4876, 1, 0
242000, 4844, 1, 0
243000, 4868, 1, 0
244000, 4824, 1, 0
245000, 4900, 1, 0
246000, 4844, 1, 0
247000, 4860, 1, 0
248000, 4820, 1, 0
249000, 4884, 1, 0
250000, 4852, 1, 0
251000, 4852, 1, 0
252000, 4920, 1, 0
253000, 4832, 1, 0
254000, 4824, 1, 0
255000, 4852, 1, 0
256000, 4828, 1, 0
257000, 4896, 1, 0
258000, 4852, 1, 0
259001, 4879, 1, 0
260000, 4852, 1, 0
261000, 4884, 1, 0
262000, 4880, 1, 0
263000, 4760, 1, 0
264000, 4864, 1, 0
265000, 4824, 1, 0
266000, 4868, 1, 0
267000, 4848, 1, 0
268000, 4904, 1, 0
269000, 4888, 1, 0
270000, 4852, 1, 0
271000, 4872, 1, 0
272000, 4904, 1, 0
273000, 4860, 1, 0
274000, 4800, 1, 0
275000, 4896, 1, 0
276000, 4816, 1, 0
277000, 4844, 1, 0
278000, 4912, 1, 0
279000, 4896, 1, 0
280000, 4912, 1, 0
281000, 4872, 1, 0
282000, 4872, 1, 0
283001, 4899, 1, 0
284000, 4844, 1, 0
285000, 4888, 1, 0
286000, 4864, 1, 0
287000, 4888, 1, 0
288000, 4808, 1, 0
289000, 4876, 1, 0
290001, 4891, 1, 0
291000, 4896, 1, 0
292000, 4912, 1, 0
293000, 4848, 1, 0
294000, 4796, 1, 0
295000, 4896, 1, 0
296000, 4904, 1, 0
297000, 4904, 1, 0
298000, 4868, 1, 0
299000, 4860, 1, 0
300000, 4884, 1, 0
301000, 4888, 1, 0
302000, 4808, 1, 0
303000, 4872, 1, 0
304000, 4760, 1, 0
305000, 4892, 1, 0
306000, 4912, 1, 0
307000, 4804, 1, 0
308001, 4915, 1, 0
309000, 4880, 1, 0
310000, 4836, 1, 0
311000, 4908, 1, 0
312000, 4872, 1, 0
313000, 4880, 1, 0
314000, 4848, 1, 0
315001, 4883, 1, 0
316000, 4872, 1, 0
317000, 4888, 1, 0
318000, 4876, 1, 0
319000, 4884, 1, 0
320000, 4888, 1, 0
321000, 4896, 1, 0
322000, 4784, 1, 0
323000, 4888, 1, 0
324000, 4840, 1, 0
325000, 4908, 1, 0
326000, 4828, 1, 0
327000, 4840, 1, 0
328000, 4844, 1, 0
329000, 4856, 1, 0
330000, 4848, 1, 0
331000, 4900, 1, 0
332000, 4884, 1, 0
333000, 4872, 1, 0
334000, 4812, 1, 0
335000, 4880, 1, 0
336000, 4840, 1, 0
337000, 4856, 1, 0
338000, 4848, 1, 0
339000, 4896, 1, 0
340000, 4908, 1, 0
341001, 4895, 1, 0
342000, 4852, 1, 0
343000, 4840, 1, 0
344000, 4788, 1, 0
345000, 4912, 1, 0
346000, 4852, 1, 0
347000, 4884, 1, 0
348000, 4820, 1, 0
349000, 4920, 1, 0
350000, 4908, 1, 0
351000, 4884, 1, 0
352000, 4816, 1, 0
353000, 4888, 1, 0
354000, 4856, 1, 0
355000, 4900, 1, 0
356000, 4868, 1, 0
357000, 4896, 1, 0
358000, 4904, 1, 0
359000, 4884, 1, 0
360001, 4907, 1, 0
361000, 4908, 1, 0
362000, 4864, 1, 0
363000, 4844, 1, 0
364000, 4792, 1, 0
365000, 4816, 1, 0
366000, 4816, 1, 0
367000, 4848, 1, 0
368000, 4900, 1, 0
369000, 4868, 1, 0
370000, 4868, 1, 0
371000, 4848, 1, 0
372000, 4856, 1, 0
373000, 4880, 1, 0
374000, 4836, 1, 0
375000, 4904, 1, 0
376000, 4860, 1, 0
377000, 4840, 1, 0
378000, 4828, 1, 0
379000, 4908, 1, 0
380000, 4800, 1, 0
381000, 4916, 1, 0
382000, 4856, 1, 0
383000, 4748, 1, 0
384000, 4764, 1, 0
385000, 4872, 1, 0
386000, 4892, 1, 0
387000, 4836, 1, 0
388000, 4888, 1, 0
389000, 4876, 1, 0
390000, 4896, 1, 0
391000, 4920, 1, 0
392000, 4860, 1, 0
393000, 4876, 1, 0
394000, 4852, 1, 0
395000, 4848, 1, 0
396001, 4867, 1, 0
397000, 4836, 1, 0
398000, 4896, 1, 0
399000, 4872, 1, 0
400000, 4872, 1, 0
401000, 4880, 1, 0
402000, 4852, 1, 0
403000, 4856, 1, 0
404000, 4852, 1, 0
405000, 4888, 1, 0
406000, 4884, 1, 0
407000, 4896, 1, 0
408000, 4872, 1, 0
409000, 4876, 1, 0
410000, 4848, 1, 0
411000, 4888, 1, 0
412000, 4852, 1, 0
413000, 4844, 1, 0
414000, 4832, 1, 0
415000, 4924, 1, 0
416000, 4880, 1, 0
417000, 4888, 1, 0
418000, 4872, 1, 0
419000, 4876, 1, 0
420000, 4900, 1, 0
421000, 4848, 1, 0
422000, 4876, 1, 0
423000, 4860, 1, 0
424000, 4788, 1, 0
425000, 4920, 1, 0
426000, 4852, 1, 0
427000, 4888, 1, 0
428000, 4884, 1, 0
429000, 4896, 1, 0
430000, 4864, 1, 0
431000, 4908, 1, 0
432000, 4872, 1, 0
433000, 4876, 1, 0
434000, 4808, 1, 0
435000, 4832, 1, 0
436000, 4888, 1, 0
437000, 4892, 1, 0
438000, 4868, 1, 0
439000, 4880, 1, 0
440000, 4904, 1, 0
441000, 4916, 1, 0
442000, 4900, 1, 0
443000, 4872, 1, 0
444000, 4820, 1, 0
445000, 4892, 1, 0
446000, 4920, 1, 0
447000, 4916, 1, 0
448000, 4880, 1, 0
449000, 4876, 1, 0
450000, 4892, 1, 0
451000, 4844, 1, 0
452000, 4820, 1, 0
453000, 4856, 1, 0
454000, 4864, 1, 0
455000, 4824, 1, 0
456001, 4879, 1, 0
457000, 4868, 1, 0
458000, 4900, 1, 0
459000, 4860, 1, 0
460000, 4844, 1, 0
461001, 4879, 1, 0
462000, 4896, 1, 0
463000, 4852, 1, 0
464000, 4828, 1, 0
465000, 4884, 1, 0
466000, 4900, 1, 0
467000, 4840, 1, 0
468000, 4872, 1, 0
469001, 4855, 1, 0
470000, 4852, 1, 0
471000, 4844, 1, 0
472000, 4868, 1, 0
473000, 4880, 1, 0
474000, 4820, 1, 0
475000, 4900, 1, 0
476000, 4880, 1, 0
477000, 4816, 1, 0
478000, 4912, 1, 0
479000, 4836, 1, 0
480000, 4868, 1, 0
481000, 4892, 1, 0
482000, 4904, 1, 0
483000, 4884, 1, 0
484000, 4788, 1, 0
485000, 4912, 1, 0
486000, 4912, 1, 0
487000, 4844, 1, 0
488000, 4836, 1, 0
489000, 4856, 1, 0
490000, 4868, 1, 0
491000, 4828, 1, 0
492000, 4840, 1, 0
493000, 4888, 1, 0
494000, 4844, 1, 0
495000, 4896, 1, 0
496000, 4888, 1, 0
497000, 4876, 1, 0
498000, 4876, 1, 0
499000, 4872, 1, 0
500000, 4916, 1, 0
501000, 4888, 1, 0
502000, 4880, 1, 0
503000, 4800, 1, 0
504000, 4808, 1, 0
505000, 4848, 1, 0
506000, 4920, 1, 0
507000, 4884, 1, 0
508000, 4908, 1, 0
509000, 4892, 1, 0
510001, 4891, 1, 0
511000, 4868, 1, 0
512000, 4860, 1, 0
513001, 4871, 1, 0
514000, 4864, 1, 0
515000, 4872, 1, 0
516001, 4907, 1, 0
517000, 4912, 1, 0
518000, 4876, 1, 0
519000, 4888, 1, 0
520000, 4888, 1, 0
521000, 4864, 1, 0
522000, 4876, 1, 0
523000, 4876, 1, 0
524000, 4816, 1, 0
525000, 4876, 1, 0
526000, 4808, 1, 0
527000, 4896, 1, 0
528000, 4860, 1, 0
529000, 4868, 1, 0
530000, 4904, 1, 0
531000, 4832, 1, 0
532000, 4856, 1, 0
533000, 4872, 1, 0
534000, 4856, 1, 0
535000, 4872, 1, 0
536000, 4876, 1, 0
537000, 4848, 1, 0
538000, 4864, 1, 0
539000, 4900, 1, 0
540000, 4924, 1, 0
541000, 4908, 1, 0
542000, 4900, 1, 0
543000, 4864, 1, 0
544000, 4860, 1, 0
545000, 4900, 1, 0
546000, 4892, 1, 0
547000, 4856, 1, 0
548000, 4824, 1, 0
549000, 4888, 1, 0
550000, 4916, 1, 0
551000, 4888, 1, 0
552000, 4884, 1, 0
553000, 4864, 1, 0
554000, 4788, 1, 0
555000, 4880, 1, 0
556000, 4924, 1, 0
557000, 4892, 1, 0
558000, 4836, 1, 0
559000, 4844, 1, 0
560000, 4900, 1, 0
561000, 4872, 1, 0
562000, 4864, 1, 0
563000, 4852, 1, 0
564000, 4788, 1, 0
565000, 4892, 1, 0
566000, 4876, 1, 0
567000, 4844, 1, 0
568000, 4864, 1, 0
569000, 4912, 1, 0
570000, 4892, 1, 0
571000, 4856, 1, 0
572000, 4884, 1, 0
573000, 4848, 1, 0
574000, 4844, 1, 0
575000, 4880, 1, 0
576000, 4900, 1, 0
577000, 4884, 1, 0
578000, 4844, 1, 0
579000, 4908, 1, 0
580000, 4872, 1, 0
581000, 4868, 1, 0
582000, 4856, 1, 0
583000, 4816, 1, 0
584000, 4836, 1, 0
585000, 4812, 1, 0
586000, 4916, 1, 0
587000, 4880, 1, 0
588000, 4808, 1, 0
589000, 4856, 1, 0
590000, 4880, 1, 0
591000, 4860, 1, 0
592000, 4860, 1, 0
593000, 4772, 1, 0
594000, 4796, 1, 0
595000, 4888, 1, 0
596001, 4871, 1, 0
597000, 4856, 1, 0
598000, 4860, 1, 0
599000, 4880, 1, 0
600000, 4824, 1, 0
