25001, 23, 1, 0
26001, 38, 1, 0
27001, 42, 1, 0
28000, 39, 1, 0
29000, 39, 1, 0
30000, 39, 1, 0
31000, 39, 1, 0
32000, 38, 1, 0
33000, 39, 1, 0
34000, 39, 1, 0
35000, 39, 1, 0
36000, 39, 1, 0
37000, 39, 1, 0
38001, 38, 1, 0
39000, 39, 1, 0
40000, 39, 1, 0
41000, 39, 1, 0
42000, 39, 1, 0
43000, 39, 1, 0
44000, 39, 1, 0
45000, 39, 1, 0
46000, 39, 1, 0
47000, 39, 1, 0
48000, 39, 1, 0
49000, 39, 1, 0
50000, 39, 1, 0
51000, 39, 1, 0
52000, 39, 1, 0
53000, 40, 1, 0
54000, 39, 1, 0
55000, 39, 1, 0
56000, 39, 1, 0
57000, 39, 1, 0
58000, 39, 1, 0
59001, 38, 1, 0
60000, 39, 1, 0
61000, 39, 1, 0
62000, 39, 1, 0
63000, 39, 1, 0
64000, 39, 1, 0
65000, 39, 1, 0
66000, 39, 1, 0
67000, 39, 1, 0
68000, 39, 1, 0
69001, 38, 1, 0
70000, 39, 1, 0
71000, 39, 1, 0
72000, 39, 1, 0
73000, 39, 1, 0
74000, 39, 1, 0
75000, 39, 1, 0
76000, 39, 1, 0
77000, 39, 1, 0
78000, 39, 1, 0
79000, 41, 1, 0
80000, 39, 1, 0
81000, 39, 1, 0
82001, 38, 1, 0
83000, 39, 1, 0
84000, 39, 1, 0
85000, 39, 1, 0
86000, 39, 1, 0
87000, 39, 1, 0
88000, 39, 1, 0
89000, 39, 1, 0
90000, 39, 1, 0
91000, 39, 1, 0
92000, 39, 1, 0
93000, 39, 1, 0
94000, 39, 1, 0
95000, 39, 1, 0
96000, 39, 1, 0
97000, 39, 1, 0
98000, 39, 1, 0
99000, 39, 1, 0
100000, 39, 1, 0
101000, 39, 1, 0
102000, 39, 1, 0
103000, 39, 1, 0
104000, 39, 1, 0
105000, 35, 1, 0
150001, 23, 1, 0
151000, 5, 1, 0
154000, 3, 1, 0
155000, 39, 1, 0
156000, 39, 1, 0
157000, 39, 1, 0
158000, 39, 1, 0
159000, 38, 1, 0
160000, 39, 1, 0
161000, 39, 1, 0
162000, 39, 1, 0
163000, 39, 1, 0
164000, 39, 1, 0
165000, 39, 1, 0
166001, 38, 1, 0
167000, 39, 1, 0
168000, 39, 1, 0
169000, 39, 1, 0
170000, 39, 1, 0
171000, 39, 1, 0
172000, 39, 1, 0
173000, 39, 1, 0
174000, 39, 1, 0
175000, 39, 1, 0
176000, 39, 1, 0
177000, 39, 1, 0
178000, 39, 1, 0
179000, 39, 1, 0
180000, 39, 1, 0
181000, 39, 1, 0
182000, 39, 1, 0
183000, 39, 1, 0
184000, 39, 1, 0
185001, 37, 1, 0
186000, 39, 1, 0
187000, 39, 1, 0
188000, 39, 1, 0
189000, 38, 1, 0
190001, 38, 1, 0
191000, 39, 1, 0
192000, 39, 1, 0
193000, 39, 1, 0
194000, 39, 1, 0
195000, 39, 1, 0
196000, 39, 1, 0
197000, 39, 1, 0
198000, 39, 1, 0
199000, 39, 1, 0
200001, 38, 1, 0
