1000, 14932, 1, 0
2001, 15284, 1, 0
3002, 15132, 1, 0
4003, 14630, 1, 0
5003, 14721, 1, 0
6000, 14972, 1, 0
7001, 15266, 1, 0
8003, 15053, 1, 0
9000, 14789, 1, 0
10000, 15221, 1, 0
11000, 15489, 1, 0
12000, 15287, 1, 0
13000, 14604, 1, 0
14001, 14968, 1, 0
15002, 14939, 1, 0
16002, 15159, 1, 0
17003, 15069, 1, 0
18000, 15212, 1, 0
19000, 15479, 1, 0
20003, 15119, 1, 0
21003, 15316, 1, 0
22003, 14625, 1, 0
23003, 18716, 1, 0
24000, 14902, 1, 0
25001, 15014, 1, 0
26002, 14891, 1, 0
27003, 15241, 1, 0
28000, 15267, 1, 0
29000, 15077, 1, 0
30000, 14583, 1, 0
31000, 14610, 1, 0
32001, 14694, 1, 0
33002, 14842, 1, 0
34000, 14353, 1, 0
35000, 14408, 1, 0
36001, 14285, 1, 0
37002, 14310, 1, 0
38003, 14377, 1, 0
39000, 14431, 1, 0
40001, 14545, 1, 0
41002, 14769, 1, 0
42003, 14351, 1, 0
43003, 14458, 1, 0
44000, 14767, 1, 0
45000, 14839, 1, 0
46001, 14947, 1, 0
47002, 14910, 1, 0
48002, 14441, 1, 0
49002, 14912, 1, 0
50002, 14615, 1, 0
51004, 14890, 1, 0
52000, 14874, 1, 0
53001, 14623, 1, 0
54001, 15236, 1, 0
55002, 15125, 1, 0
56003, 15041, 1, 0
57001, 15307, 1, 0
58002, 15391, 1, 0
59001, 15014, 1, 0
60000, 14998, 1, 0
61000, 14728, 1, 0
62001, 15105, 1, 0
63001, 15072, 1, 0
64002, 15006, 1, 0
65002, 15524, 1, 0
66003, 14622, 1, 0
67000, 14848, 1, 0
68000, 15135, 1, 0
69001, 14457, 1, 0
70002, 14695, 1, 0
71002, 14941, 1, 0
72003, 14992, 1, 0
73001, 14757, 1, 0
74003, 13538, 1, 0
75000, 13720, 1, 0
76002, 14412, 1, 0
77003, 14692, 1, 0
78003, 15063, 1, 0
79000, 14778, 1, 0
80003, 14890, 1, 0
81002, 14701, 1, 0
82002, 14890, 1, 0
83002, 14083, 1, 0
84000, 13228, 1, 0
85000, 14646, 1, 0
86001, 14840, 1, 0
87002, 14674, 1, 0
88002, 14888, 1, 0
89003, 14414, 1, 0
90002, 14775, 1, 0
91002, 15020, 1, 0
92003, 14610, 1, 0
93002, 14730, 1, 0
94003, 14398, 1, 0
95000, 14495, 1, 0
96000, 14720, 1, 0
97001, 14715, 1, 0
98001, 14586, 1, 0
99002, 14858, 1, 0
100000, 13216, 1, 0
101000, 14445, 1, 0
102000, 13663, 1, 0
103000, 15334, 1, 0
104000, 14781, 1, 0
105000, 14985, 1, 0
106000, 13401, 1, 0
107000, 13979, 1, 0
108000, 15079, 1, 0
109000, 14631, 1, 0
110000, 15709, 1, 0
111000, 15413, 1, 0
112000, 14900, 1, 0
113000, 18119, 1, 0
114000, 16134, 1, 0
115000, 15170, 1, 0
116000, 15003, 1, 0
117000, 17668, 1, 0
118000, 15368, 1, 0
119000, 15841, 1, 0
120000, 15556, 1, 0
121000, 15857, 1, 0
122000, 14284, 1, 0
123000, 14718, 1, 0
124000, 13622, 1, 0
125000, 13944, 1, 0
126000, 16014, 1, 0
127000, 16947, 1, 0
128000, 17215, 1, 0
129000, 15661, 1, 0
130000, 14240, 1, 0
131000, 14139, 1, 0
132000, 13341, 1, 0
133000, 14459, 1, 0
134000, 13582, 1, 0
135000, 15610, 1, 0
136000, 14187, 1, 0
137000, 14171, 1, 0
138000, 13614, 1, 0
139000, 14169, 1, 0
140000, 14010, 1, 0
141000, 14789, 1, 0
142000, 14361, 1, 0
143000, 16317, 1, 0
144000, 13884, 1, 0
145000, 13668, 1, 0
146000, 14025, 1, 0
147000, 13610, 1, 0
148000, 13969, 1, 0
149000, 13978, 1, 0
150000, 14402, 1, 0
151000, 15083, 1, 0
152000, 14295, 1, 0
153000, 14190, 1, 0
154000, 14391, 1, 0
155000, 14171, 1, 0
156000, 13962, 1, 0
157000, 13598, 1, 0
158000, 14095, 1, 0
159000, 13677, 1, 0
160000, 14180, 1, 0
161000, 15690, 1, 0
162000, 14947, 1, 0
163000, 15198, 1, 0
164000, 14631, 1, 0
165001, 14394, 1, 0
166002, 13603, 1, 0
167003, 13365, 1, 0
168002, 13597, 1, 0
169003, 13557, 1, 0
170003, 13478, 1, 0
171003, 13195, 1, 0
172000, 13607, 1, 0
173001, 13581, 1, 0
174002, 13479, 1, 0
175003, 13432, 1, 0
176003, 13586, 1, 0
177003, 13716, 1, 0
178003, 14227, 1, 0
179000, 13834, 1, 0
180001, 13677, 1, 0
181000, 13768, 1, 0
182000, 16821, 1, 0
183001, 13621, 1, 0
184001, 16053, 1, 0
185001, 13265, 1, 0
186002, 13406, 1, 0
187002, 13779, 1, 0
188003, 14008, 1, 0
189003, 13453, 1, 0
190000, 13483, 1, 0
191001, 13700, 1, 0
192001, 13306, 1, 0
193000, 13515, 1, 0
194000, 13519, 1, 0
195000, 13619, 1, 0
196001, 13890, 1, 0
197001, 13570, 1, 0
198001, 13670, 1, 0
199001, 14044, 1, 0
200002, 13790, 1, 0
