3001, 9, 1, 0
4000, 63, 1, 0
5000, 62, 1, 0
6000, 62, 1, 0
7000, 63, 1, 0
8000, 62, 1, 0
9000, 62, 1, 0
10000, 66, 1, 0
11000, 62, 1, 0
12000, 62, 1, 0
13000, 63, 1, 0
14000, 62, 1, 0
15000, 62, 1, 0
16000, 63, 1, 0
17000, 62, 1, 0
18000, 62, 1, 0
19000, 62, 1, 0
20000, 63, 1, 0
21001, 61, 1, 0
22000, 62, 1, 0
23001, 61, 1, 0
24000, 63, 1, 0
25001, 61, 1, 0
26000, 65, 1, 0
27000, 62, 1, 0
28000, 63, 1, 0
29000, 62, 1, 0
30000, 62, 1, 0
31000, 63, 1, 0
32000, 62, 1, 0
33000, 62, 1, 0
34000, 62, 1, 0
35000, 63, 1, 0
36000, 62, 1, 0
37000, 62, 1, 0
38000, 63, 1, 0
39000, 62, 1, 0
40000, 62, 1, 0
41000, 62, 1, 0
42000, 63, 1, 0
43000, 65, 1, 0
44000, 63, 1, 0
45000, 62, 1, 0
46000, 62, 1, 0
47000, 63, 1, 0
48000, 62, 1, 0
49000, 62, 1, 0
50000, 62, 1, 0
51000, 63, 1, 0
52000, 62, 1, 0
53000, 62, 1, 0
54001, 62, 1, 0
55000, 62, 1, 0
56000, 62, 1, 0
57000, 62, 1, 0
58000, 63, 1, 0
59000, 64, 1, 0
60000, 63, 1, 0
61000, 62, 1, 0
62000, 62, 1, 0
63000, 63, 1, 0
64000, 62, 1, 0
65000, 62, 1, 0
66000, 62, 1, 0
67000, 63, 1, 0
68000, 62, 1, 0
69000, 62, 1, 0
70000, 63, 1, 0
71000, 62, 1, 0
72000, 62, 1, 0
73000, 62, 1, 0
74000, 63, 1, 0
75000, 65, 1, 0
76001, 61, 1, 0
77000, 62, 1, 0
78000, 63, 1, 0
79000, 62, 1, 0
80000, 62, 1, 0
81000, 62, 1, 0
82000, 63, 1, 0
83000, 62, 1, 0
84000, 62, 1, 0
85000, 62, 1, 0
86000, 63, 1, 0
87000, 62, 1, 0
88000, 62, 1, 0
89000, 63, 1, 0
90000, 62, 1, 0
91000, 62, 1, 0
92000, 65, 1, 0
93000, 63, 1, 0
94000, 62, 1, 0
95000, 62, 1, 0
96000, 63, 1, 0
97001, 61, 1, 0
98000, 62, 1, 0
99000, 62, 1, 0
100000, 63, 1, 0
101000, 62, 1, 0
102000, 62, 1, 0
103000, 62, 1, 0
104000, 63, 1, 0
105000, 62, 1, 0
106000, 62, 1, 0
107000, 63, 1, 0
108000, 65, 1, 0
109000, 62, 1, 0
110000, 62, 1, 0
111000, 63, 1, 0
112000, 62, 1, 0
113000, 62, 1, 0
114000, 62, 1, 0
115000, 63, 1, 0
116000, 62, 1, 0
117000, 62, 1, 0
118000, 63, 1, 0
119000, 62, 1, 0
120000, 62, 1, 0
121000, 62, 1, 0
122000, 63, 1, 0
123000, 62, 1, 0
124000, 62, 1, 0
125001, 64, 1, 0
126000, 63, 1, 0
127000, 62, 1, 0
128000, 62, 1, 0
129000, 63, 1, 0
130000, 62, 1, 0
131000, 62, 1, 0
132000, 62, 1, 0
133000, 63, 1, 0
134000, 62, 1, 0
135000, 62, 1, 0
136001, 62, 1, 0
137000, 62, 1, 0
138000, 62, 1, 0
139000, 62, 1, 0
140000, 63, 1, 0
141000, 65, 1, 0
142000, 62, 1, 0
143000, 62, 1, 0
144000, 63, 1, 0
145001, 61, 1, 0
146000, 62, 1, 0
147001, 62, 1, 0
148000, 62, 1, 0
149000, 62, 1, 0
150000, 63, 1, 0
151000, 62, 1, 0
152000, 62, 1, 0
153000, 62, 1, 0
154000, 63, 1, 0
155000, 62, 1, 0
156000, 62, 1, 0
157000, 65, 1, 0
158000, 63, 1, 0
159000, 62, 1, 0
160000, 62, 1, 0
161000, 62, 1, 0
162000, 63, 1, 0
163000, 62, 1, 0
164000, 62, 1, 0
165000, 63, 1, 0
166001, 61, 1, 0
167000, 62, 1, 0
168000, 62, 1, 0
169000, 63, 1, 0
170000, 62, 1, 0
171000, 62, 1, 0
172000, 62, 1, 0
173000, 63, 1, 0
174000, 65, 1, 0
175000, 62, 1, 0
176000, 63, 1, 0
177000, 62, 1, 0
178000, 62, 1, 0
179000, 63, 1, 0
180000, 62, 1, 0
181000, 62, 1, 0
182000, 62, 1, 0
183000, 63, 1, 0
184000, 62, 1, 0
185000, 62, 1, 0
186000, 63, 1, 0
187000, 62, 1, 0
188000, 62, 1, 0
189000, 62, 1, 0
190000, 66, 1, 0
191000, 62, 1, 0
192000, 62, 1, 0
193000, 62, 1, 0
194000, 63, 1, 0
195000, 62, 1, 0
196000, 62, 1, 0
197000, 63, 1, 0
198000, 62, 1, 0
199000, 62, 1, 0
200000, 62, 1, 0
201000, 63, 1, 0
202000, 62, 1, 0
203000, 62, 1, 0
204000, 63, 1, 0
205000, 62, 1, 0
206000, 62, 1, 0
207000, 65, 1, 0
208000, 63, 1, 0
209000, 62, 1, 0
210000, 62, 1, 0
211001, 61, 1, 0
212000, 63, 1, 0
213000, 62, 1, 0
214000, 62, 1, 0
215000, 63, 1, 0
216000, 62, 1, 0
217000, 62, 1, 0
218000, 63, 1, 0
219000, 62, 1, 0
220000, 62, 1, 0
221000, 62, 1, 0
222000, 63, 1, 0
223000, 65, 1, 0
224000, 62, 1, 0
225000, 62, 1, 0
226000, 63, 1, 0
227000, 62, 1, 0
228000, 62, 1, 0
229000, 63, 1, 0
230000, 62, 1, 0
231000, 62, 1, 0
232000, 63, 1, 0
233000, 62, 1, 0
234000, 62, 1, 0
235000, 62, 1, 0
236000, 63, 1, 0
237000, 62, 1, 0
238000, 62, 1, 0
239000, 66, 1, 0
240000, 62, 1, 0
241000, 62, 1, 0
242000, 62, 1, 0
243000, 63, 1, 0
244001, 61, 1, 0
245000, 62, 1, 0
246000, 63, 1, 0
247000, 62, 1, 0
248000, 62, 1, 0
249000, 62, 1, 0
250000, 63, 1, 0
251000, 62, 1, 0
252000, 62, 1, 0
253001, 62, 1, 0
254000, 62, 1, 0
255000, 62, 1, 0
256000, 66, 1, 0
257000, 62, 1, 0
258000, 62, 1, 0
259000, 63, 1, 0
260000, 62, 1, 0
261000, 62, 1, 0
262000, 63, 1, 0
263000, 62, 1, 0
264000, 62, 1, 0
265000, 62, 1, 0
266000, 63, 1, 0
267001, 61, 1, 0
268000, 62, 1, 0
269000, 63, 1, 0
270000, 62, 1, 0
271000, 62, 1, 0
272000, 66, 1, 0
273000, 62, 1, 0
274001, 61, 1, 0
275000, 62, 1, 0
276000, 63, 1, 0
277000, 62, 1, 0
278000, 62, 1, 0
279000, 63, 1, 0
280000, 62, 1, 0
281001, 61, 1, 0
282000, 63, 1, 0
283000, 62, 1, 0
284000, 62, 1, 0
285000, 62, 1, 0
286001, 62, 1, 0
287000, 62, 1, 0
288000, 63, 1, 0
289000, 62, 1, 0
290000, 62, 1, 0
291001, 61, 1, 0
292000, 22, 1, 0
296000, 32, 1, 0
297000, 62, 1, 0
298000, 62, 1, 0
299000, 34, 1, 0
303000, 45, 1, 0
304000, 62, 1, 0
305000, 65, 1, 0
306000, 63, 1, 0
307000, 62, 1, 0
308000, 62, 1, 0
309000, 62, 1, 0
310000, 24, 1, 0
321000, 44, 1, 0
322000, 63, 1, 0
323000, 62, 1, 0
324000, 27, 1, 0
334000, 28, 1, 0
335000, 62, 1, 0
336000, 62, 1, 0
337000, 63, 1, 0
338000, 45, 1, 0
339000, 62, 1, 0
340000, 62, 1, 0
341000, 63, 1, 0
342001, 61, 1, 0
343000, 62, 1, 0
344000, 63, 1, 0
345000, 62, 1, 0
346000, 62, 1, 0
347000, 62, 1, 0
348000, 63, 1, 0
349000, 62, 1, 0
350000, 62, 1, 0
351000, 62, 1, 0
352000, 63, 1, 0
353000, 62, 1, 0
354000, 62, 1, 0
355000, 62, 1, 0
356000, 62, 1, 0
357001, 62, 1, 0
358000, 62, 1, 0
359000, 62, 1, 0
360000, 62, 1, 0
361000, 63, 1, 0
362000, 62, 1, 0
363000, 62, 1, 0
364000, 62, 1, 0
365000, 63, 1, 0
366000, 62, 1, 0
367000, 62, 1, 0
368000, 62, 1, 0
369000, 63, 1, 0
370000, 62, 1, 0
371001, 64, 1, 0
372000, 63, 1, 0
373000, 62, 1, 0
374000, 62, 1, 0
375000, 62, 1, 0
376000, 63, 1, 0
377000, 62, 1, 0
378000, 62, 1, 0
379000, 62, 1, 0
380000, 63, 1, 0
381000, 62, 1, 0
382001, 61, 1, 0
383000, 63, 1, 0
384000, 62, 1, 0
385000, 62, 1, 0
386000, 62, 1, 0
387000, 65, 1, 0
388000, 63, 1, 0
389001, 61, 1, 0
390000, 62, 1, 0
391000, 63, 1, 0
392000, 62, 1, 0
393000, 62, 1, 0
394000, 62, 1, 0
395000, 63, 1, 0
396000, 62, 1, 0
397000, 62, 1, 0
398000, 62, 1, 0
399000, 63, 1, 0
400000, 62, 1, 0
401000, 62, 1, 0
402000, 63, 1, 0
403000, 65, 1, 0
404000, 62, 1, 0
405000, 62, 1, 0
406000, 63, 1, 0
407000, 62, 1, 0
408000, 62, 1, 0
409001, 61, 1, 0
410000, 63, 1, 0
411001, 61, 1, 0
412000, 62, 1, 0
413000, 63, 1, 0
414000, 62, 1, 0
415000, 62, 1, 0
416000, 62, 1, 0
417000, 63, 1, 0
418000, 62, 1, 0
419000, 62, 1, 0
420001, 65, 1, 0
421000, 62, 1, 0
422000, 62, 1, 0
423000, 63, 1, 0
424000, 62, 1, 0
425000, 62, 1, 0
426000, 62, 1, 0
427001, 62, 1, 0
428000, 62, 1, 0
429000, 62, 1, 0
430000, 62, 1, 0
431000, 63, 1, 0
432000, 62, 1, 0
433000, 62, 1, 0
434000, 63, 1, 0
435000, 62, 1, 0
436000, 65, 1, 0
437000, 63, 1, 0
438000, 62, 1, 0
439000, 62, 1, 0
440000, 62, 1, 0
441000, 63, 1, 0
442000, 62, 1, 0
443000, 62, 1, 0
444000, 62, 1, 0
445000, 63, 1, 0
446001, 61, 1, 0
447000, 62, 1, 0
448000, 63, 1, 0
449000, 62, 1, 0
450000, 62, 1, 0
451000, 62, 1, 0
452000, 63, 1, 0
453000, 65, 1, 0
454000, 62, 1, 0
455000, 63, 1, 0
456000, 62, 1, 0
457001, 61, 1, 0
458000, 63, 1, 0
459000, 62, 1, 0
460000, 62, 1, 0
461000, 62, 1, 0
462001, 62, 1, 0
463001, 61, 1, 0
464000, 62, 1, 0
465000, 62, 1, 0
466000, 63, 1, 0
467000, 62, 1, 0
468000, 62, 1, 0
469000, 66, 1, 0
470000, 62, 1, 0
471000, 62, 1, 0
472000, 63, 1, 0
473000, 62, 1, 0
474000, 62, 1, 0
475000, 63, 1, 0
476000, 62, 1, 0
477000, 62, 1, 0
478000, 62, 1, 0
479000, 63, 1, 0
480000, 62, 1, 0
481000, 62, 1, 0
482000, 63, 1, 0
483000, 62, 1, 0
484000, 62, 1, 0
485000, 66, 1, 0
486000, 62, 1, 0
487000, 62, 1, 0
488000, 63, 1, 0
489000, 62, 1, 0
490000, 62, 1, 0
491000, 62, 1, 0
492000, 63, 1, 0
493000, 62, 1, 0
494000, 62, 1, 0
495000, 62, 1, 0
496000, 63, 1, 0
497000, 62, 1, 0
498000, 62, 1, 0
499000, 63, 1, 0
500000, 62, 1, 0
501001, 61, 1, 0
502000, 65, 1, 0
503000, 63, 1, 0
504000, 62, 1, 0
505000, 62, 1, 0
506000, 62, 1, 0
507000, 63, 1, 0
508000, 62, 1, 0
509000, 62, 1, 0
510000, 63, 1, 0
511000, 62, 1, 0
512000, 62, 1, 0
513000, 62, 1, 0
514000, 63, 1, 0
515000, 62, 1, 0
516000, 62, 1, 0
517000, 63, 1, 0
518000, 65, 1, 0
519000, 62, 1, 0
520000, 62, 1, 0
521001, 62, 1, 0
522000, 62, 1, 0
523000, 62, 1, 0
524000, 62, 1, 0
525000, 63, 1, 0
526000, 62, 1, 0
527000, 62, 1, 0
528000, 63, 1, 0
529000, 62, 1, 0
530000, 62, 1, 0
531000, 63, 1, 0
532001, 61, 1, 0
533000, 62, 1, 0
534000, 63, 1, 0
535000, 65, 1, 0
536000, 62, 1, 0
537001, 61, 1, 0
538000, 63, 1, 0
539000, 62, 1, 0
540000, 62, 1, 0
541000, 62, 1, 0
542000, 63, 1, 0
543000, 62, 1, 0
544000, 62, 1, 0
545000, 63, 1, 0
546000, 62, 1, 0
547000, 62, 1, 0
548000, 62, 1, 0
549000, 63, 1, 0
550000, 62, 1, 0
551000, 65, 1, 0
552000, 62, 1, 0
553000, 63, 1, 0
554000, 62, 1, 0
555000, 62, 1, 0
556000, 62, 1, 0
557000, 63, 1, 0
558000, 62, 1, 0
559000, 62, 1, 0
560000, 62, 1, 0
561000, 63, 1, 0
562000, 62, 1, 0
563000, 62, 1, 0
564000, 63, 1, 0
565000, 62, 1, 0
566000, 62, 1, 0
567000, 65, 1, 0
568000, 63, 1, 0
569000, 62, 1, 0
570000, 62, 1, 0
571000, 62, 1, 0
572000, 63, 1, 0
573000, 62, 1, 0
574000, 62, 1, 0
575000, 62, 1, 0
576000, 63, 1, 0
577000, 62, 1, 0
578000, 62, 1, 0
579000, 62, 1, 0
580000, 63, 1, 0
581000, 62, 1, 0
582000, 62, 1, 0
583000, 63, 1, 0
584000, 65, 1, 0
585000, 62, 1, 0
586000, 62, 1, 0
587000, 63, 1, 0
588001, 61, 1, 0
589000, 62, 1, 0
590001, 61, 1, 0
591000, 63, 1, 0
592000, 62, 1, 0
593000, 62, 1, 0
594000, 63, 1, 0
595000, 62, 1, 0
596000, 62, 1, 0
597000, 62, 1, 0
598000, 63, 1, 0
599000, 62, 1, 0
600000, 65, 1, 0
