1004, 7967928, 1, 0
2004, 7997467, 1, 0
3004, 7997642, 1, 0
4004, 7997774, 1, 0
5004, 7997706, 1, 0
6004, 7997755, 1, 0
7004, 7997911, 1, 0
8004, 7997285, 1, 0
9004, 7997741, 1, 0
10004, 7997546, 1, 0
11004, 7997643, 1, 0
12004, 7997619, 1, 0
13004, 7997721, 1, 0
14004, 7997383, 1, 0
15004, 7997681, 1, 0
16004, 7997637, 1, 0
17004, 7997573, 1, 0
18004, 7997626, 1, 0
19004, 7997806, 1, 0
20004, 7997796, 1, 0
21004, 7997601, 1, 0
22004, 7997504, 1, 0
23004, 7997437, 1, 0
24004, 7997856, 1, 0
25004, 7997742, 1, 0
26004, 7997391, 1, 0
27004, 7997162, 1, 0
28004, 7997102, 1, 0
29004, 7997584, 1, 0
30004, 7997449, 1, 0
31004, 7997608, 1, 0
32004, 7998145, 1, 0
33004, 7997513, 1, 0
34004, 7997713, 1, 0
35004, 7997418, 1, 0
36004, 7997948, 1, 0
37004, 7997761, 1, 0
38004, 7997353, 1, 0
39004, 7997798, 1, 0
40004, 7997943, 1, 0
41004, 7997584, 1, 0
42004, 7997459, 1, 0
43004, 7997555, 1, 0
44004, 7997551, 1, 0
45004, 7997891, 1, 0
46004, 7997533, 1, 0
47004, 7997837, 1, 0
48004, 7997838, 1, 0
49004, 7997860, 1, 0
50004, 7997678, 1, 0
51004, 7997851, 1, 0
52004, 7997676, 1, 0
53004, 7997434, 1, 0
54004, 7997564, 1, 0
55004, 7997995, 1, 0
56004, 7997630, 1, 0
57004, 7997697, 1, 0
58004, 7997864, 1, 0
59004, 7997646, 1, 0
60004, 7997694, 1, 0
61004, 7997524, 1, 0
62004, 7997865, 1, 0
63004, 7997529, 1, 0
64004, 7997564, 1, 0
65001, 5570113, 1, 0
66002, 4050126, 1, 0
67003, 4048765, 1, 0
68003, 4049242, 1, 0
69003, 4045618, 1, 0
70003, 4045131, 1, 0
71000, 4052068, 1, 0
72001, 4049041, 1, 0
73000, 4045201, 1, 0
74001, 4018925, 1, 0
75002, 4033791, 1, 0
76003, 4050227, 1, 0
77000, 4048882, 1, 0
78003, 4045833, 1, 0
79000, 4050463, 1, 0
80000, 4047509, 1, 0
81001, 4048098, 1, 0
82001, 4046161, 1, 0
83001, 4046676, 1, 0
84001, 4046553, 1, 0
85001, 4049202, 1, 0
86001, 4045317, 1, 0
87002, 4017318, 1, 0
88000, 4038649, 1, 0
89003, 4044029, 1, 0
90004, 4047895, 1, 0
91000, 4046991, 1, 0
92003, 4045903, 1, 0
93000, 4049559, 1, 0
94001, 4050845, 1, 0
95002, 4050596, 1, 0
96003, 4049562, 1, 0
97003, 4047745, 1, 0
98003, 4045895, 1, 0
99003, 4048415, 1, 0
100003, 4046885, 1, 0
101003, 4043727, 1, 0
102000, 4019148, 1, 0
103000, 4032625, 1, 0
104001, 4019008, 1, 0
105003, 4019157, 1, 0
106000, 4019095, 1, 0
107001, 4018628, 1, 0
108002, 4020705, 1, 0
109004, 4019484, 1, 0
110001, 4022230, 1, 0
111000, 4040805, 1, 0
112001, 4050307, 1, 0
113002, 4050704, 1, 0
114002, 4048764, 1, 0
115003, 4047344, 1, 0
116003, 4049800, 1, 0
117000, 4048262, 1, 0
118001, 4050669, 1, 0
119001, 4048965, 1, 0
120002, 4050849, 1, 0
121003, 4049331, 1, 0
122000, 4050254, 1, 0
123000, 4046170, 1, 0
124000, 4049110, 1, 0
125001, 4050185, 1, 0
126002, 4048812, 1, 0
127002, 4048441, 1, 0
128000, 4053663, 1, 0
129001, 4050890, 1, 0
130000, 4044883, 1, 0
131002, 4051233, 1, 0
132001, 4045701, 1, 0
133002, 4051294, 1, 0
134003, 4049793, 1, 0
135000, 4051682, 1, 0
136002, 4052365, 1, 0
137003, 4052715, 1, 0
138000, 4049305, 1, 0
139001, 4051764, 1, 0
140003, 4051664, 1, 0
141000, 4053706, 1, 0
142001, 4049626, 1, 0
143002, 4048964, 1, 0
144002, 4048746, 1, 0
145003, 4048699, 1, 0
146003, 4050369, 1, 0
147000, 4049989, 1, 0
148001, 4050637, 1, 0
149003, 4052243, 1, 0
150003, 4049126, 1, 0
151000, 4048980, 1, 0
152001, 4050481, 1, 0
153002, 4050245, 1, 0
154002, 4048920, 1, 0
155003, 4047767, 1, 0
156000, 4050996, 1, 0
157000, 4047202, 1, 0
158000, 4047237, 1, 0
159000, 4047097, 1, 0
160000, 4045077, 1, 0
161000, 4049455, 1, 0
162001, 4048011, 1, 0
163001, 4046111, 1, 0
164002, 4052566, 1, 0
165002, 4048439, 1, 0
166003, 4050725, 1, 0
167000, 4048793, 1, 0
168001, 4049897, 1, 0
169002, 4049900, 1, 0
170001, 4059656, 1, 0
171002, 4050171, 1, 0
172003, 4053752, 1, 0
173001, 4052054, 1, 0
174001, 4046816, 1, 0
175001, 4046506, 1, 0
176001, 4048158, 1, 0
177002, 4049394, 1, 0
178002, 4049326, 1, 0
179003, 4048243, 1, 0
180001, 4055586, 1, 0
181002, 4050280, 1, 0
182000, 4054515, 1, 0
183001, 4053298, 1, 0
184002, 4047950, 1, 0
185002, 4046583, 1, 0
186002, 4048421, 1, 0
187003, 4033152, 1, 0
188002, 4027495, 1, 0
189000, 4038823, 1, 0
190000, 4029484, 1, 0
191003, 4042422, 1, 0
192002, 4040931, 1, 0
193003, 4053668, 1, 0
194000, 4050030, 1, 0
195001, 4050295, 1, 0
196002, 4049741, 1, 0
197003, 4049618, 1, 0
198003, 4048239, 1, 0
199000, 4050047, 1, 0
200001, 4053269, 1, 0
