1002, 3360551, 1, 0
2002, 2992335, 1, 0
3000, 2862885, 1, 0
4001, 2282344, 1, 0
5003, 2600777, 1, 0
6002, 3990637, 1, 0
7002, 3996330, 1, 0
8001, 3992758, 1, 0
9002, 3986923, 1, 0
10001, 3990924, 1, 0
11001, 3996907, 1, 0
12000, 3992863, 1, 0
13002, 3990734, 1, 0
14002, 3992826, 1, 0
15001, 3994917, 1, 0
16002, 3983020, 1, 0
17000, 3990896, 1, 0
18000, 3994914, 1, 0
19003, 3992685, 1, 0
20000, 3984785, 1, 0
21000, 3830053, 1, 0
22000, 3493571, 1, 0
23000, 3493296, 1, 0
24000, 3491324, 1, 0
25000, 3494668, 1, 0
26003, 3502022, 1, 0
27003, 3493329, 1, 0
28000, 3496816, 1, 0
29003, 3489420, 1, 0
30003, 3872842, 1, 0
31002, 3991796, 1, 0
32000, 3989335, 1, 0
33000, 3983470, 1, 0
34003, 3993094, 1, 0
35002, 3992089, 1, 0
36000, 3988327, 1, 0
37002, 3988852, 1, 0
38000, 3988784, 1, 0
39003, 3990897, 1, 0
40001, 3988883, 1, 0
41003, 3991312, 1, 0
42000, 3729847, 1, 0
43000, 3493106, 1, 0
44000, 3492811, 1, 0
45000, 3492806, 1, 0
46000, 3493229, 1, 0
47002, 3489960, 1, 0
48002, 3493368, 1, 0
49000, 3498716, 1, 0
50003, 3491576, 1, 0
51001, 3499986, 1, 0
52000, 3488020, 1, 0
53000, 3494820, 1, 0
54000, 3712386, 1, 0
55003, 3992844, 1, 0
56001, 3990792, 1, 0
57001, 3994980, 1, 0
58000, 3992873, 1, 0
59001, 3984877, 1, 0
60000, 3994771, 1, 0
61003, 3994861, 1, 0
62002, 3992283, 1, 0
63000, 4000795, 1, 0
64002, 3990872, 1, 0
65001, 3994680, 1, 0
66001, 3888039, 1, 0
67000, 3514418, 1, 0
68000, 3994808, 1, 0
69003, 4008950, 1, 0
70001, 3990725, 1, 0
71001, 3996419, 1, 0
72003, 3986913, 1, 0
73003, 3994934, 1, 0
74002, 3991848, 1, 0
75001, 3994880, 1, 0
76000, 3992853, 1, 0
77000, 3994946, 1, 0
78003, 3992970, 1, 0
79002, 3992670, 1, 0
80002, 3595516, 1, 0
81000, 3496807, 1, 0
82000, 3493241, 1, 0
83000, 3493305, 1, 0
84001, 3496948, 1, 0
85001, 3494841, 1, 0
86001, 3493155, 1, 0
87001, 3491568, 1, 0
88003, 3487765, 1, 0
89000, 3496412, 1, 0
90002, 3498711, 1, 0
91001, 3992975, 1, 0
92000, 3994837, 1, 0
93003, 3992697, 1, 0
94000, 3999118, 1, 0
95001, 3986912, 1, 0
96003, 3986718, 1, 0
97002, 3991264, 1, 0
98002, 3998913, 1, 0
99003, 3985114, 1, 0
100003, 3994628, 1, 0
101001, 3989714, 1, 0
102001, 3996867, 1, 0
103000, 3616907, 1, 0
104000, 3493392, 1, 0
105002, 3707482, 1, 0
106001, 4006771, 1, 0
107002, 3986926, 1, 0
108001, 3992984, 1, 0
109003, 3988930, 1, 0
110002, 3990891, 1, 0
111000, 3988863, 1, 0
112003, 3995076, 1, 0
113002, 3992612, 1, 0
114002, 3996986, 1, 0
115000, 3988807, 1, 0
116003, 3990787, 1, 0
117000, 3889840, 1, 0
118204, 3500063, 1, 0
119000, 3889677, 1, 0
120000, 3994805, 1, 0
121003, 3992761, 1, 0
122003, 3995831, 1, 0
123001, 3990720, 1, 0
124001, 3995042, 1, 0
125000, 3992823, 1, 0
126002, 3990720, 1, 0
127001, 3992625, 1, 0
128000, 3992746, 1, 0
129003, 3978920, 1, 0
130003, 3996382, 1, 0
131002, 3993079, 1, 0
132001, 3993178, 1, 0
133000, 3995018, 1, 0
134000, 3994821, 1, 0
135003, 3992145, 1, 0
136001, 4008243, 1, 0
137001, 3996920, 1, 0
138001, 3992967, 1, 0
139000, 3992779, 1, 0
140003, 3980884, 1, 0
141000, 3997138, 1, 0
142000, 3995767, 1, 0
143003, 3992906, 1, 0
144001, 3990867, 1, 0
145002, 4000939, 1, 0
146001, 3994892, 1, 0
147000, 3992980, 1, 0
148003, 3738139, 1, 0
149003, 3981061, 1, 0
150001, 3988551, 1, 0
151001, 3994955, 1, 0
152000, 3994760, 1, 0
153003, 3992990, 1, 0
154000, 3986775, 1, 0
155003, 3992640, 1, 0
156000, 3998333, 1, 0
157002, 3990836, 1, 0
158002, 3996889, 1, 0
159000, 3986834, 1, 0
160003, 3992354, 1, 0
161002, 3629786, 1, 0
162002, 3494780, 1, 0
163002, 3492601, 1, 0
164003, 3494806, 1, 0
165003, 3492866, 1, 0
166002, 3916484, 1, 0
167001, 3992924, 1, 0
168001, 3995003, 1, 0
169003, 3988712, 1, 0
170002, 3994882, 1, 0
171001, 3992919, 1, 0
172000, 3992912, 1, 0
173000, 3996806, 1, 0
174002, 3990568, 1, 0
175001, 3990841, 1, 0
176003, 3992722, 1, 0
177003, 3996558, 1, 0
178000, 3689352, 1, 0
179000, 3491654, 1, 0
180000, 3494962, 1, 0
181000, 3494874, 1, 0
182000, 3493173, 1, 0
183000, 3492971, 1, 0
184000, 3493034, 1, 0
185002, 3462130, 1, 0
186000, 3498453, 1, 0
187003, 3491851, 1, 0
188000, 3494890, 1, 0
189002, 3501851, 1, 0
190002, 3493241, 1, 0
191002, 3491856, 1, 0
192002, 3493156, 1, 0
193002, 3530485, 1, 0
194001, 3992776, 1, 0
195000, 3992847, 1, 0
196003, 3991959, 1, 0
197002, 3994805, 1, 0
198000, 3989068, 1, 0
199002, 3986917, 1, 0
200001, 3993006, 1, 0
201001, 3996627, 1, 0
202002, 3984878, 1, 0
203001, 3992847, 1, 0
204000, 3992744, 1, 0
205000, 3997048, 1, 0
206000, 3579440, 1, 0
207000, 3494890, 1, 0
208000, 3493184, 1, 0
209000, 3491368, 1, 0
210002, 3500746, 1, 0
211003, 3496690, 1, 0
212003, 3493429, 1, 0
213003, 3799258, 1, 0
214001, 3988719, 1, 0
215000, 3995008, 1, 0
216002, 4001251, 1, 0
217000, 3988665, 1, 0
218002, 3990860, 1, 0
219001, 3990732, 1, 0
220000, 3991232, 1, 0
221002, 3989947, 1, 0
222001, 3990994, 1, 0
223001, 3998878, 1, 0
224000, 3990596, 1, 0
225000, 3799493, 1, 0
226001, 3496717, 1, 0
227002, 3494792, 1, 0
228002, 3495066, 1, 0
229001, 3489458, 1, 0
230001, 3491151, 1, 0
231001, 3493188, 1, 0
232001, 3492926, 1, 0
233001, 3493231, 1, 0
234001, 3494878, 1, 0
235001, 3947574, 1, 0
236000, 3992301, 1, 0
237002, 3990910, 1, 0
238002, 3996813, 1, 0
239000, 3989111, 1, 0
240002, 3989019, 1, 0
241001, 3992909, 1, 0
242001, 3996949, 1, 0
243000, 3990897, 1, 0
244003, 3992756, 1, 0
245002, 3994830, 1, 0
246002, 3996885, 1, 0
247002, 3659879, 1, 0
248002, 3493004, 1, 0
249468, 3496129, 1, 0
250003, 3492428, 1, 0
251979, 3495991, 1, 0
252003, 3907778, 1, 0
253002, 3992913, 1, 0
254001, 3993026, 1, 0
255001, 3996954, 1, 0
256001, 3996219, 1, 0
257000, 3992847, 1, 0
258003, 3994909, 1, 0
259000, 3984957, 1, 0
260002, 4003101, 1, 0
261000, 3988662, 1, 0
262003, 3990693, 1, 0
263003, 3994845, 1, 0
264002, 3992946, 1, 0
265000, 3988843, 1, 0
266001, 3983803, 1, 0
267000, 3992976, 1, 0
268003, 3990906, 1, 0
269001, 3990745, 1, 0
270001, 3996774, 1, 0
271000, 3992762, 1, 0
272003, 3992873, 1, 0
273002, 3994805, 1, 0
274001, 3990771, 1, 0
275000, 3993082, 1, 0
276003, 3992190, 1, 0
277002, 3994832, 1, 0
278002, 3994835, 1, 0
279003, 3986753, 1, 0
280002, 3992769, 1, 0
281002, 3798005, 1, 0
282002, 3918364, 1, 0
283001, 3992892, 1, 0
284000, 3992822, 1, 0
285003, 3993148, 1, 0
286000, 3984826, 1, 0
287003, 3992792, 1, 0
288002, 3992811, 1, 0
289000, 3990371, 1, 0
290002, 3988789, 1, 0
291001, 3990990, 1, 0
292001, 3997023, 1, 0
293002, 3986650, 1, 0
294002, 3686815, 1, 0
295002, 3493403, 1, 0
296001, 3501967, 1, 0
297002, 3494981, 1, 0
298002, 3493085, 1, 0
299002, 3844968, 1, 0
300001, 3992919, 1, 0
301003, 3986882, 1, 0
302003, 3996744, 1, 0
303002, 3992920, 1, 0
304001, 3994889, 1, 0
305001, 3994758, 1, 0
306000, 3990067, 1, 0
307002, 3991044, 1, 0
308001, 3992793, 1, 0
309003, 4005004, 1, 0
310002, 3992733, 1, 0
311000, 3748787, 1, 0
312000, 3491145, 1, 0
313000, 3492447, 1, 0
314000, 3494356, 1, 0
315001, 3494963, 1, 0
316002, 3486388, 1, 0
317003, 3494854, 1, 0
318003, 3492539, 1, 0
319003, 3555516, 1, 0
320001, 3990797, 1, 0
321001, 3996993, 1, 0
322000, 3992354, 1, 0
323000, 3996923, 1, 0
324000, 3994163, 1, 0
325003, 3994940, 1, 0
326001, 3986842, 1, 0
327001, 3996983, 1, 0
328003, 3988573, 1, 0
329002, 3992929, 1, 0
330001, 3993008, 1, 0
331000, 3994637, 1, 0
332001, 3557547, 1, 0
333001, 3493243, 1, 0
334002, 3496494, 1, 0
335000, 3613981, 1, 0
336002, 4001750, 1, 0
337001, 3994802, 1, 0
338000, 3992824, 1, 0
339003, 3990356, 1, 0
340001, 4006646, 1, 0
341001, 3996896, 1, 0
342001, 3991871, 1, 0
343003, 3988273, 1, 0
344002, 3992968, 1, 0
345001, 3994934, 1, 0
346002, 3986726, 1, 0
347002, 3996832, 1, 0
348002, 3491761, 1, 0
349000, 3496678, 1, 0
350002, 3489629, 1, 0
351002, 3491546, 1, 0
352001, 3491861, 1, 0
353000, 3550088, 1, 0
354003, 3994929, 1, 0
355002, 3992913, 1, 0
356003, 3982620, 1, 0
357002, 3993053, 1, 0
358001, 3994821, 1, 0
359003, 3986788, 1, 0
360000, 3986580, 1, 0
361000, 3996868, 1, 0
362003, 3992851, 1, 0
363002, 3992932, 1, 0
364003, 3982780, 1, 0
365003, 3996913, 1, 0
367169, 3570558, 1, 0
367173, 4014047, 1, 0
368000, 3994392, 1, 0
369000, 3995955, 1, 0
370001, 4001065, 1, 0
371003, 3988823, 1, 0
372002, 3990855, 1, 0
373002, 3996778, 1, 0
374001, 3991353, 1, 0
375000, 3992118, 1, 0
376000, 3990481, 1, 0
377001, 3999863, 1, 0
378000, 3994471, 1, 0
379003, 3990958, 1, 0
380003, 3996892, 1, 0
381002, 3994901, 1, 0
382001, 3992810, 1, 0
383000, 3992807, 1, 0
384003, 3992764, 1, 0
385003, 3994822, 1, 0
386003, 3982882, 1, 0
387002, 3992925, 1, 0
388001, 3992717, 1, 0
389002, 3998856, 1, 0
390000, 3990503, 1, 0
391003, 3993003, 1, 0
392002, 3992938, 1, 0
393002, 3994797, 1, 0
394003, 3985011, 1, 0
395003, 3996878, 1, 0
396001, 3896726, 1, 0
397001, 3495117, 1, 0
398001, 3493266, 1, 0
399000, 3489761, 1, 0
400003, 3501992, 1, 0
401000, 3496680, 1, 0
402000, 3493225, 1, 0
403000, 3493324, 1, 0
404002, 3720255, 1, 0
405001, 3994930, 1, 0
406001, 3994669, 1, 0
407000, 3994816, 1, 0
408002, 3987062, 1, 0
409000, 3989048, 1, 0
410003, 3994890, 1, 0
411002, 3992918, 1, 0
412000, 3986783, 1, 0
413003, 3994904, 1, 0
414003, 3994681, 1, 0
415002, 3992888, 1, 0
416002, 3854470, 1, 0
417003, 3495145, 1, 0
418003, 3493083, 1, 0
419000, 3494843, 1, 0
420000, 3495134, 1, 0
421003, 3657215, 1, 0
422002, 3993034, 1, 0
423001, 3992947, 1, 0
424001, 3995093, 1, 0
425000, 3993240, 1, 0
426003, 4008762, 1, 0
427001, 3989128, 1, 0
428003, 3990979, 1, 0
429001, 3986735, 1, 0
430000, 3994958, 1, 0
431002, 3989178, 1, 0
432001, 3991822, 1, 0
433001, 3947119, 1, 0
434002, 3496209, 1, 0
435001, 3955710, 1, 0
436000, 3978557, 1, 0
437003, 3993098, 1, 0
438000, 3998907, 1, 0
439002, 3990864, 1, 0
440002, 3994817, 1, 0
441001, 3991952, 1, 0
442001, 3997011, 1, 0
443003, 3988908, 1, 0
444001, 3989949, 1, 0
445001, 3993498, 1, 0
446003, 3988703, 1, 0
447000, 3650263, 1, 0
448001, 3494910, 1, 0
449002, 3486356, 1, 0
450000, 3486064, 1, 0
451000, 3492847, 1, 0
452001, 3496792, 1, 0
453001, 3493234, 1, 0
454001, 3493222, 1, 0
455000, 3487599, 1, 0
456002, 3489569, 1, 0
457000, 3496526, 1, 0
458002, 3490013, 1, 0
459000, 3498602, 1, 0
460001, 3496742, 1, 0
461003, 3638671, 1, 0
462002, 3994706, 1, 0
463001, 3992341, 1, 0
464000, 3990164, 1, 0
465002, 3990893, 1, 0
466003, 3998830, 1, 0
467003, 3994882, 1, 0
468002, 3992772, 1, 0
469001, 3994839, 1, 0
470001, 3993415, 1, 0
471000, 3994854, 1, 0
472003, 3990697, 1, 0
473000, 3971064, 1, 0
474000, 3493398, 1, 0
475001, 3496624, 1, 0
476000, 3866910, 1, 0
477003, 3992950, 1, 0
478002, 3992763, 1, 0
479000, 3990533, 1, 0
480003, 3993056, 1, 0
481002, 3993083, 1, 0
482001, 3992325, 1, 0
483001, 3994839, 1, 0
484003, 3990651, 1, 0
485002, 3990920, 1, 0
486000, 3988737, 1, 0
487003, 3994822, 1, 0
488252, 3751515, 1, 0
489000, 3495895, 1, 0
490000, 3492295, 1, 0
493124, 3493409, 1, 0
493128, 3999467, 1, 0
493132, 3990406, 1, 0
494003, 3992232, 1, 0
495002, 3994840, 1, 0
496000, 3988374, 1, 0
497003, 3990846, 1, 0
498001, 3988902, 1, 0
499003, 3990799, 1, 0
500000, 3984752, 1, 0
501000, 3995015, 1, 0
502001, 3986515, 1, 0
503001, 3996835, 1, 0
504003, 3988851, 1, 0
505002, 3992964, 1, 0
506003, 3985028, 1, 0
507003, 3996914, 1, 0
508002, 3992648, 1, 0
509001, 4006394, 1, 0
510003, 3988637, 1, 0
511002, 3994925, 1, 0
512001, 3992626, 1, 0
513000, 3992796, 1, 0
514003, 3992754, 1, 0
515003, 3994951, 1, 0
516000, 3986445, 1, 0
517003, 3992947, 1, 0
518002, 3990983, 1, 0
519001, 3976967, 1, 0
520002, 4002449, 1, 0
521002, 3996855, 1, 0
522002, 3872264, 1, 0
523003, 3844955, 1, 0
524002, 3995030, 1, 0
525002, 3996824, 1, 0
526003, 3984168, 1, 0
527002, 3991620, 1, 0
528001, 3992065, 1, 0
529001, 3998902, 1, 0
530001, 3994231, 1, 0
531001, 3996710, 1, 0
532003, 3991041, 1, 0
533003, 3996860, 1, 0
534002, 3992806, 1, 0
535001, 3750922, 1, 0
536000, 3577256, 1, 0
537000, 3996970, 1, 0
538002, 3989050, 1, 0
539002, 3992909, 1, 0
540000, 3988824, 1, 0
541000, 3997441, 1, 0
542002, 3990881, 1, 0
543001, 3992700, 1, 0
544001, 3994841, 1, 0
545000, 3992743, 1, 0
546003, 3994759, 1, 0
547002, 3990903, 1, 0
548001, 3993733, 1, 0
549000, 3551847, 1, 0
550001, 3846904, 1, 0
551000, 3990953, 1, 0
552003, 3994932, 1, 0
553003, 3994961, 1, 0
554000, 3986839, 1, 0
555003, 3990993, 1, 0
556000, 3986853, 1, 0
557000, 3996943, 1, 0
558002, 3988992, 1, 0
559003, 3984652, 1, 0
560000, 3998874, 1, 0
561002, 3990898, 1, 0
562002, 3752395, 1, 0
563001, 3491608, 1, 0
564002, 3494540, 1, 0
565002, 3494912, 1, 0
566001, 3512645, 1, 0
567001, 3495071, 1, 0
568001, 3493237, 1, 0
569001, 3619847, 1, 0
570001, 3978627, 1, 0
571000, 3995045, 1, 0
572000, 3996964, 1, 0
573003, 3990785, 1, 0
574002, 3992809, 1, 0
575001, 3994858, 1, 0
576002, 3998415, 1, 0
577002, 3997003, 1, 0
578001, 3992723, 1, 0
579001, 3998819, 1, 0
580000, 4006836, 1, 0
581000, 3999057, 1, 0
582000, 3491458, 1, 0
583001, 3496802, 1, 0
584000, 3841164, 1, 0
585003, 3992727, 1, 0
586000, 3985402, 1, 0
587000, 3997103, 1, 0
588003, 3990966, 1, 0
589003, 4013023, 1, 0
590003, 3998915, 1, 0
591003, 3994826, 1, 0
592001, 3990829, 1, 0
593000, 3992997, 1, 0
594000, 3994837, 1, 0
595003, 3995132, 1, 0
596619, 3788227, 1, 0
597000, 3487786, 1, 0
598003, 3491090, 1, 0
599001, 3487474, 1, 0
600003, 3459396, 1, 0
