30592, 25699057, 1, 0
74880, 25663134, 1, 0
74905, 25632252, 1, 0
74931, 25654341, 1, 0
74957, 25658835, 1, 0
74982, 25658295, 1, 0
75008, 25661204, 1, 0
75034, 25657607, 1, 0
75059, 25655936, 1, 0
75085, 25625184, 1, 0
75111, 25660187, 1, 0
75136, 25656419, 1, 0
75162, 25624770, 1, 0
75187, 25653574, 1, 0
75213, 25659210, 1, 0
75239, 25657535, 1, 0
75264, 25657200, 1, 0
75290, 25622969, 1, 0
75316, 25662330, 1, 0
75341, 25622303, 1, 0
75367, 25628016, 1, 0
75393, 25662264, 1, 0
75418, 25657990, 1, 0
75444, 25655851, 1, 0
75470, 25656574, 1, 0
75495, 25657183, 1, 0
75521, 25655587, 1, 0
75547, 25655735, 1, 0
75572, 25672210, 1, 0
75598, 25658548, 1, 0
75624, 25657182, 1, 0
75649, 25657011, 1, 0
75675, 25660769, 1, 0
75701, 25655624, 1, 0
75726, 25657016, 1, 0
75752, 25656858, 1, 0
75778, 25657993, 1, 0
75803, 25660285, 1, 0
75829, 25654918, 1, 0
75855, 25658744, 1, 0
75880, 25657393, 1, 0
75906, 25631366, 1, 0
75931, 25662129, 1, 0
75957, 25680561, 1, 0
75983, 25659628, 1, 0
76008, 25661260, 1, 0
76034, 25662296, 1, 0
76060, 25657825, 1, 0
76085, 25654347, 1, 0
76111, 25660842, 1, 0
76137, 25658344, 1, 0
76162, 25661879, 1, 0
76188, 25658972, 1, 0
76214, 25653711, 1, 0
76239, 25659922, 1, 0
76265, 25657011, 1, 0
76291, 25657770, 1, 0
76316, 25656933, 1, 0
76342, 25656139, 1, 0
76368, 25658018, 1, 0
76393, 25658548, 1, 0
76419, 25658123, 1, 0
76445, 25657670, 1, 0
76470, 25665251, 1, 0
76496, 25657953, 1, 0
76522, 25661481, 1, 0
76547, 25657548, 1, 0
76573, 25664795, 1, 0
76599, 25656221, 1, 0
76624, 25662550, 1, 0
76650, 25624955, 1, 0
76676, 25664522, 1, 0
76701, 25661324, 1, 0
76727, 25628538, 1, 0
76753, 25659035, 1, 0
76778, 25661374, 1, 0
77009, 25653285, 1, 0
93863, 25654972, 1, 0
93889, 25657186, 1, 0
93915, 25660163, 1, 0
93940, 25657489, 1, 0
93966, 25659762, 1, 0
93992, 25657668, 1, 0
94017, 25655405, 1, 0
94043, 25659630, 1, 0
94069, 25657628, 1, 0
94094, 25656352, 1, 0
94120, 25654656, 1, 0
94145, 25654430, 1, 0
94171, 25660001, 1, 0
94197, 25657291, 1, 0
94222, 25654267, 1, 0
94248, 25656676, 1, 0
94274, 25658667, 1, 0
95018, 25656429, 1, 0
96019, 25658333, 1, 0
97019, 25655823, 1, 0
98020, 25654596, 1, 0
99021, 25658530, 1, 0
100021, 25653767, 1, 0
130551, 25656010, 1, 0
130576, 25654939, 1, 0
130602, 25657118, 1, 0
130628, 25657788, 1, 0
130653, 25653304, 1, 0
130679, 25615783, 1, 0
130705, 25655230, 1, 0
130730, 25657598, 1, 0
130756, 25660812, 1, 0
130782, 25657803, 1, 0
130807, 25657215, 1, 0
130833, 25655890, 1, 0
130859, 25662202, 1, 0
130884, 25653543, 1, 0
130910, 25623432, 1, 0
130935, 25657789, 1, 0
130961, 25653626, 1, 0
130987, 25655831, 1, 0
131012, 25656253, 1, 0
131038, 25664301, 1, 0
131064, 25627008, 1, 0
131089, 25654265, 1, 0
131115, 25619241, 1, 0
131141, 25653454, 1, 0
131166, 25659026, 1, 0
131192, 25654742, 1, 0
131218, 25656183, 1, 0
131243, 25665209, 1, 0
131269, 25656692, 1, 0
131295, 25657473, 1, 0
131320, 25656039, 1, 0
132013, 25648838, 1, 0
133013, 25650911, 1, 0
134013, 25644957, 1, 0
135013, 25454257, 1, 0
136012, 25624137, 1, 0
137012, 25646541, 1, 0
138012, 25623809, 1, 0
139011, 25628653, 1, 0
140012, 25648525, 1, 0
141014, 25690395, 1, 0
142014, 25655344, 1, 0
143015, 25652739, 1, 0
144015, 25653072, 1, 0
145016, 25655065, 1, 0
146017, 25652616, 1, 0
147017, 25651786, 1, 0
148017, 25647351, 1, 0
149018, 25650078, 1, 0
150018, 25651099, 1, 0
151019, 25648875, 1, 0
152019, 25650245, 1, 0
153020, 25652668, 1, 0
154020, 25659698, 1, 0
155021, 25655440, 1, 0
156021, 25648654, 1, 0
157022, 25651303, 1, 0
158022, 25648558, 1, 0
159023, 25654911, 1, 0
160023, 25651903, 1, 0
161001, 25646196, 1, 0
162002, 25653288, 1, 0
163002, 25645866, 1, 0
164002, 25631014, 1, 0
165002, 25643335, 1, 0
166003, 25651047, 1, 0
167003, 25644360, 1, 0
168003, 25650135, 1, 0
169004, 25653125, 1, 0
170004, 25652331, 1, 0
171005, 25652773, 1, 0
172005, 25650830, 1, 0
173006, 25654976, 1, 0
174006, 25653661, 1, 0
175007, 25654798, 1, 0
176008, 25653297, 1, 0
177008, 25654116, 1, 0
178008, 25648461, 1, 0
179009, 25651754, 1, 0
180010, 25654166, 1, 0
181010, 25654343, 1, 0
182011, 25656309, 1, 0
183011, 25652752, 1, 0
184012, 25649663, 1, 0
185012, 25651338, 1, 0
186013, 25652069, 1, 0
187013, 25644478, 1, 0
188013, 25641564, 1, 0
189013, 25647943, 1, 0
190013, 25638590, 1, 0
191014, 25664931, 1, 0
192015, 25650777, 1, 0
193015, 25650748, 1, 0
194015, 25647654, 1, 0
195016, 25654692, 1, 0
196017, 25652638, 1, 0
197017, 25653569, 1, 0
198018, 25651242, 1, 0
199018, 25652937, 1, 0
200019, 25649820, 1, 0
