1000, 62, 1, 0
2000, 62, 1, 0
3000, 62, 1, 0
4000, 77, 1, 0
5000, 62, 1, 0
6000, 63, 1, 0
7000, 62, 1, 0
8000, 77, 1, 0
9000, 62, 1, 0
10000, 62, 1, 0
11000, 63, 1, 0
12000, 77, 1, 0
13000, 62, 1, 0
14000, 62, 1, 0
15000, 63, 1, 0
16000, 76, 1, 0
17000, 62, 1, 0
18000, 63, 1, 0
19001, 64, 1, 0
20000, 73, 1, 0
21000, 63, 1, 0
22000, 62, 1, 0
23000, 68, 1, 0
24000, 71, 1, 0
25000, 62, 1, 0
26000, 62, 1, 0
27000, 74, 1, 0
28000, 65, 1, 0
29000, 62, 1, 0
30000, 62, 1, 0
31000, 78, 1, 0
32000, 61, 1, 0
33000, 63, 1, 0
34000, 62, 1, 0
35000, 76, 1, 0
36000, 63, 1, 0
37000, 62, 1, 0
38000, 62, 1, 0
39000, 77, 1, 0
40000, 62, 1, 0
41000, 62, 1, 0
42000, 62, 1, 0
43000, 77, 1, 0
44000, 62, 1, 0
45000, 62, 1, 0
46000, 63, 1, 0
47000, 76, 1, 0
48001, 62, 1, 0
49000, 62, 1, 0
50000, 64, 1, 0
51000, 75, 1, 0
52000, 62, 1, 0
53000, 62, 1, 0
54000, 66, 1, 0
55000, 73, 1, 0
56000, 62, 1, 0
57000, 62, 1, 0
58000, 71, 1, 0
59000, 68, 1, 0
60000, 62, 1, 0
61001, 62, 1, 0
62000, 76, 1, 0
63000, 63, 1, 0
64000, 62, 1, 0
65000, 62, 1, 0
66000, 77, 1, 0
67000, 62, 1, 0
68000, 62, 1, 0
69000, 62, 1, 0
70000, 77, 1, 0
71000, 62, 1, 0
72000, 62, 1, 0
73000, 63, 1, 0
74000, 77, 1, 0
75000, 62, 1, 0
76000, 62, 1, 0
77000, 63, 1, 0
78000, 76, 1, 0
79000, 62, 1, 0
80000, 62, 1, 0
81000, 64, 1, 0
82000, 75, 1, 0
83000, 63, 1, 0
84000, 62, 1, 0
85000, 65, 1, 0
86000, 74, 1, 0
87000, 62, 1, 0
88000, 62, 1, 0
89000, 69, 1, 0
90000, 70, 1, 0
91000, 63, 1, 0
92000, 62, 1, 0
93000, 74, 1, 0
94000, 65, 1, 0
95000, 62, 1, 0
96000, 62, 1, 0
97000, 77, 1, 0
98000, 62, 1, 0
99000, 62, 1, 0
100000, 62, 1, 0
101000, 77, 1, 0
102000, 62, 1, 0
103000, 62, 1, 0
104000, 63, 1, 0
105000, 76, 1, 0
106000, 62, 1, 0
107000, 62, 1, 0
108000, 62, 1, 0
109000, 77, 1, 0
110000, 62, 1, 0
111000, 62, 1, 0
112000, 63, 1, 0
113000, 76, 1, 0
114000, 62, 1, 0
115000, 62, 1, 0
116000, 64, 1, 0
117001, 74, 1, 0
118000, 62, 1, 0
119000, 62, 1, 0
120000, 66, 1, 0
121000, 73, 1, 0
122000, 62, 1, 0
123000, 62, 1, 0
124000, 69, 1, 0
125000, 70, 1, 0
126000, 62, 1, 0
127000, 62, 1, 0
128000, 74, 1, 0
129000, 64, 1, 0
130000, 62, 1, 0
131000, 63, 1, 0
132000, 77, 1, 0
133000, 61, 1, 0
134000, 63, 1, 0
135000, 62, 1, 0
136000, 76, 1, 0
137000, 62, 1, 0
138000, 63, 1, 0
139000, 62, 1, 0
140000, 76, 1, 0
141000, 62, 1, 0
142000, 62, 1, 0
143000, 63, 1, 0
144000, 76, 1, 0
145001, 61, 1, 0
146000, 62, 1, 0
147000, 63, 1, 0
148000, 76, 1, 0
149000, 62, 1, 0
150000, 62, 1, 0
151000, 64, 1, 0
152000, 74, 1, 0
153000, 63, 1, 0
154000, 62, 1, 0
155000, 65, 1, 0
156000, 73, 1, 0
157000, 62, 1, 0
158000, 62, 1, 0
159000, 69, 1, 0
160000, 70, 1, 0
161000, 62, 1, 0
162000, 62, 1, 0
163000, 74, 1, 0
164000, 65, 1, 0
165000, 62, 1, 0
166000, 62, 1, 0
167000, 77, 1, 0
168000, 61, 1, 0
169000, 62, 1, 0
170000, 62, 1, 0
171000, 77, 1, 0
172000, 62, 1, 0
173000, 62, 1, 0
174000, 62, 1, 0
175000, 76, 1, 0
176001, 62, 1, 0
177000, 62, 1, 0
178000, 62, 1, 0
179000, 76, 1, 0
180000, 62, 1, 0
181000, 62, 1, 0
182000, 63, 1, 0
183000, 76, 1, 0
184000, 62, 1, 0
185001, 61, 1, 0
186000, 64, 1, 0
187000, 75, 1, 0
188000, 62, 1, 0
189000, 63, 1, 0
190000, 65, 1, 0
191000, 73, 1, 0
192000, 62, 1, 0
193000, 63, 1, 0
194000, 68, 1, 0
195000, 70, 1, 0
196000, 62, 1, 0
197000, 63, 1, 0
198000, 73, 1, 0
199000, 65, 1, 0
200000, 62, 1, 0
201000, 62, 1, 0
202000, 77, 1, 0
203000, 62, 1, 0
204000, 62, 1, 0
205000, 62, 1, 0
206001, 76, 1, 0
207000, 62, 1, 0
208000, 62, 1, 0
209000, 62, 1, 0
210000, 77, 1, 0
211000, 62, 1, 0
212000, 62, 1, 0
213000, 63, 1, 0
214000, 76, 1, 0
215000, 62, 1, 0
216000, 62, 1, 0
217000, 63, 1, 0
218000, 76, 1, 0
219000, 62, 1, 0
220000, 62, 1, 0
221000, 64, 1, 0
222000, 75, 1, 0
223000, 62, 1, 0
224000, 62, 1, 0
225000, 65, 1, 0
226000, 74, 1, 0
227000, 62, 1, 0
228000, 62, 1, 0
229000, 69, 1, 0
230000, 70, 1, 0
231000, 62, 1, 0
232000, 62, 1, 0
233000, 73, 1, 0
234001, 64, 1, 0
235000, 62, 1, 0
236000, 62, 1, 0
237000, 77, 1, 0
238000, 62, 1, 0
239000, 62, 1, 0
240000, 63, 1, 0
241000, 76, 1, 0
242000, 62, 1, 0
243000, 62, 1, 0
244000, 63, 1, 0
245000, 76, 1, 0
246000, 62, 1, 0
247000, 62, 1, 0
248000, 62, 1, 0
249000, 77, 1, 0
250000, 62, 1, 0
251000, 62, 1, 0
252000, 62, 1, 0
253000, 76, 1, 0
254000, 63, 1, 0
255000, 62, 1, 0
256000, 63, 1, 0
257000, 75, 1, 0
258000, 62, 1, 0
259000, 62, 1, 0
260000, 66, 1, 0
261000, 73, 1, 0
262000, 62, 1, 0
263000, 62, 1, 0
264000, 69, 1, 0
265000, 70, 1, 0
266000, 62, 1, 0
267000, 63, 1, 0
268000, 73, 1, 0
269000, 65, 1, 0
270000, 62, 1, 0
271000, 62, 1, 0
272000, 77, 1, 0
273000, 62, 1, 0
274000, 62, 1, 0
275000, 62, 1, 0
276000, 76, 1, 0
277000, 63, 1, 0
278000, 62, 1, 0
279000, 62, 1, 0
280000, 76, 1, 0
281000, 62, 1, 0
282000, 62, 1, 0
283000, 63, 1, 0
284000, 76, 1, 0
285000, 62, 1, 0
286000, 63, 1, 0
287000, 62, 1, 0
288000, 76, 1, 0
289000, 62, 1, 0
290000, 63, 1, 0
291000, 63, 1, 0
292000, 75, 1, 0
293000, 62, 1, 0
294000, 63, 1, 0
295001, 64, 1, 0
296000, 73, 1, 0
297001, 61, 1, 0
298000, 62, 1, 0
299000, 69, 1, 0
300000, 70, 1, 0
